8.1569 	INFO 	Loaded monitor calibration from ['2018_11_06 15:14']
8.1594 	WARNING 	User requested fullscreen with size [800 600], but screen is actually [1920, 1080]. Using actual size
8.9460 	EXP 	Created window1 = Window(allowGUI=False, allowStencil=False, args=UNKNOWN, autoLog=True, bitsMode=UNKNOWN, blendMode='avg', color='black', colorSpace='named', fullscr=UNKNOWN, gamma=None, kwargs=UNKNOWN, lms=UNKNOWN, monitor=<psychopy.monitors.calibTools.Monitor object at 0x1E1CC130>, multiSample=False, name='window1', numSamples=2, pos=[0, 0], screen=0, size=array([1920, 1080]), stereo=False, units='deg', useFBO=False, useRetina=False, viewOri=0.0, viewPos=None, viewScale=None, waitBlanking=True, winType='pyglet')
8.9943 	EXP 	Created unnamed TextStim = TextStim(alignHoriz='center', alignVert='center', antialias=True, autoLog=True, bold=False, color=array([ 1.,  1.,  1.]), colorSpace='rgb', contrast=1.0, depth=0, flipHoriz=False, flipVert=False, font='', fontFiles=[], height=2, italic=False, name='unnamed TextStim', opacity=1.0, ori=0.0, pos=array([ 0.,  0.]), rgb=array([ 1.,  1.,  1.]), text='+', units='deg', win=Window(...), wrapWidth=15.0)
9.0342 	EXP 	Created unnamed TextStim = TextStim(alignHoriz='center', alignVert='center', antialias=True, autoLog=True, bold=False, color=array([ 1.,  1.,  1.]), colorSpace='rgb', contrast=1.0, depth=0, flipHoriz=False, flipVert=False, font='', fontFiles=[], height=1.5, italic=False, name='unnamed TextStim', opacity=1.0, ori=0.0, pos=array([ 0.,  0.]), rgb=array([ 1.,  1.,  1.]), text=newstr(...), units='deg', win=Window(...), wrapWidth=15.0)
9.0506 	EXP 	Created unnamed TextStim = TextStim(alignHoriz='center', alignVert='center', antialias=True, autoLog=True, bold=False, color=array([ 1.,  1.,  1.]), colorSpace='rgb', contrast=1.0, depth=0, flipHoriz=False, flipVert=False, font='', fontFiles=[], height=1.5, italic=False, name='unnamed TextStim', opacity=1.0, ori=0.0, pos=array([ 0.,  0.]), rgb=array([ 1.,  1.,  1.]), text='Waiting for scanner...', units='deg', win=Window(...), wrapWidth=15.0)
9.0709 	EXP 	Created unnamed TextStim = TextStim(alignHoriz='center', alignVert='center', antialias=True, autoLog=True, bold=False, color='white', colorSpace='named', contrast=1.0, depth=0, flipHoriz=False, flipVert=False, font='', fontFiles=[], height=1, italic=False, name='unnamed TextStim', opacity=1.0, ori=0.0, pos=array([ 0.,  0.]), rgb=array([ 255.,  255.,  255.]), text='Press SPACE to continue.', units='deg', win=Window(...), wrapWidth=15.0)
9.0818 	EXP 	Created unnamed TextStim = TextStim(alignHoriz='center', alignVert='center', antialias=True, autoLog=True, bold=False, color=array([ 1.,  1.,  1.]), colorSpace='rgb', contrast=1.0, depth=0, flipHoriz=False, flipVert=False, font='', fontFiles=[], height=0.1, italic=False, name='unnamed TextStim', opacity=1.0, ori=0.0, pos=array([ 0.,  0.]), rgb=array([ 1.,  1.,  1.]), text='THINK', units='norm', win=Window(...), wrapWidth=1)
9.0889 	EXP 	Created unnamed TextStim = TextStim(alignHoriz='center', alignVert='center', antialias=True, autoLog=True, bold=False, color=array([ 1.,  1.,  1.]), colorSpace='rgb', contrast=1.0, depth=0, flipHoriz=False, flipVert=False, font='', fontFiles=[], height=0.1, italic=False, name='unnamed TextStim', opacity=1.0, ori=0.0, pos=array([ 0.,  0.]), rgb=array([ 1.,  1.,  1.]), text='DECIDE', units='norm', win=Window(...), wrapWidth=1)
9.0945 	EXP 	<method-wrapper '__getattribute__' of attributeSetter object at 0x05E5D270>: vertices = array([[-0.275     ,  0.48888889],
       [ 0.275     ,  0.48888889],
       [ 0.275     , -0.48888889],
       [-0.275     , -0.48888889]])
9.0952 	EXP 	Created unnamed Rect = Rect(autoDraw=False, autoLog=True, closeShape=True, contrast=1.0, depth=0, fillColor=None, fillColorSpace='rgb', fillRGB=None, interpolate=True, lineColor='white', lineColorSpace='named', lineRGB=array([ 255.,  255.,  255.]), lineWidth=3.5, name='unnamed Rect', opacity=1.0, ori=array(0.0), pos=array([-0.5125    , -0.09444444]), size=array([ 1.,  1.]), units='norm', vertices=ndarray(...), win=Window(...))
9.0955 	EXP 	<method-wrapper '__getattribute__' of attributeSetter object at 0x05E5D270>: vertices = array([[-0.275     ,  0.48888889],
       [ 0.275     ,  0.48888889],
       [ 0.275     , -0.48888889],
       [-0.275     , -0.48888889]])
9.0961 	EXP 	Created unnamed Rect = Rect(autoDraw=False, autoLog=True, closeShape=True, contrast=1.0, depth=0, fillColor=None, fillColorSpace='rgb', fillRGB=None, interpolate=True, lineColor='white', lineColorSpace='named', lineRGB=array([ 255.,  255.,  255.]), lineWidth=3.5, name='unnamed Rect', opacity=1.0, ori=array(0.0), pos=array([ 0.4875    , -0.09444444]), size=array([ 1.,  1.]), units='norm', vertices=ndarray(...), win=Window(...))
9.1177 	EXP 	Created unnamed TextStim = TextStim(alignHoriz='center', alignVert='center', antialias=True, autoLog=True, bold=False, color=array([ 1.,  1.,  1.]), colorSpace='rgb', contrast=1.0, depth=0, flipHoriz=False, flipVert=False, font='', fontFiles=[], height=0.2, italic=False, name='unnamed TextStim', opacity=1.0, ori=0.0, pos=array([-0.5125    , -0.09444444]), rgb=array([ 1.,  1.,  1.]), text='Hello World', units='norm', win=Window(...), wrapWidth=1)
9.1259 	EXP 	Created unnamed TextStim = TextStim(alignHoriz='center', alignVert='center', antialias=True, autoLog=True, bold=False, color=array([ 1.,  1.,  1.]), colorSpace='rgb', contrast=1.0, depth=0, flipHoriz=False, flipVert=False, font='', fontFiles=[], height=0.2, italic=False, name='unnamed TextStim', opacity=1.0, ori=0.0, pos=array([ 0.4875    , -0.09444444]), rgb=array([ 1.,  1.,  1.]), text='Hello World', units='norm', win=Window(...), wrapWidth=1)
9.1425 	EXP 	Created unnamed TextStim = TextStim(alignHoriz='center', alignVert='center', antialias=True, autoLog=True, bold=False, color=array([ 1.,  1.,  1.]), colorSpace='rgb', contrast=1.0, depth=0, flipHoriz=False, flipVert=False, font='', fontFiles=[], height=0.1, italic=False, name='unnamed TextStim', opacity=1.0, ori=0.0, pos=array([-0.5125    , -0.82777778]), rgb=array([ 1.,  1.,  1.]), text='Press 1', units='norm', win=Window(...), wrapWidth=1)
9.1499 	EXP 	Created unnamed TextStim = TextStim(alignHoriz='center', alignVert='center', antialias=True, autoLog=True, bold=False, color=array([ 1.,  1.,  1.]), colorSpace='rgb', contrast=1.0, depth=0, flipHoriz=False, flipVert=False, font='', fontFiles=[], height=0.1, italic=False, name='unnamed TextStim', opacity=1.0, ori=0.0, pos=array([ 0.4875    , -0.82777778]), rgb=array([ 1.,  1.,  1.]), text='Press 2', units='norm', win=Window(...), wrapWidth=1)
9.1796 	EXP 	Created unnamed ImageStim = ImageStim(autoLog=True, color=array([ 1.,  1.,  1.]), colorSpace='rgb', contrast=1.0, depth=0, flipHoriz=False, flipVert=False, image=str(...), interpolate=False, mask=None, maskParams=None, name='unnamed ImageStim', opacity=1.0, ori=0.0, pos=array([ 0.,  0.]), size=array([ 1.35416667,  1.3537037 ]), texRes=128, units='norm', win=Window(...))
9.2103 	EXP 	Created unnamed ImageStim = ImageStim(autoLog=True, color=array([ 1.,  1.,  1.]), colorSpace='rgb', contrast=1.0, depth=0, flipHoriz=False, flipVert=False, image=str(...), interpolate=False, mask=None, maskParams=None, name='unnamed ImageStim', opacity=1.0, ori=0.0, pos=array([ 0.,  0.]), size=array([ 1.35416667,  1.3537037 ]), texRes=128, units='norm', win=Window(...))
9.2366 	EXP 	Created unnamed ImageStim = ImageStim(autoLog=True, color=array([ 1.,  1.,  1.]), colorSpace='rgb', contrast=1.0, depth=0, flipHoriz=False, flipVert=False, image=str(...), interpolate=False, mask=None, maskParams=None, name='unnamed ImageStim', opacity=1.0, ori=0.0, pos=array([ 0.,  0.]), size=array([ 1.35416667,  1.3537037 ]), texRes=128, units='norm', win=Window(...))
9.2640 	EXP 	Created unnamed ImageStim = ImageStim(autoLog=True, color=array([ 1.,  1.,  1.]), colorSpace='rgb', contrast=1.0, depth=0, flipHoriz=False, flipVert=False, image=str(...), interpolate=False, mask=None, maskParams=None, name='unnamed ImageStim', opacity=1.0, ori=0.0, pos=array([ 0.,  0.]), size=array([ 1.35416667,  1.3537037 ]), texRes=128, units='norm', win=Window(...))
9.2647 	EXP 	Created sequence: sequential, trialTypes=18, nReps=1, seed=None
9.3968 	DEBUG 	Using C:\Users\tug62048\Documents\DEGAP_Liz\SamplingMachine_bPilotv2.py as origin file
9.3973 	EXP 	Created sequence: sequential, trialTypes=18, nReps=1, seed=None
9.3977 	DEBUG 	Using C:\Users\tug62048\Documents\DEGAP_Liz\SamplingMachine_bPilotv2.py as origin file
0.0055 	DATA 	** START RUN 2 **
1.9515 	DATA 	Keypress: space
3.2795 	DATA 	Keypress: space
3.9596 	DATA 	Keypress: space
4.6395 	DATA 	Keypress: space
4.6398 	EXP 	New trial (rep=0, index=0): {'P1_1': '0.1', 'P1_2': '1', 'SafeOption': '2', 'P2_2': '0', 'O2_2': '0', 'O2_1': '0', 'ProbNumber': 'SD1', 'O1_2': '-3', 'O1_1': '-32', 'EV2': '-3', 'EV1': '-3.2', 'ProbType': 'SD', 'P2_1': '0.9'}
4.6400 	DATA 	Trial Onset - ProblemType: SD, ProblemNumber: SD1, leftRight: 1, samplingDur: 15, assignedITI: 1.8808
4.6400 	DATA 	Sampling Onset
6.3307 	DATA 	Keypress: 1
6.3469 	EXP 	unnamed TextStim: text = '-3'
6.8581 	DATA 	Sampled Response: 2, Outcome Shown: 0
7.1802 	DATA 	Keypress: 2
7.1966 	EXP 	unnamed TextStim: text = '-32'
7.7017 	DATA 	Sampled Response: 1, Outcome Shown: -3
8.2804 	DATA 	Keypress: 2
8.2966 	EXP 	unnamed TextStim: text = '0'
8.7952 	DATA 	Sampled Response: 1, Outcome Shown: -3
9.2476 	DATA 	Keypress: 1
9.2798 	EXP 	unnamed TextStim: text = '-3'
9.7793 	DATA 	Sampled Response: 2, Outcome Shown: 0
10.2802 	DATA 	Keypress: 1
10.2964 	EXP 	unnamed TextStim: text = '-3'
10.7947 	DATA 	Sampled Response: 2, Outcome Shown: 0
11.0968 	DATA 	Keypress: 2
11.1129 	EXP 	unnamed TextStim: text = '0'
11.6226 	DATA 	Sampled Response: 1, Outcome Shown: -3
11.9465 	DATA 	Keypress: 2
11.9628 	EXP 	unnamed TextStim: text = '0'
12.4662 	DATA 	Sampled Response: 1, Outcome Shown: -3
12.4963 	DATA 	Keypress: 1
12.5126 	EXP 	unnamed TextStim: text = '-3'
13.0129 	DATA 	Sampled Response: 2, Outcome Shown: 0
13.0132 	DATA 	Keypress: 1
13.6126 	DATA 	Keypress: 1
13.6292 	EXP 	unnamed TextStim: text = '-3'
14.1378 	DATA 	Sampled Response: 2, Outcome Shown: 0
14.2628 	DATA 	Keypress: 2
14.2792 	EXP 	unnamed TextStim: text = '0'
14.7787 	DATA 	Sampled Response: 1, Outcome Shown: -3
15.0293 	DATA 	Keypress: 2
15.0458 	EXP 	unnamed TextStim: text = '-32'
15.5441 	DATA 	Sampled Response: 1, Outcome Shown: -3
15.6801 	DATA 	Keypress: 1
15.7124 	EXP 	unnamed TextStim: text = '-3'
16.2159 	DATA 	Sampled Response: 2, Outcome Shown: 0
16.6792 	DATA 	Keypress: 2
16.6956 	EXP 	unnamed TextStim: text = '0'
17.1998 	DATA 	Sampled Response: 1, Outcome Shown: -3
17.4799 	DATA 	Keypress: 1
17.5122 	EXP 	unnamed TextStim: text = '-3'
18.0123 	DATA 	Sampled Response: 2, Outcome Shown: 0
18.3459 	DATA 	Keypress: 2
18.3620 	EXP 	unnamed TextStim: text = '0'
18.8715 	DATA 	Sampled Response: 1, Outcome Shown: -3
19.1454 	DATA 	** broke sampling loop (<.5s left in trial) **
19.1463 	DATA 	samplingCount: 15
19.1463 	DATA 	Think Onset
19.1619 	EXP 	unnamed Rect: lineColor = 'white (named)'
19.1619 	EXP 	unnamed Rect: lineColor = 'white (named)'
19.2460 	DATA 	Keypress: 1
22.1782 	DATA 	Decide Onset
22.4716 	DATA 	Keypress: 1
22.4717 	DATA 	Decision Button Press: ['1']
22.4717 	DATA 	Decision Response: 2
22.4752 	EXP 	unnamed Rect: lineColor = 'red (named)'
22.9861 	DATA 	ITI Onset
22.9898 	EXP 	unnamed Rect: lineColor = 'white (named)'
22.9898 	EXP 	unnamed Rect: lineColor = 'white (named)'
22.9898 	EXP 	unnamed TextStim: text = '-3'
22.9898 	EXP 	unnamed TextStim: text = '0'
26.7785 	DATA 	Trial End Time - totalITI: 3.78183200409
26.7787 	EXP 	New trial (rep=0, index=1): {'P1_1': '0.8', 'P1_2': '1', 'SafeOption': '2', 'P2_2': '0', 'O2_2': '0', 'O2_1': '0', 'ProbNumber': 'SD4', 'O1_2': '-3', 'O1_1': '-4', 'EV2': '-3', 'EV1': '-3.2', 'ProbType': 'SD', 'P2_1': '0.2'}
26.7788 	DATA 	Trial Onset - ProblemType: SD, ProblemNumber: SD4, leftRight: 1, samplingDur: 19, assignedITI: 1.3975
26.7788 	DATA 	Sampling Onset
27.4280 	DATA 	Keypress: 2
27.4444 	EXP 	unnamed TextStim: text = '-4'
27.9480 	DATA 	Sampled Response: 1, Outcome Shown: -3
28.4110 	DATA 	Keypress: 1
28.4275 	EXP 	unnamed TextStim: text = '-3'
28.9321 	DATA 	Sampled Response: 2, Outcome Shown: -4
29.3947 	DATA 	Keypress: 2
29.4108 	EXP 	unnamed TextStim: text = '-4'
29.9163 	DATA 	Sampled Response: 1, Outcome Shown: -3
30.2943 	DATA 	Keypress: 1
30.3107 	EXP 	unnamed TextStim: text = '-3'
30.8223 	DATA 	Sampled Response: 2, Outcome Shown: 0
31.2271 	DATA 	Keypress: 1
31.2434 	EXP 	unnamed TextStim: text = '-3'
31.7440 	DATA 	Sampled Response: 2, Outcome Shown: -4
32.8940 	DATA 	Keypress: 2
32.9104 	EXP 	unnamed TextStim: text = '-4'
33.4154 	DATA 	Sampled Response: 1, Outcome Shown: -3
33.8274 	DATA 	Keypress: 2
33.8434 	EXP 	unnamed TextStim: text = '-4'
34.3526 	DATA 	Sampled Response: 1, Outcome Shown: -3
34.9271 	DATA 	Keypress: 2
34.9436 	EXP 	unnamed TextStim: text = '-4'
35.4462 	DATA 	Sampled Response: 1, Outcome Shown: -3
35.9103 	DATA 	Keypress: 1
35.9267 	EXP 	unnamed TextStim: text = '-3'
36.4304 	DATA 	Sampled Response: 2, Outcome Shown: -4
36.9277 	DATA 	Keypress: 1
36.9598 	EXP 	unnamed TextStim: text = '-3'
37.4614 	DATA 	Sampled Response: 2, Outcome Shown: -4
38.1934 	DATA 	Keypress: 2
38.2098 	EXP 	unnamed TextStim: text = '-4'
38.7114 	DATA 	Sampled Response: 1, Outcome Shown: -3
39.0933 	DATA 	Keypress: 1
39.1095 	EXP 	unnamed TextStim: text = '-3'
39.6174 	DATA 	Sampled Response: 2, Outcome Shown: -4
40.0267 	DATA 	Keypress: 2
40.0430 	EXP 	unnamed TextStim: text = '-4'
40.5548 	DATA 	Sampled Response: 1, Outcome Shown: -3
41.5097 	DATA 	Keypress: 1
41.5260 	EXP 	unnamed TextStim: text = '-3'
42.0388 	DATA 	Sampled Response: 2, Outcome Shown: 0
45.2925 	DATA 	** broke sampling loop (<.5s left in trial) **
45.2932 	DATA 	samplingCount: 14
45.2932 	DATA 	Think Onset
45.3091 	EXP 	unnamed Rect: lineColor = 'white (named)'
45.3091 	EXP 	unnamed Rect: lineColor = 'white (named)'
48.3251 	DATA 	Decide Onset
48.5995 	DATA 	Keypress: 1
48.5996 	DATA 	Decision Button Press: ['1']
48.5996 	DATA 	Decision Response: 2
48.6031 	EXP 	unnamed Rect: lineColor = 'red (named)'
49.1219 	DATA 	ITI Onset
49.1251 	EXP 	unnamed Rect: lineColor = 'white (named)'
49.1251 	EXP 	unnamed Rect: lineColor = 'white (named)'
49.1251 	EXP 	unnamed TextStim: text = '-3'
49.1251 	EXP 	unnamed TextStim: text = '-4'
52.4420 	DATA 	Trial End Time - totalITI: 3.30918695972
52.4422 	EXP 	New trial (rep=0, index=2): {'P1_1': '0.1', 'P1_2': '1', 'SafeOption': '2', 'P2_2': '0', 'O2_2': '0', 'O2_1': '0', 'ProbNumber': 'SD10', 'O1_2': '3', 'O1_1': '32', 'EV2': '3', 'EV1': '3.2', 'ProbType': 'SD', 'P2_1': '0.9'}
52.4423 	DATA 	Trial Onset - ProblemType: SD, ProblemNumber: SD10, leftRight: 0, samplingDur: 17, assignedITI: 1.2245
52.4423 	DATA 	Sampling Onset
53.1250 	DATA 	Keypress: 1
53.1413 	EXP 	unnamed TextStim: text = '0'
53.6462 	DATA 	Sampled Response: 1, Outcome Shown: 0
54.1917 	DATA 	Keypress: 2
54.2079 	EXP 	unnamed TextStim: text = '+3'
54.7084 	DATA 	Sampled Response: 2, Outcome Shown: +3
55.3580 	DATA 	Keypress: 2
55.3745 	EXP 	unnamed TextStim: text = '+3'
55.8800 	DATA 	Sampled Response: 2, Outcome Shown: +3
56.3921 	DATA 	Keypress: 1
56.4244 	EXP 	unnamed TextStim: text = '0'
56.9267 	DATA 	Sampled Response: 1, Outcome Shown: 0
57.6910 	DATA 	Keypress: 1
57.7075 	EXP 	unnamed TextStim: text = '0'
58.2076 	DATA 	Sampled Response: 1, Outcome Shown: 0
58.7243 	DATA 	Keypress: 2
58.7407 	EXP 	unnamed TextStim: text = '+3'
59.2386 	DATA 	Sampled Response: 2, Outcome Shown: +3
59.7576 	DATA 	Keypress: 2
59.7740 	EXP 	unnamed TextStim: text = '+3'
60.2853 	DATA 	Sampled Response: 2, Outcome Shown: +3
61.1907 	DATA 	Keypress: 1
61.2071 	EXP 	unnamed TextStim: text = '0'
61.7068 	DATA 	Sampled Response: 1, Outcome Shown: 0
62.3073 	DATA 	Keypress: 2
62.3235 	EXP 	unnamed TextStim: text = '+3'
62.8315 	DATA 	Sampled Response: 2, Outcome Shown: +3
63.8904 	DATA 	Keypress: 1
63.9067 	EXP 	unnamed TextStim: text = '0'
64.4094 	DATA 	Sampled Response: 1, Outcome Shown: 0
64.7237 	DATA 	Keypress: 2
64.7400 	EXP 	unnamed TextStim: text = '+3'
65.2373 	DATA 	Sampled Response: 2, Outcome Shown: +3
65.6236 	DATA 	Keypress: 2
65.6399 	EXP 	unnamed TextStim: text = '+3'
66.1434 	DATA 	Sampled Response: 2, Outcome Shown: +3
66.5733 	DATA 	Keypress: 1
66.5898 	EXP 	unnamed TextStim: text = '+32'
67.0965 	DATA 	Sampled Response: 1, Outcome Shown: +32
67.5730 	DATA 	Keypress: 1
67.5897 	EXP 	unnamed TextStim: text = '+32'
68.0962 	DATA 	Sampled Response: 1, Outcome Shown: +32
68.4897 	DATA 	Keypress: 2
68.5062 	EXP 	unnamed TextStim: text = '+3'
69.0179 	DATA 	Sampled Response: 2, Outcome Shown: +3
69.0181 	DATA 	** broke sampling loop (<.5s left in trial) **
69.0189 	DATA 	samplingCount: 15
69.0189 	DATA 	Think Onset
69.0222 	EXP 	unnamed Rect: lineColor = 'white (named)'
69.0222 	EXP 	unnamed Rect: lineColor = 'white (named)'
72.0393 	DATA 	Decide Onset
72.3995 	DATA 	Keypress: 1
72.3996 	DATA 	Decision Button Press: ['1']
72.3996 	DATA 	Decision Response: 1
72.4031 	EXP 	unnamed Rect: lineColor = 'red (named)'
72.9145 	DATA 	ITI Onset
72.9176 	EXP 	unnamed Rect: lineColor = 'white (named)'
72.9176 	EXP 	unnamed Rect: lineColor = 'white (named)'
72.9176 	EXP 	unnamed TextStim: text = '+32'
72.9176 	EXP 	unnamed TextStim: text = '+3'
75.9059 	DATA 	Trial End Time - totalITI: 2.98826699626
75.9062 	EXP 	New trial (rep=0, index=3): {'P1_1': '0.9', 'P1_2': '0.7', 'SafeOption': '1', 'P2_2': '0.3', 'O2_2': '25', 'O2_1': '15', 'ProbNumber': 'RR10', 'O1_2': '-3', 'O1_1': '5', 'EV2': '5.4', 'EV1': '6', 'ProbType': 'RR', 'P2_1': '0.1'}
75.9063 	DATA 	Trial Onset - ProblemType: RR, ProblemNumber: RR10, leftRight: 1, samplingDur: 15, assignedITI: 1.0113
75.9063 	DATA 	Sampling Onset
76.4891 	DATA 	Keypress: 2
76.5054 	EXP 	unnamed TextStim: text = '+5'
77.0162 	DATA 	Sampled Response: 1, Outcome Shown: +25
77.6055 	DATA 	Keypress: 1
77.6219 	EXP 	unnamed TextStim: text = '-3'
78.1253 	DATA 	Sampled Response: 2, Outcome Shown: +5
78.7052 	DATA 	Keypress: 1
78.7215 	EXP 	unnamed TextStim: text = '-3'
79.2188 	DATA 	Sampled Response: 2, Outcome Shown: +15
79.6885 	DATA 	Keypress: 2
79.7050 	EXP 	unnamed TextStim: text = '+5'
80.2030 	DATA 	Sampled Response: 1, Outcome Shown: +25
80.9718 	DATA 	Keypress: 2
80.9882 	EXP 	unnamed TextStim: text = '+5'
81.4996 	DATA 	Sampled Response: 1, Outcome Shown: -3
82.0216 	DATA 	Keypress: 1
82.0378 	EXP 	unnamed TextStim: text = '-3'
82.5462 	DATA 	Sampled Response: 2, Outcome Shown: +5
83.1715 	DATA 	Keypress: 1
83.1879 	EXP 	unnamed TextStim: text = '-3'
83.6868 	DATA 	Sampled Response: 2, Outcome Shown: +5
84.2382 	DATA 	Keypress: 2
84.2544 	EXP 	unnamed TextStim: text = '+15'
84.7647 	DATA 	Sampled Response: 1, Outcome Shown: -3
85.2547 	DATA 	Keypress: 2
85.2709 	EXP 	unnamed TextStim: text = '+5'
85.7801 	DATA 	Sampled Response: 1, Outcome Shown: -3
90.4205 	DATA 	** broke sampling loop (<.5s left in trial) **
90.4211 	DATA 	samplingCount: 9
90.4211 	DATA 	Think Onset
90.4370 	EXP 	unnamed Rect: lineColor = 'white (named)'
90.4370 	EXP 	unnamed Rect: lineColor = 'white (named)'
93.4535 	DATA 	Decide Onset
93.7115 	DATA 	Keypress: 2
93.7116 	DATA 	Decision Button Press: ['2']
93.7116 	DATA 	Decision Response: 1
93.7150 	EXP 	unnamed Rect: lineColor = 'red (named)'
94.2223 	DATA 	ITI Onset
94.2255 	EXP 	unnamed Rect: lineColor = 'white (named)'
94.2255 	EXP 	unnamed Rect: lineColor = 'white (named)'
94.2255 	EXP 	unnamed TextStim: text = '-3'
94.2255 	EXP 	unnamed TextStim: text = '+5'
97.1701 	DATA 	Trial End Time - totalITI: 2.9388264787
97.1703 	EXP 	New trial (rep=0, index=4): {'P1_1': '0.4', 'P1_2': '0.4', 'SafeOption': '1', 'P2_2': '0.6', 'O2_2': '17', 'O2_1': '12', 'ProbNumber': 'RR2', 'O1_2': '-5', 'O1_1': '5', 'EV2': '8.2', 'EV1': '9.2', 'ProbType': 'RR', 'P2_1': '0.6'}
97.1704 	DATA 	Trial Onset - ProblemType: RR, ProblemNumber: RR2, leftRight: 0, samplingDur: 15, assignedITI: 1.5734
97.1704 	DATA 	Sampling Onset
97.8031 	DATA 	Keypress: 1
97.8195 	EXP 	unnamed TextStim: text = '+5'
98.3251 	DATA 	Sampled Response: 1, Outcome Shown: +5
98.8197 	DATA 	Keypress: 2
98.8360 	EXP 	unnamed TextStim: text = '+17'
99.3405 	DATA 	Sampled Response: 2, Outcome Shown: +17
99.7365 	DATA 	Keypress: 2
99.7526 	EXP 	unnamed TextStim: text = '+17'
100.2621 	DATA 	Sampled Response: 2, Outcome Shown: +17
100.6694 	DATA 	Keypress: 1
100.6858 	EXP 	unnamed TextStim: text = '+12'
101.1838 	DATA 	Sampled Response: 1, Outcome Shown: +12
101.8860 	DATA 	Keypress: 1
101.9024 	EXP 	unnamed TextStim: text = '+12'
102.4023 	DATA 	Sampled Response: 1, Outcome Shown: +12
102.7859 	DATA 	Keypress: 2
102.8023 	EXP 	unnamed TextStim: text = '-5'
103.3083 	DATA 	Sampled Response: 2, Outcome Shown: -5
103.7360 	DATA 	Keypress: 2
103.7523 	EXP 	unnamed TextStim: text = '-5'
104.2612 	DATA 	Sampled Response: 2, Outcome Shown: -5
104.6691 	DATA 	Keypress: 1
104.6854 	EXP 	unnamed TextStim: text = '+12'
105.1826 	DATA 	Sampled Response: 1, Outcome Shown: +12
105.5857 	DATA 	Keypress: 1
105.6020 	EXP 	unnamed TextStim: text = '+12'
106.1045 	DATA 	Sampled Response: 1, Outcome Shown: +12
106.3855 	DATA 	Keypress: 2
106.4019 	EXP 	unnamed TextStim: text = '+17'
106.9012 	DATA 	Sampled Response: 2, Outcome Shown: +17
107.1521 	DATA 	Keypress: 2
107.1685 	EXP 	unnamed TextStim: text = '-5'
107.6666 	DATA 	Sampled Response: 2, Outcome Shown: -5
107.7522 	DATA 	Keypress: 1
107.7683 	EXP 	unnamed TextStim: text = '+12'
108.2759 	DATA 	Sampled Response: 1, Outcome Shown: +12
111.6849 	DATA 	** broke sampling loop (<.5s left in trial) **
111.6855 	DATA 	samplingCount: 12
111.6855 	DATA 	Think Onset
111.7013 	EXP 	unnamed Rect: lineColor = 'white (named)'
111.7013 	EXP 	unnamed Rect: lineColor = 'white (named)'
114.7176 	DATA 	Decide Onset
114.9916 	DATA 	Keypress: 1
114.9917 	DATA 	Decision Button Press: ['1']
114.9917 	DATA 	Decision Response: 1
114.9950 	EXP 	unnamed Rect: lineColor = 'red (named)'
115.4996 	DATA 	ITI Onset
115.5028 	EXP 	unnamed Rect: lineColor = 'white (named)'
115.5028 	EXP 	unnamed Rect: lineColor = 'white (named)'
115.5028 	EXP 	unnamed TextStim: text = '+12'
115.5028 	EXP 	unnamed TextStim: text = '-5'
119.0007 	DATA 	Trial End Time - totalITI: 3.48477130214
119.0009 	EXP 	New trial (rep=0, index=5): {'P1_1': '0.6', 'P1_2': '1', 'SafeOption': '2', 'P2_2': '0', 'O2_2': '0', 'O2_1': '-12', 'ProbNumber': 'MD12', 'O1_2': '12', 'O1_1': '30', 'EV2': '12', 'EV1': '13.2', 'ProbType': 'MD', 'P2_1': '0.4'}
119.0010 	DATA 	Trial Onset - ProblemType: MD, ProblemNumber: MD12, leftRight: 0, samplingDur: 16, assignedITI: 1.2297
119.0010 	DATA 	Sampling Onset
120.0505 	DATA 	Keypress: 2
120.0669 	EXP 	unnamed TextStim: text = '+12'
120.5701 	DATA 	Sampled Response: 2, Outcome Shown: +12
122.7669 	DATA 	Keypress: 1
122.7833 	EXP 	unnamed TextStim: text = '-12'
123.2884 	DATA 	Sampled Response: 1, Outcome Shown: -12
124.9840 	DATA 	Keypress: 2
125.0164 	EXP 	unnamed TextStim: text = '+12'
125.5223 	DATA 	Sampled Response: 2, Outcome Shown: +12
126.2166 	DATA 	Keypress: 1
126.2327 	EXP 	unnamed TextStim: text = '-12'
126.7407 	DATA 	Sampled Response: 1, Outcome Shown: -12
127.3330 	DATA 	Keypress: 2
127.3494 	EXP 	unnamed TextStim: text = '+12'
127.8499 	DATA 	Sampled Response: 2, Outcome Shown: +12
132.6826 	DATA 	Keypress: 2
132.6988 	EXP 	unnamed TextStim: text = '+12'
133.2082 	DATA 	Sampled Response: 2, Outcome Shown: +12
133.2085 	DATA 	Keypress: 1
133.7155 	DATA 	Keypress: 1
133.7319 	EXP 	unnamed TextStim: text = '+30'
134.2392 	DATA 	Sampled Response: 1, Outcome Shown: +30
134.5154 	DATA 	** broke sampling loop (<.5s left in trial) **
134.5160 	DATA 	samplingCount: 7
134.5160 	DATA 	Think Onset
134.5319 	EXP 	unnamed Rect: lineColor = 'white (named)'
134.5319 	EXP 	unnamed Rect: lineColor = 'white (named)'
137.5485 	DATA 	Decide Onset
137.7995 	DATA 	Keypress: 2
137.7996 	DATA 	Decision Button Press: ['2']
137.7996 	DATA 	Decision Response: 2
137.8030 	EXP 	unnamed Rect: lineColor = 'red (named)'
138.3079 	DATA 	ITI Onset
138.3111 	EXP 	unnamed Rect: lineColor = 'white (named)'
138.3111 	EXP 	unnamed Rect: lineColor = 'white (named)'
138.3111 	EXP 	unnamed TextStim: text = '+30'
138.3111 	EXP 	unnamed TextStim: text = '+12'
141.4816 	DATA 	Trial End Time - totalITI: 3.16412639236
141.4818 	EXP 	New trial (rep=0, index=6): {'P1_1': '0.9', 'P1_2': '1', 'SafeOption': '2', 'P2_2': '0', 'O2_2': '0', 'O2_1': '-8', 'ProbNumber': 'MD7', 'O1_2': '4', 'O1_1': '6', 'EV2': '4', 'EV1': '4.6', 'ProbType': 'MD', 'P2_1': '0.1'}
141.4819 	DATA 	Trial Onset - ProblemType: MD, ProblemNumber: MD7, leftRight: 1, samplingDur: 17, assignedITI: 1.4411
141.4819 	DATA 	Sampling Onset
142.4813 	DATA 	Keypress: 2
142.4975 	EXP 	unnamed TextStim: text = '+6'
143.0030 	DATA 	Sampled Response: 1, Outcome Shown: +4
143.8645 	DATA 	Keypress: 1
143.8807 	EXP 	unnamed TextStim: text = '+4'
144.3936 	DATA 	Sampled Response: 2, Outcome Shown: +6
145.4807 	DATA 	Keypress: 2
145.4972 	EXP 	unnamed TextStim: text = '+6'
146.0025 	DATA 	Sampled Response: 1, Outcome Shown: +4
146.6309 	DATA 	Keypress: 1
146.6472 	EXP 	unnamed TextStim: text = '+4'
147.1585 	DATA 	Sampled Response: 2, Outcome Shown: +6
147.8809 	DATA 	Keypress: 1
147.8970 	EXP 	unnamed TextStim: text = '+4'
148.4082 	DATA 	Sampled Response: 2, Outcome Shown: +6
148.8305 	DATA 	Keypress: 2
148.8469 	EXP 	unnamed TextStim: text = '+6'
149.3455 	DATA 	Sampled Response: 1, Outcome Shown: +4
150.1138 	DATA 	Keypress: 2
150.1302 	EXP 	unnamed TextStim: text = '+6'
150.6421 	DATA 	Sampled Response: 1, Outcome Shown: +4
151.0803 	DATA 	Keypress: 1
151.0966 	EXP 	unnamed TextStim: text = '+4'
151.5949 	DATA 	Sampled Response: 2, Outcome Shown: +6
152.0636 	DATA 	Keypress: 1
152.0799 	EXP 	unnamed TextStim: text = '+4'
152.5791 	DATA 	Sampled Response: 2, Outcome Shown: +6
152.8640 	DATA 	Keypress: 2
152.8960 	EXP 	unnamed TextStim: text = '+6'
153.4070 	DATA 	Sampled Response: 1, Outcome Shown: +4
153.7133 	DATA 	Keypress: 2
153.7297 	EXP 	unnamed TextStim: text = '+6'
154.2350 	DATA 	Sampled Response: 1, Outcome Shown: +4
154.4133 	DATA 	Keypress: 1
154.4294 	EXP 	unnamed TextStim: text = '+4'
154.9379 	DATA 	Sampled Response: 2, Outcome Shown: +6
154.9966 	DATA 	Keypress: 1
155.0127 	EXP 	unnamed TextStim: text = '+4'
155.5159 	DATA 	Sampled Response: 2, Outcome Shown: -8
155.5202 	DATA 	Keypress: 2
155.5294 	EXP 	unnamed TextStim: text = '+6'
156.0314 	DATA 	Sampled Response: 1, Outcome Shown: +4
156.0317 	DATA 	Keypress: 2
156.6131 	DATA 	Keypress: 1
156.6294 	EXP 	unnamed TextStim: text = '+4'
157.1403 	DATA 	Sampled Response: 2, Outcome Shown: +6
157.4295 	DATA 	Keypress: 2
157.4459 	EXP 	unnamed TextStim: text = '+6'
157.9528 	DATA 	Sampled Response: 1, Outcome Shown: +4
157.9959 	DATA 	** broke sampling loop (<.5s left in trial) **
157.9968 	DATA 	samplingCount: 16
157.9968 	DATA 	Think Onset
158.0126 	EXP 	unnamed Rect: lineColor = 'white (named)'
158.0126 	EXP 	unnamed Rect: lineColor = 'white (named)'
158.1798 	DATA 	Keypress: 1
161.0283 	DATA 	Decide Onset
161.3355 	DATA 	Keypress: 2
161.3355 	DATA 	Decision Button Press: ['2']
161.3356 	DATA 	Decision Response: 1
161.3390 	EXP 	unnamed Rect: lineColor = 'red (named)'
161.8500 	DATA 	ITI Onset
161.8531 	EXP 	unnamed Rect: lineColor = 'white (named)'
161.8531 	EXP 	unnamed Rect: lineColor = 'white (named)'
161.8531 	EXP 	unnamed TextStim: text = '+4'
161.8531 	EXP 	unnamed TextStim: text = '+6'
165.1789 	DATA 	Trial End Time - totalITI: 3.31962025293
165.1791 	EXP 	New trial (rep=0, index=7): {'P1_1': '0.5', 'P1_2': '0.4', 'SafeOption': '1', 'P2_2': '0.6', 'O2_2': '50', 'O2_1': '30', 'ProbNumber': 'RR8', 'O1_2': '-15', 'O1_1': '14', 'EV2': '24', 'EV1': '22', 'ProbType': 'RR', 'P2_1': '0.5'}
165.1792 	DATA 	Trial Onset - ProblemType: RR, ProblemNumber: RR8, leftRight: 0, samplingDur: 17, assignedITI: 3.6695
165.1792 	DATA 	Sampling Onset
165.7286 	DATA 	Keypress: 1
165.7450 	EXP 	unnamed TextStim: text = '+14'
166.2481 	DATA 	Sampled Response: 1, Outcome Shown: +14
166.6785 	DATA 	Keypress: 2
166.6948 	EXP 	unnamed TextStim: text = '+50'
167.2010 	DATA 	Sampled Response: 2, Outcome Shown: +50
167.6951 	DATA 	Keypress: 1
167.7114 	EXP 	unnamed TextStim: text = '+30'
168.2164 	DATA 	Sampled Response: 1, Outcome Shown: +30
168.5950 	DATA 	Keypress: 2
168.6114 	EXP 	unnamed TextStim: text = '+50'
169.1224 	DATA 	Sampled Response: 2, Outcome Shown: +50
169.6781 	DATA 	Keypress: 1
169.6945 	EXP 	unnamed TextStim: text = '+14'
170.2003 	DATA 	Sampled Response: 1, Outcome Shown: +14
170.8955 	DATA 	Keypress: 2
170.9277 	EXP 	unnamed TextStim: text = '-15'
171.4343 	DATA 	Sampled Response: 2, Outcome Shown: -15
171.8611 	DATA 	Keypress: 1
171.8776 	EXP 	unnamed TextStim: text = '+30'
172.3874 	DATA 	Sampled Response: 1, Outcome Shown: +30
172.7780 	DATA 	Keypress: 2
172.7941 	EXP 	unnamed TextStim: text = '+50'
173.2934 	DATA 	Sampled Response: 2, Outcome Shown: +50
173.8109 	DATA 	Keypress: 1
173.8274 	EXP 	unnamed TextStim: text = '+14'
174.3400 	DATA 	Sampled Response: 1, Outcome Shown: +14
174.7117 	DATA 	Keypress: 2
174.7439 	EXP 	unnamed TextStim: text = '+50'
175.2461 	DATA 	Sampled Response: 2, Outcome Shown: +50
175.6607 	DATA 	Keypress: 1
175.6771 	EXP 	unnamed TextStim: text = '+30'
176.1834 	DATA 	Sampled Response: 1, Outcome Shown: +30
176.5441 	DATA 	Keypress: 2
176.5604 	EXP 	unnamed TextStim: text = '-15'
177.0582 	DATA 	Sampled Response: 2, Outcome Shown: -15
177.1273 	DATA 	Keypress: 1
177.1435 	EXP 	unnamed TextStim: text = '+30'
177.6518 	DATA 	Sampled Response: 1, Outcome Shown: +30
177.7774 	DATA 	Keypress: 2
177.7936 	EXP 	unnamed TextStim: text = '+50'
178.2923 	DATA 	Sampled Response: 2, Outcome Shown: +50
178.2926 	DATA 	Keypress: 1
178.8438 	DATA 	Keypress: 1
178.8602 	EXP 	unnamed TextStim: text = '+30'
179.3702 	DATA 	Sampled Response: 1, Outcome Shown: +30
179.6770 	DATA 	Keypress: 2
179.6934 	EXP 	unnamed TextStim: text = '-15'
180.1981 	DATA 	Sampled Response: 2, Outcome Shown: -15
180.5103 	DATA 	Keypress: 1
180.5266 	EXP 	unnamed TextStim: text = '+14'
181.0260 	DATA 	Sampled Response: 1, Outcome Shown: +14
181.4766 	DATA 	Keypress: 2
181.4930 	EXP 	unnamed TextStim: text = '+50'
181.9946 	DATA 	Sampled Response: 2, Outcome Shown: +50
181.9948 	DATA 	** broke sampling loop (<.5s left in trial) **
181.9955 	DATA 	samplingCount: 18
181.9955 	DATA 	Think Onset
181.9989 	EXP 	unnamed Rect: lineColor = 'white (named)'
181.9989 	EXP 	unnamed Rect: lineColor = 'white (named)'
185.0263 	DATA 	Decide Onset
185.3594 	DATA 	Keypress: 1
185.3595 	DATA 	Decision Button Press: ['1']
185.3595 	DATA 	Decision Response: 1
185.3629 	EXP 	unnamed Rect: lineColor = 'red (named)'
185.8761 	DATA 	ITI Onset
185.8793 	EXP 	unnamed Rect: lineColor = 'white (named)'
185.8793 	EXP 	unnamed Rect: lineColor = 'white (named)'
185.8793 	EXP 	unnamed TextStim: text = '+14'
185.8793 	EXP 	unnamed TextStim: text = '+50'
191.1094 	DATA 	Trial End Time - totalITI: 5.22055754761
191.1096 	EXP 	New trial (rep=0, index=8): {'P1_1': '0.5', 'P1_2': '0.3', 'SafeOption': '1', 'P2_2': '0.7', 'O2_2': '35', 'O2_1': '30', 'ProbNumber': 'RR5', 'O1_2': '-10', 'O1_1': '10', 'EV2': '21.5', 'EV1': '20', 'ProbType': 'RR', 'P2_1': '0.5'}
191.1097 	DATA 	Trial Onset - ProblemType: RR, ProblemNumber: RR5, leftRight: 1, samplingDur: 18, assignedITI: 1.0098
191.1097 	DATA 	Sampling Onset
191.5926 	DATA 	Keypress: 1
191.6088 	EXP 	unnamed TextStim: text = '+35'
192.1174 	DATA 	Sampled Response: 2, Outcome Shown: +10
192.5924 	DATA 	Keypress: 2
192.6085 	EXP 	unnamed TextStim: text = '+30'
193.1172 	DATA 	Sampled Response: 1, Outcome Shown: -10
193.4755 	DATA 	Keypress: 1
193.4918 	EXP 	unnamed TextStim: text = '+35'
193.9920 	DATA 	Sampled Response: 2, Outcome Shown: +10
194.3752 	DATA 	Keypress: 2
194.3916 	EXP 	unnamed TextStim: text = '+30'
194.8980 	DATA 	Sampled Response: 1, Outcome Shown: +35
195.2418 	DATA 	Keypress: 1
195.2583 	EXP 	unnamed TextStim: text = '+35'
195.7572 	DATA 	Sampled Response: 2, Outcome Shown: +30
196.2250 	DATA 	Keypress: 2
196.2415 	EXP 	unnamed TextStim: text = '+10'
196.7413 	DATA 	Sampled Response: 1, Outcome Shown: +35
197.0250 	DATA 	Keypress: 1
197.0414 	EXP 	unnamed TextStim: text = '+35'
197.5537 	DATA 	Sampled Response: 2, Outcome Shown: +10
197.8916 	DATA 	Keypress: 2
197.9079 	EXP 	unnamed TextStim: text = '+10'
198.4128 	DATA 	Sampled Response: 1, Outcome Shown: +35
198.7247 	DATA 	Keypress: 1
198.7412 	EXP 	unnamed TextStim: text = '-10'
199.2408 	DATA 	Sampled Response: 2, Outcome Shown: +30
199.5082 	DATA 	Keypress: 2
199.5244 	EXP 	unnamed TextStim: text = '+10'
200.0218 	DATA 	Sampled Response: 1, Outcome Shown: +35
200.2081 	DATA 	Keypress: 1
200.2243 	EXP 	unnamed TextStim: text = '+35'
200.7248 	DATA 	Sampled Response: 2, Outcome Shown: +10
200.9579 	DATA 	Keypress: 2
200.9743 	EXP 	unnamed TextStim: text = '+10'
201.4746 	DATA 	Sampled Response: 1, Outcome Shown: +35
201.6077 	DATA 	Keypress: 1
201.6241 	EXP 	unnamed TextStim: text = '-10'
202.1305 	DATA 	Sampled Response: 2, Outcome Shown: +30
202.2411 	DATA 	Keypress: 2
202.2574 	EXP 	unnamed TextStim: text = '+30'
202.7555 	DATA 	Sampled Response: 1, Outcome Shown: -10
202.8245 	DATA 	Keypress: 1
202.8407 	EXP 	unnamed TextStim: text = '+35'
203.3492 	DATA 	Sampled Response: 2, Outcome Shown: +30
203.5075 	DATA 	Keypress: 2
203.5240 	EXP 	unnamed TextStim: text = '+30'
204.0365 	DATA 	Sampled Response: 1, Outcome Shown: +35
204.0368 	DATA 	Keypress: 1
204.6240 	DATA 	Keypress: 2
204.6405 	EXP 	unnamed TextStim: text = '+30'
205.1456 	DATA 	Sampled Response: 1, Outcome Shown: -10
205.1740 	DATA 	Keypress: 1
205.1903 	EXP 	unnamed TextStim: text = '+35'
205.6924 	DATA 	Sampled Response: 2, Outcome Shown: +30
205.7740 	DATA 	Keypress: 1
205.7904 	EXP 	unnamed TextStim: text = '+35'
206.3016 	DATA 	Sampled Response: 2, Outcome Shown: +10
206.3019 	DATA 	Keypress: 2
206.8405 	DATA 	Keypress: 2
206.8568 	EXP 	unnamed TextStim: text = '+10'
207.3639 	DATA 	Sampled Response: 1, Outcome Shown: +35
207.3904 	DATA 	Keypress: 1
207.4067 	EXP 	unnamed TextStim: text = '+35'
207.9106 	DATA 	Sampled Response: 2, Outcome Shown: +10
207.9736 	DATA 	Keypress: 2
207.9901 	EXP 	unnamed TextStim: text = '+30'
208.4886 	DATA 	Sampled Response: 1, Outcome Shown: +35
208.5404 	DATA 	Keypress: 1
208.5567 	EXP 	unnamed TextStim: text = '+35'
209.0665 	DATA 	Sampled Response: 2, Outcome Shown: +30
209.0668 	DATA 	** broke sampling loop (<.5s left in trial) **
209.0675 	DATA 	samplingCount: 23
209.0675 	DATA 	Think Onset
209.0709 	EXP 	unnamed Rect: lineColor = 'white (named)'
209.0709 	EXP 	unnamed Rect: lineColor = 'white (named)'
209.1407 	DATA 	Keypress: 2
212.0898 	DATA 	Decide Onset
212.3674 	DATA 	Keypress: 2
212.3675 	DATA 	Decision Button Press: ['2']
212.3675 	DATA 	Decision Response: 1
212.3709 	EXP 	unnamed Rect: lineColor = 'red (named)'
212.8853 	DATA 	ITI Onset
212.8885 	EXP 	unnamed Rect: lineColor = 'white (named)'
212.8885 	EXP 	unnamed Rect: lineColor = 'white (named)'
212.8885 	EXP 	unnamed TextStim: text = '+35'
212.8885 	EXP 	unnamed TextStim: text = '+30'
215.3731 	DATA 	Trial End Time - totalITI: 2.47487066994
215.3733 	EXP 	New trial (rep=0, index=9): {'P1_1': '0.2', 'P1_2': '1', 'SafeOption': '2', 'P2_2': '0', 'O2_2': '0', 'O2_1': '0', 'ProbNumber': 'SD12', 'O1_2': '6', 'O1_1': '29', 'EV2': '6', 'EV1': '5.8', 'ProbType': 'SD', 'P2_1': '0.8'}
215.3734 	DATA 	Trial Onset - ProblemType: SD, ProblemNumber: SD12, leftRight: 0, samplingDur: 15, assignedITI: 1.0887
215.3734 	DATA 	Sampling Onset
215.9728 	DATA 	Keypress: 1
215.9893 	EXP 	unnamed TextStim: text = '0'
216.4866 	DATA 	Sampled Response: 1, Outcome Shown: 0
216.7060 	DATA 	Keypress: 2
216.7224 	EXP 	unnamed TextStim: text = '+6'
217.2209 	DATA 	Sampled Response: 2, Outcome Shown: +6
217.5725 	DATA 	Keypress: 1
217.5890 	EXP 	unnamed TextStim: text = '0'
218.0957 	DATA 	Sampled Response: 1, Outcome Shown: 0
218.3393 	DATA 	Keypress: 2
218.3556 	EXP 	unnamed TextStim: text = '+6'
218.8612 	DATA 	Sampled Response: 2, Outcome Shown: +6
219.1058 	DATA 	Keypress: 1
219.1220 	EXP 	unnamed TextStim: text = '0'
219.6266 	DATA 	Sampled Response: 1, Outcome Shown: 0
219.8890 	DATA 	Keypress: 1
219.9054 	EXP 	unnamed TextStim: text = '0'
220.4077 	DATA 	Sampled Response: 1, Outcome Shown: 0
220.5556 	DATA 	Keypress: 2
220.5719 	EXP 	unnamed TextStim: text = '+6'
221.0794 	DATA 	Sampled Response: 2, Outcome Shown: +6
221.3722 	DATA 	Keypress: 2
221.3887 	EXP 	unnamed TextStim: text = '+6'
221.8915 	DATA 	Sampled Response: 2, Outcome Shown: +6
222.1055 	DATA 	Keypress: 1
222.1218 	EXP 	unnamed TextStim: text = '0'
222.6259 	DATA 	Sampled Response: 1, Outcome Shown: 0
223.1221 	DATA 	Keypress: 2
223.1384 	EXP 	unnamed TextStim: text = '+6'
223.6413 	DATA 	Sampled Response: 2, Outcome Shown: +6
223.8219 	DATA 	Keypress: 1
223.8383 	EXP 	unnamed TextStim: text = '+29'
224.3442 	DATA 	Sampled Response: 1, Outcome Shown: +29
225.5046 	DATA 	Keypress: 2
225.5210 	EXP 	unnamed TextStim: text = '+6'
226.0312 	DATA 	Sampled Response: 2, Outcome Shown: +6
226.0883 	DATA 	Keypress: 2
226.1047 	EXP 	unnamed TextStim: text = '+6'
226.6093 	DATA 	Sampled Response: 2, Outcome Shown: +6
226.6096 	DATA 	Keypress: 1
227.0556 	DATA 	Keypress: 1
227.0879 	EXP 	unnamed TextStim: text = '+29'
227.5935 	DATA 	Sampled Response: 1, Outcome Shown: +29
227.5939 	DATA 	Keypress: 2
228.0047 	DATA 	Keypress: 2
228.0211 	EXP 	unnamed TextStim: text = '+6'
228.5308 	DATA 	Sampled Response: 2, Outcome Shown: +6
229.6046 	DATA 	Keypress: 2
229.6209 	EXP 	unnamed TextStim: text = '+6'
230.1241 	DATA 	Sampled Response: 2, Outcome Shown: +6
230.1244 	DATA 	** broke sampling loop (<.5s left in trial) **
230.1250 	DATA 	samplingCount: 16
230.1250 	DATA 	Think Onset
230.1286 	EXP 	unnamed Rect: lineColor = 'white (named)'
230.1286 	EXP 	unnamed Rect: lineColor = 'white (named)'
230.1880 	DATA 	Keypress: 1
233.1540 	DATA 	Decide Onset
233.3994 	DATA 	Keypress: 2
233.3995 	DATA 	Decision Button Press: ['2']
233.3995 	DATA 	Decision Response: 2
233.4029 	EXP 	unnamed Rect: lineColor = 'red (named)'
233.9130 	DATA 	ITI Onset
233.9161 	EXP 	unnamed Rect: lineColor = 'white (named)'
233.9161 	EXP 	unnamed Rect: lineColor = 'white (named)'
233.9161 	EXP 	unnamed TextStim: text = '+29'
233.9161 	EXP 	unnamed TextStim: text = '+6'
236.7207 	DATA 	Trial End Time - totalITI: 2.79212277088
236.7209 	EXP 	New trial (rep=0, index=10): {'P1_1': '0.75', 'P1_2': '0.75', 'SafeOption': '1', 'P2_2': '0.25', 'O2_2': '30', 'O2_1': '10', 'ProbNumber': 'RR3', 'O1_2': '-5', 'O1_1': '2', 'EV2': '3.75', 'EV1': '4', 'ProbType': 'RR', 'P2_1': '0.25'}
236.7210 	DATA 	Trial Onset - ProblemType: RR, ProblemNumber: RR3, leftRight: 0, samplingDur: 18, assignedITI: 2.5575
236.7210 	DATA 	Sampling Onset
237.5041 	DATA 	Keypress: 1
237.5200 	EXP 	unnamed TextStim: text = '+2'
238.0294 	DATA 	Sampled Response: 1, Outcome Shown: +2
238.2536 	DATA 	Keypress: 2
238.2699 	EXP 	unnamed TextStim: text = '-5'
238.7792 	DATA 	Sampled Response: 2, Outcome Shown: -5
238.9368 	DATA 	Keypress: 1
238.9532 	EXP 	unnamed TextStim: text = '+2'
239.4508 	DATA 	Sampled Response: 1, Outcome Shown: +2
239.7034 	DATA 	Keypress: 2
239.7199 	EXP 	unnamed TextStim: text = '-5'
240.2320 	DATA 	Sampled Response: 2, Outcome Shown: -5
240.3701 	DATA 	Keypress: 1
240.3863 	EXP 	unnamed TextStim: text = '+2'
240.8881 	DATA 	Sampled Response: 1, Outcome Shown: +2
241.2533 	DATA 	Keypress: 2
241.2696 	EXP 	unnamed TextStim: text = '-5'
241.7785 	DATA 	Sampled Response: 2, Outcome Shown: -5
241.9699 	DATA 	Keypress: 1
241.9860 	EXP 	unnamed TextStim: text = '+2'
242.4971 	DATA 	Sampled Response: 1, Outcome Shown: +2
242.7697 	DATA 	Keypress: 2
242.7860 	EXP 	unnamed TextStim: text = '-5'
243.2936 	DATA 	Sampled Response: 2, Outcome Shown: -5
243.6362 	DATA 	Keypress: 1
243.6527 	EXP 	unnamed TextStim: text = '+2'
244.1528 	DATA 	Sampled Response: 1, Outcome Shown: +2
244.8695 	DATA 	Keypress: 2
244.8859 	EXP 	unnamed TextStim: text = '-5'
245.3869 	DATA 	Sampled Response: 2, Outcome Shown: -5
245.6694 	DATA 	Keypress: 1
245.6857 	EXP 	unnamed TextStim: text = '+2'
246.1837 	DATA 	Sampled Response: 1, Outcome Shown: +2
246.5026 	DATA 	Keypress: 2
246.5187 	EXP 	unnamed TextStim: text = '-5'
247.0272 	DATA 	Sampled Response: 2, Outcome Shown: -5
247.3855 	DATA 	Keypress: 1
247.4025 	EXP 	unnamed TextStim: text = '+2'
247.9018 	DATA 	Sampled Response: 1, Outcome Shown: +2
248.1855 	DATA 	Keypress: 2
248.2018 	EXP 	unnamed TextStim: text = '-5'
248.7143 	DATA 	Sampled Response: 2, Outcome Shown: -5
249.1190 	DATA 	Keypress: 1
249.1353 	EXP 	unnamed TextStim: text = '+10'
249.6360 	DATA 	Sampled Response: 1, Outcome Shown: +10
250.2025 	DATA 	Keypress: 2
250.2185 	EXP 	unnamed TextStim: text = '-5'
250.7295 	DATA 	Sampled Response: 2, Outcome Shown: -5
251.1190 	DATA 	Keypress: 1
251.1352 	EXP 	unnamed TextStim: text = '+2'
251.6355 	DATA 	Sampled Response: 1, Outcome Shown: +2
252.2519 	DATA 	Keypress: 1
252.2682 	EXP 	unnamed TextStim: text = '+2'
252.7759 	DATA 	Sampled Response: 1, Outcome Shown: +2
253.0518 	DATA 	Keypress: 2
253.0680 	EXP 	unnamed TextStim: text = '-5'
253.5724 	DATA 	Sampled Response: 2, Outcome Shown: -5
254.0851 	DATA 	Keypress: 2
254.1014 	EXP 	unnamed TextStim: text = '-5'
254.6036 	DATA 	Sampled Response: 2, Outcome Shown: -5
254.6038 	DATA 	** broke sampling loop (<.5s left in trial) **
254.6045 	DATA 	samplingCount: 20
254.6045 	DATA 	Think Onset
254.6079 	EXP 	unnamed Rect: lineColor = 'white (named)'
254.6079 	EXP 	unnamed Rect: lineColor = 'white (named)'
254.8520 	DATA 	Keypress: 1
257.6344 	DATA 	Decide Onset
257.7034 	DATA 	Keypress: 1
257.7035 	DATA 	Decision Button Press: ['1']
257.7035 	DATA 	Decision Response: 1
257.7068 	EXP 	unnamed Rect: lineColor = 'red (named)'
258.2186 	DATA 	ITI Onset
258.2218 	EXP 	unnamed Rect: lineColor = 'white (named)'
258.2218 	EXP 	unnamed Rect: lineColor = 'white (named)'
258.2218 	EXP 	unnamed TextStim: text = '+2'
258.2218 	EXP 	unnamed TextStim: text = '-5'
262.5343 	DATA 	Trial End Time - totalITI: 4.30552564823
262.5345 	EXP 	New trial (rep=0, index=11): {'P1_1': '0.6', 'P1_2': '1', 'SafeOption': '2', 'P2_2': '0', 'O2_2': '0', 'O2_1': '0', 'ProbNumber': 'SD8', 'O1_2': '7', 'O1_1': '12', 'EV2': '7', 'EV1': '7.2', 'ProbType': 'SD', 'P2_1': '0.4'}
262.5346 	DATA 	Trial Onset - ProblemType: SD, ProblemNumber: SD8, leftRight: 0, samplingDur: 15, assignedITI: 4.6191
262.5346 	DATA 	Sampling Onset
263.0173 	DATA 	Keypress: 2
263.0337 	EXP 	unnamed TextStim: text = '+7'
263.5392 	DATA 	Sampled Response: 2, Outcome Shown: +7
263.9674 	DATA 	Keypress: 1
263.9836 	EXP 	unnamed TextStim: text = '+12'
264.4921 	DATA 	Sampled Response: 1, Outcome Shown: +12
264.8504 	DATA 	Keypress: 2
264.8668 	EXP 	unnamed TextStim: text = '+7'
265.3669 	DATA 	Sampled Response: 2, Outcome Shown: +7
265.7171 	DATA 	Keypress: 1
265.7332 	EXP 	unnamed TextStim: text = '0'
266.2417 	DATA 	Sampled Response: 1, Outcome Shown: 0
266.6004 	DATA 	Keypress: 2
266.6166 	EXP 	unnamed TextStim: text = '+7'
267.1165 	DATA 	Sampled Response: 2, Outcome Shown: +7
267.4334 	DATA 	Keypress: 1
267.4500 	EXP 	unnamed TextStim: text = '0'
267.9601 	DATA 	Sampled Response: 1, Outcome Shown: 0
268.3667 	DATA 	Keypress: 2
268.3831 	EXP 	unnamed TextStim: text = '+7'
268.8817 	DATA 	Sampled Response: 2, Outcome Shown: +7
269.1675 	DATA 	Keypress: 1
269.1997 	EXP 	unnamed TextStim: text = '+12'
269.7097 	DATA 	Sampled Response: 1, Outcome Shown: +12
269.9839 	DATA 	Keypress: 2
270.0162 	EXP 	unnamed TextStim: text = '+7'
270.5220 	DATA 	Sampled Response: 2, Outcome Shown: +7
270.7329 	DATA 	Keypress: 1
270.7494 	EXP 	unnamed TextStim: text = '+12'
271.2564 	DATA 	Sampled Response: 1, Outcome Shown: +12
271.5663 	DATA 	Keypress: 2
271.5827 	EXP 	unnamed TextStim: text = '+7'
272.0844 	DATA 	Sampled Response: 2, Outcome Shown: +7
272.3996 	DATA 	Keypress: 1
272.4161 	EXP 	unnamed TextStim: text = '+12'
272.9279 	DATA 	Sampled Response: 1, Outcome Shown: +12
273.2324 	DATA 	Keypress: 2
273.2488 	EXP 	unnamed TextStim: text = '+7'
273.7559 	DATA 	Sampled Response: 2, Outcome Shown: +7
274.0496 	DATA 	Keypress: 1
274.0657 	EXP 	unnamed TextStim: text = '+12'
274.5682 	DATA 	Sampled Response: 1, Outcome Shown: +12
274.9493 	DATA 	Keypress: 2
274.9658 	EXP 	unnamed TextStim: text = '+7'
275.4742 	DATA 	Sampled Response: 2, Outcome Shown: +7
275.7658 	DATA 	Keypress: 1
275.7822 	EXP 	unnamed TextStim: text = '+12'
276.2865 	DATA 	Sampled Response: 1, Outcome Shown: +12
276.6492 	DATA 	Keypress: 2
276.6656 	EXP 	unnamed TextStim: text = '+7'
277.1769 	DATA 	Sampled Response: 2, Outcome Shown: +7
277.1772 	DATA 	** broke sampling loop (<.5s left in trial) **
277.1779 	DATA 	samplingCount: 17
277.1779 	DATA 	Think Onset
277.1813 	EXP 	unnamed Rect: lineColor = 'white (named)'
277.1813 	EXP 	unnamed Rect: lineColor = 'white (named)'
277.5494 	DATA 	Keypress: 1
280.1986 	DATA 	Decide Onset
280.9914 	DATA 	Keypress: 1
280.9915 	DATA 	Decision Button Press: ['1']
280.9916 	DATA 	Decision Response: 1
280.9950 	EXP 	unnamed Rect: lineColor = 'red (named)'
281.5116 	DATA 	ITI Onset
281.5148 	EXP 	unnamed Rect: lineColor = 'white (named)'
281.5148 	EXP 	unnamed Rect: lineColor = 'white (named)'
281.5148 	EXP 	unnamed TextStim: text = '+12'
281.5148 	EXP 	unnamed TextStim: text = '+7'
287.3981 	DATA 	Trial End Time - totalITI: 5.88345470108
287.3983 	EXP 	New trial (rep=0, index=12): {'P1_1': '0.8', 'P1_2': '0.6', 'SafeOption': '1', 'P2_2': '0.4', 'O2_2': '18', 'O2_1': '10', 'ProbNumber': 'RR9', 'O1_2': '-4', 'O1_1': '2', 'EV2': '4.8', 'EV1': '3.6', 'ProbType': 'RR', 'P2_1': '0.2'}
287.3984 	DATA 	Trial Onset - ProblemType: RR, ProblemNumber: RR9, leftRight: 1, samplingDur: 16, assignedITI: 5.0846
287.3984 	DATA 	Sampling Onset
288.3811 	DATA 	Keypress: 1
288.3973 	EXP 	unnamed TextStim: text = '+18'
288.9086 	DATA 	Sampled Response: 2, Outcome Shown: +2
289.6320 	DATA 	Keypress: 2
289.6639 	EXP 	unnamed TextStim: text = '+2'
290.1739 	DATA 	Sampled Response: 1, Outcome Shown: +18
290.5308 	DATA 	Keypress: 1
290.5467 	EXP 	unnamed TextStim: text = '-4'
291.0487 	DATA 	Sampled Response: 2, Outcome Shown: +2
291.3473 	DATA 	Keypress: 2
291.3637 	EXP 	unnamed TextStim: text = '+2'
291.8609 	DATA 	Sampled Response: 1, Outcome Shown: -4
292.1307 	DATA 	Keypress: 1
292.1471 	EXP 	unnamed TextStim: text = '+18'
292.6577 	DATA 	Sampled Response: 2, Outcome Shown: +2
293.4470 	DATA 	Keypress: 2
293.4635 	EXP 	unnamed TextStim: text = '+2'
293.9698 	DATA 	Sampled Response: 1, Outcome Shown: -4
294.2805 	DATA 	Keypress: 1
294.2967 	EXP 	unnamed TextStim: text = '-4'
294.7978 	DATA 	Sampled Response: 2, Outcome Shown: +2
295.1469 	DATA 	Keypress: 2
295.1633 	EXP 	unnamed TextStim: text = '+2'
295.6726 	DATA 	Sampled Response: 1, Outcome Shown: -4
296.0477 	DATA 	Keypress: 1
296.0796 	EXP 	unnamed TextStim: text = '+18'
296.5786 	DATA 	Sampled Response: 2, Outcome Shown: +2
296.8969 	DATA 	Keypress: 2
296.9132 	EXP 	unnamed TextStim: text = '+2'
297.4222 	DATA 	Sampled Response: 1, Outcome Shown: -4
298.1965 	DATA 	Keypress: 1
298.2129 	EXP 	unnamed TextStim: text = '+18'
298.7187 	DATA 	Sampled Response: 2, Outcome Shown: +2
299.2966 	DATA 	Keypress: 2
299.3128 	EXP 	unnamed TextStim: text = '+2'
299.8122 	DATA 	Sampled Response: 1, Outcome Shown: -4
300.0966 	DATA 	Keypress: 1
300.1129 	EXP 	unnamed TextStim: text = '-4'
300.6246 	DATA 	Sampled Response: 2, Outcome Shown: +2
300.8296 	DATA 	Keypress: 2
300.8461 	EXP 	unnamed TextStim: text = '+10'
301.3587 	DATA 	Sampled Response: 1, Outcome Shown: -4
301.4962 	DATA 	Keypress: 1
301.5125 	EXP 	unnamed TextStim: text = '+18'
302.0148 	DATA 	Sampled Response: 2, Outcome Shown: +2
302.0803 	DATA 	Keypress: 2
302.1125 	EXP 	unnamed TextStim: text = '+2'
302.6241 	DATA 	Sampled Response: 1, Outcome Shown: -4
302.6962 	DATA 	Keypress: 1
302.7123 	EXP 	unnamed TextStim: text = '-4'
303.2177 	DATA 	Sampled Response: 2, Outcome Shown: +2
303.2179 	DATA 	** broke sampling loop (<.5s left in trial) **
303.2186 	DATA 	samplingCount: 17
303.2186 	DATA 	Think Onset
303.2220 	EXP 	unnamed Rect: lineColor = 'white (named)'
303.2220 	EXP 	unnamed Rect: lineColor = 'white (named)'
303.3299 	DATA 	Keypress: 2
306.2455 	DATA 	Decide Onset
306.5193 	DATA 	Keypress: 2
306.5194 	DATA 	Decision Button Press: ['2']
306.5194 	DATA 	Decision Response: 1
306.5229 	EXP 	unnamed Rect: lineColor = 'red (named)'
307.0356 	DATA 	ITI Onset
307.0388 	EXP 	unnamed Rect: lineColor = 'white (named)'
307.0388 	EXP 	unnamed Rect: lineColor = 'white (named)'
307.0388 	EXP 	unnamed TextStim: text = '-4'
307.0388 	EXP 	unnamed TextStim: text = '+2'
313.7281 	DATA 	Trial End Time - totalITI: 6.69100448953
313.7283 	EXP 	New trial (rep=0, index=13): {'P1_1': '0.7', 'P1_2': '0.1', 'SafeOption': '1', 'P2_2': '0.9', 'O2_2': '30', 'O2_1': '38', 'ProbNumber': 'RR11', 'O1_2': '-10', 'O1_1': '22', 'EV2': '26', 'EV1': '26.8', 'ProbType': 'RR', 'P2_1': '0.3'}
313.7284 	DATA 	Trial Onset - ProblemType: RR, ProblemNumber: RR11, leftRight: 1, samplingDur: 15, assignedITI: 1.2853
313.7284 	DATA 	Sampling Onset
314.4281 	DATA 	Keypress: 2
314.4444 	EXP 	unnamed TextStim: text = '+38'
314.9494 	DATA 	Sampled Response: 1, Outcome Shown: +30
315.1613 	DATA 	Keypress: 1
315.1777 	EXP 	unnamed TextStim: text = '+30'
315.6836 	DATA 	Sampled Response: 2, Outcome Shown: +22
315.9279 	DATA 	Keypress: 2
315.9442 	EXP 	unnamed TextStim: text = '+22'
316.4491 	DATA 	Sampled Response: 1, Outcome Shown: +30
316.6610 	DATA 	Keypress: 1
316.6774 	EXP 	unnamed TextStim: text = '+30'
317.1833 	DATA 	Sampled Response: 2, Outcome Shown: +38
317.3612 	DATA 	Keypress: 2
317.3775 	EXP 	unnamed TextStim: text = '+22'
317.8862 	DATA 	Sampled Response: 1, Outcome Shown: +30
318.0610 	DATA 	Keypress: 1
318.0774 	EXP 	unnamed TextStim: text = '+30'
318.5892 	DATA 	Sampled Response: 2, Outcome Shown: +22
318.7607 	DATA 	Keypress: 2
318.7773 	EXP 	unnamed TextStim: text = '+22'
319.2765 	DATA 	Sampled Response: 1, Outcome Shown: +30
319.4941 	DATA 	Keypress: 1
319.5105 	EXP 	unnamed TextStim: text = '+30'
320.0107 	DATA 	Sampled Response: 2, Outcome Shown: +22
320.1941 	DATA 	Keypress: 2
320.2103 	EXP 	unnamed TextStim: text = '+38'
320.7137 	DATA 	Sampled Response: 1, Outcome Shown: -10
321.0274 	DATA 	Keypress: 1
321.0437 	EXP 	unnamed TextStim: text = '+30'
321.5416 	DATA 	Sampled Response: 2, Outcome Shown: +38
321.7607 	DATA 	Keypress: 2
321.7770 	EXP 	unnamed TextStim: text = '+22'
322.2758 	DATA 	Sampled Response: 1, Outcome Shown: +30
322.5280 	DATA 	Keypress: 1
322.5603 	EXP 	unnamed TextStim: text = '+30'
323.0725 	DATA 	Sampled Response: 2, Outcome Shown: +22
323.2936 	DATA 	Keypress: 2
323.3102 	EXP 	unnamed TextStim: text = '+38'
323.8223 	DATA 	Sampled Response: 1, Outcome Shown: +30
324.1103 	DATA 	Keypress: 1
324.1267 	EXP 	unnamed TextStim: text = '+30'
324.6346 	DATA 	Sampled Response: 2, Outcome Shown: +22
324.7939 	DATA 	Keypress: 2
324.8100 	EXP 	unnamed TextStim: text = '+38'
325.3220 	DATA 	Sampled Response: 1, Outcome Shown: -10
325.7768 	DATA 	Keypress: 1
325.7931 	EXP 	unnamed TextStim: text = '-10'
326.2904 	DATA 	Sampled Response: 2, Outcome Shown: +38
326.5602 	DATA 	Keypress: 2
326.5765 	EXP 	unnamed TextStim: text = '+22'
327.0872 	DATA 	Sampled Response: 1, Outcome Shown: +30
327.2932 	DATA 	Keypress: 1
327.3097 	EXP 	unnamed TextStim: text = '+30'
327.8217 	DATA 	Sampled Response: 2, Outcome Shown: +38
328.0265 	DATA 	Keypress: 2
328.0429 	EXP 	unnamed TextStim: text = '+22'
328.5402 	DATA 	Sampled Response: 1, Outcome Shown: -10
328.5404 	DATA 	** broke sampling loop (<.5s left in trial) **
328.5411 	DATA 	samplingCount: 19
328.5411 	DATA 	Think Onset
328.5444 	EXP 	unnamed Rect: lineColor = 'white (named)'
328.5444 	EXP 	unnamed Rect: lineColor = 'white (named)'
328.7769 	DATA 	Keypress: 1
331.5593 	DATA 	Decide Onset
331.8794 	DATA 	Keypress: 2
331.8795 	DATA 	Decision Button Press: ['2']
331.8795 	DATA 	Decision Response: 1
331.8829 	EXP 	unnamed Rect: lineColor = 'red (named)'
332.3905 	DATA 	ITI Onset
332.3936 	EXP 	unnamed Rect: lineColor = 'white (named)'
332.3936 	EXP 	unnamed Rect: lineColor = 'white (named)'
332.3936 	EXP 	unnamed TextStim: text = '+30'
332.3936 	EXP 	unnamed TextStim: text = '+22'
335.2593 	DATA 	Trial End Time - totalITI: 2.8529254201
335.2595 	EXP 	New trial (rep=0, index=14): {'P1_1': '0.4', 'P1_2': '1', 'SafeOption': '2', 'P2_2': '0', 'O2_2': '0', 'O2_1': '-20', 'ProbNumber': 'MD4', 'O1_2': '-4', 'O1_1': '15', 'EV2': '-4', 'EV1': '-6', 'ProbType': 'MD', 'P2_1': '0.6'}
335.2596 	DATA 	Trial Onset - ProblemType: MD, ProblemNumber: MD4, leftRight: 1, samplingDur: 18, assignedITI: 1.3267
335.2596 	DATA 	Sampling Onset
336.0089 	DATA 	Keypress: 2
336.0253 	EXP 	unnamed TextStim: text = '+15'
336.5230 	DATA 	Sampled Response: 1, Outcome Shown: -4
336.7255 	DATA 	Keypress: 1
336.7419 	EXP 	unnamed TextStim: text = '-4'
337.2416 	DATA 	Sampled Response: 2, Outcome Shown: -20
337.5254 	DATA 	Keypress: 2
337.5419 	EXP 	unnamed TextStim: text = '+15'
338.0539 	DATA 	Sampled Response: 1, Outcome Shown: -4
338.4086 	DATA 	Keypress: 1
338.4250 	EXP 	unnamed TextStim: text = '-4'
338.9287 	DATA 	Sampled Response: 2, Outcome Shown: -20
339.2753 	DATA 	Keypress: 2
339.2917 	EXP 	unnamed TextStim: text = '-20'
339.8035 	DATA 	Sampled Response: 1, Outcome Shown: -4
340.1584 	DATA 	Keypress: 1
340.1748 	EXP 	unnamed TextStim: text = '-4'
340.6783 	DATA 	Sampled Response: 2, Outcome Shown: -20
340.8418 	DATA 	Keypress: 2
340.8579 	EXP 	unnamed TextStim: text = '-20'
341.3657 	DATA 	Sampled Response: 1, Outcome Shown: -4
341.7415 	DATA 	Keypress: 1
341.7579 	EXP 	unnamed TextStim: text = '-4'
342.2560 	DATA 	Sampled Response: 2, Outcome Shown: +15
342.4249 	DATA 	Keypress: 2
342.4412 	EXP 	unnamed TextStim: text = '+15'
342.9434 	DATA 	Sampled Response: 1, Outcome Shown: -4
343.5078 	DATA 	Keypress: 1
343.5245 	EXP 	unnamed TextStim: text = '-4'
344.0369 	DATA 	Sampled Response: 2, Outcome Shown: -20
344.2747 	DATA 	Keypress: 2
344.2911 	EXP 	unnamed TextStim: text = '-20'
344.8023 	DATA 	Sampled Response: 1, Outcome Shown: -4
345.1911 	DATA 	Keypress: 1
345.2074 	EXP 	unnamed TextStim: text = '-4'
345.7084 	DATA 	Sampled Response: 2, Outcome Shown: -20
345.8577 	DATA 	Keypress: 2
345.8742 	EXP 	unnamed TextStim: text = '-20'
346.3801 	DATA 	Sampled Response: 1, Outcome Shown: -4
346.6410 	DATA 	Keypress: 1
346.6574 	EXP 	unnamed TextStim: text = '-4'
347.1611 	DATA 	Sampled Response: 2, Outcome Shown: +15
347.2744 	DATA 	Keypress: 2
347.2906 	EXP 	unnamed TextStim: text = '-20'
347.8017 	DATA 	Sampled Response: 1, Outcome Shown: -4
347.8020 	DATA 	Keypress: 1
348.9574 	DATA 	Keypress: 1
348.9739 	EXP 	unnamed TextStim: text = '-4'
349.4731 	DATA 	Sampled Response: 2, Outcome Shown: +15
349.7915 	DATA 	Keypress: 2
349.8237 	EXP 	unnamed TextStim: text = '-20'
350.3323 	DATA 	Sampled Response: 1, Outcome Shown: -4
350.4906 	DATA 	Keypress: 1
350.5070 	EXP 	unnamed TextStim: text = '-4'
351.0196 	DATA 	Sampled Response: 2, Outcome Shown: -20
351.1404 	DATA 	Keypress: 2
351.1568 	EXP 	unnamed TextStim: text = '-20'
351.6601 	DATA 	Sampled Response: 1, Outcome Shown: -4
351.7070 	DATA 	Keypress: 1
351.7235 	EXP 	unnamed TextStim: text = '-4'
352.2225 	DATA 	Sampled Response: 2, Outcome Shown: +15
352.2904 	DATA 	Keypress: 2
352.3066 	EXP 	unnamed TextStim: text = '+15'
352.8161 	DATA 	Sampled Response: 1, Outcome Shown: -4
352.8163 	DATA 	** broke sampling loop (<.5s left in trial) **
352.8170 	DATA 	samplingCount: 21
352.8170 	DATA 	Think Onset
352.8205 	EXP 	unnamed Rect: lineColor = 'white (named)'
352.8205 	EXP 	unnamed Rect: lineColor = 'white (named)'
355.8395 	DATA 	Decide Onset
356.3354 	DATA 	Keypress: 1
356.3355 	DATA 	Decision Button Press: ['1']
356.3356 	DATA 	Decision Response: 2
356.3389 	EXP 	unnamed Rect: lineColor = 'red (named)'
356.8532 	DATA 	ITI Onset
356.8563 	EXP 	unnamed Rect: lineColor = 'white (named)'
356.8563 	EXP 	unnamed Rect: lineColor = 'white (named)'
356.8563 	EXP 	unnamed TextStim: text = '-4'
356.8563 	EXP 	unnamed TextStim: text = '+15'
359.8397 	DATA 	Trial End Time - totalITI: 2.97385868484
359.8399 	EXP 	New trial (rep=0, index=15): {'P1_1': '0.9', 'P1_2': '1', 'SafeOption': '2', 'P2_2': '0', 'O2_2': '0', 'O2_1': '-10', 'ProbNumber': 'MD8', 'O1_2': '3', 'O1_1': '5', 'EV2': '3', 'EV1': '3.5', 'ProbType': 'MD', 'P2_1': '0.1'}
359.8400 	DATA 	Trial Onset - ProblemType: MD, ProblemNumber: MD8, leftRight: 1, samplingDur: 15, assignedITI: 2.3911
359.8400 	DATA 	Sampling Onset
360.6728 	DATA 	Keypress: 2
360.6891 	EXP 	unnamed TextStim: text = '+5'
361.1891 	DATA 	Sampled Response: 1, Outcome Shown: +3
361.4560 	DATA 	Keypress: 1
361.4724 	EXP 	unnamed TextStim: text = '+3'
361.9701 	DATA 	Sampled Response: 2, Outcome Shown: +5
362.2059 	DATA 	Keypress: 2
362.2223 	EXP 	unnamed TextStim: text = '+5'
362.7200 	DATA 	Sampled Response: 1, Outcome Shown: +3
363.0723 	DATA 	Keypress: 1
363.0890 	EXP 	unnamed TextStim: text = '+3'
363.5948 	DATA 	Sampled Response: 2, Outcome Shown: +5
363.9723 	DATA 	Keypress: 2
363.9888 	EXP 	unnamed TextStim: text = '+5'
364.5008 	DATA 	Sampled Response: 1, Outcome Shown: +3
364.8221 	DATA 	Keypress: 1
364.8386 	EXP 	unnamed TextStim: text = '+3'
365.3444 	DATA 	Sampled Response: 2, Outcome Shown: +5
365.6056 	DATA 	Keypress: 2
365.6218 	EXP 	unnamed TextStim: text = '+5'
366.1254 	DATA 	Sampled Response: 1, Outcome Shown: +3
366.3384 	DATA 	Keypress: 1
366.3547 	EXP 	unnamed TextStim: text = '+3'
366.8596 	DATA 	Sampled Response: 2, Outcome Shown: +5
367.1555 	DATA 	Keypress: 2
367.1717 	EXP 	unnamed TextStim: text = '+5'
367.6720 	DATA 	Sampled Response: 1, Outcome Shown: +3
367.9385 	DATA 	Keypress: 1
367.9550 	EXP 	unnamed TextStim: text = '+3'
368.4530 	DATA 	Sampled Response: 2, Outcome Shown: +5
368.6551 	DATA 	Keypress: 2
368.6715 	EXP 	unnamed TextStim: text = '+5'
369.1716 	DATA 	Sampled Response: 1, Outcome Shown: +3
369.4217 	DATA 	Keypress: 1
369.4381 	EXP 	unnamed TextStim: text = '+3'
369.9370 	DATA 	Sampled Response: 2, Outcome Shown: +5
370.1549 	DATA 	Keypress: 2
370.1715 	EXP 	unnamed TextStim: text = '+5'
370.6713 	DATA 	Sampled Response: 1, Outcome Shown: +3
370.9217 	DATA 	Keypress: 1
370.9380 	EXP 	unnamed TextStim: text = '+3'
371.4367 	DATA 	Sampled Response: 2, Outcome Shown: +5
371.7382 	DATA 	Keypress: 2
371.7545 	EXP 	unnamed TextStim: text = '+5'
372.2646 	DATA 	Sampled Response: 1, Outcome Shown: +3
372.5215 	DATA 	Keypress: 1
372.5377 	EXP 	unnamed TextStim: text = '+3'
373.0456 	DATA 	Sampled Response: 2, Outcome Shown: +5
373.2878 	DATA 	Keypress: 2
373.3043 	EXP 	unnamed TextStim: text = '+5'
373.8111 	DATA 	Sampled Response: 1, Outcome Shown: +3
374.0545 	DATA 	Keypress: 1
374.0709 	EXP 	unnamed TextStim: text = '+3'
374.5766 	DATA 	Sampled Response: 2, Outcome Shown: +5
374.5768 	DATA 	** broke sampling loop (<.5s left in trial) **
374.5775 	DATA 	samplingCount: 18
374.5775 	DATA 	Think Onset
374.5809 	EXP 	unnamed Rect: lineColor = 'white (named)'
374.5809 	EXP 	unnamed Rect: lineColor = 'white (named)'
374.7880 	DATA 	Keypress: 2
377.6039 	DATA 	Decide Onset
378.0473 	DATA 	Keypress: 2
378.0474 	DATA 	Decision Button Press: ['2']
378.0474 	DATA 	Decision Response: 1
378.0511 	EXP 	unnamed Rect: lineColor = 'red (named)'
378.5665 	DATA 	ITI Onset
378.5697 	EXP 	unnamed Rect: lineColor = 'white (named)'
378.5697 	EXP 	unnamed Rect: lineColor = 'white (named)'
378.5697 	EXP 	unnamed TextStim: text = '+3'
378.5697 	EXP 	unnamed TextStim: text = '+5'
382.4872 	DATA 	Trial End Time - totalITI: 3.91066239138
382.4874 	EXP 	New trial (rep=0, index=16): {'P1_1': '0.9', 'P1_2': '1', 'SafeOption': '2', 'P2_2': '0', 'O2_2': '0', 'O2_1': '-30', 'ProbNumber': 'MD2', 'O1_2': '-1', 'O1_1': '2', 'EV2': '-1', 'EV1': '-1.2', 'ProbType': 'MD', 'P2_1': '0.1'}
382.4875 	DATA 	Trial Onset - ProblemType: MD, ProblemNumber: MD2, leftRight: 1, samplingDur: 19, assignedITI: 1.1477
382.4875 	DATA 	Sampling Onset
383.0199 	DATA 	Keypress: 1
383.0364 	EXP 	unnamed TextStim: text = '-1'
383.5437 	DATA 	Sampled Response: 2, Outcome Shown: +2
383.6866 	DATA 	Keypress: 2
383.7032 	EXP 	unnamed TextStim: text = '+2'
384.2155 	DATA 	Sampled Response: 1, Outcome Shown: -1
384.3699 	DATA 	Keypress: 1
384.3863 	EXP 	unnamed TextStim: text = '-1'
384.8871 	DATA 	Sampled Response: 2, Outcome Shown: +2
385.1039 	DATA 	Keypress: 2
385.1363 	EXP 	unnamed TextStim: text = '+2'
385.6370 	DATA 	Sampled Response: 1, Outcome Shown: -1
385.8365 	DATA 	Keypress: 1
385.8528 	EXP 	unnamed TextStim: text = '-1'
386.3555 	DATA 	Sampled Response: 2, Outcome Shown: +2
386.5699 	DATA 	Keypress: 2
386.5861 	EXP 	unnamed TextStim: text = '+2'
387.0895 	DATA 	Sampled Response: 1, Outcome Shown: -1
387.4030 	DATA 	Keypress: 2
387.4193 	EXP 	unnamed TextStim: text = '+2'
387.9177 	DATA 	Sampled Response: 1, Outcome Shown: -1
388.0528 	DATA 	Keypress: 1
388.0692 	EXP 	unnamed TextStim: text = '-1'
388.5738 	DATA 	Sampled Response: 2, Outcome Shown: +2
388.7029 	DATA 	Keypress: 2
388.7193 	EXP 	unnamed TextStim: text = '+2'
389.2299 	DATA 	Sampled Response: 1, Outcome Shown: -1
389.4360 	DATA 	Keypress: 1
389.4525 	EXP 	unnamed TextStim: text = '-1'
389.9641 	DATA 	Sampled Response: 2, Outcome Shown: +2
390.1360 	DATA 	Keypress: 2
390.1524 	EXP 	unnamed TextStim: text = '-30'
390.6514 	DATA 	Sampled Response: 1, Outcome Shown: -1
390.8525 	DATA 	Keypress: 1
390.8689 	EXP 	unnamed TextStim: text = '-1'
391.3700 	DATA 	Sampled Response: 2, Outcome Shown: +2
391.5023 	DATA 	Keypress: 2
391.5187 	EXP 	unnamed TextStim: text = '+2'
392.0261 	DATA 	Sampled Response: 1, Outcome Shown: -1
392.2357 	DATA 	Keypress: 1
392.2520 	EXP 	unnamed TextStim: text = '-1'
392.7603 	DATA 	Sampled Response: 2, Outcome Shown: -30
392.9690 	DATA 	Keypress: 2
392.9853 	EXP 	unnamed TextStim: text = '+2'
393.4945 	DATA 	Sampled Response: 1, Outcome Shown: -1
393.7020 	DATA 	Keypress: 1
393.7184 	EXP 	unnamed TextStim: text = '-1'
394.2287 	DATA 	Sampled Response: 2, Outcome Shown: +2
394.3856 	DATA 	Keypress: 2
394.4018 	EXP 	unnamed TextStim: text = '+2'
394.9004 	DATA 	Sampled Response: 1, Outcome Shown: -1
395.1187 	DATA 	Keypress: 2
395.1351 	EXP 	unnamed TextStim: text = '+2'
395.6344 	DATA 	Sampled Response: 1, Outcome Shown: -1
395.8019 	DATA 	Keypress: 1
395.8184 	EXP 	unnamed TextStim: text = '-1'
396.3220 	DATA 	Sampled Response: 2, Outcome Shown: -30
396.4851 	DATA 	Keypress: 2
396.5015 	EXP 	unnamed TextStim: text = '+2'
397.0093 	DATA 	Sampled Response: 1, Outcome Shown: -1
397.9359 	DATA 	Keypress: 2
397.9681 	EXP 	unnamed TextStim: text = '+2'
398.4777 	DATA 	Sampled Response: 1, Outcome Shown: -1
398.6017 	DATA 	Keypress: 1
398.6180 	EXP 	unnamed TextStim: text = '-1'
399.1182 	DATA 	Sampled Response: 2, Outcome Shown: +2
399.2515 	DATA 	Keypress: 2
399.2679 	EXP 	unnamed TextStim: text = '+2'
399.7742 	DATA 	Sampled Response: 1, Outcome Shown: -1
400.0181 	DATA 	Keypress: 1
400.0345 	EXP 	unnamed TextStim: text = '-1'
400.5397 	DATA 	Sampled Response: 2, Outcome Shown: +2
400.9013 	DATA 	Keypress: 2
400.9179 	EXP 	unnamed TextStim: text = '+2'
401.4301 	DATA 	Sampled Response: 1, Outcome Shown: -1
401.4304 	DATA 	** broke sampling loop (<.5s left in trial) **
401.4311 	DATA 	samplingCount: 25
401.4311 	DATA 	Think Onset
401.4345 	EXP 	unnamed Rect: lineColor = 'white (named)'
401.4345 	EXP 	unnamed Rect: lineColor = 'white (named)'
404.4508 	DATA 	Decide Onset
404.7353 	DATA 	Keypress: 2
404.7354 	DATA 	Decision Button Press: ['2']
404.7355 	DATA 	Decision Response: 1
404.7388 	EXP 	unnamed Rect: lineColor = 'red (named)'
405.2479 	DATA 	ITI Onset
405.2510 	EXP 	unnamed Rect: lineColor = 'white (named)'
405.2510 	EXP 	unnamed Rect: lineColor = 'white (named)'
405.2510 	EXP 	unnamed TextStim: text = '-1'
405.2510 	EXP 	unnamed TextStim: text = '+2'
407.8841 	DATA 	Trial End Time - totalITI: 2.62002437674
407.8843 	EXP 	New trial (rep=0, index=17): {'P1_1': '0.1', 'P1_2': '1', 'SafeOption': '2', 'P2_2': '0', 'O2_2': '0', 'O2_1': '-5', 'ProbNumber': 'MD5', 'O1_2': '-4', 'O1_1': '25', 'EV2': '-4', 'EV1': '-2', 'ProbType': 'MD', 'P2_1': '0.9'}
407.8844 	DATA 	Trial Onset - ProblemType: MD, ProblemNumber: MD5, leftRight: 0, samplingDur: 16, assignedITI: 1.1749
407.8844 	DATA 	Sampling Onset
408.4340 	DATA 	Keypress: 2
408.4503 	EXP 	unnamed TextStim: text = '-4'
408.9604 	DATA 	Sampled Response: 2, Outcome Shown: -4
409.1003 	DATA 	Keypress: 1
409.1168 	EXP 	unnamed TextStim: text = '-5'
409.6165 	DATA 	Sampled Response: 1, Outcome Shown: -5
409.8170 	DATA 	Keypress: 2
409.8334 	EXP 	unnamed TextStim: text = '-4'
410.3350 	DATA 	Sampled Response: 2, Outcome Shown: -4
410.5503 	DATA 	Keypress: 1
410.5667 	EXP 	unnamed TextStim: text = '+25'
411.0693 	DATA 	Sampled Response: 1, Outcome Shown: +25
411.3002 	DATA 	Keypress: 2
411.3166 	EXP 	unnamed TextStim: text = '-4'
411.8191 	DATA 	Sampled Response: 2, Outcome Shown: -4
412.0001 	DATA 	Keypress: 1
412.0165 	EXP 	unnamed TextStim: text = '-5'
412.5221 	DATA 	Sampled Response: 1, Outcome Shown: -5
412.7002 	DATA 	Keypress: 2
412.7164 	EXP 	unnamed TextStim: text = '-4'
413.2250 	DATA 	Sampled Response: 2, Outcome Shown: -4
413.4666 	DATA 	Keypress: 1
413.4829 	EXP 	unnamed TextStim: text = '-5'
413.9905 	DATA 	Sampled Response: 1, Outcome Shown: -5
414.2331 	DATA 	Keypress: 2
414.2495 	EXP 	unnamed TextStim: text = '-4'
414.7559 	DATA 	Sampled Response: 2, Outcome Shown: -4
415.1330 	DATA 	Keypress: 1
415.1495 	EXP 	unnamed TextStim: text = '-5'
415.6620 	DATA 	Sampled Response: 1, Outcome Shown: -5
415.9162 	DATA 	Keypress: 2
415.9328 	EXP 	unnamed TextStim: text = '-4'
416.4430 	DATA 	Sampled Response: 2, Outcome Shown: -4
416.5829 	DATA 	Keypress: 1
416.5993 	EXP 	unnamed TextStim: text = '-5'
417.0991 	DATA 	Sampled Response: 1, Outcome Shown: -5
417.4328 	DATA 	Keypress: 2
417.4492 	EXP 	unnamed TextStim: text = '-4'
417.9583 	DATA 	Sampled Response: 2, Outcome Shown: -4
418.1835 	DATA 	Keypress: 1
418.2155 	EXP 	unnamed TextStim: text = '-5'
418.7237 	DATA 	Sampled Response: 1, Outcome Shown: -5
418.8826 	DATA 	Keypress: 2
418.8991 	EXP 	unnamed TextStim: text = '-4'
419.4111 	DATA 	Sampled Response: 2, Outcome Shown: -4
419.4825 	DATA 	Keypress: 1
419.4989 	EXP 	unnamed TextStim: text = '-5'
420.0047 	DATA 	Sampled Response: 1, Outcome Shown: -5
420.0653 	DATA 	Keypress: 2
420.0817 	EXP 	unnamed TextStim: text = '-4'
420.5827 	DATA 	Sampled Response: 2, Outcome Shown: -4
420.6325 	DATA 	Keypress: 1
420.6490 	EXP 	unnamed TextStim: text = '-5'
421.1607 	DATA 	Sampled Response: 1, Outcome Shown: -5
421.1610 	DATA 	Keypress: 2
421.7490 	DATA 	Keypress: 1
421.7654 	EXP 	unnamed TextStim: text = '-5'
422.2698 	DATA 	Sampled Response: 1, Outcome Shown: -5
422.3655 	DATA 	Keypress: 2
422.3819 	EXP 	unnamed TextStim: text = '-4'
422.8946 	DATA 	Sampled Response: 2, Outcome Shown: -4
422.9654 	DATA 	Keypress: 1
422.9820 	EXP 	unnamed TextStim: text = '+25'
423.4882 	DATA 	Sampled Response: 1, Outcome Shown: +25
423.4884 	DATA 	** broke sampling loop (<.5s left in trial) **
423.4892 	DATA 	samplingCount: 21
423.4892 	DATA 	Think Onset
423.4924 	EXP 	unnamed Rect: lineColor = 'white (named)'
423.4924 	EXP 	unnamed Rect: lineColor = 'white (named)'
423.8492 	DATA 	Keypress: 2
426.5149 	DATA 	Decide Onset
426.8394 	DATA 	Keypress: 1
426.8395 	DATA 	Decision Button Press: ['1']
426.8395 	DATA 	Decision Response: 1
426.8429 	EXP 	unnamed Rect: lineColor = 'red (named)'
427.3535 	DATA 	ITI Onset
427.3566 	EXP 	unnamed Rect: lineColor = 'white (named)'
427.3566 	EXP 	unnamed Rect: lineColor = 'white (named)'
427.3566 	EXP 	unnamed TextStim: text = '+25'
427.3566 	EXP 	unnamed TextStim: text = '-4'
430.3150 	DATA 	Trial End Time - totalITI: 2.94614989468
430.4131 	INFO 	saved wide-format data to logs/DE251/DE251_ebdm_run_2.csv
430.4132 	DATA 	*****END RUN 2*****
430.4505 	EXP 	window1: mouseVisible = True
