8.0273 	INFO 	Loaded monitor calibration from ['2018_11_30 14:23']
8.0293 	WARNING 	User requested fullscreen with size [800 600], but screen is actually [1920, 1080]. Using actual size
8.8180 	EXP 	Created window1 = Window(allowGUI=False, allowStencil=False, args=UNKNOWN, autoLog=True, bitsMode=UNKNOWN, blendMode='avg', color='black', colorSpace='named', fullscr=UNKNOWN, gamma=None, kwargs=UNKNOWN, lms=UNKNOWN, monitor=<psychopy.monitors.calibTools.Monitor object at 0x1BA1F0F0>, multiSample=False, name='window1', numSamples=2, pos=[0, 0], screen=0, size=array([1920, 1080]), stereo=False, units='deg', useFBO=False, useRetina=False, viewOri=0.0, viewPos=None, viewScale=None, waitBlanking=True, winType='pyglet')
8.8682 	EXP 	Created unnamed TextStim = TextStim(alignHoriz='center', alignVert='center', antialias=True, autoLog=True, bold=False, color=array([ 1.,  1.,  1.]), colorSpace='rgb', contrast=1.0, depth=0, flipHoriz=False, flipVert=False, font='', fontFiles=[], height=2, italic=False, name='unnamed TextStim', opacity=1.0, ori=0.0, pos=array([ 0.,  0.]), rgb=array([ 1.,  1.,  1.]), text='+', units='deg', win=Window(...), wrapWidth=15.0)
8.9076 	EXP 	Created unnamed TextStim = TextStim(alignHoriz='center', alignVert='center', antialias=True, autoLog=True, bold=False, color=array([ 1.,  1.,  1.]), colorSpace='rgb', contrast=1.0, depth=0, flipHoriz=False, flipVert=False, font='', fontFiles=[], height=1.5, italic=False, name='unnamed TextStim', opacity=1.0, ori=0.0, pos=array([ 0.,  0.]), rgb=array([ 1.,  1.,  1.]), text=newstr(...), units='deg', win=Window(...), wrapWidth=15.0)
8.9245 	EXP 	Created unnamed TextStim = TextStim(alignHoriz='center', alignVert='center', antialias=True, autoLog=True, bold=False, color=array([ 1.,  1.,  1.]), colorSpace='rgb', contrast=1.0, depth=0, flipHoriz=False, flipVert=False, font='', fontFiles=[], height=1.5, italic=False, name='unnamed TextStim', opacity=1.0, ori=0.0, pos=array([ 0.,  0.]), rgb=array([ 1.,  1.,  1.]), text='Waiting for scanner...', units='deg', win=Window(...), wrapWidth=15.0)
8.9453 	EXP 	Created unnamed TextStim = TextStim(alignHoriz='center', alignVert='center', antialias=True, autoLog=True, bold=False, color='white', colorSpace='named', contrast=1.0, depth=0, flipHoriz=False, flipVert=False, font='', fontFiles=[], height=1, italic=False, name='unnamed TextStim', opacity=1.0, ori=0.0, pos=array([ 0.,  0.]), rgb=array([ 255.,  255.,  255.]), text='Press SPACE to continue.', units='deg', win=Window(...), wrapWidth=15.0)
8.9561 	EXP 	Created unnamed TextStim = TextStim(alignHoriz='center', alignVert='center', antialias=True, autoLog=True, bold=False, color=array([ 1.,  1.,  1.]), colorSpace='rgb', contrast=1.0, depth=0, flipHoriz=False, flipVert=False, font='', fontFiles=[], height=0.1, italic=False, name='unnamed TextStim', opacity=1.0, ori=0.0, pos=array([ 0.,  0.]), rgb=array([ 1.,  1.,  1.]), text='THINK', units='norm', win=Window(...), wrapWidth=1)
8.9635 	EXP 	Created unnamed TextStim = TextStim(alignHoriz='center', alignVert='center', antialias=True, autoLog=True, bold=False, color=array([ 1.,  1.,  1.]), colorSpace='rgb', contrast=1.0, depth=0, flipHoriz=False, flipVert=False, font='', fontFiles=[], height=0.1, italic=False, name='unnamed TextStim', opacity=1.0, ori=0.0, pos=array([ 0.,  0.]), rgb=array([ 1.,  1.,  1.]), text='DECIDE', units='norm', win=Window(...), wrapWidth=1)
8.9691 	EXP 	<method-wrapper '__getattribute__' of attributeSetter object at 0x05E0F270>: vertices = array([[-0.275     ,  0.48888889],
       [ 0.275     ,  0.48888889],
       [ 0.275     , -0.48888889],
       [-0.275     , -0.48888889]])
8.9698 	EXP 	Created unnamed Rect = Rect(autoDraw=False, autoLog=True, closeShape=True, contrast=1.0, depth=0, fillColor=None, fillColorSpace='rgb', fillRGB=None, interpolate=True, lineColor='white', lineColorSpace='named', lineRGB=array([ 255.,  255.,  255.]), lineWidth=3.5, name='unnamed Rect', opacity=1.0, ori=array(0.0), pos=array([-0.5125    , -0.09444444]), size=array([ 1.,  1.]), units='norm', vertices=ndarray(...), win=Window(...))
8.9700 	EXP 	<method-wrapper '__getattribute__' of attributeSetter object at 0x05E0F270>: vertices = array([[-0.275     ,  0.48888889],
       [ 0.275     ,  0.48888889],
       [ 0.275     , -0.48888889],
       [-0.275     , -0.48888889]])
8.9707 	EXP 	Created unnamed Rect = Rect(autoDraw=False, autoLog=True, closeShape=True, contrast=1.0, depth=0, fillColor=None, fillColorSpace='rgb', fillRGB=None, interpolate=True, lineColor='white', lineColorSpace='named', lineRGB=array([ 255.,  255.,  255.]), lineWidth=3.5, name='unnamed Rect', opacity=1.0, ori=array(0.0), pos=array([ 0.4875    , -0.09444444]), size=array([ 1.,  1.]), units='norm', vertices=ndarray(...), win=Window(...))
8.9930 	EXP 	Created unnamed TextStim = TextStim(alignHoriz='center', alignVert='center', antialias=True, autoLog=True, bold=False, color=array([ 1.,  1.,  1.]), colorSpace='rgb', contrast=1.0, depth=0, flipHoriz=False, flipVert=False, font='', fontFiles=[], height=0.2, italic=False, name='unnamed TextStim', opacity=1.0, ori=0.0, pos=array([-0.5125    , -0.09444444]), rgb=array([ 1.,  1.,  1.]), text='Hello World', units='norm', win=Window(...), wrapWidth=1)
9.0013 	EXP 	Created unnamed TextStim = TextStim(alignHoriz='center', alignVert='center', antialias=True, autoLog=True, bold=False, color=array([ 1.,  1.,  1.]), colorSpace='rgb', contrast=1.0, depth=0, flipHoriz=False, flipVert=False, font='', fontFiles=[], height=0.2, italic=False, name='unnamed TextStim', opacity=1.0, ori=0.0, pos=array([ 0.4875    , -0.09444444]), rgb=array([ 1.,  1.,  1.]), text='Hello World', units='norm', win=Window(...), wrapWidth=1)
9.0183 	EXP 	Created unnamed TextStim = TextStim(alignHoriz='center', alignVert='center', antialias=True, autoLog=True, bold=False, color=array([ 1.,  1.,  1.]), colorSpace='rgb', contrast=1.0, depth=0, flipHoriz=False, flipVert=False, font='', fontFiles=[], height=0.1, italic=False, name='unnamed TextStim', opacity=1.0, ori=0.0, pos=array([-0.5125    , -0.82777778]), rgb=array([ 1.,  1.,  1.]), text='Press 1', units='norm', win=Window(...), wrapWidth=1)
9.0259 	EXP 	Created unnamed TextStim = TextStim(alignHoriz='center', alignVert='center', antialias=True, autoLog=True, bold=False, color=array([ 1.,  1.,  1.]), colorSpace='rgb', contrast=1.0, depth=0, flipHoriz=False, flipVert=False, font='', fontFiles=[], height=0.1, italic=False, name='unnamed TextStim', opacity=1.0, ori=0.0, pos=array([ 0.4875    , -0.82777778]), rgb=array([ 1.,  1.,  1.]), text='Press 2', units='norm', win=Window(...), wrapWidth=1)
9.0596 	EXP 	Created unnamed ImageStim = ImageStim(autoLog=True, color=array([ 1.,  1.,  1.]), colorSpace='rgb', contrast=1.0, depth=0, flipHoriz=False, flipVert=False, image=str(...), interpolate=False, mask=None, maskParams=None, name='unnamed ImageStim', opacity=1.0, ori=0.0, pos=array([ 0.,  0.]), size=array([ 1.35416667,  1.3537037 ]), texRes=128, units='norm', win=Window(...))
9.0896 	EXP 	Created unnamed ImageStim = ImageStim(autoLog=True, color=array([ 1.,  1.,  1.]), colorSpace='rgb', contrast=1.0, depth=0, flipHoriz=False, flipVert=False, image=str(...), interpolate=False, mask=None, maskParams=None, name='unnamed ImageStim', opacity=1.0, ori=0.0, pos=array([ 0.,  0.]), size=array([ 1.35416667,  1.3537037 ]), texRes=128, units='norm', win=Window(...))
9.1195 	EXP 	Created unnamed ImageStim = ImageStim(autoLog=True, color=array([ 1.,  1.,  1.]), colorSpace='rgb', contrast=1.0, depth=0, flipHoriz=False, flipVert=False, image=str(...), interpolate=False, mask=None, maskParams=None, name='unnamed ImageStim', opacity=1.0, ori=0.0, pos=array([ 0.,  0.]), size=array([ 1.35416667,  1.3537037 ]), texRes=128, units='norm', win=Window(...))
9.1478 	EXP 	Created unnamed ImageStim = ImageStim(autoLog=True, color=array([ 1.,  1.,  1.]), colorSpace='rgb', contrast=1.0, depth=0, flipHoriz=False, flipVert=False, image=str(...), interpolate=False, mask=None, maskParams=None, name='unnamed ImageStim', opacity=1.0, ori=0.0, pos=array([ 0.,  0.]), size=array([ 1.35416667,  1.3537037 ]), texRes=128, units='norm', win=Window(...))
9.1535 	EXP 	Created sequence: sequential, trialTypes=18, nReps=1, seed=None
9.2908 	DEBUG 	Using C:\Users\tug62048\Documents\DEGAP_Liz\SamplingMachine_bPilotv2.py as origin file
9.2913 	EXP 	Created sequence: sequential, trialTypes=18, nReps=1, seed=None
9.2918 	DEBUG 	Using C:\Users\tug62048\Documents\DEGAP_Liz\SamplingMachine_bPilotv2.py as origin file
0.0056 	DATA 	** START RUN 1 **
1.8956 	DATA 	Keypress: space
4.0717 	DATA 	Keypress: space
4.7436 	DATA 	Keypress: space
6.3836 	DATA 	Keypress: space
6.3840 	EXP 	New trial (rep=0, index=0): {'P1_1': '0.8', 'P1_2': '1', 'SafeOption': '2', 'P2_2': '0', 'O2_2': '0', 'O2_1': '0', 'ProbNumber': 'SD7', 'O1_2': '3', 'O1_1': '4', 'EV2': '3', 'EV1': '3.2', 'ProbType': 'SD', 'P2_1': '0.2'}
6.3841 	DATA 	Trial Onset - ProblemType: SD, ProblemNumber: SD7, leftRight: 0, samplingDur: 19, assignedITI: 1.0587
6.3841 	DATA 	Sampling Onset
7.9579 	DATA 	Keypress: 1
7.9740 	EXP 	unnamed TextStim: text = '0'
8.4749 	DATA 	Sampled Response: 1, Outcome Shown: 0
8.4752 	DATA 	Keypress: 2
8.8743 	DATA 	Keypress: 2
8.8909 	EXP 	unnamed TextStim: text = '+3'
9.3916 	DATA 	Sampled Response: 2, Outcome Shown: +3
9.8911 	DATA 	Keypress: 1
9.9072 	EXP 	unnamed TextStim: text = '0'
10.4073 	DATA 	Sampled Response: 1, Outcome Shown: 0
10.4243 	DATA 	Keypress: 2
10.4409 	EXP 	unnamed TextStim: text = '+3'
10.9417 	DATA 	Sampled Response: 2, Outcome Shown: +3
11.0410 	DATA 	Keypress: 1
11.0572 	EXP 	unnamed TextStim: text = '+4'
11.5576 	DATA 	Sampled Response: 1, Outcome Shown: +4
11.7237 	DATA 	Keypress: 2
11.7401 	EXP 	unnamed TextStim: text = '+3'
12.2400 	DATA 	Sampled Response: 2, Outcome Shown: +3
12.8084 	DATA 	Keypress: 1
12.8400 	EXP 	unnamed TextStim: text = '0'
13.3404 	DATA 	Sampled Response: 1, Outcome Shown: 0
13.6072 	DATA 	Keypress: 2
13.6236 	EXP 	unnamed TextStim: text = '+3'
14.1235 	DATA 	Sampled Response: 2, Outcome Shown: +3
14.6240 	DATA 	Keypress: 1
14.6402 	EXP 	unnamed TextStim: text = '0'
15.1402 	DATA 	Sampled Response: 1, Outcome Shown: 0
15.1405 	DATA 	Keypress: 2
15.4570 	DATA 	Keypress: 2
15.4734 	EXP 	unnamed TextStim: text = '+3'
15.9734 	DATA 	Sampled Response: 2, Outcome Shown: +3
16.5403 	DATA 	Keypress: lctrl
18.5732 	DATA 	Keypress: 2
18.5898 	EXP 	unnamed TextStim: text = '+3'
19.0898 	DATA 	Sampled Response: 2, Outcome Shown: +3
19.0901 	DATA 	Keypress: 1
19.5731 	DATA 	Keypress: 1
19.5893 	EXP 	unnamed TextStim: text = '+4'
20.0895 	DATA 	Sampled Response: 1, Outcome Shown: +4
20.2566 	DATA 	Keypress: 2
20.2729 	EXP 	unnamed TextStim: text = '+3'
20.7730 	DATA 	Sampled Response: 2, Outcome Shown: +3
20.9897 	DATA 	Keypress: 1
21.0060 	EXP 	unnamed TextStim: text = '+4'
21.5061 	DATA 	Sampled Response: 1, Outcome Shown: +4
21.5065 	DATA 	Keypress: 2
22.0562 	DATA 	Keypress: 2
22.0725 	EXP 	unnamed TextStim: text = '+3'
22.5733 	DATA 	Sampled Response: 2, Outcome Shown: +3
22.5736 	DATA 	Keypress: 1
22.9727 	DATA 	Keypress: 1
22.9892 	EXP 	unnamed TextStim: text = '+4'
23.4899 	DATA 	Sampled Response: 1, Outcome Shown: +4
23.5060 	DATA 	Keypress: 2
23.5224 	EXP 	unnamed TextStim: text = '+3'
24.0224 	DATA 	Sampled Response: 2, Outcome Shown: +3
24.1058 	DATA 	Keypress: 1
24.1224 	EXP 	unnamed TextStim: text = '+4'
24.6228 	DATA 	Sampled Response: 1, Outcome Shown: +4
24.6231 	DATA 	Keypress: 2
24.8892 	DATA 	** broke sampling loop (<.5s left in trial) **
24.8901 	DATA 	samplingCount: 18
24.8901 	DATA 	Think Onset
24.9052 	EXP 	unnamed Rect: lineColor = 'white (named)'
24.9052 	EXP 	unnamed Rect: lineColor = 'white (named)'
25.0730 	DATA 	Keypress: 2
27.9219 	DATA 	Decide Onset
28.4397 	DATA 	Keypress: 2
28.4398 	DATA 	Decision Button Press: ['2']
28.4399 	DATA 	Decision Response: 2
28.4431 	EXP 	unnamed Rect: lineColor = 'red (named)'
28.9499 	DATA 	ITI Onset
28.9534 	EXP 	unnamed Rect: lineColor = 'white (named)'
28.9534 	EXP 	unnamed Rect: lineColor = 'white (named)'
28.9534 	EXP 	unnamed TextStim: text = '+4'
28.9534 	EXP 	unnamed TextStim: text = '+3'
31.6890 	DATA 	Trial End Time - totalITI: 2.73558036098
31.6893 	EXP 	New trial (rep=0, index=1): {'P1_1': '0.1', 'P1_2': '1', 'SafeOption': '2', 'P2_2': '0', 'O2_2': '0', 'O2_1': '0', 'ProbNumber': 'SD1', 'O1_2': '-3', 'O1_1': '-32', 'EV2': '-3', 'EV1': '-3.2', 'ProbType': 'SD', 'P2_1': '0.9'}
31.6894 	DATA 	Trial Onset - ProblemType: SD, ProblemNumber: SD1, leftRight: 0, samplingDur: 15, assignedITI: 1.2377
31.6894 	DATA 	Sampling Onset
32.5383 	DATA 	Keypress: 1
32.5545 	EXP 	unnamed TextStim: text = '0'
33.0545 	DATA 	Sampled Response: 1, Outcome Shown: 0
33.4715 	DATA 	Keypress: 2
33.4876 	EXP 	unnamed TextStim: text = '-3'
33.9881 	DATA 	Sampled Response: 2, Outcome Shown: -3
34.5048 	DATA 	Keypress: 1
34.5209 	EXP 	unnamed TextStim: text = '0'
35.0210 	DATA 	Sampled Response: 1, Outcome Shown: 0
35.4548 	DATA 	Keypress: 2
35.4707 	EXP 	unnamed TextStim: text = '-3'
35.9708 	DATA 	Sampled Response: 2, Outcome Shown: -3
36.6710 	DATA 	Keypress: 1
36.6876 	EXP 	unnamed TextStim: text = '0'
37.1882 	DATA 	Sampled Response: 1, Outcome Shown: 0
37.7712 	DATA 	Keypress: 2
37.7874 	EXP 	unnamed TextStim: text = '-3'
38.2870 	DATA 	Sampled Response: 2, Outcome Shown: -3
38.7379 	DATA 	Keypress: 1
38.7537 	EXP 	unnamed TextStim: text = '0'
39.2546 	DATA 	Sampled Response: 1, Outcome Shown: 0
39.6376 	DATA 	Keypress: 2
39.6537 	EXP 	unnamed TextStim: text = '-3'
40.1546 	DATA 	Sampled Response: 2, Outcome Shown: -3
40.5209 	DATA 	Keypress: 1
40.5372 	EXP 	unnamed TextStim: text = '0'
41.0380 	DATA 	Sampled Response: 1, Outcome Shown: 0
41.2708 	DATA 	Keypress: 2
41.2872 	EXP 	unnamed TextStim: text = '-3'
41.7872 	DATA 	Sampled Response: 2, Outcome Shown: -3
41.7875 	DATA 	Keypress: 1
42.4883 	DATA 	Keypress: 1
42.5204 	EXP 	unnamed TextStim: text = '0'
43.0207 	DATA 	Sampled Response: 1, Outcome Shown: 0
43.0211 	DATA 	Keypress: 2
43.3370 	DATA 	Keypress: 2
43.3535 	EXP 	unnamed TextStim: text = '-3'
43.8538 	DATA 	Sampled Response: 2, Outcome Shown: -3
43.8541 	DATA 	Keypress: 1
44.5536 	DATA 	Keypress: 1
44.5702 	EXP 	unnamed TextStim: text = '0'
45.0702 	DATA 	Sampled Response: 1, Outcome Shown: 0
45.0705 	DATA 	Keypress: 2
45.4703 	DATA 	Keypress: 2
45.4868 	EXP 	unnamed TextStim: text = '-3'
45.9870 	DATA 	Sampled Response: 2, Outcome Shown: -3
46.2032 	DATA 	** broke sampling loop (<.5s left in trial) **
46.2039 	DATA 	samplingCount: 14
46.2039 	DATA 	Think Onset
46.2200 	EXP 	unnamed Rect: lineColor = 'white (named)'
46.2200 	EXP 	unnamed Rect: lineColor = 'white (named)'
49.2364 	DATA 	Decide Onset
49.6396 	DATA 	Keypress: 1
49.6396 	DATA 	Decision Button Press: ['1']
49.6397 	DATA 	Decision Response: 1
49.6429 	EXP 	unnamed Rect: lineColor = 'red (named)'
50.1494 	DATA 	ITI Onset
50.1524 	EXP 	unnamed Rect: lineColor = 'white (named)'
50.1524 	EXP 	unnamed Rect: lineColor = 'white (named)'
50.1524 	EXP 	unnamed TextStim: text = '0'
50.1524 	EXP 	unnamed TextStim: text = '-3'
53.1865 	DATA 	Trial End Time - totalITI: 3.02054874016
53.1867 	EXP 	New trial (rep=0, index=2): {'P1_1': '0.6', 'P1_2': '0.5', 'SafeOption': '1', 'P2_2': '0.5', 'O2_2': '50', 'O2_1': '25', 'ProbNumber': 'RR6', 'O1_2': '-15', 'O1_1': '12', 'EV2': '17.5', 'EV1': '17.2', 'ProbType': 'RR', 'P2_1': '0.4'}
53.1868 	DATA 	Trial Onset - ProblemType: RR, ProblemNumber: RR6, leftRight: 1, samplingDur: 18, assignedITI: 4.653
53.1868 	DATA 	Sampling Onset
53.9693 	DATA 	Keypress: 1
53.9853 	EXP 	unnamed TextStim: text = '+50'
54.4858 	DATA 	Sampled Response: 2, Outcome Shown: +12
54.9025 	DATA 	Keypress: 2
54.9186 	EXP 	unnamed TextStim: text = '+12'
55.4190 	DATA 	Sampled Response: 1, Outcome Shown: -15
55.8021 	DATA 	Keypress: 1
55.8188 	EXP 	unnamed TextStim: text = '+50'
56.3192 	DATA 	Sampled Response: 2, Outcome Shown: +25
56.7691 	DATA 	Keypress: 2
56.7855 	EXP 	unnamed TextStim: text = '+12'
57.2854 	DATA 	Sampled Response: 1, Outcome Shown: +50
57.6188 	DATA 	Keypress: 1
57.6354 	EXP 	unnamed TextStim: text = '+50'
58.1361 	DATA 	Sampled Response: 2, Outcome Shown: +12
58.5690 	DATA 	Keypress: 2
58.5851 	EXP 	unnamed TextStim: text = '+12'
59.0851 	DATA 	Sampled Response: 1, Outcome Shown: +50
59.5021 	DATA 	Keypress: 1
59.5184 	EXP 	unnamed TextStim: text = '+50'
60.0180 	DATA 	Sampled Response: 2, Outcome Shown: +12
60.4186 	DATA 	Keypress: 2
60.4345 	EXP 	unnamed TextStim: text = '+25'
60.9346 	DATA 	Sampled Response: 1, Outcome Shown: -15
61.8350 	DATA 	Keypress: 1
61.8513 	EXP 	unnamed TextStim: text = '-15'
62.3520 	DATA 	Sampled Response: 2, Outcome Shown: +12
62.8349 	DATA 	Keypress: 2
62.8513 	EXP 	unnamed TextStim: text = '+12'
63.3516 	DATA 	Sampled Response: 1, Outcome Shown: -15
63.7681 	DATA 	Keypress: 1
63.7844 	EXP 	unnamed TextStim: text = '-15'
64.2842 	DATA 	Sampled Response: 2, Outcome Shown: +12
64.8183 	DATA 	Keypress: 2
64.8344 	EXP 	unnamed TextStim: text = '+12'
65.3352 	DATA 	Sampled Response: 1, Outcome Shown: -15
65.7179 	DATA 	Keypress: 1
65.7343 	EXP 	unnamed TextStim: text = '+50'
66.2343 	DATA 	Sampled Response: 2, Outcome Shown: +12
66.7347 	DATA 	Keypress: 2
66.7509 	EXP 	unnamed TextStim: text = '+12'
67.2509 	DATA 	Sampled Response: 1, Outcome Shown: +50
67.5677 	DATA 	Keypress: 1
67.5841 	EXP 	unnamed TextStim: text = '-15'
68.0842 	DATA 	Sampled Response: 2, Outcome Shown: +12
68.1844 	DATA 	Keypress: 2
68.2002 	EXP 	unnamed TextStim: text = '+25'
68.7004 	DATA 	Sampled Response: 1, Outcome Shown: -15
69.0010 	DATA 	Keypress: 1
69.0173 	EXP 	unnamed TextStim: text = '+50'
69.5170 	DATA 	Sampled Response: 2, Outcome Shown: +12
70.1507 	DATA 	Keypress: 2
70.1672 	EXP 	unnamed TextStim: text = '+25'
70.6676 	DATA 	Sampled Response: 1, Outcome Shown: +50
70.7001 	DATA 	** broke sampling loop (<.5s left in trial) **
70.7009 	DATA 	samplingCount: 18
70.7009 	DATA 	Think Onset
70.7170 	EXP 	unnamed Rect: lineColor = 'white (named)'
70.7170 	EXP 	unnamed Rect: lineColor = 'white (named)'
73.7335 	DATA 	Decide Onset
74.1276 	DATA 	Keypress: 2
74.1276 	DATA 	Decision Button Press: ['2']
74.1277 	DATA 	Decision Response: 1
74.1311 	EXP 	unnamed Rect: lineColor = 'red (named)'
74.6377 	DATA 	ITI Onset
74.6409 	EXP 	unnamed Rect: lineColor = 'white (named)'
74.6409 	EXP 	unnamed Rect: lineColor = 'white (named)'
74.6409 	EXP 	unnamed TextStim: text = '+50'
74.6409 	EXP 	unnamed TextStim: text = '+25'
81.0999 	DATA 	Trial End Time - totalITI: 6.44529316411
81.1001 	EXP 	New trial (rep=0, index=3): {'P1_1': '0.1', 'P1_2': '1', 'SafeOption': '2', 'P2_2': '0', 'O2_2': '0', 'O2_1': '0', 'ProbNumber': 'SD10', 'O1_2': '3', 'O1_1': '32', 'EV2': '3', 'EV1': '3.2', 'ProbType': 'SD', 'P2_1': '0.9'}
81.1002 	DATA 	Trial Onset - ProblemType: SD, ProblemNumber: SD10, leftRight: 1, samplingDur: 17, assignedITI: 1.0098
81.1002 	DATA 	Sampling Onset
81.8491 	DATA 	Keypress: 1
81.8659 	EXP 	unnamed TextStim: text = '+3'
82.3661 	DATA 	Sampled Response: 2, Outcome Shown: +32
82.6991 	DATA 	Keypress: 2
82.7156 	EXP 	unnamed TextStim: text = '0'
83.2155 	DATA 	Sampled Response: 1, Outcome Shown: +3
83.3993 	DATA 	Keypress: 1
83.4156 	EXP 	unnamed TextStim: text = '+3'
83.9154 	DATA 	Sampled Response: 2, Outcome Shown: 0
84.1659 	DATA 	Keypress: 2
84.1823 	EXP 	unnamed TextStim: text = '0'
84.6832 	DATA 	Sampled Response: 1, Outcome Shown: +3
84.7323 	DATA 	Keypress: 1
84.7490 	EXP 	unnamed TextStim: text = '+3'
85.2489 	DATA 	Sampled Response: 2, Outcome Shown: +32
85.2492 	DATA 	Keypress: 2
85.5987 	DATA 	Keypress: 2
85.6153 	EXP 	unnamed TextStim: text = '0'
86.1152 	DATA 	Sampled Response: 1, Outcome Shown: +3
86.1155 	DATA 	Keypress: 2
86.5824 	DATA 	Keypress: 1
86.5987 	EXP 	unnamed TextStim: text = '+3'
87.0992 	DATA 	Sampled Response: 2, Outcome Shown: 0
87.3654 	DATA 	Keypress: 2
87.3815 	EXP 	unnamed TextStim: text = '0'
87.8816 	DATA 	Sampled Response: 1, Outcome Shown: +3
87.9154 	DATA 	Keypress: 1
87.9315 	EXP 	unnamed TextStim: text = '+3'
88.4316 	DATA 	Sampled Response: 2, Outcome Shown: 0
88.4319 	DATA 	Keypress: 2
88.9153 	DATA 	Keypress: 2
88.9316 	EXP 	unnamed TextStim: text = '0'
89.4321 	DATA 	Sampled Response: 1, Outcome Shown: +3
89.4324 	DATA 	Keypress: 1
89.7651 	DATA 	Keypress: 1
89.7812 	EXP 	unnamed TextStim: text = '+3'
90.2809 	DATA 	Sampled Response: 2, Outcome Shown: 0
90.6649 	DATA 	Keypress: 2
90.6811 	EXP 	unnamed TextStim: text = '0'
91.1813 	DATA 	Sampled Response: 1, Outcome Shown: +3
91.1817 	DATA 	Keypress: 1
91.5482 	DATA 	Keypress: 1
91.5648 	EXP 	unnamed TextStim: text = '+3'
92.0648 	DATA 	Sampled Response: 2, Outcome Shown: 0
92.1151 	DATA 	Keypress: 2
92.1309 	EXP 	unnamed TextStim: text = '0'
92.6316 	DATA 	Sampled Response: 1, Outcome Shown: +3
93.5648 	DATA 	Keypress: 1
93.5808 	EXP 	unnamed TextStim: text = '+3'
94.0810 	DATA 	Sampled Response: 2, Outcome Shown: 0
94.6976 	DATA 	Keypress: 2
94.7142 	EXP 	unnamed TextStim: text = '0'
95.2140 	DATA 	Sampled Response: 1, Outcome Shown: +3
95.5978 	DATA 	Keypress: 1
95.6139 	EXP 	unnamed TextStim: text = '+3'
96.1143 	DATA 	Sampled Response: 2, Outcome Shown: 0
97.6140 	DATA 	** broke sampling loop (<.5s left in trial) **
97.6148 	DATA 	samplingCount: 17
97.6148 	DATA 	Think Onset
97.6302 	EXP 	unnamed Rect: lineColor = 'white (named)'
97.6302 	EXP 	unnamed Rect: lineColor = 'white (named)'
100.6469 	DATA 	Decide Onset
101.2235 	DATA 	Keypress: 1
101.2236 	DATA 	Decision Button Press: ['1']
101.2237 	DATA 	Decision Response: 2
101.2267 	EXP 	unnamed Rect: lineColor = 'red (named)'
101.7325 	DATA 	ITI Onset
101.7356 	EXP 	unnamed Rect: lineColor = 'white (named)'
101.7356 	EXP 	unnamed Rect: lineColor = 'white (named)'
101.7356 	EXP 	unnamed TextStim: text = '+3'
101.7356 	EXP 	unnamed TextStim: text = '0'
104.3637 	DATA 	Trial End Time - totalITI: 2.6190862556
104.3639 	EXP 	New trial (rep=0, index=4): {'P1_1': '0.5', 'P1_2': '0.3', 'SafeOption': '1', 'P2_2': '0.7', 'O2_2': '35', 'O2_1': '30', 'ProbNumber': 'RR5', 'O1_2': '-10', 'O1_1': '10', 'EV2': '21.5', 'EV1': '20', 'ProbType': 'RR', 'P2_1': '0.5'}
104.3641 	DATA 	Trial Onset - ProblemType: RR, ProblemNumber: RR5, leftRight: 0, samplingDur: 18, assignedITI: 1.3248
104.3641 	DATA 	Sampling Onset
105.2131 	DATA 	Keypress: 1
105.2294 	EXP 	unnamed TextStim: text = '+30'
105.7300 	DATA 	Sampled Response: 1, Outcome Shown: +30
106.1629 	DATA 	Keypress: 2
106.1794 	EXP 	unnamed TextStim: text = '-10'
106.6801 	DATA 	Sampled Response: 2, Outcome Shown: -10
107.0630 	DATA 	Keypress: 1
107.0792 	EXP 	unnamed TextStim: text = '+10'
107.5790 	DATA 	Sampled Response: 1, Outcome Shown: +10
107.9629 	DATA 	Keypress: 2
107.9790 	EXP 	unnamed TextStim: text = '+35'
108.4787 	DATA 	Sampled Response: 2, Outcome Shown: +35
108.9462 	DATA 	Keypress: 1
108.9622 	EXP 	unnamed TextStim: text = '+30'
109.4622 	DATA 	Sampled Response: 1, Outcome Shown: +30
109.9290 	DATA 	Keypress: 2
109.9457 	EXP 	unnamed TextStim: text = '+35'
110.4452 	DATA 	Sampled Response: 2, Outcome Shown: +35
110.8958 	DATA 	Keypress: 1
110.9120 	EXP 	unnamed TextStim: text = '+30'
111.4129 	DATA 	Sampled Response: 1, Outcome Shown: +30
111.8122 	DATA 	Keypress: 2
111.8290 	EXP 	unnamed TextStim: text = '+35'
112.3297 	DATA 	Sampled Response: 2, Outcome Shown: +35
112.8958 	DATA 	Keypress: 1
112.9118 	EXP 	unnamed TextStim: text = '+30'
113.4127 	DATA 	Sampled Response: 1, Outcome Shown: +30
113.6121 	DATA 	Keypress: 2
113.6284 	EXP 	unnamed TextStim: text = '+35'
114.1282 	DATA 	Sampled Response: 2, Outcome Shown: +35
114.5123 	DATA 	Keypress: 1
114.5286 	EXP 	unnamed TextStim: text = '+10'
115.0293 	DATA 	Sampled Response: 1, Outcome Shown: +10
115.4454 	DATA 	Keypress: 2
115.4618 	EXP 	unnamed TextStim: text = '+35'
115.9619 	DATA 	Sampled Response: 2, Outcome Shown: +35
116.4281 	DATA 	Keypress: 1
116.4450 	EXP 	unnamed TextStim: text = '+10'
116.9449 	DATA 	Sampled Response: 1, Outcome Shown: +10
117.2281 	DATA 	Keypress: 2
117.2445 	EXP 	unnamed TextStim: text = '+35'
117.7450 	DATA 	Sampled Response: 2, Outcome Shown: +35
118.1783 	DATA 	Keypress: 1
118.1945 	EXP 	unnamed TextStim: text = '+10'
118.6946 	DATA 	Sampled Response: 1, Outcome Shown: +10
118.7284 	DATA 	Keypress: 2
118.7442 	EXP 	unnamed TextStim: text = '+35'
119.2443 	DATA 	Sampled Response: 2, Outcome Shown: +35
119.8281 	DATA 	Keypress: 1
119.8446 	EXP 	unnamed TextStim: text = '+30'
120.3448 	DATA 	Sampled Response: 1, Outcome Shown: +30
120.3451 	DATA 	Keypress: 2
120.7448 	DATA 	Keypress: 2
120.7608 	EXP 	unnamed TextStim: text = '+35'
121.2608 	DATA 	Sampled Response: 2, Outcome Shown: +35
121.6946 	DATA 	Keypress: 1
121.7107 	EXP 	unnamed TextStim: text = '+10'
122.2115 	DATA 	Sampled Response: 1, Outcome Shown: +10
122.2118 	DATA 	Keypress: 2
122.2119 	DATA 	** broke sampling loop (<.5s left in trial) **
122.2127 	DATA 	samplingCount: 19
122.2127 	DATA 	Think Onset
122.2160 	EXP 	unnamed Rect: lineColor = 'white (named)'
122.2160 	EXP 	unnamed Rect: lineColor = 'white (named)'
125.2440 	DATA 	Decide Onset
125.5915 	DATA 	Keypress: 2
125.5916 	DATA 	Decision Button Press: ['2']
125.5916 	DATA 	Decision Response: 2
125.5950 	EXP 	unnamed Rect: lineColor = 'red (named)'
126.1017 	DATA 	ITI Onset
126.1048 	EXP 	unnamed Rect: lineColor = 'white (named)'
126.1048 	EXP 	unnamed Rect: lineColor = 'white (named)'
126.1048 	EXP 	unnamed TextStim: text = '+10'
126.1048 	EXP 	unnamed TextStim: text = '+35'
128.9438 	DATA 	Trial End Time - totalITI: 2.82912299618
128.9440 	EXP 	New trial (rep=0, index=5): {'P1_1': '0.9', 'P1_2': '1', 'SafeOption': '2', 'P2_2': '0', 'O2_2': '0', 'O2_1': '-37', 'ProbNumber': 'MD3', 'O1_2': '-5', 'O1_1': '10', 'EV2': '-5', 'EV1': '5.3', 'ProbType': 'MD', 'P2_1': '0.1'}
128.9441 	DATA 	Trial Onset - ProblemType: MD, ProblemNumber: MD3, leftRight: 0, samplingDur: 16, assignedITI: 2.2012
128.9441 	DATA 	Sampling Onset
129.9602 	DATA 	Keypress: 1
129.9764 	EXP 	unnamed TextStim: text = '+10'
130.4764 	DATA 	Sampled Response: 1, Outcome Shown: +10
130.8603 	DATA 	Keypress: 2
130.8763 	EXP 	unnamed TextStim: text = '-5'
131.3763 	DATA 	Sampled Response: 2, Outcome Shown: -5
131.8432 	DATA 	Keypress: 1
131.8595 	EXP 	unnamed TextStim: text = '+10'
132.3599 	DATA 	Sampled Response: 1, Outcome Shown: +10
132.5097 	DATA 	Keypress: 2
132.5264 	EXP 	unnamed TextStim: text = '-5'
133.0264 	DATA 	Sampled Response: 2, Outcome Shown: -5
133.3265 	DATA 	Keypress: 1
133.3431 	EXP 	unnamed TextStim: text = '+10'
133.8436 	DATA 	Sampled Response: 1, Outcome Shown: +10
133.9766 	DATA 	Keypress: 2
133.9929 	EXP 	unnamed TextStim: text = '-5'
134.4927 	DATA 	Sampled Response: 2, Outcome Shown: -5
134.9598 	DATA 	Keypress: 1
134.9762 	EXP 	unnamed TextStim: text = '+10'
135.4762 	DATA 	Sampled Response: 1, Outcome Shown: +10
135.7426 	DATA 	Keypress: 2
135.7593 	EXP 	unnamed TextStim: text = '-5'
136.2593 	DATA 	Sampled Response: 2, Outcome Shown: -5
143.7418 	DATA 	Keypress: 1
143.7581 	EXP 	unnamed TextStim: text = '+10'
144.2581 	DATA 	Sampled Response: 1, Outcome Shown: +10
144.4580 	DATA 	** broke sampling loop (<.5s left in trial) **
144.4587 	DATA 	samplingCount: 9
144.4587 	DATA 	Think Onset
144.4749 	EXP 	unnamed Rect: lineColor = 'white (named)'
144.4749 	EXP 	unnamed Rect: lineColor = 'white (named)'
147.4912 	DATA 	Decide Onset
147.8954 	DATA 	Keypress: 1
147.8955 	DATA 	Decision Button Press: ['1']
147.8955 	DATA 	Decision Response: 1
147.8989 	EXP 	unnamed Rect: lineColor = 'red (named)'
148.4066 	DATA 	ITI Onset
148.4094 	EXP 	unnamed Rect: lineColor = 'white (named)'
148.4094 	EXP 	unnamed Rect: lineColor = 'white (named)'
148.4094 	EXP 	unnamed TextStim: text = '+10'
148.4094 	EXP 	unnamed TextStim: text = '-5'
152.3910 	DATA 	Trial End Time - totalITI: 3.98281707211
152.3912 	EXP 	New trial (rep=0, index=6): {'P1_1': '0.5', 'P1_2': '0.4', 'SafeOption': '1', 'P2_2': '0.6', 'O2_2': '50', 'O2_1': '30', 'ProbNumber': 'RR8', 'O1_2': '-15', 'O1_1': '14', 'EV2': '24', 'EV1': '22', 'ProbType': 'RR', 'P2_1': '0.5'}
152.3913 	DATA 	Trial Onset - ProblemType: RR, ProblemNumber: RR8, leftRight: 1, samplingDur: 15, assignedITI: 1.5966
152.3913 	DATA 	Sampling Onset
152.9242 	DATA 	Keypress: 1
152.9405 	EXP 	unnamed TextStim: text = '-15'
153.4405 	DATA 	Sampled Response: 2, Outcome Shown: +30
153.7905 	DATA 	Keypress: 2
153.8070 	EXP 	unnamed TextStim: text = '+14'
154.3074 	DATA 	Sampled Response: 1, Outcome Shown: +50
154.7074 	DATA 	Keypress: 1
154.7240 	EXP 	unnamed TextStim: text = '-15'
155.2241 	DATA 	Sampled Response: 2, Outcome Shown: +14
155.5570 	DATA 	Keypress: 2
155.5737 	EXP 	unnamed TextStim: text = '+14'
156.0741 	DATA 	Sampled Response: 1, Outcome Shown: +50
156.3570 	DATA 	Keypress: 1
156.3733 	EXP 	unnamed TextStim: text = '+50'
156.8734 	DATA 	Sampled Response: 2, Outcome Shown: +14
156.9904 	DATA 	Keypress: 2
157.0069 	EXP 	unnamed TextStim: text = '+14'
157.5068 	DATA 	Sampled Response: 1, Outcome Shown: +50
157.6401 	DATA 	Keypress: 1
157.6568 	EXP 	unnamed TextStim: text = '+50'
158.1568 	DATA 	Sampled Response: 2, Outcome Shown: +14
158.3236 	DATA 	Keypress: 2
158.3399 	EXP 	unnamed TextStim: text = '+14'
158.8400 	DATA 	Sampled Response: 1, Outcome Shown: -15
158.8570 	DATA 	Keypress: 1
158.8733 	EXP 	unnamed TextStim: text = '-15'
159.3728 	DATA 	Sampled Response: 2, Outcome Shown: +14
159.4235 	DATA 	Keypress: 2
159.4395 	EXP 	unnamed TextStim: text = '+14'
159.9397 	DATA 	Sampled Response: 1, Outcome Shown: +50
159.9733 	DATA 	Keypress: 1
159.9896 	EXP 	unnamed TextStim: text = '+50'
160.4906 	DATA 	Sampled Response: 2, Outcome Shown: +14
160.5236 	DATA 	Keypress: 2
160.5395 	EXP 	unnamed TextStim: text = '+30'
161.0396 	DATA 	Sampled Response: 1, Outcome Shown: +50
161.0901 	DATA 	Keypress: 1
161.1061 	EXP 	unnamed TextStim: text = '-15'
161.6067 	DATA 	Sampled Response: 2, Outcome Shown: +14
161.6080 	DATA 	Keypress: 2
161.6228 	EXP 	unnamed TextStim: text = '+14'
162.1228 	DATA 	Sampled Response: 1, Outcome Shown: -15
162.1232 	DATA 	Keypress: 1
162.7400 	DATA 	Keypress: 2
162.7559 	EXP 	unnamed TextStim: text = '+30'
163.2561 	DATA 	Sampled Response: 1, Outcome Shown: +50
164.4893 	DATA 	Keypress: 1
164.5057 	EXP 	unnamed TextStim: text = '+50'
165.0056 	DATA 	Sampled Response: 2, Outcome Shown: +30
165.0059 	DATA 	Keypress: 2
165.5391 	DATA 	Keypress: 2
165.5558 	EXP 	unnamed TextStim: text = '+30'
166.0559 	DATA 	Sampled Response: 1, Outcome Shown: +50
166.0562 	DATA 	Keypress: 1
166.3560 	DATA 	Keypress: 1
166.3725 	EXP 	unnamed TextStim: text = '-15'
166.8731 	DATA 	Sampled Response: 2, Outcome Shown: +14
166.8734 	DATA 	Keypress: 2
166.9061 	DATA 	** broke sampling loop (<.5s left in trial) **
166.9068 	DATA 	samplingCount: 18
166.9068 	DATA 	Think Onset
166.9223 	EXP 	unnamed Rect: lineColor = 'white (named)'
166.9223 	EXP 	unnamed Rect: lineColor = 'white (named)'
167.0065 	DATA 	Keypress: 2
169.9387 	DATA 	Decide Onset
170.5274 	DATA 	Keypress: 2
170.5276 	DATA 	Decision Button Press: ['2']
170.5276 	DATA 	Decision Response: 1
170.5308 	EXP 	unnamed Rect: lineColor = 'red (named)'
171.0380 	DATA 	ITI Onset
171.0411 	EXP 	unnamed Rect: lineColor = 'white (named)'
171.0411 	EXP 	unnamed Rect: lineColor = 'white (named)'
171.0411 	EXP 	unnamed TextStim: text = '-15'
171.0411 	EXP 	unnamed TextStim: text = '+30'
174.2389 	DATA 	Trial End Time - totalITI: 3.1927834528
174.2392 	EXP 	New trial (rep=0, index=7): {'P1_1': '0.7', 'P1_2': '0.1', 'SafeOption': '1', 'P2_2': '0.9', 'O2_2': '30', 'O2_1': '38', 'ProbNumber': 'RR11', 'O1_2': '-10', 'O1_1': '22', 'EV2': '26', 'EV1': '26.8', 'ProbType': 'RR', 'P2_1': '0.3'}
174.2393 	DATA 	Trial Onset - ProblemType: RR, ProblemNumber: RR11, leftRight: 0, samplingDur: 17, assignedITI: 1.4961
174.2393 	DATA 	Sampling Onset
174.8880 	DATA 	Keypress: 1
174.9045 	EXP 	unnamed TextStim: text = '+22'
175.4051 	DATA 	Sampled Response: 1, Outcome Shown: +22
175.7219 	DATA 	Keypress: 2
175.7377 	EXP 	unnamed TextStim: text = '+30'
176.2380 	DATA 	Sampled Response: 2, Outcome Shown: +30
176.5714 	DATA 	Keypress: 1
176.5879 	EXP 	unnamed TextStim: text = '+22'
177.0882 	DATA 	Sampled Response: 1, Outcome Shown: +22
177.0885 	DATA 	Keypress: 2
177.5544 	DATA 	Keypress: 2
177.5711 	EXP 	unnamed TextStim: text = '+30'
178.0710 	DATA 	Sampled Response: 2, Outcome Shown: +30
178.4212 	DATA 	Keypress: 1
178.4374 	EXP 	unnamed TextStim: text = '+22'
178.9376 	DATA 	Sampled Response: 1, Outcome Shown: +22
179.1714 	DATA 	Keypress: 2
179.1876 	EXP 	unnamed TextStim: text = '+30'
179.6885 	DATA 	Sampled Response: 2, Outcome Shown: +30
179.8378 	DATA 	Keypress: 1
179.8543 	EXP 	unnamed TextStim: text = '+22'
180.3543 	DATA 	Sampled Response: 1, Outcome Shown: +22
180.3546 	DATA 	Keypress: 2
180.7211 	DATA 	Keypress: 2
180.7374 	EXP 	unnamed TextStim: text = '+30'
181.2375 	DATA 	Sampled Response: 2, Outcome Shown: +30
181.2377 	DATA 	Keypress: 1
181.7210 	DATA 	Keypress: 1
181.7373 	EXP 	unnamed TextStim: text = '+22'
182.2372 	DATA 	Sampled Response: 1, Outcome Shown: +22
182.2375 	DATA 	Keypress: 2
182.5376 	DATA 	Keypress: 2
182.5539 	EXP 	unnamed TextStim: text = '+30'
183.0536 	DATA 	Sampled Response: 2, Outcome Shown: +30
183.3537 	DATA 	Keypress: 1
183.3704 	EXP 	unnamed TextStim: text = '+22'
183.8698 	DATA 	Sampled Response: 1, Outcome Shown: +22
184.0038 	DATA 	Keypress: 2
184.0205 	EXP 	unnamed TextStim: text = '+30'
184.5205 	DATA 	Sampled Response: 2, Outcome Shown: +30
184.7207 	DATA 	Keypress: 1
184.7371 	EXP 	unnamed TextStim: text = '+22'
185.2372 	DATA 	Sampled Response: 1, Outcome Shown: +22
185.2375 	DATA 	Keypress: 2
186.1706 	DATA 	Keypress: 2
186.1868 	EXP 	unnamed TextStim: text = '+30'
186.6869 	DATA 	Sampled Response: 2, Outcome Shown: +30
186.6872 	DATA 	Keypress: 1
187.3704 	DATA 	Keypress: 1
187.3863 	EXP 	unnamed TextStim: text = '+22'
187.8869 	DATA 	Sampled Response: 1, Outcome Shown: +22
187.8872 	DATA 	Keypress: 2
188.0865 	DATA 	Keypress: 2
188.1032 	EXP 	unnamed TextStim: text = '+30'
188.6025 	DATA 	Sampled Response: 2, Outcome Shown: +30
190.7530 	DATA 	** broke sampling loop (<.5s left in trial) **
190.7537 	DATA 	samplingCount: 16
190.7537 	DATA 	Think Onset
190.7696 	EXP 	unnamed Rect: lineColor = 'white (named)'
190.7696 	EXP 	unnamed Rect: lineColor = 'white (named)'
193.7856 	DATA 	Decide Onset
194.1034 	DATA 	Keypress: 2
194.1035 	DATA 	Decision Button Press: ['2']
194.1035 	DATA 	Decision Response: 2
194.1068 	EXP 	unnamed Rect: lineColor = 'red (named)'
194.6147 	DATA 	ITI Onset
194.6177 	EXP 	unnamed Rect: lineColor = 'white (named)'
194.6177 	EXP 	unnamed Rect: lineColor = 'white (named)'
194.6177 	EXP 	unnamed TextStim: text = '+22'
194.6177 	EXP 	unnamed TextStim: text = '+30'
197.9856 	DATA 	Trial End Time - totalITI: 3.36439183663
197.9858 	EXP 	New trial (rep=0, index=8): {'P1_1': '0.25', 'P1_2': '0.25', 'SafeOption': '1', 'P2_2': '0.75', 'O2_2': '10', 'O2_1': '6', 'ProbNumber': 'RR1', 'O1_2': '-8', 'O1_1': '2', 'EV2': '5.5', 'EV1': '5', 'ProbType': 'RR', 'P2_1': '0.75'}
197.9859 	DATA 	Trial Onset - ProblemType: RR, ProblemNumber: RR1, leftRight: 1, samplingDur: 16, assignedITI: 5.4629
197.9859 	DATA 	Sampling Onset
198.9355 	DATA 	Keypress: 1
198.9518 	EXP 	unnamed TextStim: text = '+10'
199.4518 	DATA 	Sampled Response: 2, Outcome Shown: +6
199.5522 	DATA 	Keypress: 2
199.5683 	EXP 	unnamed TextStim: text = '+6'
200.0684 	DATA 	Sampled Response: 1, Outcome Shown: +10
200.3018 	DATA 	Keypress: 1
200.3186 	EXP 	unnamed TextStim: text = '+10'
200.8187 	DATA 	Sampled Response: 2, Outcome Shown: +2
200.8516 	DATA 	Keypress: 2
200.8680 	EXP 	unnamed TextStim: text = '+6'
201.3680 	DATA 	Sampled Response: 1, Outcome Shown: +10
201.4018 	DATA 	Keypress: 1
201.4184 	EXP 	unnamed TextStim: text = '+10'
201.9186 	DATA 	Sampled Response: 2, Outcome Shown: +6
201.9189 	DATA 	Keypress: 2
202.3518 	DATA 	Keypress: 2
202.3683 	EXP 	unnamed TextStim: text = '+6'
202.8675 	DATA 	Sampled Response: 1, Outcome Shown: +10
202.8678 	DATA 	Keypress: 1
203.2683 	DATA 	Keypress: 1
203.2846 	EXP 	unnamed TextStim: text = '-8'
203.7843 	DATA 	Sampled Response: 2, Outcome Shown: +6
203.9348 	DATA 	Keypress: 2
203.9514 	EXP 	unnamed TextStim: text = '+6'
204.4514 	DATA 	Sampled Response: 1, Outcome Shown: +10
204.6683 	DATA 	Keypress: 1
204.6843 	EXP 	unnamed TextStim: text = '+10'
205.1841 	DATA 	Sampled Response: 2, Outcome Shown: +6
205.3849 	DATA 	Keypress: 2
205.4010 	EXP 	unnamed TextStim: text = '+6'
205.9010 	DATA 	Sampled Response: 1, Outcome Shown: +10
206.1347 	DATA 	Keypress: 1
206.1510 	EXP 	unnamed TextStim: text = '+10'
206.6510 	DATA 	Sampled Response: 2, Outcome Shown: +6
206.7014 	DATA 	Keypress: 2
206.7178 	EXP 	unnamed TextStim: text = '+6'
207.2184 	DATA 	Sampled Response: 1, Outcome Shown: +10
207.3179 	DATA 	Keypress: 1
207.3341 	EXP 	unnamed TextStim: text = '-8'
207.8341 	DATA 	Sampled Response: 2, Outcome Shown: +6
208.0676 	DATA 	Keypress: 2
208.0839 	EXP 	unnamed TextStim: text = '+6'
208.5845 	DATA 	Sampled Response: 1, Outcome Shown: +10
208.7510 	DATA 	Keypress: 1
208.7672 	EXP 	unnamed TextStim: text = '+10'
209.2673 	DATA 	Sampled Response: 2, Outcome Shown: +6
209.2676 	DATA 	Keypress: 2
209.7343 	DATA 	Keypress: 2
209.7505 	EXP 	unnamed TextStim: text = '+2'
210.2505 	DATA 	Sampled Response: 1, Outcome Shown: +10
210.2508 	DATA 	Keypress: 1
210.7841 	DATA 	Keypress: 1
210.8006 	EXP 	unnamed TextStim: text = '+10'
211.3008 	DATA 	Sampled Response: 2, Outcome Shown: +2
211.3011 	DATA 	Keypress: 2
211.6509 	DATA 	Keypress: 2
211.6668 	EXP 	unnamed TextStim: text = '+6'
212.1671 	DATA 	Sampled Response: 1, Outcome Shown: +10
212.1674 	DATA 	Keypress: 1
213.0837 	DATA 	Keypress: 1
213.1000 	EXP 	unnamed TextStim: text = '+10'
213.6009 	DATA 	Sampled Response: 2, Outcome Shown: +2
213.6011 	DATA 	** broke sampling loop (<.5s left in trial) **
213.6018 	DATA 	samplingCount: 19
213.6018 	DATA 	Think Onset
213.6048 	EXP 	unnamed Rect: lineColor = 'white (named)'
213.6048 	EXP 	unnamed Rect: lineColor = 'white (named)'
213.7011 	DATA 	Keypress: 2
216.6332 	DATA 	Decide Onset
217.0393 	DATA 	Keypress: 2
217.0394 	DATA 	Decision Button Press: ['2']
217.0395 	DATA 	Decision Response: 1
217.0427 	EXP 	unnamed Rect: lineColor = 'red (named)'
217.5503 	DATA 	ITI Onset
217.5533 	EXP 	unnamed Rect: lineColor = 'white (named)'
217.5533 	EXP 	unnamed Rect: lineColor = 'white (named)'
217.5533 	EXP 	unnamed TextStim: text = '+10'
217.5533 	EXP 	unnamed TextStim: text = '+6'
224.6995 	DATA 	Trial End Time - totalITI: 7.14125896653
224.6997 	EXP 	New trial (rep=0, index=9): {'P1_1': '0.4', 'P1_2': '1', 'SafeOption': '2', 'P2_2': '0', 'O2_2': '0', 'O2_1': '-20', 'ProbNumber': 'MD4', 'O1_2': '-4', 'O1_1': '15', 'EV2': '-4', 'EV1': '-6', 'ProbType': 'MD', 'P2_1': '0.6'}
224.6998 	DATA 	Trial Onset - ProblemType: MD, ProblemNumber: MD4, leftRight: 0, samplingDur: 16, assignedITI: 1.2135
224.6998 	DATA 	Sampling Onset
225.3834 	DATA 	Keypress: 1
225.4153 	EXP 	unnamed TextStim: text = '+15'
225.9161 	DATA 	Sampled Response: 1, Outcome Shown: +15
226.3163 	DATA 	Keypress: 2
226.3318 	EXP 	unnamed TextStim: text = '-4'
226.8320 	DATA 	Sampled Response: 2, Outcome Shown: -4
227.3991 	DATA 	Keypress: 1
227.4150 	EXP 	unnamed TextStim: text = '-20'
227.9152 	DATA 	Sampled Response: 1, Outcome Shown: -20
228.3655 	DATA 	Keypress: 2
228.3819 	EXP 	unnamed TextStim: text = '-4'
228.8819 	DATA 	Sampled Response: 2, Outcome Shown: -4
229.3321 	DATA 	Keypress: 1
229.3482 	EXP 	unnamed TextStim: text = '+15'
229.8489 	DATA 	Sampled Response: 1, Outcome Shown: +15
230.1154 	DATA 	Keypress: 2
230.1316 	EXP 	unnamed TextStim: text = '-4'
230.6323 	DATA 	Sampled Response: 2, Outcome Shown: -4
231.1984 	DATA 	Keypress: 1
231.2145 	EXP 	unnamed TextStim: text = '-20'
231.7147 	DATA 	Sampled Response: 1, Outcome Shown: -20
231.8481 	DATA 	Keypress: 2
231.8645 	EXP 	unnamed TextStim: text = '-4'
232.3646 	DATA 	Sampled Response: 2, Outcome Shown: -4
232.6986 	DATA 	Keypress: 1
232.7144 	EXP 	unnamed TextStim: text = '+15'
233.2145 	DATA 	Sampled Response: 1, Outcome Shown: +15
233.3317 	DATA 	Keypress: 2
233.3479 	EXP 	unnamed TextStim: text = '-4'
233.8474 	DATA 	Sampled Response: 2, Outcome Shown: -4
233.9478 	DATA 	Keypress: 1
233.9642 	EXP 	unnamed TextStim: text = '+15'
234.4650 	DATA 	Sampled Response: 1, Outcome Shown: +15
235.4146 	DATA 	Keypress: 2
235.4308 	EXP 	unnamed TextStim: text = '-4'
235.9301 	DATA 	Sampled Response: 2, Outcome Shown: -4
236.2143 	DATA 	Keypress: 1
236.2309 	EXP 	unnamed TextStim: text = '+15'
236.7310 	DATA 	Sampled Response: 1, Outcome Shown: +15
237.0980 	DATA 	Keypress: 1
237.1140 	EXP 	unnamed TextStim: text = '-20'
237.6149 	DATA 	Sampled Response: 1, Outcome Shown: -20
238.2644 	DATA 	Keypress: 1
238.2807 	EXP 	unnamed TextStim: text = '-20'
238.7808 	DATA 	Sampled Response: 1, Outcome Shown: -20
238.7811 	DATA 	Keypress: 1
239.5478 	DATA 	Keypress: 2
239.5637 	EXP 	unnamed TextStim: text = '-4'
240.0641 	DATA 	Sampled Response: 2, Outcome Shown: -4
240.2139 	DATA 	** broke sampling loop (<.5s left in trial) **
240.2146 	DATA 	samplingCount: 16
240.2146 	DATA 	Think Onset
240.2306 	EXP 	unnamed Rect: lineColor = 'white (named)'
240.2306 	EXP 	unnamed Rect: lineColor = 'white (named)'
243.2469 	DATA 	Decide Onset
243.7433 	DATA 	Keypress: 1
243.7434 	DATA 	Decision Button Press: ['1']
243.7434 	DATA 	Decision Response: 1
243.7466 	EXP 	unnamed Rect: lineColor = 'red (named)'
244.2533 	DATA 	ITI Onset
244.2562 	EXP 	unnamed Rect: lineColor = 'white (named)'
244.2562 	EXP 	unnamed Rect: lineColor = 'white (named)'
244.2562 	EXP 	unnamed TextStim: text = '-20'
244.2562 	EXP 	unnamed TextStim: text = '-4'
247.1636 	DATA 	Trial End Time - totalITI: 2.90284731795
247.1638 	EXP 	New trial (rep=0, index=10): {'P1_1': '0.9', 'P1_2': '0.7', 'SafeOption': '1', 'P2_2': '0.3', 'O2_2': '25', 'O2_1': '15', 'ProbNumber': 'RR10', 'O1_2': '-3', 'O1_1': '5', 'EV2': '5.4', 'EV1': '6', 'ProbType': 'RR', 'P2_1': '0.1'}
247.1639 	DATA 	Trial Onset - ProblemType: RR, ProblemNumber: RR10, leftRight: 0, samplingDur: 19, assignedITI: 1.048
247.1640 	DATA 	Sampling Onset
247.8298 	DATA 	Keypress: 1
247.8462 	EXP 	unnamed TextStim: text = '+15'
248.3461 	DATA 	Sampled Response: 1, Outcome Shown: +15
248.8638 	DATA 	Keypress: 2
248.8962 	EXP 	unnamed TextStim: text = '+25'
249.3967 	DATA 	Sampled Response: 2, Outcome Shown: +25
250.0295 	DATA 	Keypress: 1
250.0460 	EXP 	unnamed TextStim: text = '+5'
250.5460 	DATA 	Sampled Response: 1, Outcome Shown: +5
250.9294 	DATA 	Keypress: 2
250.9456 	EXP 	unnamed TextStim: text = '-3'
251.4462 	DATA 	Sampled Response: 2, Outcome Shown: -3
251.9129 	DATA 	Keypress: 1
251.9292 	EXP 	unnamed TextStim: text = '+5'
252.4293 	DATA 	Sampled Response: 1, Outcome Shown: +5
252.7123 	DATA 	Keypress: 2
252.7290 	EXP 	unnamed TextStim: text = '+25'
253.2294 	DATA 	Sampled Response: 2, Outcome Shown: +25
253.3463 	DATA 	Keypress: 1
253.3620 	EXP 	unnamed TextStim: text = '+5'
253.8620 	DATA 	Sampled Response: 1, Outcome Shown: +5
253.9958 	DATA 	Keypress: 2
254.0121 	EXP 	unnamed TextStim: text = '+25'
254.5131 	DATA 	Sampled Response: 2, Outcome Shown: +25
254.9793 	DATA 	Keypress: 1
254.9956 	EXP 	unnamed TextStim: text = '+5'
255.4958 	DATA 	Sampled Response: 1, Outcome Shown: +5
255.5958 	DATA 	Keypress: 2
255.6121 	EXP 	unnamed TextStim: text = '-3'
256.1121 	DATA 	Sampled Response: 2, Outcome Shown: -3
256.3957 	DATA 	Keypress: 1
256.4117 	EXP 	unnamed TextStim: text = '+5'
256.9117 	DATA 	Sampled Response: 1, Outcome Shown: +5
257.2287 	DATA 	Keypress: 2
257.2451 	EXP 	unnamed TextStim: text = '-3'
257.7451 	DATA 	Sampled Response: 2, Outcome Shown: -3
258.3785 	DATA 	Keypress: 1
258.3953 	EXP 	unnamed TextStim: text = '+5'
258.8953 	DATA 	Sampled Response: 1, Outcome Shown: +5
258.9455 	DATA 	Keypress: 2
258.9617 	EXP 	unnamed TextStim: text = '+25'
259.4617 	DATA 	Sampled Response: 2, Outcome Shown: +25
259.6618 	DATA 	Keypress: 1
259.6785 	EXP 	unnamed TextStim: text = '+15'
260.1787 	DATA 	Sampled Response: 1, Outcome Shown: +15
260.2960 	DATA 	Keypress: 2
260.3282 	EXP 	unnamed TextStim: text = '+25'
260.8290 	DATA 	Sampled Response: 2, Outcome Shown: +25
260.9616 	DATA 	Keypress: 1
260.9781 	EXP 	unnamed TextStim: text = '+15'
261.4782 	DATA 	Sampled Response: 1, Outcome Shown: +15
261.4960 	DATA 	Keypress: 2
261.5279 	EXP 	unnamed TextStim: text = '-3'
262.0283 	DATA 	Sampled Response: 2, Outcome Shown: -3
262.0285 	DATA 	Keypress: 1
263.1116 	DATA 	Keypress: 1
263.1277 	EXP 	unnamed TextStim: text = '+5'
263.6284 	DATA 	Sampled Response: 1, Outcome Shown: +5
263.6287 	DATA 	Keypress: 2
263.9947 	DATA 	Keypress: 2
264.0110 	EXP 	unnamed TextStim: text = '-3'
264.5116 	DATA 	Sampled Response: 2, Outcome Shown: -3
265.0280 	DATA 	Keypress: 1
265.0445 	EXP 	unnamed TextStim: text = '+5'
265.5450 	DATA 	Sampled Response: 1, Outcome Shown: +5
265.5453 	DATA 	Keypress: 2
265.6778 	DATA 	** broke sampling loop (<.5s left in trial) **
265.6786 	DATA 	samplingCount: 21
265.6786 	DATA 	Think Onset
265.6944 	EXP 	unnamed Rect: lineColor = 'white (named)'
265.6944 	EXP 	unnamed Rect: lineColor = 'white (named)'
268.7108 	DATA 	Decide Onset
269.0312 	DATA 	Keypress: 2
269.0313 	DATA 	Decision Button Press: ['2']
269.0314 	DATA 	Decision Response: 2
269.0345 	EXP 	unnamed Rect: lineColor = 'red (named)'
269.5415 	DATA 	ITI Onset
269.5446 	EXP 	unnamed Rect: lineColor = 'white (named)'
269.5446 	EXP 	unnamed Rect: lineColor = 'white (named)'
269.5446 	EXP 	unnamed TextStim: text = '+5'
269.5446 	EXP 	unnamed TextStim: text = '-3'
272.4608 	DATA 	Trial End Time - totalITI: 2.9133814452
272.4610 	EXP 	New trial (rep=0, index=11): {'P1_1': '0.6', 'P1_2': '1', 'SafeOption': '2', 'P2_2': '0', 'O2_2': '0', 'O2_1': '-22', 'ProbNumber': 'MD1', 'O1_2': '-6', 'O1_1': '4', 'EV2': '-6', 'EV1': '-6.4', 'ProbType': 'MD', 'P2_1': '0.4'}
272.4611 	DATA 	Trial Onset - ProblemType: MD, ProblemNumber: MD1, leftRight: 1, samplingDur: 17, assignedITI: 5.4629
272.4611 	DATA 	Sampling Onset
273.0271 	DATA 	Keypress: 1
273.0432 	EXP 	unnamed TextStim: text = '-6'
273.5439 	DATA 	Sampled Response: 2, Outcome Shown: +4
273.5442 	DATA 	Keypress: 2
274.0603 	DATA 	Keypress: 2
274.0764 	EXP 	unnamed TextStim: text = '+4'
274.5770 	DATA 	Sampled Response: 1, Outcome Shown: -6
275.0602 	DATA 	Keypress: 1
275.0765 	EXP 	unnamed TextStim: text = '-6'
275.5766 	DATA 	Sampled Response: 2, Outcome Shown: +4
275.6769 	DATA 	Keypress: 2
275.6930 	EXP 	unnamed TextStim: text = '-22'
276.1931 	DATA 	Sampled Response: 1, Outcome Shown: -6
277.5440 	DATA 	Keypress: 1
277.5762 	EXP 	unnamed TextStim: text = '-6'
278.0762 	DATA 	Sampled Response: 2, Outcome Shown: +4
278.0765 	DATA 	Keypress: 2
278.5098 	DATA 	Keypress: 2
278.5262 	EXP 	unnamed TextStim: text = '+4'
279.0259 	DATA 	Sampled Response: 1, Outcome Shown: -6
279.4103 	DATA 	Keypress: 1
279.4261 	EXP 	unnamed TextStim: text = '-6'
279.9260 	DATA 	Sampled Response: 2, Outcome Shown: +4
280.0762 	DATA 	Keypress: 2
280.0927 	EXP 	unnamed TextStim: text = '+4'
280.5927 	DATA 	Sampled Response: 1, Outcome Shown: -6
280.8097 	DATA 	Keypress: 1
280.8260 	EXP 	unnamed TextStim: text = '-6'
281.3260 	DATA 	Sampled Response: 2, Outcome Shown: +4
281.3263 	DATA 	Keypress: 2
281.6923 	DATA 	Keypress: 2
281.7092 	EXP 	unnamed TextStim: text = '-22'
282.2096 	DATA 	Sampled Response: 1, Outcome Shown: -6
282.5761 	DATA 	Keypress: 1
282.5924 	EXP 	unnamed TextStim: text = '-6'
283.0932 	DATA 	Sampled Response: 2, Outcome Shown: -22
283.1923 	DATA 	Keypress: 2
283.2089 	EXP 	unnamed TextStim: text = '-22'
283.7083 	DATA 	Sampled Response: 1, Outcome Shown: -6
283.8758 	DATA 	Keypress: 1
283.8919 	EXP 	unnamed TextStim: text = '-6'
284.3919 	DATA 	Sampled Response: 2, Outcome Shown: +4
284.5257 	DATA 	Keypress: 2
284.5420 	EXP 	unnamed TextStim: text = '-22'
285.0421 	DATA 	Sampled Response: 1, Outcome Shown: -6
285.0918 	DATA 	Keypress: 1
285.1088 	EXP 	unnamed TextStim: text = '-6'
285.6095 	DATA 	Sampled Response: 2, Outcome Shown: -22
285.6098 	DATA 	Keypress: 2
286.0923 	DATA 	Keypress: 2
286.1081 	EXP 	unnamed TextStim: text = '-22'
286.6082 	DATA 	Sampled Response: 1, Outcome Shown: -6
286.6085 	DATA 	Keypress: 1
287.0589 	DATA 	Keypress: 1
287.0752 	EXP 	unnamed TextStim: text = '-6'
287.5752 	DATA 	Sampled Response: 2, Outcome Shown: -22
287.5755 	DATA 	Keypress: 2
287.8920 	DATA 	Keypress: 2
287.9085 	EXP 	unnamed TextStim: text = '-22'
288.4088 	DATA 	Sampled Response: 1, Outcome Shown: -6
288.4091 	DATA 	Keypress: 1
288.9752 	DATA 	** broke sampling loop (<.5s left in trial) **
288.9759 	DATA 	samplingCount: 18
288.9759 	DATA 	Think Onset
288.9915 	EXP 	unnamed Rect: lineColor = 'white (named)'
288.9915 	EXP 	unnamed Rect: lineColor = 'white (named)'
289.0091 	DATA 	Keypress: 1
292.0082 	DATA 	Decide Onset
292.4874 	DATA 	Keypress: 1
292.4875 	DATA 	Decision Button Press: ['1']
292.4875 	DATA 	Decision Response: 2
292.4909 	EXP 	unnamed Rect: lineColor = 'red (named)'
292.9985 	DATA 	ITI Onset
293.0014 	EXP 	unnamed Rect: lineColor = 'white (named)'
293.0014 	EXP 	unnamed Rect: lineColor = 'white (named)'
293.0014 	EXP 	unnamed TextStim: text = '-6'
293.0014 	EXP 	unnamed TextStim: text = '-22'
300.1738 	DATA 	Trial End Time - totalITI: 7.16940080561
300.1741 	EXP 	New trial (rep=0, index=12): {'P1_1': '0.8', 'P1_2': '1', 'SafeOption': '2', 'P2_2': '0', 'O2_2': '0', 'O2_1': '0', 'ProbNumber': 'SD6', 'O1_2': '12', 'O1_1': '14', 'EV2': '12', 'EV1': '11.2', 'ProbType': 'SD', 'P2_1': '0.2'}
300.1742 	DATA 	Trial Onset - ProblemType: SD, ProblemNumber: SD6, leftRight: 0, samplingDur: 15, assignedITI: 2.4102
300.1742 	DATA 	Sampling Onset
300.8076 	DATA 	Keypress: 1
300.8397 	EXP 	unnamed TextStim: text = '+14'
301.3395 	DATA 	Sampled Response: 1, Outcome Shown: +14
301.8066 	DATA 	Keypress: 2
301.8230 	EXP 	unnamed TextStim: text = '+12'
302.3227 	DATA 	Sampled Response: 2, Outcome Shown: +12
302.8075 	DATA 	Keypress: 1
302.8397 	EXP 	unnamed TextStim: text = '+14'
303.3394 	DATA 	Sampled Response: 1, Outcome Shown: +14
303.6241 	DATA 	Keypress: 2
303.6562 	EXP 	unnamed TextStim: text = '+12'
304.1565 	DATA 	Sampled Response: 2, Outcome Shown: +12
304.3736 	DATA 	Keypress: 1
304.3900 	EXP 	unnamed TextStim: text = '+14'
304.8903 	DATA 	Sampled Response: 1, Outcome Shown: +14
305.2737 	DATA 	Keypress: 2
305.2895 	EXP 	unnamed TextStim: text = '+12'
305.7891 	DATA 	Sampled Response: 2, Outcome Shown: +12
305.9403 	DATA 	Keypress: 1
305.9563 	EXP 	unnamed TextStim: text = '+14'
306.4562 	DATA 	Sampled Response: 1, Outcome Shown: +14
306.5737 	DATA 	Keypress: 2
306.5894 	EXP 	unnamed TextStim: text = '+12'
307.0894 	DATA 	Sampled Response: 2, Outcome Shown: +12
307.0897 	DATA 	Keypress: 1
307.5069 	DATA 	Keypress: 1
307.5225 	EXP 	unnamed TextStim: text = '0'
308.0230 	DATA 	Sampled Response: 1, Outcome Shown: 0
308.7894 	DATA 	Keypress: 2
308.8065 	EXP 	unnamed TextStim: text = '+12'
309.3066 	DATA 	Sampled Response: 2, Outcome Shown: +12
309.4732 	DATA 	Keypress: 1
309.4894 	EXP 	unnamed TextStim: text = '+14'
309.9890 	DATA 	Sampled Response: 1, Outcome Shown: +14
310.1233 	DATA 	Keypress: 2
310.1394 	EXP 	unnamed TextStim: text = '+12'
310.6395 	DATA 	Sampled Response: 2, Outcome Shown: +12
310.7062 	DATA 	Keypress: 1
310.7225 	EXP 	unnamed TextStim: text = '0'
311.2228 	DATA 	Sampled Response: 1, Outcome Shown: 0
311.2234 	DATA 	Keypress: 2
311.7724 	DATA 	Keypress: 2
311.7888 	EXP 	unnamed TextStim: text = '+12'
312.2889 	DATA 	Sampled Response: 2, Outcome Shown: +12
312.2892 	DATA 	Keypress: 1
313.0057 	DATA 	Keypress: 1
313.0221 	EXP 	unnamed TextStim: text = '+14'
313.5222 	DATA 	Sampled Response: 1, Outcome Shown: +14
313.5225 	DATA 	Keypress: 2
313.8555 	DATA 	Keypress: 2
313.8719 	EXP 	unnamed TextStim: text = '+12'
314.3723 	DATA 	Sampled Response: 2, Outcome Shown: +12
314.3727 	DATA 	Keypress: 1
314.6885 	DATA 	** broke sampling loop (<.5s left in trial) **
314.6894 	DATA 	samplingCount: 16
314.6894 	DATA 	Think Onset
314.7055 	EXP 	unnamed Rect: lineColor = 'white (named)'
314.7055 	EXP 	unnamed Rect: lineColor = 'white (named)'
314.9562 	DATA 	Keypress: 1
317.7217 	DATA 	Decide Onset
318.0472 	DATA 	Keypress: 1
318.0473 	DATA 	Decision Button Press: ['1']
318.0473 	DATA 	Decision Response: 1
318.0508 	EXP 	unnamed Rect: lineColor = 'red (named)'
318.5590 	DATA 	ITI Onset
318.5622 	EXP 	unnamed Rect: lineColor = 'white (named)'
318.5622 	EXP 	unnamed Rect: lineColor = 'white (named)'
318.5622 	EXP 	unnamed TextStim: text = '+14'
318.5622 	EXP 	unnamed TextStim: text = '+12'
322.8383 	DATA 	Trial End Time - totalITI: 4.27009217791
322.8385 	EXP 	New trial (rep=0, index=13): {'P1_1': '0.75', 'P1_2': '0.75', 'SafeOption': '1', 'P2_2': '0.25', 'O2_2': '30', 'O2_1': '10', 'ProbNumber': 'RR3', 'O1_2': '-5', 'O1_1': '2', 'EV2': '3.75', 'EV1': '4', 'ProbType': 'RR', 'P2_1': '0.25'}
322.8387 	DATA 	Trial Onset - ProblemType: RR, ProblemNumber: RR3, leftRight: 1, samplingDur: 15, assignedITI: 1.3679
322.8387 	DATA 	Sampling Onset
323.2556 	DATA 	Keypress: 1
323.2873 	EXP 	unnamed TextStim: text = '-5'
323.7877 	DATA 	Sampled Response: 2, Outcome Shown: +2
323.7880 	DATA 	Keypress: 2
324.0875 	DATA 	Keypress: 2
324.1042 	EXP 	unnamed TextStim: text = '+2'
324.6042 	DATA 	Sampled Response: 1, Outcome Shown: -5
324.8211 	DATA 	Keypress: 1
324.8373 	EXP 	unnamed TextStim: text = '-5'
325.3376 	DATA 	Sampled Response: 2, Outcome Shown: +2
325.3379 	DATA 	Keypress: 2
325.8043 	DATA 	Keypress: 2
325.8207 	EXP 	unnamed TextStim: text = '+2'
326.3199 	DATA 	Sampled Response: 1, Outcome Shown: -5
326.5376 	DATA 	Keypress: 1
326.5536 	EXP 	unnamed TextStim: text = '+30'
327.0533 	DATA 	Sampled Response: 2, Outcome Shown: +2
327.3872 	DATA 	Keypress: 2
327.4036 	EXP 	unnamed TextStim: text = '+2'
327.9042 	DATA 	Sampled Response: 1, Outcome Shown: -5
327.9046 	DATA 	Keypress: 1
328.4538 	DATA 	Keypress: 1
328.4701 	EXP 	unnamed TextStim: text = '-5'
328.9706 	DATA 	Sampled Response: 2, Outcome Shown: +2
329.0206 	DATA 	Keypress: 2
329.0368 	EXP 	unnamed TextStim: text = '+2'
329.5366 	DATA 	Sampled Response: 1, Outcome Shown: -5
329.6037 	DATA 	Keypress: 1
329.6200 	EXP 	unnamed TextStim: text = '-5'
330.1200 	DATA 	Sampled Response: 2, Outcome Shown: +2
330.1203 	DATA 	Keypress: 2
330.8868 	DATA 	Keypress: 2
330.9031 	EXP 	unnamed TextStim: text = '+2'
331.4032 	DATA 	Sampled Response: 1, Outcome Shown: -5
331.4704 	DATA 	Keypress: 1
331.4867 	EXP 	unnamed TextStim: text = '-5'
331.9869 	DATA 	Sampled Response: 2, Outcome Shown: +2
332.0868 	DATA 	Keypress: 2
332.1032 	EXP 	unnamed TextStim: text = '+2'
332.6039 	DATA 	Sampled Response: 1, Outcome Shown: -5
332.7202 	DATA 	Keypress: 1
332.7365 	EXP 	unnamed TextStim: text = '-5'
333.2366 	DATA 	Sampled Response: 2, Outcome Shown: +2
333.2409 	DATA 	Keypress: 2
333.2530 	EXP 	unnamed TextStim: text = '+2'
333.7530 	DATA 	Sampled Response: 1, Outcome Shown: -5
333.7698 	DATA 	Keypress: 1
333.7859 	EXP 	unnamed TextStim: text = '+30'
334.2862 	DATA 	Sampled Response: 2, Outcome Shown: +2
334.2865 	DATA 	Keypress: 2
334.9200 	DATA 	Keypress: 2
334.9364 	EXP 	unnamed TextStim: text = '+2'
335.4368 	DATA 	Sampled Response: 1, Outcome Shown: -5
335.4371 	DATA 	Keypress: 1
336.0701 	DATA 	Keypress: 1
336.0859 	EXP 	unnamed TextStim: text = '-5'
336.5855 	DATA 	Sampled Response: 2, Outcome Shown: +2
336.5858 	DATA 	Keypress: 2
337.1026 	DATA 	Keypress: 2
337.1194 	EXP 	unnamed TextStim: text = '+2'
337.6192 	DATA 	Sampled Response: 1, Outcome Shown: -5
337.6195 	DATA 	Keypress: 1
337.6196 	DATA 	** broke sampling loop (<.5s left in trial) **
337.6203 	DATA 	samplingCount: 18
337.6203 	DATA 	Think Onset
337.6237 	EXP 	unnamed Rect: lineColor = 'white (named)'
337.6237 	EXP 	unnamed Rect: lineColor = 'white (named)'
340.6523 	DATA 	Decide Onset
340.9671 	DATA 	Keypress: 1
340.9672 	DATA 	Decision Button Press: ['1']
340.9673 	DATA 	Decision Response: 2
340.9706 	EXP 	unnamed Rect: lineColor = 'red (named)'
341.4778 	DATA 	ITI Onset
341.4810 	EXP 	unnamed Rect: lineColor = 'white (named)'
341.4810 	EXP 	unnamed Rect: lineColor = 'white (named)'
341.4810 	EXP 	unnamed TextStim: text = '-5'
341.4810 	EXP 	unnamed TextStim: text = '+2'
344.4522 	DATA 	Trial End Time - totalITI: 2.97190730097
344.4524 	EXP 	New trial (rep=0, index=14): {'P1_1': '0.9', 'P1_2': '1', 'SafeOption': '2', 'P2_2': '0', 'O2_2': '0', 'O2_1': '-8', 'ProbNumber': 'MD7', 'O1_2': '4', 'O1_1': '6', 'EV2': '4', 'EV1': '4.6', 'ProbType': 'MD', 'P2_1': '0.1'}
344.4525 	DATA 	Trial Onset - ProblemType: MD, ProblemNumber: MD7, leftRight: 1, samplingDur: 15, assignedITI: 1.233
344.4525 	DATA 	Sampling Onset
345.5352 	DATA 	Keypress: 1
345.5515 	EXP 	unnamed TextStim: text = '+4'
346.0520 	DATA 	Sampled Response: 2, Outcome Shown: +6
346.4349 	DATA 	Keypress: 2
346.4515 	EXP 	unnamed TextStim: text = '-8'
346.9519 	DATA 	Sampled Response: 1, Outcome Shown: +4
347.1351 	DATA 	Keypress: 1
347.1515 	EXP 	unnamed TextStim: text = '+4'
347.6522 	DATA 	Sampled Response: 2, Outcome Shown: +6
348.2682 	DATA 	Keypress: 2
348.2845 	EXP 	unnamed TextStim: text = '+6'
348.7853 	DATA 	Sampled Response: 1, Outcome Shown: +4
350.0349 	DATA 	Keypress: 1
350.0511 	EXP 	unnamed TextStim: text = '+4'
350.5513 	DATA 	Sampled Response: 2, Outcome Shown: +6
350.6677 	DATA 	Keypress: 2
350.6845 	EXP 	unnamed TextStim: text = '+6'
351.1846 	DATA 	Sampled Response: 1, Outcome Shown: +4
352.0846 	DATA 	Keypress: 1
352.1005 	EXP 	unnamed TextStim: text = '+4'
352.6007 	DATA 	Sampled Response: 2, Outcome Shown: +6
352.6010 	DATA 	Keypress: 2
352.9677 	DATA 	Keypress: 2
352.9842 	EXP 	unnamed TextStim: text = '+6'
353.4846 	DATA 	Sampled Response: 1, Outcome Shown: +4
353.8678 	DATA 	Keypress: 1
353.8840 	EXP 	unnamed TextStim: text = '+4'
354.3851 	DATA 	Sampled Response: 2, Outcome Shown: -8
354.4675 	DATA 	Keypress: 2
354.4839 	EXP 	unnamed TextStim: text = '+6'
354.9841 	DATA 	Sampled Response: 1, Outcome Shown: +4
355.2509 	DATA 	Keypress: 1
355.2672 	EXP 	unnamed TextStim: text = '+4'
355.7675 	DATA 	Sampled Response: 2, Outcome Shown: +6
355.7678 	DATA 	Keypress: 2
356.5671 	DATA 	Keypress: 2
356.5838 	EXP 	unnamed TextStim: text = '+6'
357.0842 	DATA 	Sampled Response: 1, Outcome Shown: +4
357.4506 	DATA 	Keypress: 1
357.4667 	EXP 	unnamed TextStim: text = '+4'
357.9671 	DATA 	Sampled Response: 2, Outcome Shown: +6
357.9840 	DATA 	Keypress: 2
358.0001 	EXP 	unnamed TextStim: text = '+6'
358.5005 	DATA 	Sampled Response: 1, Outcome Shown: +4
358.9670 	DATA 	** broke sampling loop (<.5s left in trial) **
358.9677 	DATA 	samplingCount: 14
358.9677 	DATA 	Think Onset
358.9835 	EXP 	unnamed Rect: lineColor = 'white (named)'
358.9835 	EXP 	unnamed Rect: lineColor = 'white (named)'
359.6009 	DATA 	Keypress: 2
361.9997 	DATA 	Decide Onset
362.3031 	DATA 	Keypress: 2
362.3032 	DATA 	Decision Button Press: ['2']
362.3033 	DATA 	Decision Response: 1
362.3068 	EXP 	unnamed Rect: lineColor = 'red (named)'
362.8151 	DATA 	ITI Onset
362.8184 	EXP 	unnamed Rect: lineColor = 'white (named)'
362.8184 	EXP 	unnamed Rect: lineColor = 'white (named)'
362.8184 	EXP 	unnamed TextStim: text = '+4'
362.8184 	EXP 	unnamed TextStim: text = '+6'
365.9329 	DATA 	Trial End Time - totalITI: 3.11491267992
365.9331 	EXP 	New trial (rep=0, index=15): {'P1_1': '0.1', 'P1_2': '1', 'SafeOption': '2', 'P2_2': '0', 'O2_2': '0', 'O2_1': '-1', 'ProbNumber': 'MD10', 'O1_2': '2', 'O1_1': '42', 'EV2': '2', 'EV1': '3.3', 'ProbType': 'MD', 'P2_1': '0.9'}
365.9331 	DATA 	Trial Onset - ProblemType: MD, ProblemNumber: MD10, leftRight: 0, samplingDur: 15, assignedITI: 2.274
365.9332 	DATA 	Sampling Onset
366.8662 	DATA 	Keypress: 1
366.8824 	EXP 	unnamed TextStim: text = '-1'
367.3817 	DATA 	Sampled Response: 1, Outcome Shown: -1
367.7825 	DATA 	Keypress: 2
367.7989 	EXP 	unnamed TextStim: text = '+2'
368.2990 	DATA 	Sampled Response: 2, Outcome Shown: +2
368.5325 	DATA 	Keypress: 1
368.5489 	EXP 	unnamed TextStim: text = '+42'
369.0491 	DATA 	Sampled Response: 1, Outcome Shown: +42
369.3992 	DATA 	Keypress: 2
369.9324 	DATA 	Keypress: 2
369.9485 	EXP 	unnamed TextStim: text = '+2'
370.4486 	DATA 	Sampled Response: 2, Outcome Shown: +2
370.6157 	DATA 	Keypress: 1
370.6318 	EXP 	unnamed TextStim: text = '-1'
371.1321 	DATA 	Sampled Response: 1, Outcome Shown: -1
371.5321 	DATA 	Keypress: 2
371.5488 	EXP 	unnamed TextStim: text = '+2'
372.0489 	DATA 	Sampled Response: 2, Outcome Shown: +2
372.2158 	DATA 	Keypress: 1
372.2318 	EXP 	unnamed TextStim: text = '-1'
372.7320 	DATA 	Sampled Response: 1, Outcome Shown: -1
373.0982 	DATA 	Keypress: 2
373.1146 	EXP 	unnamed TextStim: text = '+2'
373.6151 	DATA 	Sampled Response: 2, Outcome Shown: +2
373.7153 	DATA 	Keypress: 1
373.7317 	EXP 	unnamed TextStim: text = '-1'
374.2321 	DATA 	Sampled Response: 1, Outcome Shown: -1
374.3816 	DATA 	Keypress: 2
374.3984 	EXP 	unnamed TextStim: text = '+2'
374.8984 	DATA 	Sampled Response: 2, Outcome Shown: +2
375.1983 	DATA 	Keypress: 1
375.2148 	EXP 	unnamed TextStim: text = '-1'
375.7156 	DATA 	Sampled Response: 1, Outcome Shown: -1
376.0651 	DATA 	Keypress: 2
376.0812 	EXP 	unnamed TextStim: text = '+2'
376.5817 	DATA 	Sampled Response: 2, Outcome Shown: +2
376.7149 	DATA 	Keypress: 1
376.7313 	EXP 	unnamed TextStim: text = '-1'
377.2323 	DATA 	Sampled Response: 1, Outcome Shown: -1
377.3815 	DATA 	Keypress: 2
377.3979 	EXP 	unnamed TextStim: text = '+2'
377.8983 	DATA 	Sampled Response: 2, Outcome Shown: +2
377.9646 	DATA 	Keypress: 1
377.9809 	EXP 	unnamed TextStim: text = '-1'
378.4811 	DATA 	Sampled Response: 1, Outcome Shown: -1
378.5980 	DATA 	Keypress: 2
378.6142 	EXP 	unnamed TextStim: text = '+2'
379.1149 	DATA 	Sampled Response: 2, Outcome Shown: +2
379.1153 	DATA 	Keypress: 1
379.4980 	DATA 	Keypress: 1
379.5144 	EXP 	unnamed TextStim: text = '-1'
380.0147 	DATA 	Sampled Response: 1, Outcome Shown: -1
380.2142 	DATA 	Keypress: 2
380.2308 	EXP 	unnamed TextStim: text = '+2'
380.7308 	DATA 	Sampled Response: 2, Outcome Shown: +2
380.7310 	DATA 	** broke sampling loop (<.5s left in trial) **
380.7317 	DATA 	samplingCount: 18
380.7318 	DATA 	Think Onset
380.7350 	EXP 	unnamed Rect: lineColor = 'white (named)'
380.7350 	EXP 	unnamed Rect: lineColor = 'white (named)'
380.9479 	DATA 	Keypress: 1
383.7641 	DATA 	Decide Onset
384.3991 	DATA 	Keypress: 2
384.3992 	DATA 	Decision Button Press: ['2']
384.3993 	DATA 	Decision Response: 2
384.4028 	EXP 	unnamed Rect: lineColor = 'red (named)'
384.9101 	DATA 	ITI Onset
384.9132 	EXP 	unnamed Rect: lineColor = 'white (named)'
384.9132 	EXP 	unnamed Rect: lineColor = 'white (named)'
384.9132 	EXP 	unnamed TextStim: text = '-1'
384.9132 	EXP 	unnamed TextStim: text = '+2'
388.4640 	DATA 	Trial End Time - totalITI: 3.54081534532
388.4642 	EXP 	New trial (rep=0, index=16): {'P1_1': '0.6', 'P1_2': '1', 'SafeOption': '2', 'P2_2': '0', 'O2_2': '0', 'O2_1': '-12', 'ProbNumber': 'MD12', 'O1_2': '12', 'O1_1': '30', 'EV2': '12', 'EV1': '13.2', 'ProbType': 'MD', 'P2_1': '0.4'}
388.4643 	DATA 	Trial Onset - ProblemType: MD, ProblemNumber: MD12, leftRight: 1, samplingDur: 15, assignedITI: 1.8631
388.4643 	DATA 	Sampling Onset
389.0802 	DATA 	Keypress: 1
389.0966 	EXP 	unnamed TextStim: text = '+12'
389.5965 	DATA 	Sampled Response: 2, Outcome Shown: -12
389.8470 	DATA 	Keypress: 2
389.8632 	EXP 	unnamed TextStim: text = '+30'
390.3637 	DATA 	Sampled Response: 1, Outcome Shown: +12
390.5634 	DATA 	Keypress: 1
390.5798 	EXP 	unnamed TextStim: text = '+12'
391.0800 	DATA 	Sampled Response: 2, Outcome Shown: -12
391.1131 	DATA 	Keypress: 2
391.1294 	EXP 	unnamed TextStim: text = '-12'
391.6286 	DATA 	Sampled Response: 1, Outcome Shown: +12
391.9134 	DATA 	Keypress: 1
391.9296 	EXP 	unnamed TextStim: text = '+12'
392.4303 	DATA 	Sampled Response: 2, Outcome Shown: +30
392.6130 	DATA 	Keypress: 2
392.6293 	EXP 	unnamed TextStim: text = '+30'
393.1298 	DATA 	Sampled Response: 1, Outcome Shown: +12
393.2463 	DATA 	Keypress: 1
393.2628 	EXP 	unnamed TextStim: text = '+12'
393.7629 	DATA 	Sampled Response: 2, Outcome Shown: +30
393.8461 	DATA 	Keypress: 2
393.8627 	EXP 	unnamed TextStim: text = '+30'
394.3630 	DATA 	Sampled Response: 1, Outcome Shown: +12
394.4293 	DATA 	Keypress: 1
394.4459 	EXP 	unnamed TextStim: text = '+12'
394.9462 	DATA 	Sampled Response: 2, Outcome Shown: -12
394.9465 	DATA 	Keypress: 2
395.4293 	DATA 	Keypress: 2
395.4456 	EXP 	unnamed TextStim: text = '-12'
395.9462 	DATA 	Sampled Response: 1, Outcome Shown: +12
395.9512 	DATA 	Keypress: 1
395.9788 	EXP 	unnamed TextStim: text = '+12'
396.4791 	DATA 	Sampled Response: 2, Outcome Shown: -12
396.4794 	DATA 	Keypress: 2
397.0461 	DATA 	Keypress: 2
397.0625 	EXP 	unnamed TextStim: text = '+30'
397.5626 	DATA 	Sampled Response: 1, Outcome Shown: +12
398.0637 	DATA 	Keypress: 1
398.0953 	EXP 	unnamed TextStim: text = '+12'
398.5956 	DATA 	Sampled Response: 2, Outcome Shown: -12
398.5959 	DATA 	Keypress: 2
398.9625 	DATA 	Keypress: 2
398.9786 	EXP 	unnamed TextStim: text = '-12'
399.4791 	DATA 	Sampled Response: 1, Outcome Shown: +12
399.4794 	DATA 	Keypress: 1
400.2120 	DATA 	Keypress: 1
400.2286 	EXP 	unnamed TextStim: text = '+12'
400.7291 	DATA 	Sampled Response: 2, Outcome Shown: +30
400.7294 	DATA 	Keypress: 2
401.2621 	DATA 	Keypress: 2
401.2786 	EXP 	unnamed TextStim: text = '-12'
401.7787 	DATA 	Sampled Response: 1, Outcome Shown: +12
401.7790 	DATA 	Keypress: 1
402.2795 	DATA 	Keypress: 1
402.3117 	EXP 	unnamed TextStim: text = '+12'
402.8118 	DATA 	Sampled Response: 2, Outcome Shown: +30
402.8952 	DATA 	Keypress: 2
402.9114 	EXP 	unnamed TextStim: text = '+30'
403.4117 	DATA 	Sampled Response: 1, Outcome Shown: +12
403.4119 	DATA 	** broke sampling loop (<.5s left in trial) **
403.4126 	DATA 	samplingCount: 18
403.4126 	DATA 	Think Onset
403.4158 	EXP 	unnamed Rect: lineColor = 'white (named)'
403.4158 	EXP 	unnamed Rect: lineColor = 'white (named)'
403.4957 	DATA 	Keypress: 1
406.4447 	DATA 	Decide Onset
407.0391 	DATA 	Keypress: 1
407.0392 	DATA 	Decision Button Press: ['1']
407.0392 	DATA 	Decision Response: 2
407.0425 	EXP 	unnamed Rect: lineColor = 'red (named)'
407.5497 	DATA 	ITI Onset
407.5530 	EXP 	unnamed Rect: lineColor = 'white (named)'
407.5530 	EXP 	unnamed Rect: lineColor = 'white (named)'
407.5530 	EXP 	unnamed TextStim: text = '+12'
407.5530 	EXP 	unnamed TextStim: text = '+30'
410.5779 	DATA 	Trial End Time - totalITI: 3.02085193791
410.5781 	EXP 	New trial (rep=0, index=17): {'P1_1': '0.3', 'P1_2': '1', 'SafeOption': '2', 'P2_2': '0', 'O2_2': '0', 'O2_1': '-4', 'ProbNumber': 'MD11', 'O1_2': '5', 'O1_1': '27', 'EV2': '5', 'EV1': '5.3', 'ProbType': 'MD', 'P2_1': '0.7'}
410.5782 	DATA 	Trial Onset - ProblemType: MD, ProblemNumber: MD11, leftRight: 0, samplingDur: 16, assignedITI: 1.7267
410.5782 	DATA 	Sampling Onset
411.1118 	DATA 	Keypress: 1
411.1439 	EXP 	unnamed TextStim: text = '+27'
411.6436 	DATA 	Sampled Response: 1, Outcome Shown: +27
412.7108 	DATA 	Keypress: 2
412.7268 	EXP 	unnamed TextStim: text = '+5'
413.2273 	DATA 	Sampled Response: 2, Outcome Shown: +5
413.6604 	DATA 	Keypress: 1
413.6768 	EXP 	unnamed TextStim: text = '+27'
414.1763 	DATA 	Sampled Response: 1, Outcome Shown: +27
414.2940 	DATA 	Keypress: 2
414.3104 	EXP 	unnamed TextStim: text = '+5'
414.8108 	DATA 	Sampled Response: 2, Outcome Shown: +5
414.8937 	DATA 	Keypress: 1
414.9102 	EXP 	unnamed TextStim: text = '-4'
415.4104 	DATA 	Sampled Response: 1, Outcome Shown: -4
415.7268 	DATA 	Keypress: 2
415.7434 	EXP 	unnamed TextStim: text = '+5'
416.2443 	DATA 	Sampled Response: 2, Outcome Shown: +5
416.6102 	DATA 	Keypress: 1
416.6264 	EXP 	unnamed TextStim: text = '-4'
417.1274 	DATA 	Sampled Response: 1, Outcome Shown: -4
417.1603 	DATA 	Keypress: 2
417.1768 	EXP 	unnamed TextStim: text = '+5'
417.6769 	DATA 	Sampled Response: 2, Outcome Shown: +5
417.7769 	DATA 	Keypress: 1
417.7931 	EXP 	unnamed TextStim: text = '+27'
418.2932 	DATA 	Sampled Response: 1, Outcome Shown: +27
418.4767 	DATA 	Keypress: 2
418.4929 	EXP 	unnamed TextStim: text = '+5'
418.9920 	DATA 	Sampled Response: 2, Outcome Shown: +5
418.9923 	DATA 	Keypress: 1
419.4766 	DATA 	Keypress: 1
419.4930 	EXP 	unnamed TextStim: text = '+27'
419.9937 	DATA 	Sampled Response: 1, Outcome Shown: +27
419.9940 	DATA 	Keypress: 2
420.3599 	DATA 	Keypress: 2
420.3761 	EXP 	unnamed TextStim: text = '+5'
420.8761 	DATA 	Sampled Response: 2, Outcome Shown: +5
420.8764 	DATA 	Keypress: 1
421.2598 	DATA 	Keypress: 1
421.2762 	EXP 	unnamed TextStim: text = '+27'
421.7764 	DATA 	Sampled Response: 1, Outcome Shown: +27
421.7767 	DATA 	Keypress: 2
422.3929 	DATA 	Keypress: 2
422.4093 	EXP 	unnamed TextStim: text = '+5'
422.9095 	DATA 	Sampled Response: 2, Outcome Shown: +5
422.9097 	DATA 	Keypress: 1
423.4097 	DATA 	Keypress: 1
423.4259 	EXP 	unnamed TextStim: text = '-4'
423.9264 	DATA 	Sampled Response: 1, Outcome Shown: -4
423.9925 	DATA 	Keypress: 1
424.0088 	EXP 	unnamed TextStim: text = '+27'
424.5095 	DATA 	Sampled Response: 1, Outcome Shown: +27
424.5098 	DATA 	Keypress: 1
425.5593 	DATA 	Keypress: 2
425.5756 	EXP 	unnamed TextStim: text = '+5'
426.0758 	DATA 	Sampled Response: 2, Outcome Shown: +5
426.0761 	DATA 	Keypress: 2
426.0799 	DATA 	** broke sampling loop (<.5s left in trial) **
426.0806 	DATA 	samplingCount: 17
426.0806 	DATA 	Think Onset
426.0921 	EXP 	unnamed Rect: lineColor = 'white (named)'
426.0921 	EXP 	unnamed Rect: lineColor = 'white (named)'
429.1087 	DATA 	Decide Onset
430.2231 	DATA 	Keypress: 1
430.2232 	DATA 	Decision Button Press: ['1']
430.2233 	DATA 	Decision Response: 1
430.2268 	EXP 	unnamed Rect: lineColor = 'red (named)'
430.7362 	DATA 	ITI Onset
430.7395 	EXP 	unnamed Rect: lineColor = 'white (named)'
430.7395 	EXP 	unnamed Rect: lineColor = 'white (named)'
430.7395 	EXP 	unnamed TextStim: text = '+27'
430.7395 	EXP 	unnamed TextStim: text = '+5'
433.5583 	DATA 	Trial End Time - totalITI: 2.81029397103
433.6596 	INFO 	saved wide-format data to logs/DE250/DE250_ebdm_run_1.csv
433.6596 	DATA 	*****END RUN 1*****
433.6939 	EXP 	window1: mouseVisible = True
