6.8233 	INFO 	Loaded monitor calibration from ['2018_11_30 14:23']
6.8253 	WARNING 	User requested fullscreen with size [800 600], but screen is actually [1920, 1080]. Using actual size
7.6210 	EXP 	Created window1 = Window(allowGUI=False, allowStencil=False, args=UNKNOWN, autoLog=True, bitsMode=UNKNOWN, blendMode='avg', color='black', colorSpace='named', fullscr=UNKNOWN, gamma=None, kwargs=UNKNOWN, lms=UNKNOWN, monitor=<psychopy.monitors.calibTools.Monitor object at 0x1B22E0F0>, multiSample=False, name='window1', numSamples=2, pos=[0, 0], screen=0, size=array([1920, 1080]), stereo=False, units='deg', useFBO=False, useRetina=False, viewOri=0.0, viewPos=None, viewScale=None, waitBlanking=True, winType='pyglet')
7.6716 	EXP 	Created unnamed TextStim = TextStim(alignHoriz='center', alignVert='center', antialias=True, autoLog=True, bold=False, color=array([ 1.,  1.,  1.]), colorSpace='rgb', contrast=1.0, depth=0, flipHoriz=False, flipVert=False, font='', fontFiles=[], height=2, italic=False, name='unnamed TextStim', opacity=1.0, ori=0.0, pos=array([ 0.,  0.]), rgb=array([ 1.,  1.,  1.]), text='+', units='deg', win=Window(...), wrapWidth=15.0)
7.7130 	EXP 	Created unnamed TextStim = TextStim(alignHoriz='center', alignVert='center', antialias=True, autoLog=True, bold=False, color=array([ 1.,  1.,  1.]), colorSpace='rgb', contrast=1.0, depth=0, flipHoriz=False, flipVert=False, font='', fontFiles=[], height=1.5, italic=False, name='unnamed TextStim', opacity=1.0, ori=0.0, pos=array([ 0.,  0.]), rgb=array([ 1.,  1.,  1.]), text=newstr(...), units='deg', win=Window(...), wrapWidth=15.0)
7.7300 	EXP 	Created unnamed TextStim = TextStim(alignHoriz='center', alignVert='center', antialias=True, autoLog=True, bold=False, color=array([ 1.,  1.,  1.]), colorSpace='rgb', contrast=1.0, depth=0, flipHoriz=False, flipVert=False, font='', fontFiles=[], height=1.5, italic=False, name='unnamed TextStim', opacity=1.0, ori=0.0, pos=array([ 0.,  0.]), rgb=array([ 1.,  1.,  1.]), text='Waiting for scanner...', units='deg', win=Window(...), wrapWidth=15.0)
7.7505 	EXP 	Created unnamed TextStim = TextStim(alignHoriz='center', alignVert='center', antialias=True, autoLog=True, bold=False, color='white', colorSpace='named', contrast=1.0, depth=0, flipHoriz=False, flipVert=False, font='', fontFiles=[], height=1, italic=False, name='unnamed TextStim', opacity=1.0, ori=0.0, pos=array([ 0.,  0.]), rgb=array([ 255.,  255.,  255.]), text='Press SPACE to continue.', units='deg', win=Window(...), wrapWidth=15.0)
7.7614 	EXP 	Created unnamed TextStim = TextStim(alignHoriz='center', alignVert='center', antialias=True, autoLog=True, bold=False, color=array([ 1.,  1.,  1.]), colorSpace='rgb', contrast=1.0, depth=0, flipHoriz=False, flipVert=False, font='', fontFiles=[], height=0.1, italic=False, name='unnamed TextStim', opacity=1.0, ori=0.0, pos=array([ 0.,  0.]), rgb=array([ 1.,  1.,  1.]), text='THINK', units='norm', win=Window(...), wrapWidth=1)
7.7688 	EXP 	Created unnamed TextStim = TextStim(alignHoriz='center', alignVert='center', antialias=True, autoLog=True, bold=False, color=array([ 1.,  1.,  1.]), colorSpace='rgb', contrast=1.0, depth=0, flipHoriz=False, flipVert=False, font='', fontFiles=[], height=0.1, italic=False, name='unnamed TextStim', opacity=1.0, ori=0.0, pos=array([ 0.,  0.]), rgb=array([ 1.,  1.,  1.]), text='DECIDE', units='norm', win=Window(...), wrapWidth=1)
7.7744 	EXP 	<method-wrapper '__getattribute__' of attributeSetter object at 0x04039270>: vertices = array([[-0.275     ,  0.48888889],
       [ 0.275     ,  0.48888889],
       [ 0.275     , -0.48888889],
       [-0.275     , -0.48888889]])
7.7751 	EXP 	Created unnamed Rect = Rect(autoDraw=False, autoLog=True, closeShape=True, contrast=1.0, depth=0, fillColor=None, fillColorSpace='rgb', fillRGB=None, interpolate=True, lineColor='white', lineColorSpace='named', lineRGB=array([ 255.,  255.,  255.]), lineWidth=3.5, name='unnamed Rect', opacity=1.0, ori=array(0.0), pos=array([-0.5125    , -0.09444444]), size=array([ 1.,  1.]), units='norm', vertices=ndarray(...), win=Window(...))
7.7753 	EXP 	<method-wrapper '__getattribute__' of attributeSetter object at 0x04039270>: vertices = array([[-0.275     ,  0.48888889],
       [ 0.275     ,  0.48888889],
       [ 0.275     , -0.48888889],
       [-0.275     , -0.48888889]])
7.7760 	EXP 	Created unnamed Rect = Rect(autoDraw=False, autoLog=True, closeShape=True, contrast=1.0, depth=0, fillColor=None, fillColorSpace='rgb', fillRGB=None, interpolate=True, lineColor='white', lineColorSpace='named', lineRGB=array([ 255.,  255.,  255.]), lineWidth=3.5, name='unnamed Rect', opacity=1.0, ori=array(0.0), pos=array([ 0.4875    , -0.09444444]), size=array([ 1.,  1.]), units='norm', vertices=ndarray(...), win=Window(...))
7.7984 	EXP 	Created unnamed TextStim = TextStim(alignHoriz='center', alignVert='center', antialias=True, autoLog=True, bold=False, color=array([ 1.,  1.,  1.]), colorSpace='rgb', contrast=1.0, depth=0, flipHoriz=False, flipVert=False, font='', fontFiles=[], height=0.2, italic=False, name='unnamed TextStim', opacity=1.0, ori=0.0, pos=array([-0.5125    , -0.09444444]), rgb=array([ 1.,  1.,  1.]), text='Hello World', units='norm', win=Window(...), wrapWidth=1)
7.8068 	EXP 	Created unnamed TextStim = TextStim(alignHoriz='center', alignVert='center', antialias=True, autoLog=True, bold=False, color=array([ 1.,  1.,  1.]), colorSpace='rgb', contrast=1.0, depth=0, flipHoriz=False, flipVert=False, font='', fontFiles=[], height=0.2, italic=False, name='unnamed TextStim', opacity=1.0, ori=0.0, pos=array([ 0.4875    , -0.09444444]), rgb=array([ 1.,  1.,  1.]), text='Hello World', units='norm', win=Window(...), wrapWidth=1)
7.8236 	EXP 	Created unnamed TextStim = TextStim(alignHoriz='center', alignVert='center', antialias=True, autoLog=True, bold=False, color=array([ 1.,  1.,  1.]), colorSpace='rgb', contrast=1.0, depth=0, flipHoriz=False, flipVert=False, font='', fontFiles=[], height=0.1, italic=False, name='unnamed TextStim', opacity=1.0, ori=0.0, pos=array([-0.5125    , -0.82777778]), rgb=array([ 1.,  1.,  1.]), text='Press 1', units='norm', win=Window(...), wrapWidth=1)
7.8311 	EXP 	Created unnamed TextStim = TextStim(alignHoriz='center', alignVert='center', antialias=True, autoLog=True, bold=False, color=array([ 1.,  1.,  1.]), colorSpace='rgb', contrast=1.0, depth=0, flipHoriz=False, flipVert=False, font='', fontFiles=[], height=0.1, italic=False, name='unnamed TextStim', opacity=1.0, ori=0.0, pos=array([ 0.4875    , -0.82777778]), rgb=array([ 1.,  1.,  1.]), text='Press 2', units='norm', win=Window(...), wrapWidth=1)
7.8597 	EXP 	Created unnamed ImageStim = ImageStim(autoLog=True, color=array([ 1.,  1.,  1.]), colorSpace='rgb', contrast=1.0, depth=0, flipHoriz=False, flipVert=False, image=str(...), interpolate=False, mask=None, maskParams=None, name='unnamed ImageStim', opacity=1.0, ori=0.0, pos=array([ 0.,  0.]), size=array([ 1.35416667,  1.3537037 ]), texRes=128, units='norm', win=Window(...))
7.8866 	EXP 	Created unnamed ImageStim = ImageStim(autoLog=True, color=array([ 1.,  1.,  1.]), colorSpace='rgb', contrast=1.0, depth=0, flipHoriz=False, flipVert=False, image=str(...), interpolate=False, mask=None, maskParams=None, name='unnamed ImageStim', opacity=1.0, ori=0.0, pos=array([ 0.,  0.]), size=array([ 1.35416667,  1.3537037 ]), texRes=128, units='norm', win=Window(...))
7.9136 	EXP 	Created unnamed ImageStim = ImageStim(autoLog=True, color=array([ 1.,  1.,  1.]), colorSpace='rgb', contrast=1.0, depth=0, flipHoriz=False, flipVert=False, image=str(...), interpolate=False, mask=None, maskParams=None, name='unnamed ImageStim', opacity=1.0, ori=0.0, pos=array([ 0.,  0.]), size=array([ 1.35416667,  1.3537037 ]), texRes=128, units='norm', win=Window(...))
7.9418 	EXP 	Created unnamed ImageStim = ImageStim(autoLog=True, color=array([ 1.,  1.,  1.]), colorSpace='rgb', contrast=1.0, depth=0, flipHoriz=False, flipVert=False, image=str(...), interpolate=False, mask=None, maskParams=None, name='unnamed ImageStim', opacity=1.0, ori=0.0, pos=array([ 0.,  0.]), size=array([ 1.35416667,  1.3537037 ]), texRes=128, units='norm', win=Window(...))
7.9426 	EXP 	Created sequence: sequential, trialTypes=18, nReps=1, seed=None
8.0792 	DEBUG 	Using C:\Users\tug62048\Documents\DEGAP_Liz\SamplingMachine_bPilotv2.py as origin file
8.0797 	EXP 	Created sequence: sequential, trialTypes=18, nReps=1, seed=None
8.0802 	DEBUG 	Using C:\Users\tug62048\Documents\DEGAP_Liz\SamplingMachine_bPilotv2.py as origin file
0.0054 	DATA 	** START RUN 2 **
3.2384 	DATA 	Keypress: space
3.5743 	DATA 	Keypress: space
4.2224 	DATA 	Keypress: space
4.5742 	DATA 	Keypress: space
4.5746 	EXP 	New trial (rep=0, index=0): {'P1_1': '0.8', 'P1_2': '1', 'SafeOption': '2', 'P2_2': '0', 'O2_2': '0', 'O2_1': '0', 'ProbNumber': 'SD9', 'O1_2': '13', 'O1_1': '16', 'EV2': '13', 'EV1': '12.8', 'ProbType': 'SD', 'P2_1': '0.2'}
4.5747 	DATA 	Trial Onset - ProblemType: SD, ProblemNumber: SD9, leftRight: 0, samplingDur: 19, assignedITI: 1.5734
4.5747 	DATA 	Sampling Onset
6.4725 	DATA 	Keypress: 1
6.4891 	EXP 	unnamed TextStim: text = '+16'
6.9897 	DATA 	Sampled Response: 1, Outcome Shown: +16
7.3724 	DATA 	Keypress: 2
7.3887 	EXP 	unnamed TextStim: text = '+13'
7.8895 	DATA 	Sampled Response: 2, Outcome Shown: +13
8.2056 	DATA 	Keypress: 1
8.2218 	EXP 	unnamed TextStim: text = '0'
8.7222 	DATA 	Sampled Response: 1, Outcome Shown: 0
8.7225 	DATA 	Keypress: 2
9.0721 	DATA 	Keypress: 2
9.0888 	EXP 	unnamed TextStim: text = '+13'
9.5887 	DATA 	Sampled Response: 2, Outcome Shown: +13
9.5891 	DATA 	Keypress: 1
9.8724 	DATA 	Keypress: 1
9.8886 	EXP 	unnamed TextStim: text = '+16'
10.3888 	DATA 	Sampled Response: 1, Outcome Shown: +16
10.6720 	DATA 	Keypress: 2
10.6886 	EXP 	unnamed TextStim: text = '+13'
11.1884 	DATA 	Sampled Response: 2, Outcome Shown: +13
11.5716 	DATA 	Keypress: 1
11.5883 	EXP 	unnamed TextStim: text = '+16'
12.0884 	DATA 	Sampled Response: 1, Outcome Shown: +16
12.4054 	DATA 	Keypress: 2
12.4214 	EXP 	unnamed TextStim: text = '+13'
12.9215 	DATA 	Sampled Response: 2, Outcome Shown: +13
13.2226 	DATA 	Keypress: 1
13.2550 	EXP 	unnamed TextStim: text = '+16'
13.7556 	DATA 	Sampled Response: 1, Outcome Shown: +16
13.9885 	DATA 	Keypress: 2
14.0048 	EXP 	unnamed TextStim: text = '+13'
14.5049 	DATA 	Sampled Response: 2, Outcome Shown: +13
14.6551 	DATA 	Keypress: 1
14.6711 	EXP 	unnamed TextStim: text = '0'
15.1713 	DATA 	Sampled Response: 1, Outcome Shown: 0
15.7217 	DATA 	Keypress: 2
15.7377 	EXP 	unnamed TextStim: text = '+13'
16.2384 	DATA 	Sampled Response: 2, Outcome Shown: +13
16.8392 	DATA 	Keypress: 2
16.8712 	EXP 	unnamed TextStim: text = '+13'
17.3706 	DATA 	Sampled Response: 2, Outcome Shown: +13
19.0545 	DATA 	Keypress: 1
19.0709 	EXP 	unnamed TextStim: text = '+16'
19.5715 	DATA 	Sampled Response: 1, Outcome Shown: +16
19.8378 	DATA 	Keypress: 2
19.8541 	EXP 	unnamed TextStim: text = '+13'
20.3550 	DATA 	Sampled Response: 2, Outcome Shown: +13
20.7709 	DATA 	Keypress: 1
20.7871 	EXP 	unnamed TextStim: text = '+16'
21.2865 	DATA 	Sampled Response: 1, Outcome Shown: +16
21.5205 	DATA 	Keypress: 2
21.5373 	EXP 	unnamed TextStim: text = '+13'
22.0377 	DATA 	Sampled Response: 2, Outcome Shown: +13
22.1874 	DATA 	Keypress: 1
22.2035 	EXP 	unnamed TextStim: text = '0'
22.7039 	DATA 	Sampled Response: 1, Outcome Shown: 0
22.7371 	DATA 	Keypress: 2
22.7534 	EXP 	unnamed TextStim: text = '+13'
23.2530 	DATA 	Sampled Response: 2, Outcome Shown: +13
23.2533 	DATA 	Keypress: 1
23.2534 	DATA 	** broke sampling loop (<.5s left in trial) **
23.2543 	DATA 	samplingCount: 19
23.2543 	DATA 	Think Onset
23.2582 	EXP 	unnamed Rect: lineColor = 'white (named)'
23.2582 	EXP 	unnamed Rect: lineColor = 'white (named)'
26.2866 	DATA 	Decide Onset
26.7823 	DATA 	Keypress: 2
26.7823 	DATA 	Decision Button Press: ['2']
26.7824 	DATA 	Decision Response: 2
26.7858 	EXP 	unnamed Rect: lineColor = 'red (named)'
27.2924 	DATA 	ITI Onset
27.2961 	EXP 	unnamed Rect: lineColor = 'white (named)'
27.2961 	EXP 	unnamed Rect: lineColor = 'white (named)'
27.2961 	EXP 	unnamed TextStim: text = '0'
27.2961 	EXP 	unnamed TextStim: text = '+13'
30.4034 	DATA 	Trial End Time - totalITI: 3.09884674398
30.4036 	EXP 	New trial (rep=0, index=1): {'P1_1': '0.1', 'P1_2': '1', 'SafeOption': '2', 'P2_2': '0', 'O2_2': '0', 'O2_1': '-5', 'ProbNumber': 'MD5', 'O1_2': '-4', 'O1_1': '25', 'EV2': '-4', 'EV1': '-2', 'ProbType': 'MD', 'P2_1': '0.9'}
30.4037 	DATA 	Trial Onset - ProblemType: MD, ProblemNumber: MD5, leftRight: 0, samplingDur: 15, assignedITI: 1.2853
30.4037 	DATA 	Sampling Onset
31.0869 	DATA 	Keypress: 1
31.1194 	EXP 	unnamed TextStim: text = '-5'
31.6202 	DATA 	Sampled Response: 1, Outcome Shown: -5
31.6705 	DATA 	Keypress: 2
31.7026 	EXP 	unnamed TextStim: text = '-4'
32.2021 	DATA 	Sampled Response: 2, Outcome Shown: -4
32.2066 	DATA 	Keypress: 1
32.2192 	EXP 	unnamed TextStim: text = '-5'
32.7194 	DATA 	Sampled Response: 1, Outcome Shown: -5
32.7197 	DATA 	Keypress: 2
33.1696 	DATA 	Keypress: 2
33.1858 	EXP 	unnamed TextStim: text = '-4'
33.6860 	DATA 	Sampled Response: 2, Outcome Shown: -4
34.0360 	DATA 	Keypress: 1
34.0522 	EXP 	unnamed TextStim: text = '+25'
34.5526 	DATA 	Sampled Response: 1, Outcome Shown: +25
34.7861 	DATA 	Keypress: 2
34.8022 	EXP 	unnamed TextStim: text = '-4'
35.3019 	DATA 	Sampled Response: 2, Outcome Shown: -4
35.3022 	DATA 	Keypress: 1
35.6692 	DATA 	Keypress: 1
35.6853 	EXP 	unnamed TextStim: text = '-5'
36.1864 	DATA 	Sampled Response: 1, Outcome Shown: -5
36.4691 	DATA 	Keypress: 2
36.4854 	EXP 	unnamed TextStim: text = '-4'
36.9853 	DATA 	Sampled Response: 2, Outcome Shown: -4
37.0856 	DATA 	Keypress: 1
37.1022 	EXP 	unnamed TextStim: text = '-5'
37.6023 	DATA 	Sampled Response: 1, Outcome Shown: -5
37.6026 	DATA 	Keypress: 2
37.9521 	DATA 	Keypress: 2
37.9682 	EXP 	unnamed TextStim: text = '-4'
38.4684 	DATA 	Sampled Response: 2, Outcome Shown: -4
38.8020 	DATA 	Keypress: 1
38.8182 	EXP 	unnamed TextStim: text = '+25'
39.3187 	DATA 	Sampled Response: 1, Outcome Shown: +25
40.5182 	DATA 	Keypress: 2
40.5349 	EXP 	unnamed TextStim: text = '-4'
41.0350 	DATA 	Sampled Response: 2, Outcome Shown: -4
41.9520 	DATA 	Keypress: 1
41.9678 	EXP 	unnamed TextStim: text = '-5'
42.4679 	DATA 	Sampled Response: 1, Outcome Shown: -5
43.0018 	DATA 	Keypress: 2
43.0180 	EXP 	unnamed TextStim: text = '-4'
43.5182 	DATA 	Sampled Response: 2, Outcome Shown: -4
43.8684 	DATA 	Keypress: 1
43.8845 	EXP 	unnamed TextStim: text = '-5'
44.3844 	DATA 	Sampled Response: 1, Outcome Shown: -5
44.7513 	DATA 	Keypress: 2
44.7680 	EXP 	unnamed TextStim: text = '-4'
45.2680 	DATA 	Sampled Response: 2, Outcome Shown: -4
45.2682 	DATA 	** broke sampling loop (<.5s left in trial) **
45.2689 	DATA 	samplingCount: 16
45.2689 	DATA 	Think Onset
45.2724 	EXP 	unnamed Rect: lineColor = 'white (named)'
45.2724 	EXP 	unnamed Rect: lineColor = 'white (named)'
48.3009 	DATA 	Decide Onset
48.6702 	DATA 	Keypress: 1
48.6703 	DATA 	Decision Button Press: ['1']
48.6704 	DATA 	Decision Response: 1
48.6738 	EXP 	unnamed Rect: lineColor = 'red (named)'
49.1808 	DATA 	ITI Onset
49.1840 	EXP 	unnamed Rect: lineColor = 'white (named)'
49.1840 	EXP 	unnamed Rect: lineColor = 'white (named)'
49.1840 	EXP 	unnamed TextStim: text = '-5'
49.1840 	EXP 	unnamed TextStim: text = '-4'
51.9340 	DATA 	Trial End Time - totalITI: 2.75115848047
51.9343 	EXP 	New trial (rep=0, index=2): {'P1_1': '0.8', 'P1_2': '1', 'SafeOption': '2', 'P2_2': '0', 'O2_2': '0', 'O2_1': '0', 'ProbNumber': 'SD4', 'O1_2': '-3', 'O1_1': '-4', 'EV2': '-3', 'EV1': '-3.2', 'ProbType': 'SD', 'P2_1': '0.2'}
51.9344 	DATA 	Trial Onset - ProblemType: SD, ProblemNumber: SD4, leftRight: 1, samplingDur: 18, assignedITI: 1.4411
51.9344 	DATA 	Sampling Onset
52.4507 	DATA 	Keypress: 1
52.4668 	EXP 	unnamed TextStim: text = '-3'
52.9671 	DATA 	Sampled Response: 2, Outcome Shown: 0
53.0505 	DATA 	Keypress: 2
53.0668 	EXP 	unnamed TextStim: text = '0'
53.5671 	DATA 	Sampled Response: 1, Outcome Shown: -3
53.8336 	DATA 	Keypress: 1
53.8501 	EXP 	unnamed TextStim: text = '-3'
54.3507 	DATA 	Sampled Response: 2, Outcome Shown: -4
55.0002 	DATA 	Keypress: 2
55.0162 	EXP 	unnamed TextStim: text = '-4'
55.5165 	DATA 	Sampled Response: 1, Outcome Shown: -3
55.5167 	DATA 	Keypress: 1
55.9336 	DATA 	Keypress: 1
55.9500 	EXP 	unnamed TextStim: text = '-3'
56.4510 	DATA 	Sampled Response: 2, Outcome Shown: 0
56.5667 	DATA 	Keypress: 2
56.5830 	EXP 	unnamed TextStim: text = '-4'
57.0831 	DATA 	Sampled Response: 1, Outcome Shown: -3
57.2334 	DATA 	Keypress: 1
57.2494 	EXP 	unnamed TextStim: text = '-3'
57.7490 	DATA 	Sampled Response: 2, Outcome Shown: -4
57.7493 	DATA 	Keypress: 2
58.2164 	DATA 	Keypress: 2
58.2328 	EXP 	unnamed TextStim: text = '-4'
58.7328 	DATA 	Sampled Response: 1, Outcome Shown: -3
59.1997 	DATA 	Keypress: 1
59.2161 	EXP 	unnamed TextStim: text = '-3'
59.7165 	DATA 	Sampled Response: 2, Outcome Shown: -4
59.9998 	DATA 	Keypress: 2
60.0158 	EXP 	unnamed TextStim: text = '0'
60.5159 	DATA 	Sampled Response: 1, Outcome Shown: -3
60.9493 	DATA 	Keypress: 1
60.9657 	EXP 	unnamed TextStim: text = '-3'
61.4660 	DATA 	Sampled Response: 2, Outcome Shown: -4
61.7163 	DATA 	Keypress: 2
61.7326 	EXP 	unnamed TextStim: text = '0'
62.2324 	DATA 	Sampled Response: 1, Outcome Shown: -3
62.2994 	DATA 	Keypress: 1
62.3157 	EXP 	unnamed TextStim: text = '-3'
62.8157 	DATA 	Sampled Response: 2, Outcome Shown: 0
62.9668 	DATA 	Keypress: 2
62.9989 	EXP 	unnamed TextStim: text = '-4'
63.4990 	DATA 	Sampled Response: 1, Outcome Shown: -3
63.5164 	DATA 	Keypress: 1
63.5321 	EXP 	unnamed TextStim: text = '-3'
64.0321 	DATA 	Sampled Response: 2, Outcome Shown: 0
64.0822 	DATA 	Keypress: 2
64.0986 	EXP 	unnamed TextStim: text = '-4'
64.5986 	DATA 	Sampled Response: 1, Outcome Shown: -3
64.5989 	DATA 	Keypress: 1
65.1322 	DATA 	Keypress: 1
65.1485 	EXP 	unnamed TextStim: text = '-3'
65.6492 	DATA 	Sampled Response: 2, Outcome Shown: 0
65.6495 	DATA 	Keypress: 2
66.0322 	DATA 	Keypress: 2
66.0487 	EXP 	unnamed TextStim: text = '-4'
66.5491 	DATA 	Sampled Response: 1, Outcome Shown: -3
66.5823 	DATA 	Keypress: 1
66.5987 	EXP 	unnamed TextStim: text = '-3'
67.0990 	DATA 	Sampled Response: 2, Outcome Shown: -4
67.0993 	DATA 	Keypress: 2
67.6655 	DATA 	Keypress: 1
67.6819 	EXP 	unnamed TextStim: text = '-3'
68.1822 	DATA 	Sampled Response: 2, Outcome Shown: -4
68.2156 	DATA 	Keypress: 2
68.2315 	EXP 	unnamed TextStim: text = '-4'
68.7317 	DATA 	Sampled Response: 1, Outcome Shown: -3
68.7817 	DATA 	Keypress: 1
68.7983 	EXP 	unnamed TextStim: text = '-3'
69.2986 	DATA 	Sampled Response: 2, Outcome Shown: -4
69.2989 	DATA 	Keypress: 2
69.4484 	DATA 	** broke sampling loop (<.5s left in trial) **
69.4491 	DATA 	samplingCount: 22
69.4492 	DATA 	Think Onset
69.4649 	EXP 	unnamed Rect: lineColor = 'white (named)'
69.4649 	EXP 	unnamed Rect: lineColor = 'white (named)'
71.5487 	DATA 	Keypress: 1
72.4816 	DATA 	Decide Onset
72.7902 	DATA 	Keypress: 1
72.7903 	DATA 	Decision Button Press: ['1']
72.7904 	DATA 	Decision Response: 2
72.7940 	EXP 	unnamed Rect: lineColor = 'red (named)'
73.3015 	DATA 	ITI Onset
73.3045 	EXP 	unnamed Rect: lineColor = 'white (named)'
73.3045 	EXP 	unnamed Rect: lineColor = 'white (named)'
73.3045 	EXP 	unnamed TextStim: text = '-3'
73.3045 	EXP 	unnamed TextStim: text = '-4'
76.6313 	DATA 	Trial End Time - totalITI: 3.31814717605
76.6315 	EXP 	New trial (rep=0, index=3): {'P1_1': '0.2', 'P1_2': '1', 'SafeOption': '2', 'P2_2': '0', 'O2_2': '0', 'O2_1': '-7', 'ProbNumber': 'MD6', 'O1_2': '-2', 'O1_1': '24', 'EV2': '-2', 'EV1': '-0.8', 'ProbType': 'MD', 'P2_1': '0.8'}
76.6316 	DATA 	Trial Onset - ProblemType: MD, ProblemNumber: MD6, leftRight: 1, samplingDur: 17, assignedITI: 1.0098
76.6316 	DATA 	Sampling Onset
77.0311 	DATA 	Keypress: 1
77.0473 	EXP 	unnamed TextStim: text = '-2'
77.5481 	DATA 	Sampled Response: 2, Outcome Shown: +24
77.9142 	DATA 	Keypress: 2
77.9303 	EXP 	unnamed TextStim: text = '+24'
78.4307 	DATA 	Sampled Response: 1, Outcome Shown: -2
79.0639 	DATA 	Keypress: 1
79.0806 	EXP 	unnamed TextStim: text = '-2'
79.5807 	DATA 	Sampled Response: 2, Outcome Shown: -7
79.5983 	DATA 	Keypress: 2
79.6303 	EXP 	unnamed TextStim: text = '-7'
80.1306 	DATA 	Sampled Response: 1, Outcome Shown: -2
80.3804 	DATA 	Keypress: 1
80.3969 	EXP 	unnamed TextStim: text = '-2'
80.8970 	DATA 	Sampled Response: 2, Outcome Shown: +24
81.1137 	DATA 	Keypress: 2
81.1303 	EXP 	unnamed TextStim: text = '-7'
81.6304 	DATA 	Sampled Response: 1, Outcome Shown: -2
81.9638 	DATA 	Keypress: 1
81.9803 	EXP 	unnamed TextStim: text = '-2'
82.4804 	DATA 	Sampled Response: 2, Outcome Shown: +24
82.5970 	DATA 	Keypress: 2
82.6134 	EXP 	unnamed TextStim: text = '-7'
83.1135 	DATA 	Sampled Response: 1, Outcome Shown: -2
83.4800 	DATA 	Keypress: 1
83.4966 	EXP 	unnamed TextStim: text = '-2'
83.9974 	DATA 	Sampled Response: 2, Outcome Shown: -7
84.2467 	DATA 	Keypress: 2
84.2631 	EXP 	unnamed TextStim: text = '-7'
84.7631 	DATA 	Sampled Response: 1, Outcome Shown: -2
85.0466 	DATA 	Keypress: 1
85.0630 	EXP 	unnamed TextStim: text = '-2'
85.5642 	DATA 	Sampled Response: 2, Outcome Shown: +24
85.6130 	DATA 	Keypress: 2
85.6298 	EXP 	unnamed TextStim: text = '-7'
86.1309 	DATA 	Sampled Response: 1, Outcome Shown: -2
86.2800 	DATA 	Keypress: 1
86.2964 	EXP 	unnamed TextStim: text = '-2'
86.7965 	DATA 	Sampled Response: 2, Outcome Shown: -7
86.7968 	DATA 	Keypress: 2
87.1796 	DATA 	Keypress: 2
87.1963 	EXP 	unnamed TextStim: text = '-7'
87.6964 	DATA 	Sampled Response: 1, Outcome Shown: -2
87.8630 	DATA 	Keypress: 1
87.8794 	EXP 	unnamed TextStim: text = '-2'
88.3800 	DATA 	Sampled Response: 2, Outcome Shown: -7
88.4628 	DATA 	Keypress: 2
88.4792 	EXP 	unnamed TextStim: text = '+24'
88.9788 	DATA 	Sampled Response: 1, Outcome Shown: -2
91.0632 	DATA 	Keypress: 1
91.0790 	EXP 	unnamed TextStim: text = '-2'
91.5791 	DATA 	Sampled Response: 2, Outcome Shown: -7
91.7959 	DATA 	Keypress: 2
91.8125 	EXP 	unnamed TextStim: text = '+24'
92.3127 	DATA 	Sampled Response: 1, Outcome Shown: -2
92.6794 	DATA 	Keypress: 1
92.6955 	EXP 	unnamed TextStim: text = '-2'
93.1963 	DATA 	Sampled Response: 2, Outcome Shown: -7
93.1965 	DATA 	** broke sampling loop (<.5s left in trial) **
93.1972 	DATA 	samplingCount: 19
93.1972 	DATA 	Think Onset
93.2005 	EXP 	unnamed Rect: lineColor = 'white (named)'
93.2005 	EXP 	unnamed Rect: lineColor = 'white (named)'
93.2127 	DATA 	Keypress: 2
96.2288 	DATA 	Decide Onset
96.5903 	DATA 	Keypress: 1
96.5903 	DATA 	Decision Button Press: ['1']
96.5904 	DATA 	Decision Response: 2
96.5941 	EXP 	unnamed Rect: lineColor = 'red (named)'
97.1041 	DATA 	ITI Onset
97.1073 	EXP 	unnamed Rect: lineColor = 'white (named)'
97.1073 	EXP 	unnamed Rect: lineColor = 'white (named)'
97.1073 	EXP 	unnamed TextStim: text = '-2'
97.1073 	EXP 	unnamed TextStim: text = '+24'
99.8953 	DATA 	Trial End Time - totalITI: 2.78310463477
99.8955 	EXP 	New trial (rep=0, index=4): {'P1_1': '0.8', 'P1_2': '1', 'SafeOption': '2', 'P2_2': '0', 'O2_2': '0', 'O2_1': '-9', 'ProbNumber': 'MD9', 'O1_2': '5', 'O1_1': '8', 'EV2': '5', 'EV1': '4.6', 'ProbType': 'MD', 'P2_1': '0.2'}
99.8956 	DATA 	Trial Onset - ProblemType: MD, ProblemNumber: MD9, leftRight: 0, samplingDur: 18, assignedITI: 2.3911
99.8956 	DATA 	Sampling Onset
100.4116 	DATA 	Keypress: 1
100.4279 	EXP 	unnamed TextStim: text = '+8'
100.9285 	DATA 	Sampled Response: 1, Outcome Shown: +8
101.1446 	DATA 	Keypress: 2
101.1610 	EXP 	unnamed TextStim: text = '+5'
101.6620 	DATA 	Sampled Response: 2, Outcome Shown: +5
101.9780 	DATA 	Keypress: 1
101.9944 	EXP 	unnamed TextStim: text = '+8'
102.4954 	DATA 	Sampled Response: 1, Outcome Shown: +8
102.5280 	DATA 	Keypress: 2
102.5443 	EXP 	unnamed TextStim: text = '+5'
103.0445 	DATA 	Sampled Response: 2, Outcome Shown: +5
103.0789 	DATA 	Keypress: 1
103.1107 	EXP 	unnamed TextStim: text = '+8'
103.6115 	DATA 	Sampled Response: 1, Outcome Shown: +8
103.6118 	DATA 	Keypress: 2
103.9613 	DATA 	Keypress: 2
103.9776 	EXP 	unnamed TextStim: text = '+5'
104.4778 	DATA 	Sampled Response: 2, Outcome Shown: +5
104.5279 	DATA 	Keypress: 1
104.5440 	EXP 	unnamed TextStim: text = '+8'
105.0447 	DATA 	Sampled Response: 1, Outcome Shown: +8
105.0449 	DATA 	Keypress: 2
105.3776 	DATA 	Keypress: 2
105.3940 	EXP 	unnamed TextStim: text = '+5'
105.8943 	DATA 	Sampled Response: 2, Outcome Shown: +5
105.8946 	DATA 	Keypress: 1
106.2944 	DATA 	Keypress: 1
106.3106 	EXP 	unnamed TextStim: text = '+8'
106.8112 	DATA 	Sampled Response: 1, Outcome Shown: +8
106.8115 	DATA 	Keypress: 2
107.2443 	DATA 	Keypress: 2
107.2603 	EXP 	unnamed TextStim: text = '+5'
107.7605 	DATA 	Sampled Response: 2, Outcome Shown: +5
108.2776 	DATA 	Keypress: 1
108.2937 	EXP 	unnamed TextStim: text = '+8'
108.7943 	DATA 	Sampled Response: 1, Outcome Shown: +8
109.0607 	DATA 	Keypress: 2
109.0768 	EXP 	unnamed TextStim: text = '+5'
109.5772 	DATA 	Sampled Response: 2, Outcome Shown: +5
109.8602 	DATA 	Keypress: 1
109.8770 	EXP 	unnamed TextStim: text = '+8'
110.3779 	DATA 	Sampled Response: 1, Outcome Shown: +8
110.3782 	DATA 	Keypress: 2
110.9937 	DATA 	Keypress: 2
111.0102 	EXP 	unnamed TextStim: text = '+5'
111.5110 	DATA 	Sampled Response: 2, Outcome Shown: +5
111.5768 	DATA 	Keypress: 1
111.5933 	EXP 	unnamed TextStim: text = '+8'
112.0934 	DATA 	Sampled Response: 1, Outcome Shown: +8
112.3602 	DATA 	Keypress: 2
112.3767 	EXP 	unnamed TextStim: text = '+5'
112.8769 	DATA 	Sampled Response: 2, Outcome Shown: +5
112.8771 	DATA 	Keypress: 1
113.5766 	DATA 	Keypress: 1
113.5931 	EXP 	unnamed TextStim: text = '+8'
114.0932 	DATA 	Sampled Response: 1, Outcome Shown: +8
117.4095 	DATA 	** broke sampling loop (<.5s left in trial) **
117.4104 	DATA 	samplingCount: 17
117.4104 	DATA 	Think Onset
117.4261 	EXP 	unnamed Rect: lineColor = 'white (named)'
117.4261 	EXP 	unnamed Rect: lineColor = 'white (named)'
120.4425 	DATA 	Decide Onset
120.9262 	DATA 	Keypress: 1
120.9262 	DATA 	Decision Button Press: ['1']
120.9263 	DATA 	Decision Response: 1
120.9298 	EXP 	unnamed Rect: lineColor = 'red (named)'
121.4371 	DATA 	ITI Onset
121.4404 	EXP 	unnamed Rect: lineColor = 'white (named)'
121.4404 	EXP 	unnamed Rect: lineColor = 'white (named)'
121.4404 	EXP 	unnamed TextStim: text = '+8'
121.4404 	EXP 	unnamed TextStim: text = '+5'
125.5423 	DATA 	Trial End Time - totalITI: 4.09305322465
125.5425 	EXP 	New trial (rep=0, index=5): {'P1_1': '0.8', 'P1_2': '0.1', 'SafeOption': '1', 'P2_2': '0.9', 'O2_2': '35', 'O2_1': '40', 'ProbNumber': 'RR7', 'O1_2': '-20', 'O1_1': '24', 'EV2': '29.5', 'EV1': '27.2', 'ProbType': 'RR', 'P2_1': '0.2'}
125.5426 	DATA 	Trial Onset - ProblemType: RR, ProblemNumber: RR7, leftRight: 0, samplingDur: 16, assignedITI: 1.0113
125.5426 	DATA 	Sampling Onset
126.1418 	DATA 	Keypress: 1
126.1580 	EXP 	unnamed TextStim: text = '+24'
126.6583 	DATA 	Sampled Response: 1, Outcome Shown: +24
127.0921 	DATA 	Keypress: 2
127.1081 	EXP 	unnamed TextStim: text = '+35'
127.6087 	DATA 	Sampled Response: 2, Outcome Shown: +35
128.1081 	DATA 	Keypress: 1
128.1249 	EXP 	unnamed TextStim: text = '+24'
128.6256 	DATA 	Sampled Response: 1, Outcome Shown: +24
128.9750 	DATA 	Keypress: 2
128.9910 	EXP 	unnamed TextStim: text = '-20'
129.4918 	DATA 	Sampled Response: 2, Outcome Shown: -20
129.9914 	DATA 	Keypress: 1
130.0077 	EXP 	unnamed TextStim: text = '+24'
130.5078 	DATA 	Sampled Response: 1, Outcome Shown: +24
130.7747 	DATA 	Keypress: 2
130.7910 	EXP 	unnamed TextStim: text = '+35'
131.2912 	DATA 	Sampled Response: 2, Outcome Shown: +35
131.5911 	DATA 	Keypress: 1
131.6076 	EXP 	unnamed TextStim: text = '+24'
132.1083 	DATA 	Sampled Response: 1, Outcome Shown: +24
132.2247 	DATA 	Keypress: 2
132.2408 	EXP 	unnamed TextStim: text = '-20'
132.7406 	DATA 	Sampled Response: 2, Outcome Shown: -20
132.9578 	DATA 	Keypress: 1
132.9742 	EXP 	unnamed TextStim: text = '+24'
133.4744 	DATA 	Sampled Response: 1, Outcome Shown: +24
141.0567 	DATA 	** broke sampling loop (<.5s left in trial) **
141.0574 	DATA 	samplingCount: 9
141.0574 	DATA 	Think Onset
141.0731 	EXP 	unnamed Rect: lineColor = 'white (named)'
141.0731 	EXP 	unnamed Rect: lineColor = 'white (named)'
143.7903 	DATA 	Keypress: 1
144.0896 	DATA 	Decide Onset
144.4621 	DATA 	Keypress: 1
144.4622 	DATA 	Decision Button Press: ['1']
144.4622 	DATA 	Decision Response: 1
144.4658 	EXP 	unnamed Rect: lineColor = 'red (named)'
144.9764 	DATA 	ITI Onset
144.9798 	EXP 	unnamed Rect: lineColor = 'white (named)'
144.9798 	EXP 	unnamed Rect: lineColor = 'white (named)'
144.9798 	EXP 	unnamed TextStim: text = '+24'
144.9798 	EXP 	unnamed TextStim: text = '-20'
147.8063 	DATA 	Trial End Time - totalITI: 2.82452094768
147.8065 	EXP 	New trial (rep=0, index=6): {'P1_1': '0.8', 'P1_2': '0.3', 'SafeOption': '1', 'P2_2': '0.7', 'O2_2': '40', 'O2_1': '33', 'ProbNumber': 'RR12', 'O1_2': '-25', 'O1_1': '18', 'EV2': '20.5', 'EV1': '21', 'ProbType': 'RR', 'P2_1': '0.2'}
147.8067 	DATA 	Trial Onset - ProblemType: RR, ProblemNumber: RR12, leftRight: 1, samplingDur: 15, assignedITI: 1.8808
147.8067 	DATA 	Sampling Onset
148.4064 	DATA 	Keypress: 1
148.4224 	EXP 	unnamed TextStim: text = '-25'
148.9229 	DATA 	Sampled Response: 2, Outcome Shown: +18
150.0067 	DATA 	Keypress: 2
150.0386 	EXP 	unnamed TextStim: text = '+18'
150.5390 	DATA 	Sampled Response: 1, Outcome Shown: +40
150.8393 	DATA 	Keypress: 1
150.8553 	EXP 	unnamed TextStim: text = '+40'
151.3554 	DATA 	Sampled Response: 2, Outcome Shown: +18
152.5556 	DATA 	Keypress: 2
152.5720 	EXP 	unnamed TextStim: text = '+18'
153.0725 	DATA 	Sampled Response: 1, Outcome Shown: +40
153.9055 	DATA 	Keypress: 1
153.9217 	EXP 	unnamed TextStim: text = '-25'
154.4220 	DATA 	Sampled Response: 2, Outcome Shown: +33
154.7385 	DATA 	Keypress: 2
154.7548 	EXP 	unnamed TextStim: text = '+18'
155.2550 	DATA 	Sampled Response: 1, Outcome Shown: +40
155.5720 	DATA 	Keypress: 1
155.5881 	EXP 	unnamed TextStim: text = '+40'
156.0882 	DATA 	Sampled Response: 2, Outcome Shown: +18
156.0886 	DATA 	Keypress: 2
156.4718 	DATA 	Keypress: 2
156.4879 	EXP 	unnamed TextStim: text = '+18'
156.9880 	DATA 	Sampled Response: 1, Outcome Shown: +40
157.2550 	DATA 	Keypress: 1
157.2714 	EXP 	unnamed TextStim: text = '+40'
157.7718 	DATA 	Sampled Response: 2, Outcome Shown: +18
158.0880 	DATA 	Keypress: 2
158.1046 	EXP 	unnamed TextStim: text = '+33'
158.6050 	DATA 	Sampled Response: 1, Outcome Shown: -25
159.0714 	DATA 	Keypress: 1
159.0877 	EXP 	unnamed TextStim: text = '-25'
159.5878 	DATA 	Sampled Response: 2, Outcome Shown: +33
159.6379 	DATA 	Keypress: 2
159.6541 	EXP 	unnamed TextStim: text = '+33'
160.1536 	DATA 	Sampled Response: 1, Outcome Shown: +40
160.2388 	DATA 	Keypress: 1
160.2711 	EXP 	unnamed TextStim: text = '+40'
160.7714 	DATA 	Sampled Response: 2, Outcome Shown: +18
160.7878 	DATA 	Keypress: 2
160.8042 	EXP 	unnamed TextStim: text = '+18'
161.3042 	DATA 	Sampled Response: 1, Outcome Shown: +40
161.3045 	DATA 	Keypress: 1
162.3209 	DATA 	** broke sampling loop (<.5s left in trial) **
162.3216 	DATA 	samplingCount: 14
162.3216 	DATA 	Think Onset
162.3375 	EXP 	unnamed Rect: lineColor = 'white (named)'
162.3375 	EXP 	unnamed Rect: lineColor = 'white (named)'
165.3539 	DATA 	Decide Onset
165.6621 	DATA 	Keypress: 2
165.6622 	DATA 	Decision Button Press: ['2']
165.6622 	DATA 	Decision Response: 1
165.6658 	EXP 	unnamed Rect: lineColor = 'red (named)'
166.1749 	DATA 	ITI Onset
166.1781 	EXP 	unnamed Rect: lineColor = 'white (named)'
166.1781 	EXP 	unnamed Rect: lineColor = 'white (named)'
166.1781 	EXP 	unnamed TextStim: text = '+40'
166.1781 	EXP 	unnamed TextStim: text = '+18'
169.9370 	DATA 	Trial End Time - totalITI: 3.75813980098
169.9372 	EXP 	New trial (rep=0, index=7): {'P1_1': '0.3', 'P1_2': '0.5', 'SafeOption': '1', 'P2_2': '0.5', 'O2_2': '30', 'O2_1': '15', 'ProbNumber': 'RR4', 'O1_2': '-8', 'O1_1': '5', 'EV2': '11', 'EV1': '12', 'ProbType': 'RR', 'P2_1': '0.7'}
169.9373 	DATA 	Trial Onset - ProblemType: RR, ProblemNumber: RR4, leftRight: 0, samplingDur: 17, assignedITI: 1.2297
169.9373 	DATA 	Sampling Onset
170.4201 	DATA 	Keypress: 1
170.4364 	EXP 	unnamed TextStim: text = '+15'
170.9372 	DATA 	Sampled Response: 1, Outcome Shown: +15
171.1868 	DATA 	Keypress: 2
171.2030 	EXP 	unnamed TextStim: text = '-8'
171.7033 	DATA 	Sampled Response: 2, Outcome Shown: -8
172.0707 	DATA 	Keypress: 1
172.1032 	EXP 	unnamed TextStim: text = '+15'
172.6041 	DATA 	Sampled Response: 1, Outcome Shown: +15
172.8698 	DATA 	Keypress: 2
172.8859 	EXP 	unnamed TextStim: text = '+30'
173.3863 	DATA 	Sampled Response: 2, Outcome Shown: +30
173.8363 	DATA 	Keypress: 1
173.8530 	EXP 	unnamed TextStim: text = '+15'
174.3533 	DATA 	Sampled Response: 1, Outcome Shown: +15
174.5696 	DATA 	Keypress: 2
174.5858 	EXP 	unnamed TextStim: text = '-8'
175.0862 	DATA 	Sampled Response: 2, Outcome Shown: -8
175.6694 	DATA 	Keypress: 1
175.6857 	EXP 	unnamed TextStim: text = '+5'
176.1861 	DATA 	Sampled Response: 1, Outcome Shown: +5
176.4693 	DATA 	Keypress: 2
176.4859 	EXP 	unnamed TextStim: text = '-8'
176.9866 	DATA 	Sampled Response: 2, Outcome Shown: -8
177.0527 	DATA 	Keypress: 1
177.0691 	EXP 	unnamed TextStim: text = '+15'
177.5689 	DATA 	Sampled Response: 1, Outcome Shown: +15
177.6357 	DATA 	Keypress: 2
177.6522 	EXP 	unnamed TextStim: text = '+30'
178.1525 	DATA 	Sampled Response: 2, Outcome Shown: +30
178.3191 	DATA 	Keypress: 1
178.3353 	EXP 	unnamed TextStim: text = '+15'
178.8362 	DATA 	Sampled Response: 1, Outcome Shown: +15
178.9358 	DATA 	Keypress: 2
178.9520 	EXP 	unnamed TextStim: text = '-8'
179.4522 	DATA 	Sampled Response: 2, Outcome Shown: -8
179.4526 	DATA 	Keypress: 1
179.8192 	DATA 	Keypress: 1
179.8354 	EXP 	unnamed TextStim: text = '+15'
180.3355 	DATA 	Sampled Response: 1, Outcome Shown: +15
186.4516 	DATA 	** broke sampling loop (<.5s left in trial) **
186.4524 	DATA 	samplingCount: 13
186.4524 	DATA 	Think Onset
186.4682 	EXP 	unnamed Rect: lineColor = 'white (named)'
186.4682 	EXP 	unnamed Rect: lineColor = 'white (named)'
189.4844 	DATA 	Decide Onset
189.8060 	DATA 	Keypress: 1
189.8061 	DATA 	Decision Button Press: ['1']
189.8062 	DATA 	Decision Response: 1
189.8096 	EXP 	unnamed Rect: lineColor = 'red (named)'
190.3174 	DATA 	ITI Onset
190.3208 	EXP 	unnamed Rect: lineColor = 'white (named)'
190.3208 	EXP 	unnamed Rect: lineColor = 'white (named)'
190.3208 	EXP 	unnamed TextStim: text = '+15'
190.3208 	EXP 	unnamed TextStim: text = '-8'
193.4181 	DATA 	Trial End Time - totalITI: 3.09356130557
193.4183 	EXP 	New trial (rep=0, index=8): {'P1_1': '0.4', 'P1_2': '0.4', 'SafeOption': '1', 'P2_2': '0.6', 'O2_2': '17', 'O2_1': '12', 'ProbNumber': 'RR2', 'O1_2': '-5', 'O1_1': '5', 'EV2': '8.2', 'EV1': '9.2', 'ProbType': 'RR', 'P2_1': '0.6'}
193.4184 	DATA 	Trial Onset - ProblemType: RR, ProblemNumber: RR2, leftRight: 1, samplingDur: 16, assignedITI: 1.3267
193.4184 	DATA 	Sampling Onset
193.7839 	DATA 	Keypress: 1
193.8008 	EXP 	unnamed TextStim: text = '-5'
194.3012 	DATA 	Sampled Response: 2, Outcome Shown: +12
194.3183 	DATA 	Keypress: 2
194.3501 	EXP 	unnamed TextStim: text = '+12'
194.8510 	DATA 	Sampled Response: 1, Outcome Shown: -5
194.8513 	DATA 	Keypress: 1
195.2335 	DATA 	Keypress: 1
195.2500 	EXP 	unnamed TextStim: text = '+17'
195.7501 	DATA 	Sampled Response: 2, Outcome Shown: +5
195.7507 	DATA 	Keypress: 2
196.0007 	DATA 	Keypress: 2
196.0170 	EXP 	unnamed TextStim: text = '+12'
196.5172 	DATA 	Sampled Response: 1, Outcome Shown: -5
196.7345 	DATA 	Keypress: 1
196.7664 	EXP 	unnamed TextStim: text = '-5'
197.2664 	DATA 	Sampled Response: 2, Outcome Shown: +5
197.3171 	DATA 	Keypress: 2
197.3332 	EXP 	unnamed TextStim: text = '+12'
197.8332 	DATA 	Sampled Response: 1, Outcome Shown: -5
198.0837 	DATA 	Keypress: 1
198.0997 	EXP 	unnamed TextStim: text = '-5'
198.6003 	DATA 	Sampled Response: 2, Outcome Shown: +12
198.6006 	DATA 	Keypress: 2
198.9833 	DATA 	Keypress: 2
199.0003 	EXP 	unnamed TextStim: text = '+12'
199.5011 	DATA 	Sampled Response: 1, Outcome Shown: +17
199.5508 	DATA 	Keypress: 1
199.5828 	EXP 	unnamed TextStim: text = '+17'
200.0837 	DATA 	Sampled Response: 2, Outcome Shown: +12
200.0841 	DATA 	Keypress: 2
200.3836 	DATA 	Keypress: 2
200.3998 	EXP 	unnamed TextStim: text = '+5'
200.9002 	DATA 	Sampled Response: 1, Outcome Shown: +17
200.9331 	DATA 	Keypress: 1
200.9494 	EXP 	unnamed TextStim: text = '-5'
201.4494 	DATA 	Sampled Response: 2, Outcome Shown: +5
201.4498 	DATA 	Keypress: 2
201.9003 	DATA 	Keypress: 2
201.9159 	EXP 	unnamed TextStim: text = '+12'
202.4163 	DATA 	Sampled Response: 1, Outcome Shown: -5
202.4166 	DATA 	Keypress: 1
202.7331 	DATA 	Keypress: 1
202.7492 	EXP 	unnamed TextStim: text = '+17'
203.2497 	DATA 	Sampled Response: 2, Outcome Shown: +5
203.2500 	DATA 	Keypress: 2
203.5507 	DATA 	Keypress: 2
203.5825 	EXP 	unnamed TextStim: text = '+5'
204.0832 	DATA 	Sampled Response: 1, Outcome Shown: -5
204.0835 	DATA 	Keypress: 1
204.3330 	DATA 	Keypress: 1
204.3493 	EXP 	unnamed TextStim: text = '+17'
204.8491 	DATA 	Sampled Response: 2, Outcome Shown: +12
204.8496 	DATA 	Keypress: 2
205.7329 	DATA 	Keypress: 1
205.7493 	EXP 	unnamed TextStim: text = '+17'
206.2489 	DATA 	Sampled Response: 2, Outcome Shown: +12
206.2492 	DATA 	Keypress: 2
207.0994 	DATA 	Keypress: 2
207.1157 	EXP 	unnamed TextStim: text = '+5'
207.6159 	DATA 	Sampled Response: 1, Outcome Shown: -5
208.9319 	DATA 	** broke sampling loop (<.5s left in trial) **
208.9326 	DATA 	samplingCount: 17
208.9326 	DATA 	Think Onset
208.9489 	EXP 	unnamed Rect: lineColor = 'white (named)'
208.9489 	EXP 	unnamed Rect: lineColor = 'white (named)'
211.9652 	DATA 	Decide Onset
212.3181 	DATA 	Keypress: 2
212.3182 	DATA 	Decision Button Press: ['2']
212.3183 	DATA 	Decision Response: 1
212.3217 	EXP 	unnamed Rect: lineColor = 'red (named)'
212.8293 	DATA 	ITI Onset
212.8326 	EXP 	unnamed Rect: lineColor = 'white (named)'
212.8326 	EXP 	unnamed Rect: lineColor = 'white (named)'
212.8326 	EXP 	unnamed TextStim: text = '+17'
212.8326 	EXP 	unnamed TextStim: text = '+5'
215.9986 	DATA 	Trial End Time - totalITI: 3.15997614241
215.9988 	EXP 	New trial (rep=0, index=9): {'P1_1': '0.2', 'P1_2': '1', 'SafeOption': '2', 'P2_2': '0', 'O2_2': '0', 'O2_1': '0', 'ProbNumber': 'SD12', 'O1_2': '6', 'O1_1': '29', 'EV2': '6', 'EV1': '5.8', 'ProbType': 'SD', 'P2_1': '0.8'}
215.9989 	DATA 	Trial Onset - ProblemType: SD, ProblemNumber: SD12, leftRight: 0, samplingDur: 16, assignedITI: 2.5575
215.9989 	DATA 	Sampling Onset
216.4982 	DATA 	Keypress: 1
216.5144 	EXP 	unnamed TextStim: text = '0'
217.0138 	DATA 	Sampled Response: 1, Outcome Shown: 0
217.2648 	DATA 	Keypress: 2
217.2808 	EXP 	unnamed TextStim: text = '+6'
217.7808 	DATA 	Sampled Response: 2, Outcome Shown: +6
218.0480 	DATA 	Keypress: 1
218.0641 	EXP 	unnamed TextStim: text = '+29'
218.5640 	DATA 	Sampled Response: 1, Outcome Shown: +29
218.8478 	DATA 	Keypress: 2
218.8646 	EXP 	unnamed TextStim: text = '+6'
219.3655 	DATA 	Sampled Response: 2, Outcome Shown: +6
219.8312 	DATA 	Keypress: 1
219.8475 	EXP 	unnamed TextStim: text = '+29'
220.3483 	DATA 	Sampled Response: 1, Outcome Shown: +29
220.6307 	DATA 	Keypress: 2
220.6475 	EXP 	unnamed TextStim: text = '+6'
221.1485 	DATA 	Sampled Response: 2, Outcome Shown: +6
221.3641 	DATA 	Keypress: 1
221.3805 	EXP 	unnamed TextStim: text = '0'
221.8811 	DATA 	Sampled Response: 1, Outcome Shown: 0
222.5807 	DATA 	Keypress: 2
222.5971 	EXP 	unnamed TextStim: text = '+6'
223.0975 	DATA 	Sampled Response: 2, Outcome Shown: +6
223.5639 	DATA 	Keypress: 1
223.5807 	EXP 	unnamed TextStim: text = '0'
224.0814 	DATA 	Sampled Response: 1, Outcome Shown: 0
224.4640 	DATA 	Keypress: 2
224.4801 	EXP 	unnamed TextStim: text = '+6'
224.9800 	DATA 	Sampled Response: 2, Outcome Shown: +6
225.7805 	DATA 	Keypress: 1
225.7968 	EXP 	unnamed TextStim: text = '0'
226.2968 	DATA 	Sampled Response: 1, Outcome Shown: 0
226.5800 	DATA 	Keypress: 2
226.5965 	EXP 	unnamed TextStim: text = '+6'
227.0970 	DATA 	Sampled Response: 2, Outcome Shown: +6
227.0973 	DATA 	Keypress: 1
227.4302 	DATA 	Keypress: 1
227.4464 	EXP 	unnamed TextStim: text = '+29'
227.9465 	DATA 	Sampled Response: 1, Outcome Shown: +29
228.0470 	DATA 	Keypress: 2
228.0631 	EXP 	unnamed TextStim: text = '+6'
228.5630 	DATA 	Sampled Response: 2, Outcome Shown: +6
228.7467 	DATA 	Keypress: 1
228.7630 	EXP 	unnamed TextStim: text = '0'
229.2631 	DATA 	Sampled Response: 1, Outcome Shown: 0
229.3301 	DATA 	Keypress: 2
229.3461 	EXP 	unnamed TextStim: text = '+6'
229.8458 	DATA 	Sampled Response: 2, Outcome Shown: +6
229.9131 	DATA 	Keypress: 1
229.9295 	EXP 	unnamed TextStim: text = '+29'
230.4305 	DATA 	Sampled Response: 1, Outcome Shown: +29
230.5463 	DATA 	Keypress: 2
230.5630 	EXP 	unnamed TextStim: text = '+6'
231.0634 	DATA 	Sampled Response: 2, Outcome Shown: +6
231.0637 	DATA 	Keypress: 1
231.5130 	DATA 	Keypress: 1
231.5293 	EXP 	unnamed TextStim: text = '0'
232.0299 	DATA 	Sampled Response: 1, Outcome Shown: 0
232.0302 	DATA 	Keypress: 2
232.0303 	DATA 	** broke sampling loop (<.5s left in trial) **
232.0310 	DATA 	samplingCount: 19
232.0310 	DATA 	Think Onset
232.0345 	EXP 	unnamed Rect: lineColor = 'white (named)'
232.0345 	EXP 	unnamed Rect: lineColor = 'white (named)'
232.2634 	DATA 	Keypress: 2
235.0625 	DATA 	Decide Onset
235.3661 	DATA 	Keypress: 2
235.3662 	DATA 	Decision Button Press: ['2']
235.3662 	DATA 	Decision Response: 2
235.3696 	EXP 	unnamed Rect: lineColor = 'red (named)'
235.8756 	DATA 	ITI Onset
235.8788 	EXP 	unnamed Rect: lineColor = 'white (named)'
235.8788 	EXP 	unnamed Rect: lineColor = 'white (named)'
235.8788 	EXP 	unnamed TextStim: text = '0'
235.8788 	EXP 	unnamed TextStim: text = '+6'
239.8125 	DATA 	Trial End Time - totalITI: 3.92235339857
239.8127 	EXP 	New trial (rep=0, index=10): {'P1_1': '0.4', 'P1_2': '1', 'SafeOption': '2', 'P2_2': '0', 'O2_2': '0', 'O2_1': '0', 'ProbNumber': 'SD11', 'O1_2': '8', 'O1_1': '22', 'EV2': '8', 'EV1': '8.8', 'ProbType': 'SD', 'P2_1': '0.6'}
239.8128 	DATA 	Trial Onset - ProblemType: SD, ProblemNumber: SD11, leftRight: 0, samplingDur: 19, assignedITI: 1.0887
239.8128 	DATA 	Sampling Onset
240.8286 	DATA 	Keypress: 1
240.8449 	EXP 	unnamed TextStim: text = '0'
241.3459 	DATA 	Sampled Response: 1, Outcome Shown: 0
241.6462 	DATA 	Keypress: 2
241.6779 	EXP 	unnamed TextStim: text = '+8'
242.1778 	DATA 	Sampled Response: 2, Outcome Shown: +8
242.5450 	DATA 	Keypress: 1
242.5614 	EXP 	unnamed TextStim: text = '0'
243.0620 	DATA 	Sampled Response: 1, Outcome Shown: 0
243.2616 	DATA 	Keypress: 2
243.2782 	EXP 	unnamed TextStim: text = '+8'
243.7785 	DATA 	Sampled Response: 2, Outcome Shown: +8
244.0784 	DATA 	Keypress: 1
244.0946 	EXP 	unnamed TextStim: text = '0'
244.5953 	DATA 	Sampled Response: 1, Outcome Shown: 0
245.1284 	DATA 	Keypress: 2
245.1443 	EXP 	unnamed TextStim: text = '+8'
245.6451 	DATA 	Sampled Response: 2, Outcome Shown: +8
246.4115 	DATA 	Keypress: 1
246.4276 	EXP 	unnamed TextStim: text = '0'
246.9282 	DATA 	Sampled Response: 1, Outcome Shown: 0
247.2109 	DATA 	Keypress: 2
247.2277 	EXP 	unnamed TextStim: text = '+8'
247.7279 	DATA 	Sampled Response: 2, Outcome Shown: +8
248.0445 	DATA 	Keypress: 1
248.0605 	EXP 	unnamed TextStim: text = '+22'
248.5610 	DATA 	Sampled Response: 1, Outcome Shown: +22
248.9276 	DATA 	Keypress: 2
248.9439 	EXP 	unnamed TextStim: text = '+8'
249.4440 	DATA 	Sampled Response: 2, Outcome Shown: +8
249.6606 	DATA 	Keypress: 1
249.6773 	EXP 	unnamed TextStim: text = '0'
250.1774 	DATA 	Sampled Response: 1, Outcome Shown: 0
250.2775 	DATA 	Keypress: 2
250.2938 	EXP 	unnamed TextStim: text = '+8'
250.7944 	DATA 	Sampled Response: 2, Outcome Shown: +8
251.1442 	DATA 	Keypress: 1
251.1605 	EXP 	unnamed TextStim: text = '0'
251.6606 	DATA 	Sampled Response: 1, Outcome Shown: 0
251.7275 	DATA 	Keypress: 2
251.7436 	EXP 	unnamed TextStim: text = '+8'
252.2446 	DATA 	Sampled Response: 2, Outcome Shown: +8
252.3771 	DATA 	Keypress: 1
252.3934 	EXP 	unnamed TextStim: text = '+22'
252.8938 	DATA 	Sampled Response: 1, Outcome Shown: +22
252.8941 	DATA 	Keypress: 2
253.2774 	DATA 	Keypress: 2
253.2934 	EXP 	unnamed TextStim: text = '+8'
253.7934 	DATA 	Sampled Response: 2, Outcome Shown: +8
253.8269 	DATA 	Keypress: 1
253.8432 	EXP 	unnamed TextStim: text = '+22'
254.3432 	DATA 	Sampled Response: 1, Outcome Shown: +22
254.4269 	DATA 	Keypress: 2
254.4431 	EXP 	unnamed TextStim: text = '+8'
254.9437 	DATA 	Sampled Response: 2, Outcome Shown: +8
254.9601 	DATA 	Keypress: 1
254.9765 	EXP 	unnamed TextStim: text = '+22'
255.4769 	DATA 	Sampled Response: 1, Outcome Shown: +22
255.4772 	DATA 	Keypress: 2
255.7766 	DATA 	Keypress: 2
255.7931 	EXP 	unnamed TextStim: text = '+8'
256.2933 	DATA 	Sampled Response: 2, Outcome Shown: +8
256.2936 	DATA 	Keypress: 1
256.5770 	DATA 	Keypress: 1
256.5931 	EXP 	unnamed TextStim: text = '0'
257.0925 	DATA 	Sampled Response: 1, Outcome Shown: 0
257.0928 	DATA 	Keypress: 2
257.3098 	DATA 	Keypress: 2
257.3263 	EXP 	unnamed TextStim: text = '+8'
257.8270 	DATA 	Sampled Response: 2, Outcome Shown: +8
257.8433 	DATA 	Keypress: 1
257.8594 	EXP 	unnamed TextStim: text = '+22'
258.3598 	DATA 	Sampled Response: 1, Outcome Shown: +22
258.3601 	DATA 	Keypress: 2
258.3602 	DATA 	** broke sampling loop (<.5s left in trial) **
258.3610 	DATA 	samplingCount: 23
258.3610 	DATA 	Think Onset
258.3643 	EXP 	unnamed Rect: lineColor = 'white (named)'
258.3643 	EXP 	unnamed Rect: lineColor = 'white (named)'
261.3927 	DATA 	Decide Onset
262.1660 	DATA 	Keypress: 2
262.1660 	DATA 	Decision Button Press: ['2']
262.1661 	DATA 	Decision Response: 2
262.1695 	EXP 	unnamed Rect: lineColor = 'red (named)'
262.6788 	DATA 	ITI Onset
262.6822 	EXP 	unnamed Rect: lineColor = 'white (named)'
262.6822 	EXP 	unnamed Rect: lineColor = 'white (named)'
262.6822 	EXP 	unnamed TextStim: text = '+22'
262.6822 	EXP 	unnamed TextStim: text = '+8'
265.1593 	DATA 	Trial End Time - totalITI: 2.46780404655
265.1595 	EXP 	New trial (rep=0, index=11): {'P1_1': '0.7', 'P1_2': '1', 'SafeOption': '2', 'P2_2': '0', 'O2_2': '0', 'O2_1': '0', 'ProbNumber': 'SD5', 'O1_2': '-8', 'O1_1': '-10', 'EV2': '-8', 'EV1': '-7', 'ProbType': 'SD', 'P2_1': '0.3'}
265.1596 	DATA 	Trial Onset - ProblemType: SD, ProblemNumber: SD5, leftRight: 1, samplingDur: 17, assignedITI: 5.0846
265.1596 	DATA 	Sampling Onset
265.7919 	DATA 	Keypress: 1
265.8084 	EXP 	unnamed TextStim: text = '-8'
266.3087 	DATA 	Sampled Response: 2, Outcome Shown: -10
266.5923 	DATA 	Keypress: 2
266.6085 	EXP 	unnamed TextStim: text = '-10'
267.1087 	DATA 	Sampled Response: 1, Outcome Shown: -8
267.4921 	DATA 	Keypress: 1
267.5084 	EXP 	unnamed TextStim: text = '-8'
268.0087 	DATA 	Sampled Response: 2, Outcome Shown: -10
268.2583 	DATA 	Keypress: 2
268.2750 	EXP 	unnamed TextStim: text = '0'
268.7751 	DATA 	Sampled Response: 1, Outcome Shown: -8
269.7420 	DATA 	Keypress: 1
269.7583 	EXP 	unnamed TextStim: text = '-8'
270.2592 	DATA 	Sampled Response: 2, Outcome Shown: -10
271.0250 	DATA 	Keypress: 2
271.0414 	EXP 	unnamed TextStim: text = '-10'
271.5420 	DATA 	Sampled Response: 1, Outcome Shown: -8
272.6082 	DATA 	Keypress: 1
272.6247 	EXP 	unnamed TextStim: text = '-8'
273.1245 	DATA 	Sampled Response: 2, Outcome Shown: -10
273.3082 	DATA 	Keypress: 2
273.3245 	EXP 	unnamed TextStim: text = '0'
273.8246 	DATA 	Sampled Response: 1, Outcome Shown: -8
274.0417 	DATA 	Keypress: 1
274.0575 	EXP 	unnamed TextStim: text = '-8'
274.5583 	DATA 	Sampled Response: 2, Outcome Shown: -10
274.5585 	DATA 	Keypress: 2
275.1079 	DATA 	Keypress: 2
275.1243 	EXP 	unnamed TextStim: text = '-10'
275.6241 	DATA 	Sampled Response: 1, Outcome Shown: -8
275.8075 	DATA 	Keypress: 1
275.8242 	EXP 	unnamed TextStim: text = '-8'
276.3245 	DATA 	Sampled Response: 2, Outcome Shown: -10
276.3248 	DATA 	Keypress: 2
276.7075 	DATA 	Keypress: 2
276.7239 	EXP 	unnamed TextStim: text = '-10'
277.2245 	DATA 	Sampled Response: 1, Outcome Shown: -8
281.6738 	DATA 	** broke sampling loop (<.5s left in trial) **
281.6744 	DATA 	samplingCount: 12
281.6744 	DATA 	Think Onset
281.6900 	EXP 	unnamed Rect: lineColor = 'white (named)'
281.6900 	EXP 	unnamed Rect: lineColor = 'white (named)'
284.7067 	DATA 	Decide Onset
285.0459 	DATA 	Keypress: 2
285.0460 	DATA 	Decision Button Press: ['2']
285.0460 	DATA 	Decision Response: 1
285.0494 	EXP 	unnamed Rect: lineColor = 'red (named)'
285.5580 	DATA 	ITI Onset
285.5613 	EXP 	unnamed Rect: lineColor = 'white (named)'
285.5613 	EXP 	unnamed Rect: lineColor = 'white (named)'
285.5613 	EXP 	unnamed TextStim: text = '-8'
285.5613 	EXP 	unnamed TextStim: text = '-10'
292.5061 	DATA 	Trial End Time - totalITI: 6.9310420011
292.5063 	EXP 	New trial (rep=0, index=12): {'P1_1': '0.6', 'P1_2': '1', 'SafeOption': '2', 'P2_2': '0', 'O2_2': '0', 'O2_1': '0', 'ProbNumber': 'SD8', 'O1_2': '7', 'O1_1': '12', 'EV2': '7', 'EV1': '7.2', 'ProbType': 'SD', 'P2_1': '0.4'}
292.5064 	DATA 	Trial Onset - ProblemType: SD, ProblemNumber: SD8, leftRight: 0, samplingDur: 15, assignedITI: 4.6191
292.5064 	DATA 	Sampling Onset
292.9726 	DATA 	Keypress: 1
292.9886 	EXP 	unnamed TextStim: text = '+12'
293.4888 	DATA 	Sampled Response: 1, Outcome Shown: +12
293.6721 	DATA 	Keypress: 2
293.6887 	EXP 	unnamed TextStim: text = '+7'
294.1883 	DATA 	Sampled Response: 2, Outcome Shown: +7
294.1886 	DATA 	Keypress: 1
294.5221 	DATA 	Keypress: 1
294.5387 	EXP 	unnamed TextStim: text = '+12'
295.0391 	DATA 	Sampled Response: 1, Outcome Shown: +12
295.3390 	DATA 	Keypress: 2
295.3552 	EXP 	unnamed TextStim: text = '+7'
295.8554 	DATA 	Sampled Response: 2, Outcome Shown: +7
296.5219 	DATA 	Keypress: 1
296.5383 	EXP 	unnamed TextStim: text = '0'
297.0385 	DATA 	Sampled Response: 1, Outcome Shown: 0
297.5720 	DATA 	Keypress: 2
297.5885 	EXP 	unnamed TextStim: text = '+7'
298.0887 	DATA 	Sampled Response: 2, Outcome Shown: +7
298.2718 	DATA 	Keypress: 1
298.2881 	EXP 	unnamed TextStim: text = '+12'
298.7891 	DATA 	Sampled Response: 1, Outcome Shown: +12
298.8215 	DATA 	Keypress: 2
298.8378 	EXP 	unnamed TextStim: text = '+7'
299.3383 	DATA 	Sampled Response: 2, Outcome Shown: +7
299.3552 	DATA 	Keypress: 1
299.3711 	EXP 	unnamed TextStim: text = '+12'
299.8718 	DATA 	Sampled Response: 1, Outcome Shown: +12
299.8721 	DATA 	Keypress: 2
300.3049 	DATA 	Keypress: 2
300.3213 	EXP 	unnamed TextStim: text = '+7'
300.8215 	DATA 	Sampled Response: 2, Outcome Shown: +7
300.9714 	DATA 	Keypress: 1
300.9878 	EXP 	unnamed TextStim: text = '0'
301.4878 	DATA 	Sampled Response: 1, Outcome Shown: 0
301.8049 	DATA 	Keypress: 2
301.8210 	EXP 	unnamed TextStim: text = '+7'
302.3212 	DATA 	Sampled Response: 2, Outcome Shown: +7
302.6221 	DATA 	Keypress: 1
302.6542 	EXP 	unnamed TextStim: text = '+12'
303.1544 	DATA 	Sampled Response: 1, Outcome Shown: +12
303.1547 	DATA 	Keypress: 2
303.6043 	DATA 	Keypress: 2
303.6208 	EXP 	unnamed TextStim: text = '+7'
304.1211 	DATA 	Sampled Response: 2, Outcome Shown: +7
304.1215 	DATA 	Keypress: 1
304.2546 	DATA 	Keypress: 1
304.2708 	EXP 	unnamed TextStim: text = '+12'
304.7716 	DATA 	Sampled Response: 1, Outcome Shown: +12
304.7719 	DATA 	Keypress: 2
305.0209 	DATA 	Keypress: 2
305.0375 	EXP 	unnamed TextStim: text = '+7'
305.5379 	DATA 	Sampled Response: 2, Outcome Shown: +7
305.5382 	DATA 	Keypress: 1
307.0205 	DATA 	** broke sampling loop (<.5s left in trial) **
307.0212 	DATA 	samplingCount: 16
307.0212 	DATA 	Think Onset
307.0371 	EXP 	unnamed Rect: lineColor = 'white (named)'
307.0371 	EXP 	unnamed Rect: lineColor = 'white (named)'
310.0538 	DATA 	Decide Onset
310.3819 	DATA 	Keypress: 1
310.3820 	DATA 	Decision Button Press: ['1']
310.3820 	DATA 	Decision Response: 1
310.3855 	EXP 	unnamed Rect: lineColor = 'red (named)'
310.8940 	DATA 	ITI Onset
310.8972 	EXP 	unnamed Rect: lineColor = 'white (named)'
310.8972 	EXP 	unnamed Rect: lineColor = 'white (named)'
310.8972 	EXP 	unnamed TextStim: text = '+12'
310.8972 	EXP 	unnamed TextStim: text = '+7'
317.3865 	DATA 	Trial End Time - totalITI: 6.47672895986
317.3867 	EXP 	New trial (rep=0, index=13): {'P1_1': '0.4', 'P1_2': '1', 'SafeOption': '2', 'P2_2': '0', 'O2_2': '0', 'O2_1': '0', 'ProbNumber': 'SD2', 'O1_2': '-2', 'O1_1': '-4', 'EV2': '-2', 'EV1': '-1.6', 'ProbType': 'SD', 'P2_1': '0.6'}
317.3868 	DATA 	Trial Onset - ProblemType: SD, ProblemNumber: SD2, leftRight: 1, samplingDur: 15, assignedITI: 1.3975
317.3868 	DATA 	Sampling Onset
317.9196 	DATA 	Keypress: 1
317.9359 	EXP 	unnamed TextStim: text = '-2'
318.4361 	DATA 	Sampled Response: 2, Outcome Shown: 0
318.9363 	DATA 	Keypress: 2
318.9522 	EXP 	unnamed TextStim: text = '-4'
319.4527 	DATA 	Sampled Response: 1, Outcome Shown: -2
319.9861 	DATA 	Keypress: 1
320.0022 	EXP 	unnamed TextStim: text = '-2'
320.5027 	DATA 	Sampled Response: 2, Outcome Shown: 0
320.5694 	DATA 	Keypress: 2
320.5854 	EXP 	unnamed TextStim: text = '0'
321.0856 	DATA 	Sampled Response: 1, Outcome Shown: -2
322.1190 	DATA 	Keypress: 1
322.1355 	EXP 	unnamed TextStim: text = '-2'
322.6356 	DATA 	Sampled Response: 2, Outcome Shown: 0
322.6359 	DATA 	Keypress: 2
323.0358 	DATA 	Keypress: 2
323.0517 	EXP 	unnamed TextStim: text = '-4'
323.5522 	DATA 	Sampled Response: 1, Outcome Shown: -2
323.7519 	DATA 	Keypress: 1
323.7687 	EXP 	unnamed TextStim: text = '-2'
324.2691 	DATA 	Sampled Response: 2, Outcome Shown: 0
324.4020 	DATA 	Keypress: 2
324.4184 	EXP 	unnamed TextStim: text = '0'
324.9186 	DATA 	Sampled Response: 1, Outcome Shown: -2
325.0690 	DATA 	Keypress: 1
325.0852 	EXP 	unnamed TextStim: text = '-2'
325.5852 	DATA 	Sampled Response: 2, Outcome Shown: 0
325.5855 	DATA 	Keypress: 2
326.0185 	DATA 	Keypress: 2
326.0353 	EXP 	unnamed TextStim: text = '0'
326.5353 	DATA 	Sampled Response: 1, Outcome Shown: -2
326.7352 	DATA 	Keypress: 1
326.7517 	EXP 	unnamed TextStim: text = '-2'
327.2518 	DATA 	Sampled Response: 2, Outcome Shown: -4
327.2521 	DATA 	Keypress: 2
327.4520 	DATA 	Keypress: 2
327.4680 	EXP 	unnamed TextStim: text = '0'
327.9680 	DATA 	Sampled Response: 1, Outcome Shown: -2
327.9683 	DATA 	Keypress: 2
331.9013 	DATA 	** broke sampling loop (<.5s left in trial) **
331.9019 	DATA 	samplingCount: 12
331.9020 	DATA 	Think Onset
331.9176 	EXP 	unnamed Rect: lineColor = 'white (named)'
331.9176 	EXP 	unnamed Rect: lineColor = 'white (named)'
334.9336 	DATA 	Decide Onset
335.2378 	DATA 	Keypress: 2
335.2379 	DATA 	Decision Button Press: ['2']
335.2380 	DATA 	Decision Response: 1
335.2415 	EXP 	unnamed Rect: lineColor = 'red (named)'
335.7491 	DATA 	ITI Onset
335.7525 	EXP 	unnamed Rect: lineColor = 'white (named)'
335.7525 	EXP 	unnamed Rect: lineColor = 'white (named)'
335.7525 	EXP 	unnamed TextStim: text = '-2'
335.7525 	EXP 	unnamed TextStim: text = '0'
339.0341 	DATA 	Trial End Time - totalITI: 3.2786193832
339.0343 	EXP 	New trial (rep=0, index=14): {'P1_1': '0.2', 'P1_2': '1', 'SafeOption': '2', 'P2_2': '0', 'O2_2': '0', 'O2_1': '0', 'ProbNumber': 'SD3', 'O1_2': '-7', 'O1_1': '-34', 'EV2': '-7', 'EV1': '-6.8', 'ProbType': 'SD', 'P2_1': '0.8'}
339.0344 	DATA 	Trial Onset - ProblemType: SD, ProblemNumber: SD3, leftRight: 1, samplingDur: 15, assignedITI: 1.2245
339.0344 	DATA 	Sampling Onset
339.5001 	DATA 	Keypress: 1
339.5167 	EXP 	unnamed TextStim: text = '-7'
340.0168 	DATA 	Sampled Response: 2, Outcome Shown: -34
340.3173 	DATA 	Keypress: 2
340.3332 	EXP 	unnamed TextStim: text = '-34'
340.8332 	DATA 	Sampled Response: 1, Outcome Shown: -7
341.2336 	DATA 	Keypress: 1
341.2500 	EXP 	unnamed TextStim: text = '-7'
341.7498 	DATA 	Sampled Response: 2, Outcome Shown: 0
342.0003 	DATA 	Keypress: 2
342.0164 	EXP 	unnamed TextStim: text = '-34'
342.5169 	DATA 	Sampled Response: 1, Outcome Shown: -7
342.9168 	DATA 	Keypress: 1
342.9330 	EXP 	unnamed TextStim: text = '-7'
343.4332 	DATA 	Sampled Response: 2, Outcome Shown: -34
343.5333 	DATA 	Keypress: 2
343.5498 	EXP 	unnamed TextStim: text = '-34'
344.0499 	DATA 	Sampled Response: 1, Outcome Shown: -7
344.4497 	DATA 	Keypress: 1
344.4662 	EXP 	unnamed TextStim: text = '-7'
344.9664 	DATA 	Sampled Response: 2, Outcome Shown: 0
345.1331 	DATA 	Keypress: 2
345.1495 	EXP 	unnamed TextStim: text = '-34'
345.6492 	DATA 	Sampled Response: 1, Outcome Shown: -7
345.8661 	DATA 	Keypress: 1
345.8828 	EXP 	unnamed TextStim: text = '-7'
346.3832 	DATA 	Sampled Response: 2, Outcome Shown: -34
346.6996 	DATA 	Keypress: 2
346.7158 	EXP 	unnamed TextStim: text = '0'
347.2164 	DATA 	Sampled Response: 1, Outcome Shown: -7
347.8326 	DATA 	Keypress: 1
347.8491 	EXP 	unnamed TextStim: text = '-7'
348.3487 	DATA 	Sampled Response: 2, Outcome Shown: 0
348.3490 	DATA 	Keypress: 2
348.7661 	DATA 	Keypress: 2
348.7824 	EXP 	unnamed TextStim: text = '0'
349.2828 	DATA 	Sampled Response: 1, Outcome Shown: -7
350.4327 	DATA 	Keypress: 1
350.4490 	EXP 	unnamed TextStim: text = '-7'
350.9492 	DATA 	Sampled Response: 2, Outcome Shown: 0
351.2324 	DATA 	Keypress: 2
351.2489 	EXP 	unnamed TextStim: text = '0'
351.7491 	DATA 	Sampled Response: 1, Outcome Shown: -7
352.1657 	DATA 	Keypress: 1
352.1820 	EXP 	unnamed TextStim: text = '-7'
352.6822 	DATA 	Sampled Response: 2, Outcome Shown: 0
352.6825 	DATA 	Keypress: 2
353.3154 	DATA 	Keypress: 2
353.3321 	EXP 	unnamed TextStim: text = '0'
353.8323 	DATA 	Sampled Response: 1, Outcome Shown: -7
353.8325 	DATA 	** broke sampling loop (<.5s left in trial) **
353.8332 	DATA 	samplingCount: 16
353.8332 	DATA 	Think Onset
353.8364 	EXP 	unnamed Rect: lineColor = 'white (named)'
353.8364 	EXP 	unnamed Rect: lineColor = 'white (named)'
356.8649 	DATA 	Decide Onset
357.9339 	DATA 	Keypress: 2
357.9340 	DATA 	Decision Button Press: ['2']
357.9340 	DATA 	Decision Response: 1
357.9375 	EXP 	unnamed Rect: lineColor = 'red (named)'
358.4447 	DATA 	ITI Onset
358.4480 	EXP 	unnamed Rect: lineColor = 'white (named)'
358.4480 	EXP 	unnamed Rect: lineColor = 'white (named)'
358.4480 	EXP 	unnamed TextStim: text = '-7'
358.4480 	EXP 	unnamed TextStim: text = '0'
360.5147 	DATA 	Trial End Time - totalITI: 2.05719655616
360.5150 	EXP 	New trial (rep=0, index=15): {'P1_1': '0.9', 'P1_2': '1', 'SafeOption': '2', 'P2_2': '0', 'O2_2': '0', 'O2_1': '-10', 'ProbNumber': 'MD8', 'O1_2': '3', 'O1_1': '5', 'EV2': '3', 'EV1': '3.5', 'ProbType': 'MD', 'P2_1': '0.1'}
360.5151 	DATA 	Trial Onset - ProblemType: MD, ProblemNumber: MD8, leftRight: 0, samplingDur: 15, assignedITI: 1.1749
360.5151 	DATA 	Sampling Onset
361.0813 	DATA 	Keypress: 1
361.0973 	EXP 	unnamed TextStim: text = '+5'
361.5986 	DATA 	Sampled Response: 1, Outcome Shown: +5
361.9980 	DATA 	Keypress: 2
362.0141 	EXP 	unnamed TextStim: text = '+3'
362.5142 	DATA 	Sampled Response: 2, Outcome Shown: +3
362.9986 	DATA 	Keypress: 1
363.0308 	EXP 	unnamed TextStim: text = '+5'
363.5310 	DATA 	Sampled Response: 1, Outcome Shown: +5
364.0644 	DATA 	Keypress: 2
364.0805 	EXP 	unnamed TextStim: text = '+3'
364.5807 	DATA 	Sampled Response: 2, Outcome Shown: +3
365.0310 	DATA 	Keypress: 1
365.0468 	EXP 	unnamed TextStim: text = '-10'
365.5469 	DATA 	Sampled Response: 1, Outcome Shown: -10
366.5640 	DATA 	Keypress: 2
366.5802 	EXP 	unnamed TextStim: text = '+3'
367.0803 	DATA 	Sampled Response: 2, Outcome Shown: +3
367.4805 	DATA 	Keypress: 1
367.4968 	EXP 	unnamed TextStim: text = '+5'
367.9972 	DATA 	Sampled Response: 1, Outcome Shown: +5
368.3468 	DATA 	Keypress: 2
368.3632 	EXP 	unnamed TextStim: text = '+3'
368.8636 	DATA 	Sampled Response: 2, Outcome Shown: +3
369.1303 	DATA 	Keypress: 1
369.1467 	EXP 	unnamed TextStim: text = '+5'
369.6476 	DATA 	Sampled Response: 1, Outcome Shown: +5
370.1301 	DATA 	Keypress: 2
370.1464 	EXP 	unnamed TextStim: text = '+3'
370.6462 	DATA 	Sampled Response: 2, Outcome Shown: +3
370.7301 	DATA 	Keypress: 1
370.7464 	EXP 	unnamed TextStim: text = '+5'
371.2471 	DATA 	Sampled Response: 1, Outcome Shown: +5
371.3466 	DATA 	Keypress: 2
371.3631 	EXP 	unnamed TextStim: text = '+3'
371.8624 	DATA 	Sampled Response: 2, Outcome Shown: +3
372.1298 	DATA 	Keypress: 1
372.1461 	EXP 	unnamed TextStim: text = '+5'
372.6464 	DATA 	Sampled Response: 1, Outcome Shown: +5
372.8300 	DATA 	Keypress: 2
372.8459 	EXP 	unnamed TextStim: text = '+3'
373.3465 	DATA 	Sampled Response: 2, Outcome Shown: +3
373.4803 	DATA 	Keypress: 1
373.4961 	EXP 	unnamed TextStim: text = '+5'
373.9962 	DATA 	Sampled Response: 1, Outcome Shown: +5
374.1798 	DATA 	Keypress: 2
374.1960 	EXP 	unnamed TextStim: text = '+3'
374.6962 	DATA 	Sampled Response: 2, Outcome Shown: +3
374.7132 	DATA 	Keypress: 1
374.7294 	EXP 	unnamed TextStim: text = '+5'
375.2301 	DATA 	Sampled Response: 1, Outcome Shown: +5
375.2304 	DATA 	Keypress: 2
375.2305 	DATA 	** broke sampling loop (<.5s left in trial) **
375.2312 	DATA 	samplingCount: 17
375.2312 	DATA 	Think Onset
375.2345 	EXP 	unnamed Rect: lineColor = 'white (named)'
375.2345 	EXP 	unnamed Rect: lineColor = 'white (named)'
378.2624 	DATA 	Decide Onset
378.6698 	DATA 	Keypress: 2
378.6699 	DATA 	Decision Button Press: ['2']
378.6699 	DATA 	Decision Response: 2
378.6734 	EXP 	unnamed Rect: lineColor = 'red (named)'
379.1816 	DATA 	ITI Onset
379.1849 	EXP 	unnamed Rect: lineColor = 'white (named)'
379.1849 	EXP 	unnamed Rect: lineColor = 'white (named)'
379.1849 	EXP 	unnamed TextStim: text = '+5'
379.1849 	EXP 	unnamed TextStim: text = '+3'
381.9456 	DATA 	Trial End Time - totalITI: 2.75182948419
381.9458 	EXP 	New trial (rep=0, index=16): {'P1_1': '0.8', 'P1_2': '0.6', 'SafeOption': '1', 'P2_2': '0.4', 'O2_2': '18', 'O2_1': '10', 'ProbNumber': 'RR9', 'O1_2': '-4', 'O1_1': '2', 'EV2': '4.8', 'EV1': '3.6', 'ProbType': 'RR', 'P2_1': '0.2'}
381.9459 	DATA 	Trial Onset - ProblemType: RR, ProblemNumber: RR9, leftRight: 1, samplingDur: 15, assignedITI: 3.6695
381.9459 	DATA 	Sampling Onset
382.5788 	DATA 	Keypress: 1
382.5950 	EXP 	unnamed TextStim: text = '-4'
383.0952 	DATA 	Sampled Response: 2, Outcome Shown: +2
383.3453 	DATA 	Keypress: 2
383.3614 	EXP 	unnamed TextStim: text = '+2'
383.8615 	DATA 	Sampled Response: 1, Outcome Shown: -4
384.1785 	DATA 	Keypress: 1
384.1949 	EXP 	unnamed TextStim: text = '-4'
384.6950 	DATA 	Sampled Response: 2, Outcome Shown: +2
384.9118 	DATA 	Keypress: 2
384.9282 	EXP 	unnamed TextStim: text = '+2'
385.4287 	DATA 	Sampled Response: 1, Outcome Shown: +18
385.8117 	DATA 	Keypress: 1
385.8279 	EXP 	unnamed TextStim: text = '-4'
386.3274 	DATA 	Sampled Response: 2, Outcome Shown: +2
386.5616 	DATA 	Keypress: 2
386.5779 	EXP 	unnamed TextStim: text = '+10'
387.0783 	DATA 	Sampled Response: 1, Outcome Shown: +18
387.5119 	DATA 	Keypress: 1
387.5275 	EXP 	unnamed TextStim: text = '+18'
388.0277 	DATA 	Sampled Response: 2, Outcome Shown: +2
388.3112 	DATA 	Keypress: 2
388.3275 	EXP 	unnamed TextStim: text = '+2'
388.8277 	DATA 	Sampled Response: 1, Outcome Shown: -4
388.9943 	DATA 	Keypress: 1
389.0108 	EXP 	unnamed TextStim: text = '-4'
389.5111 	DATA 	Sampled Response: 2, Outcome Shown: +2
389.6612 	DATA 	Keypress: 2
389.6776 	EXP 	unnamed TextStim: text = '+2'
390.1775 	DATA 	Sampled Response: 1, Outcome Shown: -4
390.6442 	DATA 	Keypress: 1
390.6605 	EXP 	unnamed TextStim: text = '+18'
391.1606 	DATA 	Sampled Response: 2, Outcome Shown: +2
391.4612 	DATA 	Keypress: 2
391.4776 	EXP 	unnamed TextStim: text = '+2'
391.9778 	DATA 	Sampled Response: 1, Outcome Shown: +18
392.1609 	DATA 	Keypress: 1
392.1772 	EXP 	unnamed TextStim: text = '-4'
392.6772 	DATA 	Sampled Response: 2, Outcome Shown: +2
392.7441 	DATA 	Keypress: 2
392.7607 	EXP 	unnamed TextStim: text = '+2'
393.2612 	DATA 	Sampled Response: 1, Outcome Shown: +18
393.3441 	DATA 	Keypress: 1
393.3606 	EXP 	unnamed TextStim: text = '-4'
393.8607 	DATA 	Sampled Response: 2, Outcome Shown: +2
393.8610 	DATA 	Keypress: 2
394.2438 	DATA 	Keypress: 2
394.2606 	EXP 	unnamed TextStim: text = '+2'
394.7608 	DATA 	Sampled Response: 1, Outcome Shown: +18
394.7611 	DATA 	Keypress: 1
395.1440 	DATA 	Keypress: 2
395.1602 	EXP 	unnamed TextStim: text = '+10'
395.6605 	DATA 	Sampled Response: 1, Outcome Shown: -4
395.7106 	DATA 	Keypress: 1
395.7268 	EXP 	unnamed TextStim: text = '+18'
396.2270 	DATA 	Sampled Response: 2, Outcome Shown: +2
396.2273 	DATA 	Keypress: 2
396.4604 	DATA 	** broke sampling loop (<.5s left in trial) **
396.4612 	DATA 	samplingCount: 18
396.4612 	DATA 	Think Onset
396.4770 	EXP 	unnamed Rect: lineColor = 'white (named)'
396.4770 	EXP 	unnamed Rect: lineColor = 'white (named)'
399.4931 	DATA 	Decide Onset
399.7578 	DATA 	Keypress: 2
399.7579 	DATA 	Decision Button Press: ['2']
399.7579 	DATA 	Decision Response: 1
399.7615 	EXP 	unnamed Rect: lineColor = 'red (named)'
400.2694 	DATA 	ITI Onset
400.2726 	EXP 	unnamed Rect: lineColor = 'white (named)'
400.2726 	EXP 	unnamed Rect: lineColor = 'white (named)'
400.2726 	EXP 	unnamed TextStim: text = '+18'
400.2726 	EXP 	unnamed TextStim: text = '+10'
405.8765 	DATA 	Trial End Time - totalITI: 5.59005050498
405.8767 	EXP 	New trial (rep=0, index=17): {'P1_1': '0.9', 'P1_2': '1', 'SafeOption': '2', 'P2_2': '0', 'O2_2': '0', 'O2_1': '-30', 'ProbNumber': 'MD2', 'O1_2': '-1', 'O1_1': '2', 'EV2': '-1', 'EV1': '-1.2', 'ProbType': 'MD', 'P2_1': '0.1'}
405.8768 	DATA 	Trial Onset - ProblemType: MD, ProblemNumber: MD2, leftRight: 0, samplingDur: 16, assignedITI: 1.1477
405.8768 	DATA 	Sampling Onset
406.3262 	DATA 	Keypress: 1
406.3423 	EXP 	unnamed TextStim: text = '+2'
406.8421 	DATA 	Sampled Response: 1, Outcome Shown: +2
408.0595 	DATA 	Keypress: 2
408.0752 	EXP 	unnamed TextStim: text = '-1'
408.5752 	DATA 	Sampled Response: 2, Outcome Shown: -1
408.9257 	DATA 	Keypress: 1
408.9422 	EXP 	unnamed TextStim: text = '+2'
409.4423 	DATA 	Sampled Response: 1, Outcome Shown: +2
409.4754 	DATA 	Keypress: 2
409.4922 	EXP 	unnamed TextStim: text = '-1'
409.9923 	DATA 	Sampled Response: 2, Outcome Shown: -1
410.1918 	DATA 	Keypress: 1
410.2085 	EXP 	unnamed TextStim: text = '+2'
410.7091 	DATA 	Sampled Response: 1, Outcome Shown: +2
410.7094 	DATA 	Keypress: 2
410.9922 	DATA 	Keypress: 2
411.0088 	EXP 	unnamed TextStim: text = '-1'
411.5090 	DATA 	Sampled Response: 2, Outcome Shown: -1
411.9422 	DATA 	Keypress: 1
411.9585 	EXP 	unnamed TextStim: text = '+2'
412.4582 	DATA 	Sampled Response: 1, Outcome Shown: +2
412.7918 	DATA 	Keypress: 2
412.8083 	EXP 	unnamed TextStim: text = '-1'
413.3078 	DATA 	Sampled Response: 2, Outcome Shown: -1
413.7585 	DATA 	Keypress: 1
413.7744 	EXP 	unnamed TextStim: text = '+2'
414.2746 	DATA 	Sampled Response: 1, Outcome Shown: +2
414.4085 	DATA 	Keypress: 2
414.4249 	EXP 	unnamed TextStim: text = '-1'
414.9249 	DATA 	Sampled Response: 2, Outcome Shown: -1
415.1251 	DATA 	Keypress: 1
415.1413 	EXP 	unnamed TextStim: text = '+2'
415.6421 	DATA 	Sampled Response: 1, Outcome Shown: +2
415.6424 	DATA 	Keypress: 2
415.9427 	DATA 	Keypress: 2
415.9743 	EXP 	unnamed TextStim: text = '-1'
416.4746 	DATA 	Sampled Response: 2, Outcome Shown: -1
416.5249 	DATA 	Keypress: 1
416.5412 	EXP 	unnamed TextStim: text = '+2'
417.0414 	DATA 	Sampled Response: 1, Outcome Shown: +2
417.0417 	DATA 	Keypress: 2
417.2746 	DATA 	Keypress: 2
417.2912 	EXP 	unnamed TextStim: text = '-1'
417.7907 	DATA 	Sampled Response: 2, Outcome Shown: -1
421.3907 	DATA 	** broke sampling loop (<.5s left in trial) **
421.3913 	DATA 	samplingCount: 14
421.3914 	DATA 	Think Onset
421.4075 	EXP 	unnamed Rect: lineColor = 'white (named)'
421.4075 	EXP 	unnamed Rect: lineColor = 'white (named)'
424.4237 	DATA 	Decide Onset
424.8618 	DATA 	Keypress: 1
424.8619 	DATA 	Decision Button Press: ['1']
424.8619 	DATA 	Decision Response: 1
424.8653 	EXP 	unnamed Rect: lineColor = 'red (named)'
425.3726 	DATA 	ITI Onset
425.3758 	EXP 	unnamed Rect: lineColor = 'white (named)'
425.3758 	EXP 	unnamed Rect: lineColor = 'white (named)'
425.3758 	EXP 	unnamed TextStim: text = '+2'
425.3758 	EXP 	unnamed TextStim: text = '-1'
428.2739 	DATA 	Trial End Time - totalITI: 2.89549755336
428.3743 	INFO 	saved wide-format data to logs/DE250/DE250_ebdm_run_2.csv
428.3743 	DATA 	*****END RUN 2*****
428.4070 	EXP 	window1: mouseVisible = True
