16.1128 	INFO 	Loaded monitor calibration from ['2018_11_30 14:23']
16.1148 	WARNING 	User requested fullscreen with size [800 600], but screen is actually [1920, 1080]. Using actual size
16.8971 	EXP 	Created window1 = Window(allowGUI=False, allowStencil=False, args=UNKNOWN, autoLog=True, bitsMode=UNKNOWN, blendMode='avg', color='black', colorSpace='named', fullscr=UNKNOWN, gamma=None, kwargs=UNKNOWN, lms=UNKNOWN, monitor=<psychopy.monitors.calibTools.Monitor object at 0x1D3CA0D0>, multiSample=False, name='window1', numSamples=2, pos=[0, 0], screen=0, size=array([1920, 1080]), stereo=False, units='deg', useFBO=False, useRetina=False, viewOri=0.0, viewPos=None, viewScale=None, waitBlanking=True, winType='pyglet')
16.9464 	EXP 	Created unnamed TextStim = TextStim(alignHoriz='center', alignVert='center', antialias=True, autoLog=True, bold=False, color=array([ 1.,  1.,  1.]), colorSpace='rgb', contrast=1.0, depth=0, flipHoriz=False, flipVert=False, font='', fontFiles=[], height=2, italic=False, name='unnamed TextStim', opacity=1.0, ori=0.0, pos=array([ 0.,  0.]), rgb=array([ 1.,  1.,  1.]), text='+', units='deg', win=Window(...), wrapWidth=15.0)
16.9856 	EXP 	Created unnamed TextStim = TextStim(alignHoriz='center', alignVert='center', antialias=True, autoLog=True, bold=False, color=array([ 1.,  1.,  1.]), colorSpace='rgb', contrast=1.0, depth=0, flipHoriz=False, flipVert=False, font='', fontFiles=[], height=1.5, italic=False, name='unnamed TextStim', opacity=1.0, ori=0.0, pos=array([ 0.,  0.]), rgb=array([ 1.,  1.,  1.]), text=newstr(...), units='deg', win=Window(...), wrapWidth=15.0)
17.0058 	EXP 	Created unnamed TextStim = TextStim(alignHoriz='center', alignVert='center', antialias=True, autoLog=True, bold=False, color=array([ 1.,  1.,  1.]), colorSpace='rgb', contrast=1.0, depth=0, flipHoriz=False, flipVert=False, font='', fontFiles=[], height=1.5, italic=False, name='unnamed TextStim', opacity=1.0, ori=0.0, pos=array([ 0.,  0.]), rgb=array([ 1.,  1.,  1.]), text='Waiting for scanner...', units='deg', win=Window(...), wrapWidth=15.0)
17.0261 	EXP 	Created unnamed TextStim = TextStim(alignHoriz='center', alignVert='center', antialias=True, autoLog=True, bold=False, color='white', colorSpace='named', contrast=1.0, depth=0, flipHoriz=False, flipVert=False, font='', fontFiles=[], height=1, italic=False, name='unnamed TextStim', opacity=1.0, ori=0.0, pos=array([ 0.,  0.]), rgb=array([ 255.,  255.,  255.]), text='Press SPACE to continue.', units='deg', win=Window(...), wrapWidth=15.0)
17.0374 	EXP 	Created unnamed TextStim = TextStim(alignHoriz='center', alignVert='center', antialias=True, autoLog=True, bold=False, color=array([ 1.,  1.,  1.]), colorSpace='rgb', contrast=1.0, depth=0, flipHoriz=False, flipVert=False, font='', fontFiles=[], height=0.1, italic=False, name='unnamed TextStim', opacity=1.0, ori=0.0, pos=array([ 0.,  0.]), rgb=array([ 1.,  1.,  1.]), text='THINK', units='norm', win=Window(...), wrapWidth=1)
17.0447 	EXP 	Created unnamed TextStim = TextStim(alignHoriz='center', alignVert='center', antialias=True, autoLog=True, bold=False, color=array([ 1.,  1.,  1.]), colorSpace='rgb', contrast=1.0, depth=0, flipHoriz=False, flipVert=False, font='', fontFiles=[], height=0.1, italic=False, name='unnamed TextStim', opacity=1.0, ori=0.0, pos=array([ 0.,  0.]), rgb=array([ 1.,  1.,  1.]), text='DECIDE', units='norm', win=Window(...), wrapWidth=1)
17.0503 	EXP 	<method-wrapper '__getattribute__' of attributeSetter object at 0x05919250>: vertices = array([[-0.275     ,  0.48888889],
       [ 0.275     ,  0.48888889],
       [ 0.275     , -0.48888889],
       [-0.275     , -0.48888889]])
17.0510 	EXP 	Created unnamed Rect = Rect(autoDraw=False, autoLog=True, closeShape=True, contrast=1.0, depth=0, fillColor=None, fillColorSpace='rgb', fillRGB=None, interpolate=True, lineColor='white', lineColorSpace='named', lineRGB=array([ 255.,  255.,  255.]), lineWidth=3.5, name='unnamed Rect', opacity=1.0, ori=array(0.0), pos=array([-0.5125    , -0.09444444]), size=array([ 1.,  1.]), units='norm', vertices=ndarray(...), win=Window(...))
17.0512 	EXP 	<method-wrapper '__getattribute__' of attributeSetter object at 0x05919250>: vertices = array([[-0.275     ,  0.48888889],
       [ 0.275     ,  0.48888889],
       [ 0.275     , -0.48888889],
       [-0.275     , -0.48888889]])
17.0519 	EXP 	Created unnamed Rect = Rect(autoDraw=False, autoLog=True, closeShape=True, contrast=1.0, depth=0, fillColor=None, fillColorSpace='rgb', fillRGB=None, interpolate=True, lineColor='white', lineColorSpace='named', lineRGB=array([ 255.,  255.,  255.]), lineWidth=3.5, name='unnamed Rect', opacity=1.0, ori=array(0.0), pos=array([ 0.4875    , -0.09444444]), size=array([ 1.,  1.]), units='norm', vertices=ndarray(...), win=Window(...))
17.0735 	EXP 	Created unnamed TextStim = TextStim(alignHoriz='center', alignVert='center', antialias=True, autoLog=True, bold=False, color=array([ 1.,  1.,  1.]), colorSpace='rgb', contrast=1.0, depth=0, flipHoriz=False, flipVert=False, font='', fontFiles=[], height=0.2, italic=False, name='unnamed TextStim', opacity=1.0, ori=0.0, pos=array([-0.5125    , -0.09444444]), rgb=array([ 1.,  1.,  1.]), text='Hello World', units='norm', win=Window(...), wrapWidth=1)
17.0818 	EXP 	Created unnamed TextStim = TextStim(alignHoriz='center', alignVert='center', antialias=True, autoLog=True, bold=False, color=array([ 1.,  1.,  1.]), colorSpace='rgb', contrast=1.0, depth=0, flipHoriz=False, flipVert=False, font='', fontFiles=[], height=0.2, italic=False, name='unnamed TextStim', opacity=1.0, ori=0.0, pos=array([ 0.4875    , -0.09444444]), rgb=array([ 1.,  1.,  1.]), text='Hello World', units='norm', win=Window(...), wrapWidth=1)
17.0988 	EXP 	Created unnamed TextStim = TextStim(alignHoriz='center', alignVert='center', antialias=True, autoLog=True, bold=False, color=array([ 1.,  1.,  1.]), colorSpace='rgb', contrast=1.0, depth=0, flipHoriz=False, flipVert=False, font='', fontFiles=[], height=0.1, italic=False, name='unnamed TextStim', opacity=1.0, ori=0.0, pos=array([-0.5125    , -0.82777778]), rgb=array([ 1.,  1.,  1.]), text='Press 1', units='norm', win=Window(...), wrapWidth=1)
17.1063 	EXP 	Created unnamed TextStim = TextStim(alignHoriz='center', alignVert='center', antialias=True, autoLog=True, bold=False, color=array([ 1.,  1.,  1.]), colorSpace='rgb', contrast=1.0, depth=0, flipHoriz=False, flipVert=False, font='', fontFiles=[], height=0.1, italic=False, name='unnamed TextStim', opacity=1.0, ori=0.0, pos=array([ 0.4875    , -0.82777778]), rgb=array([ 1.,  1.,  1.]), text='Press 2', units='norm', win=Window(...), wrapWidth=1)
17.1408 	EXP 	Created unnamed ImageStim = ImageStim(autoLog=True, color=array([ 1.,  1.,  1.]), colorSpace='rgb', contrast=1.0, depth=0, flipHoriz=False, flipVert=False, image=str(...), interpolate=False, mask=None, maskParams=None, name='unnamed ImageStim', opacity=1.0, ori=0.0, pos=array([ 0.,  0.]), size=array([ 1.35416667,  1.3537037 ]), texRes=128, units='norm', win=Window(...))
17.1414 	WARNING 	Requested image 'C:\\Users\\tug62048\\Documents\\DEGAP_Liz/stim/Slide18.jpeg' not found but similar filename 'C:\\Users\\tug62048\\Documents\\DEGAP_Liz/stim/Slide18.jpg' exists. This will be used instead but changing the filename is advised.
17.1720 	EXP 	Created unnamed ImageStim = ImageStim(autoLog=True, color=array([ 1.,  1.,  1.]), colorSpace='rgb', contrast=1.0, depth=0, flipHoriz=False, flipVert=False, image=str(...), interpolate=False, mask=None, maskParams=None, name='unnamed ImageStim', opacity=1.0, ori=0.0, pos=array([ 0.,  0.]), size=array([ 1.35416667,  1.3537037 ]), texRes=128, units='norm', win=Window(...))
17.2029 	EXP 	Created unnamed ImageStim = ImageStim(autoLog=True, color=array([ 1.,  1.,  1.]), colorSpace='rgb', contrast=1.0, depth=0, flipHoriz=False, flipVert=False, image=str(...), interpolate=False, mask=None, maskParams=None, name='unnamed ImageStim', opacity=1.0, ori=0.0, pos=array([ 0.,  0.]), size=array([ 1.35416667,  1.3537037 ]), texRes=128, units='norm', win=Window(...))
17.2313 	EXP 	Created unnamed ImageStim = ImageStim(autoLog=True, color=array([ 1.,  1.,  1.]), colorSpace='rgb', contrast=1.0, depth=0, flipHoriz=False, flipVert=False, image=str(...), interpolate=False, mask=None, maskParams=None, name='unnamed ImageStim', opacity=1.0, ori=0.0, pos=array([ 0.,  0.]), size=array([ 1.35416667,  1.3537037 ]), texRes=128, units='norm', win=Window(...))
17.2373 	EXP 	Created sequence: sequential, trialTypes=18, nReps=1, seed=None
17.3711 	DEBUG 	Using C:\Users\tug62048\Documents\DEGAP_Liz\SamplingMachine_bPilotv2.py as origin file
17.3716 	EXP 	Created sequence: sequential, trialTypes=18, nReps=1, seed=None
17.3721 	DEBUG 	Using C:\Users\tug62048\Documents\DEGAP_Liz\SamplingMachine_bPilotv2.py as origin file
0.0055 	DATA 	** START RUN 1 **
0.9404 	DATA 	Keypress: space
1.7243 	DATA 	Keypress: space
2.9003 	DATA 	Keypress: space
3.9883 	DATA 	Keypress: space
3.9886 	EXP 	New trial (rep=0, index=0): {'P1_1': '0.1', 'P1_2': '1', 'SafeOption': '2', 'P2_2': '0', 'O2_2': '0', 'O2_1': '-5', 'ProbNumber': 'MD5', 'O1_2': '-4', 'O1_1': '25', 'EV2': '-4', 'EV1': '-2', 'ProbType': 'MD', 'P2_1': '0.9'}
3.9887 	DATA 	Trial Onset - ProblemType: MD, ProblemNumber: MD5, leftRight: 1, samplingDur: 17, assignedITI: 1.0587
3.9888 	DATA 	Sampling Onset
6.3910 	DATA 	Keypress: 1
6.4069 	EXP 	unnamed TextStim: text = '-4'
6.9184 	DATA 	Sampled Response: 2, Outcome Shown: -5
6.9187 	DATA 	Keypress: 1
7.2568 	DATA 	Keypress: 1
7.2734 	EXP 	unnamed TextStim: text = '-4'
7.7776 	DATA 	Sampled Response: 2, Outcome Shown: -5
7.7779 	DATA 	Keypress: 2
8.0570 	DATA 	Keypress: 2
8.0735 	EXP 	unnamed TextStim: text = '-5'
8.5746 	DATA 	Sampled Response: 1, Outcome Shown: -4
8.5749 	DATA 	Keypress: 2
9.0236 	DATA 	Keypress: 2
9.0399 	EXP 	unnamed TextStim: text = '+25'
9.5431 	DATA 	Sampled Response: 1, Outcome Shown: -4
9.7234 	DATA 	Keypress: 2
9.7399 	EXP 	unnamed TextStim: text = '-5'
10.2461 	DATA 	Sampled Response: 1, Outcome Shown: -4
10.2464 	DATA 	Keypress: 1
10.5901 	DATA 	Keypress: 1
10.6064 	EXP 	unnamed TextStim: text = '-4'
11.1052 	DATA 	Sampled Response: 2, Outcome Shown: +25
11.1055 	DATA 	Keypress: 1
11.2898 	DATA 	Keypress: 1
11.3061 	EXP 	unnamed TextStim: text = '-4'
11.8082 	DATA 	Sampled Response: 2, Outcome Shown: +25
12.1231 	DATA 	Keypress: 1
12.1396 	EXP 	unnamed TextStim: text = '-4'
12.6517 	DATA 	Sampled Response: 2, Outcome Shown: -5
12.9399 	DATA 	Keypress: 1
12.9560 	EXP 	unnamed TextStim: text = '-4'
13.4640 	DATA 	Sampled Response: 2, Outcome Shown: -5
13.8393 	DATA 	Keypress: 1
13.8558 	EXP 	unnamed TextStim: text = '-4'
14.3545 	DATA 	Sampled Response: 2, Outcome Shown: -5
14.7394 	DATA 	Keypress: 1
14.7558 	EXP 	unnamed TextStim: text = '-4'
15.2605 	DATA 	Sampled Response: 2, Outcome Shown: -5
15.2893 	DATA 	Keypress: 2
15.3056 	EXP 	unnamed TextStim: text = '-5'
15.8073 	DATA 	Sampled Response: 1, Outcome Shown: -4
15.8075 	DATA 	Keypress: 2
16.3730 	DATA 	Keypress: 2
16.3892 	EXP 	unnamed TextStim: text = '-5'
16.9008 	DATA 	Sampled Response: 1, Outcome Shown: -4
17.4558 	DATA 	Keypress: 2
17.4722 	EXP 	unnamed TextStim: text = '-5'
17.9786 	DATA 	Sampled Response: 1, Outcome Shown: -4
18.5223 	DATA 	Keypress: 2
18.5387 	EXP 	unnamed TextStim: text = '-5'
19.0409 	DATA 	Sampled Response: 1, Outcome Shown: -4
19.5889 	DATA 	Keypress: 2
19.6053 	EXP 	unnamed TextStim: text = '-5'
20.1031 	DATA 	Sampled Response: 1, Outcome Shown: -4
20.5054 	DATA 	** broke sampling loop (<.5s left in trial) **
20.5064 	DATA 	samplingCount: 16
20.5064 	DATA 	Think Onset
20.5219 	EXP 	unnamed Rect: lineColor = 'white (named)'
20.5219 	EXP 	unnamed Rect: lineColor = 'white (named)'
20.6227 	DATA 	Keypress: 2
23.5383 	DATA 	Decide Onset
24.2363 	DATA 	Keypress: 2
24.2364 	DATA 	Decision Button Press: ['2']
24.2365 	DATA 	Decision Response: 1
24.2399 	EXP 	unnamed Rect: lineColor = 'red (named)'
24.7493 	DATA 	ITI Onset
24.7531 	EXP 	unnamed Rect: lineColor = 'white (named)'
24.7531 	EXP 	unnamed Rect: lineColor = 'white (named)'
24.7531 	EXP 	unnamed TextStim: text = '-4'
24.7531 	EXP 	unnamed TextStim: text = '-5'
27.3052 	DATA 	Trial End Time - totalITI: 2.54377045659
27.3055 	EXP 	New trial (rep=0, index=1): {'P1_1': '0.1', 'P1_2': '1', 'SafeOption': '2', 'P2_2': '0', 'O2_2': '0', 'O2_1': '0', 'ProbNumber': 'SD1', 'O1_2': '-3', 'O1_1': '-32', 'EV2': '-3', 'EV1': '-3.2', 'ProbType': 'SD', 'P2_1': '0.9'}
27.3055 	DATA 	Trial Onset - ProblemType: SD, ProblemNumber: SD1, leftRight: 0, samplingDur: 15, assignedITI: 1.0098
27.3056 	DATA 	Sampling Onset
28.0046 	DATA 	Keypress: 1
28.0210 	EXP 	unnamed TextStim: text = '0'
28.5231 	DATA 	Sampled Response: 1, Outcome Shown: 0
28.6214 	DATA 	Keypress: 2
28.6377 	EXP 	unnamed TextStim: text = '-3'
29.1480 	DATA 	Sampled Response: 2, Outcome Shown: -3
29.1875 	DATA 	Keypress: 1
29.2040 	EXP 	unnamed TextStim: text = '0'
29.7104 	DATA 	Sampled Response: 1, Outcome Shown: 0
29.7107 	DATA 	Keypress: 1
30.1876 	DATA 	Keypress: 1
30.2040 	EXP 	unnamed TextStim: text = '-32'
30.7101 	DATA 	Sampled Response: 1, Outcome Shown: -32
30.7708 	DATA 	Keypress: 1
30.7873 	EXP 	unnamed TextStim: text = '0'
31.2881 	DATA 	Sampled Response: 1, Outcome Shown: 0
31.2884 	DATA 	Keypress: 2
31.6210 	DATA 	Keypress: 2
31.6373 	EXP 	unnamed TextStim: text = '-3'
32.1473 	DATA 	Sampled Response: 2, Outcome Shown: -3
32.1476 	DATA 	Keypress: 2
32.6206 	DATA 	Keypress: 2
32.6372 	EXP 	unnamed TextStim: text = '-3'
33.1470 	DATA 	Sampled Response: 2, Outcome Shown: -3
33.1473 	DATA 	Keypress: 2
33.5873 	DATA 	Keypress: 2
33.6037 	EXP 	unnamed TextStim: text = '-3'
34.1156 	DATA 	Sampled Response: 2, Outcome Shown: -3
34.1158 	DATA 	Keypress: 2
34.4205 	DATA 	Keypress: 2
34.4369 	EXP 	unnamed TextStim: text = '-3'
34.9435 	DATA 	Sampled Response: 2, Outcome Shown: -3
34.9438 	DATA 	Keypress: 2
35.2037 	DATA 	Keypress: 2
35.2202 	EXP 	unnamed TextStim: text = '-3'
35.7246 	DATA 	Sampled Response: 2, Outcome Shown: -3
35.7249 	DATA 	Keypress: 2
35.9703 	DATA 	Keypress: 2
35.9867 	EXP 	unnamed TextStim: text = '-3'
36.4900 	DATA 	Sampled Response: 2, Outcome Shown: -3
36.4903 	DATA 	Keypress: 2
36.7037 	DATA 	Keypress: 2
36.7200 	EXP 	unnamed TextStim: text = '-3'
37.2242 	DATA 	Sampled Response: 2, Outcome Shown: -3
37.2245 	DATA 	Keypress: 2
37.5202 	DATA 	Keypress: 2
37.5365 	EXP 	unnamed TextStim: text = '-3'
38.0365 	DATA 	Sampled Response: 2, Outcome Shown: -3
38.3868 	DATA 	Keypress: 1
38.4029 	EXP 	unnamed TextStim: text = '0'
38.9113 	DATA 	Sampled Response: 1, Outcome Shown: 0
38.9867 	DATA 	Keypress: 1
39.0031 	EXP 	unnamed TextStim: text = '0'
39.5049 	DATA 	Sampled Response: 1, Outcome Shown: 0
39.5052 	DATA 	Keypress: 1
40.0208 	DATA 	Keypress: 1
40.0529 	EXP 	unnamed TextStim: text = '0'
40.5515 	DATA 	Sampled Response: 1, Outcome Shown: 0
40.5518 	DATA 	Keypress: 1
40.9365 	DATA 	Keypress: 1
40.9527 	EXP 	unnamed TextStim: text = '0'
41.4576 	DATA 	Sampled Response: 1, Outcome Shown: 0
41.4579 	DATA 	Keypress: 1
41.8196 	DATA 	** broke sampling loop (<.5s left in trial) **
41.8203 	DATA 	samplingCount: 17
41.8203 	DATA 	Think Onset
41.8361 	EXP 	unnamed Rect: lineColor = 'white (named)'
41.8361 	EXP 	unnamed Rect: lineColor = 'white (named)'
42.0201 	DATA 	Keypress: 1
44.8526 	DATA 	Decide Onset
46.1242 	DATA 	Keypress: 1
46.1243 	DATA 	Decision Button Press: ['1']
46.1244 	DATA 	Decision Response: 1
46.1278 	EXP 	unnamed Rect: lineColor = 'red (named)'
46.6341 	DATA 	ITI Onset
46.6373 	EXP 	unnamed Rect: lineColor = 'white (named)'
46.6373 	EXP 	unnamed Rect: lineColor = 'white (named)'
46.6373 	EXP 	unnamed TextStim: text = '0'
46.6373 	EXP 	unnamed TextStim: text = '-3'
48.5692 	DATA 	Trial End Time - totalITI: 1.92391057076
48.5694 	EXP 	New trial (rep=0, index=2): {'P1_1': '0.4', 'P1_2': '1', 'SafeOption': '2', 'P2_2': '0', 'O2_2': '0', 'O2_1': '0', 'ProbNumber': 'SD2', 'O1_2': '-2', 'O1_1': '-4', 'EV2': '-2', 'EV1': '-1.6', 'ProbType': 'SD', 'P2_1': '0.6'}
48.5695 	DATA 	Trial Onset - ProblemType: SD, ProblemNumber: SD2, leftRight: 1, samplingDur: 15, assignedITI: 5.4629
48.5695 	DATA 	Sampling Onset
49.4856 	DATA 	Keypress: 1
49.5018 	EXP 	unnamed TextStim: text = '-2'
50.0024 	DATA 	Sampled Response: 2, Outcome Shown: 0
50.1018 	DATA 	Keypress: 2
50.1184 	EXP 	unnamed TextStim: text = '-4'
50.6273 	DATA 	Sampled Response: 1, Outcome Shown: -2
50.6276 	DATA 	Keypress: 1
51.0849 	DATA 	Keypress: 1
51.1013 	EXP 	unnamed TextStim: text = '-2'
51.6112 	DATA 	Sampled Response: 2, Outcome Shown: 0
51.6115 	DATA 	Keypress: 1
52.1181 	DATA 	Keypress: 1
52.1344 	EXP 	unnamed TextStim: text = '-2'
52.6422 	DATA 	Sampled Response: 2, Outcome Shown: 0
53.1517 	DATA 	Keypress: 1
53.1681 	EXP 	unnamed TextStim: text = '-2'
53.6735 	DATA 	Sampled Response: 2, Outcome Shown: 0
54.0514 	DATA 	Keypress: 1
54.0680 	EXP 	unnamed TextStim: text = '-2'
54.5795 	DATA 	Sampled Response: 2, Outcome Shown: 0
54.5798 	DATA 	Keypress: 2
55.2524 	DATA 	Keypress: 2
55.2845 	EXP 	unnamed TextStim: text = '0'
55.7823 	DATA 	Sampled Response: 1, Outcome Shown: -2
55.9514 	DATA 	Keypress: 2
55.9677 	EXP 	unnamed TextStim: text = '0'
56.4697 	DATA 	Sampled Response: 1, Outcome Shown: -2
56.6011 	DATA 	Keypress: 2
56.6175 	EXP 	unnamed TextStim: text = '-4'
57.1258 	DATA 	Sampled Response: 1, Outcome Shown: -2
57.2678 	DATA 	Keypress: 2
57.2843 	EXP 	unnamed TextStim: text = '-4'
57.7818 	DATA 	Sampled Response: 1, Outcome Shown: -2
57.9678 	DATA 	Keypress: 2
57.9841 	EXP 	unnamed TextStim: text = '-4'
58.4848 	DATA 	Sampled Response: 1, Outcome Shown: -2
58.6176 	DATA 	Keypress: 2
58.6340 	EXP 	unnamed TextStim: text = '-4'
59.1409 	DATA 	Sampled Response: 1, Outcome Shown: -2
59.1842 	DATA 	Keypress: 2
59.2006 	EXP 	unnamed TextStim: text = '0'
59.7033 	DATA 	Sampled Response: 1, Outcome Shown: -2
59.7844 	DATA 	Keypress: 2
59.8007 	EXP 	unnamed TextStim: text = '-4'
60.3125 	DATA 	Sampled Response: 1, Outcome Shown: -2
60.3341 	DATA 	Keypress: 2
60.3505 	EXP 	unnamed TextStim: text = '0'
60.8593 	DATA 	Sampled Response: 1, Outcome Shown: -2
60.8596 	DATA 	Keypress: 2
61.4174 	DATA 	Keypress: 2
61.4338 	EXP 	unnamed TextStim: text = '-4'
61.9371 	DATA 	Sampled Response: 1, Outcome Shown: -2
61.9374 	DATA 	Keypress: 1
62.3338 	DATA 	Keypress: 1
62.3503 	EXP 	unnamed TextStim: text = '-2'
62.8588 	DATA 	Sampled Response: 2, Outcome Shown: 0
62.8591 	DATA 	Keypress: 1
63.0838 	DATA 	** broke sampling loop (<.5s left in trial) **
63.0844 	DATA 	samplingCount: 17
63.0845 	DATA 	Think Onset
63.1002 	EXP 	unnamed Rect: lineColor = 'white (named)'
63.1002 	EXP 	unnamed Rect: lineColor = 'white (named)'
66.1166 	DATA 	Decide Onset
67.7162 	DATA 	Keypress: 2
67.7163 	DATA 	Decision Button Press: ['2']
67.7164 	DATA 	Decision Response: 1
67.7197 	EXP 	unnamed Rect: lineColor = 'red (named)'
68.2235 	DATA 	ITI Onset
68.2266 	EXP 	unnamed Rect: lineColor = 'white (named)'
68.2266 	EXP 	unnamed Rect: lineColor = 'white (named)'
68.2266 	EXP 	unnamed TextStim: text = '-2'
68.2266 	EXP 	unnamed TextStim: text = '-4'
74.2829 	DATA 	Trial End Time - totalITI: 6.04873241453
74.2831 	EXP 	New trial (rep=0, index=3): {'P1_1': '0.8', 'P1_2': '1', 'SafeOption': '2', 'P2_2': '0', 'O2_2': '0', 'O2_1': '0', 'ProbNumber': 'SD9', 'O1_2': '13', 'O1_1': '16', 'EV2': '13', 'EV1': '12.8', 'ProbType': 'SD', 'P2_1': '0.2'}
74.2832 	DATA 	Trial Onset - ProblemType: SD, ProblemNumber: SD9, leftRight: 0, samplingDur: 18, assignedITI: 1.3679
74.2832 	DATA 	Sampling Onset
74.8158 	DATA 	Keypress: 1
74.8320 	EXP 	unnamed TextStim: text = '+16'
75.3406 	DATA 	Sampled Response: 1, Outcome Shown: +16
75.5989 	DATA 	Keypress: 2
75.6154 	EXP 	unnamed TextStim: text = '+13'
76.1217 	DATA 	Sampled Response: 2, Outcome Shown: +13
76.1259 	DATA 	Keypress: 1
76.1320 	EXP 	unnamed TextStim: text = '+16'
76.6372 	DATA 	Sampled Response: 1, Outcome Shown: +16
76.6375 	DATA 	Keypress: 1
77.1823 	DATA 	Keypress: 1
77.1986 	EXP 	unnamed TextStim: text = '+16'
77.6994 	DATA 	Sampled Response: 1, Outcome Shown: +16
78.0820 	DATA 	Keypress: 1
78.0985 	EXP 	unnamed TextStim: text = '+16'
78.6053 	DATA 	Sampled Response: 1, Outcome Shown: +16
78.7821 	DATA 	Keypress: 2
78.7985 	EXP 	unnamed TextStim: text = '+13'
79.3084 	DATA 	Sampled Response: 2, Outcome Shown: +13
79.4486 	DATA 	Keypress: 2
79.4650 	EXP 	unnamed TextStim: text = '+13'
79.9645 	DATA 	Sampled Response: 2, Outcome Shown: +13
80.1986 	DATA 	Keypress: 2
80.2149 	EXP 	unnamed TextStim: text = '+13'
80.7143 	DATA 	Sampled Response: 2, Outcome Shown: +13
80.9318 	DATA 	Keypress: 2
80.9482 	EXP 	unnamed TextStim: text = '+13'
81.4486 	DATA 	Sampled Response: 2, Outcome Shown: +13
81.6816 	DATA 	Keypress: 2
81.6980 	EXP 	unnamed TextStim: text = '+13'
82.1984 	DATA 	Sampled Response: 2, Outcome Shown: +13
82.2493 	DATA 	Keypress: 1
82.2648 	EXP 	unnamed TextStim: text = '+16'
82.7764 	DATA 	Sampled Response: 1, Outcome Shown: +16
82.7766 	DATA 	Keypress: 1
83.1817 	DATA 	Keypress: 1
83.1982 	EXP 	unnamed TextStim: text = '0'
83.6980 	DATA 	Sampled Response: 1, Outcome Shown: 0
83.6983 	DATA 	Keypress: 1
84.0980 	DATA 	Keypress: 1
84.1144 	EXP 	unnamed TextStim: text = '+16'
84.6197 	DATA 	Sampled Response: 1, Outcome Shown: +16
84.6200 	DATA 	Keypress: 1
84.9649 	DATA 	Keypress: 1
84.9810 	EXP 	unnamed TextStim: text = '+16'
85.4788 	DATA 	Sampled Response: 1, Outcome Shown: +16
85.4791 	DATA 	Keypress: 2
85.9645 	DATA 	Keypress: 2
85.9809 	EXP 	unnamed TextStim: text = '+13'
86.4786 	DATA 	Sampled Response: 2, Outcome Shown: +13
86.4789 	DATA 	Keypress: 2
86.8311 	DATA 	Keypress: 2
86.8475 	EXP 	unnamed TextStim: text = '+13'
87.3534 	DATA 	Sampled Response: 2, Outcome Shown: +13
87.3537 	DATA 	Keypress: 2
87.5644 	DATA 	Keypress: 2
87.5807 	EXP 	unnamed TextStim: text = '+13'
88.0876 	DATA 	Sampled Response: 2, Outcome Shown: +13
88.0879 	DATA 	Keypress: 2
88.4807 	DATA 	Keypress: 2
88.4974 	EXP 	unnamed TextStim: text = '+13'
89.0093 	DATA 	Sampled Response: 2, Outcome Shown: +13
89.0096 	DATA 	Keypress: 2
89.4476 	DATA 	Keypress: 2
89.4639 	EXP 	unnamed TextStim: text = '+13'
89.9621 	DATA 	Sampled Response: 2, Outcome Shown: +13
89.9624 	DATA 	Keypress: 2
90.4473 	DATA 	Keypress: 2
90.4638 	EXP 	unnamed TextStim: text = '+13'
90.9619 	DATA 	Sampled Response: 2, Outcome Shown: +13
90.9622 	DATA 	Keypress: 2
91.3305 	DATA 	Keypress: 2
91.3470 	EXP 	unnamed TextStim: text = '+13'
91.8523 	DATA 	Sampled Response: 2, Outcome Shown: +13
91.8526 	DATA 	Keypress: 2
91.8527 	DATA 	** broke sampling loop (<.5s left in trial) **
91.8534 	DATA 	samplingCount: 21
91.8534 	DATA 	Think Onset
91.8567 	EXP 	unnamed Rect: lineColor = 'white (named)'
91.8567 	EXP 	unnamed Rect: lineColor = 'white (named)'
94.8800 	DATA 	Decide Onset
95.2522 	DATA 	Keypress: 2
95.2523 	DATA 	Decision Button Press: ['2']
95.2523 	DATA 	Decision Response: 2
95.2557 	EXP 	unnamed Rect: lineColor = 'red (named)'
95.7660 	DATA 	ITI Onset
95.7691 	EXP 	unnamed Rect: lineColor = 'white (named)'
95.7691 	EXP 	unnamed Rect: lineColor = 'white (named)'
95.7691 	EXP 	unnamed TextStim: text = '+16'
95.7691 	EXP 	unnamed TextStim: text = '+13'
98.8967 	DATA 	Trial End Time - totalITI: 3.12604894807
98.8969 	EXP 	New trial (rep=0, index=4): {'P1_1': '0.4', 'P1_2': '1', 'SafeOption': '2', 'P2_2': '0', 'O2_2': '0', 'O2_1': '0', 'ProbNumber': 'SD11', 'O1_2': '8', 'O1_1': '22', 'EV2': '8', 'EV1': '8.8', 'ProbType': 'SD', 'P2_1': '0.6'}
98.8970 	DATA 	Trial Onset - ProblemType: SD, ProblemNumber: SD11, leftRight: 0, samplingDur: 16, assignedITI: 1.048
98.8970 	DATA 	Sampling Onset
99.3797 	DATA 	Keypress: 1
99.3961 	EXP 	unnamed TextStim: text = '0'
99.8975 	DATA 	Sampled Response: 1, Outcome Shown: 0
99.8978 	DATA 	Keypress: 2
100.1629 	DATA 	Keypress: 2
100.1791 	EXP 	unnamed TextStim: text = '+8'
100.6788 	DATA 	Sampled Response: 2, Outcome Shown: +8
100.6791 	DATA 	Keypress: 1
101.1126 	DATA 	Keypress: 1
101.1292 	EXP 	unnamed TextStim: text = '+22'
101.6317 	DATA 	Sampled Response: 1, Outcome Shown: +22
101.6794 	DATA 	Keypress: 1
101.6958 	EXP 	unnamed TextStim: text = '+22'
102.1941 	DATA 	Sampled Response: 1, Outcome Shown: +22
102.1943 	DATA 	Keypress: 1
102.5459 	DATA 	Keypress: 1
102.5623 	EXP 	unnamed TextStim: text = '0'
103.0689 	DATA 	Sampled Response: 1, Outcome Shown: 0
103.0692 	DATA 	Keypress: 2
103.1625 	DATA 	Keypress: 2
103.1790 	EXP 	unnamed TextStim: text = '+8'
103.6781 	DATA 	Sampled Response: 2, Outcome Shown: +8
103.6784 	DATA 	Keypress: 2
104.3124 	DATA 	Keypress: 2
104.3288 	EXP 	unnamed TextStim: text = '+8'
104.8341 	DATA 	Sampled Response: 2, Outcome Shown: +8
105.3622 	DATA 	Keypress: 2
105.3787 	EXP 	unnamed TextStim: text = '+8'
105.8807 	DATA 	Sampled Response: 2, Outcome Shown: +8
106.3122 	DATA 	Keypress: 2
106.3288 	EXP 	unnamed TextStim: text = '+8'
106.8336 	DATA 	Sampled Response: 2, Outcome Shown: +8
106.9288 	DATA 	Keypress: 2
106.9451 	EXP 	unnamed TextStim: text = '+8'
107.4428 	DATA 	Sampled Response: 2, Outcome Shown: +8
107.4431 	DATA 	Keypress: 2
107.8288 	DATA 	Keypress: 2
107.8451 	EXP 	unnamed TextStim: text = '+8'
108.3489 	DATA 	Sampled Response: 2, Outcome Shown: +8
108.3492 	DATA 	Keypress: 2
108.6454 	DATA 	Keypress: 2
108.6616 	EXP 	unnamed TextStim: text = '+8'
109.1612 	DATA 	Sampled Response: 2, Outcome Shown: +8
109.1615 	DATA 	Keypress: 1
109.3784 	DATA 	Keypress: 1
109.3947 	EXP 	unnamed TextStim: text = '0'
109.8954 	DATA 	Sampled Response: 1, Outcome Shown: 0
109.8957 	DATA 	Keypress: 1
110.2118 	DATA 	Keypress: 1
110.2281 	EXP 	unnamed TextStim: text = '0'
110.7390 	DATA 	Sampled Response: 1, Outcome Shown: 0
110.7393 	DATA 	Keypress: 1
111.0129 	DATA 	Keypress: 1
111.0446 	EXP 	unnamed TextStim: text = '0'
111.5513 	DATA 	Sampled Response: 1, Outcome Shown: 0
111.5516 	DATA 	Keypress: 1
111.6951 	DATA 	Keypress: 1
111.7114 	EXP 	unnamed TextStim: text = '+22'
112.2230 	DATA 	Sampled Response: 1, Outcome Shown: +22
112.2233 	DATA 	Keypress: 1
113.8125 	DATA 	Keypress: 1
113.8443 	EXP 	unnamed TextStim: text = '0'
114.3475 	DATA 	Sampled Response: 1, Outcome Shown: 0
114.3478 	DATA 	Keypress: 2
114.4113 	DATA 	** broke sampling loop (<.5s left in trial) **
114.4121 	DATA 	samplingCount: 17
114.4122 	DATA 	Think Onset
114.4276 	EXP 	unnamed Rect: lineColor = 'white (named)'
114.4276 	EXP 	unnamed Rect: lineColor = 'white (named)'
117.4441 	DATA 	Decide Onset
117.9322 	DATA 	Keypress: 1
117.9323 	DATA 	Decision Button Press: ['1']
117.9323 	DATA 	Decision Response: 1
117.9357 	EXP 	unnamed Rect: lineColor = 'red (named)'
118.4473 	DATA 	ITI Onset
118.4505 	EXP 	unnamed Rect: lineColor = 'white (named)'
118.4505 	EXP 	unnamed Rect: lineColor = 'white (named)'
118.4505 	EXP 	unnamed TextStim: text = '0'
118.4505 	EXP 	unnamed TextStim: text = '+8'
121.1941 	DATA 	Trial End Time - totalITI: 2.74525234477
121.1943 	EXP 	New trial (rep=0, index=5): {'P1_1': '0.8', 'P1_2': '0.6', 'SafeOption': '1', 'P2_2': '0.4', 'O2_2': '18', 'O2_1': '10', 'ProbNumber': 'RR9', 'O1_2': '-4', 'O1_1': '2', 'EV2': '4.8', 'EV1': '3.6', 'ProbType': 'RR', 'P2_1': '0.2'}
121.1944 	DATA 	Trial Onset - ProblemType: RR, ProblemNumber: RR9, leftRight: 1, samplingDur: 15, assignedITI: 1.2135
121.1944 	DATA 	Sampling Onset
121.9271 	DATA 	Keypress: 1
121.9436 	EXP 	unnamed TextStim: text = '-4'
122.4555 	DATA 	Sampled Response: 2, Outcome Shown: +2
122.4558 	DATA 	Keypress: 2
122.8102 	DATA 	Keypress: 2
122.8267 	EXP 	unnamed TextStim: text = '+2'
123.3303 	DATA 	Sampled Response: 1, Outcome Shown: +18
123.3306 	DATA 	Keypress: 2
123.9101 	DATA 	Keypress: 2
123.9265 	EXP 	unnamed TextStim: text = '+2'
124.4238 	DATA 	Sampled Response: 1, Outcome Shown: +18
124.9100 	DATA 	Keypress: 2
124.9263 	EXP 	unnamed TextStim: text = '+2'
125.4235 	DATA 	Sampled Response: 1, Outcome Shown: +18
125.4935 	DATA 	Keypress: 1
125.5096 	EXP 	unnamed TextStim: text = '-4'
126.0172 	DATA 	Sampled Response: 2, Outcome Shown: +2
126.0175 	DATA 	Keypress: 1
126.5097 	DATA 	Keypress: 1
126.5262 	EXP 	unnamed TextStim: text = '-4'
127.0326 	DATA 	Sampled Response: 2, Outcome Shown: +2
127.6430 	DATA 	Keypress: 1
127.6594 	EXP 	unnamed TextStim: text = '-4'
128.1573 	DATA 	Sampled Response: 2, Outcome Shown: +10
128.7263 	DATA 	Keypress: 1
128.7424 	EXP 	unnamed TextStim: text = '+18'
129.2508 	DATA 	Sampled Response: 2, Outcome Shown: +2
129.6762 	DATA 	Keypress: 1
129.6925 	EXP 	unnamed TextStim: text = '-4'
130.2037 	DATA 	Sampled Response: 2, Outcome Shown: +2
130.2928 	DATA 	Keypress: 1
130.3090 	EXP 	unnamed TextStim: text = '-4'
130.8129 	DATA 	Sampled Response: 2, Outcome Shown: +2
130.8132 	DATA 	Keypress: 1
131.1428 	DATA 	Keypress: 1
131.1590 	EXP 	unnamed TextStim: text = '-4'
131.6564 	DATA 	Sampled Response: 2, Outcome Shown: +2
131.6567 	DATA 	Keypress: 2
131.8592 	DATA 	Keypress: 2
131.8756 	EXP 	unnamed TextStim: text = '+2'
132.3749 	DATA 	Sampled Response: 1, Outcome Shown: -4
132.3752 	DATA 	Keypress: 2
132.6257 	DATA 	Keypress: 2
132.6422 	EXP 	unnamed TextStim: text = '+2'
133.1405 	DATA 	Sampled Response: 1, Outcome Shown: -4
133.1408 	DATA 	Keypress: 2
133.2924 	DATA 	Keypress: 2
133.3087 	EXP 	unnamed TextStim: text = '+2'
133.8122 	DATA 	Sampled Response: 1, Outcome Shown: +18
133.8125 	DATA 	Keypress: 2
133.8756 	DATA 	Keypress: 2
133.8920 	EXP 	unnamed TextStim: text = '+10'
134.3902 	DATA 	Sampled Response: 1, Outcome Shown: -4
134.3905 	DATA 	Keypress: 2
134.6756 	DATA 	Keypress: 2
134.6921 	EXP 	unnamed TextStim: text = '+2'
135.2025 	DATA 	Sampled Response: 1, Outcome Shown: +18
135.2028 	DATA 	Keypress: 2
135.3755 	DATA 	Keypress: 2
135.3919 	EXP 	unnamed TextStim: text = '+2'
135.8898 	DATA 	Sampled Response: 1, Outcome Shown: -4
135.8901 	DATA 	Keypress: 2
135.8903 	DATA 	** broke sampling loop (<.5s left in trial) **
135.8910 	DATA 	samplingCount: 17
135.8910 	DATA 	Think Onset
135.8944 	EXP 	unnamed Rect: lineColor = 'white (named)'
135.8944 	EXP 	unnamed Rect: lineColor = 'white (named)'
136.0091 	DATA 	Keypress: 2
138.9083 	DATA 	Decide Onset
139.3562 	DATA 	Keypress: 2
139.3563 	DATA 	Decision Button Press: ['2']
139.3563 	DATA 	Decision Response: 1
139.3597 	EXP 	unnamed Rect: lineColor = 'red (named)'
139.8644 	DATA 	ITI Onset
139.8676 	EXP 	unnamed Rect: lineColor = 'white (named)'
139.8676 	EXP 	unnamed Rect: lineColor = 'white (named)'
139.8676 	EXP 	unnamed TextStim: text = '-4'
139.8676 	EXP 	unnamed TextStim: text = '+2'
142.6412 	DATA 	Trial End Time - totalITI: 2.7696047258
142.6414 	EXP 	New trial (rep=0, index=6): {'P1_1': '0.3', 'P1_2': '0.5', 'SafeOption': '1', 'P2_2': '0.5', 'O2_2': '30', 'O2_1': '15', 'ProbNumber': 'RR4', 'O1_2': '-8', 'O1_1': '5', 'EV2': '11', 'EV1': '12', 'ProbType': 'RR', 'P2_1': '0.7'}
142.6415 	DATA 	Trial Onset - ProblemType: RR, ProblemNumber: RR4, leftRight: 1, samplingDur: 15, assignedITI: 1.5966
142.6415 	DATA 	Sampling Onset
143.1578 	DATA 	Keypress: 1
143.1739 	EXP 	unnamed TextStim: text = '+30'
143.6850 	DATA 	Sampled Response: 2, Outcome Shown: +15
143.9414 	DATA 	Keypress: 2
143.9576 	EXP 	unnamed TextStim: text = '+15'
144.4662 	DATA 	Sampled Response: 1, Outcome Shown: +30
144.4665 	DATA 	Keypress: 1
144.8743 	DATA 	Keypress: 1
144.8907 	EXP 	unnamed TextStim: text = '-8'
145.4034 	DATA 	Sampled Response: 2, Outcome Shown: +5
145.4037 	DATA 	Keypress: 2
145.6076 	DATA 	Keypress: 2
145.6240 	EXP 	unnamed TextStim: text = '+5'
146.1220 	DATA 	Sampled Response: 1, Outcome Shown: +30
146.1223 	DATA 	Keypress: 1
146.4409 	DATA 	Keypress: 2
146.4571 	EXP 	unnamed TextStim: text = '+5'
146.9656 	DATA 	Sampled Response: 1, Outcome Shown: -8
146.9659 	DATA 	Keypress: 2
147.4242 	DATA 	Keypress: 1
147.4405 	EXP 	unnamed TextStim: text = '+30'
147.9497 	DATA 	Sampled Response: 2, Outcome Shown: +15
147.9500 	DATA 	Keypress: 1
148.2239 	DATA 	Keypress: 1
148.2403 	EXP 	unnamed TextStim: text = '-8'
148.7464 	DATA 	Sampled Response: 2, Outcome Shown: +15
148.7467 	DATA 	Keypress: 1
149.1072 	DATA 	Keypress: 1
149.1236 	EXP 	unnamed TextStim: text = '-8'
149.6212 	DATA 	Sampled Response: 2, Outcome Shown: +5
149.6215 	DATA 	Keypress: 2
150.0238 	DATA 	Keypress: 2
150.0402 	EXP 	unnamed TextStim: text = '+15'
150.5429 	DATA 	Sampled Response: 1, Outcome Shown: -8
151.0236 	DATA 	Keypress: 2
151.0400 	EXP 	unnamed TextStim: text = '+15'
151.5426 	DATA 	Sampled Response: 1, Outcome Shown: +30
151.8403 	DATA 	Keypress: 2
151.8566 	EXP 	unnamed TextStim: text = '+5'
152.3549 	DATA 	Sampled Response: 1, Outcome Shown: -8
152.6402 	DATA 	Keypress: 2
152.6566 	EXP 	unnamed TextStim: text = '+5'
153.1673 	DATA 	Sampled Response: 1, Outcome Shown: -8
153.4566 	DATA 	Keypress: 2
153.4730 	EXP 	unnamed TextStim: text = '+15'
153.9796 	DATA 	Sampled Response: 1, Outcome Shown: -8
154.2733 	DATA 	Keypress: 2
154.2897 	EXP 	unnamed TextStim: text = '+5'
154.7919 	DATA 	Sampled Response: 1, Outcome Shown: -8
155.1064 	DATA 	Keypress: 2
155.1229 	EXP 	unnamed TextStim: text = '+5'
155.6352 	DATA 	Sampled Response: 1, Outcome Shown: +30
155.8731 	DATA 	Keypress: 2
155.8894 	EXP 	unnamed TextStim: text = '+5'
156.4009 	DATA 	Sampled Response: 1, Outcome Shown: -8
156.5896 	DATA 	Keypress: 1
156.6060 	EXP 	unnamed TextStim: text = '+30'
157.1036 	DATA 	Sampled Response: 2, Outcome Shown: +5
157.1039 	DATA 	Keypress: 1
157.1563 	DATA 	** broke sampling loop (<.5s left in trial) **
157.1570 	DATA 	samplingCount: 17
157.1570 	DATA 	Think Onset
157.1726 	EXP 	unnamed Rect: lineColor = 'white (named)'
157.1726 	EXP 	unnamed Rect: lineColor = 'white (named)'
160.1891 	DATA 	Decide Onset
160.5722 	DATA 	Keypress: 2
160.5723 	DATA 	Decision Button Press: ['2']
160.5723 	DATA 	Decision Response: 1
160.5757 	EXP 	unnamed Rect: lineColor = 'red (named)'
161.0951 	DATA 	ITI Onset
161.0983 	EXP 	unnamed Rect: lineColor = 'white (named)'
161.0983 	EXP 	unnamed Rect: lineColor = 'white (named)'
161.0983 	EXP 	unnamed TextStim: text = '+30'
161.0983 	EXP 	unnamed TextStim: text = '+5'
164.5057 	DATA 	Trial End Time - totalITI: 3.39860268836
164.5059 	EXP 	New trial (rep=0, index=7): {'P1_1': '0.7', 'P1_2': '1', 'SafeOption': '2', 'P2_2': '0', 'O2_2': '0', 'O2_1': '0', 'ProbNumber': 'SD5', 'O1_2': '-8', 'O1_1': '-10', 'EV2': '-8', 'EV1': '-7', 'ProbType': 'SD', 'P2_1': '0.3'}
164.5060 	DATA 	Trial Onset - ProblemType: SD, ProblemNumber: SD5, leftRight: 1, samplingDur: 17, assignedITI: 4.653
164.5060 	DATA 	Sampling Onset
165.6220 	DATA 	Keypress: 1
165.6384 	EXP 	unnamed TextStim: text = '-8'
166.1486 	DATA 	Sampled Response: 2, Outcome Shown: -10
166.1489 	DATA 	Keypress: 1
166.5719 	DATA 	Keypress: 1
166.5882 	EXP 	unnamed TextStim: text = '-8'
167.0858 	DATA 	Sampled Response: 2, Outcome Shown: -10
167.2385 	DATA 	Keypress: 1
167.2547 	EXP 	unnamed TextStim: text = '-8'
167.7576 	DATA 	Sampled Response: 2, Outcome Shown: -10
167.9550 	DATA 	Keypress: 1
167.9714 	EXP 	unnamed TextStim: text = '-8'
168.4762 	DATA 	Sampled Response: 2, Outcome Shown: -10
168.4764 	DATA 	Keypress: 1
169.0049 	DATA 	Keypress: 1
169.0212 	EXP 	unnamed TextStim: text = '-8'
169.5228 	DATA 	Sampled Response: 2, Outcome Shown: 0
169.5881 	DATA 	Keypress: 1
169.6046 	EXP 	unnamed TextStim: text = '-8'
170.1164 	DATA 	Sampled Response: 2, Outcome Shown: -10
170.2214 	DATA 	Keypress: 2
170.2378 	EXP 	unnamed TextStim: text = '-10'
170.7412 	DATA 	Sampled Response: 1, Outcome Shown: -8
170.7415 	DATA 	Keypress: 2
171.1214 	DATA 	Keypress: 2
171.1377 	EXP 	unnamed TextStim: text = '-10'
171.6473 	DATA 	Sampled Response: 1, Outcome Shown: -8
171.6476 	DATA 	Keypress: 2
172.0045 	DATA 	Keypress: 2
172.0209 	EXP 	unnamed TextStim: text = '-10'
172.5221 	DATA 	Sampled Response: 1, Outcome Shown: -8
172.5224 	DATA 	Keypress: 2
172.8545 	DATA 	Keypress: 2
172.8715 	EXP 	unnamed TextStim: text = '-10'
173.3813 	DATA 	Sampled Response: 1, Outcome Shown: -8
173.3816 	DATA 	Keypress: 2
173.6214 	DATA 	Keypress: 2
173.6374 	EXP 	unnamed TextStim: text = '0'
174.1467 	DATA 	Sampled Response: 1, Outcome Shown: -8
174.1470 	DATA 	Keypress: 2
174.3876 	DATA 	Keypress: 1
174.4038 	EXP 	unnamed TextStim: text = '-8'
174.9121 	DATA 	Sampled Response: 2, Outcome Shown: -10
174.9124 	DATA 	Keypress: 1
175.0710 	DATA 	Keypress: 1
175.0873 	EXP 	unnamed TextStim: text = '-8'
175.5995 	DATA 	Sampled Response: 2, Outcome Shown: 0
175.5998 	DATA 	Keypress: 1
175.8541 	DATA 	Keypress: 1
175.8705 	EXP 	unnamed TextStim: text = '-8'
176.3805 	DATA 	Sampled Response: 2, Outcome Shown: -10
176.3808 	DATA 	Keypress: 1
176.4047 	DATA 	Keypress: 1
176.4369 	EXP 	unnamed TextStim: text = '-8'
176.9429 	DATA 	Sampled Response: 2, Outcome Shown: 0
176.9432 	DATA 	Keypress: 1
176.9434 	DATA 	Keypress: 1
177.1373 	DATA 	Keypress: 1
177.1536 	EXP 	unnamed TextStim: text = '-8'
177.6615 	DATA 	Sampled Response: 2, Outcome Shown: 0
177.6618 	DATA 	Keypress: 1
177.6620 	DATA 	Keypress: 1
177.7038 	DATA 	Keypress: 1
177.7201 	EXP 	unnamed TextStim: text = '-8'
178.2239 	DATA 	Sampled Response: 2, Outcome Shown: 0
178.2242 	DATA 	Keypress: 2
178.7370 	DATA 	Keypress: 2
178.7534 	EXP 	unnamed TextStim: text = '-10'
179.2549 	DATA 	Sampled Response: 1, Outcome Shown: -8
179.4373 	DATA 	Keypress: 2
179.4534 	EXP 	unnamed TextStim: text = '0'
179.9578 	DATA 	Sampled Response: 1, Outcome Shown: -8
180.1038 	DATA 	Keypress: 2
180.1200 	EXP 	unnamed TextStim: text = '-10'
180.6296 	DATA 	Sampled Response: 1, Outcome Shown: -8
180.7203 	DATA 	Keypress: 2
180.7366 	EXP 	unnamed TextStim: text = '-10'
181.2388 	DATA 	Sampled Response: 1, Outcome Shown: -8
181.2390 	DATA 	** broke sampling loop (<.5s left in trial) **
181.2397 	DATA 	samplingCount: 21
181.2397 	DATA 	Think Onset
181.2431 	EXP 	unnamed Rect: lineColor = 'white (named)'
181.2431 	EXP 	unnamed Rect: lineColor = 'white (named)'
181.3207 	DATA 	Keypress: 2
184.2696 	DATA 	Decide Onset
186.0122 	DATA 	Keypress: 2
186.0123 	DATA 	Decision Button Press: ['2']
186.0123 	DATA 	Decision Response: 1
186.0158 	EXP 	unnamed Rect: lineColor = 'red (named)'
186.5263 	DATA 	ITI Onset
186.5295 	EXP 	unnamed Rect: lineColor = 'white (named)'
186.5295 	EXP 	unnamed Rect: lineColor = 'white (named)'
186.5295 	EXP 	unnamed TextStim: text = '-8'
186.5295 	EXP 	unnamed TextStim: text = '-10'
189.7195 	DATA 	Keypress: 2
191.4192 	DATA 	Trial End Time - totalITI: 4.87714213651
191.4194 	EXP 	New trial (rep=0, index=8): {'P1_1': '0.8', 'P1_2': '0.1', 'SafeOption': '1', 'P2_2': '0.9', 'O2_2': '35', 'O2_1': '40', 'ProbNumber': 'RR7', 'O1_2': '-20', 'O1_1': '24', 'EV2': '29.5', 'EV1': '27.2', 'ProbType': 'RR', 'P2_1': '0.2'}
191.4195 	DATA 	Trial Onset - ProblemType: RR, ProblemNumber: RR7, leftRight: 1, samplingDur: 18, assignedITI: 1.233
191.4195 	DATA 	Sampling Onset
191.8856 	DATA 	Keypress: 2
191.9018 	EXP 	unnamed TextStim: text = '+40'
192.4084 	DATA 	Sampled Response: 1, Outcome Shown: +35
192.4087 	DATA 	Keypress: 1
192.7854 	DATA 	Keypress: 1
192.8019 	EXP 	unnamed TextStim: text = '+35'
193.3145 	DATA 	Sampled Response: 2, Outcome Shown: +24
193.3148 	DATA 	Keypress: 1
193.7685 	DATA 	Keypress: 1
193.7850 	EXP 	unnamed TextStim: text = '+35'
194.2829 	DATA 	Sampled Response: 2, Outcome Shown: +24
194.7019 	DATA 	Keypress: 1
194.7183 	EXP 	unnamed TextStim: text = '-20'
195.2205 	DATA 	Sampled Response: 2, Outcome Shown: +24
195.5018 	DATA 	Keypress: 1
195.5182 	EXP 	unnamed TextStim: text = '-20'
196.0172 	DATA 	Sampled Response: 2, Outcome Shown: +24
196.2517 	DATA 	Keypress: 2
196.2681 	EXP 	unnamed TextStim: text = '+40'
196.7670 	DATA 	Sampled Response: 1, Outcome Shown: +35
197.0184 	DATA 	Keypress: 2
197.0347 	EXP 	unnamed TextStim: text = '+24'
197.5324 	DATA 	Sampled Response: 1, Outcome Shown: +35
197.6684 	DATA 	Keypress: 2
197.6846 	EXP 	unnamed TextStim: text = '+24'
198.1886 	DATA 	Sampled Response: 1, Outcome Shown: +35
198.3350 	DATA 	Keypress: 2
198.3512 	EXP 	unnamed TextStim: text = '+24'
198.8603 	DATA 	Sampled Response: 1, Outcome Shown: +35
198.9514 	DATA 	Keypress: 2
198.9678 	EXP 	unnamed TextStim: text = '+24'
199.4695 	DATA 	Sampled Response: 1, Outcome Shown: +35
199.4698 	DATA 	Keypress: 1
199.8182 	DATA 	Keypress: 1
199.8344 	EXP 	unnamed TextStim: text = '+35'
200.3443 	DATA 	Sampled Response: 2, Outcome Shown: +24
200.4178 	DATA 	Keypress: 1
200.4342 	EXP 	unnamed TextStim: text = '+35'
200.9379 	DATA 	Sampled Response: 2, Outcome Shown: +24
200.9382 	DATA 	Keypress: 2
201.4344 	DATA 	Keypress: 2
201.4508 	EXP 	unnamed TextStim: text = '+24'
201.9533 	DATA 	Sampled Response: 1, Outcome Shown: +35
201.9536 	DATA 	Keypress: 2
202.6685 	DATA 	Keypress: 1
202.7007 	EXP 	unnamed TextStim: text = '+35'
203.2032 	DATA 	Sampled Response: 2, Outcome Shown: +24
203.2035 	DATA 	Keypress: 1
203.5176 	DATA 	Keypress: 1
203.5339 	EXP 	unnamed TextStim: text = '+35'
204.0311 	DATA 	Sampled Response: 2, Outcome Shown: +24
204.0314 	DATA 	Keypress: 1
204.2842 	DATA 	Keypress: 1
204.3006 	EXP 	unnamed TextStim: text = '+35'
204.8122 	DATA 	Sampled Response: 2, Outcome Shown: +24
204.8125 	DATA 	Keypress: 1
204.9509 	DATA 	Keypress: 1
204.9671 	EXP 	unnamed TextStim: text = '+35'
205.4683 	DATA 	Sampled Response: 2, Outcome Shown: +24
205.4686 	DATA 	Keypress: 1
205.5508 	DATA 	Keypress: 1
205.5670 	EXP 	unnamed TextStim: text = '-20'
206.0775 	DATA 	Sampled Response: 2, Outcome Shown: +24
206.0778 	DATA 	Keypress: 1
206.8838 	DATA 	Keypress: 2
206.9001 	EXP 	unnamed TextStim: text = '+40'
207.4054 	DATA 	Sampled Response: 1, Outcome Shown: +35
207.4057 	DATA 	Keypress: 2
207.5505 	DATA 	Keypress: 2
207.5669 	EXP 	unnamed TextStim: text = '+24'
208.0768 	DATA 	Sampled Response: 1, Outcome Shown: +35
208.0771 	DATA 	Keypress: 2
208.0774 	DATA 	Keypress: 2
208.1667 	DATA 	Keypress: 2
208.1829 	EXP 	unnamed TextStim: text = '+24'
208.6863 	DATA 	Sampled Response: 1, Outcome Shown: +35
208.6866 	DATA 	Keypress: 2
208.6868 	DATA 	Keypress: 2
208.7669 	DATA 	Keypress: 2
208.7833 	EXP 	unnamed TextStim: text = '+24'
209.2955 	DATA 	Sampled Response: 1, Outcome Shown: +35
209.2958 	DATA 	** broke sampling loop (<.5s left in trial) **
209.2965 	DATA 	samplingCount: 22
209.2965 	DATA 	Think Onset
209.2998 	EXP 	unnamed Rect: lineColor = 'white (named)'
209.2998 	EXP 	unnamed Rect: lineColor = 'white (named)'
212.3164 	DATA 	Decide Onset
212.8361 	DATA 	Keypress: 2
212.8362 	DATA 	Decision Button Press: ['2']
212.8362 	DATA 	Decision Response: 1
212.8400 	EXP 	unnamed Rect: lineColor = 'red (named)'
213.3489 	DATA 	ITI Onset
213.3521 	EXP 	unnamed Rect: lineColor = 'white (named)'
213.3521 	EXP 	unnamed Rect: lineColor = 'white (named)'
213.3521 	EXP 	unnamed TextStim: text = '-20'
213.3521 	EXP 	unnamed TextStim: text = '+24'
215.8997 	DATA 	Trial End Time - totalITI: 2.53676636812
215.8999 	EXP 	New trial (rep=0, index=9): {'P1_1': '0.1', 'P1_2': '1', 'SafeOption': '2', 'P2_2': '0', 'O2_2': '0', 'O2_1': '0', 'ProbNumber': 'SD10', 'O1_2': '3', 'O1_1': '32', 'EV2': '3', 'EV1': '3.2', 'ProbType': 'SD', 'P2_1': '0.9'}
215.9000 	DATA 	Trial Onset - ProblemType: SD, ProblemNumber: SD10, leftRight: 1, samplingDur: 16, assignedITI: 1.3248
215.9000 	DATA 	Sampling Onset
216.5661 	DATA 	Keypress: 1
216.5825 	EXP 	unnamed TextStim: text = '+3'
217.0910 	DATA 	Sampled Response: 2, Outcome Shown: +32
217.1138 	DATA 	Keypress: 2
217.1322 	EXP 	unnamed TextStim: text = '0'
217.6377 	DATA 	Sampled Response: 1, Outcome Shown: +3
217.6492 	DATA 	Keypress: 1
217.6655 	EXP 	unnamed TextStim: text = '+3'
218.1686 	DATA 	Sampled Response: 2, Outcome Shown: 0
218.1689 	DATA 	Keypress: 2
218.5826 	DATA 	Keypress: 2
218.5988 	EXP 	unnamed TextStim: text = '0'
219.1063 	DATA 	Sampled Response: 1, Outcome Shown: +3
219.1066 	DATA 	Keypress: 2
219.5657 	DATA 	Keypress: 2
219.5819 	EXP 	unnamed TextStim: text = '0'
220.0904 	DATA 	Sampled Response: 1, Outcome Shown: +3
220.2489 	DATA 	Keypress: 2
220.2654 	EXP 	unnamed TextStim: text = '0'
220.7778 	DATA 	Sampled Response: 1, Outcome Shown: +3
220.8487 	DATA 	Keypress: 2
220.8652 	EXP 	unnamed TextStim: text = '0'
221.3713 	DATA 	Sampled Response: 1, Outcome Shown: +3
221.3716 	DATA 	Keypress: 2
221.7154 	DATA 	Keypress: 2
221.7318 	EXP 	unnamed TextStim: text = '0'
222.2305 	DATA 	Sampled Response: 1, Outcome Shown: +3
222.2308 	DATA 	Keypress: 2
222.3820 	DATA 	Keypress: 2
222.3983 	EXP 	unnamed TextStim: text = '+32'
222.9022 	DATA 	Sampled Response: 1, Outcome Shown: +3
222.9025 	DATA 	Keypress: 2
223.4320 	DATA 	Keypress: 1
223.4482 	EXP 	unnamed TextStim: text = '+3'
223.9489 	DATA 	Sampled Response: 2, Outcome Shown: 0
223.9652 	DATA 	Keypress: 1
223.9815 	EXP 	unnamed TextStim: text = '+3'
224.4800 	DATA 	Sampled Response: 2, Outcome Shown: 0
224.4803 	DATA 	Keypress: 1
224.6483 	DATA 	Keypress: 1
224.6648 	EXP 	unnamed TextStim: text = '+3'
225.1674 	DATA 	Sampled Response: 2, Outcome Shown: +32
225.1676 	DATA 	Keypress: 1
225.3817 	DATA 	Keypress: 1
225.3981 	EXP 	unnamed TextStim: text = '+3'
225.9015 	DATA 	Sampled Response: 2, Outcome Shown: +32
225.9018 	DATA 	Keypress: 1
226.1150 	DATA 	Keypress: 1
226.1313 	EXP 	unnamed TextStim: text = '+3'
226.6357 	DATA 	Sampled Response: 2, Outcome Shown: 0
226.6360 	DATA 	Keypress: 1
226.7816 	DATA 	Keypress: 1
226.7978 	EXP 	unnamed TextStim: text = '+3'
227.3076 	DATA 	Sampled Response: 2, Outcome Shown: 0
227.3079 	DATA 	Keypress: 1
227.5149 	DATA 	Keypress: 1
227.5311 	EXP 	unnamed TextStim: text = '+3'
228.0418 	DATA 	Sampled Response: 2, Outcome Shown: 0
228.0421 	DATA 	Keypress: 1
228.7648 	DATA 	Keypress: 1
228.7810 	EXP 	unnamed TextStim: text = '+3'
229.2915 	DATA 	Sampled Response: 2, Outcome Shown: 0
229.2918 	DATA 	Keypress: 1
229.7813 	DATA 	Keypress: 1
229.7975 	EXP 	unnamed TextStim: text = '+3'
230.3069 	DATA 	Sampled Response: 2, Outcome Shown: 0
230.3072 	DATA 	Keypress: 1
230.3810 	DATA 	Keypress: 2
230.3974 	EXP 	unnamed TextStim: text = '0'
230.9005 	DATA 	Sampled Response: 1, Outcome Shown: +3
230.9008 	DATA 	Keypress: 2
230.9011 	DATA 	Keypress: 2
231.0642 	DATA 	Keypress: 2
231.0806 	EXP 	unnamed TextStim: text = '0'
231.5878 	DATA 	Sampled Response: 1, Outcome Shown: +3
231.5881 	DATA 	Keypress: 2
231.5883 	DATA 	Keypress: 2
231.5885 	DATA 	** broke sampling loop (<.5s left in trial) **
231.5893 	DATA 	samplingCount: 20
231.5893 	DATA 	Think Onset
231.5925 	EXP 	unnamed Rect: lineColor = 'white (named)'
231.5925 	EXP 	unnamed Rect: lineColor = 'white (named)'
234.6137 	DATA 	Decide Onset
235.2041 	DATA 	Keypress: 1
235.2042 	DATA 	Decision Button Press: ['1']
235.2043 	DATA 	Decision Response: 2
235.2077 	EXP 	unnamed Rect: lineColor = 'red (named)'
235.7178 	DATA 	ITI Onset
235.7209 	EXP 	unnamed Rect: lineColor = 'white (named)'
235.7209 	EXP 	unnamed Rect: lineColor = 'white (named)'
235.7209 	EXP 	unnamed TextStim: text = '+3'
235.7209 	EXP 	unnamed TextStim: text = '0'
238.4805 	DATA 	Trial End Time - totalITI: 2.74556958514
238.4807 	EXP 	New trial (rep=0, index=10): {'P1_1': '0.2', 'P1_2': '1', 'SafeOption': '2', 'P2_2': '0', 'O2_2': '0', 'O2_1': '0', 'ProbNumber': 'SD12', 'O1_2': '6', 'O1_1': '29', 'EV2': '6', 'EV1': '5.8', 'ProbType': 'SD', 'P2_1': '0.8'}
238.4808 	DATA 	Trial Onset - ProblemType: SD, ProblemNumber: SD12, leftRight: 0, samplingDur: 15, assignedITI: 1.2377
238.4808 	DATA 	Sampling Onset
239.2135 	DATA 	Keypress: 2
239.2299 	EXP 	unnamed TextStim: text = '+6'
239.7425 	DATA 	Sampled Response: 2, Outcome Shown: +6
239.7967 	DATA 	Keypress: 2
239.8130 	EXP 	unnamed TextStim: text = '+6'
240.3205 	DATA 	Sampled Response: 2, Outcome Shown: +6
240.3208 	DATA 	Keypress: 2
240.5799 	DATA 	Keypress: 2
240.5963 	EXP 	unnamed TextStim: text = '+6'
241.1015 	DATA 	Sampled Response: 2, Outcome Shown: +6
241.1018 	DATA 	Keypress: 2
241.2634 	DATA 	Keypress: 2
241.2796 	EXP 	unnamed TextStim: text = '+6'
241.7889 	DATA 	Sampled Response: 2, Outcome Shown: +6
241.7891 	DATA 	Keypress: 2
241.7894 	DATA 	Keypress: 2
241.9464 	DATA 	Keypress: 2
241.9628 	EXP 	unnamed TextStim: text = '+6'
242.4605 	DATA 	Sampled Response: 2, Outcome Shown: +6
242.4608 	DATA 	Keypress: 2
242.4610 	DATA 	Keypress: 2
242.4963 	DATA 	Keypress: 2
242.5127 	EXP 	unnamed TextStim: text = '+6'
243.0230 	DATA 	Sampled Response: 2, Outcome Shown: +6
243.0233 	DATA 	Keypress: 2
243.0235 	DATA 	Keypress: 2
243.0237 	DATA 	Keypress: 2
243.4964 	DATA 	Keypress: 1
243.5127 	EXP 	unnamed TextStim: text = '+29'
244.0227 	DATA 	Sampled Response: 1, Outcome Shown: +29
244.0230 	DATA 	Keypress: 1
244.0232 	DATA 	Keypress: 1
244.3294 	DATA 	Keypress: 1
244.3459 	EXP 	unnamed TextStim: text = '0'
244.8506 	DATA 	Sampled Response: 1, Outcome Shown: 0
244.8628 	DATA 	Keypress: 1
244.8790 	EXP 	unnamed TextStim: text = '+29'
245.3817 	DATA 	Sampled Response: 1, Outcome Shown: +29
245.3820 	DATA 	Keypress: 1
245.7459 	DATA 	Keypress: 1
245.7624 	EXP 	unnamed TextStim: text = '0'
246.2722 	DATA 	Sampled Response: 1, Outcome Shown: 0
246.2725 	DATA 	Keypress: 1
246.6457 	DATA 	Keypress: 1
246.6623 	EXP 	unnamed TextStim: text = '+29'
247.1626 	DATA 	Sampled Response: 1, Outcome Shown: +29
247.1629 	DATA 	Keypress: 1
247.4792 	DATA 	Keypress: 2
247.4957 	EXP 	unnamed TextStim: text = '+6'
248.0061 	DATA 	Sampled Response: 2, Outcome Shown: +6
248.0064 	DATA 	Keypress: 2
248.1123 	DATA 	Keypress: 2
248.1287 	EXP 	unnamed TextStim: text = '+6'
248.6310 	DATA 	Sampled Response: 2, Outcome Shown: +6
248.6313 	DATA 	Keypress: 2
248.6315 	DATA 	Keypress: 2
248.6955 	DATA 	Keypress: 2
248.7120 	EXP 	unnamed TextStim: text = '+6'
249.2246 	DATA 	Sampled Response: 2, Outcome Shown: +6
249.2249 	DATA 	Keypress: 2
249.2252 	DATA 	Keypress: 2
249.2956 	DATA 	Keypress: 2
249.3119 	EXP 	unnamed TextStim: text = '+6'
249.8182 	DATA 	Sampled Response: 2, Outcome Shown: +6
249.8185 	DATA 	Keypress: 2
249.8188 	DATA 	Keypress: 2
249.9454 	DATA 	Keypress: 2
249.9619 	EXP 	unnamed TextStim: text = '+6'
250.4743 	DATA 	Sampled Response: 2, Outcome Shown: +6
250.4747 	DATA 	Keypress: 2
250.4749 	DATA 	Keypress: 2
250.4955 	DATA 	Keypress: 2
250.5118 	EXP 	unnamed TextStim: text = '+6'
251.0211 	DATA 	Sampled Response: 2, Outcome Shown: +6
251.0214 	DATA 	Keypress: 2
251.0216 	DATA 	Keypress: 2
252.1952 	DATA 	Keypress: 1
252.2117 	EXP 	unnamed TextStim: text = '+29'
252.7238 	DATA 	Sampled Response: 1, Outcome Shown: +29
252.7241 	DATA 	Keypress: 1
252.9951 	DATA 	** broke sampling loop (<.5s left in trial) **
252.9958 	DATA 	samplingCount: 18
252.9958 	DATA 	Think Onset
253.0115 	EXP 	unnamed Rect: lineColor = 'white (named)'
253.0115 	EXP 	unnamed Rect: lineColor = 'white (named)'
253.1789 	DATA 	Keypress: 1
256.0279 	DATA 	Decide Onset
256.4441 	DATA 	Keypress: 1
256.4441 	DATA 	Decision Button Press: ['1']
256.4442 	DATA 	Decision Response: 1
256.4477 	EXP 	unnamed Rect: lineColor = 'red (named)'
256.9657 	DATA 	ITI Onset
256.9690 	EXP 	unnamed Rect: lineColor = 'white (named)'
256.9690 	EXP 	unnamed Rect: lineColor = 'white (named)'
256.9690 	EXP 	unnamed TextStim: text = '+29'
256.9690 	EXP 	unnamed TextStim: text = '+6'
259.9780 	DATA 	Trial End Time - totalITI: 3.00699890803
259.9782 	EXP 	New trial (rep=0, index=11): {'P1_1': '0.3', 'P1_2': '1', 'SafeOption': '2', 'P2_2': '0', 'O2_2': '0', 'O2_1': '-4', 'ProbNumber': 'MD11', 'O1_2': '5', 'O1_1': '27', 'EV2': '5', 'EV1': '5.3', 'ProbType': 'MD', 'P2_1': '0.7'}
259.9783 	DATA 	Trial Onset - ProblemType: MD, ProblemNumber: MD11, leftRight: 1, samplingDur: 16, assignedITI: 2.274
259.9783 	DATA 	Sampling Onset
260.5276 	DATA 	Keypress: 2
260.5440 	EXP 	unnamed TextStim: text = '-4'
261.0499 	DATA 	Sampled Response: 1, Outcome Shown: +5
261.0605 	DATA 	Keypress: 1
261.0769 	EXP 	unnamed TextStim: text = '+5'
261.5811 	DATA 	Sampled Response: 2, Outcome Shown: -4
261.6105 	DATA 	Keypress: 2
261.6269 	EXP 	unnamed TextStim: text = '-4'
262.1278 	DATA 	Sampled Response: 1, Outcome Shown: +5
262.1281 	DATA 	Keypress: 1
262.7274 	DATA 	Keypress: 1
262.7439 	EXP 	unnamed TextStim: text = '+5'
263.2526 	DATA 	Sampled Response: 2, Outcome Shown: -4
263.2529 	DATA 	Keypress: 1
263.6606 	DATA 	Keypress: 1
263.6770 	EXP 	unnamed TextStim: text = '+5'
264.1741 	DATA 	Sampled Response: 2, Outcome Shown: -4
264.1744 	DATA 	Keypress: 1
264.4773 	DATA 	Keypress: 1
264.4936 	EXP 	unnamed TextStim: text = '+5'
265.0022 	DATA 	Sampled Response: 2, Outcome Shown: -4
265.0025 	DATA 	Keypress: 1
265.3105 	DATA 	Keypress: 1
265.3267 	EXP 	unnamed TextStim: text = '+5'
265.8301 	DATA 	Sampled Response: 2, Outcome Shown: +27
265.8304 	DATA 	Keypress: 1
266.3935 	DATA 	Keypress: 1
266.4099 	EXP 	unnamed TextStim: text = '+5'
266.9079 	DATA 	Sampled Response: 2, Outcome Shown: +27
266.9766 	DATA 	Keypress: 1
266.9928 	EXP 	unnamed TextStim: text = '+5'
267.5015 	DATA 	Sampled Response: 2, Outcome Shown: -4
267.5018 	DATA 	Keypress: 1
267.9100 	DATA 	Keypress: 1
267.9264 	EXP 	unnamed TextStim: text = '+5'
268.4388 	DATA 	Sampled Response: 2, Outcome Shown: +27
268.4392 	DATA 	Keypress: 2
269.0099 	DATA 	Keypress: 2
269.0262 	EXP 	unnamed TextStim: text = '+27'
269.5323 	DATA 	Sampled Response: 1, Outcome Shown: +5
269.5931 	DATA 	Keypress: 2
269.6096 	EXP 	unnamed TextStim: text = '-4'
270.1103 	DATA 	Sampled Response: 1, Outcome Shown: +5
270.1106 	DATA 	Keypress: 2
270.6765 	DATA 	Keypress: 2
270.6928 	EXP 	unnamed TextStim: text = '-4'
271.2038 	DATA 	Sampled Response: 1, Outcome Shown: +5
271.2041 	DATA 	Keypress: 2
271.7097 	DATA 	Keypress: 2
271.7261 	EXP 	unnamed TextStim: text = '+27'
272.2348 	DATA 	Sampled Response: 1, Outcome Shown: +5
272.2351 	DATA 	Keypress: 2
272.7091 	DATA 	Keypress: 2
272.7256 	EXP 	unnamed TextStim: text = '-4'
273.2344 	DATA 	Sampled Response: 1, Outcome Shown: +5
273.2347 	DATA 	Keypress: 1
273.4763 	DATA 	Keypress: 1
273.4924 	EXP 	unnamed TextStim: text = '+5'
274.0003 	DATA 	Sampled Response: 2, Outcome Shown: +27
274.0006 	DATA 	Keypress: 1
274.1093 	DATA 	Keypress: 1
274.1257 	EXP 	unnamed TextStim: text = '+5'
274.6252 	DATA 	Sampled Response: 2, Outcome Shown: +27
274.6255 	DATA 	Keypress: 1
274.6257 	DATA 	Keypress: 1
274.7759 	DATA 	Keypress: 1
274.7923 	EXP 	unnamed TextStim: text = '+5'
275.2969 	DATA 	Sampled Response: 2, Outcome Shown: -4
275.2972 	DATA 	Keypress: 1
275.2974 	DATA 	Keypress: 1
275.4427 	DATA 	Keypress: 1
275.4590 	EXP 	unnamed TextStim: text = '+5'
275.9683 	DATA 	Sampled Response: 2, Outcome Shown: -4
275.9687 	DATA 	Keypress: 1
275.9688 	DATA 	** broke sampling loop (<.5s left in trial) **
275.9695 	DATA 	samplingCount: 19
275.9695 	DATA 	Think Onset
275.9728 	EXP 	unnamed Rect: lineColor = 'white (named)'
275.9728 	EXP 	unnamed Rect: lineColor = 'white (named)'
278.9919 	DATA 	Decide Onset
279.5640 	DATA 	Keypress: 2
279.5641 	DATA 	Decision Button Press: ['2']
279.5642 	DATA 	Decision Response: 1
279.5677 	EXP 	unnamed Rect: lineColor = 'red (named)'
280.0836 	DATA 	ITI Onset
280.0868 	EXP 	unnamed Rect: lineColor = 'white (named)'
280.0868 	EXP 	unnamed Rect: lineColor = 'white (named)'
280.0868 	EXP 	unnamed TextStim: text = '+5'
280.0868 	EXP 	unnamed TextStim: text = '-4'
283.5085 	DATA 	Trial End Time - totalITI: 3.41106030719
283.5087 	EXP 	New trial (rep=0, index=12): {'P1_1': '0.7', 'P1_2': '0.1', 'SafeOption': '1', 'P2_2': '0.9', 'O2_2': '30', 'O2_1': '38', 'ProbNumber': 'RR11', 'O1_2': '-10', 'O1_1': '22', 'EV2': '26', 'EV1': '26.8', 'ProbType': 'RR', 'P2_1': '0.3'}
283.5088 	DATA 	Trial Onset - ProblemType: RR, ProblemNumber: RR11, leftRight: 1, samplingDur: 15, assignedITI: 1.4961
283.5088 	DATA 	Sampling Onset
284.0916 	DATA 	Keypress: 2
284.1079 	EXP 	unnamed TextStim: text = '+22'
284.6075 	DATA 	Sampled Response: 1, Outcome Shown: +30
284.8246 	DATA 	Keypress: 1
284.8412 	EXP 	unnamed TextStim: text = '+30'
285.3417 	DATA 	Sampled Response: 2, Outcome Shown: +22
285.3747 	DATA 	Keypress: 2
285.3910 	EXP 	unnamed TextStim: text = '+22'
285.8883 	DATA 	Sampled Response: 1, Outcome Shown: -10
285.8886 	DATA 	Keypress: 1
286.3246 	DATA 	Keypress: 1
286.3409 	EXP 	unnamed TextStim: text = '+30'
286.8413 	DATA 	Sampled Response: 2, Outcome Shown: +22
286.8416 	DATA 	Keypress: 1
287.0079 	DATA 	Keypress: 1
287.0242 	EXP 	unnamed TextStim: text = '+30'
287.5287 	DATA 	Sampled Response: 2, Outcome Shown: +22
287.5289 	DATA 	Keypress: 1
287.6243 	DATA 	Keypress: 1
287.6408 	EXP 	unnamed TextStim: text = '-10'
288.1535 	DATA 	Sampled Response: 2, Outcome Shown: +22
288.1538 	DATA 	Keypress: 1
288.2576 	DATA 	Keypress: 1
288.2741 	EXP 	unnamed TextStim: text = '+30'
288.7784 	DATA 	Sampled Response: 2, Outcome Shown: +22
288.7787 	DATA 	Keypress: 1
288.7828 	DATA 	Keypress: 2
288.8053 	EXP 	unnamed TextStim: text = '+38'
289.3095 	DATA 	Sampled Response: 1, Outcome Shown: +30
289.3098 	DATA 	Keypress: 2
289.5909 	DATA 	Keypress: 2
289.6073 	EXP 	unnamed TextStim: text = '+22'
290.1062 	DATA 	Sampled Response: 1, Outcome Shown: +30
290.1065 	DATA 	Keypress: 2
290.3573 	DATA 	Keypress: 2
290.3739 	EXP 	unnamed TextStim: text = '+38'
290.8716 	DATA 	Sampled Response: 1, Outcome Shown: +30
290.8719 	DATA 	Keypress: 2
290.9739 	DATA 	Keypress: 2
290.9904 	EXP 	unnamed TextStim: text = '+22'
291.4965 	DATA 	Sampled Response: 1, Outcome Shown: +30
291.4968 	DATA 	Keypress: 2
291.6241 	DATA 	Keypress: 2
291.6405 	EXP 	unnamed TextStim: text = '+22'
292.1525 	DATA 	Sampled Response: 1, Outcome Shown: +30
292.1528 	DATA 	Keypress: 2
294.0070 	DATA 	Keypress: 2
294.0233 	EXP 	unnamed TextStim: text = '+38'
294.5270 	DATA 	Sampled Response: 1, Outcome Shown: -10
294.5273 	DATA 	Keypress: 2
294.7738 	DATA 	Keypress: 2
294.7900 	EXP 	unnamed TextStim: text = '+38'
295.2925 	DATA 	Sampled Response: 1, Outcome Shown: -10
295.2928 	DATA 	Keypress: 2
295.3234 	DATA 	Keypress: 2
295.3398 	EXP 	unnamed TextStim: text = '+38'
295.8392 	DATA 	Sampled Response: 1, Outcome Shown: +30
295.8395 	DATA 	Keypress: 2
295.8397 	DATA 	Keypress: 2
295.9402 	DATA 	Keypress: 2
295.9564 	EXP 	unnamed TextStim: text = '+22'
296.4640 	DATA 	Sampled Response: 1, Outcome Shown: +30
296.4643 	DATA 	Keypress: 2
296.4646 	DATA 	Keypress: 2
296.6402 	DATA 	Keypress: 2
296.6566 	EXP 	unnamed TextStim: text = '+22'
297.1668 	DATA 	Sampled Response: 1, Outcome Shown: +30
297.1671 	DATA 	Keypress: 2
297.1673 	DATA 	Keypress: 2
297.3233 	DATA 	Keypress: 2
297.3397 	EXP 	unnamed TextStim: text = '+22'
297.8387 	DATA 	Sampled Response: 1, Outcome Shown: +30
297.8390 	DATA 	Keypress: 2
297.8392 	DATA 	Keypress: 2
297.9242 	DATA 	Keypress: 2
297.9562 	EXP 	unnamed TextStim: text = '+22'
298.4636 	DATA 	Sampled Response: 1, Outcome Shown: +30
298.4639 	DATA 	Keypress: 2
298.4640 	DATA 	** broke sampling loop (<.5s left in trial) **
298.4647 	DATA 	samplingCount: 19
298.4647 	DATA 	Think Onset
298.4680 	EXP 	unnamed Rect: lineColor = 'white (named)'
298.4680 	EXP 	unnamed Rect: lineColor = 'white (named)'
301.4893 	DATA 	Decide Onset
301.9720 	DATA 	Keypress: 2
301.9721 	DATA 	Decision Button Press: ['2']
301.9722 	DATA 	Decision Response: 1
301.9755 	EXP 	unnamed Rect: lineColor = 'red (named)'
302.4857 	DATA 	ITI Onset
302.4889 	EXP 	unnamed Rect: lineColor = 'white (named)'
302.4889 	EXP 	unnamed Rect: lineColor = 'white (named)'
302.4889 	EXP 	unnamed TextStim: text = '+30'
302.4889 	EXP 	unnamed TextStim: text = '+22'
305.2562 	DATA 	Trial End Time - totalITI: 2.75797491503
305.2564 	EXP 	New trial (rep=0, index=13): {'P1_1': '0.4', 'P1_2': '1', 'SafeOption': '2', 'P2_2': '0', 'O2_2': '0', 'O2_1': '-20', 'ProbNumber': 'MD4', 'O1_2': '-4', 'O1_1': '15', 'EV2': '-4', 'EV1': '-6', 'ProbType': 'MD', 'P2_1': '0.6'}
305.2565 	DATA 	Trial Onset - ProblemType: MD, ProblemNumber: MD4, leftRight: 1, samplingDur: 16, assignedITI: 1.7267
305.2565 	DATA 	Sampling Onset
306.0225 	DATA 	Keypress: 2
306.0386 	EXP 	unnamed TextStim: text = '-20'
306.5398 	DATA 	Sampled Response: 1, Outcome Shown: -4
306.5401 	DATA 	Keypress: 1
307.0555 	DATA 	Keypress: 1
307.0719 	EXP 	unnamed TextStim: text = '-4'
307.5708 	DATA 	Sampled Response: 2, Outcome Shown: +15
307.6719 	DATA 	Keypress: 2
307.6884 	EXP 	unnamed TextStim: text = '-20'
308.1957 	DATA 	Sampled Response: 1, Outcome Shown: -4
308.2388 	DATA 	Keypress: 1
308.2551 	EXP 	unnamed TextStim: text = '-4'
308.7580 	DATA 	Sampled Response: 2, Outcome Shown: +15
308.7726 	DATA 	Keypress: 2
308.8050 	EXP 	unnamed TextStim: text = '-20'
309.3048 	DATA 	Sampled Response: 1, Outcome Shown: -4
309.3051 	DATA 	Keypress: 1
309.7219 	DATA 	Keypress: 1
309.7383 	EXP 	unnamed TextStim: text = '-4'
310.2420 	DATA 	Sampled Response: 2, Outcome Shown: +15
310.2423 	DATA 	Keypress: 1
310.3885 	DATA 	Keypress: 1
310.4049 	EXP 	unnamed TextStim: text = '-4'
310.9138 	DATA 	Sampled Response: 2, Outcome Shown: +15
310.9141 	DATA 	Keypress: 1
310.9143 	DATA 	Keypress: 1
311.0883 	DATA 	Keypress: 1
311.1049 	EXP 	unnamed TextStim: text = '-4'
311.6167 	DATA 	Sampled Response: 2, Outcome Shown: +15
311.6170 	DATA 	Keypress: 1
311.6173 	DATA 	Keypress: 1
311.7883 	DATA 	Keypress: 1
311.8047 	EXP 	unnamed TextStim: text = '-4'
312.3041 	DATA 	Sampled Response: 2, Outcome Shown: +15
312.3044 	DATA 	Keypress: 1
312.3046 	DATA 	Keypress: 1
312.4716 	DATA 	Keypress: 2
312.4880 	EXP 	unnamed TextStim: text = '-20'
312.9914 	DATA 	Sampled Response: 1, Outcome Shown: -4
312.9917 	DATA 	Keypress: 2
312.9919 	DATA 	Keypress: 2
313.1215 	DATA 	Keypress: 2
313.1379 	EXP 	unnamed TextStim: text = '+15'
313.6475 	DATA 	Sampled Response: 1, Outcome Shown: -4
313.6478 	DATA 	Keypress: 2
313.6480 	DATA 	Keypress: 2
313.7881 	DATA 	Keypress: 2
313.8045 	EXP 	unnamed TextStim: text = '-20'
314.3036 	DATA 	Sampled Response: 1, Outcome Shown: -4
314.3039 	DATA 	Keypress: 2
314.3041 	DATA 	Keypress: 2
314.4714 	DATA 	Keypress: 2
314.4877 	EXP 	unnamed TextStim: text = '-20'
314.9909 	DATA 	Sampled Response: 1, Outcome Shown: -4
314.9912 	DATA 	Keypress: 2
314.9914 	DATA 	Keypress: 2
315.1378 	DATA 	Keypress: 2
315.1542 	EXP 	unnamed TextStim: text = '+15'
315.6627 	DATA 	Sampled Response: 1, Outcome Shown: -4
315.6630 	DATA 	Keypress: 2
315.6632 	DATA 	Keypress: 2
315.7883 	DATA 	Keypress: 2
315.8043 	EXP 	unnamed TextStim: text = '-20'
316.3031 	DATA 	Sampled Response: 1, Outcome Shown: -4
316.3034 	DATA 	Keypress: 2
316.3036 	DATA 	Keypress: 2
316.4707 	DATA 	Keypress: 2
316.4874 	EXP 	unnamed TextStim: text = '-20'
316.9904 	DATA 	Sampled Response: 1, Outcome Shown: -4
316.9907 	DATA 	Keypress: 2
316.9910 	DATA 	Keypress: 2
317.0878 	DATA 	Keypress: 1
317.1040 	EXP 	unnamed TextStim: text = '-4'
317.6153 	DATA 	Sampled Response: 2, Outcome Shown: +15
317.6156 	DATA 	Keypress: 1
317.6158 	DATA 	Keypress: 1
317.7043 	DATA 	Keypress: 1
317.7207 	EXP 	unnamed TextStim: text = '-4'
318.2246 	DATA 	Sampled Response: 2, Outcome Shown: +15
318.2248 	DATA 	Keypress: 1
318.2251 	DATA 	Keypress: 1
318.3042 	DATA 	Keypress: 1
318.3206 	EXP 	unnamed TextStim: text = '-4'
318.8181 	DATA 	Sampled Response: 2, Outcome Shown: +15
318.8184 	DATA 	Keypress: 1
318.8186 	DATA 	Keypress: 1
318.9541 	DATA 	Keypress: 1
318.9705 	EXP 	unnamed TextStim: text = '-4'
319.4743 	DATA 	Sampled Response: 2, Outcome Shown: -20
320.7704 	DATA 	** broke sampling loop (<.5s left in trial) **
320.7711 	DATA 	samplingCount: 20
320.7712 	DATA 	Think Onset
320.7869 	EXP 	unnamed Rect: lineColor = 'white (named)'
320.7869 	EXP 	unnamed Rect: lineColor = 'white (named)'
321.6710 	DATA 	Keypress: 1
323.8034 	DATA 	Decide Onset
324.3881 	DATA 	Keypress: 1
324.3882 	DATA 	Decision Button Press: ['1']
324.3883 	DATA 	Decision Response: 2
324.3918 	EXP 	unnamed Rect: lineColor = 'red (named)'
324.9018 	DATA 	ITI Onset
324.9050 	EXP 	unnamed Rect: lineColor = 'white (named)'
324.9050 	EXP 	unnamed Rect: lineColor = 'white (named)'
324.9050 	EXP 	unnamed TextStim: text = '-4'
324.9050 	EXP 	unnamed TextStim: text = '-20'
328.2366 	DATA 	Trial End Time - totalITI: 3.32768322032
328.2368 	EXP 	New trial (rep=0, index=14): {'P1_1': '0.6', 'P1_2': '1', 'SafeOption': '2', 'P2_2': '0', 'O2_2': '0', 'O2_1': '-22', 'ProbNumber': 'MD1', 'O1_2': '-6', 'O1_1': '4', 'EV2': '-6', 'EV1': '-6.4', 'ProbType': 'MD', 'P2_1': '0.4'}
328.2369 	DATA 	Trial Onset - ProblemType: MD, ProblemNumber: MD1, leftRight: 0, samplingDur: 19, assignedITI: 1.8631
328.2369 	DATA 	Sampling Onset
328.6697 	DATA 	Keypress: 1
328.6860 	EXP 	unnamed TextStim: text = '+4'
329.1911 	DATA 	Sampled Response: 1, Outcome Shown: +4
329.1914 	DATA 	Keypress: 2
329.4696 	DATA 	Keypress: 2
329.4859 	EXP 	unnamed TextStim: text = '-6'
329.9878 	DATA 	Sampled Response: 2, Outcome Shown: -6
329.9881 	DATA 	Keypress: 1
330.3196 	DATA 	Keypress: 1
330.3359 	EXP 	unnamed TextStim: text = '+4'
330.8471 	DATA 	Sampled Response: 1, Outcome Shown: +4
330.8474 	DATA 	Keypress: 1
331.0194 	DATA 	Keypress: 2
331.0357 	EXP 	unnamed TextStim: text = '-6'
331.5346 	DATA 	Sampled Response: 2, Outcome Shown: -6
331.5349 	DATA 	Keypress: 2
331.6858 	DATA 	Keypress: 1
331.7023 	EXP 	unnamed TextStim: text = '+4'
332.2063 	DATA 	Sampled Response: 1, Outcome Shown: +4
332.2066 	DATA 	Keypress: 1
332.2068 	DATA 	Keypress: 2
332.4025 	DATA 	Keypress: 2
332.4189 	EXP 	unnamed TextStim: text = '-6'
332.9249 	DATA 	Sampled Response: 2, Outcome Shown: -6
332.9252 	DATA 	Keypress: 2
332.9254 	DATA 	Keypress: 2
333.0692 	DATA 	Keypress: 2
333.0856 	EXP 	unnamed TextStim: text = '-6'
333.5965 	DATA 	Sampled Response: 2, Outcome Shown: -6
333.5968 	DATA 	Keypress: 2
333.9025 	DATA 	Keypress: 2
333.9187 	EXP 	unnamed TextStim: text = '-6'
334.4246 	DATA 	Sampled Response: 2, Outcome Shown: -6
334.6364 	DATA 	Keypress: 2
334.6686 	EXP 	unnamed TextStim: text = '-6'
335.1744 	DATA 	Sampled Response: 2, Outcome Shown: -6
335.2690 	DATA 	Keypress: 2
335.2850 	EXP 	unnamed TextStim: text = '-6'
335.7836 	DATA 	Sampled Response: 2, Outcome Shown: -6
335.8021 	DATA 	Keypress: 2
335.8185 	EXP 	unnamed TextStim: text = '-6'
336.3301 	DATA 	Sampled Response: 2, Outcome Shown: -6
336.3304 	DATA 	Keypress: 2
336.7353 	DATA 	Keypress: 2
336.7517 	EXP 	unnamed TextStim: text = '-6'
337.2520 	DATA 	Sampled Response: 2, Outcome Shown: -6
337.2523 	DATA 	Keypress: 2
337.3686 	DATA 	Keypress: 2
337.3850 	EXP 	unnamed TextStim: text = '-6'
337.8922 	DATA 	Sampled Response: 2, Outcome Shown: -6
337.8925 	DATA 	Keypress: 1
338.0527 	DATA 	Keypress: 1
338.0851 	EXP 	unnamed TextStim: text = '-22'
338.5954 	DATA 	Sampled Response: 1, Outcome Shown: -22
338.5957 	DATA 	Keypress: 1
338.6526 	DATA 	Keypress: 1
338.6848 	EXP 	unnamed TextStim: text = '-22'
339.1890 	DATA 	Sampled Response: 1, Outcome Shown: -22
339.1893 	DATA 	Keypress: 1
339.2851 	DATA 	Keypress: 1
339.3015 	EXP 	unnamed TextStim: text = '+4'
339.8139 	DATA 	Sampled Response: 1, Outcome Shown: +4
339.8142 	DATA 	Keypress: 1
339.8145 	DATA 	Keypress: 1
339.9849 	DATA 	Keypress: 1
340.0012 	EXP 	unnamed TextStim: text = '+4'
340.5013 	DATA 	Sampled Response: 1, Outcome Shown: +4
340.5016 	DATA 	Keypress: 1
340.5018 	DATA 	Keypress: 1
340.7184 	DATA 	Keypress: 1
340.7346 	EXP 	unnamed TextStim: text = '+4'
341.2354 	DATA 	Sampled Response: 1, Outcome Shown: +4
341.2357 	DATA 	Keypress: 1
341.2360 	DATA 	Keypress: 1
341.3516 	DATA 	Keypress: 1
341.3677 	EXP 	unnamed TextStim: text = '-22'
341.8756 	DATA 	Sampled Response: 1, Outcome Shown: -22
341.8759 	DATA 	Keypress: 1
341.8762 	DATA 	Keypress: 1
341.9847 	DATA 	Keypress: 1
342.0011 	EXP 	unnamed TextStim: text = '+4'
342.5008 	DATA 	Sampled Response: 1, Outcome Shown: +4
342.5011 	DATA 	Keypress: 1
342.5013 	DATA 	Keypress: 1
342.6014 	DATA 	Keypress: 1
342.6176 	EXP 	unnamed TextStim: text = '+4'
343.1256 	DATA 	Sampled Response: 1, Outcome Shown: +4
343.1259 	DATA 	Keypress: 1
343.1261 	DATA 	Keypress: 1
343.2346 	DATA 	Keypress: 2
343.2510 	EXP 	unnamed TextStim: text = '-6'
343.7505 	DATA 	Sampled Response: 2, Outcome Shown: -6
343.7509 	DATA 	Keypress: 2
343.7511 	DATA 	Keypress: 2
343.8178 	DATA 	Keypress: 2
343.8342 	EXP 	unnamed TextStim: text = '-6'
344.3441 	DATA 	Sampled Response: 2, Outcome Shown: -6
344.3444 	DATA 	Keypress: 2
344.3446 	DATA 	Keypress: 2
344.4680 	DATA 	Keypress: 2
344.4842 	EXP 	unnamed TextStim: text = '-6'
344.9846 	DATA 	Sampled Response: 2, Outcome Shown: -6
344.9849 	DATA 	Keypress: 2
344.9851 	DATA 	Keypress: 2
345.2510 	DATA 	Keypress: 2
345.2674 	EXP 	unnamed TextStim: text = '-6'
345.7656 	DATA 	Sampled Response: 2, Outcome Shown: -6
346.0509 	DATA 	Keypress: 2
346.0675 	EXP 	unnamed TextStim: text = '-6'
346.5779 	DATA 	Sampled Response: 2, Outcome Shown: -6
346.7509 	DATA 	** broke sampling loop (<.5s left in trial) **
346.7517 	DATA 	samplingCount: 26
346.7517 	DATA 	Think Onset
346.7672 	EXP 	unnamed Rect: lineColor = 'white (named)'
346.7672 	EXP 	unnamed Rect: lineColor = 'white (named)'
346.8181 	DATA 	Keypress: 2
349.7838 	DATA 	Decide Onset
350.0600 	DATA 	Keypress: 2
350.0601 	DATA 	Decision Button Press: ['2']
350.0601 	DATA 	Decision Response: 2
350.0636 	EXP 	unnamed Rect: lineColor = 'red (named)'
350.5684 	DATA 	ITI Onset
350.5715 	EXP 	unnamed Rect: lineColor = 'white (named)'
350.5715 	EXP 	unnamed Rect: lineColor = 'white (named)'
350.5715 	EXP 	unnamed TextStim: text = '+4'
350.5715 	EXP 	unnamed TextStim: text = '-6'
354.3502 	DATA 	Trial End Time - totalITI: 3.77257916509
354.3504 	EXP 	New trial (rep=0, index=15): {'P1_1': '0.8', 'P1_2': '1', 'SafeOption': '2', 'P2_2': '0', 'O2_2': '0', 'O2_1': '0', 'ProbNumber': 'SD6', 'O1_2': '12', 'O1_1': '14', 'EV2': '12', 'EV1': '11.2', 'ProbType': 'SD', 'P2_1': '0.2'}
354.3505 	DATA 	Trial Onset - ProblemType: SD, ProblemNumber: SD6, leftRight: 0, samplingDur: 15, assignedITI: 2.4102
354.3505 	DATA 	Sampling Onset
354.9498 	DATA 	Keypress: 2
354.9663 	EXP 	unnamed TextStim: text = '+12'
355.4665 	DATA 	Sampled Response: 2, Outcome Shown: +12
355.5165 	DATA 	Keypress: 2
355.5329 	EXP 	unnamed TextStim: text = '+12'
356.0446 	DATA 	Sampled Response: 2, Outcome Shown: +12
356.0449 	DATA 	Keypress: 2
356.4831 	DATA 	Keypress: 2
356.4996 	EXP 	unnamed TextStim: text = '+12'
356.9974 	DATA 	Sampled Response: 2, Outcome Shown: +12
356.9977 	DATA 	Keypress: 2
357.2831 	DATA 	Keypress: 2
357.2995 	EXP 	unnamed TextStim: text = '+12'
357.8100 	DATA 	Sampled Response: 2, Outcome Shown: +12
357.8103 	DATA 	Keypress: 2
357.8328 	DATA 	Keypress: 2
357.8493 	EXP 	unnamed TextStim: text = '+12'
358.3568 	DATA 	Sampled Response: 2, Outcome Shown: +12
358.3571 	DATA 	Keypress: 2
358.3573 	DATA 	Keypress: 2
358.6162 	DATA 	Keypress: 1
358.6326 	EXP 	unnamed TextStim: text = '+14'
359.1379 	DATA 	Sampled Response: 1, Outcome Shown: +14
359.1382 	DATA 	Keypress: 1
359.1384 	DATA 	Keypress: 1
359.4326 	DATA 	Keypress: 1
359.4492 	EXP 	unnamed TextStim: text = '+14'
359.9502 	DATA 	Sampled Response: 1, Outcome Shown: +14
359.9505 	DATA 	Keypress: 1
359.9507 	DATA 	Keypress: 1
360.1827 	DATA 	Keypress: 1
360.1990 	EXP 	unnamed TextStim: text = '+14'
360.7000 	DATA 	Sampled Response: 1, Outcome Shown: +14
360.7003 	DATA 	Keypress: 1
360.7159 	DATA 	Keypress: 1
360.7322 	EXP 	unnamed TextStim: text = '+14'
361.2309 	DATA 	Sampled Response: 1, Outcome Shown: +14
361.2312 	DATA 	Keypress: 1
361.3159 	DATA 	Keypress: 2
361.3321 	EXP 	unnamed TextStim: text = '+12'
361.8404 	DATA 	Sampled Response: 2, Outcome Shown: +12
361.8407 	DATA 	Keypress: 2
362.5989 	DATA 	Keypress: 2
362.6151 	EXP 	unnamed TextStim: text = '+12'
363.1212 	DATA 	Sampled Response: 2, Outcome Shown: +12
363.3984 	DATA 	Keypress: 2
363.4151 	EXP 	unnamed TextStim: text = '+12'
363.9178 	DATA 	Sampled Response: 2, Outcome Shown: +12
363.9181 	DATA 	Keypress: 1
364.2482 	DATA 	Keypress: 1
364.2650 	EXP 	unnamed TextStim: text = '0'
364.7772 	DATA 	Sampled Response: 1, Outcome Shown: 0
364.7775 	DATA 	Keypress: 1
364.9654 	DATA 	Keypress: 1
364.9816 	EXP 	unnamed TextStim: text = '0'
365.4801 	DATA 	Sampled Response: 1, Outcome Shown: 0
365.4804 	DATA 	Keypress: 1
365.6987 	DATA 	Keypress: 2
365.7152 	EXP 	unnamed TextStim: text = '+12'
366.2143 	DATA 	Sampled Response: 2, Outcome Shown: +12
366.2146 	DATA 	Keypress: 2
366.2148 	DATA 	Keypress: 2
366.3988 	DATA 	Keypress: 2
366.4150 	EXP 	unnamed TextStim: text = '+12'
366.9173 	DATA 	Sampled Response: 2, Outcome Shown: +12
366.9176 	DATA 	Keypress: 2
366.9178 	DATA 	Keypress: 2
367.0985 	DATA 	Keypress: 2
367.1149 	EXP 	unnamed TextStim: text = '+12'
367.6203 	DATA 	Sampled Response: 2, Outcome Shown: +12
367.6205 	DATA 	Keypress: 2
367.6208 	DATA 	Keypress: 2
367.6984 	DATA 	Keypress: 2
367.7149 	EXP 	unnamed TextStim: text = '+12'
368.2138 	DATA 	Sampled Response: 2, Outcome Shown: +12
368.2141 	DATA 	Keypress: 2
368.2143 	DATA 	Keypress: 2
368.2985 	DATA 	Keypress: 2
368.3146 	EXP 	unnamed TextStim: text = '+12'
368.8231 	DATA 	Sampled Response: 2, Outcome Shown: +12
368.8234 	DATA 	Keypress: 2
368.8236 	DATA 	Keypress: 2
368.8650 	DATA 	** broke sampling loop (<.5s left in trial) **
368.8657 	DATA 	samplingCount: 19
368.8657 	DATA 	Think Onset
368.8813 	EXP 	unnamed Rect: lineColor = 'white (named)'
368.8813 	EXP 	unnamed Rect: lineColor = 'white (named)'
368.8821 	DATA 	Keypress: 2
369.0987 	DATA 	Keypress: 2
371.8977 	DATA 	Decide Onset
372.2601 	DATA 	Keypress: 2
372.2602 	DATA 	Decision Button Press: ['2']
372.2602 	DATA 	Decision Response: 2
372.2638 	EXP 	unnamed Rect: lineColor = 'red (named)'
372.7816 	DATA 	ITI Onset
372.7821 	DATA 	Keypress: 2
372.7823 	DATA 	Keypress: 1
372.7852 	EXP 	unnamed Rect: lineColor = 'white (named)'
372.7852 	EXP 	unnamed Rect: lineColor = 'white (named)'
372.7852 	EXP 	unnamed TextStim: text = '0'
372.7852 	EXP 	unnamed TextStim: text = '+12'
377.0308 	DATA 	Trial End Time - totalITI: 4.2331270816
377.0310 	EXP 	New trial (rep=0, index=16): {'P1_1': '0.5', 'P1_2': '0.4', 'SafeOption': '1', 'P2_2': '0.6', 'O2_2': '50', 'O2_1': '30', 'ProbNumber': 'RR8', 'O1_2': '-15', 'O1_1': '14', 'EV2': '24', 'EV1': '22', 'ProbType': 'RR', 'P2_1': '0.5'}
377.0311 	DATA 	Trial Onset - ProblemType: RR, ProblemNumber: RR8, leftRight: 0, samplingDur: 18, assignedITI: 2.2012
377.0312 	DATA 	Sampling Onset
377.6140 	DATA 	Keypress: 2
377.6303 	EXP 	unnamed TextStim: text = '+50'
378.1334 	DATA 	Sampled Response: 2, Outcome Shown: +50
378.1337 	DATA 	Keypress: 1
378.5638 	DATA 	Keypress: 1
378.5802 	EXP 	unnamed TextStim: text = '+30'
379.0863 	DATA 	Sampled Response: 1, Outcome Shown: +30
379.0866 	DATA 	Keypress: 1
379.3806 	DATA 	Keypress: 1
379.3969 	EXP 	unnamed TextStim: text = '+14'
379.8986 	DATA 	Sampled Response: 1, Outcome Shown: +14
379.8989 	DATA 	Keypress: 1
379.9000 	DATA 	Keypress: 1
379.9134 	EXP 	unnamed TextStim: text = '+14'
380.4141 	DATA 	Sampled Response: 1, Outcome Shown: +14
380.4144 	DATA 	Keypress: 1
380.4146 	DATA 	Keypress: 1
380.6136 	DATA 	Keypress: 1
380.6301 	EXP 	unnamed TextStim: text = '+14'
381.1327 	DATA 	Sampled Response: 1, Outcome Shown: +14
381.1330 	DATA 	Keypress: 1
381.1332 	DATA 	Keypress: 1
381.2469 	DATA 	Keypress: 1
381.2634 	EXP 	unnamed TextStim: text = '+14'
381.7732 	DATA 	Sampled Response: 1, Outcome Shown: +14
381.7734 	DATA 	Keypress: 1
381.7737 	DATA 	Keypress: 1
381.8635 	DATA 	Keypress: 1
381.8799 	EXP 	unnamed TextStim: text = '+14'
382.3824 	DATA 	Sampled Response: 1, Outcome Shown: +14
382.3827 	DATA 	Keypress: 1
382.3829 	DATA 	Keypress: 1
382.4968 	DATA 	Keypress: 2
382.5131 	EXP 	unnamed TextStim: text = '-15'
383.0229 	DATA 	Sampled Response: 2, Outcome Shown: -15
383.0231 	DATA 	Keypress: 2
383.0234 	DATA 	Keypress: 2
383.0967 	DATA 	Keypress: 2
383.1131 	EXP 	unnamed TextStim: text = '-15'
383.6165 	DATA 	Sampled Response: 2, Outcome Shown: -15
383.6168 	DATA 	Keypress: 2
383.6170 	DATA 	Keypress: 2
383.6172 	DATA 	Keypress: 2
383.8300 	DATA 	Keypress: 2
383.8463 	EXP 	unnamed TextStim: text = '-15'
384.3507 	DATA 	Sampled Response: 2, Outcome Shown: -15
384.3509 	DATA 	Keypress: 2
384.3512 	DATA 	Keypress: 2
384.3965 	DATA 	Keypress: 2
384.4129 	EXP 	unnamed TextStim: text = '+50'
384.9130 	DATA 	Sampled Response: 2, Outcome Shown: +50
384.9133 	DATA 	Keypress: 2
384.9136 	DATA 	Keypress: 2
384.9463 	DATA 	Keypress: 2
384.9627 	EXP 	unnamed TextStim: text = '-15'
385.4754 	DATA 	Sampled Response: 2, Outcome Shown: -15
385.4758 	DATA 	Keypress: 2
385.4760 	DATA 	Keypress: 2
385.5296 	DATA 	Keypress: 2
385.5460 	EXP 	unnamed TextStim: text = '-15'
386.0534 	DATA 	Sampled Response: 2, Outcome Shown: -15
386.0537 	DATA 	Keypress: 2
386.0539 	DATA 	Keypress: 2
386.1296 	DATA 	Keypress: 2
386.1461 	EXP 	unnamed TextStim: text = '+50'
386.6470 	DATA 	Sampled Response: 2, Outcome Shown: +50
386.6473 	DATA 	Keypress: 2
386.6475 	DATA 	Keypress: 2
386.7463 	DATA 	Keypress: 2
386.7627 	EXP 	unnamed TextStim: text = '-15'
387.2718 	DATA 	Sampled Response: 2, Outcome Shown: -15
387.2721 	DATA 	Keypress: 2
387.2723 	DATA 	Keypress: 2
387.3294 	DATA 	Keypress: 2
387.3458 	EXP 	unnamed TextStim: text = '+50'
387.8499 	DATA 	Sampled Response: 2, Outcome Shown: +50
387.8502 	DATA 	Keypress: 2
387.8504 	DATA 	Keypress: 2
387.8795 	DATA 	Keypress: 2
387.8957 	EXP 	unnamed TextStim: text = '+50'
388.3966 	DATA 	Sampled Response: 2, Outcome Shown: +50
388.3969 	DATA 	Keypress: 2
388.3971 	DATA 	Keypress: 2
388.4628 	DATA 	Keypress: 2
388.4792 	EXP 	unnamed TextStim: text = '-15'
388.9902 	DATA 	Sampled Response: 2, Outcome Shown: -15
392.7955 	DATA 	Keypress: 2
392.8119 	EXP 	unnamed TextStim: text = '+50'
393.3173 	DATA 	Sampled Response: 2, Outcome Shown: +50
393.8123 	DATA 	Keypress: 1
393.8285 	EXP 	unnamed TextStim: text = '+14'
394.3327 	DATA 	Sampled Response: 1, Outcome Shown: +14
394.3330 	DATA 	Keypress: 1
394.4791 	DATA 	Keypress: 1
394.4950 	EXP 	unnamed TextStim: text = '+14'
395.0044 	DATA 	Sampled Response: 1, Outcome Shown: +14
395.0047 	DATA 	Keypress: 1
395.0049 	DATA 	Keypress: 1
395.0051 	DATA 	** broke sampling loop (<.5s left in trial) **
395.0057 	DATA 	samplingCount: 21
395.0058 	DATA 	Think Onset
395.0091 	EXP 	unnamed Rect: lineColor = 'white (named)'
395.0091 	EXP 	unnamed Rect: lineColor = 'white (named)'
395.0623 	DATA 	Keypress: 1
395.2622 	DATA 	Keypress: 1
398.0281 	DATA 	Decide Onset
398.4039 	DATA 	Keypress: 2
398.4040 	DATA 	Decision Button Press: ['2']
398.4040 	DATA 	Decision Response: 2
398.4074 	EXP 	unnamed Rect: lineColor = 'red (named)'
398.9168 	DATA 	ITI Onset
398.9201 	EXP 	unnamed Rect: lineColor = 'white (named)'
398.9201 	EXP 	unnamed Rect: lineColor = 'white (named)'
398.9201 	EXP 	unnamed TextStim: text = '+14'
398.9201 	EXP 	unnamed TextStim: text = '+50'
402.4777 	DATA 	Trial End Time - totalITI: 3.55118376404
402.4779 	EXP 	New trial (rep=0, index=17): {'P1_1': '0.2', 'P1_2': '1', 'SafeOption': '2', 'P2_2': '0', 'O2_2': '0', 'O2_1': '-7', 'ProbNumber': 'MD6', 'O1_2': '-2', 'O1_1': '24', 'EV2': '-2', 'EV1': '-0.8', 'ProbType': 'MD', 'P2_1': '0.8'}
402.4780 	DATA 	Trial Onset - ProblemType: MD, ProblemNumber: MD6, leftRight: 0, samplingDur: 15, assignedITI: 5.4629
402.4780 	DATA 	Sampling Onset
403.0110 	DATA 	Keypress: 2
403.0274 	EXP 	unnamed TextStim: text = '-2'
403.5337 	DATA 	Sampled Response: 2, Outcome Shown: -2
403.5340 	DATA 	Keypress: 1
404.0108 	DATA 	Keypress: 1
404.0273 	EXP 	unnamed TextStim: text = '-7'
404.5334 	DATA 	Sampled Response: 1, Outcome Shown: -7
404.5940 	DATA 	Keypress: 2
404.6106 	EXP 	unnamed TextStim: text = '-2'
405.1114 	DATA 	Sampled Response: 2, Outcome Shown: -2
405.1117 	DATA 	Keypress: 2
405.1440 	DATA 	Keypress: 2
405.1604 	EXP 	unnamed TextStim: text = '-2'
405.6581 	DATA 	Sampled Response: 2, Outcome Shown: -2
405.6584 	DATA 	Keypress: 2
405.6586 	DATA 	Keypress: 2
405.7439 	DATA 	Keypress: 2
405.7603 	EXP 	unnamed TextStim: text = '-2'
406.2674 	DATA 	Sampled Response: 2, Outcome Shown: -2
406.2677 	DATA 	Keypress: 2
406.2679 	DATA 	Keypress: 2
406.3606 	DATA 	Keypress: 2
406.3771 	EXP 	unnamed TextStim: text = '-2'
406.8766 	DATA 	Sampled Response: 2, Outcome Shown: -2
406.8769 	DATA 	Keypress: 2
406.8771 	DATA 	Keypress: 2
406.9274 	DATA 	Keypress: 2
406.9437 	EXP 	unnamed TextStim: text = '-2'
407.4546 	DATA 	Sampled Response: 2, Outcome Shown: -2
407.4549 	DATA 	Keypress: 2
407.4551 	DATA 	Keypress: 2
407.5438 	DATA 	Keypress: 2
407.5602 	EXP 	unnamed TextStim: text = '-2'
408.0638 	DATA 	Sampled Response: 2, Outcome Shown: -2
408.0641 	DATA 	Keypress: 2
408.0643 	DATA 	Keypress: 2
408.2271 	DATA 	Keypress: 2
408.2434 	EXP 	unnamed TextStim: text = '-2'
408.7512 	DATA 	Sampled Response: 2, Outcome Shown: -2
408.7515 	DATA 	Keypress: 2
408.7517 	DATA 	Keypress: 2
408.9104 	DATA 	Keypress: 1
408.9268 	EXP 	unnamed TextStim: text = '-7'
409.4385 	DATA 	Sampled Response: 1, Outcome Shown: -7
409.4388 	DATA 	Keypress: 1
409.4393 	DATA 	Keypress: 1
409.5602 	DATA 	Keypress: 1
409.5767 	EXP 	unnamed TextStim: text = '-7'
410.0790 	DATA 	Sampled Response: 1, Outcome Shown: -7
410.0793 	DATA 	Keypress: 1
410.0795 	DATA 	Keypress: 1
410.1769 	DATA 	Keypress: 1
410.1933 	EXP 	unnamed TextStim: text = '-7'
410.7038 	DATA 	Sampled Response: 1, Outcome Shown: -7
410.7041 	DATA 	Keypress: 1
410.7043 	DATA 	Keypress: 1
410.7935 	DATA 	Keypress: 1
410.8099 	EXP 	unnamed TextStim: text = '-7'
411.3131 	DATA 	Sampled Response: 1, Outcome Shown: -7
411.3134 	DATA 	Keypress: 1
411.3136 	DATA 	Keypress: 1
411.4436 	DATA 	Keypress: 1
411.4597 	EXP 	unnamed TextStim: text = '-7'
411.9692 	DATA 	Sampled Response: 1, Outcome Shown: -7
411.9695 	DATA 	Keypress: 1
411.9697 	DATA 	Keypress: 1
412.0606 	DATA 	Keypress: 1
412.0930 	EXP 	unnamed TextStim: text = '+24'
412.5940 	DATA 	Sampled Response: 1, Outcome Shown: +24
412.5943 	DATA 	Keypress: 1
412.5945 	DATA 	Keypress: 1
412.6768 	DATA 	Keypress: 1
412.6930 	EXP 	unnamed TextStim: text = '-7'
413.2032 	DATA 	Sampled Response: 1, Outcome Shown: -7
413.2035 	DATA 	Keypress: 1
413.2038 	DATA 	Keypress: 1
413.2932 	DATA 	Keypress: 2
413.3096 	EXP 	unnamed TextStim: text = '-2'
413.8125 	DATA 	Sampled Response: 2, Outcome Shown: -2
413.8128 	DATA 	Keypress: 2
413.8130 	DATA 	Keypress: 2
413.8765 	DATA 	Keypress: 2
413.8928 	EXP 	unnamed TextStim: text = '-2'
414.3906 	DATA 	Sampled Response: 2, Outcome Shown: -2
414.3909 	DATA 	Keypress: 2
414.3911 	DATA 	Keypress: 2
414.4263 	DATA 	Keypress: 2
414.4429 	EXP 	unnamed TextStim: text = '-2'
414.9530 	DATA 	Sampled Response: 2, Outcome Shown: -2
414.9533 	DATA 	Keypress: 2
414.9535 	DATA 	Keypress: 2
414.9928 	DATA 	Keypress: 2
415.0093 	EXP 	unnamed TextStim: text = '-2'
415.5153 	DATA 	Sampled Response: 2, Outcome Shown: -2
415.5156 	DATA 	Keypress: 2
415.5158 	DATA 	Keypress: 2
415.5594 	DATA 	Keypress: 2
415.5759 	EXP 	unnamed TextStim: text = '-2'
416.0777 	DATA 	Sampled Response: 2, Outcome Shown: -2
416.9925 	DATA 	** broke sampling loop (<.5s left in trial) **
416.9933 	DATA 	samplingCount: 21
416.9933 	DATA 	Think Onset
417.0091 	EXP 	unnamed Rect: lineColor = 'white (named)'
417.0091 	EXP 	unnamed Rect: lineColor = 'white (named)'
417.5099 	DATA 	Keypress: 2
420.0255 	DATA 	Decide Onset
420.4120 	DATA 	Keypress: 2
420.4121 	DATA 	Decision Button Press: ['2']
420.4122 	DATA 	Decision Response: 2
420.4155 	EXP 	unnamed Rect: lineColor = 'red (named)'
420.9275 	DATA 	ITI Onset
420.9306 	EXP 	unnamed Rect: lineColor = 'white (named)'
420.9306 	EXP 	unnamed Rect: lineColor = 'white (named)'
420.9306 	EXP 	unnamed TextStim: text = '-7'
420.9306 	EXP 	unnamed TextStim: text = '-2'
428.1918 	DATA 	Trial End Time - totalITI: 7.26148596002
428.2903 	INFO 	saved wide-format data to logs/DE228/DE228_ebdm_run_1.csv
428.2904 	DATA 	*****END RUN 1*****
428.3296 	EXP 	window1: mouseVisible = True
