8.3845 	INFO 	Loaded monitor calibration from ['2018_11_06 15:14']
8.4002 	WARNING 	User requested fullscreen with size [800 600], but screen is actually [1920, 1080]. Using actual size
9.2035 	EXP 	Created window1 = Window(allowGUI=False, allowStencil=False, args=UNKNOWN, autoLog=True, bitsMode=UNKNOWN, blendMode='avg', color='black', colorSpace='named', fullscr=UNKNOWN, gamma=None, kwargs=UNKNOWN, lms=UNKNOWN, monitor=<psychopy.monitors.calibTools.Monitor object at 0x1CEDF110>, multiSample=False, name='window1', numSamples=2, pos=[0, 0], screen=0, size=array([1920, 1080]), stereo=False, units='deg', useFBO=False, useRetina=False, viewOri=0.0, viewPos=None, viewScale=None, waitBlanking=True, winType='pyglet')
9.2533 	EXP 	Created unnamed TextStim = TextStim(alignHoriz='center', alignVert='center', antialias=True, autoLog=True, bold=False, color=array([ 1.,  1.,  1.]), colorSpace='rgb', contrast=1.0, depth=0, flipHoriz=False, flipVert=False, font='', fontFiles=[], height=2, italic=False, name='unnamed TextStim', opacity=1.0, ori=0.0, pos=array([ 0.,  0.]), rgb=array([ 1.,  1.,  1.]), text='+', units='deg', win=Window(...), wrapWidth=15.0)
9.2920 	EXP 	Created unnamed TextStim = TextStim(alignHoriz='center', alignVert='center', antialias=True, autoLog=True, bold=False, color=array([ 1.,  1.,  1.]), colorSpace='rgb', contrast=1.0, depth=0, flipHoriz=False, flipVert=False, font='', fontFiles=[], height=1.5, italic=False, name='unnamed TextStim', opacity=1.0, ori=0.0, pos=array([ 0.,  0.]), rgb=array([ 1.,  1.,  1.]), text=newstr(...), units='deg', win=Window(...), wrapWidth=15.0)
9.3085 	EXP 	Created unnamed TextStim = TextStim(alignHoriz='center', alignVert='center', antialias=True, autoLog=True, bold=False, color=array([ 1.,  1.,  1.]), colorSpace='rgb', contrast=1.0, depth=0, flipHoriz=False, flipVert=False, font='', fontFiles=[], height=1.5, italic=False, name='unnamed TextStim', opacity=1.0, ori=0.0, pos=array([ 0.,  0.]), rgb=array([ 1.,  1.,  1.]), text='Waiting for scanner...', units='deg', win=Window(...), wrapWidth=15.0)
9.3293 	EXP 	Created unnamed TextStim = TextStim(alignHoriz='center', alignVert='center', antialias=True, autoLog=True, bold=False, color='white', colorSpace='named', contrast=1.0, depth=0, flipHoriz=False, flipVert=False, font='', fontFiles=[], height=1, italic=False, name='unnamed TextStim', opacity=1.0, ori=0.0, pos=array([ 0.,  0.]), rgb=array([ 255.,  255.,  255.]), text='Press SPACE to continue.', units='deg', win=Window(...), wrapWidth=15.0)
9.3414 	EXP 	Created unnamed TextStim = TextStim(alignHoriz='center', alignVert='center', antialias=True, autoLog=True, bold=False, color=array([ 1.,  1.,  1.]), colorSpace='rgb', contrast=1.0, depth=0, flipHoriz=False, flipVert=False, font='', fontFiles=[], height=0.1, italic=False, name='unnamed TextStim', opacity=1.0, ori=0.0, pos=array([ 0.,  0.]), rgb=array([ 1.,  1.,  1.]), text='THINK', units='norm', win=Window(...), wrapWidth=1)
9.3488 	EXP 	Created unnamed TextStim = TextStim(alignHoriz='center', alignVert='center', antialias=True, autoLog=True, bold=False, color=array([ 1.,  1.,  1.]), colorSpace='rgb', contrast=1.0, depth=0, flipHoriz=False, flipVert=False, font='', fontFiles=[], height=0.1, italic=False, name='unnamed TextStim', opacity=1.0, ori=0.0, pos=array([ 0.,  0.]), rgb=array([ 1.,  1.,  1.]), text='DECIDE', units='norm', win=Window(...), wrapWidth=1)
9.3544 	EXP 	<method-wrapper '__getattribute__' of attributeSetter object at 0x05FAE250>: vertices = array([[-0.275     ,  0.48888889],
       [ 0.275     ,  0.48888889],
       [ 0.275     , -0.48888889],
       [-0.275     , -0.48888889]])
9.3551 	EXP 	Created unnamed Rect = Rect(autoDraw=False, autoLog=True, closeShape=True, contrast=1.0, depth=0, fillColor=None, fillColorSpace='rgb', fillRGB=None, interpolate=True, lineColor='white', lineColorSpace='named', lineRGB=array([ 255.,  255.,  255.]), lineWidth=3.5, name='unnamed Rect', opacity=1.0, ori=array(0.0), pos=array([-0.5125    , -0.09444444]), size=array([ 1.,  1.]), units='norm', vertices=ndarray(...), win=Window(...))
9.3554 	EXP 	<method-wrapper '__getattribute__' of attributeSetter object at 0x05FAE250>: vertices = array([[-0.275     ,  0.48888889],
       [ 0.275     ,  0.48888889],
       [ 0.275     , -0.48888889],
       [-0.275     , -0.48888889]])
9.3561 	EXP 	Created unnamed Rect = Rect(autoDraw=False, autoLog=True, closeShape=True, contrast=1.0, depth=0, fillColor=None, fillColorSpace='rgb', fillRGB=None, interpolate=True, lineColor='white', lineColorSpace='named', lineRGB=array([ 255.,  255.,  255.]), lineWidth=3.5, name='unnamed Rect', opacity=1.0, ori=array(0.0), pos=array([ 0.4875    , -0.09444444]), size=array([ 1.,  1.]), units='norm', vertices=ndarray(...), win=Window(...))
9.3781 	EXP 	Created unnamed TextStim = TextStim(alignHoriz='center', alignVert='center', antialias=True, autoLog=True, bold=False, color=array([ 1.,  1.,  1.]), colorSpace='rgb', contrast=1.0, depth=0, flipHoriz=False, flipVert=False, font='', fontFiles=[], height=0.2, italic=False, name='unnamed TextStim', opacity=1.0, ori=0.0, pos=array([-0.5125    , -0.09444444]), rgb=array([ 1.,  1.,  1.]), text='Hello World', units='norm', win=Window(...), wrapWidth=1)
9.3861 	EXP 	Created unnamed TextStim = TextStim(alignHoriz='center', alignVert='center', antialias=True, autoLog=True, bold=False, color=array([ 1.,  1.,  1.]), colorSpace='rgb', contrast=1.0, depth=0, flipHoriz=False, flipVert=False, font='', fontFiles=[], height=0.2, italic=False, name='unnamed TextStim', opacity=1.0, ori=0.0, pos=array([ 0.4875    , -0.09444444]), rgb=array([ 1.,  1.,  1.]), text='Hello World', units='norm', win=Window(...), wrapWidth=1)
9.4031 	EXP 	Created unnamed TextStim = TextStim(alignHoriz='center', alignVert='center', antialias=True, autoLog=True, bold=False, color=array([ 1.,  1.,  1.]), colorSpace='rgb', contrast=1.0, depth=0, flipHoriz=False, flipVert=False, font='', fontFiles=[], height=0.1, italic=False, name='unnamed TextStim', opacity=1.0, ori=0.0, pos=array([-0.5125    , -0.82777778]), rgb=array([ 1.,  1.,  1.]), text='Press 1', units='norm', win=Window(...), wrapWidth=1)
9.4109 	EXP 	Created unnamed TextStim = TextStim(alignHoriz='center', alignVert='center', antialias=True, autoLog=True, bold=False, color=array([ 1.,  1.,  1.]), colorSpace='rgb', contrast=1.0, depth=0, flipHoriz=False, flipVert=False, font='', fontFiles=[], height=0.1, italic=False, name='unnamed TextStim', opacity=1.0, ori=0.0, pos=array([ 0.4875    , -0.82777778]), rgb=array([ 1.,  1.,  1.]), text='Press 2', units='norm', win=Window(...), wrapWidth=1)
9.4403 	EXP 	Created unnamed ImageStim = ImageStim(autoLog=True, color=array([ 1.,  1.,  1.]), colorSpace='rgb', contrast=1.0, depth=0, flipHoriz=False, flipVert=False, image=str(...), interpolate=False, mask=None, maskParams=None, name='unnamed ImageStim', opacity=1.0, ori=0.0, pos=array([ 0.,  0.]), size=array([ 1.35416667,  1.3537037 ]), texRes=128, units='norm', win=Window(...))
9.4675 	EXP 	Created unnamed ImageStim = ImageStim(autoLog=True, color=array([ 1.,  1.,  1.]), colorSpace='rgb', contrast=1.0, depth=0, flipHoriz=False, flipVert=False, image=str(...), interpolate=False, mask=None, maskParams=None, name='unnamed ImageStim', opacity=1.0, ori=0.0, pos=array([ 0.,  0.]), size=array([ 1.35416667,  1.3537037 ]), texRes=128, units='norm', win=Window(...))
9.4928 	EXP 	Created unnamed ImageStim = ImageStim(autoLog=True, color=array([ 1.,  1.,  1.]), colorSpace='rgb', contrast=1.0, depth=0, flipHoriz=False, flipVert=False, image=str(...), interpolate=False, mask=None, maskParams=None, name='unnamed ImageStim', opacity=1.0, ori=0.0, pos=array([ 0.,  0.]), size=array([ 1.35416667,  1.3537037 ]), texRes=128, units='norm', win=Window(...))
9.5200 	EXP 	Created unnamed ImageStim = ImageStim(autoLog=True, color=array([ 1.,  1.,  1.]), colorSpace='rgb', contrast=1.0, depth=0, flipHoriz=False, flipVert=False, image=str(...), interpolate=False, mask=None, maskParams=None, name='unnamed ImageStim', opacity=1.0, ori=0.0, pos=array([ 0.,  0.]), size=array([ 1.35416667,  1.3537037 ]), texRes=128, units='norm', win=Window(...))
9.5207 	EXP 	Created sequence: sequential, trialTypes=18, nReps=1, seed=None
9.6577 	DEBUG 	Using C:\Users\tug62048\Documents\DEGAP_Liz\SamplingMachine_bPilotv2.py as origin file
9.6583 	EXP 	Created sequence: sequential, trialTypes=18, nReps=1, seed=None
9.6587 	DEBUG 	Using C:\Users\tug62048\Documents\DEGAP_Liz\SamplingMachine_bPilotv2.py as origin file
0.0056 	DATA 	** START RUN 2 **
1.6529 	DATA 	Keypress: space
2.8129 	DATA 	Keypress: space
3.0849 	DATA 	Keypress: space
3.2770 	DATA 	Keypress: space
3.2773 	EXP 	New trial (rep=0, index=0): {'P1_1': '0.7', 'P1_2': '1', 'SafeOption': '2', 'P2_2': '0', 'O2_2': '0', 'O2_1': '0', 'ProbNumber': 'SD5', 'O1_2': '-8', 'O1_1': '-10', 'EV2': '-8', 'EV1': '-7', 'ProbType': 'SD', 'P2_1': '0.3'}
3.2775 	DATA 	Trial Onset - ProblemType: SD, ProblemNumber: SD5, leftRight: 1, samplingDur: 18, assignedITI: 1.0113
3.2775 	DATA 	Sampling Onset
4.4437 	DATA 	Keypress: 1
4.4602 	EXP 	unnamed TextStim: text = '-8'
4.9610 	DATA 	Sampled Response: 2, Outcome Shown: 0
4.9613 	DATA 	Keypress: 1
5.1603 	DATA 	Keypress: 1
5.1767 	EXP 	unnamed TextStim: text = '-8'
5.6808 	DATA 	Sampled Response: 2, Outcome Shown: -10
5.6811 	DATA 	Keypress: 1
5.6813 	DATA 	Keypress: 1
5.7268 	DATA 	Keypress: 1
5.7433 	EXP 	unnamed TextStim: text = '-8'
6.2330 	DATA 	Sampled Response: 2, Outcome Shown: -10
6.2333 	DATA 	Keypress: 2
6.2335 	DATA 	Keypress: 2
6.3268 	DATA 	Keypress: 2
6.3432 	EXP 	unnamed TextStim: text = '-10'
6.8442 	DATA 	Sampled Response: 1, Outcome Shown: -8
6.8445 	DATA 	Keypress: 2
6.8448 	DATA 	Keypress: 2
6.8450 	DATA 	Keypress: 2
7.0432 	DATA 	Keypress: 2
7.0593 	EXP 	unnamed TextStim: text = '-10'
7.5632 	DATA 	Sampled Response: 1, Outcome Shown: -8
7.5635 	DATA 	Keypress: 2
7.5638 	DATA 	Keypress: 2
7.6433 	DATA 	Keypress: 2
7.6595 	EXP 	unnamed TextStim: text = '0'
8.1600 	DATA 	Sampled Response: 1, Outcome Shown: -8
8.1603 	DATA 	Keypress: 2
8.2434 	DATA 	Keypress: 2
8.2597 	EXP 	unnamed TextStim: text = '0'
8.7705 	DATA 	Sampled Response: 1, Outcome Shown: -8
8.7708 	DATA 	Keypress: 2
8.7711 	DATA 	Keypress: 1
8.8776 	DATA 	Keypress: 1
8.9096 	EXP 	unnamed TextStim: text = '-8'
9.4133 	DATA 	Sampled Response: 2, Outcome Shown: -10
9.4136 	DATA 	Keypress: 1
9.4139 	DATA 	Keypress: 1
9.4262 	DATA 	Keypress: 1
9.4426 	EXP 	unnamed TextStim: text = '-8'
9.9469 	DATA 	Sampled Response: 2, Outcome Shown: -10
9.9472 	DATA 	Keypress: 1
9.9596 	DATA 	Keypress: 1
9.9760 	EXP 	unnamed TextStim: text = '-8'
10.4685 	DATA 	Sampled Response: 2, Outcome Shown: -10
17.0922 	DATA 	Keypress: 1
17.1086 	EXP 	unnamed TextStim: text = '-8'
17.6150 	DATA 	Sampled Response: 2, Outcome Shown: -10
18.7920 	DATA 	Keypress: 1
18.8082 	EXP 	unnamed TextStim: text = '-8'
19.3078 	DATA 	Sampled Response: 2, Outcome Shown: -10
19.5921 	DATA 	Keypress: 2
19.6083 	EXP 	unnamed TextStim: text = '0'
20.1086 	DATA 	Sampled Response: 1, Outcome Shown: -8
20.3085 	DATA 	Keypress: 2
20.3249 	EXP 	unnamed TextStim: text = '-10'
20.8291 	DATA 	Sampled Response: 1, Outcome Shown: -8
20.8294 	DATA 	** broke sampling loop (<.5s left in trial) **
20.8302 	DATA 	samplingCount: 14
20.8302 	DATA 	Think Onset
20.8340 	EXP 	unnamed Rect: lineColor = 'white (named)'
20.8340 	EXP 	unnamed Rect: lineColor = 'white (named)'
21.0422 	DATA 	Keypress: 1
23.8577 	DATA 	Decide Onset
24.1248 	DATA 	Keypress: 2
24.1249 	DATA 	Decision Button Press: ['2']
24.1249 	DATA 	Decision Response: 1
24.1284 	EXP 	unnamed Rect: lineColor = 'red (named)'
24.6473 	DATA 	ITI Onset
24.6510 	EXP 	unnamed Rect: lineColor = 'white (named)'
24.6510 	EXP 	unnamed Rect: lineColor = 'white (named)'
24.6510 	EXP 	unnamed TextStim: text = '-8'
24.6510 	EXP 	unnamed TextStim: text = '-10'
27.5415 	DATA 	Trial End Time - totalITI: 2.89212380667
27.5417 	EXP 	New trial (rep=0, index=1): {'P1_1': '0.3', 'P1_2': '0.5', 'SafeOption': '1', 'P2_2': '0.5', 'O2_2': '30', 'O2_1': '15', 'ProbNumber': 'RR4', 'O1_2': '-8', 'O1_1': '5', 'EV2': '11', 'EV1': '12', 'ProbType': 'RR', 'P2_1': '0.7'}
27.5418 	DATA 	Trial Onset - ProblemType: RR, ProblemNumber: RR4, leftRight: 1, samplingDur: 19, assignedITI: 1.2245
27.5418 	DATA 	Sampling Onset
28.2740 	DATA 	Keypress: 1
28.2906 	EXP 	unnamed TextStim: text = '-8'
28.7954 	DATA 	Sampled Response: 2, Outcome Shown: +15
28.7957 	DATA 	Keypress: 1
29.0742 	DATA 	Keypress: 1
29.0905 	EXP 	unnamed TextStim: text = '-8'
29.5950 	DATA 	Sampled Response: 2, Outcome Shown: +5
29.5953 	DATA 	Keypress: 1
29.6576 	DATA 	Keypress: 2
29.6738 	EXP 	unnamed TextStim: text = '+5'
30.1757 	DATA 	Sampled Response: 1, Outcome Shown: +30
30.1760 	DATA 	Keypress: 2
30.3414 	DATA 	Keypress: 2
30.3737 	EXP 	unnamed TextStim: text = '+15'
30.8800 	DATA 	Sampled Response: 1, Outcome Shown: +30
30.8803 	DATA 	Keypress: 2
31.0075 	DATA 	Keypress: 2
31.0236 	EXP 	unnamed TextStim: text = '+15'
31.5224 	DATA 	Sampled Response: 1, Outcome Shown: -8
31.5227 	DATA 	Keypress: 2
31.6904 	DATA 	Keypress: 2
31.7070 	EXP 	unnamed TextStim: text = '+15'
32.1998 	DATA 	Sampled Response: 1, Outcome Shown: +30
32.2001 	DATA 	Keypress: 1
32.3405 	DATA 	Keypress: 1
32.3569 	EXP 	unnamed TextStim: text = '-8'
32.8717 	DATA 	Sampled Response: 2, Outcome Shown: +15
32.8720 	DATA 	Keypress: 1
32.8722 	DATA 	Keypress: 1
32.9905 	DATA 	Keypress: 1
33.0067 	EXP 	unnamed TextStim: text = '-8'
33.5141 	DATA 	Sampled Response: 2, Outcome Shown: +5
33.5144 	DATA 	Keypress: 1
33.5146 	DATA 	Keypress: 1
33.7232 	DATA 	Keypress: 2
33.7397 	EXP 	unnamed TextStim: text = '+15'
34.2503 	DATA 	Sampled Response: 1, Outcome Shown: +30
34.2506 	DATA 	Keypress: 2
34.2508 	DATA 	Keypress: 2
36.1066 	DATA 	Keypress: 2
36.1233 	EXP 	unnamed TextStim: text = '+5'
36.6359 	DATA 	Sampled Response: 1, Outcome Shown: -8
36.6363 	DATA 	Keypress: 2
40.0896 	DATA 	Keypress: 2
40.1061 	EXP 	unnamed TextStim: text = '+5'
40.6160 	DATA 	Sampled Response: 1, Outcome Shown: -8
40.6163 	DATA 	Keypress: 2
41.4062 	DATA 	Keypress: 1
41.4226 	EXP 	unnamed TextStim: text = '+30'
41.9347 	DATA 	Sampled Response: 2, Outcome Shown: +5
42.3392 	DATA 	Keypress: 1
42.3558 	EXP 	unnamed TextStim: text = '+30'
42.8599 	DATA 	Sampled Response: 2, Outcome Shown: +5
43.2893 	DATA 	Keypress: 2
43.3055 	EXP 	unnamed TextStim: text = '+15'
43.8147 	DATA 	Sampled Response: 1, Outcome Shown: -8
44.5733 	DATA 	Keypress: 2
44.6054 	EXP 	unnamed TextStim: text = '+15'
45.1177 	DATA 	Sampled Response: 1, Outcome Shown: +30
46.0555 	DATA 	** broke sampling loop (<.5s left in trial) **
46.0562 	DATA 	samplingCount: 15
46.0562 	DATA 	Think Onset
46.0719 	EXP 	unnamed Rect: lineColor = 'white (named)'
46.0719 	EXP 	unnamed Rect: lineColor = 'white (named)'
46.8725 	DATA 	Keypress: 2
49.0886 	DATA 	Decide Onset
49.4529 	DATA 	Keypress: 2
49.4530 	DATA 	Decision Button Press: ['2']
49.4530 	DATA 	Decision Response: 1
49.4564 	EXP 	unnamed Rect: lineColor = 'red (named)'
49.9548 	DATA 	ITI Onset
49.9581 	EXP 	unnamed Rect: lineColor = 'white (named)'
49.9581 	EXP 	unnamed Rect: lineColor = 'white (named)'
49.9581 	EXP 	unnamed TextStim: text = '+30'
49.9581 	EXP 	unnamed TextStim: text = '+15'
53.0050 	DATA 	Trial End Time - totalITI: 3.04619994228
53.0052 	EXP 	New trial (rep=0, index=2): {'P1_1': '0.8', 'P1_2': '1', 'SafeOption': '2', 'P2_2': '0', 'O2_2': '0', 'O2_1': '0', 'ProbNumber': 'SD4', 'O1_2': '-3', 'O1_1': '-4', 'EV2': '-3', 'EV1': '-3.2', 'ProbType': 'SD', 'P2_1': '0.2'}
53.0053 	DATA 	Trial Onset - ProblemType: SD, ProblemNumber: SD4, leftRight: 0, samplingDur: 16, assignedITI: 1.3267
53.0053 	DATA 	Sampling Onset
54.4880 	DATA 	Keypress: 1
54.5042 	EXP 	unnamed TextStim: text = '0'
54.9978 	DATA 	Sampled Response: 1, Outcome Shown: 0
55.2880 	DATA 	Keypress: 1
55.3044 	EXP 	unnamed TextStim: text = '-4'
55.7963 	DATA 	Sampled Response: 1, Outcome Shown: -4
56.0046 	DATA 	Keypress: 2
56.0209 	EXP 	unnamed TextStim: text = '-3'
56.5315 	DATA 	Sampled Response: 2, Outcome Shown: -3
56.5318 	DATA 	Keypress: 2
56.6538 	DATA 	Keypress: 2
56.6705 	EXP 	unnamed TextStim: text = '-3'
57.1758 	DATA 	Sampled Response: 2, Outcome Shown: -3
57.1761 	DATA 	Keypress: 2
57.7205 	DATA 	Keypress: 2
57.7371 	EXP 	unnamed TextStim: text = '-3'
58.2422 	DATA 	Sampled Response: 2, Outcome Shown: -3
58.2872 	DATA 	Keypress: 1
58.3040 	EXP 	unnamed TextStim: text = '0'
58.7925 	DATA 	Sampled Response: 1, Outcome Shown: 0
58.7928 	DATA 	Keypress: 1
58.9708 	DATA 	Keypress: 1
58.9872 	EXP 	unnamed TextStim: text = '-4'
59.4960 	DATA 	Sampled Response: 1, Outcome Shown: -4
60.1040 	DATA 	Keypress: 1
60.1203 	EXP 	unnamed TextStim: text = '-4'
60.6238 	DATA 	Sampled Response: 1, Outcome Shown: -4
60.6241 	DATA 	Keypress: 1
60.8537 	DATA 	Keypress: 1
60.8699 	EXP 	unnamed TextStim: text = '-4'
61.3644 	DATA 	Sampled Response: 1, Outcome Shown: -4
61.3647 	DATA 	Keypress: 2
61.5205 	DATA 	Keypress: 2
61.5367 	EXP 	unnamed TextStim: text = '-3'
62.0359 	DATA 	Sampled Response: 2, Outcome Shown: -3
62.0362 	DATA 	Keypress: 2
62.0364 	DATA 	Keypress: 2
62.1869 	DATA 	Keypress: 2
62.2034 	EXP 	unnamed TextStim: text = '-3'
62.7101 	DATA 	Sampled Response: 2, Outcome Shown: -3
62.7104 	DATA 	Keypress: 2
65.0702 	DATA 	Keypress: 2
65.0864 	EXP 	unnamed TextStim: text = '-3'
65.5948 	DATA 	Sampled Response: 2, Outcome Shown: -3
66.3700 	DATA 	Keypress: 1
66.3862 	EXP 	unnamed TextStim: text = '-4'
66.8960 	DATA 	Sampled Response: 1, Outcome Shown: -4
68.5194 	DATA 	** broke sampling loop (<.5s left in trial) **
68.5201 	DATA 	samplingCount: 13
68.5201 	DATA 	Think Onset
68.5360 	EXP 	unnamed Rect: lineColor = 'white (named)'
68.5360 	EXP 	unnamed Rect: lineColor = 'white (named)'
71.5524 	DATA 	Decide Onset
72.2128 	DATA 	Keypress: 2
72.2129 	DATA 	Decision Button Press: ['2']
72.2129 	DATA 	Decision Response: 2
72.2166 	EXP 	unnamed Rect: lineColor = 'red (named)'
72.7364 	DATA 	ITI Onset
72.7396 	EXP 	unnamed Rect: lineColor = 'white (named)'
72.7396 	EXP 	unnamed Rect: lineColor = 'white (named)'
72.7396 	EXP 	unnamed TextStim: text = '-4'
72.7396 	EXP 	unnamed TextStim: text = '-3'
72.9862 	DATA 	Keypress: 1
75.6024 	DATA 	Trial End Time - totalITI: 2.85192239536
75.6026 	EXP 	New trial (rep=0, index=3): {'P1_1': '0.9', 'P1_2': '1', 'SafeOption': '2', 'P2_2': '0', 'O2_2': '0', 'O2_1': '-30', 'ProbNumber': 'MD2', 'O1_2': '-1', 'O1_1': '2', 'EV2': '-1', 'EV1': '-1.2', 'ProbType': 'MD', 'P2_1': '0.1'}
75.6026 	DATA 	Trial Onset - ProblemType: MD, ProblemNumber: MD2, leftRight: 1, samplingDur: 16, assignedITI: 1.2853
75.6027 	DATA 	Sampling Onset
77.0185 	DATA 	Keypress: 1
77.0350 	EXP 	unnamed TextStim: text = '-1'
77.5437 	DATA 	Sampled Response: 2, Outcome Shown: +2
77.5440 	DATA 	Keypress: 1
77.7853 	DATA 	Keypress: 1
77.8016 	EXP 	unnamed TextStim: text = '-1'
78.2987 	DATA 	Sampled Response: 2, Outcome Shown: +2
78.2990 	DATA 	Keypress: 1
78.2993 	DATA 	Keypress: 2
78.5019 	DATA 	Keypress: 2
78.5183 	EXP 	unnamed TextStim: text = '-30'
79.0183 	DATA 	Sampled Response: 1, Outcome Shown: -1
79.0186 	DATA 	Keypress: 2
79.0188 	DATA 	Keypress: 2
79.1350 	DATA 	Keypress: 2
79.1512 	EXP 	unnamed TextStim: text = '+2'
79.6606 	DATA 	Sampled Response: 1, Outcome Shown: -1
79.6609 	DATA 	Keypress: 2
79.6612 	DATA 	Keypress: 2
79.8693 	DATA 	Keypress: 1
79.9014 	EXP 	unnamed TextStim: text = '-1'
80.4109 	DATA 	Sampled Response: 2, Outcome Shown: +2
80.4112 	DATA 	Keypress: 1
80.4114 	DATA 	Keypress: 1
80.5013 	DATA 	Keypress: 1
80.5175 	EXP 	unnamed TextStim: text = '-1'
81.0246 	DATA 	Sampled Response: 2, Outcome Shown: +2
81.0249 	DATA 	Keypress: 1
81.0251 	DATA 	Keypress: 2
81.2512 	DATA 	Keypress: 2
81.2677 	EXP 	unnamed TextStim: text = '+2'
81.7773 	DATA 	Sampled Response: 1, Outcome Shown: -1
91.1169 	DATA 	** broke sampling loop (<.5s left in trial) **
91.1175 	DATA 	samplingCount: 7
91.1175 	DATA 	Think Onset
91.1334 	EXP 	unnamed Rect: lineColor = 'white (named)'
91.1334 	EXP 	unnamed Rect: lineColor = 'white (named)'
94.1498 	DATA 	Decide Onset
94.6048 	DATA 	Keypress: 2
94.6049 	DATA 	Decision Button Press: ['2']
94.6049 	DATA 	Decision Response: 1
94.6083 	EXP 	unnamed Rect: lineColor = 'red (named)'
95.1133 	DATA 	ITI Onset
95.1165 	EXP 	unnamed Rect: lineColor = 'white (named)'
95.1165 	EXP 	unnamed Rect: lineColor = 'white (named)'
95.1165 	EXP 	unnamed TextStim: text = '-1'
95.1165 	EXP 	unnamed TextStim: text = '+2'
98.1331 	DATA 	Trial End Time - totalITI: 3.01594407781
98.1333 	EXP 	New trial (rep=0, index=4): {'P1_1': '0.6', 'P1_2': '1', 'SafeOption': '2', 'P2_2': '0', 'O2_2': '0', 'O2_1': '-22', 'ProbNumber': 'MD1', 'O1_2': '-6', 'O1_1': '4', 'EV2': '-6', 'EV1': '-6.4', 'ProbType': 'MD', 'P2_1': '0.4'}
98.1334 	DATA 	Trial Onset - ProblemType: MD, ProblemNumber: MD1, leftRight: 1, samplingDur: 15, assignedITI: 1.4411
98.1334 	DATA 	Sampling Onset
99.8325 	DATA 	Keypress: 1
99.8490 	EXP 	unnamed TextStim: text = '-6'
100.3572 	DATA 	Sampled Response: 2, Outcome Shown: -22
100.3575 	DATA 	Keypress: 1
100.3577 	DATA 	Keypress: 1
100.3996 	DATA 	Keypress: 1
100.4156 	EXP 	unnamed TextStim: text = '-6'
100.9217 	DATA 	Sampled Response: 2, Outcome Shown: -22
100.9220 	DATA 	Keypress: 1
100.9223 	DATA 	Keypress: 1
101.0325 	DATA 	Keypress: 2
101.0489 	EXP 	unnamed TextStim: text = '+4'
101.5492 	DATA 	Sampled Response: 1, Outcome Shown: -6
101.5496 	DATA 	Keypress: 2
101.5498 	DATA 	Keypress: 2
101.5986 	DATA 	Keypress: 2
101.6150 	EXP 	unnamed TextStim: text = '-22'
102.1128 	DATA 	Sampled Response: 1, Outcome Shown: -6
102.1131 	DATA 	Keypress: 2
102.1133 	DATA 	Keypress: 2
112.6478 	DATA 	** broke sampling loop (<.5s left in trial) **
112.6484 	DATA 	samplingCount: 4
112.6484 	DATA 	Think Onset
112.6642 	EXP 	unnamed Rect: lineColor = 'white (named)'
112.6642 	EXP 	unnamed Rect: lineColor = 'white (named)'
115.6807 	DATA 	Decide Onset
115.9249 	DATA 	Keypress: 2
115.9250 	DATA 	Decision Button Press: ['2']
115.9250 	DATA 	Decision Response: 1
115.9285 	EXP 	unnamed Rect: lineColor = 'red (named)'
116.4366 	DATA 	ITI Onset
116.4398 	EXP 	unnamed Rect: lineColor = 'white (named)'
116.4398 	EXP 	unnamed Rect: lineColor = 'white (named)'
116.4398 	EXP 	unnamed TextStim: text = '-6'
116.4398 	EXP 	unnamed TextStim: text = '-22'
119.8307 	DATA 	Trial End Time - totalITI: 3.38239185267
119.8309 	EXP 	New trial (rep=0, index=5): {'P1_1': '0.9', 'P1_2': '1', 'SafeOption': '2', 'P2_2': '0', 'O2_2': '0', 'O2_1': '-8', 'ProbNumber': 'MD7', 'O1_2': '4', 'O1_1': '6', 'EV2': '4', 'EV1': '4.6', 'ProbType': 'MD', 'P2_1': '0.1'}
119.8310 	DATA 	Trial Onset - ProblemType: MD, ProblemNumber: MD7, leftRight: 1, samplingDur: 17, assignedITI: 5.0846
119.8310 	DATA 	Sampling Onset
120.4970 	DATA 	Keypress: 1
120.5137 	EXP 	unnamed TextStim: text = '+4'
121.0233 	DATA 	Sampled Response: 2, Outcome Shown: +6
121.0236 	DATA 	Keypress: 1
121.0238 	DATA 	Keypress: 1
121.0970 	DATA 	Keypress: 1
121.1131 	EXP 	unnamed TextStim: text = '+4'
121.6206 	DATA 	Sampled Response: 2, Outcome Shown: +6
121.6209 	DATA 	Keypress: 1
121.6211 	DATA 	Keypress: 1
121.6967 	DATA 	Keypress: 1
121.7131 	EXP 	unnamed TextStim: text = '+4'
122.2145 	DATA 	Sampled Response: 2, Outcome Shown: +6
122.2148 	DATA 	Keypress: 1
122.2150 	DATA 	Keypress: 1
122.2152 	DATA 	Keypress: 1
122.3810 	DATA 	Keypress: 1
122.4130 	EXP 	unnamed TextStim: text = '+4'
122.9216 	DATA 	Sampled Response: 2, Outcome Shown: +6
122.9219 	DATA 	Keypress: 2
122.9221 	DATA 	Keypress: 2
123.0799 	DATA 	Keypress: 2
123.0964 	EXP 	unnamed TextStim: text = '+6'
123.6111 	DATA 	Sampled Response: 1, Outcome Shown: +4
123.6114 	DATA 	Keypress: 2
123.6116 	DATA 	Keypress: 2
123.6118 	DATA 	Keypress: 2
123.7965 	DATA 	Keypress: 2
123.8129 	EXP 	unnamed TextStim: text = '+6'
124.3138 	DATA 	Sampled Response: 1, Outcome Shown: +4
124.3141 	DATA 	Keypress: 2
124.3143 	DATA 	Keypress: 2
124.3185 	DATA 	Keypress: 2
124.3294 	EXP 	unnamed TextStim: text = '+6'
124.8344 	DATA 	Sampled Response: 1, Outcome Shown: +4
124.8347 	DATA 	Keypress: 2
124.8350 	DATA 	Keypress: 2
124.8629 	DATA 	Keypress: 2
124.8792 	EXP 	unnamed TextStim: text = '+6'
125.3837 	DATA 	Sampled Response: 1, Outcome Shown: +4
125.3841 	DATA 	Keypress: 2
125.3843 	DATA 	Keypress: 2
125.3845 	DATA 	Keypress: 2
125.5462 	DATA 	Keypress: 2
125.5628 	EXP 	unnamed TextStim: text = '+6'
126.0738 	DATA 	Sampled Response: 1, Outcome Shown: +4
126.0741 	DATA 	Keypress: 2
126.0742 	DATA 	Keypress: 1
126.0746 	DATA 	Keypress: 1
126.2462 	DATA 	Keypress: 1
126.2627 	EXP 	unnamed TextStim: text = '+4'
126.7628 	DATA 	Sampled Response: 2, Outcome Shown: +6
126.7631 	DATA 	Keypress: 1
126.7633 	DATA 	Keypress: 1
126.8630 	DATA 	Keypress: 1
126.8795 	EXP 	unnamed TextStim: text = '+4'
127.3900 	DATA 	Sampled Response: 2, Outcome Shown: +6
127.3903 	DATA 	Keypress: 1
127.3905 	DATA 	Keypress: 1
127.6292 	DATA 	Keypress: 1
127.6457 	EXP 	unnamed TextStim: text = '+4'
128.1462 	DATA 	Sampled Response: 2, Outcome Shown: +6
128.1465 	DATA 	Keypress: 1
128.1467 	DATA 	Keypress: 1
128.2124 	DATA 	Keypress: 1
128.2288 	EXP 	unnamed TextStim: text = '+4'
128.7383 	DATA 	Sampled Response: 2, Outcome Shown: +6
128.7386 	DATA 	Keypress: 1
128.7388 	DATA 	Keypress: 1
128.8126 	DATA 	Keypress: 1
128.8290 	EXP 	unnamed TextStim: text = '+4'
129.3336 	DATA 	Sampled Response: 2, Outcome Shown: +6
129.3339 	DATA 	Keypress: 1
129.3341 	DATA 	Keypress: 2
129.3344 	DATA 	Keypress: 2
129.4292 	DATA 	Keypress: 2
129.4456 	EXP 	unnamed TextStim: text = '+6'
129.9303 	DATA 	Sampled Response: 1, Outcome Shown: +4
129.9306 	DATA 	Keypress: 2
129.9308 	DATA 	Keypress: 2
129.9791 	DATA 	Keypress: 2
129.9954 	EXP 	unnamed TextStim: text = '+6'
130.4944 	DATA 	Sampled Response: 1, Outcome Shown: +4
130.4947 	DATA 	Keypress: 2
130.4949 	DATA 	Keypress: 2
130.5290 	DATA 	Keypress: 2
130.5454 	EXP 	unnamed TextStim: text = '+6'
131.0590 	DATA 	Sampled Response: 1, Outcome Shown: +4
131.0593 	DATA 	Keypress: 2
131.0595 	DATA 	Keypress: 2
131.2458 	DATA 	Keypress: 2
131.2620 	EXP 	unnamed TextStim: text = '+6'
131.7638 	DATA 	Sampled Response: 1, Outcome Shown: +4
131.7641 	DATA 	Keypress: 2
131.7643 	DATA 	Keypress: 2
131.8289 	DATA 	Keypress: 2
131.8453 	EXP 	unnamed TextStim: text = '+6'
132.3442 	DATA 	Sampled Response: 1, Outcome Shown: +4
132.3445 	DATA 	Keypress: 2
136.3449 	DATA 	** broke sampling loop (<.5s left in trial) **
136.3456 	DATA 	samplingCount: 19
136.3456 	DATA 	Think Onset
136.3614 	EXP 	unnamed Rect: lineColor = 'white (named)'
136.3614 	EXP 	unnamed Rect: lineColor = 'white (named)'
139.3777 	DATA 	Decide Onset
139.6208 	DATA 	Keypress: 2
139.6209 	DATA 	Decision Button Press: ['2']
139.6209 	DATA 	Decision Response: 1
139.6244 	EXP 	unnamed Rect: lineColor = 'red (named)'
140.1449 	DATA 	ITI Onset
140.1484 	EXP 	unnamed Rect: lineColor = 'white (named)'
140.1484 	EXP 	unnamed Rect: lineColor = 'white (named)'
140.1484 	EXP 	unnamed TextStim: text = '+4'
140.1484 	EXP 	unnamed TextStim: text = '+6'
147.1774 	DATA 	Trial End Time - totalITI: 7.02729494414
147.1776 	EXP 	New trial (rep=0, index=6): {'P1_1': '0.2', 'P1_2': '1', 'SafeOption': '2', 'P2_2': '0', 'O2_2': '0', 'O2_1': '0', 'ProbNumber': 'SD12', 'O1_2': '6', 'O1_1': '29', 'EV2': '6', 'EV1': '5.8', 'ProbType': 'SD', 'P2_1': '0.8'}
147.1777 	DATA 	Trial Onset - ProblemType: SD, ProblemNumber: SD12, leftRight: 1, samplingDur: 15, assignedITI: 2.3911
147.1777 	DATA 	Sampling Onset
148.3771 	DATA 	Keypress: 1
148.3935 	EXP 	unnamed TextStim: text = '+6'
148.9037 	DATA 	Sampled Response: 2, Outcome Shown: 0
148.9040 	DATA 	Keypress: 1
148.9042 	DATA 	Keypress: 1
149.0769 	DATA 	Keypress: 1
149.0933 	EXP 	unnamed TextStim: text = '+6'
149.5927 	DATA 	Sampled Response: 2, Outcome Shown: 0
149.5930 	DATA 	Keypress: 1
149.5932 	DATA 	Keypress: 1
149.6939 	DATA 	Keypress: 1
149.7099 	EXP 	unnamed TextStim: text = '+6'
150.2194 	DATA 	Sampled Response: 2, Outcome Shown: 0
150.2197 	DATA 	Keypress: 1
150.2199 	DATA 	Keypress: 1
150.4601 	DATA 	Keypress: 2
150.4766 	EXP 	unnamed TextStim: text = '0'
150.9893 	DATA 	Sampled Response: 1, Outcome Shown: +6
150.9896 	DATA 	Keypress: 2
150.9898 	DATA 	Keypress: 2
151.0600 	DATA 	Keypress: 2
151.0763 	EXP 	unnamed TextStim: text = '0'
151.5843 	DATA 	Sampled Response: 1, Outcome Shown: +6
151.5846 	DATA 	Keypress: 2
151.5848 	DATA 	Keypress: 2
151.6594 	DATA 	Keypress: 2
151.6760 	EXP 	unnamed TextStim: text = '+29'
152.1790 	DATA 	Sampled Response: 1, Outcome Shown: +6
152.1793 	DATA 	Keypress: 2
152.1795 	DATA 	Keypress: 2
152.3933 	DATA 	Keypress: 1
152.4095 	EXP 	unnamed TextStim: text = '+6'
152.9164 	DATA 	Sampled Response: 2, Outcome Shown: 0
152.9167 	DATA 	Keypress: 1
152.9169 	DATA 	Keypress: 1
153.0097 	DATA 	Keypress: 1
153.0261 	EXP 	unnamed TextStim: text = '+6'
153.5268 	DATA 	Sampled Response: 2, Outcome Shown: +29
153.5271 	DATA 	Keypress: 1
153.5273 	DATA 	Keypress: 1
153.5762 	DATA 	Keypress: 1
153.5926 	EXP 	unnamed TextStim: text = '+6'
154.0936 	DATA 	Sampled Response: 2, Outcome Shown: 0
154.0939 	DATA 	Keypress: 1
154.0941 	DATA 	Keypress: 1
154.0943 	DATA 	Keypress: 2
154.1427 	DATA 	Keypress: 2
154.1595 	EXP 	unnamed TextStim: text = '0'
154.6730 	DATA 	Sampled Response: 1, Outcome Shown: +6
154.6733 	DATA 	Keypress: 2
154.6735 	DATA 	Keypress: 2
154.7095 	DATA 	Keypress: 2
154.7259 	EXP 	unnamed TextStim: text = '+29'
155.2375 	DATA 	Sampled Response: 1, Outcome Shown: +6
155.2379 	DATA 	Keypress: 2
161.6916 	DATA 	** broke sampling loop (<.5s left in trial) **
161.6923 	DATA 	samplingCount: 11
161.6923 	DATA 	Think Onset
161.7080 	EXP 	unnamed Rect: lineColor = 'white (named)'
161.7080 	EXP 	unnamed Rect: lineColor = 'white (named)'
164.7250 	DATA 	Decide Onset
165.1727 	DATA 	Keypress: 2
165.1728 	DATA 	Decision Button Press: ['2']
165.1728 	DATA 	Decision Response: 1
165.1763 	EXP 	unnamed Rect: lineColor = 'red (named)'
165.6869 	DATA 	ITI Onset
165.6901 	EXP 	unnamed Rect: lineColor = 'white (named)'
165.6901 	EXP 	unnamed Rect: lineColor = 'white (named)'
165.6901 	EXP 	unnamed TextStim: text = '+6'
165.6901 	EXP 	unnamed TextStim: text = '+29'
169.8246 	DATA 	Trial End Time - totalITI: 4.12929833323
169.8248 	EXP 	New trial (rep=0, index=7): {'P1_1': '0.6', 'P1_2': '0.5', 'SafeOption': '1', 'P2_2': '0.5', 'O2_2': '50', 'O2_1': '25', 'ProbNumber': 'RR6', 'O1_2': '-15', 'O1_1': '12', 'EV2': '17.5', 'EV1': '17.2', 'ProbType': 'RR', 'P2_1': '0.4'}
169.8249 	DATA 	Trial Onset - ProblemType: RR, ProblemNumber: RR6, leftRight: 0, samplingDur: 15, assignedITI: 1.2297
169.8249 	DATA 	Sampling Onset
171.0410 	DATA 	Keypress: 1
171.0574 	EXP 	unnamed TextStim: text = '+25'
171.5590 	DATA 	Sampled Response: 1, Outcome Shown: +25
171.5593 	DATA 	Keypress: 2
171.8076 	DATA 	Keypress: 2
171.8240 	EXP 	unnamed TextStim: text = '-15'
172.3291 	DATA 	Sampled Response: 2, Outcome Shown: -15
172.3294 	DATA 	Keypress: 2
172.3296 	DATA 	Keypress: 2
172.4409 	DATA 	Keypress: 2
172.4573 	EXP 	unnamed TextStim: text = '+50'
172.9717 	DATA 	Sampled Response: 2, Outcome Shown: +50
172.9720 	DATA 	Keypress: 2
172.9723 	DATA 	Keypress: 2
173.0241 	DATA 	Keypress: 2
173.0405 	EXP 	unnamed TextStim: text = '-15'
173.5508 	DATA 	Sampled Response: 2, Outcome Shown: -15
173.5511 	DATA 	Keypress: 1
173.5513 	DATA 	Keypress: 1
173.6406 	DATA 	Keypress: 1
173.6569 	EXP 	unnamed TextStim: text = '+25'
174.1613 	DATA 	Sampled Response: 1, Outcome Shown: +25
174.1616 	DATA 	Keypress: 1
174.1619 	DATA 	Keypress: 1
174.2740 	DATA 	Keypress: 1
174.2903 	EXP 	unnamed TextStim: text = '+12'
174.7782 	DATA 	Sampled Response: 1, Outcome Shown: +12
174.7785 	DATA 	Keypress: 1
174.7787 	DATA 	Keypress: 1
174.8239 	DATA 	Keypress: 2
174.8403 	EXP 	unnamed TextStim: text = '+50'
175.3393 	DATA 	Sampled Response: 2, Outcome Shown: +50
175.3396 	DATA 	Keypress: 2
175.3398 	DATA 	Keypress: 2
175.4071 	DATA 	Keypress: 2
175.4237 	EXP 	unnamed TextStim: text = '+50'
175.9356 	DATA 	Sampled Response: 2, Outcome Shown: +50
175.9359 	DATA 	Keypress: 2
175.9361 	DATA 	Keypress: 2
175.9363 	DATA 	Keypress: 2
176.0905 	DATA 	Keypress: 2
176.1068 	EXP 	unnamed TextStim: text = '-15'
176.6088 	DATA 	Sampled Response: 2, Outcome Shown: -15
176.6091 	DATA 	Keypress: 2
182.8233 	DATA 	Keypress: 2
182.8395 	EXP 	unnamed TextStim: text = '-15'
183.3520 	DATA 	Sampled Response: 2, Outcome Shown: -15
183.8229 	DATA 	Keypress: 2
183.8392 	EXP 	unnamed TextStim: text = '+50'
184.3253 	DATA 	Sampled Response: 2, Outcome Shown: +50
184.3256 	DATA 	Keypress: 2
184.3258 	DATA 	Keypress: 2
184.3259 	DATA 	** broke sampling loop (<.5s left in trial) **
184.3267 	DATA 	samplingCount: 11
184.3267 	DATA 	Think Onset
184.3301 	EXP 	unnamed Rect: lineColor = 'white (named)'
184.3301 	EXP 	unnamed Rect: lineColor = 'white (named)'
184.4732 	DATA 	Keypress: 2
186.9230 	DATA 	Keypress: 2
187.3555 	DATA 	Decide Onset
187.6047 	DATA 	Keypress: 2
187.6048 	DATA 	Decision Button Press: ['2']
187.6048 	DATA 	Decision Response: 2
187.6083 	EXP 	unnamed Rect: lineColor = 'red (named)'
188.1265 	DATA 	ITI Onset
188.1298 	EXP 	unnamed Rect: lineColor = 'white (named)'
188.1298 	EXP 	unnamed Rect: lineColor = 'white (named)'
188.1298 	EXP 	unnamed TextStim: text = '+12'
188.1298 	EXP 	unnamed TextStim: text = '+50'
191.3223 	DATA 	Trial End Time - totalITI: 3.17911361696
191.3225 	EXP 	New trial (rep=0, index=8): {'P1_1': '0.8', 'P1_2': '1', 'SafeOption': '2', 'P2_2': '0', 'O2_2': '0', 'O2_1': '0', 'ProbNumber': 'SD7', 'O1_2': '3', 'O1_1': '4', 'EV2': '3', 'EV1': '3.2', 'ProbType': 'SD', 'P2_1': '0.2'}
191.3226 	DATA 	Trial Onset - ProblemType: SD, ProblemNumber: SD7, leftRight: 1, samplingDur: 16, assignedITI: 1.5734
191.3226 	DATA 	Sampling Onset
191.9052 	DATA 	Keypress: 1
191.9214 	EXP 	unnamed TextStim: text = '+3'
192.4299 	DATA 	Sampled Response: 2, Outcome Shown: 0
192.4302 	DATA 	Keypress: 2
192.5896 	DATA 	Keypress: 2
192.6217 	EXP 	unnamed TextStim: text = '+4'
193.1355 	DATA 	Sampled Response: 1, Outcome Shown: +3
193.1358 	DATA 	Keypress: 2
193.1361 	DATA 	Keypress: 2
193.1413 	DATA 	Keypress: 2
193.1715 	EXP 	unnamed TextStim: text = '+4'
193.6833 	DATA 	Sampled Response: 1, Outcome Shown: +3
193.6836 	DATA 	Keypress: 2
193.6838 	DATA 	Keypress: 2
193.6849 	DATA 	Keypress: 2
193.7049 	EXP 	unnamed TextStim: text = '+4'
194.2019 	DATA 	Sampled Response: 1, Outcome Shown: +3
194.2022 	DATA 	Keypress: 2
194.2884 	DATA 	Keypress: 1
194.3044 	EXP 	unnamed TextStim: text = '+3'
194.8118 	DATA 	Sampled Response: 2, Outcome Shown: +4
194.8121 	DATA 	Keypress: 1
194.8123 	DATA 	Keypress: 1
194.8548 	DATA 	Keypress: 1
194.8711 	EXP 	unnamed TextStim: text = '+3'
195.3764 	DATA 	Sampled Response: 2, Outcome Shown: 0
195.3767 	DATA 	Keypress: 1
195.3769 	DATA 	Keypress: 1
195.3890 	DATA 	Keypress: 1
195.4211 	EXP 	unnamed TextStim: text = '+3'
195.9253 	DATA 	Sampled Response: 2, Outcome Shown: +4
195.9257 	DATA 	Keypress: 1
195.9259 	DATA 	Keypress: 1
196.1713 	DATA 	Keypress: 1
196.1875 	EXP 	unnamed TextStim: text = '+3'
196.6953 	DATA 	Sampled Response: 2, Outcome Shown: +4
196.6956 	DATA 	Keypress: 1
196.7881 	DATA 	Keypress: 2
196.8044 	EXP 	unnamed TextStim: text = '+4'
197.3066 	DATA 	Sampled Response: 1, Outcome Shown: +3
197.3069 	DATA 	Keypress: 2
197.3071 	DATA 	Keypress: 2
206.8368 	DATA 	** broke sampling loop (<.5s left in trial) **
206.8375 	DATA 	samplingCount: 9
206.8375 	DATA 	Think Onset
206.8533 	EXP 	unnamed Rect: lineColor = 'white (named)'
206.8533 	EXP 	unnamed Rect: lineColor = 'white (named)'
209.8697 	DATA 	Decide Onset
210.5407 	DATA 	Keypress: 2
210.5407 	DATA 	Decision Button Press: ['2']
210.5408 	DATA 	Decision Response: 1
210.5444 	EXP 	unnamed Rect: lineColor = 'red (named)'
211.0642 	DATA 	ITI Onset
211.0675 	EXP 	unnamed Rect: lineColor = 'white (named)'
211.0675 	EXP 	unnamed Rect: lineColor = 'white (named)'
211.0675 	EXP 	unnamed TextStim: text = '+3'
211.0675 	EXP 	unnamed TextStim: text = '+4'
214.1529 	DATA 	Trial End Time - totalITI: 3.08805541944
214.1531 	EXP 	New trial (rep=0, index=9): {'P1_1': '0.9', 'P1_2': '0.7', 'SafeOption': '1', 'P2_2': '0.3', 'O2_2': '25', 'O2_1': '15', 'ProbNumber': 'RR10', 'O1_2': '-3', 'O1_1': '5', 'EV2': '5.4', 'EV1': '6', 'ProbType': 'RR', 'P2_1': '0.1'}
214.1532 	DATA 	Trial Onset - ProblemType: RR, ProblemNumber: RR10, leftRight: 1, samplingDur: 17, assignedITI: 2.5575
214.1532 	DATA 	Sampling Onset
214.9859 	DATA 	Keypress: 2
215.0024 	EXP 	unnamed TextStim: text = '+5'
215.5106 	DATA 	Sampled Response: 1, Outcome Shown: -3
215.6025 	DATA 	Keypress: 2
215.6190 	EXP 	unnamed TextStim: text = '+5'
216.1109 	DATA 	Sampled Response: 1, Outcome Shown: -3
216.1112 	DATA 	Keypress: 2
216.1115 	DATA 	Keypress: 2
216.3025 	DATA 	Keypress: 2
216.3187 	EXP 	unnamed TextStim: text = '+5'
216.8275 	DATA 	Sampled Response: 1, Outcome Shown: -3
216.8278 	DATA 	Keypress: 2
216.9024 	DATA 	Keypress: 1
216.9188 	EXP 	unnamed TextStim: text = '-3'
217.4222 	DATA 	Sampled Response: 2, Outcome Shown: +5
217.4225 	DATA 	Keypress: 1
217.4227 	DATA 	Keypress: 1
217.6191 	DATA 	Keypress: 1
217.6354 	EXP 	unnamed TextStim: text = '-3'
218.1444 	DATA 	Sampled Response: 2, Outcome Shown: +5
218.1447 	DATA 	Keypress: 1
218.1450 	DATA 	Keypress: 1
218.2523 	DATA 	Keypress: 1
218.2686 	EXP 	unnamed TextStim: text = '-3'
218.7591 	DATA 	Sampled Response: 2, Outcome Shown: +5
218.7594 	DATA 	Keypress: 2
218.8189 	DATA 	Keypress: 2
218.8352 	EXP 	unnamed TextStim: text = '+5'
219.3369 	DATA 	Sampled Response: 1, Outcome Shown: -3
219.3372 	DATA 	Keypress: 2
219.3375 	DATA 	Keypress: 2
219.4019 	DATA 	Keypress: 2
219.4186 	EXP 	unnamed TextStim: text = '+5'
219.9335 	DATA 	Sampled Response: 1, Outcome Shown: -3
219.9338 	DATA 	Keypress: 2
220.0021 	DATA 	Keypress: 2
220.0182 	EXP 	unnamed TextStim: text = '+5'
220.5288 	DATA 	Sampled Response: 1, Outcome Shown: -3
220.5291 	DATA 	Keypress: 2
220.5293 	DATA 	Keypress: 1
220.6518 	DATA 	Keypress: 1
220.6683 	EXP 	unnamed TextStim: text = '-3'
221.1569 	DATA 	Sampled Response: 2, Outcome Shown: +5
221.1572 	DATA 	Keypress: 1
221.1575 	DATA 	Keypress: 1
221.2853 	DATA 	Keypress: 1
221.3016 	EXP 	unnamed TextStim: text = '-3'
221.8130 	DATA 	Sampled Response: 2, Outcome Shown: +5
221.8133 	DATA 	Keypress: 1
221.8136 	DATA 	Keypress: 1
225.9683 	DATA 	Keypress: 2
225.9843 	EXP 	unnamed TextStim: text = '+5'
226.4854 	DATA 	Sampled Response: 1, Outcome Shown: -3
226.8013 	DATA 	Keypress: 2
226.8177 	EXP 	unnamed TextStim: text = '+5'
227.3177 	DATA 	Sampled Response: 1, Outcome Shown: -3
227.8510 	DATA 	Keypress: 2
227.8674 	EXP 	unnamed TextStim: text = '+5'
228.3680 	DATA 	Sampled Response: 1, Outcome Shown: +25
229.6508 	DATA 	Keypress: 2
229.6672 	EXP 	unnamed TextStim: text = '+15'
230.1710 	DATA 	Sampled Response: 1, Outcome Shown: +25
230.6675 	DATA 	** broke sampling loop (<.5s left in trial) **
230.6681 	DATA 	samplingCount: 15
230.6681 	DATA 	Think Onset
230.6839 	EXP 	unnamed Rect: lineColor = 'white (named)'
230.6839 	EXP 	unnamed Rect: lineColor = 'white (named)'
233.7002 	DATA 	Decide Onset
234.2687 	DATA 	Keypress: 2
234.2689 	DATA 	Decision Button Press: ['2']
234.2689 	DATA 	Decision Response: 1
234.2722 	EXP 	unnamed Rect: lineColor = 'red (named)'
234.7885 	DATA 	ITI Onset
234.7919 	EXP 	unnamed Rect: lineColor = 'white (named)'
234.7919 	EXP 	unnamed Rect: lineColor = 'white (named)'
234.7919 	EXP 	unnamed TextStim: text = '-3'
234.7919 	EXP 	unnamed TextStim: text = '+15'
238.9667 	DATA 	Trial End Time - totalITI: 4.17444355942
238.9669 	EXP 	New trial (rep=0, index=10): {'P1_1': '0.1', 'P1_2': '1', 'SafeOption': '2', 'P2_2': '0', 'O2_2': '0', 'O2_1': '0', 'ProbNumber': 'SD10', 'O1_2': '3', 'O1_1': '32', 'EV2': '3', 'EV1': '3.2', 'ProbType': 'SD', 'P2_1': '0.9'}
238.9670 	DATA 	Trial Onset - ProblemType: SD, ProblemNumber: SD10, leftRight: 1, samplingDur: 15, assignedITI: 4.6191
238.9670 	DATA 	Sampling Onset
239.5163 	DATA 	Keypress: 2
239.5327 	EXP 	unnamed TextStim: text = '0'
240.0341 	DATA 	Sampled Response: 1, Outcome Shown: +3
241.1162 	DATA 	Keypress: 1
241.1326 	EXP 	unnamed TextStim: text = '+3'
241.6341 	DATA 	Sampled Response: 2, Outcome Shown: 0
243.6825 	DATA 	Keypress: 2
243.6989 	EXP 	unnamed TextStim: text = '0'
244.2039 	DATA 	Sampled Response: 1, Outcome Shown: +3
245.0492 	DATA 	Keypress: 2
245.0656 	EXP 	unnamed TextStim: text = '0'
245.5684 	DATA 	Sampled Response: 1, Outcome Shown: +3
245.5686 	DATA 	Keypress: 1
245.6487 	DATA 	Keypress: 1
245.6651 	EXP 	unnamed TextStim: text = '+3'
246.1646 	DATA 	Sampled Response: 2, Outcome Shown: 0
246.1648 	DATA 	Keypress: 2
246.1651 	DATA 	Keypress: 1
246.2658 	DATA 	Keypress: 2
246.2821 	EXP 	unnamed TextStim: text = '0'
246.7904 	DATA 	Sampled Response: 1, Outcome Shown: +3
246.7906 	DATA 	Keypress: 1
246.7910 	DATA 	Keypress: 1
246.8489 	DATA 	Keypress: 2
246.8651 	EXP 	unnamed TextStim: text = '0'
247.3721 	DATA 	Sampled Response: 1, Outcome Shown: +3
247.3723 	DATA 	Keypress: 1
247.3726 	DATA 	Keypress: 1
247.3959 	DATA 	Keypress: 1
247.4152 	EXP 	unnamed TextStim: text = '+3'
247.9082 	DATA 	Sampled Response: 2, Outcome Shown: 0
247.9085 	DATA 	Keypress: 2
253.4813 	DATA 	** broke sampling loop (<.5s left in trial) **
253.4819 	DATA 	samplingCount: 8
253.4819 	DATA 	Think Onset
253.4978 	EXP 	unnamed Rect: lineColor = 'white (named)'
253.4978 	EXP 	unnamed Rect: lineColor = 'white (named)'
256.5143 	DATA 	Decide Onset
256.7967 	DATA 	Keypress: 1
256.7968 	DATA 	Decision Button Press: ['1']
256.7969 	DATA 	Decision Response: 2
256.8006 	EXP 	unnamed Rect: lineColor = 'red (named)'
257.3184 	DATA 	ITI Onset
257.3217 	EXP 	unnamed Rect: lineColor = 'white (named)'
257.3217 	EXP 	unnamed Rect: lineColor = 'white (named)'
257.3217 	EXP 	unnamed TextStim: text = '+3'
257.3217 	EXP 	unnamed TextStim: text = '0'
263.8469 	DATA 	Trial End Time - totalITI: 6.5221852139
263.8471 	EXP 	New trial (rep=0, index=11): {'P1_1': '0.8', 'P1_2': '0.3', 'SafeOption': '1', 'P2_2': '0.7', 'O2_2': '40', 'O2_1': '33', 'ProbNumber': 'RR12', 'O1_2': '-25', 'O1_1': '18', 'EV2': '20.5', 'EV1': '21', 'ProbType': 'RR', 'P2_1': '0.2'}
263.8472 	DATA 	Trial Onset - ProblemType: RR, ProblemNumber: RR12, leftRight: 0, samplingDur: 17, assignedITI: 1.8808
263.8472 	DATA 	Sampling Onset
264.5467 	DATA 	Keypress: 1
264.5632 	EXP 	unnamed TextStim: text = '+18'
265.0752 	DATA 	Sampled Response: 1, Outcome Shown: +18
265.0755 	DATA 	Keypress: 1
265.1467 	DATA 	Keypress: 1
265.1633 	EXP 	unnamed TextStim: text = '+33'
265.6706 	DATA 	Sampled Response: 1, Outcome Shown: +33
265.6709 	DATA 	Keypress: 1
265.6711 	DATA 	Keypress: 1
265.9135 	DATA 	Keypress: 1
265.9298 	EXP 	unnamed TextStim: text = '+18'
266.4393 	DATA 	Sampled Response: 1, Outcome Shown: +18
266.4396 	DATA 	Keypress: 1
266.4398 	DATA 	Keypress: 2
266.7971 	DATA 	Keypress: 2
266.8129 	EXP 	unnamed TextStim: text = '-25'
267.3169 	DATA 	Sampled Response: 2, Outcome Shown: -25
267.3172 	DATA 	Keypress: 2
267.3175 	DATA 	Keypress: 2
267.4134 	DATA 	Keypress: 2
267.4296 	EXP 	unnamed TextStim: text = '+40'
267.9285 	DATA 	Sampled Response: 2, Outcome Shown: +40
267.9288 	DATA 	Keypress: 2
267.9290 	DATA 	Keypress: 2
268.0134 	DATA 	Keypress: 2
268.0294 	EXP 	unnamed TextStim: text = '-25'
268.5390 	DATA 	Sampled Response: 2, Outcome Shown: -25
268.5393 	DATA 	Keypress: 2
268.5395 	DATA 	Keypress: 2
268.5397 	DATA 	Keypress: 2
268.6964 	DATA 	Keypress: 2
268.7127 	EXP 	unnamed TextStim: text = '-25'
269.2144 	DATA 	Sampled Response: 2, Outcome Shown: -25
269.2147 	DATA 	Keypress: 1
269.2149 	DATA 	Keypress: 1
269.3795 	DATA 	Keypress: 1
269.3959 	EXP 	unnamed TextStim: text = '+18'
269.9040 	DATA 	Sampled Response: 1, Outcome Shown: +18
269.9043 	DATA 	Keypress: 1
269.9046 	DATA 	Keypress: 1
269.9464 	DATA 	Keypress: 1
269.9625 	EXP 	unnamed TextStim: text = '+18'
270.4671 	DATA 	Sampled Response: 1, Outcome Shown: +18
270.4674 	DATA 	Keypress: 1
270.4676 	DATA 	Keypress: 1
270.5125 	DATA 	Keypress: 1
270.5290 	EXP 	unnamed TextStim: text = '+18'
271.0332 	DATA 	Sampled Response: 1, Outcome Shown: +18
271.0335 	DATA 	Keypress: 1
271.0627 	DATA 	Keypress: 1
271.0789 	EXP 	unnamed TextStim: text = '+18'
271.5824 	DATA 	Sampled Response: 1, Outcome Shown: +18
271.5827 	DATA 	Keypress: 1
271.8627 	DATA 	Keypress: 1
271.8790 	EXP 	unnamed TextStim: text = '+33'
272.3824 	DATA 	Sampled Response: 1, Outcome Shown: +33
272.3827 	DATA 	Keypress: 1
272.4459 	DATA 	Keypress: 1
272.4623 	EXP 	unnamed TextStim: text = '+18'
272.9617 	DATA 	Sampled Response: 1, Outcome Shown: +18
280.3615 	DATA 	** broke sampling loop (<.5s left in trial) **
280.3622 	DATA 	samplingCount: 13
280.3622 	DATA 	Think Onset
280.3781 	EXP 	unnamed Rect: lineColor = 'white (named)'
280.3781 	EXP 	unnamed Rect: lineColor = 'white (named)'
283.3945 	DATA 	Decide Onset
284.0366 	DATA 	Keypress: 1
284.0367 	DATA 	Decision Button Press: ['1']
284.0367 	DATA 	Decision Response: 1
284.0402 	EXP 	unnamed Rect: lineColor = 'red (named)'
284.5582 	DATA 	ITI Onset
284.5615 	EXP 	unnamed Rect: lineColor = 'white (named)'
284.5615 	EXP 	unnamed Rect: lineColor = 'white (named)'
284.5615 	EXP 	unnamed TextStim: text = '+18'
284.5615 	EXP 	unnamed TextStim: text = '-25'
287.9944 	DATA 	Trial End Time - totalITI: 3.42416175211
287.9946 	EXP 	New trial (rep=0, index=12): {'P1_1': '0.1', 'P1_2': '1', 'SafeOption': '2', 'P2_2': '0', 'O2_2': '0', 'O2_1': '-5', 'ProbNumber': 'MD5', 'O1_2': '-4', 'O1_1': '25', 'EV2': '-4', 'EV1': '-2', 'ProbType': 'MD', 'P2_1': '0.9'}
287.9947 	DATA 	Trial Onset - ProblemType: MD, ProblemNumber: MD5, leftRight: 0, samplingDur: 15, assignedITI: 1.1477
287.9947 	DATA 	Sampling Onset
288.7442 	DATA 	Keypress: 1
288.7603 	EXP 	unnamed TextStim: text = '-5'
289.2554 	DATA 	Sampled Response: 1, Outcome Shown: -5
289.2558 	DATA 	Keypress: 1
289.2560 	DATA 	Keypress: 1
289.4606 	DATA 	Keypress: 1
289.4770 	EXP 	unnamed TextStim: text = '-5'
289.9905 	DATA 	Sampled Response: 1, Outcome Shown: -5
289.9908 	DATA 	Keypress: 1
289.9910 	DATA 	Keypress: 1
290.1606 	DATA 	Keypress: 1
290.1769 	EXP 	unnamed TextStim: text = '-5'
290.6789 	DATA 	Sampled Response: 1, Outcome Shown: -5
290.6792 	DATA 	Keypress: 1
290.6795 	DATA 	Keypress: 2
290.8273 	DATA 	Keypress: 2
290.8436 	EXP 	unnamed TextStim: text = '-4'
291.3529 	DATA 	Sampled Response: 2, Outcome Shown: -4
291.3532 	DATA 	Keypress: 2
291.3535 	DATA 	Keypress: 2
291.4102 	DATA 	Keypress: 2
291.4267 	EXP 	unnamed TextStim: text = '-4'
291.9209 	DATA 	Sampled Response: 2, Outcome Shown: -4
292.3270 	DATA 	Keypress: 2
292.3433 	EXP 	unnamed TextStim: text = '-4'
292.8444 	DATA 	Sampled Response: 2, Outcome Shown: -4
292.8447 	DATA 	Keypress: 2
293.7435 	DATA 	Keypress: 2
293.7599 	EXP 	unnamed TextStim: text = '-4'
294.2702 	DATA 	Sampled Response: 2, Outcome Shown: -4
295.0609 	DATA 	Keypress: 2
295.0932 	EXP 	unnamed TextStim: text = '-4'
295.5958 	DATA 	Sampled Response: 2, Outcome Shown: -4
295.5962 	DATA 	Keypress: 2
295.5964 	DATA 	Keypress: 2
295.9099 	DATA 	Keypress: 2
295.9262 	EXP 	unnamed TextStim: text = '-4'
296.4338 	DATA 	Sampled Response: 2, Outcome Shown: -4
296.4381 	DATA 	Keypress: 2
296.4565 	EXP 	unnamed TextStim: text = '-4'
296.9675 	DATA 	Sampled Response: 2, Outcome Shown: -4
298.5927 	DATA 	Keypress: 2
298.6092 	EXP 	unnamed TextStim: text = '-4'
299.1152 	DATA 	Sampled Response: 2, Outcome Shown: -4
299.1157 	DATA 	Keypress: 2
299.1161 	DATA 	Keypress: 2
299.2094 	DATA 	Keypress: 2
299.2258 	EXP 	unnamed TextStim: text = '-4'
299.7260 	DATA 	Sampled Response: 2, Outcome Shown: -4
299.7263 	DATA 	Keypress: 2
299.7265 	DATA 	Keypress: 2
299.8094 	DATA 	Keypress: 2
299.8258 	EXP 	unnamed TextStim: text = '-4'
300.3376 	DATA 	Sampled Response: 2, Outcome Shown: -4
300.3379 	DATA 	Keypress: 2
300.3757 	DATA 	Keypress: 2
300.3924 	EXP 	unnamed TextStim: text = '-4'
300.9002 	DATA 	Sampled Response: 2, Outcome Shown: -4
300.9005 	DATA 	Keypress: 1
300.9007 	DATA 	Keypress: 1
301.0759 	DATA 	Keypress: 1
301.0923 	EXP 	unnamed TextStim: text = '+25'
301.5938 	DATA 	Sampled Response: 1, Outcome Shown: +25
301.5941 	DATA 	Keypress: 1
301.5943 	DATA 	Keypress: 1
301.6592 	DATA 	Keypress: 1
301.6757 	EXP 	unnamed TextStim: text = '-5'
302.1899 	DATA 	Sampled Response: 1, Outcome Shown: -5
302.1902 	DATA 	Keypress: 1
302.4423 	DATA 	Keypress: 1
302.4589 	EXP 	unnamed TextStim: text = '-5'
302.9569 	DATA 	Sampled Response: 1, Outcome Shown: -5
302.9572 	DATA 	Keypress: 1
302.9574 	DATA 	Keypress: 1
302.9575 	DATA 	** broke sampling loop (<.5s left in trial) **
302.9581 	DATA 	samplingCount: 17
302.9581 	DATA 	Think Onset
302.9614 	EXP 	unnamed Rect: lineColor = 'white (named)'
302.9614 	EXP 	unnamed Rect: lineColor = 'white (named)'
303.0931 	DATA 	Keypress: 1
305.9753 	DATA 	Decide Onset
306.2126 	DATA 	Keypress: 1
306.2127 	DATA 	Decision Button Press: ['1']
306.2127 	DATA 	Decision Response: 1
306.2161 	EXP 	unnamed Rect: lineColor = 'red (named)'
306.7288 	DATA 	ITI Onset
306.7321 	EXP 	unnamed Rect: lineColor = 'white (named)'
306.7321 	EXP 	unnamed Rect: lineColor = 'white (named)'
306.7321 	EXP 	unnamed TextStim: text = '-5'
306.7321 	EXP 	unnamed TextStim: text = '-4'
309.3920 	DATA 	Trial End Time - totalITI: 2.64745985922
309.3922 	EXP 	New trial (rep=0, index=13): {'P1_1': '0.9', 'P1_2': '1', 'SafeOption': '2', 'P2_2': '0', 'O2_2': '0', 'O2_1': '-10', 'ProbNumber': 'MD8', 'O1_2': '3', 'O1_1': '5', 'EV2': '3', 'EV1': '3.5', 'ProbType': 'MD', 'P2_1': '0.1'}
309.3923 	DATA 	Trial Onset - ProblemType: MD, ProblemNumber: MD8, leftRight: 0, samplingDur: 18, assignedITI: 1.1749
309.3923 	DATA 	Sampling Onset
310.2750 	DATA 	Keypress: 1
310.2911 	EXP 	unnamed TextStim: text = '+5'
310.7971 	DATA 	Sampled Response: 1, Outcome Shown: +5
310.7974 	DATA 	Keypress: 1
310.9750 	DATA 	Keypress: 1
310.9912 	EXP 	unnamed TextStim: text = '+5'
311.5019 	DATA 	Sampled Response: 1, Outcome Shown: +5
311.5022 	DATA 	Keypress: 1
311.5025 	DATA 	Keypress: 1
311.7413 	DATA 	Keypress: 1
311.7579 	EXP 	unnamed TextStim: text = '+5'
312.2713 	DATA 	Sampled Response: 1, Outcome Shown: +5
312.2717 	DATA 	Keypress: 1
312.2719 	DATA 	Keypress: 1
312.5415 	DATA 	Keypress: 2
312.5577 	EXP 	unnamed TextStim: text = '+3'
313.0695 	DATA 	Sampled Response: 2, Outcome Shown: +3
313.0698 	DATA 	Keypress: 2
313.0700 	DATA 	Keypress: 2
313.2911 	DATA 	Keypress: 2
313.3076 	EXP 	unnamed TextStim: text = '+3'
313.8088 	DATA 	Sampled Response: 2, Outcome Shown: +3
313.8091 	DATA 	Keypress: 2
313.8093 	DATA 	Keypress: 2
313.9244 	DATA 	Keypress: 2
313.9406 	EXP 	unnamed TextStim: text = '+3'
314.4498 	DATA 	Sampled Response: 2, Outcome Shown: +3
314.4501 	DATA 	Keypress: 2
314.4504 	DATA 	Keypress: 2
314.5078 	DATA 	Keypress: 2
314.5240 	EXP 	unnamed TextStim: text = '+3'
315.0311 	DATA 	Sampled Response: 2, Outcome Shown: +3
315.0314 	DATA 	Keypress: 2
315.0316 	DATA 	Keypress: 2
315.1243 	DATA 	Keypress: 1
315.1407 	EXP 	unnamed TextStim: text = '+5'
315.6421 	DATA 	Sampled Response: 1, Outcome Shown: +5
315.6424 	DATA 	Keypress: 1
315.6426 	DATA 	Keypress: 1
315.7253 	DATA 	Keypress: 1
315.7572 	EXP 	unnamed TextStim: text = '+5'
316.2683 	DATA 	Sampled Response: 1, Outcome Shown: +5
316.2686 	DATA 	Keypress: 1
316.2688 	DATA 	Keypress: 1
316.3239 	DATA 	Keypress: 1
316.3406 	EXP 	unnamed TextStim: text = '+5'
316.8496 	DATA 	Sampled Response: 1, Outcome Shown: +5
316.8498 	DATA 	Keypress: 1
316.8501 	DATA 	Keypress: 1
317.0408 	DATA 	Keypress: 2
317.0571 	EXP 	unnamed TextStim: text = '+3'
317.5706 	DATA 	Sampled Response: 2, Outcome Shown: +3
317.5709 	DATA 	Keypress: 2
317.5711 	DATA 	Keypress: 2
317.7073 	DATA 	Keypress: 2
317.7236 	EXP 	unnamed TextStim: text = '+3'
318.2286 	DATA 	Sampled Response: 2, Outcome Shown: +3
326.9062 	DATA 	** broke sampling loop (<.5s left in trial) **
326.9069 	DATA 	samplingCount: 12
326.9069 	DATA 	Think Onset
326.9226 	EXP 	unnamed Rect: lineColor = 'white (named)'
326.9226 	EXP 	unnamed Rect: lineColor = 'white (named)'
329.9390 	DATA 	Decide Onset
330.4045 	DATA 	Keypress: 1
330.4046 	DATA 	Decision Button Press: ['1']
330.4047 	DATA 	Decision Response: 1
330.4083 	EXP 	unnamed Rect: lineColor = 'red (named)'
330.9212 	DATA 	ITI Onset
330.9247 	EXP 	unnamed Rect: lineColor = 'white (named)'
330.9247 	EXP 	unnamed Rect: lineColor = 'white (named)'
330.9247 	EXP 	unnamed TextStim: text = '+5'
330.9247 	EXP 	unnamed TextStim: text = '+3'
333.8224 	DATA 	Trial End Time - totalITI: 2.8952010086
333.8227 	EXP 	New trial (rep=0, index=14): {'P1_1': '0.4', 'P1_2': '1', 'SafeOption': '2', 'P2_2': '0', 'O2_2': '0', 'O2_1': '0', 'ProbNumber': 'SD11', 'O1_2': '8', 'O1_1': '22', 'EV2': '8', 'EV1': '8.8', 'ProbType': 'SD', 'P2_1': '0.6'}
333.8228 	DATA 	Trial Onset - ProblemType: SD, ProblemNumber: SD11, leftRight: 1, samplingDur: 15, assignedITI: 1.0887
333.8228 	DATA 	Sampling Onset
338.8883 	DATA 	Keypress: 1
338.9045 	EXP 	unnamed TextStim: text = '+8'
339.4129 	DATA 	Sampled Response: 2, Outcome Shown: 0
339.4132 	DATA 	Keypress: 2
339.4715 	DATA 	Keypress: 2
339.4878 	EXP 	unnamed TextStim: text = '0'
339.9933 	DATA 	Sampled Response: 1, Outcome Shown: +8
339.9936 	DATA 	Keypress: 2
339.9938 	DATA 	Keypress: 2
339.9940 	DATA 	Keypress: 2
340.1548 	DATA 	Keypress: 2
340.1710 	EXP 	unnamed TextStim: text = '+22'
340.6698 	DATA 	Sampled Response: 1, Outcome Shown: +8
340.6701 	DATA 	Keypress: 2
340.6703 	DATA 	Keypress: 2
346.8539 	DATA 	Keypress: 1
346.8702 	EXP 	unnamed TextStim: text = '+8'
347.3774 	DATA 	Sampled Response: 2, Outcome Shown: 0
347.3777 	DATA 	Keypress: 1
347.3780 	DATA 	Keypress: 1
348.3368 	DATA 	** broke sampling loop (<.5s left in trial) **
348.3375 	DATA 	samplingCount: 4
348.3375 	DATA 	Think Onset
348.3536 	EXP 	unnamed Rect: lineColor = 'white (named)'
348.3536 	EXP 	unnamed Rect: lineColor = 'white (named)'
351.3699 	DATA 	Decide Onset
351.6527 	DATA 	Keypress: 2
351.6527 	DATA 	Decision Button Press: ['2']
351.6528 	DATA 	Decision Response: 1
351.6562 	EXP 	unnamed Rect: lineColor = 'red (named)'
352.1693 	DATA 	ITI Onset
352.1726 	EXP 	unnamed Rect: lineColor = 'white (named)'
352.1726 	EXP 	unnamed Rect: lineColor = 'white (named)'
352.1726 	EXP 	unnamed TextStim: text = '+8'
352.1726 	EXP 	unnamed TextStim: text = '+22'
355.1699 	DATA 	Trial End Time - totalITI: 2.99169988054
355.1701 	EXP 	New trial (rep=0, index=15): {'P1_1': '0.8', 'P1_2': '0.6', 'SafeOption': '1', 'P2_2': '0.4', 'O2_2': '18', 'O2_1': '10', 'ProbNumber': 'RR9', 'O1_2': '-4', 'O1_1': '2', 'EV2': '4.8', 'EV1': '3.6', 'ProbType': 'RR', 'P2_1': '0.2'}
355.1702 	DATA 	Trial Onset - ProblemType: RR, ProblemNumber: RR9, leftRight: 0, samplingDur: 16, assignedITI: 1.0098
355.1702 	DATA 	Sampling Onset
357.0861 	DATA 	Keypress: 1
357.1024 	EXP 	unnamed TextStim: text = '+2'
357.6008 	DATA 	Sampled Response: 1, Outcome Shown: +2
357.6011 	DATA 	Keypress: 1
357.6014 	DATA 	Keypress: 1
357.6694 	DATA 	Keypress: 1
357.6858 	EXP 	unnamed TextStim: text = '+2'
358.1977 	DATA 	Sampled Response: 1, Outcome Shown: +2
358.1980 	DATA 	Keypress: 1
358.1983 	DATA 	Keypress: 1
358.1985 	DATA 	Keypress: 1
358.3359 	DATA 	Keypress: 1
358.3522 	EXP 	unnamed TextStim: text = '+2'
358.8564 	DATA 	Sampled Response: 1, Outcome Shown: +2
358.8567 	DATA 	Keypress: 1
358.8569 	DATA 	Keypress: 1
358.8571 	DATA 	Keypress: 1
359.0526 	DATA 	Keypress: 2
359.0688 	EXP 	unnamed TextStim: text = '-4'
359.5776 	DATA 	Sampled Response: 2, Outcome Shown: -4
359.5779 	DATA 	Keypress: 2
359.5782 	DATA 	Keypress: 2
359.6188 	DATA 	Keypress: 2
359.6352 	EXP 	unnamed TextStim: text = '-4'
360.1404 	DATA 	Sampled Response: 2, Outcome Shown: -4
360.1407 	DATA 	Keypress: 2
360.1409 	DATA 	Keypress: 2
360.1411 	DATA 	Keypress: 2
360.3193 	DATA 	Keypress: 2
360.3355 	EXP 	unnamed TextStim: text = '-4'
360.8486 	DATA 	Sampled Response: 2, Outcome Shown: -4
360.8489 	DATA 	Keypress: 2
360.8492 	DATA 	Keypress: 2
370.6845 	DATA 	** broke sampling loop (<.5s left in trial) **
370.6851 	DATA 	samplingCount: 6
370.6851 	DATA 	Think Onset
370.7010 	EXP 	unnamed Rect: lineColor = 'white (named)'
370.7010 	EXP 	unnamed Rect: lineColor = 'white (named)'
373.5013 	DATA 	Keypress: 1
373.7173 	DATA 	Decide Onset
373.9486 	DATA 	Keypress: 1
373.9487 	DATA 	Decision Button Press: ['1']
373.9488 	DATA 	Decision Response: 1
373.9523 	EXP 	unnamed Rect: lineColor = 'red (named)'
374.4637 	DATA 	ITI Onset
374.4670 	EXP 	unnamed Rect: lineColor = 'white (named)'
374.4670 	EXP 	unnamed Rect: lineColor = 'white (named)'
374.4670 	EXP 	unnamed TextStim: text = '+2'
374.4670 	EXP 	unnamed TextStim: text = '-4'
377.4339 	DATA 	Trial End Time - totalITI: 2.96405080396
377.4342 	EXP 	New trial (rep=0, index=16): {'P1_1': '0.2', 'P1_2': '1', 'SafeOption': '2', 'P2_2': '0', 'O2_2': '0', 'O2_1': '0', 'ProbNumber': 'SD3', 'O1_2': '-7', 'O1_1': '-34', 'EV2': '-7', 'EV1': '-6.8', 'ProbType': 'SD', 'P2_1': '0.8'}
377.4342 	DATA 	Trial Onset - ProblemType: SD, ProblemNumber: SD3, leftRight: 0, samplingDur: 15, assignedITI: 1.3975
377.4343 	DATA 	Sampling Onset
378.3503 	DATA 	Keypress: 1
378.3667 	EXP 	unnamed TextStim: text = '0'
378.8801 	DATA 	Sampled Response: 1, Outcome Shown: 0
378.9668 	DATA 	Keypress: 1
378.9829 	EXP 	unnamed TextStim: text = '0'
379.4916 	DATA 	Sampled Response: 1, Outcome Shown: 0
379.4920 	DATA 	Keypress: 1
379.5834 	DATA 	Keypress: 1
379.5998 	EXP 	unnamed TextStim: text = '-34'
380.0883 	DATA 	Sampled Response: 1, Outcome Shown: -34
380.2667 	DATA 	Keypress: 1
380.2830 	EXP 	unnamed TextStim: text = '0'
380.7924 	DATA 	Sampled Response: 1, Outcome Shown: 0
380.7927 	DATA 	Keypress: 2
380.9333 	DATA 	Keypress: 2
380.9496 	EXP 	unnamed TextStim: text = '-7'
381.4509 	DATA 	Sampled Response: 2, Outcome Shown: -7
381.4512 	DATA 	Keypress: 2
381.4515 	DATA 	Keypress: 2
381.5173 	DATA 	Keypress: 2
381.5497 	EXP 	unnamed TextStim: text = '-7'
382.0631 	DATA 	Sampled Response: 2, Outcome Shown: -7
382.0634 	DATA 	Keypress: 2
382.0636 	DATA 	Keypress: 2
382.1497 	DATA 	Keypress: 2
382.1660 	EXP 	unnamed TextStim: text = '-7'
382.6742 	DATA 	Sampled Response: 2, Outcome Shown: -7
382.6745 	DATA 	Keypress: 2
382.6747 	DATA 	Keypress: 2
382.6749 	DATA 	Keypress: 2
382.8666 	DATA 	Keypress: 2
382.8831 	EXP 	unnamed TextStim: text = '-7'
383.3956 	DATA 	Sampled Response: 2, Outcome Shown: -7
383.3959 	DATA 	Keypress: 2
383.3962 	DATA 	Keypress: 2
383.3969 	DATA 	Keypress: 2
383.5832 	DATA 	Keypress: 2
383.5994 	EXP 	unnamed TextStim: text = '-7'
384.1003 	DATA 	Sampled Response: 2, Outcome Shown: -7
384.1006 	DATA 	Keypress: 2
384.1008 	DATA 	Keypress: 2
384.1010 	DATA 	Keypress: 2
384.2494 	DATA 	Keypress: 2
384.2657 	EXP 	unnamed TextStim: text = '-7'
384.7759 	DATA 	Sampled Response: 2, Outcome Shown: -7
384.7762 	DATA 	Keypress: 2
384.7765 	DATA 	Keypress: 2
384.7807 	DATA 	Keypress: 2
384.7992 	EXP 	unnamed TextStim: text = '-7'
385.2945 	DATA 	Sampled Response: 2, Outcome Shown: -7
385.2948 	DATA 	Keypress: 2
391.9486 	DATA 	** broke sampling loop (<.5s left in trial) **
391.9493 	DATA 	samplingCount: 11
391.9493 	DATA 	Think Onset
391.9652 	EXP 	unnamed Rect: lineColor = 'white (named)'
391.9652 	EXP 	unnamed Rect: lineColor = 'white (named)'
394.9817 	DATA 	Decide Onset
395.3405 	DATA 	Keypress: 1
395.3406 	DATA 	Decision Button Press: ['1']
395.3406 	DATA 	Decision Response: 1
395.3442 	EXP 	unnamed Rect: lineColor = 'red (named)'
395.8523 	DATA 	ITI Onset
395.8555 	EXP 	unnamed Rect: lineColor = 'white (named)'
395.8555 	EXP 	unnamed Rect: lineColor = 'white (named)'
395.8555 	EXP 	unnamed TextStim: text = '0'
395.8555 	EXP 	unnamed TextStim: text = '-7'
399.0814 	DATA 	Trial End Time - totalITI: 3.22405676529
399.0816 	EXP 	New trial (rep=0, index=17): {'P1_1': '0.5', 'P1_2': '0.4', 'SafeOption': '1', 'P2_2': '0.6', 'O2_2': '50', 'O2_1': '30', 'ProbNumber': 'RR8', 'O1_2': '-15', 'O1_1': '14', 'EV2': '24', 'EV1': '22', 'ProbType': 'RR', 'P2_1': '0.5'}
399.0817 	DATA 	Trial Onset - ProblemType: RR, ProblemNumber: RR8, leftRight: 0, samplingDur: 19, assignedITI: 3.6695
399.0817 	DATA 	Sampling Onset
399.7980 	DATA 	Keypress: 1
399.8141 	EXP 	unnamed TextStim: text = '+30'
400.3129 	DATA 	Sampled Response: 1, Outcome Shown: +30
400.3132 	DATA 	Keypress: 1
400.5810 	DATA 	Keypress: 1
400.5973 	EXP 	unnamed TextStim: text = '+14'
401.0841 	DATA 	Sampled Response: 1, Outcome Shown: +14
401.0844 	DATA 	Keypress: 1
401.4811 	DATA 	Keypress: 2
401.4971 	EXP 	unnamed TextStim: text = '-15'
402.0066 	DATA 	Sampled Response: 2, Outcome Shown: -15
402.0069 	DATA 	Keypress: 2
402.6141 	DATA 	Keypress: 2
402.6304 	EXP 	unnamed TextStim: text = '+50'
403.1350 	DATA 	Sampled Response: 2, Outcome Shown: +50
412.9796 	DATA 	Keypress: 2
412.9960 	EXP 	unnamed TextStim: text = '+50'
413.5016 	DATA 	Sampled Response: 2, Outcome Shown: +50
413.5019 	DATA 	Keypress: 2
413.6795 	DATA 	Keypress: 2
413.6959 	EXP 	unnamed TextStim: text = '+50'
414.2061 	DATA 	Sampled Response: 2, Outcome Shown: +50
414.2064 	DATA 	Keypress: 2
414.2066 	DATA 	Keypress: 2
414.2460 	DATA 	Keypress: 2
414.2621 	EXP 	unnamed TextStim: text = '-15'
414.7695 	DATA 	Sampled Response: 2, Outcome Shown: -15
414.7698 	DATA 	Keypress: 2
414.7701 	DATA 	Keypress: 2
414.9292 	DATA 	Keypress: 2
414.9454 	EXP 	unnamed TextStim: text = '+50'
415.4456 	DATA 	Sampled Response: 2, Outcome Shown: +50
415.4459 	DATA 	Keypress: 2
415.5291 	DATA 	Keypress: 2
415.5456 	EXP 	unnamed TextStim: text = '+50'
416.0560 	DATA 	Sampled Response: 2, Outcome Shown: +50
416.0564 	DATA 	Keypress: 2
416.0566 	DATA 	Keypress: 2
416.1790 	DATA 	Keypress: 2
416.1954 	EXP 	unnamed TextStim: text = '-15'
416.6841 	DATA 	Sampled Response: 2, Outcome Shown: -15
416.6844 	DATA 	Keypress: 2
417.5456 	DATA 	Keypress: 1
417.5622 	EXP 	unnamed TextStim: text = '+14'
418.0510 	DATA 	Sampled Response: 1, Outcome Shown: +14
418.0512 	DATA 	** broke sampling loop (<.5s left in trial) **
418.0519 	DATA 	samplingCount: 11
418.0519 	DATA 	Think Onset
418.0556 	EXP 	unnamed Rect: lineColor = 'white (named)'
418.0556 	EXP 	unnamed Rect: lineColor = 'white (named)'
420.9625 	DATA 	Keypress: 2
421.0787 	DATA 	Decide Onset
421.3085 	DATA 	Keypress: 2
421.3086 	DATA 	Decision Button Press: ['2']
421.3086 	DATA 	Decision Response: 2
421.3121 	EXP 	unnamed Rect: lineColor = 'red (named)'
421.8191 	DATA 	ITI Onset
421.8224 	EXP 	unnamed Rect: lineColor = 'white (named)'
421.8224 	EXP 	unnamed Rect: lineColor = 'white (named)'
421.8224 	EXP 	unnamed TextStim: text = '+14'
421.8224 	EXP 	unnamed TextStim: text = '-15'
426.9946 	DATA 	Trial End Time - totalITI: 5.16999802922
427.0922 	INFO 	saved wide-format data to logs/DE240/DE240_ebdm_run_2.csv
427.0922 	DATA 	*****END RUN 2*****
427.1275 	EXP 	window1: mouseVisible = True
