6.7293 	INFO 	Loaded monitor calibration from ['2018_11_06 15:14']
6.7315 	WARNING 	User requested fullscreen with size [800 600], but screen is actually [1920, 1080]. Using actual size
7.5214 	EXP 	Created window1 = Window(allowGUI=False, allowStencil=False, args=UNKNOWN, autoLog=True, bitsMode=UNKNOWN, blendMode='avg', color='black', colorSpace='named', fullscr=UNKNOWN, gamma=None, kwargs=UNKNOWN, lms=UNKNOWN, monitor=<psychopy.monitors.calibTools.Monitor object at 0x1C73E110>, multiSample=False, name='window1', numSamples=2, pos=[0, 0], screen=0, size=array([1920, 1080]), stereo=False, units='deg', useFBO=False, useRetina=False, viewOri=0.0, viewPos=None, viewScale=None, waitBlanking=True, winType='pyglet')
7.5713 	EXP 	Created unnamed TextStim = TextStim(alignHoriz='center', alignVert='center', antialias=True, autoLog=True, bold=False, color=array([ 1.,  1.,  1.]), colorSpace='rgb', contrast=1.0, depth=0, flipHoriz=False, flipVert=False, font='', fontFiles=[], height=2, italic=False, name='unnamed TextStim', opacity=1.0, ori=0.0, pos=array([ 0.,  0.]), rgb=array([ 1.,  1.,  1.]), text='+', units='deg', win=Window(...), wrapWidth=15.0)
7.6116 	EXP 	Created unnamed TextStim = TextStim(alignHoriz='center', alignVert='center', antialias=True, autoLog=True, bold=False, color=array([ 1.,  1.,  1.]), colorSpace='rgb', contrast=1.0, depth=0, flipHoriz=False, flipVert=False, font='', fontFiles=[], height=1.5, italic=False, name='unnamed TextStim', opacity=1.0, ori=0.0, pos=array([ 0.,  0.]), rgb=array([ 1.,  1.,  1.]), text=newstr(...), units='deg', win=Window(...), wrapWidth=15.0)
7.6285 	EXP 	Created unnamed TextStim = TextStim(alignHoriz='center', alignVert='center', antialias=True, autoLog=True, bold=False, color=array([ 1.,  1.,  1.]), colorSpace='rgb', contrast=1.0, depth=0, flipHoriz=False, flipVert=False, font='', fontFiles=[], height=1.5, italic=False, name='unnamed TextStim', opacity=1.0, ori=0.0, pos=array([ 0.,  0.]), rgb=array([ 1.,  1.,  1.]), text='Waiting for scanner...', units='deg', win=Window(...), wrapWidth=15.0)
7.6492 	EXP 	Created unnamed TextStim = TextStim(alignHoriz='center', alignVert='center', antialias=True, autoLog=True, bold=False, color='white', colorSpace='named', contrast=1.0, depth=0, flipHoriz=False, flipVert=False, font='', fontFiles=[], height=1, italic=False, name='unnamed TextStim', opacity=1.0, ori=0.0, pos=array([ 0.,  0.]), rgb=array([ 255.,  255.,  255.]), text='Press SPACE to continue.', units='deg', win=Window(...), wrapWidth=15.0)
7.6600 	EXP 	Created unnamed TextStim = TextStim(alignHoriz='center', alignVert='center', antialias=True, autoLog=True, bold=False, color=array([ 1.,  1.,  1.]), colorSpace='rgb', contrast=1.0, depth=0, flipHoriz=False, flipVert=False, font='', fontFiles=[], height=0.1, italic=False, name='unnamed TextStim', opacity=1.0, ori=0.0, pos=array([ 0.,  0.]), rgb=array([ 1.,  1.,  1.]), text='THINK', units='norm', win=Window(...), wrapWidth=1)
7.6673 	EXP 	Created unnamed TextStim = TextStim(alignHoriz='center', alignVert='center', antialias=True, autoLog=True, bold=False, color=array([ 1.,  1.,  1.]), colorSpace='rgb', contrast=1.0, depth=0, flipHoriz=False, flipVert=False, font='', fontFiles=[], height=0.1, italic=False, name='unnamed TextStim', opacity=1.0, ori=0.0, pos=array([ 0.,  0.]), rgb=array([ 1.,  1.,  1.]), text='DECIDE', units='norm', win=Window(...), wrapWidth=1)
7.6728 	EXP 	<method-wrapper '__getattribute__' of attributeSetter object at 0x05A1F250>: vertices = array([[-0.275     ,  0.48888889],
       [ 0.275     ,  0.48888889],
       [ 0.275     , -0.48888889],
       [-0.275     , -0.48888889]])
7.6735 	EXP 	Created unnamed Rect = Rect(autoDraw=False, autoLog=True, closeShape=True, contrast=1.0, depth=0, fillColor=None, fillColorSpace='rgb', fillRGB=None, interpolate=True, lineColor='white', lineColorSpace='named', lineRGB=array([ 255.,  255.,  255.]), lineWidth=3.5, name='unnamed Rect', opacity=1.0, ori=array(0.0), pos=array([-0.5125    , -0.09444444]), size=array([ 1.,  1.]), units='norm', vertices=ndarray(...), win=Window(...))
7.6737 	EXP 	<method-wrapper '__getattribute__' of attributeSetter object at 0x05A1F250>: vertices = array([[-0.275     ,  0.48888889],
       [ 0.275     ,  0.48888889],
       [ 0.275     , -0.48888889],
       [-0.275     , -0.48888889]])
7.6744 	EXP 	Created unnamed Rect = Rect(autoDraw=False, autoLog=True, closeShape=True, contrast=1.0, depth=0, fillColor=None, fillColorSpace='rgb', fillRGB=None, interpolate=True, lineColor='white', lineColorSpace='named', lineRGB=array([ 255.,  255.,  255.]), lineWidth=3.5, name='unnamed Rect', opacity=1.0, ori=array(0.0), pos=array([ 0.4875    , -0.09444444]), size=array([ 1.,  1.]), units='norm', vertices=ndarray(...), win=Window(...))
7.6965 	EXP 	Created unnamed TextStim = TextStim(alignHoriz='center', alignVert='center', antialias=True, autoLog=True, bold=False, color=array([ 1.,  1.,  1.]), colorSpace='rgb', contrast=1.0, depth=0, flipHoriz=False, flipVert=False, font='', fontFiles=[], height=0.2, italic=False, name='unnamed TextStim', opacity=1.0, ori=0.0, pos=array([-0.5125    , -0.09444444]), rgb=array([ 1.,  1.,  1.]), text='Hello World', units='norm', win=Window(...), wrapWidth=1)
7.7047 	EXP 	Created unnamed TextStim = TextStim(alignHoriz='center', alignVert='center', antialias=True, autoLog=True, bold=False, color=array([ 1.,  1.,  1.]), colorSpace='rgb', contrast=1.0, depth=0, flipHoriz=False, flipVert=False, font='', fontFiles=[], height=0.2, italic=False, name='unnamed TextStim', opacity=1.0, ori=0.0, pos=array([ 0.4875    , -0.09444444]), rgb=array([ 1.,  1.,  1.]), text='Hello World', units='norm', win=Window(...), wrapWidth=1)
7.7217 	EXP 	Created unnamed TextStim = TextStim(alignHoriz='center', alignVert='center', antialias=True, autoLog=True, bold=False, color=array([ 1.,  1.,  1.]), colorSpace='rgb', contrast=1.0, depth=0, flipHoriz=False, flipVert=False, font='', fontFiles=[], height=0.1, italic=False, name='unnamed TextStim', opacity=1.0, ori=0.0, pos=array([-0.5125    , -0.82777778]), rgb=array([ 1.,  1.,  1.]), text='Press 1', units='norm', win=Window(...), wrapWidth=1)
7.7292 	EXP 	Created unnamed TextStim = TextStim(alignHoriz='center', alignVert='center', antialias=True, autoLog=True, bold=False, color=array([ 1.,  1.,  1.]), colorSpace='rgb', contrast=1.0, depth=0, flipHoriz=False, flipVert=False, font='', fontFiles=[], height=0.1, italic=False, name='unnamed TextStim', opacity=1.0, ori=0.0, pos=array([ 0.4875    , -0.82777778]), rgb=array([ 1.,  1.,  1.]), text='Press 2', units='norm', win=Window(...), wrapWidth=1)
7.7603 	EXP 	Created unnamed ImageStim = ImageStim(autoLog=True, color=array([ 1.,  1.,  1.]), colorSpace='rgb', contrast=1.0, depth=0, flipHoriz=False, flipVert=False, image=str(...), interpolate=False, mask=None, maskParams=None, name='unnamed ImageStim', opacity=1.0, ori=0.0, pos=array([ 0.,  0.]), size=array([ 1.35416667,  1.3537037 ]), texRes=128, units='norm', win=Window(...))
7.7904 	EXP 	Created unnamed ImageStim = ImageStim(autoLog=True, color=array([ 1.,  1.,  1.]), colorSpace='rgb', contrast=1.0, depth=0, flipHoriz=False, flipVert=False, image=str(...), interpolate=False, mask=None, maskParams=None, name='unnamed ImageStim', opacity=1.0, ori=0.0, pos=array([ 0.,  0.]), size=array([ 1.35416667,  1.3537037 ]), texRes=128, units='norm', win=Window(...))
7.8187 	EXP 	Created unnamed ImageStim = ImageStim(autoLog=True, color=array([ 1.,  1.,  1.]), colorSpace='rgb', contrast=1.0, depth=0, flipHoriz=False, flipVert=False, image=str(...), interpolate=False, mask=None, maskParams=None, name='unnamed ImageStim', opacity=1.0, ori=0.0, pos=array([ 0.,  0.]), size=array([ 1.35416667,  1.3537037 ]), texRes=128, units='norm', win=Window(...))
7.8453 	EXP 	Created unnamed ImageStim = ImageStim(autoLog=True, color=array([ 1.,  1.,  1.]), colorSpace='rgb', contrast=1.0, depth=0, flipHoriz=False, flipVert=False, image=str(...), interpolate=False, mask=None, maskParams=None, name='unnamed ImageStim', opacity=1.0, ori=0.0, pos=array([ 0.,  0.]), size=array([ 1.35416667,  1.3537037 ]), texRes=128, units='norm', win=Window(...))
7.8461 	EXP 	Created sequence: sequential, trialTypes=18, nReps=1, seed=None
7.9830 	DEBUG 	Using C:\Users\tug62048\Documents\DEGAP_Liz\SamplingMachine_bPilotv2.py as origin file
7.9835 	EXP 	Created sequence: sequential, trialTypes=18, nReps=1, seed=None
7.9840 	DEBUG 	Using C:\Users\tug62048\Documents\DEGAP_Liz\SamplingMachine_bPilotv2.py as origin file
0.0060 	DATA 	** START RUN 1 **
6.3213 	DATA 	Keypress: space
12.5134 	DATA 	Keypress: space
13.3294 	DATA 	Keypress: space
14.4575 	DATA 	Keypress: space
14.4579 	EXP 	New trial (rep=0, index=0): {'P1_1': '0.6', 'P1_2': '1', 'SafeOption': '2', 'P2_2': '0', 'O2_2': '0', 'O2_1': '-12', 'ProbNumber': 'MD12', 'O1_2': '12', 'O1_1': '30', 'EV2': '12', 'EV1': '13.2', 'ProbType': 'MD', 'P2_1': '0.4'}
14.4580 	DATA 	Trial Onset - ProblemType: MD, ProblemNumber: MD12, leftRight: 1, samplingDur: 18, assignedITI: 2.2012
14.4580 	DATA 	Sampling Onset
16.6010 	DATA 	Keypress: 1
16.6178 	EXP 	unnamed TextStim: text = '+12'
17.1171 	DATA 	Sampled Response: 2, Outcome Shown: +30
17.5347 	DATA 	Keypress: 2
17.5511 	EXP 	unnamed TextStim: text = '+30'
18.0588 	DATA 	Sampled Response: 1, Outcome Shown: +12
24.1837 	DATA 	Keypress: 1
24.2001 	EXP 	unnamed TextStim: text = '+12'
24.7061 	DATA 	Sampled Response: 2, Outcome Shown: +30
24.7064 	DATA 	Keypress: 2
25.1171 	DATA 	Keypress: 2
25.1335 	EXP 	unnamed TextStim: text = '-12'
25.6308 	DATA 	Sampled Response: 1, Outcome Shown: +12
26.4839 	DATA 	Keypress: 1
26.5003 	EXP 	unnamed TextStim: text = '+12'
27.0111 	DATA 	Sampled Response: 2, Outcome Shown: -12
27.0114 	DATA 	Keypress: 2
27.4336 	DATA 	Keypress: 2
27.4500 	EXP 	unnamed TextStim: text = '-12'
27.9530 	DATA 	Sampled Response: 1, Outcome Shown: +12
31.9657 	DATA 	** broke sampling loop (<.5s left in trial) **
31.9666 	DATA 	samplingCount: 6
31.9666 	DATA 	Think Onset
31.9823 	EXP 	unnamed Rect: lineColor = 'white (named)'
31.9823 	EXP 	unnamed Rect: lineColor = 'white (named)'
34.9990 	DATA 	Decide Onset
36.6655 	DATA 	Keypress: 1
36.6655 	DATA 	Decision Button Press: ['1']
36.6656 	DATA 	Decision Response: 2
36.6690 	EXP 	unnamed Rect: lineColor = 'red (named)'
37.1783 	DATA 	ITI Onset
37.1821 	EXP 	unnamed Rect: lineColor = 'white (named)'
37.1821 	EXP 	unnamed Rect: lineColor = 'white (named)'
37.1821 	EXP 	unnamed TextStim: text = '+12'
37.1821 	EXP 	unnamed TextStim: text = '-12'
39.9159 	DATA 	Trial End Time - totalITI: 2.72690116967
39.9161 	EXP 	New trial (rep=0, index=1): {'P1_1': '0.3', 'P1_2': '1', 'SafeOption': '2', 'P2_2': '0', 'O2_2': '0', 'O2_1': '-4', 'ProbNumber': 'MD11', 'O1_2': '5', 'O1_1': '27', 'EV2': '5', 'EV1': '5.3', 'ProbType': 'MD', 'P2_1': '0.7'}
39.9162 	DATA 	Trial Onset - ProblemType: MD, ProblemNumber: MD11, leftRight: 1, samplingDur: 19, assignedITI: 1.233
39.9162 	DATA 	Sampling Onset
40.8824 	DATA 	Keypress: 1
40.8982 	EXP 	unnamed TextStim: text = '+5'
41.4056 	DATA 	Sampled Response: 2, Outcome Shown: -4
41.4059 	DATA 	Keypress: 2
41.8819 	DATA 	Keypress: 2
41.8982 	EXP 	unnamed TextStim: text = '-4'
42.4083 	DATA 	Sampled Response: 1, Outcome Shown: +5
51.2642 	DATA 	Keypress: 1
51.2806 	EXP 	unnamed TextStim: text = '+5'
51.7857 	DATA 	Sampled Response: 2, Outcome Shown: +27
51.8641 	DATA 	Keypress: 2
51.8804 	EXP 	unnamed TextStim: text = '-4'
52.3670 	DATA 	Sampled Response: 1, Outcome Shown: +5
58.4299 	DATA 	** broke sampling loop (<.5s left in trial) **
58.4305 	DATA 	samplingCount: 4
58.4305 	DATA 	Think Onset
58.4464 	EXP 	unnamed Rect: lineColor = 'white (named)'
58.4464 	EXP 	unnamed Rect: lineColor = 'white (named)'
61.4628 	DATA 	Decide Onset
62.0574 	DATA 	Keypress: 1
62.0575 	DATA 	Decision Button Press: ['1']
62.0575 	DATA 	Decision Response: 2
62.0612 	EXP 	unnamed Rect: lineColor = 'red (named)'
62.5800 	DATA 	ITI Onset
62.5832 	EXP 	unnamed Rect: lineColor = 'white (named)'
62.5832 	EXP 	unnamed Rect: lineColor = 'white (named)'
62.5832 	EXP 	unnamed TextStim: text = '+5'
62.5832 	EXP 	unnamed TextStim: text = '-4'
65.4127 	DATA 	Trial End Time - totalITI: 2.82461091112
65.4129 	EXP 	New trial (rep=0, index=2): {'P1_1': '0.5', 'P1_2': '0.3', 'SafeOption': '1', 'P2_2': '0.7', 'O2_2': '35', 'O2_1': '30', 'ProbNumber': 'RR5', 'O1_2': '-10', 'O1_1': '10', 'EV2': '21.5', 'EV1': '20', 'ProbType': 'RR', 'P2_1': '0.5'}
65.4130 	DATA 	Trial Onset - ProblemType: RR, ProblemNumber: RR5, leftRight: 0, samplingDur: 16, assignedITI: 5.4629
65.4130 	DATA 	Sampling Onset
66.8291 	DATA 	Keypress: 1
66.8455 	EXP 	unnamed TextStim: text = '+10'
67.3556 	DATA 	Sampled Response: 1, Outcome Shown: +10
67.3559 	DATA 	Keypress: 2
67.6125 	DATA 	Keypress: 2
67.6287 	EXP 	unnamed TextStim: text = '-10'
68.1408 	DATA 	Sampled Response: 2, Outcome Shown: -10
77.5454 	DATA 	Keypress: 2
77.5774 	EXP 	unnamed TextStim: text = '-10'
78.0799 	DATA 	Sampled Response: 2, Outcome Shown: -10
80.9272 	DATA 	** broke sampling loop (<.5s left in trial) **
80.9278 	DATA 	samplingCount: 3
80.9278 	DATA 	Think Onset
80.9439 	EXP 	unnamed Rect: lineColor = 'white (named)'
80.9439 	EXP 	unnamed Rect: lineColor = 'white (named)'
83.9597 	DATA 	Decide Onset
84.3692 	DATA 	Keypress: 1
84.3693 	DATA 	Decision Button Press: ['1']
84.3694 	DATA 	Decision Response: 1
84.3729 	EXP 	unnamed Rect: lineColor = 'red (named)'
84.8927 	DATA 	ITI Onset
84.8959 	EXP 	unnamed Rect: lineColor = 'white (named)'
84.8959 	EXP 	unnamed Rect: lineColor = 'white (named)'
84.8959 	EXP 	unnamed TextStim: text = '+10'
84.8959 	EXP 	unnamed TextStim: text = '-10'
92.1425 	DATA 	Trial End Time - totalITI: 7.23903651641
92.1427 	EXP 	New trial (rep=0, index=3): {'P1_1': '0.4', 'P1_2': '1', 'SafeOption': '2', 'P2_2': '0', 'O2_2': '0', 'O2_1': '0', 'ProbNumber': 'SD2', 'O1_2': '-2', 'O1_1': '-4', 'EV2': '-2', 'EV1': '-1.6', 'ProbType': 'SD', 'P2_1': '0.6'}
92.1428 	DATA 	Trial Onset - ProblemType: SD, ProblemNumber: SD2, leftRight: 1, samplingDur: 16, assignedITI: 1.2377
92.1428 	DATA 	Sampling Onset
92.8595 	DATA 	Keypress: 1
92.8758 	EXP 	unnamed TextStim: text = '-2'
93.3839 	DATA 	Sampled Response: 2, Outcome Shown: -4
93.3842 	DATA 	Keypress: 2
93.8264 	DATA 	Keypress: 2
93.8420 	EXP 	unnamed TextStim: text = '-4'
94.3558 	DATA 	Sampled Response: 1, Outcome Shown: -2
105.1744 	DATA 	Keypress: 2
105.1905 	EXP 	unnamed TextStim: text = '0'
105.6846 	DATA 	Sampled Response: 1, Outcome Shown: -2
106.2244 	DATA 	Keypress: 2
106.2404 	EXP 	unnamed TextStim: text = '-4'
106.7293 	DATA 	Sampled Response: 1, Outcome Shown: -2
107.0742 	DATA 	Keypress: 2
107.0905 	EXP 	unnamed TextStim: text = '-4'
107.5900 	DATA 	Sampled Response: 1, Outcome Shown: -2
107.6575 	DATA 	** broke sampling loop (<.5s left in trial) **
107.6582 	DATA 	samplingCount: 5
107.6582 	DATA 	Think Onset
107.6741 	EXP 	unnamed Rect: lineColor = 'white (named)'
107.6741 	EXP 	unnamed Rect: lineColor = 'white (named)'
107.8414 	DATA 	Keypress: 2
110.6904 	DATA 	Decide Onset
111.3452 	DATA 	Keypress: 2
111.3453 	DATA 	Decision Button Press: ['2']
111.3453 	DATA 	Decision Response: 1
111.3487 	EXP 	unnamed Rect: lineColor = 'red (named)'
111.8624 	DATA 	ITI Onset
111.8655 	EXP 	unnamed Rect: lineColor = 'white (named)'
111.8655 	EXP 	unnamed Rect: lineColor = 'white (named)'
111.8655 	EXP 	unnamed TextStim: text = '-2'
111.8655 	EXP 	unnamed TextStim: text = '-4'
114.6401 	DATA 	Trial End Time - totalITI: 2.76808921095
114.6403 	EXP 	New trial (rep=0, index=4): {'P1_1': '0.7', 'P1_2': '0.1', 'SafeOption': '1', 'P2_2': '0.9', 'O2_2': '30', 'O2_1': '38', 'ProbNumber': 'RR11', 'O1_2': '-10', 'O1_1': '22', 'EV2': '26', 'EV1': '26.8', 'ProbType': 'RR', 'P2_1': '0.3'}
114.6404 	DATA 	Trial Onset - ProblemType: RR, ProblemNumber: RR11, leftRight: 1, samplingDur: 15, assignedITI: 4.653
114.6404 	DATA 	Sampling Onset
115.1733 	DATA 	Keypress: 1
115.1897 	EXP 	unnamed TextStim: text = '+30'
115.6964 	DATA 	Sampled Response: 2, Outcome Shown: +38
115.6967 	DATA 	Keypress: 1
116.0399 	DATA 	Keypress: 1
116.0563 	EXP 	unnamed TextStim: text = '+30'
116.5443 	DATA 	Sampled Response: 2, Outcome Shown: +22
116.7066 	DATA 	Keypress: 2
116.7230 	EXP 	unnamed TextStim: text = '+22'
117.2325 	DATA 	Sampled Response: 1, Outcome Shown: +30
117.2328 	DATA 	Keypress: 1
117.5398 	DATA 	Keypress: 1
117.5558 	EXP 	unnamed TextStim: text = '+30'
118.0651 	DATA 	Sampled Response: 2, Outcome Shown: +22
118.0654 	DATA 	Keypress: 2
118.3563 	DATA 	Keypress: 2
118.3727 	EXP 	unnamed TextStim: text = '+38'
118.8789 	DATA 	Sampled Response: 1, Outcome Shown: +30
119.1395 	DATA 	Keypress: 1
119.1560 	EXP 	unnamed TextStim: text = '+30'
119.6640 	DATA 	Sampled Response: 2, Outcome Shown: +22
119.6643 	DATA 	Keypress: 2
120.0561 	DATA 	Keypress: 2
120.0725 	EXP 	unnamed TextStim: text = '+22'
120.5745 	DATA 	Sampled Response: 1, Outcome Shown: +30
120.7061 	DATA 	Keypress: 1
120.7226 	EXP 	unnamed TextStim: text = '+30'
121.2319 	DATA 	Sampled Response: 2, Outcome Shown: +22
121.2322 	DATA 	Keypress: 2
121.6395 	DATA 	Keypress: 2
121.6558 	EXP 	unnamed TextStim: text = '+22'
122.1577 	DATA 	Sampled Response: 1, Outcome Shown: +30
122.1890 	DATA 	Keypress: 1
122.2054 	EXP 	unnamed TextStim: text = '+30'
122.7058 	DATA 	Sampled Response: 2, Outcome Shown: +22
122.7061 	DATA 	Keypress: 2
122.9728 	DATA 	Keypress: 2
122.9889 	EXP 	unnamed TextStim: text = '+22'
123.4898 	DATA 	Sampled Response: 1, Outcome Shown: +30
123.4901 	DATA 	Keypress: 2
123.5388 	DATA 	Keypress: 1
123.5553 	EXP 	unnamed TextStim: text = '+30'
124.0553 	DATA 	Sampled Response: 2, Outcome Shown: +22
124.2890 	DATA 	Keypress: 1
124.3053 	EXP 	unnamed TextStim: text = '+30'
124.8083 	DATA 	Sampled Response: 2, Outcome Shown: +38
124.9889 	DATA 	Keypress: 1
125.0052 	EXP 	unnamed TextStim: text = '+30'
125.5128 	DATA 	Sampled Response: 2, Outcome Shown: +22
125.5553 	DATA 	Keypress: 2
125.5717 	EXP 	unnamed TextStim: text = '+22'
126.0765 	DATA 	Sampled Response: 1, Outcome Shown: +30
126.0768 	DATA 	Keypress: 2
126.4389 	DATA 	Keypress: 2
126.4551 	EXP 	unnamed TextStim: text = '+38'
126.9565 	DATA 	Sampled Response: 1, Outcome Shown: +30
127.1221 	DATA 	Keypress: 2
127.1384 	EXP 	unnamed TextStim: text = '+22'
127.6446 	DATA 	Sampled Response: 1, Outcome Shown: -10
127.6717 	DATA 	Keypress: 2
127.6881 	EXP 	unnamed TextStim: text = '+38'
128.1940 	DATA 	Sampled Response: 1, Outcome Shown: +30
128.2221 	DATA 	Keypress: 1
128.2380 	EXP 	unnamed TextStim: text = '+30'
128.7424 	DATA 	Sampled Response: 2, Outcome Shown: +22
128.7428 	DATA 	Keypress: 1
128.8551 	DATA 	Keypress: 1
128.8715 	EXP 	unnamed TextStim: text = '+30'
129.3692 	DATA 	Sampled Response: 2, Outcome Shown: +22
129.3695 	DATA 	** broke sampling loop (<.5s left in trial) **
129.3702 	DATA 	samplingCount: 20
129.3702 	DATA 	Think Onset
129.3734 	EXP 	unnamed Rect: lineColor = 'white (named)'
129.3734 	EXP 	unnamed Rect: lineColor = 'white (named)'
129.5889 	DATA 	Keypress: 1
132.3879 	DATA 	Decide Onset
133.0252 	DATA 	Keypress: 2
133.0253 	DATA 	Decision Button Press: ['2']
133.0253 	DATA 	Decision Response: 1
133.0290 	EXP 	unnamed Rect: lineColor = 'red (named)'
133.5371 	DATA 	ITI Onset
133.5403 	EXP 	unnamed Rect: lineColor = 'white (named)'
133.5403 	EXP 	unnamed Rect: lineColor = 'white (named)'
133.5403 	EXP 	unnamed TextStim: text = '+30'
133.5403 	EXP 	unnamed TextStim: text = '+38'
139.5375 	DATA 	Trial End Time - totalITI: 5.98638531367
139.5377 	EXP 	New trial (rep=0, index=5): {'P1_1': '0.1', 'P1_2': '1', 'SafeOption': '2', 'P2_2': '0', 'O2_2': '0', 'O2_1': '0', 'ProbNumber': 'SD1', 'O1_2': '-3', 'O1_1': '-32', 'EV2': '-3', 'EV1': '-3.2', 'ProbType': 'SD', 'P2_1': '0.9'}
139.5378 	DATA 	Trial Onset - ProblemType: SD, ProblemNumber: SD1, leftRight: 1, samplingDur: 17, assignedITI: 5.4629
139.5378 	DATA 	Sampling Onset
140.3039 	DATA 	Keypress: 1
140.3204 	EXP 	unnamed TextStim: text = '-3'
140.8322 	DATA 	Sampled Response: 2, Outcome Shown: 0
140.8325 	DATA 	Keypress: 1
141.3213 	DATA 	Keypress: 1
141.3534 	EXP 	unnamed TextStim: text = '-3'
141.8667 	DATA 	Sampled Response: 2, Outcome Shown: 0
141.9036 	DATA 	Keypress: 1
141.9200 	EXP 	unnamed TextStim: text = '-3'
142.4319 	DATA 	Sampled Response: 2, Outcome Shown: 0
142.4322 	DATA 	Keypress: 1
142.8702 	DATA 	Keypress: 2
142.8867 	EXP 	unnamed TextStim: text = '0'
143.3889 	DATA 	Sampled Response: 1, Outcome Shown: -3
143.3892 	DATA 	Keypress: 2
143.7370 	DATA 	Keypress: 2
143.7533 	EXP 	unnamed TextStim: text = '0'
144.2651 	DATA 	Sampled Response: 1, Outcome Shown: -3
144.4033 	DATA 	Keypress: 2
144.4197 	EXP 	unnamed TextStim: text = '0'
144.9125 	DATA 	Sampled Response: 1, Outcome Shown: -3
145.0365 	DATA 	Keypress: 2
145.0529 	EXP 	unnamed TextStim: text = '0'
145.5671 	DATA 	Sampled Response: 1, Outcome Shown: -3
145.5674 	DATA 	Keypress: 2
145.7365 	DATA 	Keypress: 2
145.7529 	EXP 	unnamed TextStim: text = '0'
146.2424 	DATA 	Sampled Response: 1, Outcome Shown: -3
146.2427 	DATA 	Keypress: 2
146.3699 	DATA 	Keypress: 2
146.3861 	EXP 	unnamed TextStim: text = '0'
146.8836 	DATA 	Sampled Response: 1, Outcome Shown: -3
146.8839 	DATA 	Keypress: 2
146.8841 	DATA 	Keypress: 2
147.0032 	DATA 	Keypress: 2
147.0192 	EXP 	unnamed TextStim: text = '0'
147.5265 	DATA 	Sampled Response: 1, Outcome Shown: -3
147.5268 	DATA 	Keypress: 2
147.5271 	DATA 	Keypress: 2
147.5695 	DATA 	Keypress: 2
147.5859 	EXP 	unnamed TextStim: text = '0'
148.0781 	DATA 	Sampled Response: 1, Outcome Shown: -3
148.0785 	DATA 	Keypress: 2
148.0788 	DATA 	Keypress: 2
148.3360 	DATA 	Keypress: 1
148.3524 	EXP 	unnamed TextStim: text = '-3'
148.8592 	DATA 	Sampled Response: 2, Outcome Shown: 0
148.8595 	DATA 	Keypress: 1
148.8597 	DATA 	Keypress: 1
149.0862 	DATA 	Keypress: 1
149.1025 	EXP 	unnamed TextStim: text = '-3'
149.6112 	DATA 	Sampled Response: 2, Outcome Shown: 0
149.6115 	DATA 	Keypress: 1
149.6117 	DATA 	Keypress: 1
149.7693 	DATA 	Keypress: 1
149.7858 	EXP 	unnamed TextStim: text = '-3'
150.2880 	DATA 	Sampled Response: 2, Outcome Shown: -32
150.2883 	DATA 	Keypress: 1
150.2885 	DATA 	Keypress: 1
150.4524 	DATA 	Keypress: 1
150.4690 	EXP 	unnamed TextStim: text = '-3'
150.9762 	DATA 	Sampled Response: 2, Outcome Shown: 0
150.9765 	DATA 	Keypress: 1
150.9768 	DATA 	Keypress: 1
151.1358 	DATA 	Keypress: 1
151.1520 	EXP 	unnamed TextStim: text = '-3'
151.6511 	DATA 	Sampled Response: 2, Outcome Shown: 0
151.6514 	DATA 	Keypress: 1
151.6516 	DATA 	Keypress: 1
151.7855 	DATA 	Keypress: 1
151.8018 	EXP 	unnamed TextStim: text = '-3'
152.3096 	DATA 	Sampled Response: 2, Outcome Shown: 0
152.3099 	DATA 	Keypress: 1
152.3101 	DATA 	Keypress: 1
152.4690 	DATA 	Keypress: 1
152.4855 	EXP 	unnamed TextStim: text = '-3'
152.9993 	DATA 	Sampled Response: 2, Outcome Shown: 0
152.9996 	DATA 	Keypress: 1
152.9999 	DATA 	Keypress: 1
153.1523 	DATA 	Keypress: 1
153.1687 	EXP 	unnamed TextStim: text = '-3'
153.6742 	DATA 	Sampled Response: 2, Outcome Shown: 0
153.6745 	DATA 	Keypress: 1
153.6747 	DATA 	Keypress: 1
153.8190 	DATA 	Keypress: 1
153.8353 	EXP 	unnamed TextStim: text = '-3'
154.3326 	DATA 	Sampled Response: 2, Outcome Shown: 0
154.3329 	DATA 	Keypress: 1
154.3331 	DATA 	Keypress: 2
154.4523 	DATA 	Keypress: 2
154.4685 	EXP 	unnamed TextStim: text = '0'
154.9621 	DATA 	Sampled Response: 1, Outcome Shown: -3
154.9624 	DATA 	Keypress: 2
154.9626 	DATA 	Keypress: 1
155.1856 	DATA 	Keypress: 2
155.2018 	EXP 	unnamed TextStim: text = '0'
155.7123 	DATA 	Sampled Response: 1, Outcome Shown: -3
155.7126 	DATA 	Keypress: 1
155.9021 	DATA 	Keypress: 1
155.9184 	EXP 	unnamed TextStim: text = '-3'
156.4174 	DATA 	Sampled Response: 2, Outcome Shown: 0
156.4177 	DATA 	Keypress: 2
156.4178 	DATA 	** broke sampling loop (<.5s left in trial) **
156.4185 	DATA 	samplingCount: 23
156.4186 	DATA 	Think Onset
156.4218 	EXP 	unnamed Rect: lineColor = 'white (named)'
156.4218 	EXP 	unnamed Rect: lineColor = 'white (named)'
156.6359 	DATA 	Keypress: 2
159.4516 	DATA 	Decide Onset
160.3853 	DATA 	Keypress: 2
160.3854 	DATA 	Decision Button Press: ['2']
160.3854 	DATA 	Decision Response: 1
160.3888 	EXP 	unnamed Rect: lineColor = 'red (named)'
160.9082 	DATA 	ITI Onset
160.9114 	EXP 	unnamed Rect: lineColor = 'white (named)'
160.9114 	EXP 	unnamed Rect: lineColor = 'white (named)'
160.9114 	EXP 	unnamed TextStim: text = '-3'
160.9114 	EXP 	unnamed TextStim: text = '0'
167.2677 	DATA 	Trial End Time - totalITI: 6.34892384627
167.2679 	EXP 	New trial (rep=0, index=6): {'P1_1': '0.9', 'P1_2': '1', 'SafeOption': '2', 'P2_2': '0', 'O2_2': '0', 'O2_1': '-37', 'ProbNumber': 'MD3', 'O1_2': '-5', 'O1_1': '10', 'EV2': '-5', 'EV1': '5.3', 'ProbType': 'MD', 'P2_1': '0.1'}
167.2680 	DATA 	Trial Onset - ProblemType: MD, ProblemNumber: MD3, leftRight: 1, samplingDur: 15, assignedITI: 1.3248
167.2680 	DATA 	Sampling Onset
168.0341 	DATA 	Keypress: 1
168.0505 	EXP 	unnamed TextStim: text = '-5'
168.5539 	DATA 	Sampled Response: 2, Outcome Shown: +10
168.5542 	DATA 	Keypress: 1
168.8015 	DATA 	Keypress: 1
168.8333 	EXP 	unnamed TextStim: text = '-5'
169.3383 	DATA 	Sampled Response: 2, Outcome Shown: +10
169.3386 	DATA 	Keypress: 1
169.3389 	DATA 	Keypress: 1
169.4838 	DATA 	Keypress: 1
169.5003 	EXP 	unnamed TextStim: text = '-5'
170.0121 	DATA 	Sampled Response: 2, Outcome Shown: +10
170.0124 	DATA 	Keypress: 1
170.0127 	DATA 	Keypress: 2
170.1670 	DATA 	Keypress: 2
170.1833 	EXP 	unnamed TextStim: text = '+10'
170.6856 	DATA 	Sampled Response: 1, Outcome Shown: -5
170.6859 	DATA 	Keypress: 2
170.6861 	DATA 	Keypress: 2
171.1835 	DATA 	Keypress: 2
171.2000 	EXP 	unnamed TextStim: text = '+10'
171.7057 	DATA 	Sampled Response: 1, Outcome Shown: -5
171.9835 	DATA 	Keypress: 2
171.9995 	EXP 	unnamed TextStim: text = '+10'
172.5058 	DATA 	Sampled Response: 1, Outcome Shown: -5
172.7500 	DATA 	Keypress: 2
172.7664 	EXP 	unnamed TextStim: text = '+10'
173.2726 	DATA 	Sampled Response: 1, Outcome Shown: -5
173.4500 	DATA 	Keypress: 1
173.4665 	EXP 	unnamed TextStim: text = '-5'
173.9784 	DATA 	Sampled Response: 2, Outcome Shown: +10
174.2165 	DATA 	Keypress: 1
174.2330 	EXP 	unnamed TextStim: text = '-5'
174.7480 	DATA 	Sampled Response: 2, Outcome Shown: +10
174.9498 	DATA 	Keypress: 1
174.9662 	EXP 	unnamed TextStim: text = '-5'
175.4689 	DATA 	Sampled Response: 2, Outcome Shown: +10
175.4692 	DATA 	Keypress: 2
175.8334 	DATA 	Keypress: 2
175.8493 	EXP 	unnamed TextStim: text = '+10'
176.3628 	DATA 	Sampled Response: 1, Outcome Shown: -5
176.3630 	DATA 	Keypress: 1
176.3633 	DATA 	Keypress: 1
176.7328 	DATA 	Keypress: 1
176.7492 	EXP 	unnamed TextStim: text = '-5'
177.2430 	DATA 	Sampled Response: 2, Outcome Shown: -37
177.2434 	DATA 	Keypress: 2
177.2435 	DATA 	Keypress: 1
177.4664 	DATA 	Keypress: 1
177.4825 	EXP 	unnamed TextStim: text = '-5'
177.9942 	DATA 	Sampled Response: 2, Outcome Shown: +10
177.9944 	DATA 	Keypress: 2
177.9948 	DATA 	Keypress: 2
178.4662 	DATA 	Keypress: 2
178.4825 	EXP 	unnamed TextStim: text = '+10'
178.9964 	DATA 	Sampled Response: 1, Outcome Shown: -5
181.7822 	DATA 	** broke sampling loop (<.5s left in trial) **
181.7828 	DATA 	samplingCount: 14
181.7828 	DATA 	Think Onset
181.7986 	EXP 	unnamed Rect: lineColor = 'white (named)'
181.7986 	EXP 	unnamed Rect: lineColor = 'white (named)'
184.8151 	DATA 	Decide Onset
185.2011 	DATA 	Keypress: 2
185.2012 	DATA 	Decision Button Press: ['2']
185.2012 	DATA 	Decision Response: 1
185.2046 	EXP 	unnamed Rect: lineColor = 'red (named)'
185.7155 	DATA 	ITI Onset
185.7187 	EXP 	unnamed Rect: lineColor = 'white (named)'
185.7187 	EXP 	unnamed Rect: lineColor = 'white (named)'
185.7187 	EXP 	unnamed TextStim: text = '-5'
185.7187 	EXP 	unnamed TextStim: text = '+10'
188.8485 	DATA 	Trial End Time - totalITI: 3.12443148274
188.8487 	EXP 	New trial (rep=0, index=7): {'P1_1': '0.25', 'P1_2': '0.25', 'SafeOption': '1', 'P2_2': '0.75', 'O2_2': '10', 'O2_1': '6', 'ProbNumber': 'RR1', 'O1_2': '-8', 'O1_1': '2', 'EV2': '5.5', 'EV1': '5', 'ProbType': 'RR', 'P2_1': '0.75'}
188.8488 	DATA 	Trial Onset - ProblemType: RR, ProblemNumber: RR1, leftRight: 0, samplingDur: 15, assignedITI: 1.4961
188.8488 	DATA 	Sampling Onset
189.5814 	DATA 	Keypress: 2
189.5978 	EXP 	unnamed TextStim: text = '+10'
190.0983 	DATA 	Sampled Response: 2, Outcome Shown: +10
190.0986 	DATA 	Keypress: 2
190.2982 	DATA 	Keypress: 2
190.3144 	EXP 	unnamed TextStim: text = '+10'
190.8187 	DATA 	Sampled Response: 2, Outcome Shown: +10
190.8190 	DATA 	Keypress: 2
190.8653 	DATA 	Keypress: 1
190.8977 	EXP 	unnamed TextStim: text = '+6'
191.3994 	DATA 	Sampled Response: 1, Outcome Shown: +6
191.3997 	DATA 	Keypress: 1
191.3999 	DATA 	Keypress: 1
191.5813 	DATA 	Keypress: 1
191.5975 	EXP 	unnamed TextStim: text = '+6'
192.1063 	DATA 	Sampled Response: 1, Outcome Shown: +6
192.1067 	DATA 	Keypress: 1
192.1069 	DATA 	Keypress: 1
192.1641 	DATA 	Keypress: 1
192.1806 	EXP 	unnamed TextStim: text = '+6'
192.6850 	DATA 	Sampled Response: 1, Outcome Shown: +6
192.6854 	DATA 	Keypress: 2
192.7144 	DATA 	Keypress: 2
192.7307 	EXP 	unnamed TextStim: text = '+10'
193.2347 	DATA 	Sampled Response: 2, Outcome Shown: +10
193.2350 	DATA 	Keypress: 2
193.2808 	DATA 	Keypress: 2
193.2971 	EXP 	unnamed TextStim: text = '+10'
193.7989 	DATA 	Sampled Response: 2, Outcome Shown: +10
197.9972 	DATA 	Keypress: 2
198.0134 	EXP 	unnamed TextStim: text = '-8'
198.5188 	DATA 	Sampled Response: 2, Outcome Shown: -8
198.7469 	DATA 	Keypress: 1
198.7628 	EXP 	unnamed TextStim: text = '+2'
199.2565 	DATA 	Sampled Response: 1, Outcome Shown: +2
199.6803 	DATA 	Keypress: 2
199.6966 	EXP 	unnamed TextStim: text = '+10'
200.1961 	DATA 	Sampled Response: 2, Outcome Shown: +10
201.2975 	DATA 	Keypress: 2
201.3298 	EXP 	unnamed TextStim: text = '-8'
201.8417 	DATA 	Sampled Response: 2, Outcome Shown: -8
203.3631 	DATA 	** broke sampling loop (<.5s left in trial) **
203.3639 	DATA 	samplingCount: 11
203.3639 	DATA 	Think Onset
203.3798 	EXP 	unnamed Rect: lineColor = 'white (named)'
203.3798 	EXP 	unnamed Rect: lineColor = 'white (named)'
206.1134 	DATA 	Keypress: 2
206.1303 	DATA 	Keypress: 1
206.3962 	DATA 	Decide Onset
206.6731 	DATA 	Keypress: 2
206.6732 	DATA 	Decision Button Press: ['2']
206.6733 	DATA 	Decision Response: 2
206.6767 	EXP 	unnamed Rect: lineColor = 'red (named)'
207.1966 	DATA 	ITI Onset
207.1998 	EXP 	unnamed Rect: lineColor = 'white (named)'
207.1998 	EXP 	unnamed Rect: lineColor = 'white (named)'
207.1998 	EXP 	unnamed TextStim: text = '+2'
207.1998 	EXP 	unnamed TextStim: text = '-8'
210.6127 	DATA 	Trial End Time - totalITI: 3.40453590982
210.6129 	EXP 	New trial (rep=0, index=8): {'P1_1': '0.8', 'P1_2': '1', 'SafeOption': '2', 'P2_2': '0', 'O2_2': '0', 'O2_1': '0', 'ProbNumber': 'SD9', 'O1_2': '13', 'O1_1': '16', 'EV2': '13', 'EV1': '12.8', 'ProbType': 'SD', 'P2_1': '0.2'}
210.6130 	DATA 	Trial Onset - ProblemType: SD, ProblemNumber: SD9, leftRight: 1, samplingDur: 16, assignedITI: 1.0587
210.6130 	DATA 	Sampling Onset
213.1620 	DATA 	Keypress: 1
213.1783 	EXP 	unnamed TextStim: text = '+13'
213.6793 	DATA 	Sampled Response: 2, Outcome Shown: 0
213.7787 	DATA 	Keypress: 1
213.7949 	EXP 	unnamed TextStim: text = '+13'
214.3062 	DATA 	Sampled Response: 2, Outcome Shown: +16
214.3066 	DATA 	Keypress: 2
214.5781 	DATA 	Keypress: 2
214.5943 	EXP 	unnamed TextStim: text = '+16'
215.0934 	DATA 	Sampled Response: 1, Outcome Shown: +13
223.7608 	DATA 	Keypress: 2
223.7772 	EXP 	unnamed TextStim: text = '+16'
224.2799 	DATA 	Sampled Response: 1, Outcome Shown: +13
224.4608 	DATA 	Keypress: 1
224.4768 	EXP 	unnamed TextStim: text = '+13'
224.9868 	DATA 	Sampled Response: 2, Outcome Shown: +16
226.1271 	DATA 	** broke sampling loop (<.5s left in trial) **
226.1277 	DATA 	samplingCount: 5
226.1277 	DATA 	Think Onset
226.1436 	EXP 	unnamed Rect: lineColor = 'white (named)'
226.1436 	EXP 	unnamed Rect: lineColor = 'white (named)'
229.1600 	DATA 	Decide Onset
229.6412 	DATA 	Keypress: 1
229.6413 	DATA 	Decision Button Press: ['1']
229.6413 	DATA 	Decision Response: 2
229.6447 	EXP 	unnamed Rect: lineColor = 'red (named)'
230.1512 	DATA 	ITI Onset
230.1543 	EXP 	unnamed Rect: lineColor = 'white (named)'
230.1543 	EXP 	unnamed Rect: lineColor = 'white (named)'
230.1543 	EXP 	unnamed TextStim: text = '+13'
230.1543 	EXP 	unnamed TextStim: text = '+16'
232.9267 	DATA 	Trial End Time - totalITI: 2.7632237951
232.9269 	EXP 	New trial (rep=0, index=9): {'P1_1': '0.8', 'P1_2': '1', 'SafeOption': '2', 'P2_2': '0', 'O2_2': '0', 'O2_1': '-9', 'ProbNumber': 'MD9', 'O1_2': '5', 'O1_1': '8', 'EV2': '5', 'EV1': '4.6', 'ProbType': 'MD', 'P2_1': '0.2'}
232.9270 	DATA 	Trial Onset - ProblemType: MD, ProblemNumber: MD9, leftRight: 1, samplingDur: 17, assignedITI: 1.2135
232.9270 	DATA 	Sampling Onset
233.7773 	DATA 	Keypress: 1
233.8093 	EXP 	unnamed TextStim: text = '+5'
234.3158 	DATA 	Sampled Response: 2, Outcome Shown: +8
234.3161 	DATA 	Keypress: 1
234.6597 	DATA 	Keypress: 1
234.6754 	EXP 	unnamed TextStim: text = '+5'
235.1782 	DATA 	Sampled Response: 2, Outcome Shown: -9
235.1786 	DATA 	Keypress: 1
235.5258 	DATA 	Keypress: 2
235.5422 	EXP 	unnamed TextStim: text = '+8'
236.0394 	DATA 	Sampled Response: 1, Outcome Shown: +5
236.2094 	DATA 	Keypress: 2
236.2257 	EXP 	unnamed TextStim: text = '+8'
236.7295 	DATA 	Sampled Response: 1, Outcome Shown: +5
236.7298 	DATA 	Keypress: 1
236.9934 	DATA 	Keypress: 1
237.0256 	EXP 	unnamed TextStim: text = '+5'
237.5281 	DATA 	Sampled Response: 2, Outcome Shown: +8
238.5093 	DATA 	Keypress: 2
238.5255 	EXP 	unnamed TextStim: text = '+8'
239.0350 	DATA 	Sampled Response: 1, Outcome Shown: +5
241.0587 	DATA 	Keypress: 2
241.0749 	EXP 	unnamed TextStim: text = '+8'
241.5756 	DATA 	Sampled Response: 1, Outcome Shown: +5
241.7586 	DATA 	Keypress: 1
241.7750 	EXP 	unnamed TextStim: text = '+5'
242.2806 	DATA 	Sampled Response: 2, Outcome Shown: +8
242.2809 	DATA 	Keypress: 2
242.5919 	DATA 	Keypress: 2
242.6082 	EXP 	unnamed TextStim: text = '+8'
243.1118 	DATA 	Sampled Response: 1, Outcome Shown: +5
244.4585 	DATA 	Keypress: 2
244.4746 	EXP 	unnamed TextStim: text = '-9'
244.9772 	DATA 	Sampled Response: 1, Outcome Shown: +5
245.3084 	DATA 	Keypress: 1
245.3246 	EXP 	unnamed TextStim: text = '+5'
245.8227 	DATA 	Sampled Response: 2, Outcome Shown: +8
245.8231 	DATA 	Keypress: 2
246.0254 	DATA 	Keypress: 1
246.0413 	EXP 	unnamed TextStim: text = '+5'
246.5448 	DATA 	Sampled Response: 2, Outcome Shown: +8
246.5451 	DATA 	Keypress: 1
246.5453 	DATA 	Keypress: 1
246.6582 	DATA 	Keypress: 1
246.6744 	EXP 	unnamed TextStim: text = '+5'
247.1719 	DATA 	Sampled Response: 2, Outcome Shown: +8
247.1722 	DATA 	Keypress: 1
247.1724 	DATA 	Keypress: 1
247.2913 	DATA 	Keypress: 1
247.3077 	EXP 	unnamed TextStim: text = '+5'
247.8160 	DATA 	Sampled Response: 2, Outcome Shown: +8
247.8163 	DATA 	Keypress: 1
247.8165 	DATA 	Keypress: 1
247.8913 	DATA 	Keypress: 1
247.9078 	EXP 	unnamed TextStim: text = '+5'
248.4117 	DATA 	Sampled Response: 2, Outcome Shown: +8
248.4120 	DATA 	Keypress: 1
248.4122 	DATA 	Keypress: 2
248.7579 	DATA 	Keypress: 2
248.7742 	EXP 	unnamed TextStim: text = '+8'
249.2736 	DATA 	Sampled Response: 1, Outcome Shown: +5
249.2740 	DATA 	Keypress: 2
249.4411 	DATA 	** broke sampling loop (<.5s left in trial) **
249.4418 	DATA 	samplingCount: 16
249.4418 	DATA 	Think Onset
249.4574 	EXP 	unnamed Rect: lineColor = 'white (named)'
249.4574 	EXP 	unnamed Rect: lineColor = 'white (named)'
249.5916 	DATA 	Keypress: 2
252.4741 	DATA 	Decide Onset
252.7051 	DATA 	Keypress: 1
252.7052 	DATA 	Decision Button Press: ['1']
252.7052 	DATA 	Decision Response: 2
252.7088 	EXP 	unnamed Rect: lineColor = 'red (named)'
253.2180 	DATA 	ITI Onset
253.2212 	EXP 	unnamed Rect: lineColor = 'white (named)'
253.2212 	EXP 	unnamed Rect: lineColor = 'white (named)'
253.2212 	EXP 	unnamed TextStim: text = '+5'
253.2212 	EXP 	unnamed TextStim: text = '+8'
256.3905 	DATA 	Trial End Time - totalITI: 3.16824279188
256.3907 	EXP 	New trial (rep=0, index=10): {'P1_1': '0.75', 'P1_2': '0.75', 'SafeOption': '1', 'P2_2': '0.25', 'O2_2': '30', 'O2_1': '10', 'ProbNumber': 'RR3', 'O1_2': '-5', 'O1_1': '2', 'EV2': '3.75', 'EV1': '4', 'ProbType': 'RR', 'P2_1': '0.25'}
256.3908 	DATA 	Trial Onset - ProblemType: RR, ProblemNumber: RR3, leftRight: 1, samplingDur: 15, assignedITI: 2.4102
256.3908 	DATA 	Sampling Onset
257.2569 	DATA 	Keypress: 1
257.2735 	EXP 	unnamed TextStim: text = '-5'
257.7717 	DATA 	Sampled Response: 2, Outcome Shown: +2
257.7720 	DATA 	Keypress: 2
257.9400 	DATA 	Keypress: 2
257.9565 	EXP 	unnamed TextStim: text = '+2'
258.4626 	DATA 	Sampled Response: 1, Outcome Shown: +30
258.4629 	DATA 	Keypress: 2
258.4632 	DATA 	Keypress: 2
258.4673 	DATA 	Keypress: 2
258.4869 	EXP 	unnamed TextStim: text = '+2'
258.9956 	DATA 	Sampled Response: 1, Outcome Shown: -5
258.9958 	DATA 	Keypress: 2
258.9961 	DATA 	Keypress: 2
258.9963 	DATA 	Keypress: 2
259.1738 	DATA 	Keypress: 2
259.1899 	EXP 	unnamed TextStim: text = '+2'
259.7014 	DATA 	Sampled Response: 1, Outcome Shown: -5
259.7018 	DATA 	Keypress: 2
259.7020 	DATA 	Keypress: 2
259.7022 	DATA 	Keypress: 2
259.8899 	DATA 	Keypress: 2
259.9063 	EXP 	unnamed TextStim: text = '+2'
260.4060 	DATA 	Sampled Response: 1, Outcome Shown: -5
260.4063 	DATA 	Keypress: 2
260.5067 	DATA 	Keypress: 2
260.5229 	EXP 	unnamed TextStim: text = '+2'
261.0343 	DATA 	Sampled Response: 1, Outcome Shown: -5
261.6564 	DATA 	Keypress: 1
261.6728 	EXP 	unnamed TextStim: text = '-5'
262.1643 	DATA 	Sampled Response: 2, Outcome Shown: +2
262.5729 	DATA 	Keypress: 1
262.5893 	EXP 	unnamed TextStim: text = '-5'
263.0875 	DATA 	Sampled Response: 2, Outcome Shown: +2
263.5395 	DATA 	Keypress: 2
263.5558 	EXP 	unnamed TextStim: text = '+2'
264.0592 	DATA 	Sampled Response: 1, Outcome Shown: -5
265.0892 	DATA 	Keypress: 2
265.1056 	EXP 	unnamed TextStim: text = '+10'
265.6119 	DATA 	Sampled Response: 1, Outcome Shown: -5
266.0738 	DATA 	Keypress: 2
266.1056 	EXP 	unnamed TextStim: text = '+10'
266.6155 	DATA 	Sampled Response: 1, Outcome Shown: -5
270.9052 	DATA 	** broke sampling loop (<.5s left in trial) **
270.9059 	DATA 	samplingCount: 11
270.9059 	DATA 	Think Onset
270.9218 	EXP 	unnamed Rect: lineColor = 'white (named)'
270.9218 	EXP 	unnamed Rect: lineColor = 'white (named)'
273.9382 	DATA 	Decide Onset
274.2812 	DATA 	Keypress: 2
274.2813 	DATA 	Decision Button Press: ['2']
274.2813 	DATA 	Decision Response: 1
274.2849 	EXP 	unnamed Rect: lineColor = 'red (named)'
274.7924 	DATA 	ITI Onset
274.7956 	EXP 	unnamed Rect: lineColor = 'white (named)'
274.7956 	EXP 	unnamed Rect: lineColor = 'white (named)'
274.7956 	EXP 	unnamed TextStim: text = '-5'
274.7956 	EXP 	unnamed TextStim: text = '+10'
277.6217 	DATA 	Keypress: 2
279.0548 	DATA 	Trial End Time - totalITI: 4.25260685105
279.0550 	EXP 	New trial (rep=0, index=11): {'P1_1': '0.2', 'P1_2': '1', 'SafeOption': '2', 'P2_2': '0', 'O2_2': '0', 'O2_1': '-7', 'ProbNumber': 'MD6', 'O1_2': '-2', 'O1_1': '24', 'EV2': '-2', 'EV1': '-0.8', 'ProbType': 'MD', 'P2_1': '0.8'}
279.0551 	DATA 	Trial Onset - ProblemType: MD, ProblemNumber: MD6, leftRight: 0, samplingDur: 17, assignedITI: 1.5966
279.0551 	DATA 	Sampling Onset
279.9377 	DATA 	Keypress: 1
279.9539 	EXP 	unnamed TextStim: text = '-7'
280.4616 	DATA 	Sampled Response: 1, Outcome Shown: -7
280.5545 	DATA 	Keypress: 1
280.5705 	EXP 	unnamed TextStim: text = '-7'
281.0730 	DATA 	Sampled Response: 1, Outcome Shown: -7
281.1710 	DATA 	Keypress: 1
281.1873 	EXP 	unnamed TextStim: text = '-7'
281.7005 	DATA 	Sampled Response: 1, Outcome Shown: -7
281.7372 	DATA 	Keypress: 1
281.7536 	EXP 	unnamed TextStim: text = '-7'
282.2642 	DATA 	Sampled Response: 1, Outcome Shown: -7
282.2645 	DATA 	Keypress: 2
282.5374 	DATA 	Keypress: 2
282.5538 	EXP 	unnamed TextStim: text = '-2'
283.0631 	DATA 	Sampled Response: 2, Outcome Shown: -2
283.2873 	DATA 	Keypress: 2
283.3037 	EXP 	unnamed TextStim: text = '-2'
283.8172 	DATA 	Sampled Response: 2, Outcome Shown: -2
283.8871 	DATA 	Keypress: 2
283.9030 	EXP 	unnamed TextStim: text = '-2'
284.4133 	DATA 	Sampled Response: 2, Outcome Shown: -2
284.5539 	DATA 	Keypress: 2
284.5701 	EXP 	unnamed TextStim: text = '-2'
285.0709 	DATA 	Sampled Response: 2, Outcome Shown: -2
295.4525 	DATA 	Keypress: 2
295.4688 	EXP 	unnamed TextStim: text = '-2'
295.9544 	DATA 	Sampled Response: 2, Outcome Shown: -2
295.9546 	DATA 	** broke sampling loop (<.5s left in trial) **
295.9552 	DATA 	samplingCount: 9
295.9553 	DATA 	Think Onset
295.9585 	EXP 	unnamed Rect: lineColor = 'white (named)'
295.9585 	EXP 	unnamed Rect: lineColor = 'white (named)'
298.9853 	DATA 	Decide Onset
299.3292 	DATA 	Keypress: 2
299.3293 	DATA 	Decision Button Press: ['2']
299.3293 	DATA 	Decision Response: 2
299.3328 	EXP 	unnamed Rect: lineColor = 'red (named)'
299.8487 	DATA 	ITI Onset
299.8518 	EXP 	unnamed Rect: lineColor = 'white (named)'
299.8518 	EXP 	unnamed Rect: lineColor = 'white (named)'
299.8518 	EXP 	unnamed TextStim: text = '-7'
299.8518 	EXP 	unnamed TextStim: text = '-2'
302.9185 	DATA 	Trial End Time - totalITI: 3.05298036244
302.9189 	EXP 	New trial (rep=0, index=12): {'P1_1': '0.4', 'P1_2': '1', 'SafeOption': '2', 'P2_2': '0', 'O2_2': '0', 'O2_1': '-20', 'ProbNumber': 'MD4', 'O1_2': '-4', 'O1_1': '15', 'EV2': '-4', 'EV1': '-6', 'ProbType': 'MD', 'P2_1': '0.6'}
302.9190 	DATA 	Trial Onset - ProblemType: MD, ProblemNumber: MD4, leftRight: 0, samplingDur: 15, assignedITI: 1.7267
302.9190 	DATA 	Sampling Onset
303.7023 	DATA 	Keypress: 2
303.7178 	EXP 	unnamed TextStim: text = '-4'
304.2313 	DATA 	Sampled Response: 2, Outcome Shown: -4
304.3857 	DATA 	Keypress: 2
304.4178 	EXP 	unnamed TextStim: text = '-4'
304.9206 	DATA 	Sampled Response: 2, Outcome Shown: -4
304.9346 	DATA 	Keypress: 1
304.9510 	EXP 	unnamed TextStim: text = '-20'
305.4535 	DATA 	Sampled Response: 1, Outcome Shown: -20
305.4845 	DATA 	Keypress: 1
305.5009 	EXP 	unnamed TextStim: text = '+15'
306.0026 	DATA 	Sampled Response: 1, Outcome Shown: +15
306.1013 	DATA 	Keypress: 1
306.1177 	EXP 	unnamed TextStim: text = '+15'
306.6318 	DATA 	Sampled Response: 1, Outcome Shown: +15
306.6321 	DATA 	Keypress: 1
313.6501 	DATA 	Keypress: 1
313.6667 	EXP 	unnamed TextStim: text = '-20'
314.1728 	DATA 	Sampled Response: 1, Outcome Shown: -20
315.8167 	DATA 	Keypress: 1
315.8331 	EXP 	unnamed TextStim: text = '+15'
316.3205 	DATA 	Sampled Response: 1, Outcome Shown: +15
317.4331 	DATA 	** broke sampling loop (<.5s left in trial) **
317.4337 	DATA 	samplingCount: 7
317.4337 	DATA 	Think Onset
317.4495 	EXP 	unnamed Rect: lineColor = 'white (named)'
317.4495 	EXP 	unnamed Rect: lineColor = 'white (named)'
318.5002 	DATA 	Keypress: 1
320.4661 	DATA 	Decide Onset
320.8330 	DATA 	Keypress: 1
320.8331 	DATA 	Decision Button Press: ['1']
320.8331 	DATA 	Decision Response: 1
320.8366 	EXP 	unnamed Rect: lineColor = 'red (named)'
321.3441 	DATA 	ITI Onset
321.3474 	EXP 	unnamed Rect: lineColor = 'white (named)'
321.3474 	EXP 	unnamed Rect: lineColor = 'white (named)'
321.3474 	EXP 	unnamed TextStim: text = '+15'
321.3474 	EXP 	unnamed TextStim: text = '-4'
324.8995 	DATA 	Trial End Time - totalITI: 3.54551673895
324.8997 	EXP 	New trial (rep=0, index=13): {'P1_1': '0.6', 'P1_2': '1', 'SafeOption': '2', 'P2_2': '0', 'O2_2': '0', 'O2_1': '0', 'ProbNumber': 'SD8', 'O1_2': '7', 'O1_1': '12', 'EV2': '7', 'EV1': '7.2', 'ProbType': 'SD', 'P2_1': '0.4'}
324.8998 	DATA 	Trial Onset - ProblemType: SD, ProblemNumber: SD8, leftRight: 0, samplingDur: 18, assignedITI: 2.274
324.8998 	DATA 	Sampling Onset
325.6824 	DATA 	Keypress: 1
325.6986 	EXP 	unnamed TextStim: text = '0'
326.1998 	DATA 	Sampled Response: 1, Outcome Shown: 0
326.3655 	DATA 	Keypress: 2
326.3819 	EXP 	unnamed TextStim: text = '+7'
326.8901 	DATA 	Sampled Response: 2, Outcome Shown: +7
326.9153 	DATA 	Keypress: 2
326.9318 	EXP 	unnamed TextStim: text = '+7'
327.4388 	DATA 	Sampled Response: 2, Outcome Shown: +7
327.4391 	DATA 	Keypress: 2
327.5157 	DATA 	Keypress: 1
327.5316 	EXP 	unnamed TextStim: text = '+12'
328.0331 	DATA 	Sampled Response: 1, Outcome Shown: +12
328.0335 	DATA 	Keypress: 1
328.5821 	DATA 	Keypress: 1
328.5984 	EXP 	unnamed TextStim: text = '0'
329.0997 	DATA 	Sampled Response: 1, Outcome Shown: 0
329.1000 	DATA 	Keypress: 2
329.4820 	DATA 	Keypress: 2
329.4984 	EXP 	unnamed TextStim: text = '+7'
330.0100 	DATA 	Sampled Response: 2, Outcome Shown: +7
330.0104 	DATA 	Keypress: 2
330.3482 	DATA 	Keypress: 1
330.3643 	EXP 	unnamed TextStim: text = '+12'
330.8712 	DATA 	Sampled Response: 1, Outcome Shown: +12
330.8715 	DATA 	Keypress: 1
331.2483 	DATA 	Keypress: 1
331.2646 	EXP 	unnamed TextStim: text = '0'
331.7658 	DATA 	Sampled Response: 1, Outcome Shown: 0
342.4135 	DATA 	** broke sampling loop (<.5s left in trial) **
342.4142 	DATA 	samplingCount: 8
342.4142 	DATA 	Think Onset
342.4300 	EXP 	unnamed Rect: lineColor = 'white (named)'
342.4300 	EXP 	unnamed Rect: lineColor = 'white (named)'
345.2303 	DATA 	Keypress: 1
345.4462 	DATA 	Decide Onset
345.6811 	DATA 	Keypress: 1
345.6812 	DATA 	Decision Button Press: ['1']
345.6812 	DATA 	Decision Response: 1
345.6848 	EXP 	unnamed Rect: lineColor = 'red (named)'
346.1971 	DATA 	ITI Onset
346.2001 	EXP 	unnamed Rect: lineColor = 'white (named)'
346.2001 	EXP 	unnamed Rect: lineColor = 'white (named)'
346.2001 	EXP 	unnamed TextStim: text = '0'
346.2001 	EXP 	unnamed TextStim: text = '+7'
350.4298 	DATA 	Trial End Time - totalITI: 4.22519088963
350.4300 	EXP 	New trial (rep=0, index=14): {'P1_1': '0.8', 'P1_2': '1', 'SafeOption': '2', 'P2_2': '0', 'O2_2': '0', 'O2_1': '0', 'ProbNumber': 'SD6', 'O1_2': '12', 'O1_1': '14', 'EV2': '12', 'EV1': '11.2', 'ProbType': 'SD', 'P2_1': '0.2'}
350.4301 	DATA 	Trial Onset - ProblemType: SD, ProblemNumber: SD6, leftRight: 1, samplingDur: 15, assignedITI: 1.048
350.4301 	DATA 	Sampling Onset
352.3792 	DATA 	Keypress: 1
352.3956 	EXP 	unnamed TextStim: text = '+12'
352.8871 	DATA 	Sampled Response: 2, Outcome Shown: +14
353.1125 	DATA 	Keypress: 2
353.1289 	EXP 	unnamed TextStim: text = '+14'
353.6383 	DATA 	Sampled Response: 1, Outcome Shown: +12
353.6386 	DATA 	Keypress: 2
353.8790 	DATA 	Keypress: 2
353.8955 	EXP 	unnamed TextStim: text = '+14'
354.4077 	DATA 	Sampled Response: 1, Outcome Shown: +12
354.6789 	DATA 	Keypress: 1
354.6953 	EXP 	unnamed TextStim: text = '+12'
355.2066 	DATA 	Sampled Response: 2, Outcome Shown: 0
355.3623 	DATA 	Keypress: 1
355.3785 	EXP 	unnamed TextStim: text = '+12'
355.8827 	DATA 	Sampled Response: 2, Outcome Shown: +14
355.9787 	DATA 	Keypress: 1
355.9952 	EXP 	unnamed TextStim: text = '+12'
356.5098 	DATA 	Sampled Response: 2, Outcome Shown: +14
356.5948 	DATA 	Keypress: 1
356.6112 	EXP 	unnamed TextStim: text = '+12'
357.1194 	DATA 	Sampled Response: 2, Outcome Shown: +14
357.1197 	DATA 	Keypress: 1
357.4287 	DATA 	Keypress: 2
357.4450 	EXP 	unnamed TextStim: text = '+14'
357.9495 	DATA 	Sampled Response: 1, Outcome Shown: +12
357.9498 	DATA 	Keypress: 2
357.9500 	DATA 	Keypress: 2
358.1619 	DATA 	Keypress: 2
358.1783 	EXP 	unnamed TextStim: text = '0'
358.6885 	DATA 	Sampled Response: 1, Outcome Shown: +12
358.6888 	DATA 	Keypress: 2
358.9283 	DATA 	Keypress: 2
358.9446 	EXP 	unnamed TextStim: text = '0'
359.4557 	DATA 	Sampled Response: 1, Outcome Shown: +12
359.4560 	DATA 	Keypress: 2
364.9442 	DATA 	** broke sampling loop (<.5s left in trial) **
364.9449 	DATA 	samplingCount: 10
364.9449 	DATA 	Think Onset
364.9607 	EXP 	unnamed Rect: lineColor = 'white (named)'
364.9607 	EXP 	unnamed Rect: lineColor = 'white (named)'
367.9773 	DATA 	Decide Onset
368.8490 	DATA 	Keypress: 2
368.8491 	DATA 	Decision Button Press: ['2']
368.8491 	DATA 	Decision Response: 1
368.8525 	EXP 	unnamed Rect: lineColor = 'red (named)'
369.3729 	DATA 	ITI Onset
369.3761 	EXP 	unnamed Rect: lineColor = 'white (named)'
369.3761 	EXP 	unnamed Rect: lineColor = 'white (named)'
369.3761 	EXP 	unnamed TextStim: text = '+12'
369.3761 	EXP 	unnamed TextStim: text = '0'
371.7439 	DATA 	Trial End Time - totalITI: 2.36198823559
371.7441 	EXP 	New trial (rep=0, index=15): {'P1_1': '0.1', 'P1_2': '1', 'SafeOption': '2', 'P2_2': '0', 'O2_2': '0', 'O2_1': '-1', 'ProbNumber': 'MD10', 'O1_2': '2', 'O1_1': '42', 'EV2': '2', 'EV1': '3.3', 'ProbType': 'MD', 'P2_1': '0.9'}
371.7442 	DATA 	Trial Onset - ProblemType: MD, ProblemNumber: MD10, leftRight: 0, samplingDur: 16, assignedITI: 1.0098
371.7442 	DATA 	Sampling Onset
375.2932 	DATA 	Keypress: 2
375.3096 	EXP 	unnamed TextStim: text = '+2'
375.8017 	DATA 	Sampled Response: 2, Outcome Shown: +2
375.8020 	DATA 	Keypress: 2
375.9598 	DATA 	Keypress: 2
375.9761 	EXP 	unnamed TextStim: text = '+2'
376.4838 	DATA 	Sampled Response: 2, Outcome Shown: +2
376.4841 	DATA 	Keypress: 2
376.4843 	DATA 	Keypress: 2
376.5265 	DATA 	Keypress: 1
376.5426 	EXP 	unnamed TextStim: text = '-1'
377.0376 	DATA 	Sampled Response: 1, Outcome Shown: -1
377.0380 	DATA 	Keypress: 1
377.1596 	DATA 	Keypress: 1
377.1760 	EXP 	unnamed TextStim: text = '-1'
377.6782 	DATA 	Sampled Response: 1, Outcome Shown: -1
377.6785 	DATA 	Keypress: 1
377.6787 	DATA 	Keypress: 1
377.7763 	DATA 	Keypress: 1
377.7927 	EXP 	unnamed TextStim: text = '-1'
378.3032 	DATA 	Sampled Response: 1, Outcome Shown: -1
378.3035 	DATA 	Keypress: 1
378.3037 	DATA 	Keypress: 1
378.3261 	DATA 	Keypress: 1
378.3423 	EXP 	unnamed TextStim: text = '-1'
378.8521 	DATA 	Sampled Response: 1, Outcome Shown: -1
378.8524 	DATA 	Keypress: 1
378.8526 	DATA 	Keypress: 2
379.0427 	DATA 	Keypress: 2
379.0590 	EXP 	unnamed TextStim: text = '+2'
379.5570 	DATA 	Sampled Response: 2, Outcome Shown: +2
379.5574 	DATA 	Keypress: 2
379.5576 	DATA 	Keypress: 2
379.6262 	DATA 	Keypress: 2
379.6424 	EXP 	unnamed TextStim: text = '+2'
380.1547 	DATA 	Sampled Response: 2, Outcome Shown: +2
380.1550 	DATA 	Keypress: 2
380.1552 	DATA 	Keypress: 2
380.1759 	DATA 	Keypress: 2
380.1923 	EXP 	unnamed TextStim: text = '+2'
380.7021 	DATA 	Sampled Response: 2, Outcome Shown: +2
380.7024 	DATA 	Keypress: 2
380.7026 	DATA 	Keypress: 2
380.7258 	DATA 	Keypress: 2
380.7421 	EXP 	unnamed TextStim: text = '+2'
381.2512 	DATA 	Sampled Response: 2, Outcome Shown: +2
381.2515 	DATA 	Keypress: 2
381.2517 	DATA 	Keypress: 2
387.2583 	DATA 	** broke sampling loop (<.5s left in trial) **
387.2589 	DATA 	samplingCount: 10
387.2589 	DATA 	Think Onset
387.2747 	EXP 	unnamed Rect: lineColor = 'white (named)'
387.2747 	EXP 	unnamed Rect: lineColor = 'white (named)'
390.2914 	DATA 	Decide Onset
391.9210 	DATA 	Keypress: 1
391.9211 	DATA 	Decision Button Press: ['1']
391.9212 	DATA 	Decision Response: 1
391.9245 	EXP 	unnamed Rect: lineColor = 'red (named)'
392.4248 	DATA 	ITI Onset
392.4279 	EXP 	unnamed Rect: lineColor = 'white (named)'
392.4279 	EXP 	unnamed Rect: lineColor = 'white (named)'
392.4279 	EXP 	unnamed TextStim: text = '-1'
392.4279 	EXP 	unnamed TextStim: text = '+2'
394.0079 	DATA 	Trial End Time - totalITI: 1.56585677217
394.0081 	EXP 	New trial (rep=0, index=16): {'P1_1': '0.8', 'P1_2': '0.1', 'SafeOption': '1', 'P2_2': '0.9', 'O2_2': '35', 'O2_1': '40', 'ProbNumber': 'RR7', 'O1_2': '-20', 'O1_1': '24', 'EV2': '29.5', 'EV1': '27.2', 'ProbType': 'RR', 'P2_1': '0.2'}
394.0082 	DATA 	Trial Onset - ProblemType: RR, ProblemNumber: RR7, leftRight: 0, samplingDur: 15, assignedITI: 1.3679
394.0082 	DATA 	Sampling Onset
397.2573 	DATA 	Keypress: 1
397.2736 	EXP 	unnamed TextStim: text = '+24'
397.7782 	DATA 	Sampled Response: 1, Outcome Shown: +24
398.0905 	DATA 	Keypress: 2
398.1069 	EXP 	unnamed TextStim: text = '+35'
398.6086 	DATA 	Sampled Response: 2, Outcome Shown: +35
398.6089 	DATA 	Keypress: 2
398.6091 	DATA 	Keypress: 2
398.7572 	DATA 	Keypress: 2
398.7735 	EXP 	unnamed TextStim: text = '+35'
399.2825 	DATA 	Sampled Response: 2, Outcome Shown: +35
399.2828 	DATA 	Keypress: 2
399.2830 	DATA 	Keypress: 2
399.4236 	DATA 	Keypress: 2
399.4400 	EXP 	unnamed TextStim: text = '+35'
399.9424 	DATA 	Sampled Response: 2, Outcome Shown: +35
399.9427 	DATA 	Keypress: 2
400.0401 	DATA 	Keypress: 2
400.0564 	EXP 	unnamed TextStim: text = '+35'
400.5693 	DATA 	Sampled Response: 2, Outcome Shown: +35
400.5696 	DATA 	Keypress: 2
400.5699 	DATA 	Keypress: 1
400.6735 	DATA 	Keypress: 1
400.6899 	EXP 	unnamed TextStim: text = '+24'
401.1963 	DATA 	Sampled Response: 1, Outcome Shown: +24
401.1966 	DATA 	Keypress: 1
401.1968 	DATA 	Keypress: 1
401.5236 	DATA 	Keypress: 1
401.5398 	EXP 	unnamed TextStim: text = '+24'
402.0430 	DATA 	Sampled Response: 1, Outcome Shown: +24
404.2734 	DATA 	Keypress: 2
404.2897 	EXP 	unnamed TextStim: text = '+35'
404.8020 	DATA 	Sampled Response: 2, Outcome Shown: +35
404.8022 	DATA 	Keypress: 1
408.5226 	DATA 	** broke sampling loop (<.5s left in trial) **
408.5233 	DATA 	samplingCount: 8
408.5233 	DATA 	Think Onset
408.5391 	EXP 	unnamed Rect: lineColor = 'white (named)'
408.5391 	EXP 	unnamed Rect: lineColor = 'white (named)'
411.5554 	DATA 	Decide Onset
411.8491 	DATA 	Keypress: 2
411.8492 	DATA 	Decision Button Press: ['2']
411.8492 	DATA 	Decision Response: 2
411.8527 	EXP 	unnamed Rect: lineColor = 'red (named)'
412.3689 	DATA 	ITI Onset
412.3722 	EXP 	unnamed Rect: lineColor = 'white (named)'
412.3722 	EXP 	unnamed Rect: lineColor = 'white (named)'
412.3722 	EXP 	unnamed TextStim: text = '+24'
412.3722 	EXP 	unnamed TextStim: text = '+35'
415.6388 	DATA 	Trial End Time - totalITI: 3.25955999629
415.6390 	EXP 	New trial (rep=0, index=17): {'P1_1': '0.4', 'P1_2': '0.4', 'SafeOption': '1', 'P2_2': '0.6', 'O2_2': '17', 'O2_1': '12', 'ProbNumber': 'RR2', 'O1_2': '-5', 'O1_1': '5', 'EV2': '8.2', 'EV1': '9.2', 'ProbType': 'RR', 'P2_1': '0.6'}
415.6391 	DATA 	Trial Onset - ProblemType: RR, ProblemNumber: RR2, leftRight: 0, samplingDur: 19, assignedITI: 1.8631
415.6391 	DATA 	Sampling Onset
417.3886 	DATA 	Keypress: 1
417.4049 	EXP 	unnamed TextStim: text = '+5'
417.9122 	DATA 	Sampled Response: 1, Outcome Shown: +5
417.9125 	DATA 	Keypress: 1
418.0217 	DATA 	Keypress: 1
418.0380 	EXP 	unnamed TextStim: text = '+5'
418.5383 	DATA 	Sampled Response: 1, Outcome Shown: +5
418.5386 	DATA 	Keypress: 1
418.5389 	DATA 	Keypress: 1
418.6891 	DATA 	Keypress: 2
418.7211 	EXP 	unnamed TextStim: text = '+17'
419.2272 	DATA 	Sampled Response: 2, Outcome Shown: +17
419.2275 	DATA 	Keypress: 2
419.2277 	DATA 	Keypress: 2
419.3548 	DATA 	Keypress: 2
419.3713 	EXP 	unnamed TextStim: text = '-5'
419.8703 	DATA 	Sampled Response: 2, Outcome Shown: -5
419.8706 	DATA 	Keypress: 2
419.8708 	DATA 	Keypress: 2
420.0047 	DATA 	Keypress: 2
420.0210 	EXP 	unnamed TextStim: text = '+17'
420.5168 	DATA 	Sampled Response: 2, Outcome Shown: +17
420.6543 	DATA 	Keypress: 2
420.6708 	EXP 	unnamed TextStim: text = '+17'
421.1720 	DATA 	Sampled Response: 2, Outcome Shown: +17
421.1724 	DATA 	Keypress: 1
421.3539 	DATA 	Keypress: 1
421.3704 	EXP 	unnamed TextStim: text = '+12'
421.8772 	DATA 	Sampled Response: 1, Outcome Shown: +12
422.2543 	DATA 	Keypress: 1
422.2708 	EXP 	unnamed TextStim: text = '+12'
422.7729 	DATA 	Sampled Response: 1, Outcome Shown: +12
423.4540 	DATA 	Keypress: 1
423.4709 	EXP 	unnamed TextStim: text = '+12'
423.9785 	DATA 	Sampled Response: 1, Outcome Shown: +12
429.0701 	DATA 	Keypress: 1
429.0862 	EXP 	unnamed TextStim: text = '+12'
429.5924 	DATA 	Sampled Response: 1, Outcome Shown: +12
434.1529 	DATA 	** broke sampling loop (<.5s left in trial) **
434.1535 	DATA 	samplingCount: 10
434.1535 	DATA 	Think Onset
434.1694 	EXP 	unnamed Rect: lineColor = 'white (named)'
434.1694 	EXP 	unnamed Rect: lineColor = 'white (named)'
437.1859 	DATA 	Decide Onset
437.4410 	DATA 	Keypress: 1
437.4411 	DATA 	Decision Button Press: ['1']
437.4411 	DATA 	Decision Response: 1
437.4445 	EXP 	unnamed Rect: lineColor = 'red (named)'
437.9566 	DATA 	ITI Onset
437.9598 	EXP 	unnamed Rect: lineColor = 'white (named)'
437.9598 	EXP 	unnamed Rect: lineColor = 'white (named)'
437.9598 	EXP 	unnamed TextStim: text = '+12'
437.9598 	EXP 	unnamed TextStim: text = '+17'
441.7525 	DATA 	Trial End Time - totalITI: 3.79404198667
441.8509 	INFO 	saved wide-format data to logs/DE240/DE240_ebdm_run_1.csv
441.8509 	DATA 	*****END RUN 1*****
441.8859 	EXP 	window1: mouseVisible = True
