5.2621 	INFO 	Loaded monitor calibration from ['2018_10_30 09:12']
5.2640 	WARNING 	User requested fullscreen with size [800 600], but screen is actually [1920, 1080]. Using actual size
5.8940 	EXP 	Created window1 = Window(allowGUI=False, allowStencil=False, args=UNKNOWN, autoLog=True, bitsMode=UNKNOWN, blendMode='avg', color='black', colorSpace='named', fullscr=UNKNOWN, gamma=None, kwargs=UNKNOWN, lms=UNKNOWN, monitor=<psychopy.monitors.calibTools.Monitor object at 0x15134EF0>, multiSample=False, name='window1', numSamples=2, pos=[0, 0], screen=0, size=array([1920, 1080]), stereo=False, units='deg', useFBO=False, useRetina=False, viewOri=0.0, viewPos=None, viewScale=None, waitBlanking=True, winType='pyglet')
5.9466 	EXP 	Created unnamed TextStim = TextStim(alignHoriz='center', alignVert='center', antialias=True, autoLog=True, bold=False, color=array([ 1.,  1.,  1.]), colorSpace='rgb', contrast=1.0, depth=0, flipHoriz=False, flipVert=False, font='', fontFiles=[], height=2, italic=False, name='unnamed TextStim', opacity=1.0, ori=0.0, pos=array([ 0.,  0.]), rgb=array([ 1.,  1.,  1.]), text='+', units='deg', win=Window(...), wrapWidth=15.0)
5.9910 	EXP 	Created unnamed TextStim = TextStim(alignHoriz='center', alignVert='center', antialias=True, autoLog=True, bold=False, color=array([ 1.,  1.,  1.]), colorSpace='rgb', contrast=1.0, depth=0, flipHoriz=False, flipVert=False, font='', fontFiles=[], height=1.5, italic=False, name='unnamed TextStim', opacity=1.0, ori=0.0, pos=array([ 0.,  0.]), rgb=array([ 1.,  1.,  1.]), text=newstr(...), units='deg', win=Window(...), wrapWidth=15.0)
6.0100 	EXP 	Created unnamed TextStim = TextStim(alignHoriz='center', alignVert='center', antialias=True, autoLog=True, bold=False, color=array([ 1.,  1.,  1.]), colorSpace='rgb', contrast=1.0, depth=0, flipHoriz=False, flipVert=False, font='', fontFiles=[], height=1.5, italic=False, name='unnamed TextStim', opacity=1.0, ori=0.0, pos=array([ 0.,  0.]), rgb=array([ 1.,  1.,  1.]), text='Waiting for scanner...', units='deg', win=Window(...), wrapWidth=15.0)
6.0331 	EXP 	Created unnamed TextStim = TextStim(alignHoriz='center', alignVert='center', antialias=True, autoLog=True, bold=False, color='white', colorSpace='named', contrast=1.0, depth=0, flipHoriz=False, flipVert=False, font='', fontFiles=[], height=1, italic=False, name='unnamed TextStim', opacity=1.0, ori=0.0, pos=array([ 0.,  0.]), rgb=array([ 255.,  255.,  255.]), text='Press SPACE to continue.', units='deg', win=Window(...), wrapWidth=15.0)
6.0451 	EXP 	Created unnamed TextStim = TextStim(alignHoriz='center', alignVert='center', antialias=True, autoLog=True, bold=False, color=array([ 1.,  1.,  1.]), colorSpace='rgb', contrast=1.0, depth=0, flipHoriz=False, flipVert=False, font='', fontFiles=[], height=0.1, italic=False, name='unnamed TextStim', opacity=1.0, ori=0.0, pos=array([ 0.,  0.]), rgb=array([ 1.,  1.,  1.]), text='THINK', units='norm', win=Window(...), wrapWidth=1)
6.0533 	EXP 	Created unnamed TextStim = TextStim(alignHoriz='center', alignVert='center', antialias=True, autoLog=True, bold=False, color=array([ 1.,  1.,  1.]), colorSpace='rgb', contrast=1.0, depth=0, flipHoriz=False, flipVert=False, font='', fontFiles=[], height=0.1, italic=False, name='unnamed TextStim', opacity=1.0, ori=0.0, pos=array([ 0.,  0.]), rgb=array([ 1.,  1.,  1.]), text='DECIDE', units='norm', win=Window(...), wrapWidth=1)
6.0590 	EXP 	<method-wrapper '__getattribute__' of attributeSetter object at 0x05982190>: vertices = array([[-0.275     ,  0.48888889],
       [ 0.275     ,  0.48888889],
       [ 0.275     , -0.48888889],
       [-0.275     , -0.48888889]])
6.0599 	EXP 	Created unnamed Rect = Rect(autoDraw=False, autoLog=True, closeShape=True, contrast=1.0, depth=0, fillColor=None, fillColorSpace='rgb', fillRGB=None, interpolate=True, lineColor='white', lineColorSpace='named', lineRGB=array([ 255.,  255.,  255.]), lineWidth=3.5, name='unnamed Rect', opacity=1.0, ori=array(0.0), pos=array([-0.5125    , -0.09444444]), size=array([ 1.,  1.]), units='norm', vertices=ndarray(...), win=Window(...))
6.0602 	EXP 	<method-wrapper '__getattribute__' of attributeSetter object at 0x05982190>: vertices = array([[-0.275     ,  0.48888889],
       [ 0.275     ,  0.48888889],
       [ 0.275     , -0.48888889],
       [-0.275     , -0.48888889]])
6.0610 	EXP 	Created unnamed Rect = Rect(autoDraw=False, autoLog=True, closeShape=True, contrast=1.0, depth=0, fillColor=None, fillColorSpace='rgb', fillRGB=None, interpolate=True, lineColor='white', lineColorSpace='named', lineRGB=array([ 255.,  255.,  255.]), lineWidth=3.5, name='unnamed Rect', opacity=1.0, ori=array(0.0), pos=array([ 0.4875    , -0.09444444]), size=array([ 1.,  1.]), units='norm', vertices=ndarray(...), win=Window(...))
6.0844 	EXP 	Created unnamed TextStim = TextStim(alignHoriz='center', alignVert='center', antialias=True, autoLog=True, bold=False, color=array([ 1.,  1.,  1.]), colorSpace='rgb', contrast=1.0, depth=0, flipHoriz=False, flipVert=False, font='', fontFiles=[], height=0.2, italic=False, name='unnamed TextStim', opacity=1.0, ori=0.0, pos=array([-0.5125    , -0.09444444]), rgb=array([ 1.,  1.,  1.]), text='Hello World', units='norm', win=Window(...), wrapWidth=1)
6.0945 	EXP 	Created unnamed TextStim = TextStim(alignHoriz='center', alignVert='center', antialias=True, autoLog=True, bold=False, color=array([ 1.,  1.,  1.]), colorSpace='rgb', contrast=1.0, depth=0, flipHoriz=False, flipVert=False, font='', fontFiles=[], height=0.2, italic=False, name='unnamed TextStim', opacity=1.0, ori=0.0, pos=array([ 0.4875    , -0.09444444]), rgb=array([ 1.,  1.,  1.]), text='Hello World', units='norm', win=Window(...), wrapWidth=1)
6.1047 	EXP 	Created unnamed TextStim = TextStim(alignHoriz='center', alignVert='center', antialias=True, autoLog=True, bold=False, color=array([ 1.,  1.,  1.]), colorSpace='rgb', contrast=1.0, depth=0, flipHoriz=False, flipVert=False, font='', fontFiles=[], height=0.1, italic=False, name='unnamed TextStim', opacity=1.0, ori=0.0, pos=array([-0.5125    , -0.82777778]), rgb=array([ 1.,  1.,  1.]), text='Press 1', units='norm', win=Window(...), wrapWidth=1)
6.1133 	EXP 	Created unnamed TextStim = TextStim(alignHoriz='center', alignVert='center', antialias=True, autoLog=True, bold=False, color=array([ 1.,  1.,  1.]), colorSpace='rgb', contrast=1.0, depth=0, flipHoriz=False, flipVert=False, font='', fontFiles=[], height=0.1, italic=False, name='unnamed TextStim', opacity=1.0, ori=0.0, pos=array([ 0.4875    , -0.82777778]), rgb=array([ 1.,  1.,  1.]), text='Press 2', units='norm', win=Window(...), wrapWidth=1)
6.1946 	EXP 	Created unnamed ImageStim = ImageStim(autoLog=True, color=array([ 1.,  1.,  1.]), colorSpace='rgb', contrast=1.0, depth=0, flipHoriz=False, flipVert=False, image=str(...), interpolate=False, mask=None, maskParams=None, name='unnamed ImageStim', opacity=1.0, ori=0.0, pos=array([ 0.,  0.]), size=array([ 1.35416667,  1.3537037 ]), texRes=128, units='norm', win=Window(...))
6.2743 	EXP 	Created unnamed ImageStim = ImageStim(autoLog=True, color=array([ 1.,  1.,  1.]), colorSpace='rgb', contrast=1.0, depth=0, flipHoriz=False, flipVert=False, image=str(...), interpolate=False, mask=None, maskParams=None, name='unnamed ImageStim', opacity=1.0, ori=0.0, pos=array([ 0.,  0.]), size=array([ 1.35416667,  1.3537037 ]), texRes=128, units='norm', win=Window(...))
6.3476 	EXP 	Created unnamed ImageStim = ImageStim(autoLog=True, color=array([ 1.,  1.,  1.]), colorSpace='rgb', contrast=1.0, depth=0, flipHoriz=False, flipVert=False, image=str(...), interpolate=False, mask=None, maskParams=None, name='unnamed ImageStim', opacity=1.0, ori=0.0, pos=array([ 0.,  0.]), size=array([ 1.35416667,  1.3537037 ]), texRes=128, units='norm', win=Window(...))
6.4254 	EXP 	Created unnamed ImageStim = ImageStim(autoLog=True, color=array([ 1.,  1.,  1.]), colorSpace='rgb', contrast=1.0, depth=0, flipHoriz=False, flipVert=False, image=str(...), interpolate=False, mask=None, maskParams=None, name='unnamed ImageStim', opacity=1.0, ori=0.0, pos=array([ 0.,  0.]), size=array([ 1.35416667,  1.3537037 ]), texRes=128, units='norm', win=Window(...))
6.4318 	EXP 	Created sequence: sequential, trialTypes=18, nReps=1, seed=None
6.6926 	DEBUG 	Using S:\Chein_Group\People\LizBeard\DEGap_bPilotv2\SamplingMachine_bPilotv2.py as origin file
6.6964 	EXP 	Created sequence: sequential, trialTypes=18, nReps=1, seed=None
6.6972 	DEBUG 	Using S:\Chein_Group\People\LizBeard\DEGap_bPilotv2\SamplingMachine_bPilotv2.py as origin file
0.0035 	DATA 	** START RUN 1 **
7.4346 	DATA 	Keypress: space
9.3064 	DATA 	Keypress: space
10.2024 	DATA 	Keypress: space
11.5783 	DATA 	Keypress: space
11.5787 	EXP 	New trial (rep=0, index=0): {'P1_1': '0.8', 'P1_2': '1', 'SafeOption': '2', 'P2_2': '0', 'O2_2': '0', 'O2_1': '0', 'ProbNumber': 'SD4', 'O1_2': '-3', 'O1_1': '-4', 'EV2': '-3', 'EV1': '-3.2', 'ProbType': 'SD', 'P2_1': '0.2'}
11.5788 	DATA 	Trial Onset - ProblemType: SD, ProblemNumber: SD4, leftRight: 1, samplingDur: 15, assignedITI: 1.0587
11.5789 	DATA 	Sampling Onset
12.2048 	DATA 	Keypress: 1
12.2227 	EXP 	unnamed TextStim: text = '-3'
12.7222 	DATA 	Sampled Response: 2, Outcome Shown: -4
12.7224 	DATA 	Keypress: 1
13.3226 	DATA 	Keypress: 1
13.3259 	EXP 	unnamed TextStim: text = '-3'
13.8252 	DATA 	Sampled Response: 2, Outcome Shown: -4
14.1349 	DATA 	Keypress: 1
14.1387 	EXP 	unnamed TextStim: text = '-3'
14.6382 	DATA 	Sampled Response: 2, Outcome Shown: 0
14.8607 	DATA 	Keypress: 1
14.8640 	EXP 	unnamed TextStim: text = '-3'
15.3632 	DATA 	Sampled Response: 2, Outcome Shown: -4
15.4186 	DATA 	Keypress: 1
15.4220 	EXP 	unnamed TextStim: text = '-3'
15.9213 	DATA 	Sampled Response: 2, Outcome Shown: -4
15.9393 	DATA 	Keypress: 1
15.9427 	EXP 	unnamed TextStim: text = '-3'
16.4423 	DATA 	Sampled Response: 2, Outcome Shown: -4
16.4425 	DATA 	Keypress: 1
16.8187 	DATA 	Keypress: 1
16.8220 	EXP 	unnamed TextStim: text = '-3'
17.3213 	DATA 	Sampled Response: 2, Outcome Shown: -4
17.3215 	DATA 	Keypress: 1
17.5084 	DATA 	Keypress: 1
17.5116 	EXP 	unnamed TextStim: text = '-3'
18.0113 	DATA 	Sampled Response: 2, Outcome Shown: -4
18.0115 	DATA 	Keypress: 2
18.3147 	DATA 	Keypress: 2
18.3271 	EXP 	unnamed TextStim: text = '-4'
18.8263 	DATA 	Sampled Response: 1, Outcome Shown: -3
18.9187 	DATA 	Keypress: 2
18.9220 	EXP 	unnamed TextStim: text = '-4'
19.4213 	DATA 	Sampled Response: 1, Outcome Shown: -3
19.4215 	DATA 	Keypress: 2
19.8908 	DATA 	Keypress: 2
19.8969 	EXP 	unnamed TextStim: text = '-4'
20.3963 	DATA 	Sampled Response: 1, Outcome Shown: -3
20.6278 	DATA 	Keypress: 2
20.6337 	EXP 	unnamed TextStim: text = '-4'
21.1334 	DATA 	Sampled Response: 1, Outcome Shown: -3
21.3794 	DATA 	Keypress: 2
21.3851 	EXP 	unnamed TextStim: text = '-4'
21.8844 	DATA 	Sampled Response: 1, Outcome Shown: -3
22.1462 	DATA 	Keypress: 2
22.1548 	EXP 	unnamed TextStim: text = '-4'
22.6544 	DATA 	Sampled Response: 1, Outcome Shown: -3
22.9023 	DATA 	Keypress: 2
22.9056 	EXP 	unnamed TextStim: text = '-4'
23.4054 	DATA 	Sampled Response: 1, Outcome Shown: -3
23.5070 	DATA 	Keypress: 2
23.5103 	EXP 	unnamed TextStim: text = '-4'
24.0104 	DATA 	Sampled Response: 1, Outcome Shown: -3
24.2900 	DATA 	Keypress: 2
24.2961 	EXP 	unnamed TextStim: text = '-4'
24.7954 	DATA 	Sampled Response: 1, Outcome Shown: -3
24.7956 	DATA 	Keypress: 2
25.0900 	DATA 	Keypress: 2
25.0933 	EXP 	unnamed TextStim: text = '-4'
25.5925 	DATA 	Sampled Response: 1, Outcome Shown: -3
25.5927 	DATA 	Keypress: 2
25.5929 	DATA 	Keypress: 2
25.7392 	DATA 	Keypress: 2
25.7426 	EXP 	unnamed TextStim: text = '-4'
26.2425 	DATA 	Sampled Response: 1, Outcome Shown: -3
26.2427 	DATA 	Keypress: 2
26.2429 	DATA 	Keypress: 2
26.2430 	DATA 	** broke sampling loop (<.5s left in trial) **
26.2442 	DATA 	samplingCount: 19
26.2442 	DATA 	Think Onset
26.2455 	EXP 	unnamed Rect: lineColor = 'white (named)'
26.2455 	EXP 	unnamed Rect: lineColor = 'white (named)'
26.3190 	DATA 	Keypress: 2
26.5006 	DATA 	Keypress: 2
29.2515 	DATA 	Decide Onset
30.0736 	DATA 	Keypress: 1
30.0736 	DATA 	Decision Button Press: ['1']
30.0737 	DATA 	Decision Response: 2
30.0752 	EXP 	unnamed Rect: lineColor = 'red (named)'
30.5820 	DATA 	ITI Onset
30.5831 	EXP 	unnamed Rect: lineColor = 'white (named)'
30.5831 	EXP 	unnamed Rect: lineColor = 'white (named)'
30.5831 	EXP 	unnamed TextStim: text = '-3'
30.5831 	EXP 	unnamed TextStim: text = '-4'
32.8578 	DATA 	Trial End Time - totalITI: 2.27218668372
32.8580 	EXP 	New trial (rep=0, index=1): {'P1_1': '0.9', 'P1_2': '0.7', 'SafeOption': '1', 'P2_2': '0.3', 'O2_2': '25', 'O2_1': '15', 'ProbNumber': 'RR10', 'O1_2': '-3', 'O1_1': '5', 'EV2': '5.4', 'EV1': '6', 'ProbType': 'RR', 'P2_1': '0.1'}
32.8582 	DATA 	Trial Onset - ProblemType: RR, ProblemNumber: RR10, leftRight: 1, samplingDur: 16, assignedITI: 1.2135
32.8582 	DATA 	Sampling Onset
33.4849 	DATA 	Keypress: 1
33.4882 	EXP 	unnamed TextStim: text = '-3'
33.9876 	DATA 	Sampled Response: 2, Outcome Shown: +5
33.9879 	DATA 	Keypress: 1
33.9880 	DATA 	Keypress: 1
34.2681 	DATA 	Keypress: 1
34.2786 	EXP 	unnamed TextStim: text = '+25'
34.7786 	DATA 	Sampled Response: 2, Outcome Shown: +5
35.2018 	DATA 	Keypress: 1
35.2075 	EXP 	unnamed TextStim: text = '-3'
35.7067 	DATA 	Sampled Response: 2, Outcome Shown: +5
35.8178 	DATA 	Keypress: 1
35.8239 	EXP 	unnamed TextStim: text = '+25'
36.3237 	DATA 	Sampled Response: 2, Outcome Shown: +5
36.4756 	DATA 	Keypress: 1
36.4809 	EXP 	unnamed TextStim: text = '-3'
36.9807 	DATA 	Sampled Response: 2, Outcome Shown: +5
37.0687 	DATA 	Keypress: 1
37.0720 	EXP 	unnamed TextStim: text = '-3'
37.5717 	DATA 	Sampled Response: 2, Outcome Shown: +5
37.6834 	DATA 	Keypress: 1
37.6867 	EXP 	unnamed TextStim: text = '-3'
38.1867 	DATA 	Sampled Response: 2, Outcome Shown: +5
38.3186 	DATA 	Keypress: 1
38.3220 	EXP 	unnamed TextStim: text = '-3'
38.8217 	DATA 	Sampled Response: 2, Outcome Shown: +15
39.0671 	DATA 	Keypress: 2
39.0724 	EXP 	unnamed TextStim: text = '+5'
39.5718 	DATA 	Sampled Response: 1, Outcome Shown: -3
39.6736 	DATA 	Keypress: 2
39.6799 	EXP 	unnamed TextStim: text = '+5'
40.1798 	DATA 	Sampled Response: 1, Outcome Shown: +25
40.3025 	DATA 	Keypress: 2
40.3059 	EXP 	unnamed TextStim: text = '+5'
40.8058 	DATA 	Sampled Response: 1, Outcome Shown: -3
40.9177 	DATA 	Keypress: 2
40.9212 	EXP 	unnamed TextStim: text = '+5'
41.4208 	DATA 	Sampled Response: 1, Outcome Shown: -3
41.4210 	DATA 	Keypress: w
41.5060 	DATA 	Keypress: 2
41.5122 	EXP 	unnamed TextStim: text = '+5'
42.0118 	DATA 	Sampled Response: 1, Outcome Shown: -3
42.1338 	DATA 	Keypress: 2
42.1372 	EXP 	unnamed TextStim: text = '+5'
42.6368 	DATA 	Sampled Response: 1, Outcome Shown: -3
42.7054 	DATA 	Keypress: 2
42.7090 	EXP 	unnamed TextStim: text = '+5'
43.2088 	DATA 	Sampled Response: 1, Outcome Shown: +25
43.2837 	DATA 	Keypress: 2
43.2874 	EXP 	unnamed TextStim: text = '+5'
43.7869 	DATA 	Sampled Response: 1, Outcome Shown: -3
43.8438 	DATA 	Keypress: 2
43.8503 	EXP 	unnamed TextStim: text = '+5'
44.3499 	DATA 	Sampled Response: 1, Outcome Shown: -3
44.3535 	DATA 	Keypress: 2
44.3550 	EXP 	unnamed TextStim: text = '+5'
44.8549 	DATA 	Sampled Response: 1, Outcome Shown: -3
44.8581 	DATA 	Keypress: 1
44.8645 	EXP 	unnamed TextStim: text = '+25'
45.3639 	DATA 	Sampled Response: 2, Outcome Shown: +5
45.3643 	DATA 	Keypress: 1
45.8343 	DATA 	Keypress: 1
45.8400 	EXP 	unnamed TextStim: text = '-3'
46.3399 	DATA 	Sampled Response: 2, Outcome Shown: +5
46.4347 	DATA 	Keypress: 1
46.4381 	EXP 	unnamed TextStim: text = '-3'
46.9379 	DATA 	Sampled Response: 2, Outcome Shown: +5
47.0690 	DATA 	Keypress: 1
47.0723 	EXP 	unnamed TextStim: text = '-3'
47.5720 	DATA 	Sampled Response: 2, Outcome Shown: +5
47.5935 	DATA 	Keypress: 1
47.5995 	EXP 	unnamed TextStim: text = '-3'
48.0989 	DATA 	Sampled Response: 2, Outcome Shown: +5
48.1212 	DATA 	Keypress: 1
48.1275 	EXP 	unnamed TextStim: text = '-3'
48.6270 	DATA 	Sampled Response: 2, Outcome Shown: +5
48.6271 	DATA 	** broke sampling loop (<.5s left in trial) **
48.6281 	DATA 	samplingCount: 24
48.6281 	DATA 	Think Onset
48.6295 	EXP 	unnamed Rect: lineColor = 'white (named)'
48.6295 	EXP 	unnamed Rect: lineColor = 'white (named)'
48.6747 	DATA 	Keypress: 1
51.6373 	DATA 	Decide Onset
52.0646 	DATA 	Keypress: 2
52.0647 	DATA 	Decision Button Press: ['2']
52.0647 	DATA 	Decision Response: 1
52.0661 	EXP 	unnamed Rect: lineColor = 'red (named)'
52.5730 	DATA 	ITI Onset
52.5740 	EXP 	unnamed Rect: lineColor = 'white (named)'
52.5740 	EXP 	unnamed Rect: lineColor = 'white (named)'
52.5740 	EXP 	unnamed TextStim: text = '-3'
52.5740 	EXP 	unnamed TextStim: text = '+5'
55.2911 	DATA 	Trial End Time - totalITI: 2.71692612648
55.2914 	EXP 	New trial (rep=0, index=2): {'P1_1': '0.8', 'P1_2': '1', 'SafeOption': '2', 'P2_2': '0', 'O2_2': '0', 'O2_1': '0', 'ProbNumber': 'SD9', 'O1_2': '13', 'O1_1': '16', 'EV2': '13', 'EV1': '12.8', 'ProbType': 'SD', 'P2_1': '0.2'}
55.2915 	DATA 	Trial Onset - ProblemType: SD, ProblemNumber: SD9, leftRight: 1, samplingDur: 15, assignedITI: 1.233
55.2916 	DATA 	Sampling Onset
55.9546 	DATA 	Keypress: 1
55.9629 	EXP 	unnamed TextStim: text = '+13'
56.4621 	DATA 	Sampled Response: 2, Outcome Shown: 0
56.6506 	DATA 	Keypress: 1
56.6538 	EXP 	unnamed TextStim: text = '+13'
57.1531 	DATA 	Sampled Response: 2, Outcome Shown: +16
57.3948 	DATA 	Keypress: 1
57.4006 	EXP 	unnamed TextStim: text = '+13'
57.9002 	DATA 	Sampled Response: 2, Outcome Shown: 0
58.1618 	DATA 	Keypress: 1
58.1676 	EXP 	unnamed TextStim: text = '+13'
58.6672 	DATA 	Sampled Response: 2, Outcome Shown: +16
58.9371 	DATA 	Keypress: 1
58.9432 	EXP 	unnamed TextStim: text = '+13'
59.4432 	DATA 	Sampled Response: 2, Outcome Shown: +16
59.6505 	DATA 	Keypress: 1
59.6538 	EXP 	unnamed TextStim: text = '+13'
60.1532 	DATA 	Sampled Response: 2, Outcome Shown: +16
60.3928 	DATA 	Keypress: 1
60.3988 	EXP 	unnamed TextStim: text = '+13'
60.8981 	DATA 	Sampled Response: 2, Outcome Shown: +16
60.9846 	DATA 	Keypress: 1
60.9906 	EXP 	unnamed TextStim: text = '+13'
61.4902 	DATA 	Sampled Response: 2, Outcome Shown: +16
61.5544 	DATA 	Keypress: 1
61.5579 	EXP 	unnamed TextStim: text = '+13'
62.0572 	DATA 	Sampled Response: 2, Outcome Shown: +16
62.0574 	DATA 	Keypress: 1
62.5047 	DATA 	Keypress: 1
62.5107 	EXP 	unnamed TextStim: text = '+13'
63.0103 	DATA 	Sampled Response: 2, Outcome Shown: +16
63.2100 	DATA 	Keypress: 2
63.2189 	EXP 	unnamed TextStim: text = '+16'
63.7183 	DATA 	Sampled Response: 1, Outcome Shown: +13
63.7185 	DATA 	Keypress: 2
64.1128 	DATA 	Keypress: 2
64.1213 	EXP 	unnamed TextStim: text = '+16'
64.6213 	DATA 	Sampled Response: 1, Outcome Shown: +13
64.8906 	DATA 	Keypress: 2
64.8939 	EXP 	unnamed TextStim: text = '+16'
65.3933 	DATA 	Sampled Response: 1, Outcome Shown: +13
65.6251 	DATA 	Keypress: 2
65.6284 	EXP 	unnamed TextStim: text = '+16'
66.1283 	DATA 	Sampled Response: 1, Outcome Shown: +13
66.3013 	DATA 	Keypress: 2
66.3047 	EXP 	unnamed TextStim: text = '+16'
66.8043 	DATA 	Sampled Response: 1, Outcome Shown: +13
66.9846 	DATA 	Keypress: 2
66.9907 	EXP 	unnamed TextStim: text = '+16'
67.4904 	DATA 	Sampled Response: 1, Outcome Shown: +13
67.6328 	DATA 	Keypress: 2
67.6361 	EXP 	unnamed TextStim: text = '+16'
68.1354 	DATA 	Sampled Response: 1, Outcome Shown: +13
68.3205 	DATA 	Keypress: 2
68.3237 	EXP 	unnamed TextStim: text = '+16'
68.8234 	DATA 	Sampled Response: 1, Outcome Shown: +13
68.9603 	DATA 	Keypress: 2
68.9660 	EXP 	unnamed TextStim: text = '+16'
69.4654 	DATA 	Sampled Response: 1, Outcome Shown: +13
69.6668 	DATA 	Keypress: 2
69.6701 	EXP 	unnamed TextStim: text = '+16'
70.1694 	DATA 	Sampled Response: 1, Outcome Shown: +13
70.1696 	DATA 	** broke sampling loop (<.5s left in trial) **
70.1705 	DATA 	samplingCount: 20
70.1705 	DATA 	Think Onset
70.1718 	EXP 	unnamed Rect: lineColor = 'white (named)'
70.1718 	EXP 	unnamed Rect: lineColor = 'white (named)'
71.7872 	DATA 	Keypress: 2
73.1768 	DATA 	Decide Onset
73.5437 	DATA 	Keypress: 2
73.5438 	DATA 	Decision Button Press: ['2']
73.5438 	DATA 	Decision Response: 1
73.5452 	EXP 	unnamed Rect: lineColor = 'red (named)'
74.0528 	DATA 	ITI Onset
74.0538 	EXP 	unnamed Rect: lineColor = 'white (named)'
74.0538 	EXP 	unnamed Rect: lineColor = 'white (named)'
74.0538 	EXP 	unnamed TextStim: text = '+13'
74.0538 	EXP 	unnamed TextStim: text = '+16'
76.7442 	DATA 	Trial End Time - totalITI: 2.68779619141
76.7445 	EXP 	New trial (rep=0, index=3): {'P1_1': '0.3', 'P1_2': '0.5', 'SafeOption': '1', 'P2_2': '0.5', 'O2_2': '30', 'O2_1': '15', 'ProbNumber': 'RR4', 'O1_2': '-8', 'O1_1': '5', 'EV2': '11', 'EV1': '12', 'ProbType': 'RR', 'P2_1': '0.7'}
76.7446 	DATA 	Trial Onset - ProblemType: RR, ProblemNumber: RR4, leftRight: 0, samplingDur: 15, assignedITI: 1.3679
76.7446 	DATA 	Sampling Onset
77.5441 	DATA 	Keypress: 1
77.5501 	EXP 	unnamed TextStim: text = '+5'
78.0496 	DATA 	Sampled Response: 1, Outcome Shown: +5
78.2742 	DATA 	Keypress: 1
78.2803 	EXP 	unnamed TextStim: text = '+15'
78.7796 	DATA 	Sampled Response: 1, Outcome Shown: +15
79.0023 	DATA 	Keypress: 1
79.0077 	EXP 	unnamed TextStim: text = '+5'
79.5076 	DATA 	Sampled Response: 1, Outcome Shown: +5
79.6662 	DATA 	Keypress: 1
79.6723 	EXP 	unnamed TextStim: text = '+15'
80.1716 	DATA 	Sampled Response: 1, Outcome Shown: +15
80.3040 	DATA 	Keypress: 1
80.3074 	EXP 	unnamed TextStim: text = '+15'
80.8066 	DATA 	Sampled Response: 1, Outcome Shown: +15
80.9059 	DATA 	Keypress: 1
80.9114 	EXP 	unnamed TextStim: text = '+5'
81.4106 	DATA 	Sampled Response: 1, Outcome Shown: +5
81.5161 	DATA 	Keypress: 1
81.5221 	EXP 	unnamed TextStim: text = '+15'
82.0217 	DATA 	Sampled Response: 1, Outcome Shown: +15
82.1371 	DATA 	Keypress: 1
82.1405 	EXP 	unnamed TextStim: text = '+15'
82.6407 	DATA 	Sampled Response: 1, Outcome Shown: +15
82.7769 	DATA 	Keypress: 1
82.7826 	EXP 	unnamed TextStim: text = '+5'
83.2827 	DATA 	Sampled Response: 1, Outcome Shown: +5
83.3758 	DATA 	Keypress: 1
83.3872 	EXP 	unnamed TextStim: text = '+15'
83.8867 	DATA 	Sampled Response: 1, Outcome Shown: +15
84.1362 	DATA 	Keypress: 2
84.1548 	EXP 	unnamed TextStim: text = '-8'
84.6547 	DATA 	Sampled Response: 2, Outcome Shown: -8
84.7838 	DATA 	Keypress: 2
84.7956 	EXP 	unnamed TextStim: text = '+30'
85.2957 	DATA 	Sampled Response: 2, Outcome Shown: +30
85.5044 	DATA 	Keypress: 2
85.5077 	EXP 	unnamed TextStim: text = '+30'
86.0078 	DATA 	Sampled Response: 2, Outcome Shown: +30
86.2001 	DATA 	Keypress: 2
86.2095 	EXP 	unnamed TextStim: text = '-8'
86.7088 	DATA 	Sampled Response: 2, Outcome Shown: -8
87.6731 	DATA 	Keypress: 2
87.6764 	EXP 	unnamed TextStim: text = '-8'
88.1758 	DATA 	Sampled Response: 2, Outcome Shown: -8
88.5208 	DATA 	Keypress: 2
88.5276 	EXP 	unnamed TextStim: text = '+30'
89.0268 	DATA 	Sampled Response: 2, Outcome Shown: +30
89.5034 	DATA 	Keypress: 2
89.5095 	EXP 	unnamed TextStim: text = '+30'
90.0089 	DATA 	Sampled Response: 2, Outcome Shown: +30
90.2891 	DATA 	Keypress: 2
90.2926 	EXP 	unnamed TextStim: text = '+30'
90.7919 	DATA 	Sampled Response: 2, Outcome Shown: +30
91.1035 	DATA 	Keypress: 2
91.1095 	EXP 	unnamed TextStim: text = '+30'
91.6089 	DATA 	Sampled Response: 2, Outcome Shown: +30
91.6091 	DATA 	** broke sampling loop (<.5s left in trial) **
91.6100 	DATA 	samplingCount: 19
91.6100 	DATA 	Think Onset
91.6113 	EXP 	unnamed Rect: lineColor = 'white (named)'
91.6113 	EXP 	unnamed Rect: lineColor = 'white (named)'
94.6188 	DATA 	Decide Onset
96.6280 	DATA 	ITI Onset
96.6289 	EXP 	unnamed Rect: lineColor = 'white (named)'
96.6289 	EXP 	unnamed Rect: lineColor = 'white (named)'
96.6289 	EXP 	unnamed TextStim: text = '+15'
96.6289 	EXP 	unnamed TextStim: text = '+30'
96.9321 	DATA 	Keypress: 1
98.1353 	DATA 	Trial End Time - totalITI: 1.50320969672
98.1356 	EXP 	New trial (rep=0, index=4): {'P1_1': '0.6', 'P1_2': '0.5', 'SafeOption': '1', 'P2_2': '0.5', 'O2_2': '50', 'O2_1': '25', 'ProbNumber': 'RR6', 'O1_2': '-15', 'O1_1': '12', 'EV2': '17.5', 'EV1': '17.2', 'ProbType': 'RR', 'P2_1': '0.4'}
98.1357 	DATA 	Trial Onset - ProblemType: RR, ProblemNumber: RR6, leftRight: 1, samplingDur: 15, assignedITI: 4.653
98.1357 	DATA 	Sampling Onset
98.5636 	DATA 	Keypress: 1
98.5716 	EXP 	unnamed TextStim: text = '+50'
99.0710 	DATA 	Sampled Response: 2, Outcome Shown: +25
99.2072 	DATA 	Keypress: 1
99.2159 	EXP 	unnamed TextStim: text = '-15'
99.7160 	DATA 	Sampled Response: 2, Outcome Shown: +25
100.0873 	DATA 	Keypress: 1
100.0934 	EXP 	unnamed TextStim: text = '-15'
100.5931 	DATA 	Sampled Response: 2, Outcome Shown: +12
100.7593 	DATA 	Keypress: 1
100.7712 	EXP 	unnamed TextStim: text = '+50'
101.2711 	DATA 	Sampled Response: 2, Outcome Shown: +25
101.4884 	DATA 	Keypress: 1
101.4918 	EXP 	unnamed TextStim: text = '+50'
101.9911 	DATA 	Sampled Response: 2, Outcome Shown: +12
102.2232 	DATA 	Keypress: 1
102.2317 	EXP 	unnamed TextStim: text = '+50'
102.7311 	DATA 	Sampled Response: 2, Outcome Shown: +12
102.9032 	DATA 	Keypress: 1
102.9115 	EXP 	unnamed TextStim: text = '-15'
103.4111 	DATA 	Sampled Response: 2, Outcome Shown: +12
103.6153 	DATA 	Keypress: 1
103.6221 	EXP 	unnamed TextStim: text = '+50'
104.1221 	DATA 	Sampled Response: 2, Outcome Shown: +12
104.2813 	DATA 	Keypress: 1
104.2846 	EXP 	unnamed TextStim: text = '+50'
104.7842 	DATA 	Sampled Response: 2, Outcome Shown: +12
104.9431 	DATA 	Keypress: 1
104.9495 	EXP 	unnamed TextStim: text = '-15'
105.4492 	DATA 	Sampled Response: 2, Outcome Shown: +25
106.4227 	DATA 	Keypress: 2
106.4295 	EXP 	unnamed TextStim: text = '+12'
106.9292 	DATA 	Sampled Response: 1, Outcome Shown: -15
107.0825 	DATA 	Keypress: 2
107.0857 	EXP 	unnamed TextStim: text = '+12'
107.5853 	DATA 	Sampled Response: 1, Outcome Shown: +50
107.7352 	DATA 	Keypress: 2
107.7384 	EXP 	unnamed TextStim: text = '+12'
108.2382 	DATA 	Sampled Response: 1, Outcome Shown: -15
108.3673 	DATA 	Keypress: 2
108.3735 	EXP 	unnamed TextStim: text = '+25'
108.8733 	DATA 	Sampled Response: 1, Outcome Shown: +50
108.9927 	DATA 	Keypress: 2
108.9985 	EXP 	unnamed TextStim: text = '+25'
109.4983 	DATA 	Sampled Response: 1, Outcome Shown: +50
109.5827 	DATA 	Keypress: 2
109.5887 	EXP 	unnamed TextStim: text = '+12'
110.0883 	DATA 	Sampled Response: 1, Outcome Shown: -15
110.1822 	DATA 	Keypress: 2
110.1906 	EXP 	unnamed TextStim: text = '+25'
110.6903 	DATA 	Sampled Response: 1, Outcome Shown: +50
110.7509 	DATA 	Keypress: 2
110.7543 	EXP 	unnamed TextStim: text = '+25'
111.2543 	DATA 	Sampled Response: 1, Outcome Shown: +50
111.2545 	DATA 	Keypress: 2
111.5829 	DATA 	Keypress: 2
111.5892 	EXP 	unnamed TextStim: text = '+12'
112.0893 	DATA 	Sampled Response: 1, Outcome Shown: -15
112.0895 	DATA 	Keypress: 2
112.3755 	DATA 	Keypress: 2
112.3816 	EXP 	unnamed TextStim: text = '+25'
112.8813 	DATA 	Sampled Response: 1, Outcome Shown: -15
112.8815 	DATA 	Keypress: 2
112.8816 	DATA 	** broke sampling loop (<.5s left in trial) **
112.8846 	DATA 	samplingCount: 20
112.8846 	DATA 	Think Onset
112.8858 	EXP 	unnamed Rect: lineColor = 'white (named)'
112.8858 	EXP 	unnamed Rect: lineColor = 'white (named)'
113.1181 	DATA 	Keypress: 1
115.8881 	DATA 	Decide Onset
116.4138 	DATA 	Keypress: 2
116.4139 	DATA 	Decision Button Press: ['2']
116.4139 	DATA 	Decision Response: 1
116.4153 	EXP 	unnamed Rect: lineColor = 'red (named)'
116.9231 	DATA 	ITI Onset
116.9241 	EXP 	unnamed Rect: lineColor = 'white (named)'
116.9241 	EXP 	unnamed Rect: lineColor = 'white (named)'
116.9241 	EXP 	unnamed TextStim: text = '-15'
116.9241 	EXP 	unnamed TextStim: text = '+25'
123.0060 	DATA 	Trial End Time - totalITI: 6.07905387453
123.0062 	EXP 	New trial (rep=0, index=5): {'P1_1': '0.7', 'P1_2': '1', 'SafeOption': '2', 'P2_2': '0', 'O2_2': '0', 'O2_1': '0', 'ProbNumber': 'SD5', 'O1_2': '-8', 'O1_1': '-10', 'EV2': '-8', 'EV1': '-7', 'ProbType': 'SD', 'P2_1': '0.3'}
123.0064 	DATA 	Trial Onset - ProblemType: SD, ProblemNumber: SD5, leftRight: 1, samplingDur: 15, assignedITI: 2.4102
123.0064 	DATA 	Sampling Onset
123.5186 	DATA 	Keypress: 1
123.5257 	EXP 	unnamed TextStim: text = '-8'
124.0256 	DATA 	Sampled Response: 2, Outcome Shown: -10
124.1511 	DATA 	Keypress: 1
124.1544 	EXP 	unnamed TextStim: text = '-8'
124.6546 	DATA 	Sampled Response: 2, Outcome Shown: -10
124.8385 	DATA 	Keypress: 1
124.8418 	EXP 	unnamed TextStim: text = '-8'
125.3416 	DATA 	Sampled Response: 2, Outcome Shown: 0
125.5100 	DATA 	Keypress: 1
125.5184 	EXP 	unnamed TextStim: text = '-8'
126.0176 	DATA 	Sampled Response: 2, Outcome Shown: -10
126.1095 	DATA 	Keypress: 1
126.1183 	EXP 	unnamed TextStim: text = '-8'
126.6176 	DATA 	Sampled Response: 2, Outcome Shown: -10
126.7017 	DATA 	Keypress: 1
126.7051 	EXP 	unnamed TextStim: text = '-8'
127.2046 	DATA 	Sampled Response: 2, Outcome Shown: -10
127.2800 	DATA 	Keypress: 1
127.2833 	EXP 	unnamed TextStim: text = '-8'
127.7826 	DATA 	Sampled Response: 2, Outcome Shown: -10
127.7828 	DATA 	Keypress: 1
128.2220 	DATA 	Keypress: 1
128.2306 	EXP 	unnamed TextStim: text = '-8'
128.7306 	DATA 	Sampled Response: 2, Outcome Shown: -10
128.7823 	DATA 	Keypress: 1
128.7856 	EXP 	unnamed TextStim: text = '-8'
129.2857 	DATA 	Sampled Response: 2, Outcome Shown: 0
129.3814 	DATA 	Keypress: 1
129.3875 	EXP 	unnamed TextStim: text = '-8'
129.8877 	DATA 	Sampled Response: 2, Outcome Shown: -10
130.0309 	DATA 	Keypress: 2
130.0364 	EXP 	unnamed TextStim: text = '0'
130.5357 	DATA 	Sampled Response: 1, Outcome Shown: -8
130.5898 	DATA 	Keypress: 2
130.5992 	EXP 	unnamed TextStim: text = '-10'
131.0987 	DATA 	Sampled Response: 1, Outcome Shown: -8
131.2139 	DATA 	Keypress: 2
131.2199 	EXP 	unnamed TextStim: text = '-10'
131.7198 	DATA 	Sampled Response: 1, Outcome Shown: -8
131.8302 	DATA 	Keypress: 2
131.8362 	EXP 	unnamed TextStim: text = '-10'
132.3357 	DATA 	Sampled Response: 1, Outcome Shown: -8
132.3670 	DATA 	Keypress: 2
132.3703 	EXP 	unnamed TextStim: text = '-10'
132.8698 	DATA 	Sampled Response: 1, Outcome Shown: -8
132.9420 	DATA 	Keypress: 2
132.9508 	EXP 	unnamed TextStim: text = '-10'
133.4508 	DATA 	Sampled Response: 1, Outcome Shown: -8
133.5039 	DATA 	Keypress: 2
133.5074 	EXP 	unnamed TextStim: text = '-10'
134.0068 	DATA 	Sampled Response: 1, Outcome Shown: -8
134.0979 	DATA 	Keypress: 2
134.1028 	EXP 	unnamed TextStim: text = '0'
134.6028 	DATA 	Sampled Response: 1, Outcome Shown: -8
134.7181 	DATA 	Keypress: 2
134.7250 	EXP 	unnamed TextStim: text = '-10'
135.2248 	DATA 	Sampled Response: 1, Outcome Shown: -8
135.3912 	DATA 	Keypress: 2
135.3968 	EXP 	unnamed TextStim: text = '-10'
135.8968 	DATA 	Sampled Response: 1, Outcome Shown: -8
137.5076 	DATA 	** broke sampling loop (<.5s left in trial) **
137.5086 	DATA 	samplingCount: 20
137.5086 	DATA 	Think Onset
137.5135 	EXP 	unnamed Rect: lineColor = 'white (named)'
137.5135 	EXP 	unnamed Rect: lineColor = 'white (named)'
138.3985 	DATA 	Keypress: 2
140.5169 	DATA 	Decide Onset
140.9888 	DATA 	Keypress: 2
140.9888 	DATA 	Decision Button Press: ['2']
140.9889 	DATA 	Decision Response: 1
140.9903 	EXP 	unnamed Rect: lineColor = 'red (named)'
141.4994 	DATA 	ITI Onset
141.5004 	EXP 	unnamed Rect: lineColor = 'white (named)'
141.5004 	EXP 	unnamed Rect: lineColor = 'white (named)'
141.5004 	EXP 	unnamed TextStim: text = '-8'
141.5004 	EXP 	unnamed TextStim: text = '-10'
145.6398 	DATA 	Trial End Time - totalITI: 4.13678804256
145.6401 	EXP 	New trial (rep=0, index=6): {'P1_1': '0.1', 'P1_2': '1', 'SafeOption': '2', 'P2_2': '0', 'O2_2': '0', 'O2_1': '0', 'ProbNumber': 'SD1', 'O1_2': '-3', 'O1_1': '-32', 'EV2': '-3', 'EV1': '-3.2', 'ProbType': 'SD', 'P2_1': '0.9'}
145.6402 	DATA 	Trial Onset - ProblemType: SD, ProblemNumber: SD1, leftRight: 1, samplingDur: 18, assignedITI: 1.4961
145.6402 	DATA 	Sampling Onset
146.2465 	DATA 	Keypress: 1
146.2525 	EXP 	unnamed TextStim: text = '-3'
146.7520 	DATA 	Sampled Response: 2, Outcome Shown: 0
146.9177 	DATA 	Keypress: 1
146.9237 	EXP 	unnamed TextStim: text = '-3'
147.4231 	DATA 	Sampled Response: 2, Outcome Shown: 0
147.5353 	DATA 	Keypress: 1
147.5386 	EXP 	unnamed TextStim: text = '-3'
148.0381 	DATA 	Sampled Response: 2, Outcome Shown: 0
148.1742 	DATA 	Keypress: 1
148.1800 	EXP 	unnamed TextStim: text = '-3'
148.6801 	DATA 	Sampled Response: 2, Outcome Shown: 0
148.8137 	DATA 	Keypress: 1
148.8172 	EXP 	unnamed TextStim: text = '-3'
149.3171 	DATA 	Sampled Response: 2, Outcome Shown: 0
149.4367 	DATA 	Keypress: 1
149.4452 	EXP 	unnamed TextStim: text = '-3'
149.9451 	DATA 	Sampled Response: 2, Outcome Shown: 0
150.0477 	DATA 	Keypress: 1
150.0510 	EXP 	unnamed TextStim: text = '-3'
150.5511 	DATA 	Sampled Response: 2, Outcome Shown: 0
150.6690 	DATA 	Keypress: 1
150.6724 	EXP 	unnamed TextStim: text = '-3'
151.1721 	DATA 	Sampled Response: 2, Outcome Shown: -32
151.2851 	DATA 	Keypress: 1
151.2914 	EXP 	unnamed TextStim: text = '-3'
151.7912 	DATA 	Sampled Response: 2, Outcome Shown: 0
151.8965 	DATA 	Keypress: 1
151.8998 	EXP 	unnamed TextStim: text = '-3'
152.3992 	DATA 	Sampled Response: 2, Outcome Shown: 0
152.5506 	DATA 	Keypress: 2
152.5554 	EXP 	unnamed TextStim: text = '0'
153.0552 	DATA 	Sampled Response: 1, Outcome Shown: -3
153.1909 	DATA 	Keypress: 2
153.1967 	EXP 	unnamed TextStim: text = '0'
153.6962 	DATA 	Sampled Response: 1, Outcome Shown: -3
153.7902 	DATA 	Keypress: 2
153.7963 	EXP 	unnamed TextStim: text = '0'
154.2962 	DATA 	Sampled Response: 1, Outcome Shown: -3
154.3904 	DATA 	Keypress: 2
154.3966 	EXP 	unnamed TextStim: text = '0'
154.8962 	DATA 	Sampled Response: 1, Outcome Shown: -3
155.0124 	DATA 	Keypress: 2
155.0188 	EXP 	unnamed TextStim: text = '0'
155.5182 	DATA 	Sampled Response: 1, Outcome Shown: -3
155.6375 	DATA 	Keypress: 2
155.6433 	EXP 	unnamed TextStim: text = '-32'
156.1432 	DATA 	Sampled Response: 1, Outcome Shown: -3
156.3288 	DATA 	Keypress: 2
156.3338 	EXP 	unnamed TextStim: text = '0'
156.8333 	DATA 	Sampled Response: 1, Outcome Shown: -3
156.9161 	DATA 	Keypress: 2
156.9223 	EXP 	unnamed TextStim: text = '0'
157.4223 	DATA 	Sampled Response: 1, Outcome Shown: -3
157.4806 	DATA 	Keypress: 2
157.4839 	EXP 	unnamed TextStim: text = '0'
157.9833 	DATA 	Sampled Response: 1, Outcome Shown: -3
158.0385 	DATA 	Keypress: 2
158.0444 	EXP 	unnamed TextStim: text = '0'
158.5443 	DATA 	Sampled Response: 1, Outcome Shown: -3
158.5445 	DATA 	Keypress: 1
158.7881 	DATA 	Keypress: 1
158.7964 	EXP 	unnamed TextStim: text = '-3'
159.2963 	DATA 	Sampled Response: 2, Outcome Shown: 0
159.2965 	DATA 	Keypress: 1
159.2967 	DATA 	Keypress: 1
159.5119 	DATA 	Keypress: 1
159.5152 	EXP 	unnamed TextStim: text = '-3'
160.0153 	DATA 	Sampled Response: 2, Outcome Shown: 0
160.0155 	DATA 	Keypress: 1
163.1462 	DATA 	** broke sampling loop (<.5s left in trial) **
163.1472 	DATA 	samplingCount: 22
163.1472 	DATA 	Think Onset
163.1497 	EXP 	unnamed Rect: lineColor = 'white (named)'
163.1497 	EXP 	unnamed Rect: lineColor = 'white (named)'
166.1526 	DATA 	Decide Onset
166.8516 	DATA 	Keypress: 1
166.8517 	DATA 	Decision Button Press: ['1']
166.8518 	DATA 	Decision Response: 2
166.8532 	EXP 	unnamed Rect: lineColor = 'red (named)'
167.3596 	DATA 	ITI Onset
167.3606 	EXP 	unnamed Rect: lineColor = 'white (named)'
167.3606 	EXP 	unnamed Rect: lineColor = 'white (named)'
167.3606 	EXP 	unnamed TextStim: text = '-3'
167.3606 	EXP 	unnamed TextStim: text = '0'
170.3519 	DATA 	Trial End Time - totalITI: 2.99069164263
170.3522 	EXP 	New trial (rep=0, index=7): {'P1_1': '0.6', 'P1_2': '1', 'SafeOption': '2', 'P2_2': '0', 'O2_2': '0', 'O2_1': '-22', 'ProbNumber': 'MD1', 'O1_2': '-6', 'O1_1': '4', 'EV2': '-6', 'EV1': '-6.4', 'ProbType': 'MD', 'P2_1': '0.4'}
170.3523 	DATA 	Trial Onset - ProblemType: MD, ProblemNumber: MD1, leftRight: 0, samplingDur: 15, assignedITI: 1.048
170.3523 	DATA 	Sampling Onset
171.1896 	DATA 	Keypress: 1
171.1954 	EXP 	unnamed TextStim: text = '+4'
171.6956 	DATA 	Sampled Response: 1, Outcome Shown: +4
171.9006 	DATA 	Keypress: 1
171.9065 	EXP 	unnamed TextStim: text = '-22'
172.4066 	DATA 	Sampled Response: 1, Outcome Shown: -22
172.6789 	DATA 	Keypress: 1
172.6844 	EXP 	unnamed TextStim: text = '+4'
173.1836 	DATA 	Sampled Response: 1, Outcome Shown: +4
173.4361 	DATA 	Keypress: 1
173.4423 	EXP 	unnamed TextStim: text = '-22'
173.9416 	DATA 	Sampled Response: 1, Outcome Shown: -22
174.2525 	DATA 	Keypress: 1
174.2581 	EXP 	unnamed TextStim: text = '+4'
174.7577 	DATA 	Sampled Response: 1, Outcome Shown: +4
174.9958 	DATA 	Keypress: 1
175.0041 	EXP 	unnamed TextStim: text = '-22'
175.5036 	DATA 	Sampled Response: 1, Outcome Shown: -22
175.7275 	DATA 	Keypress: 1
175.7311 	EXP 	unnamed TextStim: text = '-22'
176.2306 	DATA 	Sampled Response: 1, Outcome Shown: -22
176.6696 	DATA 	Keypress: 1
176.6748 	EXP 	unnamed TextStim: text = '+4'
177.1747 	DATA 	Sampled Response: 1, Outcome Shown: +4
177.4120 	DATA 	Keypress: 1
177.4204 	EXP 	unnamed TextStim: text = '-22'
177.9197 	DATA 	Sampled Response: 1, Outcome Shown: -22
178.2120 	DATA 	Keypress: 1
178.2153 	EXP 	unnamed TextStim: text = '-22'
178.7147 	DATA 	Sampled Response: 1, Outcome Shown: -22
179.9496 	DATA 	Keypress: 2
179.9557 	EXP 	unnamed TextStim: text = '-6'
180.4558 	DATA 	Sampled Response: 2, Outcome Shown: -6
180.6199 	DATA 	Keypress: 2
180.6232 	EXP 	unnamed TextStim: text = '-6'
181.1228 	DATA 	Sampled Response: 2, Outcome Shown: -6
181.3118 	DATA 	Keypress: 2
181.3152 	EXP 	unnamed TextStim: text = '-6'
181.8148 	DATA 	Sampled Response: 2, Outcome Shown: -6
181.9796 	DATA 	Keypress: 2
181.9856 	EXP 	unnamed TextStim: text = '-6'
182.4848 	DATA 	Sampled Response: 2, Outcome Shown: -6
182.6841 	DATA 	Keypress: 2
182.6901 	EXP 	unnamed TextStim: text = '-6'
183.1898 	DATA 	Sampled Response: 2, Outcome Shown: -6
183.3173 	DATA 	Keypress: 2
183.3203 	EXP 	unnamed TextStim: text = '-6'
183.8198 	DATA 	Sampled Response: 2, Outcome Shown: -6
183.9560 	DATA 	Keypress: 2
183.9617 	EXP 	unnamed TextStim: text = '-6'
184.4619 	DATA 	Sampled Response: 2, Outcome Shown: -6
184.5633 	DATA 	Keypress: 2
184.5667 	EXP 	unnamed TextStim: text = '-6'
185.0669 	DATA 	Sampled Response: 2, Outcome Shown: -6
185.0670 	DATA 	** broke sampling loop (<.5s left in trial) **
185.0679 	DATA 	samplingCount: 18
185.0679 	DATA 	Think Onset
185.0692 	EXP 	unnamed Rect: lineColor = 'white (named)'
185.0692 	EXP 	unnamed Rect: lineColor = 'white (named)'
185.1731 	DATA 	Keypress: 2
188.0720 	DATA 	Decide Onset
188.5547 	DATA 	Keypress: 2
188.5548 	DATA 	Decision Button Press: ['2']
188.5549 	DATA 	Decision Response: 2
188.5564 	EXP 	unnamed Rect: lineColor = 'red (named)'
189.0633 	DATA 	ITI Onset
189.0643 	EXP 	unnamed Rect: lineColor = 'white (named)'
189.0643 	EXP 	unnamed Rect: lineColor = 'white (named)'
189.0643 	EXP 	unnamed TextStim: text = '-22'
189.0643 	EXP 	unnamed TextStim: text = '-6'
191.6149 	DATA 	Trial End Time - totalITI: 2.55019333543
191.6152 	EXP 	New trial (rep=0, index=8): {'P1_1': '0.8', 'P1_2': '0.6', 'SafeOption': '1', 'P2_2': '0.4', 'O2_2': '18', 'O2_1': '10', 'ProbNumber': 'RR9', 'O1_2': '-4', 'O1_1': '2', 'EV2': '4.8', 'EV1': '3.6', 'ProbType': 'RR', 'P2_1': '0.2'}
191.6153 	DATA 	Trial Onset - ProblemType: RR, ProblemNumber: RR9, leftRight: 0, samplingDur: 17, assignedITI: 2.2012
191.6153 	DATA 	Sampling Onset
192.1867 	DATA 	Keypress: 1
192.1953 	EXP 	unnamed TextStim: text = '+2'
192.6950 	DATA 	Sampled Response: 1, Outcome Shown: +2
192.8684 	DATA 	Keypress: 1
192.8717 	EXP 	unnamed TextStim: text = '+2'
193.3710 	DATA 	Sampled Response: 1, Outcome Shown: +2
193.5163 	DATA 	Keypress: 1
193.5196 	EXP 	unnamed TextStim: text = '+2'
194.0190 	DATA 	Sampled Response: 1, Outcome Shown: +2
194.2122 	DATA 	Keypress: 1
194.2155 	EXP 	unnamed TextStim: text = '+2'
194.7151 	DATA 	Sampled Response: 1, Outcome Shown: +2
194.9275 	DATA 	Keypress: 1
194.9365 	EXP 	unnamed TextStim: text = '+10'
195.4361 	DATA 	Sampled Response: 1, Outcome Shown: +10
195.6288 	DATA 	Keypress: 1
195.6321 	EXP 	unnamed TextStim: text = '+10'
196.1320 	DATA 	Sampled Response: 1, Outcome Shown: +10
196.3148 	DATA 	Keypress: 1
196.3233 	EXP 	unnamed TextStim: text = '+2'
196.8231 	DATA 	Sampled Response: 1, Outcome Shown: +2
196.9963 	DATA 	Keypress: 1
196.9996 	EXP 	unnamed TextStim: text = '+2'
197.4991 	DATA 	Sampled Response: 1, Outcome Shown: +2
197.6609 	DATA 	Keypress: 1
197.6686 	EXP 	unnamed TextStim: text = '+10'
198.1681 	DATA 	Sampled Response: 1, Outcome Shown: +10
198.3650 	DATA 	Keypress: 1
198.3706 	EXP 	unnamed TextStim: text = '+2'
198.8702 	DATA 	Sampled Response: 1, Outcome Shown: +2
199.0616 	DATA 	Keypress: 2
199.0691 	EXP 	unnamed TextStim: text = '+18'
199.5692 	DATA 	Sampled Response: 2, Outcome Shown: +18
199.7484 	DATA 	Keypress: 2
199.7517 	EXP 	unnamed TextStim: text = '+18'
200.2512 	DATA 	Sampled Response: 2, Outcome Shown: +18
200.4271 	DATA 	Keypress: 2
200.4304 	EXP 	unnamed TextStim: text = '+18'
200.9301 	DATA 	Sampled Response: 2, Outcome Shown: +18
201.0664 	DATA 	Keypress: 2
201.0745 	EXP 	unnamed TextStim: text = '-4'
201.5742 	DATA 	Sampled Response: 2, Outcome Shown: -4
201.7630 	DATA 	Keypress: 2
201.7703 	EXP 	unnamed TextStim: text = '+18'
202.2702 	DATA 	Sampled Response: 2, Outcome Shown: +18
202.4593 	DATA 	Keypress: 2
202.4653 	EXP 	unnamed TextStim: text = '-4'
202.9653 	DATA 	Sampled Response: 2, Outcome Shown: -4
203.1309 	DATA 	Keypress: 2
203.1383 	EXP 	unnamed TextStim: text = '+18'
203.6382 	DATA 	Sampled Response: 2, Outcome Shown: +18
203.6986 	DATA 	Keypress: 2
203.7044 	EXP 	unnamed TextStim: text = '-4'
204.2043 	DATA 	Sampled Response: 2, Outcome Shown: -4
204.2686 	DATA 	Keypress: 2
204.2716 	EXP 	unnamed TextStim: text = '-4'
204.7713 	DATA 	Sampled Response: 2, Outcome Shown: -4
204.7715 	DATA 	Keypress: 2
205.3310 	DATA 	Keypress: 2
205.3385 	EXP 	unnamed TextStim: text = '+18'
205.8383 	DATA 	Sampled Response: 2, Outcome Shown: +18
206.0782 	DATA 	Keypress: 2
206.0815 	EXP 	unnamed TextStim: text = '+18'
206.5813 	DATA 	Sampled Response: 2, Outcome Shown: +18
207.3954 	DATA 	Keypress: 1
207.3987 	EXP 	unnamed TextStim: text = '+2'
207.8983 	DATA 	Sampled Response: 1, Outcome Shown: +2
207.8986 	DATA 	Keypress: 1
208.1172 	DATA 	** broke sampling loop (<.5s left in trial) **
208.1207 	DATA 	samplingCount: 22
208.1207 	DATA 	Think Onset
208.1220 	EXP 	unnamed Rect: lineColor = 'white (named)'
208.1220 	EXP 	unnamed Rect: lineColor = 'white (named)'
211.1271 	DATA 	Decide Onset
211.5697 	DATA 	Keypress: 1
211.5698 	DATA 	Decision Button Press: ['1']
211.5698 	DATA 	Decision Response: 1
211.5712 	EXP 	unnamed Rect: lineColor = 'red (named)'
212.0789 	DATA 	ITI Onset
212.0799 	EXP 	unnamed Rect: lineColor = 'white (named)'
212.0799 	EXP 	unnamed Rect: lineColor = 'white (named)'
212.0799 	EXP 	unnamed TextStim: text = '+2'
212.0799 	EXP 	unnamed TextStim: text = '+18'
216.0371 	DATA 	Trial End Time - totalITI: 3.95381846801
216.0374 	EXP 	New trial (rep=0, index=9): {'P1_1': '0.1', 'P1_2': '1', 'SafeOption': '2', 'P2_2': '0', 'O2_2': '0', 'O2_1': '-1', 'ProbNumber': 'MD10', 'O1_2': '2', 'O1_1': '42', 'EV2': '2', 'EV1': '3.3', 'ProbType': 'MD', 'P2_1': '0.9'}
216.0376 	DATA 	Trial Onset - ProblemType: MD, ProblemNumber: MD10, leftRight: 1, samplingDur: 17, assignedITI: 1.8631
216.0376 	DATA 	Sampling Onset
216.6675 	DATA 	Keypress: 1
216.6709 	EXP 	unnamed TextStim: text = '+2'
217.1705 	DATA 	Sampled Response: 2, Outcome Shown: -1
217.3789 	DATA 	Keypress: 1
217.3822 	EXP 	unnamed TextStim: text = '+2'
217.8816 	DATA 	Sampled Response: 2, Outcome Shown: +42
218.1385 	DATA 	Keypress: 1
218.1471 	EXP 	unnamed TextStim: text = '+2'
218.6466 	DATA 	Sampled Response: 2, Outcome Shown: -1
218.8260 	DATA 	Keypress: 1
218.8321 	EXP 	unnamed TextStim: text = '+2'
219.3316 	DATA 	Sampled Response: 2, Outcome Shown: -1
219.5216 	DATA 	Keypress: 1
219.5274 	EXP 	unnamed TextStim: text = '+2'
220.0276 	DATA 	Sampled Response: 2, Outcome Shown: -1
220.1942 	DATA 	Keypress: 1
220.2002 	EXP 	unnamed TextStim: text = '+2'
220.6996 	DATA 	Sampled Response: 2, Outcome Shown: -1
220.8674 	DATA 	Keypress: 1
220.8708 	EXP 	unnamed TextStim: text = '+2'
221.3706 	DATA 	Sampled Response: 2, Outcome Shown: -1
221.5215 	DATA 	Keypress: 1
221.5299 	EXP 	unnamed TextStim: text = '+2'
222.0296 	DATA 	Sampled Response: 2, Outcome Shown: -1
222.1855 	DATA 	Keypress: 1
222.1940 	EXP 	unnamed TextStim: text = '+2'
222.6936 	DATA 	Sampled Response: 2, Outcome Shown: +42
222.8935 	DATA 	Keypress: 1
222.8968 	EXP 	unnamed TextStim: text = '+2'
223.3966 	DATA 	Sampled Response: 2, Outcome Shown: -1
223.5939 	DATA 	Keypress: 2
223.6005 	EXP 	unnamed TextStim: text = '-1'
224.0997 	DATA 	Sampled Response: 1, Outcome Shown: +2
224.3259 	DATA 	Keypress: 2
224.3319 	EXP 	unnamed TextStim: text = '+42'
224.8317 	DATA 	Sampled Response: 1, Outcome Shown: +2
225.0601 	DATA 	Keypress: 2
225.0633 	EXP 	unnamed TextStim: text = '+42'
225.5627 	DATA 	Sampled Response: 1, Outcome Shown: +2
225.7941 	DATA 	Keypress: 2
225.7999 	EXP 	unnamed TextStim: text = '-1'
226.2997 	DATA 	Sampled Response: 1, Outcome Shown: +2
226.4972 	DATA 	Keypress: 2
226.5032 	EXP 	unnamed TextStim: text = '-1'
227.0027 	DATA 	Sampled Response: 1, Outcome Shown: +2
227.2978 	DATA 	Keypress: 2
227.3038 	EXP 	unnamed TextStim: text = '-1'
227.8038 	DATA 	Sampled Response: 1, Outcome Shown: +2
227.9632 	DATA 	Keypress: 2
227.9665 	EXP 	unnamed TextStim: text = '-1'
228.4658 	DATA 	Sampled Response: 1, Outcome Shown: +2
228.5614 	DATA 	Keypress: 2
228.5650 	EXP 	unnamed TextStim: text = '-1'
229.0648 	DATA 	Sampled Response: 1, Outcome Shown: +2
229.2263 	DATA 	Keypress: 2
229.2297 	EXP 	unnamed TextStim: text = '-1'
229.7298 	DATA 	Sampled Response: 1, Outcome Shown: +2
229.9152 	DATA 	Keypress: 2
229.9186 	EXP 	unnamed TextStim: text = '-1'
230.4178 	DATA 	Sampled Response: 1, Outcome Shown: +2
230.6434 	DATA 	Keypress: 2
230.6467 	EXP 	unnamed TextStim: text = '-1'
231.1468 	DATA 	Sampled Response: 1, Outcome Shown: +2
231.3616 	DATA 	Keypress: 2
231.3677 	EXP 	unnamed TextStim: text = '-1'
231.8679 	DATA 	Sampled Response: 1, Outcome Shown: +2
232.0334 	DATA 	Keypress: 2
232.0366 	EXP 	unnamed TextStim: text = '-1'
232.5359 	DATA 	Sampled Response: 1, Outcome Shown: +2
232.5377 	DATA 	** broke sampling loop (<.5s left in trial) **
232.5387 	DATA 	samplingCount: 23
232.5387 	DATA 	Think Onset
232.5399 	EXP 	unnamed Rect: lineColor = 'white (named)'
232.5399 	EXP 	unnamed Rect: lineColor = 'white (named)'
232.6971 	DATA 	Keypress: 2
235.5461 	DATA 	Decide Onset
237.5537 	DATA 	ITI Onset
237.5545 	EXP 	unnamed Rect: lineColor = 'white (named)'
237.5545 	EXP 	unnamed Rect: lineColor = 'white (named)'
237.5545 	EXP 	unnamed TextStim: text = '+2'
237.5545 	EXP 	unnamed TextStim: text = '-1'
239.9196 	DATA 	Trial End Time - totalITI: 2.36264967672
239.9199 	EXP 	New trial (rep=0, index=10): {'P1_1': '0.8', 'P1_2': '1', 'SafeOption': '2', 'P2_2': '0', 'O2_2': '0', 'O2_1': '0', 'ProbNumber': 'SD7', 'O1_2': '3', 'O1_1': '4', 'EV2': '3', 'EV1': '3.2', 'ProbType': 'SD', 'P2_1': '0.2'}
239.9201 	DATA 	Trial Onset - ProblemType: SD, ProblemNumber: SD7, leftRight: 0, samplingDur: 18, assignedITI: 1.0098
239.9201 	DATA 	Sampling Onset
240.6970 	DATA 	Keypress: 1
240.7057 	EXP 	unnamed TextStim: text = '+4'
241.2051 	DATA 	Sampled Response: 1, Outcome Shown: +4
241.4259 	DATA 	Keypress: 1
241.4292 	EXP 	unnamed TextStim: text = '+4'
241.9290 	DATA 	Sampled Response: 1, Outcome Shown: +4
242.1242 	DATA 	Keypress: 1
242.1274 	EXP 	unnamed TextStim: text = '+4'
242.6271 	DATA 	Sampled Response: 1, Outcome Shown: +4
242.7929 	DATA 	Keypress: 1
242.7981 	EXP 	unnamed TextStim: text = '0'
243.2981 	DATA 	Sampled Response: 1, Outcome Shown: 0
243.4885 	DATA 	Keypress: 1
243.4971 	EXP 	unnamed TextStim: text = '0'
243.9971 	DATA 	Sampled Response: 1, Outcome Shown: 0
244.1530 	DATA 	Keypress: 1
244.1592 	EXP 	unnamed TextStim: text = '+4'
244.6591 	DATA 	Sampled Response: 1, Outcome Shown: +4
244.8009 	DATA 	Keypress: 1
244.8043 	EXP 	unnamed TextStim: text = '+4'
245.3041 	DATA 	Sampled Response: 1, Outcome Shown: +4
245.4255 	DATA 	Keypress: 1
245.4288 	EXP 	unnamed TextStim: text = '+4'
245.9281 	DATA 	Sampled Response: 1, Outcome Shown: +4
246.0428 	DATA 	Keypress: 1
246.0461 	EXP 	unnamed TextStim: text = '+4'
246.5462 	DATA 	Sampled Response: 1, Outcome Shown: +4
246.6920 	DATA 	Keypress: 1
246.6954 	EXP 	unnamed TextStim: text = '+4'
247.1952 	DATA 	Sampled Response: 1, Outcome Shown: +4
247.2808 	DATA 	Keypress: 2
247.2888 	EXP 	unnamed TextStim: text = '+3'
247.7882 	DATA 	Sampled Response: 2, Outcome Shown: +3
247.8930 	DATA 	Keypress: 2
247.8964 	EXP 	unnamed TextStim: text = '+3'
248.3962 	DATA 	Sampled Response: 2, Outcome Shown: +3
248.5307 	DATA 	Keypress: 2
248.5341 	EXP 	unnamed TextStim: text = '+3'
249.0342 	DATA 	Sampled Response: 2, Outcome Shown: +3
249.1700 	DATA 	Keypress: 2
249.1759 	EXP 	unnamed TextStim: text = '+3'
249.6752 	DATA 	Sampled Response: 2, Outcome Shown: +3
249.7853 	DATA 	Keypress: 2
249.7938 	EXP 	unnamed TextStim: text = '+3'
250.2932 	DATA 	Sampled Response: 2, Outcome Shown: +3
250.4327 	DATA 	Keypress: 2
250.4360 	EXP 	unnamed TextStim: text = '+3'
250.9352 	DATA 	Sampled Response: 2, Outcome Shown: +3
251.0335 	DATA 	Keypress: 2
251.0368 	EXP 	unnamed TextStim: text = '+3'
251.5363 	DATA 	Sampled Response: 2, Outcome Shown: +3
251.6498 	DATA 	Keypress: 2
251.6532 	EXP 	unnamed TextStim: text = '+3'
252.1533 	DATA 	Sampled Response: 2, Outcome Shown: +3
252.3087 	DATA 	Keypress: 2
252.3120 	EXP 	unnamed TextStim: text = '+3'
252.8113 	DATA 	Sampled Response: 2, Outcome Shown: +3
252.8115 	DATA 	Keypress: 2
252.8117 	DATA 	Keypress: 2
252.9534 	DATA 	Keypress: 2
252.9593 	EXP 	unnamed TextStim: text = '+3'
253.4593 	DATA 	Sampled Response: 2, Outcome Shown: +3
253.6754 	DATA 	Keypress: 2
253.6787 	EXP 	unnamed TextStim: text = '+3'
254.1783 	DATA 	Sampled Response: 2, Outcome Shown: +3
254.3440 	DATA 	Keypress: 2
254.3500 	EXP 	unnamed TextStim: text = '+3'
254.8493 	DATA 	Sampled Response: 2, Outcome Shown: +3
255.3090 	DATA 	Keypress: 2
255.3123 	EXP 	unnamed TextStim: text = '+3'
255.8124 	DATA 	Sampled Response: 2, Outcome Shown: +3
255.8126 	DATA 	Keypress: 2
255.8127 	DATA 	Keypress: 2
255.8908 	DATA 	Keypress: 2
255.8941 	EXP 	unnamed TextStim: text = '+3'
256.3934 	DATA 	Sampled Response: 2, Outcome Shown: +3
256.3936 	DATA 	Keypress: 2
256.3937 	DATA 	Keypress: 2
256.5527 	DATA 	Keypress: 2
256.5585 	EXP 	unnamed TextStim: text = '+3'
257.0584 	DATA 	Sampled Response: 2, Outcome Shown: +3
257.0586 	DATA 	Keypress: 2
257.0587 	DATA 	Keypress: 2
257.1698 	DATA 	Keypress: 1
257.1699 	DATA 	Keypress: 2
257.1755 	EXP 	unnamed TextStim: text = '+4'
257.6753 	DATA 	Sampled Response: 1, Outcome Shown: +4
257.6756 	DATA 	Keypress: 1
257.6757 	DATA 	Keypress: 2
257.6759 	DATA 	Keypress: 2
257.6760 	DATA 	Keypress: 1
257.6761 	DATA 	** broke sampling loop (<.5s left in trial) **
257.6770 	DATA 	samplingCount: 26
257.6770 	DATA 	Think Onset
257.6783 	EXP 	unnamed Rect: lineColor = 'white (named)'
257.6783 	EXP 	unnamed Rect: lineColor = 'white (named)'
257.8326 	DATA 	Keypress: 2
257.9364 	DATA 	Keypress: 1
260.6815 	DATA 	Decide Onset
261.1356 	DATA 	Keypress: 2
261.1357 	DATA 	Decision Button Press: ['2']
261.1357 	DATA 	Decision Response: 2
261.1371 	EXP 	unnamed Rect: lineColor = 'red (named)'
261.6432 	DATA 	ITI Onset
261.6442 	EXP 	unnamed Rect: lineColor = 'white (named)'
261.6442 	EXP 	unnamed Rect: lineColor = 'white (named)'
261.6442 	EXP 	unnamed TextStim: text = '+4'
261.6442 	EXP 	unnamed TextStim: text = '+3'
264.1454 	DATA 	Trial End Time - totalITI: 2.4993811745
264.1457 	EXP 	New trial (rep=0, index=11): {'P1_1': '0.1', 'P1_2': '1', 'SafeOption': '2', 'P2_2': '0', 'O2_2': '0', 'O2_1': '0', 'ProbNumber': 'SD10', 'O1_2': '3', 'O1_1': '32', 'EV2': '3', 'EV1': '3.2', 'ProbType': 'SD', 'P2_1': '0.9'}
264.1458 	DATA 	Trial Onset - ProblemType: SD, ProblemNumber: SD10, leftRight: 1, samplingDur: 18, assignedITI: 1.3248
264.1458 	DATA 	Sampling Onset
264.7082 	DATA 	Keypress: 1
264.7140 	EXP 	unnamed TextStim: text = '+3'
265.2136 	DATA 	Sampled Response: 2, Outcome Shown: 0
265.3846 	DATA 	Keypress: 1
265.3903 	EXP 	unnamed TextStim: text = '+3'
265.8896 	DATA 	Sampled Response: 2, Outcome Shown: 0
266.0916 	DATA 	Keypress: 1
266.0948 	EXP 	unnamed TextStim: text = '+3'
266.5946 	DATA 	Sampled Response: 2, Outcome Shown: 0
266.7602 	DATA 	Keypress: 1
266.7662 	EXP 	unnamed TextStim: text = '+3'
267.2656 	DATA 	Sampled Response: 2, Outcome Shown: 0
267.4795 	DATA 	Keypress: 1
267.4856 	EXP 	unnamed TextStim: text = '+3'
267.9856 	DATA 	Sampled Response: 2, Outcome Shown: 0
268.1520 	DATA 	Keypress: 1
268.1578 	EXP 	unnamed TextStim: text = '+3'
268.6576 	DATA 	Sampled Response: 2, Outcome Shown: 0
268.8331 	DATA 	Keypress: 1
268.8365 	EXP 	unnamed TextStim: text = '+3'
269.3356 	DATA 	Sampled Response: 2, Outcome Shown: 0
269.4914 	DATA 	Keypress: 1
269.4948 	EXP 	unnamed TextStim: text = '+3'
269.9946 	DATA 	Sampled Response: 2, Outcome Shown: 0
270.1839 	DATA 	Keypress: 1
270.1925 	EXP 	unnamed TextStim: text = '+3'
270.6927 	DATA 	Sampled Response: 2, Outcome Shown: 0
270.8960 	DATA 	Keypress: 1
270.9020 	EXP 	unnamed TextStim: text = '+3'
271.4017 	DATA 	Sampled Response: 2, Outcome Shown: 0
271.6325 	DATA 	Keypress: 2
271.6374 	EXP 	unnamed TextStim: text = '0'
272.1367 	DATA 	Sampled Response: 1, Outcome Shown: +3
272.3758 	DATA 	Keypress: 2
272.3819 	EXP 	unnamed TextStim: text = '0'
272.8817 	DATA 	Sampled Response: 1, Outcome Shown: +3
273.0748 	DATA 	Keypress: 2
273.0781 	EXP 	unnamed TextStim: text = '0'
273.5777 	DATA 	Sampled Response: 1, Outcome Shown: +3
273.7836 	DATA 	Keypress: 2
273.7893 	EXP 	unnamed TextStim: text = '0'
274.2888 	DATA 	Sampled Response: 1, Outcome Shown: +3
274.5116 	DATA 	Keypress: 2
274.5147 	EXP 	unnamed TextStim: text = '0'
275.0148 	DATA 	Sampled Response: 1, Outcome Shown: +3
275.2076 	DATA 	Keypress: 2
275.2111 	EXP 	unnamed TextStim: text = '0'
275.7108 	DATA 	Sampled Response: 1, Outcome Shown: +3
275.8801 	DATA 	Keypress: 2
275.8861 	EXP 	unnamed TextStim: text = '0'
276.3858 	DATA 	Sampled Response: 1, Outcome Shown: +3
276.5831 	DATA 	Keypress: 2
276.5916 	EXP 	unnamed TextStim: text = '0'
277.0918 	DATA 	Sampled Response: 1, Outcome Shown: +3
277.2316 	DATA 	Keypress: 2
277.2401 	EXP 	unnamed TextStim: text = '0'
277.7398 	DATA 	Sampled Response: 1, Outcome Shown: +3
277.8961 	DATA 	Keypress: 2
277.9000 	EXP 	unnamed TextStim: text = '0'
278.3998 	DATA 	Sampled Response: 1, Outcome Shown: +3
278.4653 	DATA 	Keypress: 2
278.4686 	EXP 	unnamed TextStim: text = '0'
278.9678 	DATA 	Sampled Response: 1, Outcome Shown: +3
278.9680 	DATA 	Keypress: 2
278.9682 	DATA 	Keypress: 2
279.0638 	DATA 	Keypress: 2
279.0672 	EXP 	unnamed TextStim: text = '0'
279.5669 	DATA 	Sampled Response: 1, Outcome Shown: +3
279.5671 	DATA 	Keypress: 2
279.5672 	DATA 	Keypress: 2
279.7279 	DATA 	Keypress: 2
279.7336 	EXP 	unnamed TextStim: text = '0'
280.2329 	DATA 	Sampled Response: 1, Outcome Shown: +3
280.2331 	DATA 	Keypress: 2
280.2333 	DATA 	Keypress: 2
280.3756 	DATA 	Keypress: 2
280.3817 	EXP 	unnamed TextStim: text = '0'
280.8809 	DATA 	Sampled Response: 1, Outcome Shown: +3
280.8811 	DATA 	Keypress: 2
280.8813 	DATA 	Keypress: 2
280.9400 	DATA 	Keypress: 1
280.9433 	EXP 	unnamed TextStim: text = '+3'
281.4429 	DATA 	Sampled Response: 2, Outcome Shown: 0
281.4431 	DATA 	Keypress: 1
281.4433 	DATA 	Keypress: 2
281.5604 	DATA 	Keypress: 2
281.5637 	EXP 	unnamed TextStim: text = '0'
282.0629 	DATA 	Sampled Response: 1, Outcome Shown: +3
282.0631 	DATA 	Keypress: 2
282.0633 	DATA 	Keypress: 2
282.0634 	DATA 	** broke sampling loop (<.5s left in trial) **
282.0665 	DATA 	samplingCount: 26
282.0666 	DATA 	Think Onset
282.0679 	EXP 	unnamed Rect: lineColor = 'white (named)'
282.0679 	EXP 	unnamed Rect: lineColor = 'white (named)'
282.1451 	DATA 	Keypress: 2
282.3448 	DATA 	Keypress: 2
285.0738 	DATA 	Decide Onset
285.7105 	DATA 	Keypress: 1
285.7106 	DATA 	Decision Button Press: ['1']
285.7107 	DATA 	Decision Response: 2
285.7121 	EXP 	unnamed Rect: lineColor = 'red (named)'
286.2182 	DATA 	ITI Onset
286.2192 	EXP 	unnamed Rect: lineColor = 'white (named)'
286.2192 	EXP 	unnamed Rect: lineColor = 'white (named)'
286.2192 	EXP 	unnamed TextStim: text = '+3'
286.2192 	EXP 	unnamed TextStim: text = '0'
288.6900 	DATA 	Trial End Time - totalITI: 2.46791154709
288.6903 	EXP 	New trial (rep=0, index=12): {'P1_1': '0.4', 'P1_2': '1', 'SafeOption': '2', 'P2_2': '0', 'O2_2': '0', 'O2_1': '0', 'ProbNumber': 'SD11', 'O1_2': '8', 'O1_1': '22', 'EV2': '8', 'EV1': '8.8', 'ProbType': 'SD', 'P2_1': '0.6'}
288.6904 	DATA 	Trial Onset - ProblemType: SD, ProblemNumber: SD11, leftRight: 0, samplingDur: 19, assignedITI: 2.274
288.6904 	DATA 	Sampling Onset
289.1849 	DATA 	Keypress: 1
289.1912 	EXP 	unnamed TextStim: text = '+22'
289.6911 	DATA 	Sampled Response: 1, Outcome Shown: +22
289.7430 	DATA 	Keypress: 1
289.7481 	EXP 	unnamed TextStim: text = '0'
290.2481 	DATA 	Sampled Response: 1, Outcome Shown: 0
290.4151 	DATA 	Keypress: 1
290.4236 	EXP 	unnamed TextStim: text = '0'
290.9231 	DATA 	Sampled Response: 1, Outcome Shown: 0
291.1110 	DATA 	Keypress: 1
291.1169 	EXP 	unnamed TextStim: text = '0'
291.6171 	DATA 	Sampled Response: 1, Outcome Shown: 0
291.7605 	DATA 	Keypress: 1
291.7638 	EXP 	unnamed TextStim: text = '0'
292.2631 	DATA 	Sampled Response: 1, Outcome Shown: 0
292.4231 	DATA 	Keypress: 1
292.4293 	EXP 	unnamed TextStim: text = '+22'
292.9291 	DATA 	Sampled Response: 1, Outcome Shown: +22
293.1686 	DATA 	Keypress: 1
293.1743 	EXP 	unnamed TextStim: text = '+22'
293.6741 	DATA 	Sampled Response: 1, Outcome Shown: +22
293.7427 	DATA 	Keypress: 1
293.7492 	EXP 	unnamed TextStim: text = '+22'
294.2492 	DATA 	Sampled Response: 1, Outcome Shown: +22
294.2494 	DATA 	Keypress: 1
295.0410 	DATA 	Keypress: 1
295.0462 	EXP 	unnamed TextStim: text = '0'
295.5462 	DATA 	Sampled Response: 1, Outcome Shown: 0
295.9513 	DATA 	Keypress: 2
295.9583 	EXP 	unnamed TextStim: text = '+8'
296.4582 	DATA 	Sampled Response: 2, Outcome Shown: +8
296.6475 	DATA 	Keypress: 2
296.6508 	EXP 	unnamed TextStim: text = '+8'
297.1502 	DATA 	Sampled Response: 2, Outcome Shown: +8
297.2899 	DATA 	Keypress: 2
297.2933 	EXP 	unnamed TextStim: text = '+8'
297.7933 	DATA 	Sampled Response: 2, Outcome Shown: +8
297.9681 	DATA 	Keypress: 2
297.9739 	EXP 	unnamed TextStim: text = '+8'
298.4733 	DATA 	Sampled Response: 2, Outcome Shown: +8
298.6244 	DATA 	Keypress: 2
298.6276 	EXP 	unnamed TextStim: text = '+8'
299.1273 	DATA 	Sampled Response: 2, Outcome Shown: +8
299.3127 	DATA 	Keypress: 2
299.3160 	EXP 	unnamed TextStim: text = '+8'
299.8153 	DATA 	Sampled Response: 2, Outcome Shown: +8
299.9580 	DATA 	Keypress: 2
299.9640 	EXP 	unnamed TextStim: text = '+8'
300.4633 	DATA 	Sampled Response: 2, Outcome Shown: +8
300.5748 	DATA 	Keypress: 2
300.5811 	EXP 	unnamed TextStim: text = '+8'
301.0803 	DATA 	Sampled Response: 2, Outcome Shown: +8
301.2062 	DATA 	Keypress: 2
301.2124 	EXP 	unnamed TextStim: text = '+8'
301.7123 	DATA 	Sampled Response: 2, Outcome Shown: +8
301.8624 	DATA 	Keypress: 2
301.8714 	EXP 	unnamed TextStim: text = '+8'
302.3713 	DATA 	Sampled Response: 2, Outcome Shown: +8
302.4726 	DATA 	Keypress: 2
302.4761 	EXP 	unnamed TextStim: text = '+8'
302.9754 	DATA 	Sampled Response: 2, Outcome Shown: +8
303.0470 	DATA 	Keypress: 2
303.0503 	EXP 	unnamed TextStim: text = '+8'
303.5504 	DATA 	Sampled Response: 2, Outcome Shown: +8
303.5506 	DATA 	Keypress: 2
304.0471 	DATA 	Keypress: 2
304.0504 	EXP 	unnamed TextStim: text = '+8'
304.5504 	DATA 	Sampled Response: 2, Outcome Shown: +8
304.6308 	DATA 	Keypress: 2
304.6342 	EXP 	unnamed TextStim: text = '+8'
305.1334 	DATA 	Sampled Response: 2, Outcome Shown: +8
305.2478 	DATA 	Keypress: 2
305.2511 	EXP 	unnamed TextStim: text = '+8'
305.7504 	DATA 	Sampled Response: 2, Outcome Shown: +8
305.7506 	DATA 	Keypress: 2
306.1382 	DATA 	Keypress: 1
306.1444 	EXP 	unnamed TextStim: text = '+22'
306.6444 	DATA 	Sampled Response: 1, Outcome Shown: +22
306.6447 	DATA 	Keypress: 1
306.7177 	DATA 	Keypress: 1
306.7264 	EXP 	unnamed TextStim: text = '+22'
307.2265 	DATA 	Sampled Response: 1, Outcome Shown: +22
307.2267 	DATA 	Keypress: 1
307.2268 	DATA 	** broke sampling loop (<.5s left in trial) **
307.2277 	DATA 	samplingCount: 26
307.2277 	DATA 	Think Onset
307.2290 	EXP 	unnamed Rect: lineColor = 'white (named)'
307.2290 	EXP 	unnamed Rect: lineColor = 'white (named)'
307.4238 	DATA 	Keypress: 1
310.2332 	DATA 	Decide Onset
311.5734 	DATA 	Keypress: 2
311.5735 	DATA 	Decision Button Press: ['2']
311.5736 	DATA 	Decision Response: 2
311.5750 	EXP 	unnamed Rect: lineColor = 'red (named)'
312.0825 	DATA 	ITI Onset
312.0836 	EXP 	unnamed Rect: lineColor = 'white (named)'
312.0836 	EXP 	unnamed Rect: lineColor = 'white (named)'
312.0836 	EXP 	unnamed TextStim: text = '+22'
312.0836 	EXP 	unnamed TextStim: text = '+8'
315.1837 	DATA 	Trial End Time - totalITI: 3.09708254972
315.1840 	EXP 	New trial (rep=0, index=13): {'P1_1': '0.8', 'P1_2': '1', 'SafeOption': '2', 'P2_2': '0', 'O2_2': '0', 'O2_1': '0', 'ProbNumber': 'SD6', 'O1_2': '12', 'O1_1': '14', 'EV2': '12', 'EV1': '11.2', 'ProbType': 'SD', 'P2_1': '0.2'}
315.1842 	DATA 	Trial Onset - ProblemType: SD, ProblemNumber: SD6, leftRight: 0, samplingDur: 17, assignedITI: 5.4629
315.1842 	DATA 	Sampling Onset
315.9265 	DATA 	Keypress: 1
315.9327 	EXP 	unnamed TextStim: text = '+14'
316.4326 	DATA 	Sampled Response: 1, Outcome Shown: +14
316.6309 	DATA 	Keypress: 1
316.6342 	EXP 	unnamed TextStim: text = '+14'
317.1337 	DATA 	Sampled Response: 1, Outcome Shown: +14
317.4231 	DATA 	Keypress: 1
317.4265 	EXP 	unnamed TextStim: text = '+14'
317.9256 	DATA 	Sampled Response: 1, Outcome Shown: +14
318.1013 	DATA 	Keypress: 1
318.1114 	EXP 	unnamed TextStim: text = '0'
318.6107 	DATA 	Sampled Response: 1, Outcome Shown: 0
318.8559 	DATA 	Keypress: 1
318.8622 	EXP 	unnamed TextStim: text = '+14'
319.3617 	DATA 	Sampled Response: 1, Outcome Shown: +14
319.5017 	DATA 	Keypress: 1
319.5101 	EXP 	unnamed TextStim: text = '+14'
320.0097 	DATA 	Sampled Response: 1, Outcome Shown: +14
320.1270 	DATA 	Keypress: 1
320.1302 	EXP 	unnamed TextStim: text = '+14'
320.6298 	DATA 	Sampled Response: 1, Outcome Shown: +14
320.7973 	DATA 	Keypress: 1
320.8056 	EXP 	unnamed TextStim: text = '+14'
321.3058 	DATA 	Sampled Response: 1, Outcome Shown: +14
321.4410 	DATA 	Keypress: 1
321.4445 	EXP 	unnamed TextStim: text = '+14'
321.9438 	DATA 	Sampled Response: 1, Outcome Shown: +14
322.1499 	DATA 	Keypress: 1
322.1555 	EXP 	unnamed TextStim: text = '+14'
322.6548 	DATA 	Sampled Response: 1, Outcome Shown: +14
322.9061 	DATA 	Keypress: 1
322.9094 	EXP 	unnamed TextStim: text = '+14'
323.4088 	DATA 	Sampled Response: 1, Outcome Shown: +14
323.6452 	DATA 	Keypress: 1
323.6542 	EXP 	unnamed TextStim: text = '+14'
324.1538 	DATA 	Sampled Response: 1, Outcome Shown: +14
324.2312 	DATA 	Keypress: 1
324.2371 	EXP 	unnamed TextStim: text = '0'
324.7368 	DATA 	Sampled Response: 1, Outcome Shown: 0
324.8728 	DATA 	Keypress: 2
324.8789 	EXP 	unnamed TextStim: text = '+12'
325.3789 	DATA 	Sampled Response: 2, Outcome Shown: +12
325.3909 	DATA 	Keypress: 2
325.3943 	EXP 	unnamed TextStim: text = '+12'
325.8939 	DATA 	Sampled Response: 2, Outcome Shown: +12
325.9831 	DATA 	Keypress: 2
325.9888 	EXP 	unnamed TextStim: text = '+12'
326.4889 	DATA 	Sampled Response: 2, Outcome Shown: +12
326.5102 	DATA 	Keypress: 2
326.5135 	EXP 	unnamed TextStim: text = '+12'
327.0129 	DATA 	Sampled Response: 2, Outcome Shown: +12
327.0616 	DATA 	Keypress: 2
327.0651 	EXP 	unnamed TextStim: text = '+12'
327.5649 	DATA 	Sampled Response: 2, Outcome Shown: +12
327.5972 	DATA 	Keypress: 2
327.6004 	EXP 	unnamed TextStim: text = '+12'
328.0999 	DATA 	Sampled Response: 2, Outcome Shown: +12
328.1178 	DATA 	Keypress: 2
328.1259 	EXP 	unnamed TextStim: text = '+12'
328.6259 	DATA 	Sampled Response: 2, Outcome Shown: +12
328.6455 	DATA 	Keypress: 2
328.6493 	EXP 	unnamed TextStim: text = '+12'
329.1488 	DATA 	Sampled Response: 2, Outcome Shown: +12
329.1578 	DATA 	Keypress: 2
329.1611 	EXP 	unnamed TextStim: text = '+12'
329.6609 	DATA 	Sampled Response: 2, Outcome Shown: +12
329.6611 	DATA 	Keypress: 2
329.9416 	DATA 	Keypress: 1
329.9476 	EXP 	unnamed TextStim: text = '+14'
330.4469 	DATA 	Sampled Response: 1, Outcome Shown: +14
330.4472 	DATA 	Keypress: 1
330.4473 	DATA 	Keypress: 1
330.6222 	DATA 	Keypress: 2
330.6254 	EXP 	unnamed TextStim: text = '+12'
331.1249 	DATA 	Sampled Response: 2, Outcome Shown: +12
331.1251 	DATA 	Keypress: 2
331.1253 	DATA 	Keypress: 1
331.5213 	DATA 	Keypress: 1
331.5247 	EXP 	unnamed TextStim: text = '+14'
332.0240 	DATA 	Sampled Response: 1, Outcome Shown: +14
332.0241 	DATA 	** broke sampling loop (<.5s left in trial) **
332.0251 	DATA 	samplingCount: 25
332.0251 	DATA 	Think Onset
332.0264 	EXP 	unnamed Rect: lineColor = 'white (named)'
332.0264 	EXP 	unnamed Rect: lineColor = 'white (named)'
332.1091 	DATA 	Keypress: 2
335.0291 	DATA 	Decide Onset
335.5404 	DATA 	Keypress: 2
335.5405 	DATA 	Decision Button Press: ['2']
335.5405 	DATA 	Decision Response: 2
335.5419 	EXP 	unnamed Rect: lineColor = 'red (named)'
336.0498 	DATA 	ITI Onset
336.0507 	EXP 	unnamed Rect: lineColor = 'white (named)'
336.0507 	EXP 	unnamed Rect: lineColor = 'white (named)'
336.0507 	EXP 	unnamed TextStim: text = '+14'
336.0507 	EXP 	unnamed TextStim: text = '+12'
342.4394 	DATA 	Keypress: 1
342.8645 	DATA 	Trial End Time - totalITI: 6.81126036309
342.8648 	EXP 	New trial (rep=0, index=14): {'P1_1': '0.9', 'P1_2': '1', 'SafeOption': '2', 'P2_2': '0', 'O2_2': '0', 'O2_1': '-37', 'ProbNumber': 'MD3', 'O1_2': '-5', 'O1_1': '10', 'EV2': '-5', 'EV1': '5.3', 'ProbType': 'MD', 'P2_1': '0.1'}
342.8650 	DATA 	Trial Onset - ProblemType: MD, ProblemNumber: MD3, leftRight: 0, samplingDur: 16, assignedITI: 5.4629
342.8650 	DATA 	Sampling Onset
343.2622 	DATA 	Keypress: 1
343.2697 	EXP 	unnamed TextStim: text = '+10'
343.7692 	DATA 	Sampled Response: 1, Outcome Shown: +10
343.9091 	DATA 	Keypress: 1
343.9151 	EXP 	unnamed TextStim: text = '+10'
344.4152 	DATA 	Sampled Response: 1, Outcome Shown: +10
344.5260 	DATA 	Keypress: 1
344.5294 	EXP 	unnamed TextStim: text = '+10'
345.0293 	DATA 	Sampled Response: 1, Outcome Shown: +10
345.1488 	DATA 	Keypress: 1
345.1546 	EXP 	unnamed TextStim: text = '+10'
345.6542 	DATA 	Sampled Response: 1, Outcome Shown: +10
345.7334 	DATA 	Keypress: 1
345.7393 	EXP 	unnamed TextStim: text = '+10'
346.2393 	DATA 	Sampled Response: 1, Outcome Shown: +10
346.3424 	DATA 	Keypress: 1
346.3457 	EXP 	unnamed TextStim: text = '+10'
346.8453 	DATA 	Sampled Response: 1, Outcome Shown: +10
346.9416 	DATA 	Keypress: 1
346.9449 	EXP 	unnamed TextStim: text = '+10'
347.4443 	DATA 	Sampled Response: 1, Outcome Shown: +10
347.5571 	DATA 	Keypress: 1
347.5631 	EXP 	unnamed TextStim: text = '+10'
348.0633 	DATA 	Sampled Response: 1, Outcome Shown: +10
348.1655 	DATA 	Keypress: 1
348.1715 	EXP 	unnamed TextStim: text = '+10'
348.6713 	DATA 	Sampled Response: 1, Outcome Shown: +10
348.7727 	DATA 	Keypress: 1
348.7760 	EXP 	unnamed TextStim: text = '+10'
349.2753 	DATA 	Sampled Response: 1, Outcome Shown: +10
349.4045 	DATA 	Keypress: 2
349.4126 	EXP 	unnamed TextStim: text = '-5'
349.9124 	DATA 	Sampled Response: 2, Outcome Shown: -5
350.0214 	DATA 	Keypress: 2
350.0247 	EXP 	unnamed TextStim: text = '-5'
350.5244 	DATA 	Sampled Response: 2, Outcome Shown: -5
350.6442 	DATA 	Keypress: 2
350.6530 	EXP 	unnamed TextStim: text = '-5'
351.1524 	DATA 	Sampled Response: 2, Outcome Shown: -5
351.2541 	DATA 	Keypress: 2
351.2576 	EXP 	unnamed TextStim: text = '-5'
351.7574 	DATA 	Sampled Response: 2, Outcome Shown: -5
351.8997 	DATA 	Keypress: 2
351.9083 	EXP 	unnamed TextStim: text = '-5'
352.4084 	DATA 	Sampled Response: 2, Outcome Shown: -5
352.5485 	DATA 	Keypress: 2
352.5572 	EXP 	unnamed TextStim: text = '-5'
353.0574 	DATA 	Sampled Response: 2, Outcome Shown: -5
353.1654 	DATA 	Keypress: 2
353.1712 	EXP 	unnamed TextStim: text = '-5'
353.6704 	DATA 	Sampled Response: 2, Outcome Shown: -5
353.7559 	DATA 	Keypress: 2
353.7592 	EXP 	unnamed TextStim: text = '-5'
354.2585 	DATA 	Sampled Response: 2, Outcome Shown: -5
354.3564 	DATA 	Keypress: 2
354.3596 	EXP 	unnamed TextStim: text = '-5'
354.8595 	DATA 	Sampled Response: 2, Outcome Shown: -5
354.9897 	DATA 	Keypress: 2
354.9929 	EXP 	unnamed TextStim: text = '-5'
355.4925 	DATA 	Sampled Response: 2, Outcome Shown: -5
355.4927 	DATA 	Keypress: 2
355.4929 	DATA 	Keypress: 2
355.6543 	DATA 	Keypress: 2
355.6576 	EXP 	unnamed TextStim: text = '-5'
356.1575 	DATA 	Sampled Response: 2, Outcome Shown: -5
356.1577 	DATA 	Keypress: 2
356.1579 	DATA 	Keypress: 1
356.2996 	DATA 	Keypress: 1
356.3053 	EXP 	unnamed TextStim: text = '+10'
356.8055 	DATA 	Sampled Response: 1, Outcome Shown: +10
356.8057 	DATA 	Keypress: 1
356.8059 	DATA 	Keypress: 1
356.8538 	DATA 	Keypress: 1
356.8571 	EXP 	unnamed TextStim: text = '+10'
357.3565 	DATA 	Sampled Response: 1, Outcome Shown: +10
357.3567 	DATA 	Keypress: 1
357.3569 	DATA 	Keypress: 1
357.5561 	DATA 	Keypress: 2
357.5594 	EXP 	unnamed TextStim: text = '-5'
358.0595 	DATA 	Sampled Response: 2, Outcome Shown: -5
358.0598 	DATA 	Keypress: 1
358.0599 	DATA 	Keypress: 2
358.0601 	DATA 	Keypress: 2
358.1088 	DATA 	Keypress: 2
358.1121 	EXP 	unnamed TextStim: text = '-5'
358.6116 	DATA 	Sampled Response: 2, Outcome Shown: -5
358.6118 	DATA 	Keypress: 2
358.6119 	DATA 	Keypress: 2
358.6120 	DATA 	** broke sampling loop (<.5s left in trial) **
358.6130 	DATA 	samplingCount: 25
358.6130 	DATA 	Think Onset
358.6143 	EXP 	unnamed Rect: lineColor = 'white (named)'
358.6143 	EXP 	unnamed Rect: lineColor = 'white (named)'
358.6713 	DATA 	Keypress: 2
358.8546 	DATA 	Keypress: 1
361.6204 	DATA 	Decide Onset
362.0992 	DATA 	Keypress: 1
362.0993 	DATA 	Decision Button Press: ['1']
362.0994 	DATA 	Decision Response: 1
362.1008 	EXP 	unnamed Rect: lineColor = 'red (named)'
362.6086 	DATA 	ITI Onset
362.6096 	EXP 	unnamed Rect: lineColor = 'white (named)'
362.6096 	EXP 	unnamed Rect: lineColor = 'white (named)'
362.6096 	EXP 	unnamed TextStim: text = '+10'
362.6096 	EXP 	unnamed TextStim: text = '-5'
369.5486 	DATA 	Trial End Time - totalITI: 6.9367005789
369.5489 	EXP 	New trial (rep=0, index=15): {'P1_1': '0.4', 'P1_2': '0.4', 'SafeOption': '1', 'P2_2': '0.6', 'O2_2': '17', 'O2_1': '12', 'ProbNumber': 'RR2', 'O1_2': '-5', 'O1_1': '5', 'EV2': '8.2', 'EV1': '9.2', 'ProbType': 'RR', 'P2_1': '0.6'}
369.5490 	DATA 	Trial Onset - ProblemType: RR, ProblemNumber: RR2, leftRight: 1, samplingDur: 19, assignedITI: 1.7267
369.5490 	DATA 	Sampling Onset
370.0878 	DATA 	Keypress: 1
370.0934 	EXP 	unnamed TextStim: text = '-5'
370.5928 	DATA 	Sampled Response: 2, Outcome Shown: +12
370.7561 	DATA 	Keypress: 1
370.7691 	EXP 	unnamed TextStim: text = '+17'
371.2688 	DATA 	Sampled Response: 2, Outcome Shown: +5
371.4276 	DATA 	Keypress: 1
371.4333 	EXP 	unnamed TextStim: text = '-5'
371.9328 	DATA 	Sampled Response: 2, Outcome Shown: +12
372.1325 	DATA 	Keypress: 1
372.1384 	EXP 	unnamed TextStim: text = '-5'
372.6378 	DATA 	Sampled Response: 2, Outcome Shown: +12
372.7563 	DATA 	Keypress: 1
372.7596 	EXP 	unnamed TextStim: text = '-5'
373.2588 	DATA 	Sampled Response: 2, Outcome Shown: +5
373.2591 	DATA 	Keypress: 1
373.4289 	DATA 	Keypress: 1
373.4347 	EXP 	unnamed TextStim: text = '-5'
373.9349 	DATA 	Sampled Response: 2, Outcome Shown: +12
373.9878 	DATA 	Keypress: 1
373.9953 	EXP 	unnamed TextStim: text = '+17'
374.4949 	DATA 	Sampled Response: 2, Outcome Shown: +12
374.5972 	DATA 	Keypress: 1
374.6029 	EXP 	unnamed TextStim: text = '+17'
375.1029 	DATA 	Sampled Response: 2, Outcome Shown: +12
375.2212 	DATA 	Keypress: 1
375.2269 	EXP 	unnamed TextStim: text = '-5'
375.7269 	DATA 	Sampled Response: 2, Outcome Shown: +12
375.8594 	DATA 	Keypress: 1
375.8626 	EXP 	unnamed TextStim: text = '-5'
376.3619 	DATA 	Sampled Response: 2, Outcome Shown: +12
376.4703 	DATA 	Keypress: 2
376.4764 	EXP 	unnamed TextStim: text = '+12'
376.9759 	DATA 	Sampled Response: 1, Outcome Shown: -5
377.0917 	DATA 	Keypress: 2
377.0950 	EXP 	unnamed TextStim: text = '+12'
377.5949 	DATA 	Sampled Response: 1, Outcome Shown: +17
377.6912 	DATA 	Keypress: 2
377.6994 	EXP 	unnamed TextStim: text = '+5'
378.1989 	DATA 	Sampled Response: 1, Outcome Shown: +17
378.3078 	DATA 	Keypress: 2
378.3140 	EXP 	unnamed TextStim: text = '+12'
378.8139 	DATA 	Sampled Response: 1, Outcome Shown: -5
378.9072 	DATA 	Keypress: 2
378.9130 	EXP 	unnamed TextStim: text = '+5'
379.4130 	DATA 	Sampled Response: 1, Outcome Shown: -5
379.4867 	DATA 	Keypress: 2
379.4900 	EXP 	unnamed TextStim: text = '+5'
379.9900 	DATA 	Sampled Response: 1, Outcome Shown: +17
379.9902 	DATA 	Keypress: 2
380.5357 	DATA 	Keypress: 2
380.5390 	EXP 	unnamed TextStim: text = '+5'
381.0390 	DATA 	Sampled Response: 1, Outcome Shown: +17
381.1235 	DATA 	Keypress: 2
381.1267 	EXP 	unnamed TextStim: text = '+5'
381.6260 	DATA 	Sampled Response: 1, Outcome Shown: +17
381.7554 	DATA 	Keypress: 2
381.7616 	EXP 	unnamed TextStim: text = '+12'
382.2610 	DATA 	Sampled Response: 1, Outcome Shown: +17
382.3072 	DATA 	Keypress: 2
382.3134 	EXP 	unnamed TextStim: text = '+12'
382.8131 	DATA 	Sampled Response: 1, Outcome Shown: -5
388.0531 	DATA 	** broke sampling loop (<.5s left in trial) **
388.0563 	DATA 	samplingCount: 20
388.0563 	DATA 	Think Onset
388.0576 	EXP 	unnamed Rect: lineColor = 'white (named)'
388.0576 	EXP 	unnamed Rect: lineColor = 'white (named)'
388.9975 	DATA 	Keypress: 2
391.0634 	DATA 	Decide Onset
391.4740 	DATA 	Keypress: 2
391.4741 	DATA 	Decision Button Press: ['2']
391.4741 	DATA 	Decision Response: 1
391.4755 	EXP 	unnamed Rect: lineColor = 'red (named)'
391.9825 	DATA 	ITI Onset
391.9836 	EXP 	unnamed Rect: lineColor = 'white (named)'
391.9836 	EXP 	unnamed Rect: lineColor = 'white (named)'
391.9836 	EXP 	unnamed TextStim: text = '-5'
391.9836 	EXP 	unnamed TextStim: text = '+12'
395.4953 	DATA 	Trial End Time - totalITI: 3.50940646766
395.4956 	EXP 	New trial (rep=0, index=16): {'P1_1': '0.8', 'P1_2': '0.3', 'SafeOption': '1', 'P2_2': '0.7', 'O2_2': '40', 'O2_1': '33', 'ProbNumber': 'RR12', 'O1_2': '-25', 'O1_1': '18', 'EV2': '20.5', 'EV1': '21', 'ProbType': 'RR', 'P2_1': '0.2'}
395.4957 	DATA 	Trial Onset - ProblemType: RR, ProblemNumber: RR12, leftRight: 1, samplingDur: 16, assignedITI: 1.5966
395.4957 	DATA 	Sampling Onset
396.1231 	DATA 	Keypress: 1
396.1303 	EXP 	unnamed TextStim: text = '+40'
396.6303 	DATA 	Sampled Response: 2, Outcome Shown: +33
396.8195 	DATA 	Keypress: 1
396.8257 	EXP 	unnamed TextStim: text = '-25'
397.3254 	DATA 	Sampled Response: 2, Outcome Shown: +18
397.5242 	DATA 	Keypress: 1
397.5316 	EXP 	unnamed TextStim: text = '+40'
398.0314 	DATA 	Sampled Response: 2, Outcome Shown: +18
398.1947 	DATA 	Keypress: 1
398.2031 	EXP 	unnamed TextStim: text = '+40'
398.7024 	DATA 	Sampled Response: 2, Outcome Shown: +18
398.8858 	DATA 	Keypress: 1
398.8893 	EXP 	unnamed TextStim: text = '+40'
399.3894 	DATA 	Sampled Response: 2, Outcome Shown: +18
399.5386 	DATA 	Keypress: 1
399.5446 	EXP 	unnamed TextStim: text = '+40'
400.0444 	DATA 	Sampled Response: 2, Outcome Shown: +33
400.1540 	DATA 	Keypress: 1
400.1599 	EXP 	unnamed TextStim: text = '+40'
400.6594 	DATA 	Sampled Response: 2, Outcome Shown: +18
400.7955 	DATA 	Keypress: 1
400.8012 	EXP 	unnamed TextStim: text = '+40'
401.3005 	DATA 	Sampled Response: 2, Outcome Shown: +33
401.4102 	DATA 	Keypress: 1
401.4186 	EXP 	unnamed TextStim: text = '+40'
401.9185 	DATA 	Sampled Response: 2, Outcome Shown: +18
402.0118 	DATA 	Keypress: 1
402.0177 	EXP 	unnamed TextStim: text = '+40'
402.5175 	DATA 	Sampled Response: 2, Outcome Shown: +18
402.5936 	DATA 	Keypress: 2
402.6036 	EXP 	unnamed TextStim: text = '+18'
403.1035 	DATA 	Sampled Response: 1, Outcome Shown: -25
403.1790 	DATA 	Keypress: 2
403.1853 	EXP 	unnamed TextStim: text = '+33'
403.6845 	DATA 	Sampled Response: 1, Outcome Shown: -25
403.7702 	DATA 	Keypress: 2
403.7799 	EXP 	unnamed TextStim: text = '+18'
404.2795 	DATA 	Sampled Response: 1, Outcome Shown: +40
404.3296 	DATA 	Keypress: 2
404.3358 	EXP 	unnamed TextStim: text = '+33'
404.8355 	DATA 	Sampled Response: 1, Outcome Shown: +40
404.9060 	DATA 	Keypress: 2
404.9131 	EXP 	unnamed TextStim: text = '+18'
405.4125 	DATA 	Sampled Response: 1, Outcome Shown: -25
405.4348 	DATA 	Keypress: 2
405.4381 	EXP 	unnamed TextStim: text = '+18'
405.9376 	DATA 	Sampled Response: 1, Outcome Shown: +40
405.9562 	DATA 	Keypress: 2
405.9596 	EXP 	unnamed TextStim: text = '+18'
406.4596 	DATA 	Sampled Response: 1, Outcome Shown: -25
406.4598 	DATA 	Keypress: 2
406.7628 	DATA 	Keypress: 2
406.7686 	EXP 	unnamed TextStim: text = '+18'
407.2686 	DATA 	Sampled Response: 1, Outcome Shown: -25
407.2688 	DATA 	Keypress: 2
407.2689 	DATA 	Keypress: 2
407.4585 	DATA 	Keypress: 2
407.4620 	EXP 	unnamed TextStim: text = '+18'
407.9616 	DATA 	Sampled Response: 1, Outcome Shown: +40
407.9618 	DATA 	Keypress: 2
407.9619 	DATA 	Keypress: 2
408.0187 	DATA 	Keypress: 2
408.0220 	EXP 	unnamed TextStim: text = '+18'
408.5216 	DATA 	Sampled Response: 1, Outcome Shown: +40
408.5218 	DATA 	Keypress: 1
408.5624 	DATA 	Keypress: 1
408.5760 	EXP 	unnamed TextStim: text = '-25'
409.0756 	DATA 	Sampled Response: 2, Outcome Shown: +33
409.0758 	DATA 	Keypress: 1
409.0760 	DATA 	Keypress: 1
409.3307 	DATA 	Keypress: 1
409.3380 	EXP 	unnamed TextStim: text = '+40'
409.8376 	DATA 	Sampled Response: 2, Outcome Shown: +18
409.8378 	DATA 	Keypress: 1
409.8734 	DATA 	Keypress: 2
409.8818 	EXP 	unnamed TextStim: text = '+33'
410.3816 	DATA 	Sampled Response: 1, Outcome Shown: +40
410.3819 	DATA 	Keypress: 2
410.3941 	DATA 	Keypress: 2
410.4014 	EXP 	unnamed TextStim: text = '+18'
410.9007 	DATA 	Sampled Response: 1, Outcome Shown: +40
410.9009 	DATA 	Keypress: 2
410.9010 	DATA 	Keypress: 2
410.9962 	DATA 	** broke sampling loop (<.5s left in trial) **
410.9971 	DATA 	samplingCount: 24
410.9971 	DATA 	Think Onset
411.0020 	EXP 	unnamed Rect: lineColor = 'white (named)'
411.0020 	EXP 	unnamed Rect: lineColor = 'white (named)'
411.0196 	DATA 	Keypress: 2
411.2530 	DATA 	Keypress: 2
414.0050 	DATA 	Decide Onset
414.6650 	DATA 	Keypress: 2
414.6651 	DATA 	Decision Button Press: ['2']
414.6651 	DATA 	Decision Response: 1
414.6666 	EXP 	unnamed Rect: lineColor = 'red (named)'
415.1751 	DATA 	ITI Onset
415.1761 	EXP 	unnamed Rect: lineColor = 'white (named)'
415.1761 	EXP 	unnamed Rect: lineColor = 'white (named)'
415.1761 	EXP 	unnamed TextStim: text = '+40'
415.1761 	EXP 	unnamed TextStim: text = '+18'
418.3129 	DATA 	Trial End Time - totalITI: 3.13585512549
418.3131 	EXP 	New trial (rep=0, index=17): {'P1_1': '0.4', 'P1_2': '1', 'SafeOption': '2', 'P2_2': '0', 'O2_2': '0', 'O2_1': '0', 'ProbNumber': 'SD2', 'O1_2': '-2', 'O1_1': '-4', 'EV2': '-2', 'EV1': '-1.6', 'ProbType': 'SD', 'P2_1': '0.6'}
418.3132 	DATA 	Trial Onset - ProblemType: SD, ProblemNumber: SD2, leftRight: 0, samplingDur: 15, assignedITI: 1.2377
418.3132 	DATA 	Sampling Onset
419.7851 	DATA 	Keypress: 1
419.7907 	EXP 	unnamed TextStim: text = '0'
420.2899 	DATA 	Sampled Response: 1, Outcome Shown: 0
420.4852 	DATA 	Keypress: 1
420.4911 	EXP 	unnamed TextStim: text = '-4'
420.9909 	DATA 	Sampled Response: 1, Outcome Shown: -4
421.1549 	DATA 	Keypress: 1
421.1600 	EXP 	unnamed TextStim: text = '0'
421.6599 	DATA 	Sampled Response: 1, Outcome Shown: 0
421.8019 	DATA 	Keypress: 1
421.8052 	EXP 	unnamed TextStim: text = '0'
422.3049 	DATA 	Sampled Response: 1, Outcome Shown: 0
422.4410 	DATA 	Keypress: 1
422.4499 	EXP 	unnamed TextStim: text = '-4'
422.9499 	DATA 	Sampled Response: 1, Outcome Shown: -4
423.0728 	DATA 	Keypress: 1
423.0803 	EXP 	unnamed TextStim: text = '0'
423.5799 	DATA 	Sampled Response: 1, Outcome Shown: 0
423.6894 	DATA 	Keypress: 1
423.6954 	EXP 	unnamed TextStim: text = '0'
424.1949 	DATA 	Sampled Response: 1, Outcome Shown: 0
424.3541 	DATA 	Keypress: 1
424.3574 	EXP 	unnamed TextStim: text = '0'
424.8569 	DATA 	Sampled Response: 1, Outcome Shown: 0
424.9689 	DATA 	Keypress: 1
424.9723 	EXP 	unnamed TextStim: text = '0'
425.4719 	DATA 	Sampled Response: 1, Outcome Shown: 0
425.6015 	DATA 	Keypress: 1
425.6099 	EXP 	unnamed TextStim: text = '-4'
426.1100 	DATA 	Sampled Response: 1, Outcome Shown: -4
426.2014 	DATA 	Keypress: 2
426.2072 	EXP 	unnamed TextStim: text = '-2'
426.7070 	DATA 	Sampled Response: 2, Outcome Shown: -2
426.8356 	DATA 	Keypress: 2
426.8389 	EXP 	unnamed TextStim: text = '-2'
427.3390 	DATA 	Sampled Response: 2, Outcome Shown: -2
427.4427 	DATA 	Keypress: 2
427.4461 	EXP 	unnamed TextStim: text = '-2'
427.9460 	DATA 	Sampled Response: 2, Outcome Shown: -2
428.0854 	DATA 	Keypress: 2
428.0888 	EXP 	unnamed TextStim: text = '-2'
428.5880 	DATA 	Sampled Response: 2, Outcome Shown: -2
428.6902 	DATA 	Keypress: 2
428.6935 	EXP 	unnamed TextStim: text = '-2'
429.1930 	DATA 	Sampled Response: 2, Outcome Shown: -2
429.3175 	DATA 	Keypress: 2
429.3208 	EXP 	unnamed TextStim: text = '-2'
429.8200 	DATA 	Sampled Response: 2, Outcome Shown: -2
429.9129 	DATA 	Keypress: 2
429.9215 	EXP 	unnamed TextStim: text = '-2'
430.4211 	DATA 	Sampled Response: 2, Outcome Shown: -2
430.5283 	DATA 	Keypress: 2
430.5371 	EXP 	unnamed TextStim: text = '-2'
431.0371 	DATA 	Sampled Response: 2, Outcome Shown: -2
431.1454 	DATA 	Keypress: 2
431.1513 	EXP 	unnamed TextStim: text = '-2'
431.6511 	DATA 	Sampled Response: 2, Outcome Shown: -2
431.7366 	DATA 	Keypress: 2
431.7426 	EXP 	unnamed TextStim: text = '-2'
432.2421 	DATA 	Sampled Response: 2, Outcome Shown: -2
432.3376 	DATA 	Keypress: 1
432.3426 	EXP 	unnamed TextStim: text = '0'
432.8421 	DATA 	Sampled Response: 1, Outcome Shown: 0
432.8423 	DATA 	Keypress: 1
432.8424 	DATA 	** broke sampling loop (<.5s left in trial) **
432.8434 	DATA 	samplingCount: 21
432.8434 	DATA 	Think Onset
432.8446 	EXP 	unnamed Rect: lineColor = 'white (named)'
432.8446 	EXP 	unnamed Rect: lineColor = 'white (named)'
432.9015 	DATA 	Keypress: 1
433.1288 	DATA 	Keypress: 1
435.8508 	DATA 	Decide Onset
436.9840 	DATA 	Keypress: 1
436.9841 	DATA 	Decision Button Press: ['1']
436.9842 	DATA 	Decision Response: 1
436.9855 	EXP 	unnamed Rect: lineColor = 'red (named)'
437.4916 	DATA 	ITI Onset
437.4926 	EXP 	unnamed Rect: lineColor = 'white (named)'
437.4926 	EXP 	unnamed Rect: lineColor = 'white (named)'
437.4926 	EXP 	unnamed TextStim: text = '0'
437.4926 	EXP 	unnamed TextStim: text = '-2'
439.7675 	DATA 	Trial End Time - totalITI: 2.27499740122
439.9335 	INFO 	saved wide-format data to logs/DE223/DE223_ebdm_run_1.csv
439.9336 	DATA 	*****END RUN 1*****
439.9957 	EXP 	window1: mouseVisible = True
