10.8786 	INFO 	Loaded monitor calibration from ['2018_11_07 13:00']
10.8806 	WARNING 	User requested fullscreen with size [800 600], but screen is actually [1920, 1080]. Using actual size
11.4767 	EXP 	Created window1 = Window(allowGUI=False, allowStencil=False, args=UNKNOWN, autoLog=True, bitsMode=UNKNOWN, blendMode='avg', color='black', colorSpace='named', fullscr=UNKNOWN, gamma=None, kwargs=UNKNOWN, lms=UNKNOWN, monitor=<psychopy.monitors.calibTools.Monitor object at 0x156C1EF0>, multiSample=False, name='window1', numSamples=2, pos=[0, 0], screen=0, size=array([1920, 1080]), stereo=False, units='deg', useFBO=False, useRetina=False, viewOri=0.0, viewPos=None, viewScale=None, waitBlanking=True, winType='pyglet')
11.5302 	EXP 	Created unnamed TextStim = TextStim(alignHoriz='center', alignVert='center', antialias=True, autoLog=True, bold=False, color=array([ 1.,  1.,  1.]), colorSpace='rgb', contrast=1.0, depth=0, flipHoriz=False, flipVert=False, font='', fontFiles=[], height=2, italic=False, name='unnamed TextStim', opacity=1.0, ori=0.0, pos=array([ 0.,  0.]), rgb=array([ 1.,  1.,  1.]), text='+', units='deg', win=Window(...), wrapWidth=15.0)
11.5745 	EXP 	Created unnamed TextStim = TextStim(alignHoriz='center', alignVert='center', antialias=True, autoLog=True, bold=False, color=array([ 1.,  1.,  1.]), colorSpace='rgb', contrast=1.0, depth=0, flipHoriz=False, flipVert=False, font='', fontFiles=[], height=1.5, italic=False, name='unnamed TextStim', opacity=1.0, ori=0.0, pos=array([ 0.,  0.]), rgb=array([ 1.,  1.,  1.]), text=newstr(...), units='deg', win=Window(...), wrapWidth=15.0)
11.5936 	EXP 	Created unnamed TextStim = TextStim(alignHoriz='center', alignVert='center', antialias=True, autoLog=True, bold=False, color=array([ 1.,  1.,  1.]), colorSpace='rgb', contrast=1.0, depth=0, flipHoriz=False, flipVert=False, font='', fontFiles=[], height=1.5, italic=False, name='unnamed TextStim', opacity=1.0, ori=0.0, pos=array([ 0.,  0.]), rgb=array([ 1.,  1.,  1.]), text='Waiting for scanner...', units='deg', win=Window(...), wrapWidth=15.0)
11.6169 	EXP 	Created unnamed TextStim = TextStim(alignHoriz='center', alignVert='center', antialias=True, autoLog=True, bold=False, color='white', colorSpace='named', contrast=1.0, depth=0, flipHoriz=False, flipVert=False, font='', fontFiles=[], height=1, italic=False, name='unnamed TextStim', opacity=1.0, ori=0.0, pos=array([ 0.,  0.]), rgb=array([ 255.,  255.,  255.]), text='Press SPACE to continue.', units='deg', win=Window(...), wrapWidth=15.0)
11.6288 	EXP 	Created unnamed TextStim = TextStim(alignHoriz='center', alignVert='center', antialias=True, autoLog=True, bold=False, color=array([ 1.,  1.,  1.]), colorSpace='rgb', contrast=1.0, depth=0, flipHoriz=False, flipVert=False, font='', fontFiles=[], height=0.1, italic=False, name='unnamed TextStim', opacity=1.0, ori=0.0, pos=array([ 0.,  0.]), rgb=array([ 1.,  1.,  1.]), text='THINK', units='norm', win=Window(...), wrapWidth=1)
11.6371 	EXP 	Created unnamed TextStim = TextStim(alignHoriz='center', alignVert='center', antialias=True, autoLog=True, bold=False, color=array([ 1.,  1.,  1.]), colorSpace='rgb', contrast=1.0, depth=0, flipHoriz=False, flipVert=False, font='', fontFiles=[], height=0.1, italic=False, name='unnamed TextStim', opacity=1.0, ori=0.0, pos=array([ 0.,  0.]), rgb=array([ 1.,  1.,  1.]), text='DECIDE', units='norm', win=Window(...), wrapWidth=1)
11.6431 	EXP 	<method-wrapper '__getattribute__' of attributeSetter object at 0x057BA190>: vertices = array([[-0.275     ,  0.48888889],
       [ 0.275     ,  0.48888889],
       [ 0.275     , -0.48888889],
       [-0.275     , -0.48888889]])
11.6439 	EXP 	Created unnamed Rect = Rect(autoDraw=False, autoLog=True, closeShape=True, contrast=1.0, depth=0, fillColor=None, fillColorSpace='rgb', fillRGB=None, interpolate=True, lineColor='white', lineColorSpace='named', lineRGB=array([ 255.,  255.,  255.]), lineWidth=3.5, name='unnamed Rect', opacity=1.0, ori=array(0.0), pos=array([-0.5125    , -0.09444444]), size=array([ 1.,  1.]), units='norm', vertices=ndarray(...), win=Window(...))
11.6442 	EXP 	<method-wrapper '__getattribute__' of attributeSetter object at 0x057BA190>: vertices = array([[-0.275     ,  0.48888889],
       [ 0.275     ,  0.48888889],
       [ 0.275     , -0.48888889],
       [-0.275     , -0.48888889]])
11.6450 	EXP 	Created unnamed Rect = Rect(autoDraw=False, autoLog=True, closeShape=True, contrast=1.0, depth=0, fillColor=None, fillColorSpace='rgb', fillRGB=None, interpolate=True, lineColor='white', lineColorSpace='named', lineRGB=array([ 255.,  255.,  255.]), lineWidth=3.5, name='unnamed Rect', opacity=1.0, ori=array(0.0), pos=array([ 0.4875    , -0.09444444]), size=array([ 1.,  1.]), units='norm', vertices=ndarray(...), win=Window(...))
11.6693 	EXP 	Created unnamed TextStim = TextStim(alignHoriz='center', alignVert='center', antialias=True, autoLog=True, bold=False, color=array([ 1.,  1.,  1.]), colorSpace='rgb', contrast=1.0, depth=0, flipHoriz=False, flipVert=False, font='', fontFiles=[], height=0.2, italic=False, name='unnamed TextStim', opacity=1.0, ori=0.0, pos=array([-0.5125    , -0.09444444]), rgb=array([ 1.,  1.,  1.]), text='Hello World', units='norm', win=Window(...), wrapWidth=1)
11.6793 	EXP 	Created unnamed TextStim = TextStim(alignHoriz='center', alignVert='center', antialias=True, autoLog=True, bold=False, color=array([ 1.,  1.,  1.]), colorSpace='rgb', contrast=1.0, depth=0, flipHoriz=False, flipVert=False, font='', fontFiles=[], height=0.2, italic=False, name='unnamed TextStim', opacity=1.0, ori=0.0, pos=array([ 0.4875    , -0.09444444]), rgb=array([ 1.,  1.,  1.]), text='Hello World', units='norm', win=Window(...), wrapWidth=1)
11.6893 	EXP 	Created unnamed TextStim = TextStim(alignHoriz='center', alignVert='center', antialias=True, autoLog=True, bold=False, color=array([ 1.,  1.,  1.]), colorSpace='rgb', contrast=1.0, depth=0, flipHoriz=False, flipVert=False, font='', fontFiles=[], height=0.1, italic=False, name='unnamed TextStim', opacity=1.0, ori=0.0, pos=array([-0.5125    , -0.82777778]), rgb=array([ 1.,  1.,  1.]), text='Press 1', units='norm', win=Window(...), wrapWidth=1)
11.6978 	EXP 	Created unnamed TextStim = TextStim(alignHoriz='center', alignVert='center', antialias=True, autoLog=True, bold=False, color=array([ 1.,  1.,  1.]), colorSpace='rgb', contrast=1.0, depth=0, flipHoriz=False, flipVert=False, font='', fontFiles=[], height=0.1, italic=False, name='unnamed TextStim', opacity=1.0, ori=0.0, pos=array([ 0.4875    , -0.82777778]), rgb=array([ 1.,  1.,  1.]), text='Press 2', units='norm', win=Window(...), wrapWidth=1)
11.7540 	EXP 	Created unnamed ImageStim = ImageStim(autoLog=True, color=array([ 1.,  1.,  1.]), colorSpace='rgb', contrast=1.0, depth=0, flipHoriz=False, flipVert=False, image=str(...), interpolate=False, mask=None, maskParams=None, name='unnamed ImageStim', opacity=1.0, ori=0.0, pos=array([ 0.,  0.]), size=array([ 1.35416667,  1.3537037 ]), texRes=128, units='norm', win=Window(...))
11.8158 	EXP 	Created unnamed ImageStim = ImageStim(autoLog=True, color=array([ 1.,  1.,  1.]), colorSpace='rgb', contrast=1.0, depth=0, flipHoriz=False, flipVert=False, image=str(...), interpolate=False, mask=None, maskParams=None, name='unnamed ImageStim', opacity=1.0, ori=0.0, pos=array([ 0.,  0.]), size=array([ 1.35416667,  1.3537037 ]), texRes=128, units='norm', win=Window(...))
11.8723 	EXP 	Created unnamed ImageStim = ImageStim(autoLog=True, color=array([ 1.,  1.,  1.]), colorSpace='rgb', contrast=1.0, depth=0, flipHoriz=False, flipVert=False, image=str(...), interpolate=False, mask=None, maskParams=None, name='unnamed ImageStim', opacity=1.0, ori=0.0, pos=array([ 0.,  0.]), size=array([ 1.35416667,  1.3537037 ]), texRes=128, units='norm', win=Window(...))
11.9283 	EXP 	Created unnamed ImageStim = ImageStim(autoLog=True, color=array([ 1.,  1.,  1.]), colorSpace='rgb', contrast=1.0, depth=0, flipHoriz=False, flipVert=False, image=str(...), interpolate=False, mask=None, maskParams=None, name='unnamed ImageStim', opacity=1.0, ori=0.0, pos=array([ 0.,  0.]), size=array([ 1.35416667,  1.3537037 ]), texRes=128, units='norm', win=Window(...))
11.9291 	EXP 	Created sequence: sequential, trialTypes=18, nReps=1, seed=None
12.1354 	DEBUG 	Using C:\Users\tug55950\Documents\DEGAP_Liz\DEGap_bPilotv2\SamplingMachine_bPilotv2.py as origin file
12.1360 	EXP 	Created sequence: sequential, trialTypes=18, nReps=1, seed=None
12.1364 	DEBUG 	Using C:\Users\tug55950\Documents\DEGAP_Liz\DEGap_bPilotv2\SamplingMachine_bPilotv2.py as origin file
0.0037 	DATA 	** START RUN 1 **
1.3553 	DATA 	Keypress: space
3.8032 	DATA 	Keypress: space
4.5792 	DATA 	Keypress: space
5.0511 	DATA 	Keypress: space
5.0515 	EXP 	New trial (rep=0, index=0): {'P1_1': '0.9', 'P1_2': '0.7', 'SafeOption': '1', 'P2_2': '0.3', 'O2_2': '25', 'O2_1': '15', 'ProbNumber': 'RR10', 'O1_2': '-3', 'O1_1': '5', 'EV2': '5.4', 'EV1': '6', 'ProbType': 'RR', 'P2_1': '0.1'}
5.0516 	DATA 	Trial Onset - ProblemType: RR, ProblemNumber: RR10, leftRight: 1, samplingDur: 15, assignedITI: 5.4629
5.0516 	DATA 	Sampling Onset
7.4434 	DATA 	Keypress: 1
7.4607 	EXP 	unnamed TextStim: text = '-3'
7.9599 	DATA 	Sampled Response: 2, Outcome Shown: +5
7.9602 	DATA 	Keypress: 1
8.3826 	DATA 	Keypress: 1
8.3939 	EXP 	unnamed TextStim: text = '+25'
8.8940 	DATA 	Sampled Response: 2, Outcome Shown: +5
9.1833 	DATA 	Keypress: 2
9.1887 	EXP 	unnamed TextStim: text = '+5'
9.6880 	DATA 	Sampled Response: 1, Outcome Shown: -3
9.7498 	DATA 	Keypress: 2
9.7527 	EXP 	unnamed TextStim: text = '+5'
10.2520 	DATA 	Sampled Response: 1, Outcome Shown: -3
11.1736 	DATA 	Keypress: 1
11.1792 	EXP 	unnamed TextStim: text = '-3'
11.6791 	DATA 	Sampled Response: 2, Outcome Shown: +5
11.6793 	DATA 	Keypress: 1
12.0842 	DATA 	Keypress: 1
12.0875 	EXP 	unnamed TextStim: text = '-3'
12.5871 	DATA 	Sampled Response: 2, Outcome Shown: +5
12.8755 	DATA 	Keypress: 1
12.8868 	EXP 	unnamed TextStim: text = '+25'
13.3861 	DATA 	Sampled Response: 2, Outcome Shown: +15
17.5826 	DATA 	Keypress: 2
17.5904 	EXP 	unnamed TextStim: text = '+15'
18.0901 	DATA 	Sampled Response: 1, Outcome Shown: +25
18.3496 	DATA 	Keypress: 2
18.3529 	EXP 	unnamed TextStim: text = '+15'
18.8522 	DATA 	Sampled Response: 1, Outcome Shown: -3
18.9809 	DATA 	Keypress: 2
18.9866 	EXP 	unnamed TextStim: text = '+5'
19.4862 	DATA 	Sampled Response: 1, Outcome Shown: -3
19.5477 	DATA 	Keypress: 2
19.5510 	EXP 	unnamed TextStim: text = '+5'
20.0512 	DATA 	Sampled Response: 1, Outcome Shown: -3
20.0514 	DATA 	Keypress: 2
20.0515 	DATA 	** broke sampling loop (<.5s left in trial) **
20.0525 	DATA 	samplingCount: 11
20.0525 	DATA 	Think Onset
20.0539 	EXP 	unnamed Rect: lineColor = 'white (named)'
20.0539 	EXP 	unnamed Rect: lineColor = 'white (named)'
23.0592 	DATA 	Decide Onset
23.5384 	DATA 	Keypress: 1
23.5385 	DATA 	Decision Button Press: ['1']
23.5385 	DATA 	Decision Response: 2
23.5400 	EXP 	unnamed Rect: lineColor = 'red (named)'
24.0468 	DATA 	ITI Onset
24.0480 	EXP 	unnamed Rect: lineColor = 'white (named)'
24.0480 	EXP 	unnamed Rect: lineColor = 'white (named)'
24.0480 	EXP 	unnamed TextStim: text = '+25'
24.0480 	EXP 	unnamed TextStim: text = '+5'
30.7346 	DATA 	Trial End Time - totalITI: 6.6836798678
30.7349 	EXP 	New trial (rep=0, index=1): {'P1_1': '0.6', 'P1_2': '1', 'SafeOption': '2', 'P2_2': '0', 'O2_2': '0', 'O2_1': '-22', 'ProbNumber': 'MD1', 'O1_2': '-6', 'O1_1': '4', 'EV2': '-6', 'EV1': '-6.4', 'ProbType': 'MD', 'P2_1': '0.4'}
30.7350 	DATA 	Trial Onset - ProblemType: MD, ProblemNumber: MD1, leftRight: 0, samplingDur: 18, assignedITI: 1.2135
30.7351 	DATA 	Sampling Onset
31.5868 	DATA 	Keypress: 1
31.5976 	EXP 	unnamed TextStim: text = '+4'
32.0975 	DATA 	Sampled Response: 1, Outcome Shown: +4
32.3238 	DATA 	Keypress: 1
32.3301 	EXP 	unnamed TextStim: text = '-22'
32.8295 	DATA 	Sampled Response: 1, Outcome Shown: -22
32.9484 	DATA 	Keypress: 2
32.9563 	EXP 	unnamed TextStim: text = '-6'
33.4555 	DATA 	Sampled Response: 2, Outcome Shown: -6
33.4557 	DATA 	Keypress: 2
33.8981 	DATA 	Keypress: 2
33.9041 	EXP 	unnamed TextStim: text = '-6'
34.4036 	DATA 	Sampled Response: 2, Outcome Shown: -6
34.7392 	DATA 	Keypress: 2
34.7425 	EXP 	unnamed TextStim: text = '-6'
35.2425 	DATA 	Sampled Response: 2, Outcome Shown: -6
35.4423 	DATA 	Keypress: 1
35.4479 	EXP 	unnamed TextStim: text = '-22'
35.9475 	DATA 	Sampled Response: 1, Outcome Shown: -22
35.9478 	DATA 	Keypress: 1
36.3989 	DATA 	Keypress: 1
36.4021 	EXP 	unnamed TextStim: text = '-22'
36.9016 	DATA 	Sampled Response: 1, Outcome Shown: -22
36.9464 	DATA 	Keypress: 1
36.9520 	EXP 	unnamed TextStim: text = '+4'
37.4516 	DATA 	Sampled Response: 1, Outcome Shown: +4
37.4518 	DATA 	Keypress: 1
37.8984 	DATA 	Keypress: 1
37.9043 	EXP 	unnamed TextStim: text = '-22'
38.4036 	DATA 	Sampled Response: 1, Outcome Shown: -22
48.2379 	DATA 	** broke sampling loop (<.5s left in trial) **
48.2388 	DATA 	samplingCount: 9
48.2388 	DATA 	Think Onset
48.2414 	EXP 	unnamed Rect: lineColor = 'white (named)'
48.2414 	EXP 	unnamed Rect: lineColor = 'white (named)'
51.2482 	DATA 	Decide Onset
51.6652 	DATA 	Keypress: 2
51.6652 	DATA 	Decision Button Press: ['2']
51.6653 	DATA 	Decision Response: 2
51.6666 	EXP 	unnamed Rect: lineColor = 'red (named)'
52.1734 	DATA 	ITI Onset
52.1744 	EXP 	unnamed Rect: lineColor = 'white (named)'
52.1744 	EXP 	unnamed Rect: lineColor = 'white (named)'
52.1744 	EXP 	unnamed TextStim: text = '-22'
52.1744 	EXP 	unnamed TextStim: text = '-6'
55.1685 	DATA 	Trial End Time - totalITI: 2.99341993701
55.1688 	EXP 	New trial (rep=0, index=2): {'P1_1': '0.3', 'P1_2': '0.5', 'SafeOption': '1', 'P2_2': '0.5', 'O2_2': '30', 'O2_1': '15', 'ProbNumber': 'RR4', 'O1_2': '-8', 'O1_1': '5', 'EV2': '11', 'EV1': '12', 'ProbType': 'RR', 'P2_1': '0.7'}
55.1690 	DATA 	Trial Onset - ProblemType: RR, ProblemNumber: RR4, leftRight: 0, samplingDur: 15, assignedITI: 1.3248
55.1690 	DATA 	Sampling Onset
56.0973 	DATA 	Keypress: 1
56.1059 	EXP 	unnamed TextStim: text = '+5'
56.6060 	DATA 	Sampled Response: 1, Outcome Shown: +5
56.9856 	DATA 	Keypress: 1
56.9889 	EXP 	unnamed TextStim: text = '+5'
57.4890 	DATA 	Sampled Response: 1, Outcome Shown: +5
57.5478 	DATA 	Keypress: 1
57.5538 	EXP 	unnamed TextStim: text = '+15'
58.0530 	DATA 	Sampled Response: 1, Outcome Shown: +15
58.0532 	DATA 	Keypress: 1
58.5220 	DATA 	Keypress: 1
58.5305 	EXP 	unnamed TextStim: text = '+5'
59.0301 	DATA 	Sampled Response: 1, Outcome Shown: +5
59.1456 	DATA 	Keypress: 2
59.1611 	EXP 	unnamed TextStim: text = '+30'
59.6610 	DATA 	Sampled Response: 2, Outcome Shown: +30
59.8416 	DATA 	Keypress: 2
59.8474 	EXP 	unnamed TextStim: text = '+30'
60.3470 	DATA 	Sampled Response: 2, Outcome Shown: +30
60.4452 	DATA 	Keypress: 2
60.4485 	EXP 	unnamed TextStim: text = '+30'
60.9481 	DATA 	Sampled Response: 2, Outcome Shown: +30
61.0353 	DATA 	Keypress: 2
61.0387 	EXP 	unnamed TextStim: text = '+30'
61.5381 	DATA 	Sampled Response: 2, Outcome Shown: +30
61.5981 	DATA 	Keypress: 2
61.6015 	EXP 	unnamed TextStim: text = '+30'
62.1011 	DATA 	Sampled Response: 2, Outcome Shown: +30
62.1013 	DATA 	Keypress: 2
62.4424 	DATA 	Keypress: 2
62.4507 	EXP 	unnamed TextStim: text = '-8'
62.9501 	DATA 	Sampled Response: 2, Outcome Shown: -8
62.9504 	DATA 	Keypress: 2
63.4811 	DATA 	Keypress: 2
63.4871 	EXP 	unnamed TextStim: text = '-8'
63.9871 	DATA 	Sampled Response: 2, Outcome Shown: -8
64.1471 	DATA 	Keypress: 1
64.1533 	EXP 	unnamed TextStim: text = '+15'
64.6532 	DATA 	Sampled Response: 1, Outcome Shown: +15
64.6534 	DATA 	Keypress: 1
65.0338 	DATA 	Keypress: 1
65.0372 	EXP 	unnamed TextStim: text = '+15'
65.5372 	DATA 	Sampled Response: 1, Outcome Shown: +15
65.7709 	DATA 	Keypress: 1
65.7743 	EXP 	unnamed TextStim: text = '+15'
66.2742 	DATA 	Sampled Response: 1, Outcome Shown: +15
66.4247 	DATA 	Keypress: 1
66.4308 	EXP 	unnamed TextStim: text = '+15'
66.9302 	DATA 	Sampled Response: 1, Outcome Shown: +15
66.9304 	DATA 	Keypress: 1
67.8013 	DATA 	Keypress: 1
67.8073 	EXP 	unnamed TextStim: text = '+15'
68.3072 	DATA 	Sampled Response: 1, Outcome Shown: +15
69.4286 	DATA 	Keypress: 1
69.4319 	EXP 	unnamed TextStim: text = '+15'
69.9313 	DATA 	Sampled Response: 1, Outcome Shown: +15
69.9314 	DATA 	** broke sampling loop (<.5s left in trial) **
69.9323 	DATA 	samplingCount: 17
69.9323 	DATA 	Think Onset
69.9335 	EXP 	unnamed Rect: lineColor = 'white (named)'
69.9335 	EXP 	unnamed Rect: lineColor = 'white (named)'
69.9539 	DATA 	Keypress: 2
71.7706 	DATA 	Keypress: 2
72.3959 	DATA 	Keypress: 2
72.9375 	DATA 	Decide Onset
73.2002 	DATA 	Keypress: 2
73.2003 	DATA 	Decision Button Press: ['2']
73.2003 	DATA 	Decision Response: 2
73.2017 	EXP 	unnamed Rect: lineColor = 'red (named)'
73.7100 	DATA 	ITI Onset
73.7109 	EXP 	unnamed Rect: lineColor = 'white (named)'
73.7109 	EXP 	unnamed Rect: lineColor = 'white (named)'
73.7109 	EXP 	unnamed TextStim: text = '+15'
73.7109 	EXP 	unnamed TextStim: text = '-8'
76.7134 	DATA 	Trial End Time - totalITI: 2.99933652159
76.7136 	EXP 	New trial (rep=0, index=3): {'P1_1': '0.8', 'P1_2': '1', 'SafeOption': '2', 'P2_2': '0', 'O2_2': '0', 'O2_1': '0', 'ProbNumber': 'SD9', 'O1_2': '13', 'O1_1': '16', 'EV2': '13', 'EV1': '12.8', 'ProbType': 'SD', 'P2_1': '0.2'}
76.7138 	DATA 	Trial Onset - ProblemType: SD, ProblemNumber: SD9, leftRight: 0, samplingDur: 17, assignedITI: 2.4102
76.7138 	DATA 	Sampling Onset
77.3207 	DATA 	Keypress: 1
77.3272 	EXP 	unnamed TextStim: text = '+16'
77.8264 	DATA 	Sampled Response: 1, Outcome Shown: +16
78.1535 	DATA 	Keypress: 1
78.1568 	EXP 	unnamed TextStim: text = '+16'
78.6564 	DATA 	Sampled Response: 1, Outcome Shown: +16
78.8119 	DATA 	Keypress: 1
78.8152 	EXP 	unnamed TextStim: text = '+16'
79.3144 	DATA 	Sampled Response: 1, Outcome Shown: +16
79.4163 	DATA 	Keypress: 1
79.4197 	EXP 	unnamed TextStim: text = '+16'
79.9194 	DATA 	Sampled Response: 1, Outcome Shown: +16
80.0015 	DATA 	Keypress: 1
80.0048 	EXP 	unnamed TextStim: text = '+16'
80.5045 	DATA 	Sampled Response: 1, Outcome Shown: +16
80.5866 	DATA 	Keypress: 1
80.5900 	EXP 	unnamed TextStim: text = '+16'
81.0895 	DATA 	Sampled Response: 1, Outcome Shown: +16
81.0963 	DATA 	Keypress: 1
81.1025 	EXP 	unnamed TextStim: text = '0'
81.6025 	DATA 	Sampled Response: 1, Outcome Shown: 0
81.6027 	DATA 	Keypress: 1
82.0489 	DATA 	Keypress: 2
82.0571 	EXP 	unnamed TextStim: text = '+13'
82.5565 	DATA 	Sampled Response: 2, Outcome Shown: +13
82.5567 	DATA 	Keypress: 2
82.9042 	DATA 	Keypress: 2
82.9074 	EXP 	unnamed TextStim: text = '+13'
83.4076 	DATA 	Sampled Response: 2, Outcome Shown: +13
83.4078 	DATA 	Keypress: 2
83.7048 	DATA 	Keypress: 2
83.7106 	EXP 	unnamed TextStim: text = '+13'
84.2105 	DATA 	Sampled Response: 2, Outcome Shown: +13
84.2108 	DATA 	Keypress: 2
84.4163 	DATA 	Keypress: 2
84.4196 	EXP 	unnamed TextStim: text = '+13'
84.9196 	DATA 	Sampled Response: 2, Outcome Shown: +13
84.9198 	DATA 	Keypress: 2
84.9950 	DATA 	Keypress: 2
84.9983 	EXP 	unnamed TextStim: text = '+13'
85.4976 	DATA 	Sampled Response: 2, Outcome Shown: +13
85.4978 	DATA 	Keypress: 2
85.6162 	DATA 	Keypress: 2
85.6195 	EXP 	unnamed TextStim: text = '+13'
86.1195 	DATA 	Sampled Response: 2, Outcome Shown: +13
86.1198 	DATA 	Keypress: 2
86.2240 	DATA 	Keypress: 2
86.2325 	EXP 	unnamed TextStim: text = '+13'
86.7326 	DATA 	Sampled Response: 2, Outcome Shown: +13
86.7328 	DATA 	Keypress: 2
86.8171 	DATA 	Keypress: 2
86.8206 	EXP 	unnamed TextStim: text = '+13'
87.3206 	DATA 	Sampled Response: 2, Outcome Shown: +13
87.3208 	DATA 	Keypress: 2
87.4802 	DATA 	Keypress: 2
87.4835 	EXP 	unnamed TextStim: text = '+13'
87.9836 	DATA 	Sampled Response: 2, Outcome Shown: +13
93.2170 	DATA 	** broke sampling loop (<.5s left in trial) **
93.2180 	DATA 	samplingCount: 16
93.2180 	DATA 	Think Onset
93.2205 	EXP 	unnamed Rect: lineColor = 'white (named)'
93.2205 	EXP 	unnamed Rect: lineColor = 'white (named)'
96.2228 	DATA 	Decide Onset
96.5512 	DATA 	Keypress: 2
96.5513 	DATA 	Decision Button Press: ['2']
96.5513 	DATA 	Decision Response: 2
96.5527 	EXP 	unnamed Rect: lineColor = 'red (named)'
97.0594 	DATA 	ITI Onset
97.0604 	EXP 	unnamed Rect: lineColor = 'white (named)'
97.0604 	EXP 	unnamed Rect: lineColor = 'white (named)'
97.0604 	EXP 	unnamed TextStim: text = '0'
97.0604 	EXP 	unnamed TextStim: text = '+13'
101.3441 	DATA 	Trial End Time - totalITI: 4.27820913584
101.3444 	EXP 	New trial (rep=0, index=4): {'P1_1': '0.9', 'P1_2': '1', 'SafeOption': '2', 'P2_2': '0', 'O2_2': '0', 'O2_1': '-30', 'ProbNumber': 'MD2', 'O1_2': '-1', 'O1_1': '2', 'EV2': '-1', 'EV1': '-1.2', 'ProbType': 'MD', 'P2_1': '0.1'}
101.3445 	DATA 	Trial Onset - ProblemType: MD, ProblemNumber: MD2, leftRight: 1, samplingDur: 17, assignedITI: 5.4629
101.3446 	DATA 	Sampling Onset
102.4323 	DATA 	Keypress: 1
102.4383 	EXP 	unnamed TextStim: text = '-1'
102.9380 	DATA 	Sampled Response: 2, Outcome Shown: +2
103.2155 	DATA 	Keypress: 1
103.2216 	EXP 	unnamed TextStim: text = '-1'
103.7210 	DATA 	Sampled Response: 2, Outcome Shown: +2
103.9994 	DATA 	Keypress: 1
104.0054 	EXP 	unnamed TextStim: text = '-1'
104.5050 	DATA 	Sampled Response: 2, Outcome Shown: -30
104.6153 	DATA 	Keypress: 1
104.6217 	EXP 	unnamed TextStim: text = '-1'
105.1210 	DATA 	Sampled Response: 2, Outcome Shown: +2
105.2171 	DATA 	Keypress: 1
105.2204 	EXP 	unnamed TextStim: text = '-1'
105.7201 	DATA 	Sampled Response: 2, Outcome Shown: +2
105.7452 	DATA 	Keypress: 1
105.7485 	EXP 	unnamed TextStim: text = '-1'
106.2480 	DATA 	Sampled Response: 2, Outcome Shown: +2
106.2483 	DATA 	Keypress: 1
106.6159 	DATA 	Keypress: 1
106.6217 	EXP 	unnamed TextStim: text = '-1'
107.1210 	DATA 	Sampled Response: 2, Outcome Shown: +2
107.1213 	DATA 	Keypress: 2
107.4492 	DATA 	Keypress: 2
107.4545 	EXP 	unnamed TextStim: text = '+2'
107.9540 	DATA 	Sampled Response: 1, Outcome Shown: -1
107.9543 	DATA 	Keypress: 2
108.1831 	DATA 	Keypress: 2
108.1864 	EXP 	unnamed TextStim: text = '+2'
108.6861 	DATA 	Sampled Response: 1, Outcome Shown: -1
108.6863 	DATA 	Keypress: 2
108.8391 	DATA 	Keypress: 2
108.8447 	EXP 	unnamed TextStim: text = '+2'
109.3441 	DATA 	Sampled Response: 1, Outcome Shown: -1
109.3443 	DATA 	Keypress: 2
109.5030 	DATA 	Keypress: 2
109.5100 	EXP 	unnamed TextStim: text = '-30'
110.0101 	DATA 	Sampled Response: 1, Outcome Shown: -1
110.3692 	DATA 	Keypress: 1
110.3725 	EXP 	unnamed TextStim: text = '-1'
110.8721 	DATA 	Sampled Response: 2, Outcome Shown: +2
110.8723 	DATA 	Keypress: 1
111.0650 	DATA 	Keypress: 1
111.0683 	EXP 	unnamed TextStim: text = '-1'
111.5681 	DATA 	Sampled Response: 2, Outcome Shown: +2
117.8481 	DATA 	** broke sampling loop (<.5s left in trial) **
117.8491 	DATA 	samplingCount: 13
117.8491 	DATA 	Think Onset
117.8516 	EXP 	unnamed Rect: lineColor = 'white (named)'
117.8516 	EXP 	unnamed Rect: lineColor = 'white (named)'
120.8540 	DATA 	Decide Onset
121.2302 	DATA 	Keypress: 1
121.2302 	DATA 	Decision Button Press: ['1']
121.2303 	DATA 	Decision Response: 2
121.2316 	EXP 	unnamed Rect: lineColor = 'red (named)'
121.7404 	DATA 	ITI Onset
121.7414 	EXP 	unnamed Rect: lineColor = 'white (named)'
121.7414 	EXP 	unnamed Rect: lineColor = 'white (named)'
121.7414 	EXP 	unnamed TextStim: text = '-1'
121.7414 	EXP 	unnamed TextStim: text = '-30'
129.0272 	DATA 	Trial End Time - totalITI: 7.28287849145
129.0274 	EXP 	New trial (rep=0, index=5): {'P1_1': '0.2', 'P1_2': '1', 'SafeOption': '2', 'P2_2': '0', 'O2_2': '0', 'O2_1': '0', 'ProbNumber': 'SD12', 'O1_2': '6', 'O1_1': '29', 'EV2': '6', 'EV1': '5.8', 'ProbType': 'SD', 'P2_1': '0.8'}
129.0276 	DATA 	Trial Onset - ProblemType: SD, ProblemNumber: SD12, leftRight: 1, samplingDur: 15, assignedITI: 1.048
129.0276 	DATA 	Sampling Onset
130.8785 	DATA 	Keypress: 1
130.8870 	EXP 	unnamed TextStim: text = '+6'
131.3866 	DATA 	Sampled Response: 2, Outcome Shown: 0
131.7844 	DATA 	Keypress: 1
131.7877 	EXP 	unnamed TextStim: text = '+6'
132.2876 	DATA 	Sampled Response: 2, Outcome Shown: 0
132.5928 	DATA 	Keypress: 1
132.5961 	EXP 	unnamed TextStim: text = '+6'
133.0956 	DATA 	Sampled Response: 2, Outcome Shown: +29
133.3499 	DATA 	Keypress: 1
133.3557 	EXP 	unnamed TextStim: text = '+6'
133.8556 	DATA 	Sampled Response: 2, Outcome Shown: 0
133.9982 	DATA 	Keypress: 1
134.0015 	EXP 	unnamed TextStim: text = '+6'
134.5016 	DATA 	Sampled Response: 2, Outcome Shown: 0
134.6480 	DATA 	Keypress: 1
134.6514 	EXP 	unnamed TextStim: text = '+6'
135.1507 	DATA 	Sampled Response: 2, Outcome Shown: 0
135.3511 	DATA 	Keypress: 1
135.3543 	EXP 	unnamed TextStim: text = '+6'
135.8537 	DATA 	Sampled Response: 2, Outcome Shown: 0
135.9362 	DATA 	Keypress: 2
135.9422 	EXP 	unnamed TextStim: text = '0'
136.4417 	DATA 	Sampled Response: 1, Outcome Shown: +6
136.4419 	DATA 	Keypress: 2
136.6878 	DATA 	Keypress: 2
136.6936 	EXP 	unnamed TextStim: text = '0'
137.1937 	DATA 	Sampled Response: 1, Outcome Shown: +6
137.1939 	DATA 	Keypress: 2
137.4164 	DATA 	Keypress: 2
137.4191 	EXP 	unnamed TextStim: text = '0'
137.9187 	DATA 	Sampled Response: 1, Outcome Shown: +6
137.9189 	DATA 	Keypress: 2
137.9941 	DATA 	Keypress: 2
137.9974 	EXP 	unnamed TextStim: text = '0'
138.4967 	DATA 	Sampled Response: 1, Outcome Shown: +6
138.4969 	DATA 	Keypress: 2
138.6321 	DATA 	Keypress: 2
138.6354 	EXP 	unnamed TextStim: text = '0'
139.1347 	DATA 	Sampled Response: 1, Outcome Shown: +6
139.1349 	DATA 	Keypress: 2
139.1604 	DATA 	Keypress: 2
139.1637 	EXP 	unnamed TextStim: text = '0'
139.6637 	DATA 	Sampled Response: 1, Outcome Shown: +6
139.6640 	DATA 	Keypress: 2
139.6790 	DATA 	Keypress: 2
139.6824 	EXP 	unnamed TextStim: text = '0'
140.1817 	DATA 	Sampled Response: 1, Outcome Shown: +6
140.1820 	DATA 	Keypress: 2
140.2536 	DATA 	Keypress: 2
140.2625 	EXP 	unnamed TextStim: text = '0'
140.7618 	DATA 	Sampled Response: 1, Outcome Shown: +6
140.7620 	DATA 	Keypress: 2
140.7662 	DATA 	Keypress: 2
140.7681 	EXP 	unnamed TextStim: text = '0'
141.2678 	DATA 	Sampled Response: 1, Outcome Shown: +6
141.2680 	DATA 	Keypress: 2
141.2693 	DATA 	Keypress: 2
141.2715 	EXP 	unnamed TextStim: text = '0'
141.7708 	DATA 	Sampled Response: 1, Outcome Shown: +6
141.7710 	DATA 	Keypress: 2
141.8536 	DATA 	Keypress: 2
141.8596 	EXP 	unnamed TextStim: text = '0'
142.3598 	DATA 	Sampled Response: 1, Outcome Shown: +6
142.3600 	DATA 	Keypress: 1
142.6264 	DATA 	Keypress: 1
142.6297 	EXP 	unnamed TextStim: text = '+6'
143.1298 	DATA 	Sampled Response: 2, Outcome Shown: 0
143.1300 	DATA 	Keypress: 1
143.1302 	DATA 	Keypress: 1
143.3510 	DATA 	Keypress: 1
143.3543 	EXP 	unnamed TextStim: text = '+6'
143.8538 	DATA 	Sampled Response: 2, Outcome Shown: 0
143.8540 	DATA 	Keypress: 1
143.8542 	DATA 	Keypress: 1
143.8542 	DATA 	** broke sampling loop (<.5s left in trial) **
143.8552 	DATA 	samplingCount: 20
143.8553 	DATA 	Think Onset
143.8564 	EXP 	unnamed Rect: lineColor = 'white (named)'
143.8564 	EXP 	unnamed Rect: lineColor = 'white (named)'
144.1044 	DATA 	Keypress: 1
144.3845 	DATA 	Keypress: 1
144.6538 	DATA 	Keypress: 1
144.9605 	DATA 	Keypress: 1
145.8300 	DATA 	Keypress: 1
146.2102 	DATA 	Keypress: 1
146.5973 	DATA 	Keypress: 1
146.8633 	DATA 	Decide Onset
146.9731 	DATA 	Keypress: 1
146.9731 	DATA 	Decision Button Press: ['1']
146.9732 	DATA 	Decision Response: 2
146.9746 	EXP 	unnamed Rect: lineColor = 'red (named)'
147.4801 	DATA 	ITI Onset
147.4811 	EXP 	unnamed Rect: lineColor = 'white (named)'
147.4811 	EXP 	unnamed Rect: lineColor = 'white (named)'
147.4811 	EXP 	unnamed TextStim: text = '+6'
147.4811 	EXP 	unnamed TextStim: text = '0'
150.2935 	DATA 	Trial End Time - totalITI: 2.8112082173
150.2938 	EXP 	New trial (rep=0, index=6): {'P1_1': '0.1', 'P1_2': '1', 'SafeOption': '2', 'P2_2': '0', 'O2_2': '0', 'O2_1': '0', 'ProbNumber': 'SD10', 'O1_2': '3', 'O1_1': '32', 'EV2': '3', 'EV1': '3.2', 'ProbType': 'SD', 'P2_1': '0.9'}
150.2939 	DATA 	Trial Onset - ProblemType: SD, ProblemNumber: SD10, leftRight: 0, samplingDur: 16, assignedITI: 1.8631
150.2939 	DATA 	Sampling Onset
150.6934 	DATA 	Keypress: 1
150.6994 	EXP 	unnamed TextStim: text = '0'
151.1990 	DATA 	Sampled Response: 1, Outcome Shown: 0
151.1992 	DATA 	Keypress: 1
151.4461 	DATA 	Keypress: 1
151.4494 	EXP 	unnamed TextStim: text = '0'
151.9490 	DATA 	Sampled Response: 1, Outcome Shown: 0
151.9492 	DATA 	Keypress: 1
152.0453 	DATA 	Keypress: 1
152.0513 	EXP 	unnamed TextStim: text = '0'
152.5510 	DATA 	Sampled Response: 1, Outcome Shown: 0
152.5512 	DATA 	Keypress: 1
152.7431 	DATA 	Keypress: 1
152.7464 	EXP 	unnamed TextStim: text = '0'
153.2460 	DATA 	Sampled Response: 1, Outcome Shown: 0
153.2463 	DATA 	Keypress: 1
153.3092 	DATA 	Keypress: 1
153.3127 	EXP 	unnamed TextStim: text = '0'
153.8120 	DATA 	Sampled Response: 1, Outcome Shown: 0
153.8209 	DATA 	Keypress: 2
154.1446 	DATA 	Keypress: 2
154.1502 	EXP 	unnamed TextStim: text = '+3'
154.6500 	DATA 	Sampled Response: 2, Outcome Shown: +3
154.6503 	DATA 	Keypress: 2
154.6531 	DATA 	Keypress: 2
154.6552 	EXP 	unnamed TextStim: text = '+3'
155.1551 	DATA 	Sampled Response: 2, Outcome Shown: +3
155.1553 	DATA 	Keypress: 2
155.1933 	DATA 	Keypress: 2
155.1966 	EXP 	unnamed TextStim: text = '+3'
155.6961 	DATA 	Sampled Response: 2, Outcome Shown: +3
155.6963 	DATA 	Keypress: 2
155.7273 	DATA 	Keypress: 2
155.7306 	EXP 	unnamed TextStim: text = '+3'
156.2301 	DATA 	Sampled Response: 2, Outcome Shown: +3
156.2303 	DATA 	Keypress: 2
156.2305 	DATA 	Keypress: 2
156.5187 	DATA 	Keypress: 2
156.5244 	EXP 	unnamed TextStim: text = '+3'
157.0241 	DATA 	Sampled Response: 2, Outcome Shown: +3
157.0243 	DATA 	Keypress: 2
157.0245 	DATA 	Keypress: 2
157.2847 	DATA 	Keypress: 2
157.2934 	EXP 	unnamed TextStim: text = '+3'
157.7931 	DATA 	Sampled Response: 2, Outcome Shown: +3
157.7933 	DATA 	Keypress: 2
157.8290 	DATA 	Keypress: 2
157.8350 	EXP 	unnamed TextStim: text = '+3'
158.3351 	DATA 	Sampled Response: 2, Outcome Shown: +3
158.3354 	DATA 	Keypress: 2
158.3409 	DATA 	Keypress: 2
158.3437 	EXP 	unnamed TextStim: text = '+3'
158.8431 	DATA 	Sampled Response: 2, Outcome Shown: +3
158.8434 	DATA 	Keypress: 2
158.9192 	DATA 	Keypress: 2
158.9249 	EXP 	unnamed TextStim: text = '+3'
159.4242 	DATA 	Sampled Response: 2, Outcome Shown: +3
159.4244 	DATA 	Keypress: 2
159.4289 	DATA 	Keypress: 2
159.4312 	EXP 	unnamed TextStim: text = '+3'
159.9312 	DATA 	Sampled Response: 2, Outcome Shown: +3
159.9314 	DATA 	Keypress: 2
159.9495 	DATA 	Keypress: 2
159.9528 	EXP 	unnamed TextStim: text = '+3'
160.4522 	DATA 	Sampled Response: 2, Outcome Shown: +3
160.4524 	DATA 	Keypress: 2
160.4525 	DATA 	Keypress: 1
160.7096 	DATA 	Keypress: 1
160.7129 	EXP 	unnamed TextStim: text = '0'
161.2122 	DATA 	Sampled Response: 1, Outcome Shown: 0
161.2124 	DATA 	Keypress: 1
161.3812 	DATA 	Keypress: 1
161.3872 	EXP 	unnamed TextStim: text = '0'
161.8872 	DATA 	Sampled Response: 1, Outcome Shown: 0
161.8874 	DATA 	Keypress: 1
161.8930 	DATA 	Keypress: 1
161.8958 	EXP 	unnamed TextStim: text = '0'
162.3952 	DATA 	Sampled Response: 1, Outcome Shown: 0
162.3954 	DATA 	Keypress: 1
162.4048 	DATA 	Keypress: 1
162.4155 	EXP 	unnamed TextStim: text = '+32'
162.9153 	DATA 	Sampled Response: 1, Outcome Shown: +32
162.9155 	DATA 	Keypress: 1
162.9156 	DATA 	Keypress: 1
163.1422 	DATA 	Keypress: 1
163.1471 	EXP 	unnamed TextStim: text = '0'
163.6473 	DATA 	Sampled Response: 1, Outcome Shown: 0
163.6475 	DATA 	Keypress: 1
163.6476 	DATA 	Keypress: 1
163.8465 	DATA 	Keypress: 1
163.8498 	EXP 	unnamed TextStim: text = '0'
164.3493 	DATA 	Sampled Response: 1, Outcome Shown: 0
164.3495 	DATA 	Keypress: 1
164.3583 	DATA 	Keypress: 1
164.3617 	EXP 	unnamed TextStim: text = '0'
164.8613 	DATA 	Sampled Response: 1, Outcome Shown: 0
164.8615 	DATA 	Keypress: 2
164.9927 	DATA 	Keypress: 2
164.9961 	EXP 	unnamed TextStim: text = '+3'
165.4953 	DATA 	Sampled Response: 2, Outcome Shown: +3
165.4955 	DATA 	Keypress: 2
165.4957 	DATA 	Keypress: 2
165.6546 	DATA 	Keypress: 2
165.6604 	EXP 	unnamed TextStim: text = '+3'
166.1603 	DATA 	Sampled Response: 2, Outcome Shown: +3
166.1605 	DATA 	Keypress: 2
166.1607 	DATA 	Keypress: 2
166.1607 	DATA 	** broke sampling loop (<.5s left in trial) **
166.1616 	DATA 	samplingCount: 25
166.1616 	DATA 	Think Onset
166.1629 	EXP 	unnamed Rect: lineColor = 'white (named)'
166.1629 	EXP 	unnamed Rect: lineColor = 'white (named)'
166.3835 	DATA 	Keypress: 2
169.1661 	DATA 	Decide Onset
169.4441 	DATA 	Keypress: 1
169.4442 	DATA 	Decision Button Press: ['1']
169.4442 	DATA 	Decision Response: 1
169.4456 	EXP 	unnamed Rect: lineColor = 'red (named)'
169.9529 	DATA 	ITI Onset
169.9542 	EXP 	unnamed Rect: lineColor = 'white (named)'
169.9542 	EXP 	unnamed Rect: lineColor = 'white (named)'
169.9542 	EXP 	unnamed TextStim: text = '0'
169.9542 	EXP 	unnamed TextStim: text = '+3'
173.3756 	DATA 	Trial End Time - totalITI: 3.41798799762
173.3758 	EXP 	New trial (rep=0, index=7): {'P1_1': '0.9', 'P1_2': '1', 'SafeOption': '2', 'P2_2': '0', 'O2_2': '0', 'O2_1': '-37', 'ProbNumber': 'MD3', 'O1_2': '-5', 'O1_1': '10', 'EV2': '-5', 'EV1': '5.3', 'ProbType': 'MD', 'P2_1': '0.1'}
173.3760 	DATA 	Trial Onset - ProblemType: MD, ProblemNumber: MD3, leftRight: 1, samplingDur: 15, assignedITI: 1.233
173.3760 	DATA 	Sampling Onset
173.7494 	DATA 	Keypress: 2
173.7570 	EXP 	unnamed TextStim: text = '+10'
174.2565 	DATA 	Sampled Response: 1, Outcome Shown: -5
174.4623 	DATA 	Keypress: 2
174.4656 	EXP 	unnamed TextStim: text = '+10'
174.9655 	DATA 	Sampled Response: 1, Outcome Shown: -5
174.9657 	DATA 	Keypress: 2
175.3001 	DATA 	Keypress: 2
175.3085 	EXP 	unnamed TextStim: text = '+10'
175.8085 	DATA 	Sampled Response: 1, Outcome Shown: -5
175.8087 	DATA 	Keypress: 2
175.8929 	DATA 	Keypress: 2
175.9053 	EXP 	unnamed TextStim: text = '-37'
176.4046 	DATA 	Sampled Response: 1, Outcome Shown: -5
176.4048 	DATA 	Keypress: 2
176.6371 	DATA 	Keypress: 2
176.6440 	EXP 	unnamed TextStim: text = '+10'
177.1435 	DATA 	Sampled Response: 1, Outcome Shown: -5
177.1437 	DATA 	Keypress: 2
177.1758 	DATA 	Keypress: 2
177.1792 	EXP 	unnamed TextStim: text = '+10'
177.6786 	DATA 	Sampled Response: 1, Outcome Shown: -5
177.6788 	DATA 	Keypress: 2
177.7423 	DATA 	Keypress: 2
177.7457 	EXP 	unnamed TextStim: text = '+10'
178.2456 	DATA 	Sampled Response: 1, Outcome Shown: -5
178.2458 	DATA 	Keypress: 2
178.3433 	DATA 	Keypress: 2
178.3468 	EXP 	unnamed TextStim: text = '+10'
178.8466 	DATA 	Sampled Response: 1, Outcome Shown: -5
178.8468 	DATA 	Keypress: 2
178.9926 	DATA 	Keypress: 2
178.9959 	EXP 	unnamed TextStim: text = '+10'
179.4956 	DATA 	Sampled Response: 1, Outcome Shown: -5
179.4958 	DATA 	Keypress: 2
179.6145 	DATA 	Keypress: 2
179.6179 	EXP 	unnamed TextStim: text = '+10'
180.1176 	DATA 	Sampled Response: 1, Outcome Shown: -5
180.1179 	DATA 	Keypress: 2
180.1485 	DATA 	Keypress: 2
180.1573 	EXP 	unnamed TextStim: text = '+10'
180.6566 	DATA 	Sampled Response: 1, Outcome Shown: -5
180.6568 	DATA 	Keypress: 2
180.7271 	DATA 	Keypress: 2
180.7305 	EXP 	unnamed TextStim: text = '+10'
181.2307 	DATA 	Sampled Response: 1, Outcome Shown: -5
181.2309 	DATA 	Keypress: 2
181.2861 	DATA 	Keypress: 2
181.2924 	EXP 	unnamed TextStim: text = '+10'
181.7916 	DATA 	Sampled Response: 1, Outcome Shown: -5
181.7918 	DATA 	Keypress: 2
181.8292 	DATA 	Keypress: 2
181.8328 	EXP 	unnamed TextStim: text = '+10'
182.3326 	DATA 	Sampled Response: 1, Outcome Shown: -5
182.3329 	DATA 	Keypress: 2
182.3493 	DATA 	Keypress: 2
182.3528 	EXP 	unnamed TextStim: text = '+10'
182.8526 	DATA 	Sampled Response: 1, Outcome Shown: -5
182.8528 	DATA 	Keypress: 2
182.8838 	DATA 	Keypress: 2
182.8930 	EXP 	unnamed TextStim: text = '+10'
183.3927 	DATA 	Sampled Response: 1, Outcome Shown: -5
183.3929 	DATA 	Keypress: 1
183.5427 	DATA 	Keypress: 1
183.5490 	EXP 	unnamed TextStim: text = '-5'
184.0487 	DATA 	Sampled Response: 2, Outcome Shown: +10
184.0489 	DATA 	Keypress: 1
184.0491 	DATA 	Keypress: 1
184.3258 	DATA 	Keypress: 1
184.3290 	EXP 	unnamed TextStim: text = '-5'
184.8287 	DATA 	Sampled Response: 2, Outcome Shown: +10
184.8289 	DATA 	Keypress: 1
184.8935 	DATA 	Keypress: 1
184.8971 	EXP 	unnamed TextStim: text = '-5'
185.3967 	DATA 	Sampled Response: 2, Outcome Shown: -37
185.3969 	DATA 	Keypress: 1
185.5264 	DATA 	Keypress: 1
185.5297 	EXP 	unnamed TextStim: text = '-5'
186.0297 	DATA 	Sampled Response: 2, Outcome Shown: +10
186.0299 	DATA 	Keypress: 1
186.1254 	DATA 	Keypress: 1
186.1287 	EXP 	unnamed TextStim: text = '-5'
186.6287 	DATA 	Sampled Response: 2, Outcome Shown: +10
186.6290 	DATA 	Keypress: 1
186.6917 	DATA 	Keypress: 1
186.6980 	EXP 	unnamed TextStim: text = '-5'
187.1978 	DATA 	Sampled Response: 2, Outcome Shown: +10
187.1980 	DATA 	Keypress: 1
187.3809 	DATA 	Keypress: 1
187.3843 	EXP 	unnamed TextStim: text = '-5'
187.8838 	DATA 	Sampled Response: 2, Outcome Shown: +10
187.8840 	DATA 	Keypress: 1
187.8841 	DATA 	** broke sampling loop (<.5s left in trial) **
187.8850 	DATA 	samplingCount: 23
187.8850 	DATA 	Think Onset
187.8862 	EXP 	unnamed Rect: lineColor = 'white (named)'
187.8862 	EXP 	unnamed Rect: lineColor = 'white (named)'
187.9179 	DATA 	Keypress: 1
188.5420 	DATA 	Keypress: 1
189.2122 	DATA 	Keypress: 1
189.5664 	DATA 	Keypress: 1
189.8251 	DATA 	Keypress: 1
190.0920 	DATA 	Keypress: 1
190.3325 	DATA 	Keypress: 1
190.8453 	DATA 	Keypress: 1
190.8947 	DATA 	Decide Onset
191.1551 	DATA 	Keypress: 1
191.1552 	DATA 	Decision Button Press: ['1']
191.1552 	DATA 	Decision Response: 2
191.1567 	EXP 	unnamed Rect: lineColor = 'red (named)'
191.6638 	DATA 	ITI Onset
191.6647 	EXP 	unnamed Rect: lineColor = 'white (named)'
191.6647 	EXP 	unnamed Rect: lineColor = 'white (named)'
191.6647 	EXP 	unnamed TextStim: text = '-5'
191.6647 	EXP 	unnamed TextStim: text = '+10'
194.8297 	DATA 	Trial End Time - totalITI: 3.16414551289
194.8300 	EXP 	New trial (rep=0, index=8): {'P1_1': '0.5', 'P1_2': '0.3', 'SafeOption': '1', 'P2_2': '0.7', 'O2_2': '35', 'O2_1': '30', 'ProbNumber': 'RR5', 'O1_2': '-10', 'O1_1': '10', 'EV2': '21.5', 'EV1': '20', 'ProbType': 'RR', 'P2_1': '0.5'}
194.8301 	DATA 	Trial Onset - ProblemType: RR, ProblemNumber: RR5, leftRight: 1, samplingDur: 16, assignedITI: 1.7267
194.8301 	DATA 	Sampling Onset
195.4137 	DATA 	Keypress: 1
195.4207 	EXP 	unnamed TextStim: text = '-10'
195.9199 	DATA 	Sampled Response: 2, Outcome Shown: +30
195.9202 	DATA 	Keypress: 1
196.1424 	DATA 	Keypress: 1
196.1486 	EXP 	unnamed TextStim: text = '+35'
196.6480 	DATA 	Sampled Response: 2, Outcome Shown: +10
196.6482 	DATA 	Keypress: 1
196.7238 	DATA 	Keypress: 1
196.7275 	EXP 	unnamed TextStim: text = '+35'
197.2270 	DATA 	Sampled Response: 2, Outcome Shown: +30
197.2272 	DATA 	Keypress: 1
197.2832 	DATA 	Keypress: 1
197.2925 	EXP 	unnamed TextStim: text = '+35'
197.7920 	DATA 	Sampled Response: 2, Outcome Shown: +30
197.7922 	DATA 	Keypress: 1
197.8519 	DATA 	Keypress: 1
197.8644 	EXP 	unnamed TextStim: text = '-10'
198.3640 	DATA 	Sampled Response: 2, Outcome Shown: +30
198.3642 	DATA 	Keypress: 1
198.5907 	DATA 	Keypress: 2
198.5984 	EXP 	unnamed TextStim: text = '+30'
199.0980 	DATA 	Sampled Response: 1, Outcome Shown: -10
199.0982 	DATA 	Keypress: 2
199.1910 	DATA 	Keypress: 2
199.1985 	EXP 	unnamed TextStim: text = '+10'
199.6980 	DATA 	Sampled Response: 1, Outcome Shown: +35
199.6982 	DATA 	Keypress: 2
199.6994 	DATA 	Keypress: 2
199.7019 	EXP 	unnamed TextStim: text = '+10'
200.2020 	DATA 	Sampled Response: 1, Outcome Shown: +35
200.2022 	DATA 	Keypress: 2
200.2024 	DATA 	Keypress: 2
200.4602 	DATA 	Keypress: 2
200.4676 	EXP 	unnamed TextStim: text = '+30'
200.9670 	DATA 	Sampled Response: 1, Outcome Shown: -10
200.9672 	DATA 	Keypress: 2
200.9794 	DATA 	Keypress: 2
200.9826 	EXP 	unnamed TextStim: text = '+30'
201.4820 	DATA 	Sampled Response: 1, Outcome Shown: +35
210.3311 	DATA 	** broke sampling loop (<.5s left in trial) **
210.3320 	DATA 	samplingCount: 10
210.3320 	DATA 	Think Onset
210.3345 	EXP 	unnamed Rect: lineColor = 'white (named)'
210.3345 	EXP 	unnamed Rect: lineColor = 'white (named)'
210.7240 	DATA 	Keypress: 2
213.3402 	DATA 	Decide Onset
213.6662 	DATA 	Keypress: 2
213.6663 	DATA 	Decision Button Press: ['2']
213.6664 	DATA 	Decision Response: 1
213.6677 	EXP 	unnamed Rect: lineColor = 'red (named)'
214.1766 	DATA 	ITI Onset
214.1776 	EXP 	unnamed Rect: lineColor = 'white (named)'
214.1776 	EXP 	unnamed Rect: lineColor = 'white (named)'
214.1776 	EXP 	unnamed TextStim: text = '-10'
214.1776 	EXP 	unnamed TextStim: text = '+30'
217.7784 	DATA 	Trial End Time - totalITI: 3.59930971028
217.7787 	EXP 	New trial (rep=0, index=9): {'P1_1': '0.8', 'P1_2': '1', 'SafeOption': '2', 'P2_2': '0', 'O2_2': '0', 'O2_1': '-9', 'ProbNumber': 'MD9', 'O1_2': '5', 'O1_1': '8', 'EV2': '5', 'EV1': '4.6', 'ProbType': 'MD', 'P2_1': '0.2'}
217.7788 	DATA 	Trial Onset - ProblemType: MD, ProblemNumber: MD9, leftRight: 1, samplingDur: 15, assignedITI: 1.3679
217.7788 	DATA 	Sampling Onset
219.1624 	DATA 	Keypress: 1
219.1729 	EXP 	unnamed TextStim: text = '+5'
219.6724 	DATA 	Sampled Response: 2, Outcome Shown: +8
219.6727 	DATA 	Keypress: 1
219.7788 	DATA 	Keypress: 1
219.7849 	EXP 	unnamed TextStim: text = '+5'
220.2845 	DATA 	Sampled Response: 2, Outcome Shown: +8
220.2847 	DATA 	Keypress: 1
220.5243 	DATA 	Keypress: 1
220.5277 	EXP 	unnamed TextStim: text = '+5'
221.0275 	DATA 	Sampled Response: 2, Outcome Shown: +8
221.0277 	DATA 	Keypress: 1
221.0346 	DATA 	Keypress: 1
221.0420 	EXP 	unnamed TextStim: text = '+5'
221.5415 	DATA 	Sampled Response: 2, Outcome Shown: +8
221.5417 	DATA 	Keypress: 1
221.5561 	DATA 	Keypress: 1
221.5594 	EXP 	unnamed TextStim: text = '+5'
222.0595 	DATA 	Sampled Response: 2, Outcome Shown: +8
222.0597 	DATA 	Keypress: 1
222.0989 	DATA 	Keypress: 1
222.1076 	EXP 	unnamed TextStim: text = '+5'
222.6075 	DATA 	Sampled Response: 2, Outcome Shown: -9
222.6077 	DATA 	Keypress: 1
222.6079 	DATA 	Keypress: 1
223.0068 	DATA 	Keypress: 2
223.0163 	EXP 	unnamed TextStim: text = '-9'
223.5155 	DATA 	Sampled Response: 1, Outcome Shown: +5
223.5157 	DATA 	Keypress: 2
223.5159 	DATA 	Keypress: 2
223.7319 	DATA 	Keypress: 2
223.7386 	EXP 	unnamed TextStim: text = '+8'
224.2385 	DATA 	Sampled Response: 1, Outcome Shown: +5
224.2388 	DATA 	Keypress: 2
224.2389 	DATA 	Keypress: 2
224.4419 	DATA 	Keypress: 2
224.4481 	EXP 	unnamed TextStim: text = '+8'
224.9476 	DATA 	Sampled Response: 1, Outcome Shown: +5
224.9478 	DATA 	Keypress: 2
224.9479 	DATA 	Keypress: 2
225.1901 	DATA 	Keypress: 2
225.1934 	EXP 	unnamed TextStim: text = '+8'
225.6936 	DATA 	Sampled Response: 1, Outcome Shown: +5
225.6938 	DATA 	Keypress: 2
225.6939 	DATA 	Keypress: 2
225.8908 	DATA 	Keypress: 2
225.8941 	EXP 	unnamed TextStim: text = '+8'
226.3936 	DATA 	Sampled Response: 1, Outcome Shown: +5
226.3938 	DATA 	Keypress: 1
226.5624 	DATA 	Keypress: 1
226.5657 	EXP 	unnamed TextStim: text = '+5'
227.0656 	DATA 	Sampled Response: 2, Outcome Shown: +8
227.0658 	DATA 	Keypress: 1
227.0659 	DATA 	Keypress: 1
227.2105 	DATA 	Keypress: 1
227.2138 	EXP 	unnamed TextStim: text = '+5'
227.7136 	DATA 	Sampled Response: 2, Outcome Shown: +8
227.7138 	DATA 	Keypress: 1
227.7140 	DATA 	Keypress: 1
227.8426 	DATA 	Keypress: 1
227.8459 	EXP 	unnamed TextStim: text = '+5'
228.3456 	DATA 	Sampled Response: 2, Outcome Shown: +8
228.3459 	DATA 	Keypress: 1
228.3460 	DATA 	Keypress: 1
228.5064 	DATA 	Keypress: 1
228.5126 	EXP 	unnamed TextStim: text = '+5'
229.0126 	DATA 	Sampled Response: 2, Outcome Shown: -9
229.0128 	DATA 	Keypress: 1
232.2801 	DATA 	** broke sampling loop (<.5s left in trial) **
232.2811 	DATA 	samplingCount: 15
232.2811 	DATA 	Think Onset
232.2836 	EXP 	unnamed Rect: lineColor = 'white (named)'
232.2836 	EXP 	unnamed Rect: lineColor = 'white (named)'
235.2847 	DATA 	Decide Onset
235.5852 	DATA 	Keypress: 1
235.5853 	DATA 	Decision Button Press: ['1']
235.5854 	DATA 	Decision Response: 2
235.5867 	EXP 	unnamed Rect: lineColor = 'red (named)'
236.0942 	DATA 	ITI Onset
236.0952 	EXP 	unnamed Rect: lineColor = 'white (named)'
236.0952 	EXP 	unnamed Rect: lineColor = 'white (named)'
236.0952 	EXP 	unnamed TextStim: text = '+5'
236.0952 	EXP 	unnamed TextStim: text = '+8'
239.3643 	DATA 	Trial End Time - totalITI: 3.26581147046
239.3646 	EXP 	New trial (rep=0, index=10): {'P1_1': '0.8', 'P1_2': '1', 'SafeOption': '2', 'P2_2': '0', 'O2_2': '0', 'O2_1': '0', 'ProbNumber': 'SD4', 'O1_2': '-3', 'O1_1': '-4', 'EV2': '-3', 'EV1': '-3.2', 'ProbType': 'SD', 'P2_1': '0.2'}
239.3647 	DATA 	Trial Onset - ProblemType: SD, ProblemNumber: SD4, leftRight: 1, samplingDur: 18, assignedITI: 1.2377
239.3647 	DATA 	Sampling Onset
239.9142 	DATA 	Keypress: 1
239.9203 	EXP 	unnamed TextStim: text = '-3'
240.4199 	DATA 	Sampled Response: 2, Outcome Shown: -4
240.4201 	DATA 	Keypress: 1
240.8096 	DATA 	Keypress: 1
240.8129 	EXP 	unnamed TextStim: text = '-3'
241.3129 	DATA 	Sampled Response: 2, Outcome Shown: -4
241.3883 	DATA 	Keypress: 1
241.3916 	EXP 	unnamed TextStim: text = '-3'
241.8909 	DATA 	Sampled Response: 2, Outcome Shown: -4
241.8912 	DATA 	Keypress: 1
241.9725 	DATA 	Keypress: 1
241.9758 	EXP 	unnamed TextStim: text = '-3'
242.4759 	DATA 	Sampled Response: 2, Outcome Shown: -4
242.4761 	DATA 	Keypress: 1
242.4763 	DATA 	Keypress: 1
242.6589 	DATA 	Keypress: 1
242.6622 	EXP 	unnamed TextStim: text = '-3'
243.1620 	DATA 	Sampled Response: 2, Outcome Shown: -4
243.1622 	DATA 	Keypress: 1
243.1623 	DATA 	Keypress: 1
243.4217 	DATA 	Keypress: 1
243.4250 	EXP 	unnamed TextStim: text = '-3'
243.9250 	DATA 	Sampled Response: 2, Outcome Shown: -4
243.9252 	DATA 	Keypress: 1
243.9295 	DATA 	Keypress: 2
243.9355 	EXP 	unnamed TextStim: text = '-4'
244.4350 	DATA 	Sampled Response: 1, Outcome Shown: -3
244.4352 	DATA 	Keypress: 2
244.4746 	DATA 	Keypress: 2
244.4781 	EXP 	unnamed TextStim: text = '-4'
244.9780 	DATA 	Sampled Response: 1, Outcome Shown: -3
244.9782 	DATA 	Keypress: 2
244.9783 	DATA 	Keypress: 2
245.1566 	DATA 	Keypress: 2
245.1599 	EXP 	unnamed TextStim: text = '-4'
245.6600 	DATA 	Sampled Response: 1, Outcome Shown: -3
245.6602 	DATA 	Keypress: 2
245.6604 	DATA 	Keypress: 2
245.8095 	DATA 	Keypress: 2
245.8128 	EXP 	unnamed TextStim: text = '-4'
246.3120 	DATA 	Sampled Response: 1, Outcome Shown: -3
246.3122 	DATA 	Keypress: 2
246.3123 	DATA 	Keypress: 2
246.4656 	DATA 	Keypress: 2
246.4741 	EXP 	unnamed TextStim: text = '-4'
246.9740 	DATA 	Sampled Response: 1, Outcome Shown: -3
246.9742 	DATA 	Keypress: 2
246.9744 	DATA 	Keypress: 2
247.1572 	DATA 	Keypress: 2
247.1607 	EXP 	unnamed TextStim: text = '-4'
247.6600 	DATA 	Sampled Response: 1, Outcome Shown: -3
247.6602 	DATA 	Keypress: 2
247.6604 	DATA 	Keypress: 2
247.7885 	DATA 	Keypress: 2
247.7937 	EXP 	unnamed TextStim: text = '0'
248.2930 	DATA 	Sampled Response: 1, Outcome Shown: -3
248.2933 	DATA 	Keypress: 2
248.2934 	DATA 	Keypress: 2
248.4426 	DATA 	Keypress: 2
248.4483 	EXP 	unnamed TextStim: text = '-4'
248.9480 	DATA 	Sampled Response: 1, Outcome Shown: -3
248.9483 	DATA 	Keypress: 2
248.9484 	DATA 	Keypress: 2
249.2496 	DATA 	Keypress: 1
249.2554 	EXP 	unnamed TextStim: text = '-3'
249.7551 	DATA 	Sampled Response: 2, Outcome Shown: -4
249.7553 	DATA 	Keypress: 1
249.7554 	DATA 	Keypress: 1
249.9225 	DATA 	Keypress: 1
249.9258 	EXP 	unnamed TextStim: text = '-3'
250.4251 	DATA 	Sampled Response: 2, Outcome Shown: -4
250.4253 	DATA 	Keypress: 1
250.4255 	DATA 	Keypress: 1
250.6008 	DATA 	Keypress: 1
250.6067 	EXP 	unnamed TextStim: text = '-3'
251.1060 	DATA 	Sampled Response: 2, Outcome Shown: -4
251.1063 	DATA 	Keypress: 1
251.1065 	DATA 	Keypress: 1
251.2668 	DATA 	Keypress: 1
251.2727 	EXP 	unnamed TextStim: text = '-3'
251.7721 	DATA 	Sampled Response: 2, Outcome Shown: -4
251.7723 	DATA 	Keypress: 1
251.7725 	DATA 	Keypress: 1
251.9313 	DATA 	Keypress: 1
251.9371 	EXP 	unnamed TextStim: text = '-3'
252.4371 	DATA 	Sampled Response: 2, Outcome Shown: -4
252.4373 	DATA 	Keypress: 1
252.4375 	DATA 	Keypress: 1
252.5933 	DATA 	Keypress: 1
252.5993 	EXP 	unnamed TextStim: text = '-3'
253.0991 	DATA 	Sampled Response: 2, Outcome Shown: -4
253.0993 	DATA 	Keypress: 1
253.0995 	DATA 	Keypress: 1
253.2655 	DATA 	Keypress: 1
253.2712 	EXP 	unnamed TextStim: text = '-3'
253.7712 	DATA 	Sampled Response: 2, Outcome Shown: -4
253.7714 	DATA 	Keypress: 1
253.7715 	DATA 	Keypress: 1
253.9047 	DATA 	Keypress: 1
253.9115 	EXP 	unnamed TextStim: text = '-3'
254.4112 	DATA 	Sampled Response: 2, Outcome Shown: -4
254.4114 	DATA 	Keypress: 1
254.4115 	DATA 	Keypress: 1
254.6910 	DATA 	Keypress: 1
254.6943 	EXP 	unnamed TextStim: text = '-3'
255.1942 	DATA 	Sampled Response: 2, Outcome Shown: 0
255.1944 	DATA 	Keypress: 1
255.8427 	DATA 	Keypress: 2
255.8460 	EXP 	unnamed TextStim: text = '-4'
256.3462 	DATA 	Sampled Response: 1, Outcome Shown: -3
256.8649 	DATA 	Keypress: 2
256.8707 	EXP 	unnamed TextStim: text = '0'
257.3703 	DATA 	Sampled Response: 1, Outcome Shown: -3
257.3705 	DATA 	Keypress: 2
257.3706 	DATA 	** broke sampling loop (<.5s left in trial) **
257.3716 	DATA 	samplingCount: 25
257.3716 	DATA 	Think Onset
257.3729 	EXP 	unnamed Rect: lineColor = 'white (named)'
257.3729 	EXP 	unnamed Rect: lineColor = 'white (named)'
257.8565 	DATA 	Keypress: 2
258.8326 	DATA 	Keypress: 2
259.1735 	DATA 	Keypress: 2
259.5056 	DATA 	Keypress: 2
259.7719 	DATA 	Keypress: 2
260.0491 	DATA 	Keypress: 2
260.3125 	DATA 	Keypress: 2
260.3787 	DATA 	Decide Onset
260.6001 	DATA 	Keypress: 2
260.6002 	DATA 	Decision Button Press: ['2']
260.6003 	DATA 	Decision Response: 1
260.6016 	EXP 	unnamed Rect: lineColor = 'red (named)'
261.1078 	DATA 	ITI Onset
261.1088 	EXP 	unnamed Rect: lineColor = 'white (named)'
261.1088 	EXP 	unnamed Rect: lineColor = 'white (named)'
261.1088 	EXP 	unnamed TextStim: text = '-3'
261.1088 	EXP 	unnamed TextStim: text = '0'
263.8204 	DATA 	Trial End Time - totalITI: 2.71000934968
263.8207 	EXP 	New trial (rep=0, index=11): {'P1_1': '0.6', 'P1_2': '1', 'SafeOption': '2', 'P2_2': '0', 'O2_2': '0', 'O2_1': '-12', 'ProbNumber': 'MD12', 'O1_2': '12', 'O1_1': '30', 'EV2': '12', 'EV1': '13.2', 'ProbType': 'MD', 'P2_1': '0.4'}
263.8209 	DATA 	Trial Onset - ProblemType: MD, ProblemNumber: MD12, leftRight: 1, samplingDur: 15, assignedITI: 4.653
263.8209 	DATA 	Sampling Onset
264.6253 	DATA 	Keypress: 1
264.6314 	EXP 	unnamed TextStim: text = '+12'
265.1314 	DATA 	Sampled Response: 2, Outcome Shown: -12
265.1316 	DATA 	Keypress: 1
265.2651 	DATA 	Keypress: 1
265.2711 	EXP 	unnamed TextStim: text = '+12'
265.7704 	DATA 	Sampled Response: 2, Outcome Shown: +30
265.7707 	DATA 	Keypress: 1
265.7708 	DATA 	Keypress: 1
265.9843 	DATA 	Keypress: 1
265.9929 	EXP 	unnamed TextStim: text = '+12'
266.4924 	DATA 	Sampled Response: 2, Outcome Shown: +30
266.4927 	DATA 	Keypress: 1
266.4928 	DATA 	Keypress: 1
266.6740 	DATA 	Keypress: 1
266.6769 	EXP 	unnamed TextStim: text = '+12'
267.1764 	DATA 	Sampled Response: 2, Outcome Shown: +30
267.1767 	DATA 	Keypress: 1
267.1768 	DATA 	Keypress: 1
267.4252 	DATA 	Keypress: 1
267.4285 	EXP 	unnamed TextStim: text = '+12'
267.9285 	DATA 	Sampled Response: 2, Outcome Shown: -12
267.9287 	DATA 	Keypress: 1
267.9288 	DATA 	Keypress: 2
268.1607 	DATA 	Keypress: 2
268.1680 	EXP 	unnamed TextStim: text = '+30'
268.6675 	DATA 	Sampled Response: 1, Outcome Shown: +12
268.6677 	DATA 	Keypress: 2
268.6678 	DATA 	Keypress: 2
268.8168 	DATA 	Keypress: 2
268.8232 	EXP 	unnamed TextStim: text = '-12'
269.3225 	DATA 	Sampled Response: 1, Outcome Shown: +12
269.3227 	DATA 	Keypress: 2
269.3229 	DATA 	Keypress: 2
269.5048 	DATA 	Keypress: 2
269.5124 	EXP 	unnamed TextStim: text = '+30'
270.0125 	DATA 	Sampled Response: 1, Outcome Shown: +12
270.0127 	DATA 	Keypress: 2
270.0129 	DATA 	Keypress: 2
270.1121 	DATA 	Keypress: 2
270.1155 	EXP 	unnamed TextStim: text = '+30'
270.6155 	DATA 	Sampled Response: 1, Outcome Shown: +12
270.6157 	DATA 	Keypress: 2
270.6407 	DATA 	Keypress: 2
270.6468 	EXP 	unnamed TextStim: text = '-12'
271.1465 	DATA 	Sampled Response: 1, Outcome Shown: +12
271.4881 	DATA 	Keypress: 1
271.4914 	EXP 	unnamed TextStim: text = '+12'
271.9915 	DATA 	Sampled Response: 2, Outcome Shown: +30
272.0802 	DATA 	Keypress: 1
272.0860 	EXP 	unnamed TextStim: text = '+12'
272.5856 	DATA 	Sampled Response: 2, Outcome Shown: +30
272.5858 	DATA 	Keypress: 1
273.0726 	DATA 	Keypress: 1
273.0785 	EXP 	unnamed TextStim: text = '+12'
273.5786 	DATA 	Sampled Response: 2, Outcome Shown: +30
278.3214 	DATA 	** broke sampling loop (<.5s left in trial) **
278.3223 	DATA 	samplingCount: 13
278.3224 	DATA 	Think Onset
278.3249 	EXP 	unnamed Rect: lineColor = 'white (named)'
278.3249 	EXP 	unnamed Rect: lineColor = 'white (named)'
281.3277 	DATA 	Decide Onset
281.3913 	DATA 	Keypress: 1
281.3914 	DATA 	Decision Button Press: ['1']
281.3914 	DATA 	Decision Response: 2
281.3926 	EXP 	unnamed Rect: lineColor = 'red (named)'
281.9007 	DATA 	ITI Onset
281.9016 	EXP 	unnamed Rect: lineColor = 'white (named)'
281.9016 	EXP 	unnamed Rect: lineColor = 'white (named)'
281.9016 	EXP 	unnamed TextStim: text = '+12'
281.9016 	EXP 	unnamed TextStim: text = '-12'
288.6922 	DATA 	Trial End Time - totalITI: 6.78853753293
288.6925 	EXP 	New trial (rep=0, index=12): {'P1_1': '0.6', 'P1_2': '1', 'SafeOption': '2', 'P2_2': '0', 'O2_2': '0', 'O2_1': '0', 'ProbNumber': 'SD8', 'O1_2': '7', 'O1_1': '12', 'EV2': '7', 'EV1': '7.2', 'ProbType': 'SD', 'P2_1': '0.4'}
288.6926 	DATA 	Trial Onset - ProblemType: SD, ProblemNumber: SD8, leftRight: 0, samplingDur: 15, assignedITI: 1.0587
288.6926 	DATA 	Sampling Onset
289.0887 	DATA 	Keypress: 1
289.0938 	EXP 	unnamed TextStim: text = '0'
289.5939 	DATA 	Sampled Response: 1, Outcome Shown: 0
289.6798 	DATA 	Keypress: 1
289.6856 	EXP 	unnamed TextStim: text = '0'
290.1850 	DATA 	Sampled Response: 1, Outcome Shown: 0
290.2711 	DATA 	Keypress: 1
290.2772 	EXP 	unnamed TextStim: text = '0'
290.7770 	DATA 	Sampled Response: 1, Outcome Shown: 0
290.7772 	DATA 	Keypress: 1
291.0036 	DATA 	Keypress: 1
291.0070 	EXP 	unnamed TextStim: text = '0'
291.5070 	DATA 	Sampled Response: 1, Outcome Shown: 0
291.5072 	DATA 	Keypress: 1
291.5603 	DATA 	Keypress: 1
291.5666 	EXP 	unnamed TextStim: text = '+12'
292.0660 	DATA 	Sampled Response: 1, Outcome Shown: +12
292.0662 	DATA 	Keypress: 1
292.2025 	DATA 	Keypress: 1
292.2077 	EXP 	unnamed TextStim: text = '0'
292.7070 	DATA 	Sampled Response: 1, Outcome Shown: 0
292.7072 	DATA 	Keypress: 2
292.9552 	DATA 	Keypress: 2
292.9618 	EXP 	unnamed TextStim: text = '+7'
293.4610 	DATA 	Sampled Response: 2, Outcome Shown: +7
293.4612 	DATA 	Keypress: 2
293.4871 	DATA 	Keypress: 2
293.4905 	EXP 	unnamed TextStim: text = '+7'
293.9900 	DATA 	Sampled Response: 2, Outcome Shown: +7
293.9902 	DATA 	Keypress: 2
293.9989 	DATA 	Keypress: 2
294.0049 	EXP 	unnamed TextStim: text = '+7'
294.5050 	DATA 	Sampled Response: 2, Outcome Shown: +7
294.5052 	DATA 	Keypress: 2
294.5054 	DATA 	Keypress: 2
294.7286 	DATA 	Keypress: 2
294.7319 	EXP 	unnamed TextStim: text = '+7'
295.2310 	DATA 	Sampled Response: 2, Outcome Shown: +7
295.2312 	DATA 	Keypress: 2
295.2314 	DATA 	Keypress: 2
295.4240 	DATA 	Keypress: 2
295.4273 	EXP 	unnamed TextStim: text = '+7'
295.9271 	DATA 	Sampled Response: 2, Outcome Shown: +7
295.9273 	DATA 	Keypress: 2
295.9274 	DATA 	Keypress: 2
296.1369 	DATA 	Keypress: 2
296.1403 	EXP 	unnamed TextStim: text = '+7'
296.6401 	DATA 	Sampled Response: 2, Outcome Shown: +7
296.6403 	DATA 	Keypress: 2
296.6404 	DATA 	Keypress: 2
296.8149 	DATA 	Keypress: 2
296.8233 	EXP 	unnamed TextStim: text = '+7'
297.3231 	DATA 	Sampled Response: 2, Outcome Shown: +7
297.3233 	DATA 	Keypress: 2
297.3589 	DATA 	Keypress: 2
297.3649 	EXP 	unnamed TextStim: text = '+7'
297.8641 	DATA 	Sampled Response: 2, Outcome Shown: +7
297.8644 	DATA 	Keypress: 2
298.0089 	DATA 	Keypress: 2
298.0122 	EXP 	unnamed TextStim: text = '+7'
298.5121 	DATA 	Sampled Response: 2, Outcome Shown: +7
298.5123 	DATA 	Keypress: 2
298.5372 	DATA 	Keypress: 2
298.5406 	EXP 	unnamed TextStim: text = '+7'
299.0401 	DATA 	Sampled Response: 2, Outcome Shown: +7
299.0403 	DATA 	Keypress: 2
299.0405 	DATA 	Keypress: 2
299.2626 	DATA 	Keypress: 2
299.2717 	EXP 	unnamed TextStim: text = '+7'
299.7711 	DATA 	Sampled Response: 2, Outcome Shown: +7
299.7714 	DATA 	Keypress: 2
303.1936 	DATA 	** broke sampling loop (<.5s left in trial) **
303.1946 	DATA 	samplingCount: 17
303.1946 	DATA 	Think Onset
303.1971 	EXP 	unnamed Rect: lineColor = 'white (named)'
303.1971 	EXP 	unnamed Rect: lineColor = 'white (named)'
306.2030 	DATA 	Decide Onset
306.6061 	DATA 	Keypress: 2
306.6062 	DATA 	Decision Button Press: ['2']
306.6063 	DATA 	Decision Response: 2
306.6077 	EXP 	unnamed Rect: lineColor = 'red (named)'
307.1144 	DATA 	ITI Onset
307.1154 	EXP 	unnamed Rect: lineColor = 'white (named)'
307.1154 	EXP 	unnamed Rect: lineColor = 'white (named)'
307.1154 	EXP 	unnamed TextStim: text = '0'
307.1154 	EXP 	unnamed TextStim: text = '+7'
309.9699 	DATA 	Trial End Time - totalITI: 2.85417568191
309.9701 	EXP 	New trial (rep=0, index=13): {'P1_1': '0.4', 'P1_2': '1', 'SafeOption': '2', 'P2_2': '0', 'O2_2': '0', 'O2_1': '0', 'ProbNumber': 'SD2', 'O1_2': '-2', 'O1_1': '-4', 'EV2': '-2', 'EV1': '-1.6', 'ProbType': 'SD', 'P2_1': '0.6'}
309.9703 	DATA 	Trial Onset - ProblemType: SD, ProblemNumber: SD2, leftRight: 0, samplingDur: 18, assignedITI: 2.2012
309.9703 	DATA 	Sampling Onset
310.5700 	DATA 	Keypress: 1
310.5757 	EXP 	unnamed TextStim: text = '-4'
311.0754 	DATA 	Sampled Response: 1, Outcome Shown: -4
311.1280 	DATA 	Keypress: 1
311.1328 	EXP 	unnamed TextStim: text = '0'
311.6324 	DATA 	Sampled Response: 1, Outcome Shown: 0
311.8079 	DATA 	Keypress: 1
311.8112 	EXP 	unnamed TextStim: text = '0'
312.3114 	DATA 	Sampled Response: 1, Outcome Shown: 0
312.3364 	DATA 	Keypress: 1
312.3396 	EXP 	unnamed TextStim: text = '0'
312.8394 	DATA 	Sampled Response: 1, Outcome Shown: 0
313.0964 	DATA 	Keypress: 2
313.1023 	EXP 	unnamed TextStim: text = '-2'
313.6024 	DATA 	Sampled Response: 2, Outcome Shown: -2
313.6027 	DATA 	Keypress: 2
314.0466 	DATA 	Keypress: 2
314.0524 	EXP 	unnamed TextStim: text = '-2'
314.5525 	DATA 	Sampled Response: 2, Outcome Shown: -2
314.5749 	DATA 	Keypress: 2
314.5809 	EXP 	unnamed TextStim: text = '-2'
315.0805 	DATA 	Sampled Response: 2, Outcome Shown: -2
315.0807 	DATA 	Keypress: 2
315.2027 	DATA 	Keypress: 2
315.2060 	EXP 	unnamed TextStim: text = '-2'
315.7055 	DATA 	Sampled Response: 2, Outcome Shown: -2
315.7057 	DATA 	Keypress: 2
315.7369 	DATA 	Keypress: 2
315.7402 	EXP 	unnamed TextStim: text = '-2'
316.2395 	DATA 	Sampled Response: 2, Outcome Shown: -2
316.2397 	DATA 	Keypress: 2
316.2398 	DATA 	Keypress: 2
316.6018 	DATA 	Keypress: 2
316.6050 	EXP 	unnamed TextStim: text = '-2'
317.1044 	DATA 	Sampled Response: 2, Outcome Shown: -2
317.5104 	DATA 	Keypress: 1
317.5190 	EXP 	unnamed TextStim: text = '-4'
318.0185 	DATA 	Sampled Response: 1, Outcome Shown: -4
318.0188 	DATA 	Keypress: 1
327.4723 	DATA 	** broke sampling loop (<.5s left in trial) **
327.4732 	DATA 	samplingCount: 11
327.4732 	DATA 	Think Onset
327.4758 	EXP 	unnamed Rect: lineColor = 'white (named)'
327.4758 	EXP 	unnamed Rect: lineColor = 'white (named)'
330.4791 	DATA 	Decide Onset
330.8131 	DATA 	Keypress: 1
330.8132 	DATA 	Decision Button Press: ['1']
330.8133 	DATA 	Decision Response: 1
330.8146 	EXP 	unnamed Rect: lineColor = 'red (named)'
331.3207 	DATA 	ITI Onset
331.3217 	EXP 	unnamed Rect: lineColor = 'white (named)'
331.3217 	EXP 	unnamed Rect: lineColor = 'white (named)'
331.3217 	EXP 	unnamed TextStim: text = '-4'
331.3217 	EXP 	unnamed TextStim: text = '-2'
335.3894 	DATA 	Trial End Time - totalITI: 4.06481972815
335.3896 	EXP 	New trial (rep=0, index=14): {'P1_1': '0.2', 'P1_2': '1', 'SafeOption': '2', 'P2_2': '0', 'O2_2': '0', 'O2_1': '-7', 'ProbNumber': 'MD6', 'O1_2': '-2', 'O1_1': '24', 'EV2': '-2', 'EV1': '-0.8', 'ProbType': 'MD', 'P2_1': '0.8'}
335.3898 	DATA 	Trial Onset - ProblemType: MD, ProblemNumber: MD6, leftRight: 1, samplingDur: 15, assignedITI: 1.0098
335.3898 	DATA 	Sampling Onset
335.7853 	DATA 	Keypress: 1
335.7911 	EXP 	unnamed TextStim: text = '-2'
336.2910 	DATA 	Sampled Response: 2, Outcome Shown: -7
336.2912 	DATA 	Keypress: 1
336.7098 	DATA 	Keypress: 1
336.7130 	EXP 	unnamed TextStim: text = '-2'
337.2129 	DATA 	Sampled Response: 2, Outcome Shown: -7
337.2132 	DATA 	Keypress: 1
337.5098 	DATA 	Keypress: 1
337.5182 	EXP 	unnamed TextStim: text = '-2'
338.0180 	DATA 	Sampled Response: 2, Outcome Shown: -7
338.0182 	DATA 	Keypress: 1
338.3017 	DATA 	Keypress: 1
338.3050 	EXP 	unnamed TextStim: text = '-2'
338.8050 	DATA 	Sampled Response: 2, Outcome Shown: -7
338.8052 	DATA 	Keypress: 1
338.8454 	DATA 	Keypress: 1
338.8542 	EXP 	unnamed TextStim: text = '-2'
339.3540 	DATA 	Sampled Response: 2, Outcome Shown: +24
339.3542 	DATA 	Keypress: 1
339.3573 	DATA 	Keypress: 1
339.3595 	EXP 	unnamed TextStim: text = '-2'
339.8590 	DATA 	Sampled Response: 2, Outcome Shown: -7
339.8592 	DATA 	Keypress: 1
339.8593 	DATA 	Keypress: 1
340.0710 	DATA 	Keypress: 1
340.0744 	EXP 	unnamed TextStim: text = '-2'
340.5740 	DATA 	Sampled Response: 2, Outcome Shown: -7
340.5742 	DATA 	Keypress: 2
341.0696 	DATA 	Keypress: 2
341.0789 	EXP 	unnamed TextStim: text = '-7'
341.5790 	DATA 	Sampled Response: 1, Outcome Shown: -2
341.5792 	DATA 	Keypress: 2
341.5794 	DATA 	Keypress: 2
341.7753 	DATA 	Keypress: 2
341.7785 	EXP 	unnamed TextStim: text = '-7'
342.2780 	DATA 	Sampled Response: 1, Outcome Shown: -2
342.2782 	DATA 	Keypress: 2
342.2784 	DATA 	Keypress: 2
342.4334 	DATA 	Keypress: 2
342.4368 	EXP 	unnamed TextStim: text = '-7'
342.9360 	DATA 	Sampled Response: 1, Outcome Shown: -2
342.9362 	DATA 	Keypress: 2
342.9364 	DATA 	Keypress: 2
343.1572 	DATA 	Keypress: 2
343.1659 	EXP 	unnamed TextStim: text = '+24'
343.6651 	DATA 	Sampled Response: 1, Outcome Shown: -2
343.6653 	DATA 	Keypress: 2
344.1180 	DATA 	Keypress: 2
344.1213 	EXP 	unnamed TextStim: text = '+24'
344.6212 	DATA 	Sampled Response: 1, Outcome Shown: -2
344.6392 	DATA 	Keypress: 2
344.6457 	EXP 	unnamed TextStim: text = '-7'
345.1451 	DATA 	Sampled Response: 1, Outcome Shown: -2
345.3364 	DATA 	Keypress: 2
345.3396 	EXP 	unnamed TextStim: text = '-7'
345.8391 	DATA 	Sampled Response: 1, Outcome Shown: -2
345.8393 	DATA 	Keypress: 2
346.5246 	DATA 	Keypress: 2
346.5331 	EXP 	unnamed TextStim: text = '-7'
347.0331 	DATA 	Sampled Response: 1, Outcome Shown: -2
349.8917 	DATA 	** broke sampling loop (<.5s left in trial) **
349.8926 	DATA 	samplingCount: 15
349.8926 	DATA 	Think Onset
349.8950 	EXP 	unnamed Rect: lineColor = 'white (named)'
349.8950 	EXP 	unnamed Rect: lineColor = 'white (named)'
351.0455 	DATA 	Keypress: 2
351.6712 	DATA 	Keypress: 2
352.0051 	DATA 	Keypress: 2
352.5421 	DATA 	Keypress: 2
352.9007 	DATA 	Decide Onset
353.1482 	DATA 	Keypress: 2
353.1482 	DATA 	Decision Button Press: ['2']
353.1483 	DATA 	Decision Response: 1
353.1495 	EXP 	unnamed Rect: lineColor = 'red (named)'
353.6569 	DATA 	ITI Onset
353.6579 	EXP 	unnamed Rect: lineColor = 'white (named)'
353.6579 	EXP 	unnamed Rect: lineColor = 'white (named)'
353.6579 	EXP 	unnamed TextStim: text = '-2'
353.6579 	EXP 	unnamed TextStim: text = '-7'
356.6212 	DATA 	Trial End Time - totalITI: 2.96012841254
356.6216 	EXP 	New trial (rep=0, index=15): {'P1_1': '0.3', 'P1_2': '1', 'SafeOption': '2', 'P2_2': '0', 'O2_2': '0', 'O2_1': '-4', 'ProbNumber': 'MD11', 'O1_2': '5', 'O1_1': '27', 'EV2': '5', 'EV1': '5.3', 'ProbType': 'MD', 'P2_1': '0.7'}
356.6217 	DATA 	Trial Onset - ProblemType: MD, ProblemNumber: MD11, leftRight: 1, samplingDur: 19, assignedITI: 2.274
356.6217 	DATA 	Sampling Onset
357.9687 	DATA 	Keypress: 1
357.9743 	EXP 	unnamed TextStim: text = '+5'
358.4744 	DATA 	Sampled Response: 2, Outcome Shown: +27
358.4746 	DATA 	Keypress: 1
358.6048 	DATA 	Keypress: 1
358.6109 	EXP 	unnamed TextStim: text = '+5'
359.1104 	DATA 	Sampled Response: 2, Outcome Shown: -4
359.1106 	DATA 	Keypress: 1
359.1161 	DATA 	Keypress: 1
359.1189 	EXP 	unnamed TextStim: text = '+5'
359.6184 	DATA 	Sampled Response: 2, Outcome Shown: -4
359.6186 	DATA 	Keypress: 1
359.6445 	DATA 	Keypress: 1
359.6532 	EXP 	unnamed TextStim: text = '+5'
360.1524 	DATA 	Sampled Response: 2, Outcome Shown: -4
360.1526 	DATA 	Keypress: 1
360.1884 	DATA 	Keypress: 1
360.1944 	EXP 	unnamed TextStim: text = '+5'
360.6944 	DATA 	Sampled Response: 2, Outcome Shown: -4
360.6946 	DATA 	Keypress: 1
360.6948 	DATA 	Keypress: 1
360.9010 	DATA 	Keypress: 1
360.9046 	EXP 	unnamed TextStim: text = '+5'
361.4044 	DATA 	Sampled Response: 2, Outcome Shown: -4
361.4047 	DATA 	Keypress: 1
361.4048 	DATA 	Keypress: 1
361.6374 	DATA 	Keypress: 1
361.6409 	EXP 	unnamed TextStim: text = '+5'
362.1405 	DATA 	Sampled Response: 2, Outcome Shown: +27
362.1407 	DATA 	Keypress: 1
362.2044 	DATA 	Keypress: 2
362.2100 	EXP 	unnamed TextStim: text = '-4'
362.7095 	DATA 	Sampled Response: 1, Outcome Shown: +5
362.7097 	DATA 	Keypress: 2
362.7425 	DATA 	Keypress: 2
362.7460 	EXP 	unnamed TextStim: text = '-4'
363.2455 	DATA 	Sampled Response: 1, Outcome Shown: +5
363.2457 	DATA 	Keypress: 2
363.2459 	DATA 	Keypress: 2
363.4851 	DATA 	Keypress: 2
363.4930 	EXP 	unnamed TextStim: text = '+27'
363.9925 	DATA 	Sampled Response: 1, Outcome Shown: +5
363.9928 	DATA 	Keypress: 2
363.9959 	DATA 	Keypress: 2
363.9982 	EXP 	unnamed TextStim: text = '+27'
364.4975 	DATA 	Sampled Response: 1, Outcome Shown: +5
364.4977 	DATA 	Keypress: 2
364.4979 	DATA 	Keypress: 2
365.0205 	DATA 	Keypress: 2
365.0266 	EXP 	unnamed TextStim: text = '+27'
365.5265 	DATA 	Sampled Response: 1, Outcome Shown: +5
365.5268 	DATA 	Keypress: 2
365.5490 	DATA 	Keypress: 2
365.5545 	EXP 	unnamed TextStim: text = '-4'
366.0545 	DATA 	Sampled Response: 1, Outcome Shown: +5
366.0548 	DATA 	Keypress: 2
366.1007 	DATA 	Keypress: 2
366.1042 	EXP 	unnamed TextStim: text = '-4'
366.6035 	DATA 	Sampled Response: 1, Outcome Shown: +5
366.6038 	DATA 	Keypress: 2
366.6924 	DATA 	Keypress: 2
366.7023 	EXP 	unnamed TextStim: text = '+27'
367.2016 	DATA 	Sampled Response: 1, Outcome Shown: +5
367.2018 	DATA 	Keypress: 2
367.3838 	DATA 	Keypress: 2
367.3897 	EXP 	unnamed TextStim: text = '-4'
367.8896 	DATA 	Sampled Response: 1, Outcome Shown: +5
367.8898 	DATA 	Keypress: 2
367.9584 	DATA 	Keypress: 2
367.9655 	EXP 	unnamed TextStim: text = '+27'
368.4656 	DATA 	Sampled Response: 1, Outcome Shown: +5
368.4658 	DATA 	Keypress: 2
368.5992 	DATA 	Keypress: 2
368.6050 	EXP 	unnamed TextStim: text = '-4'
369.1045 	DATA 	Sampled Response: 1, Outcome Shown: +5
369.1048 	DATA 	Keypress: 2
369.1736 	DATA 	Keypress: 2
369.1769 	EXP 	unnamed TextStim: text = '-4'
369.6766 	DATA 	Sampled Response: 1, Outcome Shown: +5
369.6769 	DATA 	Keypress: 2
369.7903 	DATA 	Keypress: 2
369.7938 	EXP 	unnamed TextStim: text = '-4'
370.2936 	DATA 	Sampled Response: 1, Outcome Shown: +5
370.4359 	DATA 	Keypress: 2
370.4433 	EXP 	unnamed TextStim: text = '+27'
370.9427 	DATA 	Sampled Response: 1, Outcome Shown: +5
370.9429 	DATA 	Keypress: 2
371.0282 	DATA 	Keypress: 2
371.0343 	EXP 	unnamed TextStim: text = '-4'
371.5336 	DATA 	Sampled Response: 1, Outcome Shown: +5
371.5339 	DATA 	Keypress: 2
371.6281 	DATA 	Keypress: 2
371.6342 	EXP 	unnamed TextStim: text = '-4'
372.1337 	DATA 	Sampled Response: 1, Outcome Shown: +5
372.1339 	DATA 	Keypress: 2
372.2695 	DATA 	Keypress: 2
372.2728 	EXP 	unnamed TextStim: text = '-4'
372.7727 	DATA 	Sampled Response: 1, Outcome Shown: +5
372.7729 	DATA 	Keypress: 2
372.9018 	DATA 	Keypress: 2
372.9096 	EXP 	unnamed TextStim: text = '+27'
373.4097 	DATA 	Sampled Response: 1, Outcome Shown: +5
373.4099 	DATA 	Keypress: 2
373.5010 	DATA 	Keypress: 2
373.5066 	EXP 	unnamed TextStim: text = '-4'
374.0067 	DATA 	Sampled Response: 1, Outcome Shown: +5
374.0069 	DATA 	Keypress: 2
374.3559 	DATA 	Keypress: 2
374.3592 	EXP 	unnamed TextStim: text = '-4'
374.8587 	DATA 	Sampled Response: 1, Outcome Shown: +5
374.8589 	DATA 	Keypress: 2
375.0519 	DATA 	Keypress: 2
375.0579 	EXP 	unnamed TextStim: text = '-4'
375.5578 	DATA 	Sampled Response: 1, Outcome Shown: +5
375.5580 	DATA 	Keypress: 2
375.5581 	DATA 	** broke sampling loop (<.5s left in trial) **
375.5591 	DATA 	samplingCount: 28
375.5591 	DATA 	Think Onset
375.5603 	EXP 	unnamed Rect: lineColor = 'white (named)'
375.5603 	EXP 	unnamed Rect: lineColor = 'white (named)'
375.8687 	DATA 	Keypress: 2
376.1987 	DATA 	Keypress: 2
376.4850 	DATA 	Keypress: 2
376.8042 	DATA 	Keypress: 2
377.0914 	DATA 	Keypress: 2
377.4007 	DATA 	Keypress: 2
377.6840 	DATA 	Keypress: 2
377.9743 	DATA 	Keypress: 2
378.5656 	DATA 	Decide Onset
378.6671 	DATA 	Keypress: 2
378.6672 	DATA 	Decision Button Press: ['2']
378.6672 	DATA 	Decision Response: 1
378.6684 	EXP 	unnamed Rect: lineColor = 'red (named)'
379.1749 	DATA 	ITI Onset
379.1754 	DATA 	Keypress: 2
379.1759 	EXP 	unnamed Rect: lineColor = 'white (named)'
379.1759 	EXP 	unnamed Rect: lineColor = 'white (named)'
379.1759 	EXP 	unnamed TextStim: text = '+5'
379.1759 	EXP 	unnamed TextStim: text = '-4'
380.1420 	DATA 	Keypress: 1
383.1166 	DATA 	Trial End Time - totalITI: 3.93572252376
383.1168 	EXP 	New trial (rep=0, index=16): {'P1_1': '0.4', 'P1_2': '1', 'SafeOption': '2', 'P2_2': '0', 'O2_2': '0', 'O2_1': '0', 'ProbNumber': 'SD11', 'O1_2': '8', 'O1_1': '22', 'EV2': '8', 'EV1': '8.8', 'ProbType': 'SD', 'P2_1': '0.6'}
383.1170 	DATA 	Trial Onset - ProblemType: SD, ProblemNumber: SD11, leftRight: 1, samplingDur: 19, assignedITI: 1.4961
383.1170 	DATA 	Sampling Onset
383.7401 	DATA 	Keypress: 2
383.7462 	EXP 	unnamed TextStim: text = '+22'
384.2459 	DATA 	Sampled Response: 1, Outcome Shown: +8
384.2462 	DATA 	Keypress: 2
384.3155 	DATA 	Keypress: 2
384.3189 	EXP 	unnamed TextStim: text = '+22'
384.8189 	DATA 	Sampled Response: 1, Outcome Shown: +8
384.8192 	DATA 	Keypress: 2
384.8193 	DATA 	Keypress: 2
384.9391 	DATA 	Keypress: 2
384.9478 	EXP 	unnamed TextStim: text = '+22'
385.4470 	DATA 	Sampled Response: 1, Outcome Shown: +8
385.4472 	DATA 	Keypress: 2
385.4473 	DATA 	Keypress: 2
385.5234 	DATA 	Keypress: 2
385.5318 	EXP 	unnamed TextStim: text = '+22'
386.0320 	DATA 	Sampled Response: 1, Outcome Shown: +8
386.0322 	DATA 	Keypress: 2
386.0324 	DATA 	Keypress: 2
386.1326 	DATA 	Keypress: 2
386.1379 	EXP 	unnamed TextStim: text = '0'
386.6380 	DATA 	Sampled Response: 1, Outcome Shown: +8
386.6382 	DATA 	Keypress: 2
386.6384 	DATA 	Keypress: 2
386.7629 	DATA 	Keypress: 2
386.7715 	EXP 	unnamed TextStim: text = '0'
387.2710 	DATA 	Sampled Response: 1, Outcome Shown: +8
387.2712 	DATA 	Keypress: 1
387.4271 	DATA 	Keypress: 1
387.4337 	EXP 	unnamed TextStim: text = '+8'
387.9330 	DATA 	Sampled Response: 2, Outcome Shown: 0
387.9332 	DATA 	Keypress: 1
387.9334 	DATA 	Keypress: 1
388.1334 	DATA 	Keypress: 1
388.1366 	EXP 	unnamed TextStim: text = '+8'
388.6360 	DATA 	Sampled Response: 2, Outcome Shown: +22
401.6193 	DATA 	** broke sampling loop (<.5s left in trial) **
401.6202 	DATA 	samplingCount: 8
401.6202 	DATA 	Think Onset
401.6228 	EXP 	unnamed Rect: lineColor = 'white (named)'
401.6228 	EXP 	unnamed Rect: lineColor = 'white (named)'
404.6251 	DATA 	Decide Onset
405.1699 	DATA 	Keypress: 2
405.1700 	DATA 	Decision Button Press: ['2']
405.1700 	DATA 	Decision Response: 1
405.1715 	EXP 	unnamed Rect: lineColor = 'red (named)'
405.6786 	DATA 	ITI Onset
405.6796 	EXP 	unnamed Rect: lineColor = 'white (named)'
405.6796 	EXP 	unnamed Rect: lineColor = 'white (named)'
405.6796 	EXP 	unnamed TextStim: text = '+8'
405.6796 	EXP 	unnamed TextStim: text = '0'
408.8328 	DATA 	Trial End Time - totalITI: 3.14868046419
408.8331 	EXP 	New trial (rep=0, index=17): {'P1_1': '0.7', 'P1_2': '0.1', 'SafeOption': '1', 'P2_2': '0.9', 'O2_2': '30', 'O2_1': '38', 'ProbNumber': 'RR11', 'O1_2': '-10', 'O1_1': '22', 'EV2': '26', 'EV1': '26.8', 'ProbType': 'RR', 'P2_1': '0.3'}
408.8332 	DATA 	Trial Onset - ProblemType: RR, ProblemNumber: RR11, leftRight: 0, samplingDur: 16, assignedITI: 1.5966
408.8332 	DATA 	Sampling Onset
409.1501 	DATA 	Keypress: 1
409.1562 	EXP 	unnamed TextStim: text = '+22'
409.6555 	DATA 	Sampled Response: 1, Outcome Shown: +22
409.6981 	DATA 	Keypress: 2
409.7078 	EXP 	unnamed TextStim: text = '+30'
410.2075 	DATA 	Sampled Response: 2, Outcome Shown: +30
410.2266 	DATA 	Keypress: 2
410.2324 	EXP 	unnamed TextStim: text = '+30'
410.7325 	DATA 	Sampled Response: 2, Outcome Shown: +30
410.7327 	DATA 	Keypress: 2
410.9669 	DATA 	Keypress: 2
410.9703 	EXP 	unnamed TextStim: text = '+30'
411.4695 	DATA 	Sampled Response: 2, Outcome Shown: +30
411.4697 	DATA 	Keypress: 2
411.4984 	DATA 	Keypress: 2
411.5018 	EXP 	unnamed TextStim: text = '+30'
412.0015 	DATA 	Sampled Response: 2, Outcome Shown: +30
412.0017 	DATA 	Keypress: 2
412.0019 	DATA 	Keypress: 2
412.1552 	DATA 	Keypress: 2
412.1588 	EXP 	unnamed TextStim: text = '+30'
412.6586 	DATA 	Sampled Response: 2, Outcome Shown: +30
412.6588 	DATA 	Keypress: 2
412.6589 	DATA 	Keypress: 2
412.8985 	DATA 	Keypress: 2
412.9049 	EXP 	unnamed TextStim: text = '+30'
413.4046 	DATA 	Sampled Response: 2, Outcome Shown: +30
413.4048 	DATA 	Keypress: 2
413.4049 	DATA 	Keypress: 2
413.6018 	DATA 	Keypress: 2
413.6078 	EXP 	unnamed TextStim: text = '+30'
414.1076 	DATA 	Sampled Response: 2, Outcome Shown: +30
414.1078 	DATA 	Keypress: 2
414.1080 	DATA 	Keypress: 2
414.3226 	DATA 	Keypress: 2
414.3259 	EXP 	unnamed TextStim: text = '+30'
414.8256 	DATA 	Sampled Response: 2, Outcome Shown: +30
414.8258 	DATA 	Keypress: 2
414.8260 	DATA 	Keypress: 2
415.0101 	DATA 	Keypress: 2
415.0161 	EXP 	unnamed TextStim: text = '+30'
415.5156 	DATA 	Sampled Response: 2, Outcome Shown: +30
415.5158 	DATA 	Keypress: 2
415.5160 	DATA 	Keypress: 2
415.6757 	DATA 	Keypress: 2
415.6818 	EXP 	unnamed TextStim: text = '+30'
416.1816 	DATA 	Sampled Response: 2, Outcome Shown: +30
416.1818 	DATA 	Keypress: 2
416.1820 	DATA 	Keypress: 2
416.3482 	DATA 	Keypress: 2
416.3515 	EXP 	unnamed TextStim: text = '+30'
416.8516 	DATA 	Sampled Response: 2, Outcome Shown: +30
416.8518 	DATA 	Keypress: 2
417.0135 	DATA 	Keypress: 1
417.0168 	EXP 	unnamed TextStim: text = '+22'
417.5166 	DATA 	Sampled Response: 1, Outcome Shown: +22
417.5168 	DATA 	Keypress: 1
417.5661 	DATA 	Keypress: 1
417.5736 	EXP 	unnamed TextStim: text = '+38'
418.0736 	DATA 	Sampled Response: 1, Outcome Shown: +38
418.0739 	DATA 	Keypress: 1
418.0740 	DATA 	Keypress: 1
418.2600 	DATA 	Keypress: 1
418.2661 	EXP 	unnamed TextStim: text = '+38'
418.7657 	DATA 	Sampled Response: 1, Outcome Shown: +38
418.7659 	DATA 	Keypress: 1
418.7660 	DATA 	Keypress: 1
419.0017 	DATA 	Keypress: 1
419.0077 	EXP 	unnamed TextStim: text = '+22'
419.5077 	DATA 	Sampled Response: 1, Outcome Shown: +22
419.5079 	DATA 	Keypress: 1
419.5081 	DATA 	Keypress: 1
420.0734 	DATA 	Keypress: 2
420.0817 	EXP 	unnamed TextStim: text = '+30'
420.5817 	DATA 	Sampled Response: 2, Outcome Shown: +30
424.3356 	DATA 	** broke sampling loop (<.5s left in trial) **
424.3365 	DATA 	samplingCount: 17
424.3365 	DATA 	Think Onset
424.3390 	EXP 	unnamed Rect: lineColor = 'white (named)'
424.3390 	EXP 	unnamed Rect: lineColor = 'white (named)'
426.8186 	DATA 	Keypress: 2
427.3417 	DATA 	Decide Onset
427.3850 	DATA 	Keypress: 2
427.3851 	DATA 	Decision Button Press: ['2']
427.3851 	DATA 	Decision Response: 2
427.3864 	EXP 	unnamed Rect: lineColor = 'red (named)'
427.8944 	DATA 	ITI Onset
427.8954 	EXP 	unnamed Rect: lineColor = 'white (named)'
427.8954 	EXP 	unnamed Rect: lineColor = 'white (named)'
427.8954 	EXP 	unnamed TextStim: text = '+22'
427.8954 	EXP 	unnamed TextStim: text = '+30'
431.6473 	DATA 	Trial End Time - totalITI: 3.7505451178
431.7668 	INFO 	saved wide-format data to logs/DE205/DE205_ebdm_run_1.csv
431.7669 	DATA 	*****END RUN 1*****
431.8232 	EXP 	window1: mouseVisible = True
