7.7308 	INFO 	Loaded monitor calibration from ['2018_11_30 14:23']
7.7328 	WARNING 	User requested fullscreen with size [800 600], but screen is actually [1920, 1080]. Using actual size
8.5274 	EXP 	Created window1 = Window(allowGUI=False, allowStencil=False, args=UNKNOWN, autoLog=True, bitsMode=UNKNOWN, blendMode='avg', color='black', colorSpace='named', fullscr=UNKNOWN, gamma=None, kwargs=UNKNOWN, lms=UNKNOWN, monitor=<psychopy.monitors.calibTools.Monitor object at 0x1CFD90D0>, multiSample=False, name='window1', numSamples=2, pos=[0, 0], screen=0, size=array([1920, 1080]), stereo=False, units='deg', useFBO=False, useRetina=False, viewOri=0.0, viewPos=None, viewScale=None, waitBlanking=True, winType='pyglet')
8.5779 	EXP 	Created unnamed TextStim = TextStim(alignHoriz='center', alignVert='center', antialias=True, autoLog=True, bold=False, color=array([ 1.,  1.,  1.]), colorSpace='rgb', contrast=1.0, depth=0, flipHoriz=False, flipVert=False, font='', fontFiles=[], height=2, italic=False, name='unnamed TextStim', opacity=1.0, ori=0.0, pos=array([ 0.,  0.]), rgb=array([ 1.,  1.,  1.]), text='+', units='deg', win=Window(...), wrapWidth=15.0)
8.6173 	EXP 	Created unnamed TextStim = TextStim(alignHoriz='center', alignVert='center', antialias=True, autoLog=True, bold=False, color=array([ 1.,  1.,  1.]), colorSpace='rgb', contrast=1.0, depth=0, flipHoriz=False, flipVert=False, font='', fontFiles=[], height=1.5, italic=False, name='unnamed TextStim', opacity=1.0, ori=0.0, pos=array([ 0.,  0.]), rgb=array([ 1.,  1.,  1.]), text=newstr(...), units='deg', win=Window(...), wrapWidth=15.0)
8.6341 	EXP 	Created unnamed TextStim = TextStim(alignHoriz='center', alignVert='center', antialias=True, autoLog=True, bold=False, color=array([ 1.,  1.,  1.]), colorSpace='rgb', contrast=1.0, depth=0, flipHoriz=False, flipVert=False, font='', fontFiles=[], height=1.5, italic=False, name='unnamed TextStim', opacity=1.0, ori=0.0, pos=array([ 0.,  0.]), rgb=array([ 1.,  1.,  1.]), text='Waiting for scanner...', units='deg', win=Window(...), wrapWidth=15.0)
8.6553 	EXP 	Created unnamed TextStim = TextStim(alignHoriz='center', alignVert='center', antialias=True, autoLog=True, bold=False, color='white', colorSpace='named', contrast=1.0, depth=0, flipHoriz=False, flipVert=False, font='', fontFiles=[], height=1, italic=False, name='unnamed TextStim', opacity=1.0, ori=0.0, pos=array([ 0.,  0.]), rgb=array([ 255.,  255.,  255.]), text='Press SPACE to continue.', units='deg', win=Window(...), wrapWidth=15.0)
8.6665 	EXP 	Created unnamed TextStim = TextStim(alignHoriz='center', alignVert='center', antialias=True, autoLog=True, bold=False, color=array([ 1.,  1.,  1.]), colorSpace='rgb', contrast=1.0, depth=0, flipHoriz=False, flipVert=False, font='', fontFiles=[], height=0.1, italic=False, name='unnamed TextStim', opacity=1.0, ori=0.0, pos=array([ 0.,  0.]), rgb=array([ 1.,  1.,  1.]), text='THINK', units='norm', win=Window(...), wrapWidth=1)
8.6738 	EXP 	Created unnamed TextStim = TextStim(alignHoriz='center', alignVert='center', antialias=True, autoLog=True, bold=False, color=array([ 1.,  1.,  1.]), colorSpace='rgb', contrast=1.0, depth=0, flipHoriz=False, flipVert=False, font='', fontFiles=[], height=0.1, italic=False, name='unnamed TextStim', opacity=1.0, ori=0.0, pos=array([ 0.,  0.]), rgb=array([ 1.,  1.,  1.]), text='DECIDE', units='norm', win=Window(...), wrapWidth=1)
8.6793 	EXP 	<method-wrapper '__getattribute__' of attributeSetter object at 0x05F42250>: vertices = array([[-0.275     ,  0.48888889],
       [ 0.275     ,  0.48888889],
       [ 0.275     , -0.48888889],
       [-0.275     , -0.48888889]])
8.6800 	EXP 	Created unnamed Rect = Rect(autoDraw=False, autoLog=True, closeShape=True, contrast=1.0, depth=0, fillColor=None, fillColorSpace='rgb', fillRGB=None, interpolate=True, lineColor='white', lineColorSpace='named', lineRGB=array([ 255.,  255.,  255.]), lineWidth=3.5, name='unnamed Rect', opacity=1.0, ori=array(0.0), pos=array([-0.5125    , -0.09444444]), size=array([ 1.,  1.]), units='norm', vertices=ndarray(...), win=Window(...))
8.6803 	EXP 	<method-wrapper '__getattribute__' of attributeSetter object at 0x05F42250>: vertices = array([[-0.275     ,  0.48888889],
       [ 0.275     ,  0.48888889],
       [ 0.275     , -0.48888889],
       [-0.275     , -0.48888889]])
8.6810 	EXP 	Created unnamed Rect = Rect(autoDraw=False, autoLog=True, closeShape=True, contrast=1.0, depth=0, fillColor=None, fillColorSpace='rgb', fillRGB=None, interpolate=True, lineColor='white', lineColorSpace='named', lineRGB=array([ 255.,  255.,  255.]), lineWidth=3.5, name='unnamed Rect', opacity=1.0, ori=array(0.0), pos=array([ 0.4875    , -0.09444444]), size=array([ 1.,  1.]), units='norm', vertices=ndarray(...), win=Window(...))
8.7024 	EXP 	Created unnamed TextStim = TextStim(alignHoriz='center', alignVert='center', antialias=True, autoLog=True, bold=False, color=array([ 1.,  1.,  1.]), colorSpace='rgb', contrast=1.0, depth=0, flipHoriz=False, flipVert=False, font='', fontFiles=[], height=0.2, italic=False, name='unnamed TextStim', opacity=1.0, ori=0.0, pos=array([-0.5125    , -0.09444444]), rgb=array([ 1.,  1.,  1.]), text='Hello World', units='norm', win=Window(...), wrapWidth=1)
8.7107 	EXP 	Created unnamed TextStim = TextStim(alignHoriz='center', alignVert='center', antialias=True, autoLog=True, bold=False, color=array([ 1.,  1.,  1.]), colorSpace='rgb', contrast=1.0, depth=0, flipHoriz=False, flipVert=False, font='', fontFiles=[], height=0.2, italic=False, name='unnamed TextStim', opacity=1.0, ori=0.0, pos=array([ 0.4875    , -0.09444444]), rgb=array([ 1.,  1.,  1.]), text='Hello World', units='norm', win=Window(...), wrapWidth=1)
8.7275 	EXP 	Created unnamed TextStim = TextStim(alignHoriz='center', alignVert='center', antialias=True, autoLog=True, bold=False, color=array([ 1.,  1.,  1.]), colorSpace='rgb', contrast=1.0, depth=0, flipHoriz=False, flipVert=False, font='', fontFiles=[], height=0.1, italic=False, name='unnamed TextStim', opacity=1.0, ori=0.0, pos=array([-0.5125    , -0.82777778]), rgb=array([ 1.,  1.,  1.]), text='Press 1', units='norm', win=Window(...), wrapWidth=1)
8.7353 	EXP 	Created unnamed TextStim = TextStim(alignHoriz='center', alignVert='center', antialias=True, autoLog=True, bold=False, color=array([ 1.,  1.,  1.]), colorSpace='rgb', contrast=1.0, depth=0, flipHoriz=False, flipVert=False, font='', fontFiles=[], height=0.1, italic=False, name='unnamed TextStim', opacity=1.0, ori=0.0, pos=array([ 0.4875    , -0.82777778]), rgb=array([ 1.,  1.,  1.]), text='Press 2', units='norm', win=Window(...), wrapWidth=1)
8.7649 	EXP 	Created unnamed ImageStim = ImageStim(autoLog=True, color=array([ 1.,  1.,  1.]), colorSpace='rgb', contrast=1.0, depth=0, flipHoriz=False, flipVert=False, image=str(...), interpolate=False, mask=None, maskParams=None, name='unnamed ImageStim', opacity=1.0, ori=0.0, pos=array([ 0.,  0.]), size=array([ 1.35416667,  1.3537037 ]), texRes=128, units='norm', win=Window(...))
8.7931 	EXP 	Created unnamed ImageStim = ImageStim(autoLog=True, color=array([ 1.,  1.,  1.]), colorSpace='rgb', contrast=1.0, depth=0, flipHoriz=False, flipVert=False, image=str(...), interpolate=False, mask=None, maskParams=None, name='unnamed ImageStim', opacity=1.0, ori=0.0, pos=array([ 0.,  0.]), size=array([ 1.35416667,  1.3537037 ]), texRes=128, units='norm', win=Window(...))
8.8196 	EXP 	Created unnamed ImageStim = ImageStim(autoLog=True, color=array([ 1.,  1.,  1.]), colorSpace='rgb', contrast=1.0, depth=0, flipHoriz=False, flipVert=False, image=str(...), interpolate=False, mask=None, maskParams=None, name='unnamed ImageStim', opacity=1.0, ori=0.0, pos=array([ 0.,  0.]), size=array([ 1.35416667,  1.3537037 ]), texRes=128, units='norm', win=Window(...))
8.8471 	EXP 	Created unnamed ImageStim = ImageStim(autoLog=True, color=array([ 1.,  1.,  1.]), colorSpace='rgb', contrast=1.0, depth=0, flipHoriz=False, flipVert=False, image=str(...), interpolate=False, mask=None, maskParams=None, name='unnamed ImageStim', opacity=1.0, ori=0.0, pos=array([ 0.,  0.]), size=array([ 1.35416667,  1.3537037 ]), texRes=128, units='norm', win=Window(...))
8.8480 	EXP 	Created sequence: sequential, trialTypes=18, nReps=1, seed=None
8.9975 	DEBUG 	Using C:\Users\tug62048\Documents\DEGAP_Liz\SamplingMachine_bPilotv2.py as origin file
8.9983 	EXP 	Created sequence: sequential, trialTypes=18, nReps=1, seed=None
8.9989 	DEBUG 	Using C:\Users\tug62048\Documents\DEGAP_Liz\SamplingMachine_bPilotv2.py as origin file
0.0053 	DATA 	** START RUN 2 **
3.8755 	DATA 	Keypress: space
5.8115 	DATA 	Keypress: space
6.6275 	DATA 	Keypress: space
7.6836 	DATA 	Keypress: space
7.6839 	EXP 	New trial (rep=0, index=0): {'P1_1': '0.4', 'P1_2': '0.4', 'SafeOption': '1', 'P2_2': '0.6', 'O2_2': '17', 'O2_1': '12', 'ProbNumber': 'RR2', 'O1_2': '-5', 'O1_1': '5', 'EV2': '8.2', 'EV1': '9.2', 'ProbType': 'RR', 'P2_1': '0.6'}
7.6841 	DATA 	Trial Onset - ProblemType: RR, ProblemNumber: RR2, leftRight: 1, samplingDur: 17, assignedITI: 1.5734
7.6841 	DATA 	Sampling Onset
9.4766 	DATA 	Keypress: 1
9.4931 	EXP 	unnamed TextStim: text = '+17'
9.9931 	DATA 	Sampled Response: 2, Outcome Shown: +12
13.4596 	DATA 	Keypress: 2
13.4760 	EXP 	unnamed TextStim: text = '+12'
13.9761 	DATA 	Sampled Response: 1, Outcome Shown: +17
14.7595 	DATA 	Keypress: 1
14.7757 	EXP 	unnamed TextStim: text = '-5'
15.2759 	DATA 	Sampled Response: 2, Outcome Shown: +12
15.7759 	DATA 	Keypress: 2
15.7927 	EXP 	unnamed TextStim: text = '+12'
16.2922 	DATA 	Sampled Response: 1, Outcome Shown: +17
16.7258 	DATA 	Keypress: 1
16.7424 	EXP 	unnamed TextStim: text = '+17'
17.2424 	DATA 	Sampled Response: 2, Outcome Shown: +5
17.2427 	DATA 	Keypress: 1
17.5925 	DATA 	Keypress: 1
17.6087 	EXP 	unnamed TextStim: text = '+17'
18.1089 	DATA 	Sampled Response: 2, Outcome Shown: +12
18.3424 	DATA 	Keypress: 2
18.3590 	EXP 	unnamed TextStim: text = '+12'
18.8591 	DATA 	Sampled Response: 1, Outcome Shown: -5
19.1089 	DATA 	Keypress: 1
19.1253 	EXP 	unnamed TextStim: text = '+17'
19.6253 	DATA 	Sampled Response: 2, Outcome Shown: +5
19.9260 	DATA 	Keypress: 2
19.9421 	EXP 	unnamed TextStim: text = '+5'
20.4419 	DATA 	Sampled Response: 1, Outcome Shown: -5
20.6757 	DATA 	Keypress: 1
20.6920 	EXP 	unnamed TextStim: text = '+17'
21.1921 	DATA 	Sampled Response: 2, Outcome Shown: +5
21.3757 	DATA 	Keypress: 2
21.3917 	EXP 	unnamed TextStim: text = '+5'
21.8918 	DATA 	Sampled Response: 1, Outcome Shown: +17
22.0920 	DATA 	Keypress: 1
22.1084 	EXP 	unnamed TextStim: text = '-5'
22.6092 	DATA 	Sampled Response: 2, Outcome Shown: +12
22.6096 	DATA 	Keypress: 2
23.1416 	DATA 	Keypress: 2
23.1589 	EXP 	unnamed TextStim: text = '+5'
23.6591 	DATA 	Sampled Response: 1, Outcome Shown: +17
24.1917 	DATA 	** broke sampling loop (<.5s left in trial) **
24.1926 	DATA 	samplingCount: 13
24.1926 	DATA 	Think Onset
24.2080 	EXP 	unnamed Rect: lineColor = 'white (named)'
24.2080 	EXP 	unnamed Rect: lineColor = 'white (named)'
24.4257 	DATA 	Keypress: 1
27.2249 	DATA 	Decide Onset
28.0596 	DATA 	Keypress: 2
28.0597 	DATA 	Decision Button Press: ['2']
28.0597 	DATA 	Decision Response: 1
28.0634 	EXP 	unnamed Rect: lineColor = 'red (named)'
28.5696 	DATA 	ITI Onset
28.5733 	EXP 	unnamed Rect: lineColor = 'white (named)'
28.5733 	EXP 	unnamed Rect: lineColor = 'white (named)'
28.5733 	EXP 	unnamed TextStim: text = '-5'
28.5733 	EXP 	unnamed TextStim: text = '+5'
31.5082 	DATA 	Trial End Time - totalITI: 2.93098195112
31.5085 	EXP 	New trial (rep=0, index=1): {'P1_1': '0.3', 'P1_2': '0.5', 'SafeOption': '1', 'P2_2': '0.5', 'O2_2': '30', 'O2_1': '15', 'ProbNumber': 'RR4', 'O1_2': '-8', 'O1_1': '5', 'EV2': '11', 'EV1': '12', 'ProbType': 'RR', 'P2_1': '0.7'}
31.5086 	DATA 	Trial Onset - ProblemType: RR, ProblemNumber: RR4, leftRight: 0, samplingDur: 15, assignedITI: 2.5575
31.5086 	DATA 	Sampling Onset
32.3409 	DATA 	Keypress: 1
32.3571 	EXP 	unnamed TextStim: text = '+5'
32.8579 	DATA 	Sampled Response: 1, Outcome Shown: +5
33.1572 	DATA 	Keypress: 2
33.1738 	EXP 	unnamed TextStim: text = '+30'
33.6738 	DATA 	Sampled Response: 2, Outcome Shown: +30
34.1408 	DATA 	Keypress: 1
34.1570 	EXP 	unnamed TextStim: text = '+5'
34.6570 	DATA 	Sampled Response: 1, Outcome Shown: +5
35.2569 	DATA 	Keypress: 2
35.2734 	EXP 	unnamed TextStim: text = '-8'
35.7736 	DATA 	Sampled Response: 2, Outcome Shown: -8
36.2740 	DATA 	Keypress: 1
36.2902 	EXP 	unnamed TextStim: text = '+5'
36.7903 	DATA 	Sampled Response: 1, Outcome Shown: +5
37.2904 	DATA 	Keypress: 1
37.3066 	EXP 	unnamed TextStim: text = '+15'
37.8063 	DATA 	Sampled Response: 1, Outcome Shown: +15
38.3905 	DATA 	Keypress: 1
38.4065 	EXP 	unnamed TextStim: text = '+15'
38.9073 	DATA 	Sampled Response: 1, Outcome Shown: +15
39.5077 	DATA 	Keypress: 2
39.5398 	EXP 	unnamed TextStim: text = '+30'
40.0397 	DATA 	Sampled Response: 2, Outcome Shown: +30
40.6064 	DATA 	Keypress: 1
40.6231 	EXP 	unnamed TextStim: text = '+5'
41.1232 	DATA 	Sampled Response: 1, Outcome Shown: +5
41.7230 	DATA 	Keypress: 2
41.7393 	EXP 	unnamed TextStim: text = '+30'
42.2395 	DATA 	Sampled Response: 2, Outcome Shown: +30
42.8395 	DATA 	Keypress: 1
42.8558 	EXP 	unnamed TextStim: text = '+15'
43.3556 	DATA 	Sampled Response: 1, Outcome Shown: +15
43.8896 	DATA 	Keypress: 2
43.9057 	EXP 	unnamed TextStim: text = '-8'
44.4059 	DATA 	Sampled Response: 2, Outcome Shown: -8
44.9396 	DATA 	Keypress: 2
44.9556 	EXP 	unnamed TextStim: text = '-8'
45.4562 	DATA 	Sampled Response: 2, Outcome Shown: -8
45.9892 	DATA 	Keypress: 2
46.0056 	EXP 	unnamed TextStim: text = '-8'
46.5064 	DATA 	Sampled Response: 2, Outcome Shown: -8
46.5066 	DATA 	** broke sampling loop (<.5s left in trial) **
46.5073 	DATA 	samplingCount: 14
46.5073 	DATA 	Think Onset
46.5107 	EXP 	unnamed Rect: lineColor = 'white (named)'
46.5107 	EXP 	unnamed Rect: lineColor = 'white (named)'
47.0392 	DATA 	Keypress: 1
49.5385 	DATA 	Decide Onset
50.2034 	DATA 	Keypress: 1
50.2035 	DATA 	Decision Button Press: ['1']
50.2036 	DATA 	Decision Response: 1
50.2070 	EXP 	unnamed Rect: lineColor = 'red (named)'
50.7153 	DATA 	ITI Onset
50.7188 	EXP 	unnamed Rect: lineColor = 'white (named)'
50.7188 	EXP 	unnamed Rect: lineColor = 'white (named)'
50.7188 	EXP 	unnamed TextStim: text = '+15'
50.7188 	EXP 	unnamed TextStim: text = '-8'
54.3218 	DATA 	Trial End Time - totalITI: 3.59424452256
54.3220 	EXP 	New trial (rep=0, index=2): {'P1_1': '0.2', 'P1_2': '1', 'SafeOption': '2', 'P2_2': '0', 'O2_2': '0', 'O2_1': '0', 'ProbNumber': 'SD12', 'O1_2': '6', 'O1_1': '29', 'EV2': '6', 'EV1': '5.8', 'ProbType': 'SD', 'P2_1': '0.8'}
54.3221 	DATA 	Trial Onset - ProblemType: SD, ProblemNumber: SD12, leftRight: 0, samplingDur: 15, assignedITI: 4.6191
54.3221 	DATA 	Sampling Onset
54.9881 	DATA 	Keypress: 1
55.0045 	EXP 	unnamed TextStim: text = '+29'
55.5048 	DATA 	Sampled Response: 1, Outcome Shown: +29
55.8043 	DATA 	Keypress: 2
55.8212 	EXP 	unnamed TextStim: text = '+6'
56.3217 	DATA 	Sampled Response: 2, Outcome Shown: +6
56.8713 	DATA 	Keypress: 2
56.8879 	EXP 	unnamed TextStim: text = '+6'
57.3880 	DATA 	Sampled Response: 2, Outcome Shown: +6
57.9216 	DATA 	Keypress: 1
57.9375 	EXP 	unnamed TextStim: text = '0'
58.4377 	DATA 	Sampled Response: 1, Outcome Shown: 0
58.9376 	DATA 	Keypress: 2
58.9543 	EXP 	unnamed TextStim: text = '+6'
59.4544 	DATA 	Sampled Response: 2, Outcome Shown: +6
60.1710 	DATA 	Keypress: 2
60.1872 	EXP 	unnamed TextStim: text = '+6'
60.6880 	DATA 	Sampled Response: 2, Outcome Shown: +6
61.1043 	DATA 	Keypress: 1
61.1207 	EXP 	unnamed TextStim: text = '0'
61.6204 	DATA 	Sampled Response: 1, Outcome Shown: 0
61.7537 	DATA 	Keypress: 2
61.7707 	EXP 	unnamed TextStim: text = '+6'
62.2705 	DATA 	Sampled Response: 2, Outcome Shown: +6
62.7044 	DATA 	Keypress: 2
62.7203 	EXP 	unnamed TextStim: text = '+6'
63.2203 	DATA 	Sampled Response: 2, Outcome Shown: +6
63.9041 	DATA 	Keypress: 2
63.9200 	EXP 	unnamed TextStim: text = '+6'
64.4202 	DATA 	Sampled Response: 2, Outcome Shown: +6
65.1374 	DATA 	Keypress: 2
65.1535 	EXP 	unnamed TextStim: text = '+6'
65.6535 	DATA 	Sampled Response: 2, Outcome Shown: +6
66.1370 	DATA 	Keypress: 2
66.1534 	EXP 	unnamed TextStim: text = '+6'
66.6534 	DATA 	Sampled Response: 2, Outcome Shown: +6
66.6704 	DATA 	Keypress: 1
66.6863 	EXP 	unnamed TextStim: text = '0'
67.1874 	DATA 	Sampled Response: 1, Outcome Shown: 0
67.3200 	DATA 	Keypress: 2
67.3367 	EXP 	unnamed TextStim: text = '+6'
67.8371 	DATA 	Sampled Response: 2, Outcome Shown: +6
67.9202 	DATA 	Keypress: 1
67.9362 	EXP 	unnamed TextStim: text = '+29'
68.4372 	DATA 	Sampled Response: 1, Outcome Shown: +29
68.8364 	DATA 	** broke sampling loop (<.5s left in trial) **
68.8371 	DATA 	samplingCount: 15
68.8371 	DATA 	Think Onset
68.8527 	EXP 	unnamed Rect: lineColor = 'white (named)'
68.8527 	EXP 	unnamed Rect: lineColor = 'white (named)'
68.8705 	DATA 	Keypress: 1
71.8694 	DATA 	Decide Onset
72.2836 	DATA 	Keypress: 1
72.2837 	DATA 	Decision Button Press: ['1']
72.2837 	DATA 	Decision Response: 1
72.2873 	EXP 	unnamed Rect: lineColor = 'red (named)'
72.7964 	DATA 	ITI Onset
72.7997 	EXP 	unnamed Rect: lineColor = 'white (named)'
72.7997 	EXP 	unnamed Rect: lineColor = 'white (named)'
72.7997 	EXP 	unnamed TextStim: text = '+29'
72.7997 	EXP 	unnamed TextStim: text = '+6'
79.2022 	DATA 	Trial End Time - totalITI: 6.39039515067
79.2024 	EXP 	New trial (rep=0, index=3): {'P1_1': '0.1', 'P1_2': '1', 'SafeOption': '2', 'P2_2': '0', 'O2_2': '0', 'O2_1': '0', 'ProbNumber': 'SD10', 'O1_2': '3', 'O1_1': '32', 'EV2': '3', 'EV1': '3.2', 'ProbType': 'SD', 'P2_1': '0.9'}
79.2026 	DATA 	Trial Onset - ProblemType: SD, ProblemNumber: SD10, leftRight: 0, samplingDur: 17, assignedITI: 2.3911
79.2026 	DATA 	Sampling Onset
79.7518 	DATA 	Keypress: 1
79.7687 	EXP 	unnamed TextStim: text = '0'
80.2687 	DATA 	Sampled Response: 1, Outcome Shown: 0
82.1186 	DATA 	Keypress: 2
82.1346 	EXP 	unnamed TextStim: text = '+3'
82.6357 	DATA 	Sampled Response: 2, Outcome Shown: +3
83.2682 	DATA 	Keypress: 1
83.2842 	EXP 	unnamed TextStim: text = '0'
83.7842 	DATA 	Sampled Response: 1, Outcome Shown: 0
84.2015 	DATA 	Keypress: 2
84.2180 	EXP 	unnamed TextStim: text = '+3'
84.7179 	DATA 	Sampled Response: 2, Outcome Shown: +3
85.7513 	DATA 	Keypress: 1
85.7675 	EXP 	unnamed TextStim: text = '+32'
86.2678 	DATA 	Sampled Response: 1, Outcome Shown: +32
86.4356 	DATA 	Keypress: 2
86.4676 	EXP 	unnamed TextStim: text = '+3'
86.9670 	DATA 	Sampled Response: 2, Outcome Shown: +3
87.7508 	DATA 	Keypress: 1
87.7680 	EXP 	unnamed TextStim: text = '0'
88.2677 	DATA 	Sampled Response: 1, Outcome Shown: 0
88.4512 	DATA 	Keypress: 2
88.4674 	EXP 	unnamed TextStim: text = '+3'
88.9675 	DATA 	Sampled Response: 2, Outcome Shown: +3
89.4507 	DATA 	Keypress: 1
89.4674 	EXP 	unnamed TextStim: text = '0'
89.9670 	DATA 	Sampled Response: 1, Outcome Shown: 0
91.0516 	DATA 	Keypress: 2
91.0837 	EXP 	unnamed TextStim: text = '+3'
91.5836 	DATA 	Sampled Response: 2, Outcome Shown: +3
93.0172 	DATA 	Keypress: 1
93.0335 	EXP 	unnamed TextStim: text = '0'
93.5345 	DATA 	Sampled Response: 1, Outcome Shown: 0
93.8680 	DATA 	Keypress: 2
93.9001 	EXP 	unnamed TextStim: text = '+3'
94.4003 	DATA 	Sampled Response: 2, Outcome Shown: +3
94.8000 	DATA 	Keypress: 1
94.8167 	EXP 	unnamed TextStim: text = '0'
95.3169 	DATA 	Sampled Response: 1, Outcome Shown: 0
95.7168 	DATA 	** broke sampling loop (<.5s left in trial) **
95.7175 	DATA 	samplingCount: 13
95.7175 	DATA 	Think Onset
95.7334 	EXP 	unnamed Rect: lineColor = 'white (named)'
95.7334 	EXP 	unnamed Rect: lineColor = 'white (named)'
95.7672 	DATA 	Keypress: 2
98.7496 	DATA 	Decide Onset
99.5073 	DATA 	Keypress: 1
99.5074 	DATA 	Decision Button Press: ['1']
99.5075 	DATA 	Decision Response: 1
99.5111 	EXP 	unnamed Rect: lineColor = 'red (named)'
100.0176 	DATA 	ITI Onset
100.0208 	EXP 	unnamed Rect: lineColor = 'white (named)'
100.0208 	EXP 	unnamed Rect: lineColor = 'white (named)'
100.0208 	EXP 	unnamed TextStim: text = '0'
100.0208 	EXP 	unnamed TextStim: text = '+3'
103.8494 	DATA 	Trial End Time - totalITI: 3.81883189959
103.8496 	EXP 	New trial (rep=0, index=4): {'P1_1': '0.3', 'P1_2': '1', 'SafeOption': '2', 'P2_2': '0', 'O2_2': '0', 'O2_1': '-4', 'ProbNumber': 'MD11', 'O1_2': '5', 'O1_1': '27', 'EV2': '5', 'EV1': '5.3', 'ProbType': 'MD', 'P2_1': '0.7'}
103.8497 	DATA 	Trial Onset - ProblemType: MD, ProblemNumber: MD11, leftRight: 0, samplingDur: 16, assignedITI: 1.1477
103.8497 	DATA 	Sampling Onset
105.6324 	DATA 	Keypress: 2
105.6489 	EXP 	unnamed TextStim: text = '+5'
106.1491 	DATA 	Sampled Response: 2, Outcome Shown: +5
106.5990 	DATA 	Keypress: 1
106.6149 	EXP 	unnamed TextStim: text = '-4'
107.1151 	DATA 	Sampled Response: 1, Outcome Shown: -4
107.3818 	DATA 	Keypress: 2
107.3985 	EXP 	unnamed TextStim: text = '+5'
107.8989 	DATA 	Sampled Response: 2, Outcome Shown: +5
108.0819 	DATA 	Keypress: 1
108.0982 	EXP 	unnamed TextStim: text = '+27'
108.5993 	DATA 	Sampled Response: 1, Outcome Shown: +27
108.6987 	DATA 	Keypress: 2
108.7153 	EXP 	unnamed TextStim: text = '+5'
109.2156 	DATA 	Sampled Response: 2, Outcome Shown: +5
109.2998 	DATA 	Keypress: 1
109.3313 	EXP 	unnamed TextStim: text = '-4'
109.8314 	DATA 	Sampled Response: 1, Outcome Shown: -4
109.8355 	DATA 	Keypress: 1
109.8483 	EXP 	unnamed TextStim: text = '-4'
110.3489 	DATA 	Sampled Response: 1, Outcome Shown: -4
110.3492 	DATA 	Keypress: 2
110.8651 	DATA 	Keypress: 2
110.8812 	EXP 	unnamed TextStim: text = '+5'
111.3815 	DATA 	Sampled Response: 2, Outcome Shown: +5
111.3818 	DATA 	Keypress: 1
111.9146 	DATA 	Keypress: 1
111.9310 	EXP 	unnamed TextStim: text = '+27'
112.4308 	DATA 	Sampled Response: 1, Outcome Shown: +27
112.4311 	DATA 	Keypress: 2
112.7311 	DATA 	Keypress: 2
112.7480 	EXP 	unnamed TextStim: text = '+5'
113.2477 	DATA 	Sampled Response: 2, Outcome Shown: +5
113.6481 	DATA 	Keypress: 1
113.6643 	EXP 	unnamed TextStim: text = '-4'
114.1652 	DATA 	Sampled Response: 1, Outcome Shown: -4
114.6146 	DATA 	Keypress: 2
114.6311 	EXP 	unnamed TextStim: text = '+5'
115.1314 	DATA 	Sampled Response: 2, Outcome Shown: +5
115.1317 	DATA 	Keypress: 2
115.1646 	DATA 	Keypress: 1
115.1808 	EXP 	unnamed TextStim: text = '-4'
115.6812 	DATA 	Sampled Response: 1, Outcome Shown: -4
115.6815 	DATA 	Keypress: 1
115.7480 	DATA 	Keypress: 2
115.7646 	EXP 	unnamed TextStim: text = '+5'
116.2648 	DATA 	Sampled Response: 2, Outcome Shown: +5
116.2652 	DATA 	Keypress: 2
116.3481 	DATA 	Keypress: 1
116.3643 	EXP 	unnamed TextStim: text = '-4'
116.8646 	DATA 	Sampled Response: 1, Outcome Shown: -4
116.8649 	DATA 	Keypress: 1
117.2646 	DATA 	Keypress: 2
117.2807 	EXP 	unnamed TextStim: text = '+5'
117.7806 	DATA 	Sampled Response: 2, Outcome Shown: +5
117.9648 	DATA 	Keypress: 1
117.9806 	EXP 	unnamed TextStim: text = '-4'
118.4807 	DATA 	Sampled Response: 1, Outcome Shown: -4
118.5806 	DATA 	Keypress: 2
118.5973 	EXP 	unnamed TextStim: text = '+5'
119.0979 	DATA 	Sampled Response: 2, Outcome Shown: +5
119.3308 	DATA 	Keypress: 1
119.3473 	EXP 	unnamed TextStim: text = '-4'
119.8477 	DATA 	Sampled Response: 1, Outcome Shown: -4
119.8479 	DATA 	** broke sampling loop (<.5s left in trial) **
119.8486 	DATA 	samplingCount: 19
119.8486 	DATA 	Think Onset
119.8520 	EXP 	unnamed Rect: lineColor = 'white (named)'
119.8520 	EXP 	unnamed Rect: lineColor = 'white (named)'
120.0313 	DATA 	Keypress: 2
122.8804 	DATA 	Decide Onset
123.3793 	DATA 	Keypress: 1
123.3794 	DATA 	Decision Button Press: ['1']
123.3794 	DATA 	Decision Response: 1
123.3828 	EXP 	unnamed Rect: lineColor = 'red (named)'
123.8909 	DATA 	ITI Onset
123.8944 	EXP 	unnamed Rect: lineColor = 'white (named)'
123.8944 	EXP 	unnamed Rect: lineColor = 'white (named)'
123.8944 	EXP 	unnamed TextStim: text = '-4'
123.8944 	EXP 	unnamed TextStim: text = '+5'
126.2473 	DATA 	Trial End Time - totalITI: 2.35032361893
126.2475 	EXP 	New trial (rep=0, index=5): {'P1_1': '0.8', 'P1_2': '1', 'SafeOption': '2', 'P2_2': '0', 'O2_2': '0', 'O2_1': '-9', 'ProbNumber': 'MD9', 'O1_2': '5', 'O1_1': '8', 'EV2': '5', 'EV1': '4.6', 'ProbType': 'MD', 'P2_1': '0.2'}
126.2476 	DATA 	Trial Onset - ProblemType: MD, ProblemNumber: MD9, leftRight: 1, samplingDur: 16, assignedITI: 1.2297
126.2476 	DATA 	Sampling Onset
127.3468 	DATA 	Keypress: 2
127.3626 	EXP 	unnamed TextStim: text = '+8'
127.8622 	DATA 	Sampled Response: 1, Outcome Shown: +5
128.3796 	DATA 	Keypress: 1
128.3960 	EXP 	unnamed TextStim: text = '+5'
128.8966 	DATA 	Sampled Response: 2, Outcome Shown: +8
128.9640 	DATA 	Keypress: 2
128.9960 	EXP 	unnamed TextStim: text = '-9'
129.4962 	DATA 	Sampled Response: 1, Outcome Shown: +5
129.7130 	DATA 	Keypress: 1
129.7294 	EXP 	unnamed TextStim: text = '+5'
130.2299 	DATA 	Sampled Response: 2, Outcome Shown: +8
130.5465 	DATA 	Keypress: 2
130.5627 	EXP 	unnamed TextStim: text = '-9'
131.0634 	DATA 	Sampled Response: 1, Outcome Shown: +5
131.2964 	DATA 	Keypress: 1
131.3125 	EXP 	unnamed TextStim: text = '+5'
131.8129 	DATA 	Sampled Response: 2, Outcome Shown: +8
132.3962 	DATA 	Keypress: 2
132.4122 	EXP 	unnamed TextStim: text = '+8'
132.9127 	DATA 	Sampled Response: 1, Outcome Shown: +5
132.9130 	DATA 	Keypress: 2
133.5635 	DATA 	Keypress: 1
133.5957 	EXP 	unnamed TextStim: text = '+5'
134.0953 	DATA 	Sampled Response: 2, Outcome Shown: +8
134.3292 	DATA 	Keypress: 2
134.3457 	EXP 	unnamed TextStim: text = '+8'
134.8463 	DATA 	Sampled Response: 1, Outcome Shown: +5
135.2458 	DATA 	Keypress: 1
135.2620 	EXP 	unnamed TextStim: text = '+5'
135.7621 	DATA 	Sampled Response: 2, Outcome Shown: +8
136.0457 	DATA 	Keypress: 2
136.0621 	EXP 	unnamed TextStim: text = '+8'
136.5623 	DATA 	Sampled Response: 1, Outcome Shown: +5
136.7789 	DATA 	Keypress: 1
136.7952 	EXP 	unnamed TextStim: text = '+5'
137.2955 	DATA 	Sampled Response: 2, Outcome Shown: +8
137.3623 	DATA 	Keypress: 2
137.3787 	EXP 	unnamed TextStim: text = '+8'
137.8786 	DATA 	Sampled Response: 1, Outcome Shown: +5
137.9797 	DATA 	Keypress: 1
138.0119 	EXP 	unnamed TextStim: text = '+5'
138.5119 	DATA 	Sampled Response: 2, Outcome Shown: +8
138.5956 	DATA 	Keypress: 2
138.6114 	EXP 	unnamed TextStim: text = '+8'
139.1118 	DATA 	Sampled Response: 1, Outcome Shown: +5
139.2456 	DATA 	Keypress: 1
139.2615 	EXP 	unnamed TextStim: text = '+5'
139.7620 	DATA 	Sampled Response: 2, Outcome Shown: +8
139.8952 	DATA 	Keypress: 2
139.9112 	EXP 	unnamed TextStim: text = '+8'
140.4111 	DATA 	Sampled Response: 1, Outcome Shown: +5
140.5451 	DATA 	Keypress: 1
140.5613 	EXP 	unnamed TextStim: text = '+5'
141.0617 	DATA 	Sampled Response: 2, Outcome Shown: +8
141.0620 	DATA 	Keypress: 2
141.1115 	DATA 	Keypress: 2
141.1282 	EXP 	unnamed TextStim: text = '+8'
141.6283 	DATA 	Sampled Response: 1, Outcome Shown: +5
141.6615 	DATA 	Keypress: 1
141.6784 	EXP 	unnamed TextStim: text = '+5'
142.1789 	DATA 	Sampled Response: 2, Outcome Shown: -9
142.1791 	DATA 	** broke sampling loop (<.5s left in trial) **
142.1800 	DATA 	samplingCount: 20
142.1800 	DATA 	Think Onset
142.1833 	EXP 	unnamed Rect: lineColor = 'white (named)'
142.1833 	EXP 	unnamed Rect: lineColor = 'white (named)'
142.2118 	DATA 	Keypress: 2
145.2109 	DATA 	Decide Onset
146.5633 	DATA 	Keypress: 2
146.5634 	DATA 	Decision Button Press: ['2']
146.5634 	DATA 	Decision Response: 1
146.5669 	EXP 	unnamed Rect: lineColor = 'red (named)'
147.0743 	DATA 	ITI Onset
147.0775 	EXP 	unnamed Rect: lineColor = 'white (named)'
147.0775 	EXP 	unnamed Rect: lineColor = 'white (named)'
147.0775 	EXP 	unnamed TextStim: text = '+5'
147.0775 	EXP 	unnamed TextStim: text = '+8'
148.7277 	DATA 	Trial End Time - totalITI: 1.64535045253
148.7279 	EXP 	New trial (rep=0, index=6): {'P1_1': '0.4', 'P1_2': '1', 'SafeOption': '2', 'P2_2': '0', 'O2_2': '0', 'O2_1': '-20', 'ProbNumber': 'MD4', 'O1_2': '-4', 'O1_1': '15', 'EV2': '-4', 'EV1': '-6', 'ProbType': 'MD', 'P2_1': '0.6'}
148.7280 	DATA 	Trial Onset - ProblemType: MD, ProblemNumber: MD4, leftRight: 1, samplingDur: 15, assignedITI: 1.0887
148.7280 	DATA 	Sampling Onset
150.5609 	DATA 	Keypress: 1
150.5765 	EXP 	unnamed TextStim: text = '-4'
151.0775 	DATA 	Sampled Response: 2, Outcome Shown: +15
151.1272 	DATA 	Keypress: 2
151.1437 	EXP 	unnamed TextStim: text = '-20'
151.6439 	DATA 	Sampled Response: 1, Outcome Shown: -4
151.8277 	DATA 	Keypress: 1
151.8601 	EXP 	unnamed TextStim: text = '-4'
152.3598 	DATA 	Sampled Response: 2, Outcome Shown: -20
152.5273 	DATA 	Keypress: 2
152.5434 	EXP 	unnamed TextStim: text = '-20'
153.0426 	DATA 	Sampled Response: 1, Outcome Shown: -4
153.1266 	DATA 	Keypress: 1
153.1434 	EXP 	unnamed TextStim: text = '-4'
153.6434 	DATA 	Sampled Response: 2, Outcome Shown: -20
153.6770 	DATA 	Keypress: 2
153.6934 	EXP 	unnamed TextStim: text = '-20'
154.1932 	DATA 	Sampled Response: 1, Outcome Shown: -4
154.2435 	DATA 	Keypress: 1
154.2600 	EXP 	unnamed TextStim: text = '-4'
154.7605 	DATA 	Sampled Response: 2, Outcome Shown: -20
154.7934 	DATA 	Keypress: 2
154.8094 	EXP 	unnamed TextStim: text = '-20'
155.3100 	DATA 	Sampled Response: 1, Outcome Shown: -4
155.3601 	DATA 	Keypress: 1
155.3765 	EXP 	unnamed TextStim: text = '-4'
155.8771 	DATA 	Sampled Response: 2, Outcome Shown: +15
155.8933 	DATA 	Keypress: 2
155.9095 	EXP 	unnamed TextStim: text = '+15'
156.4099 	DATA 	Sampled Response: 1, Outcome Shown: -4
156.4263 	DATA 	Keypress: 1
156.4429 	EXP 	unnamed TextStim: text = '-4'
156.9433 	DATA 	Sampled Response: 2, Outcome Shown: +15
156.9436 	DATA 	Keypress: 2
157.7931 	DATA 	Keypress: 2
157.8091 	EXP 	unnamed TextStim: text = '-20'
158.3097 	DATA 	Sampled Response: 1, Outcome Shown: -4
158.6273 	DATA 	Keypress: 1
158.6594 	EXP 	unnamed TextStim: text = '-4'
159.1590 	DATA 	Sampled Response: 2, Outcome Shown: -20
159.1593 	DATA 	Keypress: 1
159.6929 	DATA 	Keypress: 2
159.7090 	EXP 	unnamed TextStim: text = '+15'
160.2090 	DATA 	Sampled Response: 1, Outcome Shown: -4
160.2093 	DATA 	Keypress: 2
160.8426 	DATA 	Keypress: 1
160.8587 	EXP 	unnamed TextStim: text = '-4'
161.3584 	DATA 	Sampled Response: 2, Outcome Shown: +15
161.3588 	DATA 	Keypress: 1
161.7429 	DATA 	Keypress: 2
161.7588 	EXP 	unnamed TextStim: text = '-20'
162.2586 	DATA 	Sampled Response: 1, Outcome Shown: -4
162.2589 	DATA 	Keypress: 2
162.8589 	DATA 	Keypress: 1
162.8754 	EXP 	unnamed TextStim: text = '-4'
163.3756 	DATA 	Sampled Response: 2, Outcome Shown: -20
163.3759 	DATA 	Keypress: 1
163.3761 	DATA 	** broke sampling loop (<.5s left in trial) **
163.3767 	DATA 	samplingCount: 17
163.3767 	DATA 	Think Onset
163.3800 	EXP 	unnamed Rect: lineColor = 'white (named)'
163.3800 	EXP 	unnamed Rect: lineColor = 'white (named)'
163.7592 	DATA 	Keypress: 2
166.4086 	DATA 	Decide Onset
167.1793 	DATA 	Keypress: 2
167.1794 	DATA 	Decision Button Press: ['2']
167.1794 	DATA 	Decision Response: 1
167.1829 	EXP 	unnamed Rect: lineColor = 'red (named)'
167.6899 	DATA 	ITI Onset
167.6934 	EXP 	unnamed Rect: lineColor = 'white (named)'
167.6934 	EXP 	unnamed Rect: lineColor = 'white (named)'
167.6934 	EXP 	unnamed TextStim: text = '-4'
167.6934 	EXP 	unnamed TextStim: text = '-20'
170.0752 	DATA 	Trial End Time - totalITI: 2.36976146217
170.0754 	EXP 	New trial (rep=0, index=7): {'P1_1': '0.2', 'P1_2': '1', 'SafeOption': '2', 'P2_2': '0', 'O2_2': '0', 'O2_1': '-7', 'ProbNumber': 'MD6', 'O1_2': '-2', 'O1_1': '24', 'EV2': '-2', 'EV1': '-0.8', 'ProbType': 'MD', 'P2_1': '0.8'}
170.0755 	DATA 	Trial Onset - ProblemType: MD, ProblemNumber: MD6, leftRight: 1, samplingDur: 16, assignedITI: 1.2853
170.0755 	DATA 	Sampling Onset
170.7918 	DATA 	Keypress: 2
170.8078 	EXP 	unnamed TextStim: text = '-7'
171.3083 	DATA 	Sampled Response: 1, Outcome Shown: -2
171.4750 	DATA 	Keypress: 1
171.4911 	EXP 	unnamed TextStim: text = '-2'
171.9908 	DATA 	Sampled Response: 2, Outcome Shown: -7
171.9912 	DATA 	Keypress: 2
172.3749 	DATA 	Keypress: 2
172.3909 	EXP 	unnamed TextStim: text = '-7'
172.8907 	DATA 	Sampled Response: 1, Outcome Shown: -2
173.2075 	DATA 	Keypress: 1
173.2243 	EXP 	unnamed TextStim: text = '-2'
173.7245 	DATA 	Sampled Response: 2, Outcome Shown: -7
174.1246 	DATA 	Keypress: 2
174.1406 	EXP 	unnamed TextStim: text = '+24'
174.6409 	DATA 	Sampled Response: 1, Outcome Shown: -2
174.8745 	DATA 	Keypress: 1
174.8908 	EXP 	unnamed TextStim: text = '-2'
175.3910 	DATA 	Sampled Response: 2, Outcome Shown: -7
175.6076 	DATA 	Keypress: 2
175.6240 	EXP 	unnamed TextStim: text = '+24'
176.1246 	DATA 	Sampled Response: 1, Outcome Shown: -2
176.3076 	DATA 	Keypress: 1
176.3238 	EXP 	unnamed TextStim: text = '-2'
176.8245 	DATA 	Sampled Response: 2, Outcome Shown: -7
176.9741 	DATA 	Keypress: 2
176.9903 	EXP 	unnamed TextStim: text = '-7'
177.4907 	DATA 	Sampled Response: 1, Outcome Shown: -2
177.6242 	DATA 	Keypress: 1
177.6402 	EXP 	unnamed TextStim: text = '-2'
178.1407 	DATA 	Sampled Response: 2, Outcome Shown: +24
178.1568 	DATA 	Keypress: 2
178.1735 	EXP 	unnamed TextStim: text = '+24'
178.6738 	DATA 	Sampled Response: 1, Outcome Shown: -2
178.7739 	DATA 	Keypress: 1
178.7903 	EXP 	unnamed TextStim: text = '-2'
179.2906 	DATA 	Sampled Response: 2, Outcome Shown: -7
179.2910 	DATA 	Keypress: 2
180.5405 	DATA 	Keypress: 2
180.5564 	EXP 	unnamed TextStim: text = '-7'
181.0569 	DATA 	Sampled Response: 1, Outcome Shown: -2
181.4903 	DATA 	Keypress: 1
181.5065 	EXP 	unnamed TextStim: text = '-2'
182.0068 	DATA 	Sampled Response: 2, Outcome Shown: -7
182.4565 	DATA 	Keypress: 2
182.4732 	EXP 	unnamed TextStim: text = '-7'
182.9733 	DATA 	Sampled Response: 1, Outcome Shown: -2
183.4731 	DATA 	Keypress: 1
183.4893 	EXP 	unnamed TextStim: text = '-2'
183.9894 	DATA 	Sampled Response: 2, Outcome Shown: +24
184.3731 	DATA 	Keypress: 2
184.3894 	EXP 	unnamed TextStim: text = '+24'
184.8894 	DATA 	Sampled Response: 1, Outcome Shown: -2
185.1559 	DATA 	Keypress: 1
185.1725 	EXP 	unnamed TextStim: text = '-2'
185.6731 	DATA 	Sampled Response: 2, Outcome Shown: -7
185.6733 	DATA 	** broke sampling loop (<.5s left in trial) **
185.6742 	DATA 	samplingCount: 18
185.6742 	DATA 	Think Onset
185.6777 	EXP 	unnamed Rect: lineColor = 'white (named)'
185.6777 	EXP 	unnamed Rect: lineColor = 'white (named)'
185.9738 	DATA 	Keypress: 2
188.7057 	DATA 	Decide Onset
189.5953 	DATA 	Keypress: 2
189.5954 	DATA 	Decision Button Press: ['2']
189.5954 	DATA 	Decision Response: 1
189.5990 	EXP 	unnamed Rect: lineColor = 'red (named)'
190.1079 	DATA 	ITI Onset
190.1111 	EXP 	unnamed Rect: lineColor = 'white (named)'
190.1111 	EXP 	unnamed Rect: lineColor = 'white (named)'
190.1111 	EXP 	unnamed TextStim: text = '-2'
190.1111 	EXP 	unnamed TextStim: text = '+24'
192.6224 	DATA 	Trial End Time - totalITI: 2.49764367699
192.6226 	EXP 	New trial (rep=0, index=8): {'P1_1': '0.6', 'P1_2': '1', 'SafeOption': '2', 'P2_2': '0', 'O2_2': '0', 'O2_1': '-12', 'ProbNumber': 'MD12', 'O1_2': '12', 'O1_1': '30', 'EV2': '12', 'EV1': '13.2', 'ProbType': 'MD', 'P2_1': '0.4'}
192.6227 	DATA 	Trial Onset - ProblemType: MD, ProblemNumber: MD12, leftRight: 1, samplingDur: 15, assignedITI: 1.8808
192.6227 	DATA 	Sampling Onset
193.5719 	DATA 	Keypress: 1
193.5882 	EXP 	unnamed TextStim: text = '+12'
194.0884 	DATA 	Sampled Response: 2, Outcome Shown: +30
194.5720 	DATA 	Keypress: 2
194.5885 	EXP 	unnamed TextStim: text = '+30'
195.0884 	DATA 	Sampled Response: 1, Outcome Shown: +12
195.6384 	DATA 	Keypress: 1
195.6549 	EXP 	unnamed TextStim: text = '+12'
196.1552 	DATA 	Sampled Response: 2, Outcome Shown: -12
196.6386 	DATA 	Keypress: 2
196.6548 	EXP 	unnamed TextStim: text = '+30'
197.1554 	DATA 	Sampled Response: 1, Outcome Shown: +12
197.5885 	DATA 	Keypress: 1
197.6047 	EXP 	unnamed TextStim: text = '+12'
198.1049 	DATA 	Sampled Response: 2, Outcome Shown: +30
198.4384 	DATA 	Keypress: 2
198.4545 	EXP 	unnamed TextStim: text = '+30'
198.9547 	DATA 	Sampled Response: 1, Outcome Shown: +12
200.2714 	DATA 	Keypress: 1
200.2875 	EXP 	unnamed TextStim: text = '+12'
200.7883 	DATA 	Sampled Response: 2, Outcome Shown: +30
201.2046 	DATA 	Keypress: 2
201.2207 	EXP 	unnamed TextStim: text = '-12'
201.7208 	DATA 	Sampled Response: 1, Outcome Shown: +12
202.1044 	DATA 	Keypress: 1
202.1208 	EXP 	unnamed TextStim: text = '+12'
202.6211 	DATA 	Sampled Response: 2, Outcome Shown: +30
202.9044 	DATA 	Keypress: 2
202.9206 	EXP 	unnamed TextStim: text = '+30'
203.4206 	DATA 	Sampled Response: 1, Outcome Shown: +12
203.6545 	DATA 	Keypress: 1
203.6706 	EXP 	unnamed TextStim: text = '+12'
204.1714 	DATA 	Sampled Response: 2, Outcome Shown: -12
204.4871 	DATA 	Keypress: 2
204.5037 	EXP 	unnamed TextStim: text = '-12'
205.0046 	DATA 	Sampled Response: 1, Outcome Shown: +12
205.5872 	DATA 	Keypress: 1
205.6035 	EXP 	unnamed TextStim: text = '+12'
206.1037 	DATA 	Sampled Response: 2, Outcome Shown: -12
206.6045 	DATA 	Keypress: 1
206.6202 	EXP 	unnamed TextStim: text = '+12'
207.1201 	DATA 	Sampled Response: 2, Outcome Shown: +30
207.1243 	DATA 	** broke sampling loop (<.5s left in trial) **
207.1250 	DATA 	samplingCount: 14
207.1250 	DATA 	Think Onset
207.1367 	EXP 	unnamed Rect: lineColor = 'white (named)'
207.1367 	EXP 	unnamed Rect: lineColor = 'white (named)'
210.1533 	DATA 	Decide Onset
210.5553 	DATA 	Keypress: 2
210.5554 	DATA 	Decision Button Press: ['2']
210.5554 	DATA 	Decision Response: 1
210.5587 	EXP 	unnamed Rect: lineColor = 'red (named)'
211.0663 	DATA 	ITI Onset
211.0695 	EXP 	unnamed Rect: lineColor = 'white (named)'
211.0695 	EXP 	unnamed Rect: lineColor = 'white (named)'
211.0695 	EXP 	unnamed TextStim: text = '+12'
211.0695 	EXP 	unnamed TextStim: text = '-12'
214.7535 	DATA 	Trial End Time - totalITI: 3.67700338911
214.7537 	EXP 	New trial (rep=0, index=9): {'P1_1': '0.8', 'P1_2': '1', 'SafeOption': '2', 'P2_2': '0', 'O2_2': '0', 'O2_1': '0', 'ProbNumber': 'SD6', 'O1_2': '12', 'O1_1': '14', 'EV2': '12', 'EV1': '11.2', 'ProbType': 'SD', 'P2_1': '0.2'}
214.7538 	DATA 	Trial Onset - ProblemType: SD, ProblemNumber: SD6, leftRight: 1, samplingDur: 15, assignedITI: 1.0113
214.7538 	DATA 	Sampling Onset
215.4038 	DATA 	Keypress: 1
215.4358 	EXP 	unnamed TextStim: text = '+12'
215.9360 	DATA 	Sampled Response: 2, Outcome Shown: +14
216.5195 	DATA 	Keypress: 2
216.5357 	EXP 	unnamed TextStim: text = '+14'
217.0355 	DATA 	Sampled Response: 1, Outcome Shown: +12
217.5692 	DATA 	Keypress: 1
217.5855 	EXP 	unnamed TextStim: text = '+12'
218.0863 	DATA 	Sampled Response: 2, Outcome Shown: +14
218.5524 	DATA 	Keypress: 2
218.5688 	EXP 	unnamed TextStim: text = '+14'
219.0694 	DATA 	Sampled Response: 1, Outcome Shown: +12
219.4858 	DATA 	Keypress: 1
219.5024 	EXP 	unnamed TextStim: text = '+12'
220.0024 	DATA 	Sampled Response: 2, Outcome Shown: +14
220.4689 	DATA 	Keypress: 2
220.4854 	EXP 	unnamed TextStim: text = '+14'
220.9865 	DATA 	Sampled Response: 1, Outcome Shown: +12
221.6358 	DATA 	Keypress: 1
221.6519 	EXP 	unnamed TextStim: text = '+12'
222.1519 	DATA 	Sampled Response: 2, Outcome Shown: 0
222.9354 	DATA 	Keypress: 1
222.9517 	EXP 	unnamed TextStim: text = '+12'
223.4523 	DATA 	Sampled Response: 2, Outcome Shown: +14
224.0019 	DATA 	Keypress: 2
224.0180 	EXP 	unnamed TextStim: text = '+14'
224.5186 	DATA 	Sampled Response: 1, Outcome Shown: +12
225.2181 	DATA 	Keypress: 2
225.2349 	EXP 	unnamed TextStim: text = '+14'
225.7348 	DATA 	Sampled Response: 1, Outcome Shown: +12
226.4183 	DATA 	Keypress: 2
226.4344 	EXP 	unnamed TextStim: text = '+14'
226.9349 	DATA 	Sampled Response: 1, Outcome Shown: +12
227.3514 	DATA 	Keypress: 1
227.3678 	EXP 	unnamed TextStim: text = '+12'
227.8680 	DATA 	Sampled Response: 2, Outcome Shown: +14
228.3680 	DATA 	Keypress: 2
228.3844 	EXP 	unnamed TextStim: text = '+14'
228.8845 	DATA 	Sampled Response: 1, Outcome Shown: +12
229.1177 	DATA 	Keypress: 1
229.1343 	EXP 	unnamed TextStim: text = '+12'
229.6348 	DATA 	Sampled Response: 2, Outcome Shown: 0
229.6350 	DATA 	** broke sampling loop (<.5s left in trial) **
229.6357 	DATA 	samplingCount: 14
229.6357 	DATA 	Think Onset
229.6393 	EXP 	unnamed Rect: lineColor = 'white (named)'
229.6393 	EXP 	unnamed Rect: lineColor = 'white (named)'
229.6851 	DATA 	Keypress: 2
232.6673 	DATA 	Decide Onset
233.0753 	DATA 	Keypress: 2
233.0754 	DATA 	Decision Button Press: ['2']
233.0755 	DATA 	Decision Response: 1
233.0791 	EXP 	unnamed Rect: lineColor = 'red (named)'
233.5870 	DATA 	ITI Onset
233.5905 	EXP 	unnamed Rect: lineColor = 'white (named)'
233.5905 	EXP 	unnamed Rect: lineColor = 'white (named)'
233.5905 	EXP 	unnamed TextStim: text = '+12'
233.5905 	EXP 	unnamed TextStim: text = '+14'
236.0172 	DATA 	Trial End Time - totalITI: 2.42186028805
236.0174 	EXP 	New trial (rep=0, index=10): {'P1_1': '0.7', 'P1_2': '0.1', 'SafeOption': '1', 'P2_2': '0.9', 'O2_2': '30', 'O2_1': '38', 'ProbNumber': 'RR11', 'O1_2': '-10', 'O1_1': '22', 'EV2': '26', 'EV1': '26.8', 'ProbType': 'RR', 'P2_1': '0.3'}
236.0175 	DATA 	Trial Onset - ProblemType: RR, ProblemNumber: RR11, leftRight: 0, samplingDur: 18, assignedITI: 1.3267
236.0175 	DATA 	Sampling Onset
236.6167 	DATA 	Keypress: 1
236.6334 	EXP 	unnamed TextStim: text = '+22'
237.1335 	DATA 	Sampled Response: 1, Outcome Shown: +22
237.6673 	DATA 	Keypress: 2
237.6833 	EXP 	unnamed TextStim: text = '+30'
238.1836 	DATA 	Sampled Response: 2, Outcome Shown: +30
238.5664 	DATA 	Keypress: 1
238.5835 	EXP 	unnamed TextStim: text = '+22'
239.0840 	DATA 	Sampled Response: 1, Outcome Shown: +22
239.2835 	DATA 	Keypress: 2
239.2997 	EXP 	unnamed TextStim: text = '-10'
239.7995 	DATA 	Sampled Response: 2, Outcome Shown: -10
240.1000 	DATA 	Keypress: 1
240.1163 	EXP 	unnamed TextStim: text = '+22'
240.6169 	DATA 	Sampled Response: 1, Outcome Shown: +22
241.0999 	DATA 	Keypress: 1
241.1163 	EXP 	unnamed TextStim: text = '+22'
241.6165 	DATA 	Sampled Response: 1, Outcome Shown: +22
241.8333 	DATA 	Keypress: 2
241.8493 	EXP 	unnamed TextStim: text = '+30'
242.3499 	DATA 	Sampled Response: 2, Outcome Shown: +30
242.4662 	DATA 	Keypress: 1
242.4828 	EXP 	unnamed TextStim: text = '+38'
242.9824 	DATA 	Sampled Response: 1, Outcome Shown: +38
243.3995 	DATA 	Keypress: 1
243.4158 	EXP 	unnamed TextStim: text = '+22'
243.9155 	DATA 	Sampled Response: 1, Outcome Shown: +22
244.1831 	DATA 	Keypress: 2
244.1992 	EXP 	unnamed TextStim: text = '+30'
244.6998 	DATA 	Sampled Response: 2, Outcome Shown: +30
244.7160 	DATA 	Keypress: 1
244.7322 	EXP 	unnamed TextStim: text = '+22'
245.2324 	DATA 	Sampled Response: 1, Outcome Shown: +22
245.7162 	DATA 	Keypress: 2
245.7324 	EXP 	unnamed TextStim: text = '+30'
246.2325 	DATA 	Sampled Response: 2, Outcome Shown: +30
246.2329 	DATA 	Keypress: 1
246.6490 	DATA 	Keypress: 1
246.6658 	EXP 	unnamed TextStim: text = '+22'
247.1664 	DATA 	Sampled Response: 1, Outcome Shown: +22
247.7822 	DATA 	Keypress: 2
247.7988 	EXP 	unnamed TextStim: text = '+30'
248.2994 	DATA 	Sampled Response: 2, Outcome Shown: +30
248.8324 	DATA 	Keypress: 1
248.8485 	EXP 	unnamed TextStim: text = '+22'
249.3486 	DATA 	Sampled Response: 1, Outcome Shown: +22
249.8320 	DATA 	Keypress: 2
249.8484 	EXP 	unnamed TextStim: text = '+30'
250.3481 	DATA 	Sampled Response: 2, Outcome Shown: +30
250.7655 	DATA 	Keypress: 1
250.7819 	EXP 	unnamed TextStim: text = '+22'
251.2821 	DATA 	Sampled Response: 1, Outcome Shown: +22
251.6818 	DATA 	Keypress: 2
251.6983 	EXP 	unnamed TextStim: text = '+30'
252.1984 	DATA 	Sampled Response: 2, Outcome Shown: +30
252.6149 	DATA 	Keypress: 1
252.6318 	EXP 	unnamed TextStim: text = '+22'
253.1320 	DATA 	Sampled Response: 1, Outcome Shown: +22
253.5318 	DATA 	** broke sampling loop (<.5s left in trial) **
253.5326 	DATA 	samplingCount: 19
253.5326 	DATA 	Think Onset
253.5484 	EXP 	unnamed Rect: lineColor = 'white (named)'
253.5484 	EXP 	unnamed Rect: lineColor = 'white (named)'
253.6656 	DATA 	Keypress: 2
256.5647 	DATA 	Decide Onset
257.1871 	DATA 	Keypress: 1
257.1872 	DATA 	Decision Button Press: ['1']
257.1873 	DATA 	Decision Response: 1
257.1910 	EXP 	unnamed Rect: lineColor = 'red (named)'
257.6992 	DATA 	ITI Onset
257.7026 	EXP 	unnamed Rect: lineColor = 'white (named)'
257.7026 	EXP 	unnamed Rect: lineColor = 'white (named)'
257.7026 	EXP 	unnamed TextStim: text = '+22'
257.7026 	EXP 	unnamed TextStim: text = '+30'
260.5976 	DATA 	Trial End Time - totalITI: 2.88958235232
260.5978 	EXP 	New trial (rep=0, index=11): {'P1_1': '0.7', 'P1_2': '1', 'SafeOption': '2', 'P2_2': '0', 'O2_2': '0', 'O2_1': '0', 'ProbNumber': 'SD5', 'O1_2': '-8', 'O1_1': '-10', 'EV2': '-8', 'EV1': '-7', 'ProbType': 'SD', 'P2_1': '0.3'}
260.5979 	DATA 	Trial Onset - ProblemType: SD, ProblemNumber: SD5, leftRight: 1, samplingDur: 15, assignedITI: 1.2245
260.5979 	DATA 	Sampling Onset
263.5970 	DATA 	Keypress: 1
263.6134 	EXP 	unnamed TextStim: text = '-8'
264.1136 	DATA 	Sampled Response: 2, Outcome Shown: -10
264.6805 	DATA 	Keypress: 2
264.6967 	EXP 	unnamed TextStim: text = '0'
265.1975 	DATA 	Sampled Response: 1, Outcome Shown: -8
265.7137 	DATA 	Keypress: 1
265.7302 	EXP 	unnamed TextStim: text = '-8'
266.2313 	DATA 	Sampled Response: 2, Outcome Shown: -10
266.7137 	DATA 	Keypress: 2
266.7298 	EXP 	unnamed TextStim: text = '-10'
267.2300 	DATA 	Sampled Response: 1, Outcome Shown: -8
267.9135 	DATA 	Keypress: 1
267.9300 	EXP 	unnamed TextStim: text = '-8'
268.4307 	DATA 	Sampled Response: 2, Outcome Shown: -10
269.0800 	DATA 	Keypress: 2
269.0962 	EXP 	unnamed TextStim: text = '-10'
269.5963 	DATA 	Sampled Response: 1, Outcome Shown: -8
270.1133 	DATA 	Keypress: 1
270.1296 	EXP 	unnamed TextStim: text = '-8'
270.6303 	DATA 	Sampled Response: 2, Outcome Shown: -10
271.1640 	DATA 	Keypress: 2
271.1956 	EXP 	unnamed TextStim: text = '-10'
271.6953 	DATA 	Sampled Response: 1, Outcome Shown: -8
272.3125 	DATA 	Keypress: 2
272.3289 	EXP 	unnamed TextStim: text = '0'
272.8299 	DATA 	Sampled Response: 1, Outcome Shown: -8
273.7622 	DATA 	Keypress: 1
273.7787 	EXP 	unnamed TextStim: text = '-8'
274.2788 	DATA 	Sampled Response: 2, Outcome Shown: -10
275.1120 	DATA 	** broke sampling loop (<.5s left in trial) **
275.1126 	DATA 	samplingCount: 10
275.1126 	DATA 	Think Onset
275.1285 	EXP 	unnamed Rect: lineColor = 'white (named)'
275.1285 	EXP 	unnamed Rect: lineColor = 'white (named)'
277.1959 	DATA 	Keypress: 2
278.1449 	DATA 	Decide Onset
279.1632 	DATA 	Keypress: 1
279.1633 	DATA 	Decision Button Press: ['1']
279.1633 	DATA 	Decision Response: 2
279.1666 	EXP 	unnamed Rect: lineColor = 'red (named)'
279.6733 	DATA 	ITI Onset
279.6765 	EXP 	unnamed Rect: lineColor = 'white (named)'
279.6765 	EXP 	unnamed Rect: lineColor = 'white (named)'
279.6765 	EXP 	unnamed TextStim: text = '-8'
279.6765 	EXP 	unnamed TextStim: text = '0'
282.0781 	DATA 	Trial End Time - totalITI: 2.39197350623
282.0783 	EXP 	New trial (rep=0, index=12): {'P1_1': '0.9', 'P1_2': '1', 'SafeOption': '2', 'P2_2': '0', 'O2_2': '0', 'O2_1': '-10', 'ProbNumber': 'MD8', 'O1_2': '3', 'O1_1': '5', 'EV2': '3', 'EV1': '3.5', 'ProbType': 'MD', 'P2_1': '0.1'}
282.0784 	DATA 	Trial Onset - ProblemType: MD, ProblemNumber: MD8, leftRight: 1, samplingDur: 19, assignedITI: 1.0098
282.0784 	DATA 	Sampling Onset
284.1782 	DATA 	Keypress: 2
284.1945 	EXP 	unnamed TextStim: text = '+5'
284.6948 	DATA 	Sampled Response: 1, Outcome Shown: +3
285.1615 	DATA 	Keypress: 1
285.1776 	EXP 	unnamed TextStim: text = '+3'
285.6780 	DATA 	Sampled Response: 2, Outcome Shown: +5
288.3111 	DATA 	Keypress: 2
288.3278 	EXP 	unnamed TextStim: text = '+5'
288.8280 	DATA 	Sampled Response: 1, Outcome Shown: +3
290.7610 	DATA 	Keypress: 1
290.7773 	EXP 	unnamed TextStim: text = '+3'
291.2768 	DATA 	Sampled Response: 2, Outcome Shown: +5
291.4776 	DATA 	Keypress: 2
291.4940 	EXP 	unnamed TextStim: text = '+5'
291.9941 	DATA 	Sampled Response: 1, Outcome Shown: +3
292.4115 	DATA 	Keypress: 2
292.4437 	EXP 	unnamed TextStim: text = '+5'
292.9439 	DATA 	Sampled Response: 1, Outcome Shown: +3
292.9441 	DATA 	Keypress: 1
293.1271 	DATA 	Keypress: 1
293.1434 	EXP 	unnamed TextStim: text = '+3'
293.6439 	DATA 	Sampled Response: 2, Outcome Shown: -10
294.1104 	DATA 	Keypress: 2
294.1267 	EXP 	unnamed TextStim: text = '+5'
294.6275 	DATA 	Sampled Response: 1, Outcome Shown: +3
294.9438 	DATA 	Keypress: 1
294.9602 	EXP 	unnamed TextStim: text = '+3'
295.4607 	DATA 	Sampled Response: 2, Outcome Shown: +5
296.1768 	DATA 	Keypress: 1
296.1931 	EXP 	unnamed TextStim: text = '+3'
296.6939 	DATA 	Sampled Response: 2, Outcome Shown: -10
297.3101 	DATA 	Keypress: 1
297.3264 	EXP 	unnamed TextStim: text = '+3'
297.8273 	DATA 	Sampled Response: 2, Outcome Shown: +5
298.5764 	DATA 	Keypress: 2
298.5928 	EXP 	unnamed TextStim: text = '+5'
299.0932 	DATA 	Sampled Response: 1, Outcome Shown: +3
299.5598 	DATA 	Keypress: 1
299.5762 	EXP 	unnamed TextStim: text = '+3'
300.0763 	DATA 	Sampled Response: 2, Outcome Shown: +5
300.5928 	DATA 	** broke sampling loop (<.5s left in trial) **
300.5935 	DATA 	samplingCount: 13
300.5935 	DATA 	Think Onset
300.6094 	EXP 	unnamed Rect: lineColor = 'white (named)'
300.6094 	EXP 	unnamed Rect: lineColor = 'white (named)'
300.9436 	DATA 	Keypress: 1
303.6259 	DATA 	Decide Onset
304.6352 	DATA 	Keypress: 1
304.6353 	DATA 	Decision Button Press: ['1']
304.6354 	DATA 	Decision Response: 2
304.6389 	EXP 	unnamed Rect: lineColor = 'red (named)'
305.1457 	DATA 	ITI Onset
305.1489 	EXP 	unnamed Rect: lineColor = 'white (named)'
305.1489 	EXP 	unnamed Rect: lineColor = 'white (named)'
305.1489 	EXP 	unnamed TextStim: text = '+3'
305.1489 	EXP 	unnamed TextStim: text = '+5'
307.3424 	DATA 	Trial End Time - totalITI: 2.18593671597
307.3426 	EXP 	New trial (rep=0, index=13): {'P1_1': '0.5', 'P1_2': '0.4', 'SafeOption': '1', 'P2_2': '0.6', 'O2_2': '50', 'O2_1': '30', 'ProbNumber': 'RR8', 'O1_2': '-15', 'O1_1': '14', 'EV2': '24', 'EV1': '22', 'ProbType': 'RR', 'P2_1': '0.5'}
307.3427 	DATA 	Trial Onset - ProblemType: RR, ProblemNumber: RR8, leftRight: 0, samplingDur: 15, assignedITI: 5.0846
307.3427 	DATA 	Sampling Onset
307.9088 	DATA 	Keypress: 1
307.9249 	EXP 	unnamed TextStim: text = '+14'
308.4250 	DATA 	Sampled Response: 1, Outcome Shown: +14
309.0594 	DATA 	Keypress: 1
309.0915 	EXP 	unnamed TextStim: text = '+14'
309.5916 	DATA 	Sampled Response: 1, Outcome Shown: +14
309.5919 	DATA 	Keypress: 2
310.2418 	DATA 	Keypress: 2
310.2581 	EXP 	unnamed TextStim: text = '+50'
310.7584 	DATA 	Sampled Response: 2, Outcome Shown: +50
311.3917 	DATA 	Keypress: 2
311.4081 	EXP 	unnamed TextStim: text = '+50'
311.9084 	DATA 	Sampled Response: 2, Outcome Shown: +50
312.5083 	DATA 	Keypress: 1
312.5246 	EXP 	unnamed TextStim: text = '+14'
313.0247 	DATA 	Sampled Response: 1, Outcome Shown: +14
313.6913 	DATA 	Keypress: 2
313.7077 	EXP 	unnamed TextStim: text = '+50'
314.2079 	DATA 	Sampled Response: 2, Outcome Shown: +50
315.8411 	DATA 	Keypress: 1
315.8576 	EXP 	unnamed TextStim: text = '+30'
316.3578 	DATA 	Sampled Response: 1, Outcome Shown: +30
317.9909 	DATA 	Keypress: 2
318.0072 	EXP 	unnamed TextStim: text = '+50'
318.5084 	DATA 	Sampled Response: 2, Outcome Shown: +50
319.2240 	DATA 	Keypress: 1
319.2402 	EXP 	unnamed TextStim: text = '+14'
319.7409 	DATA 	Sampled Response: 1, Outcome Shown: +14
321.8569 	DATA 	** broke sampling loop (<.5s left in trial) **
321.8576 	DATA 	samplingCount: 9
321.8576 	DATA 	Think Onset
321.8736 	EXP 	unnamed Rect: lineColor = 'white (named)'
321.8736 	EXP 	unnamed Rect: lineColor = 'white (named)'
324.8899 	DATA 	Decide Onset
325.3071 	DATA 	Keypress: 1
325.3072 	DATA 	Decision Button Press: ['1']
325.3073 	DATA 	Decision Response: 1
325.3106 	EXP 	unnamed Rect: lineColor = 'red (named)'
325.8194 	DATA 	ITI Onset
325.8227 	EXP 	unnamed Rect: lineColor = 'white (named)'
325.8227 	EXP 	unnamed Rect: lineColor = 'white (named)'
325.8227 	EXP 	unnamed TextStim: text = '+14'
325.8227 	EXP 	unnamed TextStim: text = '+50'
332.6729 	DATA 	Trial End Time - totalITI: 6.85297494206
332.6731 	EXP 	New trial (rep=0, index=14): {'P1_1': '0.5', 'P1_2': '0.3', 'SafeOption': '1', 'P2_2': '0.7', 'O2_2': '35', 'O2_1': '30', 'ProbNumber': 'RR5', 'O1_2': '-10', 'O1_1': '10', 'EV2': '21.5', 'EV1': '20', 'ProbType': 'RR', 'P2_1': '0.5'}
332.6732 	DATA 	Trial Onset - ProblemType: RR, ProblemNumber: RR5, leftRight: 1, samplingDur: 19, assignedITI: 3.6695
332.6732 	DATA 	Sampling Onset
333.5895 	DATA 	Keypress: 1
333.6052 	EXP 	unnamed TextStim: text = '+35'
334.1055 	DATA 	Sampled Response: 2, Outcome Shown: +30
334.5232 	DATA 	Keypress: 2
334.5556 	EXP 	unnamed TextStim: text = '+10'
335.0551 	DATA 	Sampled Response: 1, Outcome Shown: -10
335.9220 	DATA 	Keypress: 1
335.9385 	EXP 	unnamed TextStim: text = '+35'
336.4392 	DATA 	Sampled Response: 2, Outcome Shown: +30
338.1053 	DATA 	Keypress: 2
338.1214 	EXP 	unnamed TextStim: text = '+30'
338.6223 	DATA 	Sampled Response: 1, Outcome Shown: +35
344.7212 	DATA 	Keypress: 1
344.7377 	EXP 	unnamed TextStim: text = '+35'
345.2383 	DATA 	Sampled Response: 2, Outcome Shown: +30
345.7881 	DATA 	Keypress: 2
345.8043 	EXP 	unnamed TextStim: text = '+30'
346.3055 	DATA 	Sampled Response: 1, Outcome Shown: +35
349.2704 	DATA 	Keypress: 1
349.2872 	EXP 	unnamed TextStim: text = '+35'
349.7867 	DATA 	Sampled Response: 2, Outcome Shown: +10
351.1871 	DATA 	** broke sampling loop (<.5s left in trial) **
351.1878 	DATA 	samplingCount: 7
351.1878 	DATA 	Think Onset
351.2035 	EXP 	unnamed Rect: lineColor = 'white (named)'
351.2035 	EXP 	unnamed Rect: lineColor = 'white (named)'
354.2198 	DATA 	Decide Onset
356.2275 	DATA 	ITI Onset
356.2309 	EXP 	unnamed Rect: lineColor = 'white (named)'
356.2309 	EXP 	unnamed Rect: lineColor = 'white (named)'
356.2309 	EXP 	unnamed TextStim: text = '+35'
356.2309 	EXP 	unnamed TextStim: text = '+30'
360.3865 	DATA 	Trial End Time - totalITI: 4.15550327515
360.3867 	EXP 	New trial (rep=0, index=15): {'P1_1': '0.6', 'P1_2': '0.5', 'SafeOption': '1', 'P2_2': '0.5', 'O2_2': '50', 'O2_1': '25', 'ProbNumber': 'RR6', 'O1_2': '-15', 'O1_1': '12', 'EV2': '17.5', 'EV1': '17.2', 'ProbType': 'RR', 'P2_1': '0.4'}
360.3868 	DATA 	Trial Onset - ProblemType: RR, ProblemNumber: RR6, leftRight: 0, samplingDur: 18, assignedITI: 1.4411
360.3869 	DATA 	Sampling Onset
362.3028 	DATA 	Keypress: 1
362.3186 	EXP 	unnamed TextStim: text = '+12'
362.8197 	DATA 	Sampled Response: 1, Outcome Shown: +12
363.4034 	DATA 	Keypress: 2
363.4351 	EXP 	unnamed TextStim: text = '+50'
363.9359 	DATA 	Sampled Response: 2, Outcome Shown: +50
364.5190 	DATA 	Keypress: 1
364.5353 	EXP 	unnamed TextStim: text = '+12'
365.0347 	DATA 	Sampled Response: 1, Outcome Shown: +12
365.5688 	DATA 	Keypress: 1
365.5853 	EXP 	unnamed TextStim: text = '+25'
366.0855 	DATA 	Sampled Response: 1, Outcome Shown: +25
366.6358 	DATA 	Keypress: 2
366.6513 	EXP 	unnamed TextStim: text = '-15'
367.1518 	DATA 	Sampled Response: 2, Outcome Shown: -15
367.5853 	DATA 	Keypress: 1
367.6014 	EXP 	unnamed TextStim: text = '+12'
368.1011 	DATA 	Sampled Response: 1, Outcome Shown: +12
368.6520 	DATA 	Keypress: 1
368.6678 	EXP 	unnamed TextStim: text = '+12'
369.1685 	DATA 	Sampled Response: 1, Outcome Shown: +12
369.6518 	DATA 	Keypress: 2
369.6679 	EXP 	unnamed TextStim: text = '-15'
370.1686 	DATA 	Sampled Response: 2, Outcome Shown: -15
370.6845 	DATA 	Keypress: 1
370.7012 	EXP 	unnamed TextStim: text = '+12'
371.2014 	DATA 	Sampled Response: 1, Outcome Shown: +12
371.5680 	DATA 	Keypress: 1
371.5848 	EXP 	unnamed TextStim: text = '+12'
372.0853 	DATA 	Sampled Response: 1, Outcome Shown: +12
372.6677 	DATA 	Keypress: 2
372.6845 	EXP 	unnamed TextStim: text = '-15'
373.1847 	DATA 	Sampled Response: 2, Outcome Shown: -15
373.6012 	DATA 	Keypress: 1
373.6172 	EXP 	unnamed TextStim: text = '+12'
374.1167 	DATA 	Sampled Response: 1, Outcome Shown: +12
374.4679 	DATA 	Keypress: 2
374.4844 	EXP 	unnamed TextStim: text = '+50'
374.9848 	DATA 	Sampled Response: 2, Outcome Shown: +50
375.4346 	DATA 	Keypress: 1
375.4509 	EXP 	unnamed TextStim: text = '+25'
375.9508 	DATA 	Sampled Response: 1, Outcome Shown: +25
376.6516 	DATA 	Keypress: 2
376.6841 	EXP 	unnamed TextStim: text = '-15'
377.1843 	DATA 	Sampled Response: 2, Outcome Shown: -15
377.5673 	DATA 	Keypress: 1
377.5840 	EXP 	unnamed TextStim: text = '+25'
378.0844 	DATA 	Sampled Response: 1, Outcome Shown: +25
378.0846 	DATA 	** broke sampling loop (<.5s left in trial) **
378.0853 	DATA 	samplingCount: 16
378.0853 	DATA 	Think Onset
378.0888 	EXP 	unnamed Rect: lineColor = 'white (named)'
378.0888 	EXP 	unnamed Rect: lineColor = 'white (named)'
380.9344 	DATA 	Keypress: 1
381.1167 	DATA 	Decide Onset
382.2271 	DATA 	Keypress: 2
382.2272 	DATA 	Decision Button Press: ['2']
382.2272 	DATA 	Decision Response: 2
382.2305 	EXP 	unnamed Rect: lineColor = 'red (named)'
382.7386 	DATA 	ITI Onset
382.7418 	EXP 	unnamed Rect: lineColor = 'white (named)'
382.7418 	EXP 	unnamed Rect: lineColor = 'white (named)'
382.7418 	EXP 	unnamed TextStim: text = '+25'
382.7418 	EXP 	unnamed TextStim: text = '-15'
385.0837 	DATA 	Trial End Time - totalITI: 2.33279013016
385.0839 	EXP 	New trial (rep=0, index=16): {'P1_1': '0.1', 'P1_2': '1', 'SafeOption': '2', 'P2_2': '0', 'O2_2': '0', 'O2_1': '0', 'ProbNumber': 'SD1', 'O1_2': '-3', 'O1_1': '-32', 'EV2': '-3', 'EV1': '-3.2', 'ProbType': 'SD', 'P2_1': '0.9'}
385.0840 	DATA 	Trial Onset - ProblemType: SD, ProblemNumber: SD1, leftRight: 1, samplingDur: 17, assignedITI: 1.3975
385.0840 	DATA 	Sampling Onset
385.5666 	DATA 	Keypress: 1
385.5829 	EXP 	unnamed TextStim: text = '-3'
386.0830 	DATA 	Sampled Response: 2, Outcome Shown: 0
386.9330 	DATA 	Keypress: 2
386.9495 	EXP 	unnamed TextStim: text = '0'
387.4495 	DATA 	Sampled Response: 1, Outcome Shown: -3
388.6827 	DATA 	Keypress: 1
388.6989 	EXP 	unnamed TextStim: text = '-3'
389.1986 	DATA 	Sampled Response: 2, Outcome Shown: 0
390.4998 	DATA 	Keypress: 2
390.5322 	EXP 	unnamed TextStim: text = '0'
391.0322 	DATA 	Sampled Response: 1, Outcome Shown: -3
391.8988 	DATA 	Keypress: 1
391.9152 	EXP 	unnamed TextStim: text = '-3'
392.4158 	DATA 	Sampled Response: 2, Outcome Shown: 0
392.9826 	DATA 	Keypress: 2
392.9984 	EXP 	unnamed TextStim: text = '0'
393.4987 	DATA 	Sampled Response: 1, Outcome Shown: -3
397.1984 	DATA 	Keypress: 1
397.2149 	EXP 	unnamed TextStim: text = '-3'
397.7151 	DATA 	Sampled Response: 2, Outcome Shown: 0
398.0317 	DATA 	Keypress: 2
398.0483 	EXP 	unnamed TextStim: text = '0'
398.5475 	DATA 	Sampled Response: 1, Outcome Shown: -3
398.8480 	DATA 	Keypress: 1
398.8646 	EXP 	unnamed TextStim: text = '-3'
399.3648 	DATA 	Sampled Response: 2, Outcome Shown: 0
399.6978 	DATA 	Keypress: 2
399.7146 	EXP 	unnamed TextStim: text = '0'
400.2139 	DATA 	Sampled Response: 1, Outcome Shown: -3
400.5813 	DATA 	Keypress: 1
400.5976 	EXP 	unnamed TextStim: text = '-3'
401.0982 	DATA 	Sampled Response: 2, Outcome Shown: 0
401.4312 	DATA 	Keypress: 1
401.4475 	EXP 	unnamed TextStim: text = '-3'
401.9484 	DATA 	Sampled Response: 2, Outcome Shown: 0
401.9487 	DATA 	** broke sampling loop (<.5s left in trial) **
401.9495 	DATA 	samplingCount: 12
401.9495 	DATA 	Think Onset
401.9529 	EXP 	unnamed Rect: lineColor = 'white (named)'
401.9529 	EXP 	unnamed Rect: lineColor = 'white (named)'
402.4816 	DATA 	Keypress: 1
404.9807 	DATA 	Decide Onset
405.5630 	DATA 	Keypress: 2
405.5630 	DATA 	Decision Button Press: ['2']
405.5631 	DATA 	Decision Response: 1
405.5668 	EXP 	unnamed Rect: lineColor = 'red (named)'
406.0738 	DATA 	ITI Onset
406.0770 	EXP 	unnamed Rect: lineColor = 'white (named)'
406.0770 	EXP 	unnamed Rect: lineColor = 'white (named)'
406.0770 	EXP 	unnamed TextStim: text = '-3'
406.0770 	EXP 	unnamed TextStim: text = '0'
408.7307 	DATA 	Trial End Time - totalITI: 2.65026632542
408.7309 	EXP 	New trial (rep=0, index=17): {'P1_1': '0.1', 'P1_2': '1', 'SafeOption': '2', 'P2_2': '0', 'O2_2': '0', 'O2_1': '-5', 'ProbNumber': 'MD5', 'O1_2': '-4', 'O1_1': '25', 'EV2': '-4', 'EV1': '-2', 'ProbType': 'MD', 'P2_1': '0.9'}
408.7310 	DATA 	Trial Onset - ProblemType: MD, ProblemNumber: MD5, leftRight: 0, samplingDur: 18, assignedITI: 1.1749
408.7310 	DATA 	Sampling Onset
409.5304 	DATA 	Keypress: 1
409.5466 	EXP 	unnamed TextStim: text = '-5'
410.0475 	DATA 	Sampled Response: 1, Outcome Shown: -5
410.7477 	DATA 	Keypress: 2
410.7796 	EXP 	unnamed TextStim: text = '-4'
411.2798 	DATA 	Sampled Response: 2, Outcome Shown: -4
411.9465 	DATA 	Keypress: 1
411.9630 	EXP 	unnamed TextStim: text = '-5'
412.4630 	DATA 	Sampled Response: 1, Outcome Shown: -5
413.2463 	DATA 	Keypress: 2
413.2628 	EXP 	unnamed TextStim: text = '-4'
413.7624 	DATA 	Sampled Response: 2, Outcome Shown: -4
414.5800 	DATA 	Keypress: 1
414.5960 	EXP 	unnamed TextStim: text = '-5'
415.0955 	DATA 	Sampled Response: 1, Outcome Shown: -5
415.7298 	DATA 	Keypress: 2
415.7461 	EXP 	unnamed TextStim: text = '-4'
416.2457 	DATA 	Sampled Response: 2, Outcome Shown: -4
422.7286 	DATA 	Keypress: 1
422.7451 	EXP 	unnamed TextStim: text = '-5'
423.2453 	DATA 	Sampled Response: 1, Outcome Shown: -5
423.4284 	DATA 	Keypress: 2
423.4449 	EXP 	unnamed TextStim: text = '-4'
423.9445 	DATA 	Sampled Response: 2, Outcome Shown: -4
424.4285 	DATA 	Keypress: 1
424.4451 	EXP 	unnamed TextStim: text = '+25'
424.9445 	DATA 	Sampled Response: 1, Outcome Shown: +25
425.1784 	DATA 	Keypress: 2
425.1951 	EXP 	unnamed TextStim: text = '-4'
425.6960 	DATA 	Sampled Response: 2, Outcome Shown: -4
425.8118 	DATA 	Keypress: 1
425.8278 	EXP 	unnamed TextStim: text = '-5'
426.3289 	DATA 	Sampled Response: 1, Outcome Shown: -5
426.3291 	DATA 	** broke sampling loop (<.5s left in trial) **
426.3298 	DATA 	samplingCount: 11
426.3298 	DATA 	Think Onset
426.3333 	EXP 	unnamed Rect: lineColor = 'white (named)'
426.3333 	EXP 	unnamed Rect: lineColor = 'white (named)'
429.3611 	DATA 	Decide Onset
431.3685 	DATA 	ITI Onset
431.3717 	EXP 	unnamed Rect: lineColor = 'white (named)'
431.3717 	EXP 	unnamed Rect: lineColor = 'white (named)'
431.3717 	EXP 	unnamed TextStim: text = '-5'
431.3717 	EXP 	unnamed TextStim: text = '-4'
432.9611 	DATA 	Trial End Time - totalITI: 1.57665824193
433.0807 	INFO 	saved wide-format data to logs/DE247/DE247_ebdm_run_2.csv
433.0808 	DATA 	*****END RUN 2*****
433.1098 	EXP 	window1: mouseVisible = True
