8.5345 	INFO 	Loaded monitor calibration from ['2018_11_08 16:38']
8.5365 	WARNING 	User requested fullscreen with size [800 600], but screen is actually [1920, 1080]. Using actual size
9.3198 	EXP 	Created window1 = Window(allowGUI=False, allowStencil=False, args=UNKNOWN, autoLog=True, bitsMode=UNKNOWN, blendMode='avg', color='black', colorSpace='named', fullscr=UNKNOWN, gamma=None, kwargs=UNKNOWN, lms=UNKNOWN, monitor=<psychopy.monitors.calibTools.Monitor object at 0x1D70A0F0>, multiSample=False, name='window1', numSamples=2, pos=[0, 0], screen=0, size=array([1920, 1080]), stereo=False, units='deg', useFBO=False, useRetina=False, viewOri=0.0, viewPos=None, viewScale=None, waitBlanking=True, winType='pyglet')
9.3697 	EXP 	Created unnamed TextStim = TextStim(alignHoriz='center', alignVert='center', antialias=True, autoLog=True, bold=False, color=array([ 1.,  1.,  1.]), colorSpace='rgb', contrast=1.0, depth=0, flipHoriz=False, flipVert=False, font='', fontFiles=[], height=2, italic=False, name='unnamed TextStim', opacity=1.0, ori=0.0, pos=array([ 0.,  0.]), rgb=array([ 1.,  1.,  1.]), text='+', units='deg', win=Window(...), wrapWidth=15.0)
9.4094 	EXP 	Created unnamed TextStim = TextStim(alignHoriz='center', alignVert='center', antialias=True, autoLog=True, bold=False, color=array([ 1.,  1.,  1.]), colorSpace='rgb', contrast=1.0, depth=0, flipHoriz=False, flipVert=False, font='', fontFiles=[], height=1.5, italic=False, name='unnamed TextStim', opacity=1.0, ori=0.0, pos=array([ 0.,  0.]), rgb=array([ 1.,  1.,  1.]), text=newstr(...), units='deg', win=Window(...), wrapWidth=15.0)
9.4262 	EXP 	Created unnamed TextStim = TextStim(alignHoriz='center', alignVert='center', antialias=True, autoLog=True, bold=False, color=array([ 1.,  1.,  1.]), colorSpace='rgb', contrast=1.0, depth=0, flipHoriz=False, flipVert=False, font='', fontFiles=[], height=1.5, italic=False, name='unnamed TextStim', opacity=1.0, ori=0.0, pos=array([ 0.,  0.]), rgb=array([ 1.,  1.,  1.]), text='Waiting for scanner...', units='deg', win=Window(...), wrapWidth=15.0)
9.4468 	EXP 	Created unnamed TextStim = TextStim(alignHoriz='center', alignVert='center', antialias=True, autoLog=True, bold=False, color='white', colorSpace='named', contrast=1.0, depth=0, flipHoriz=False, flipVert=False, font='', fontFiles=[], height=1, italic=False, name='unnamed TextStim', opacity=1.0, ori=0.0, pos=array([ 0.,  0.]), rgb=array([ 255.,  255.,  255.]), text='Press SPACE to continue.', units='deg', win=Window(...), wrapWidth=15.0)
9.4575 	EXP 	Created unnamed TextStim = TextStim(alignHoriz='center', alignVert='center', antialias=True, autoLog=True, bold=False, color=array([ 1.,  1.,  1.]), colorSpace='rgb', contrast=1.0, depth=0, flipHoriz=False, flipVert=False, font='', fontFiles=[], height=0.1, italic=False, name='unnamed TextStim', opacity=1.0, ori=0.0, pos=array([ 0.,  0.]), rgb=array([ 1.,  1.,  1.]), text='THINK', units='norm', win=Window(...), wrapWidth=1)
9.4644 	EXP 	Created unnamed TextStim = TextStim(alignHoriz='center', alignVert='center', antialias=True, autoLog=True, bold=False, color=array([ 1.,  1.,  1.]), colorSpace='rgb', contrast=1.0, depth=0, flipHoriz=False, flipVert=False, font='', fontFiles=[], height=0.1, italic=False, name='unnamed TextStim', opacity=1.0, ori=0.0, pos=array([ 0.,  0.]), rgb=array([ 1.,  1.,  1.]), text='DECIDE', units='norm', win=Window(...), wrapWidth=1)
9.4700 	EXP 	<method-wrapper '__getattribute__' of attributeSetter object at 0x056EC250>: vertices = array([[-0.275     ,  0.48888889],
       [ 0.275     ,  0.48888889],
       [ 0.275     , -0.48888889],
       [-0.275     , -0.48888889]])
9.4707 	EXP 	Created unnamed Rect = Rect(autoDraw=False, autoLog=True, closeShape=True, contrast=1.0, depth=0, fillColor=None, fillColorSpace='rgb', fillRGB=None, interpolate=True, lineColor='white', lineColorSpace='named', lineRGB=array([ 255.,  255.,  255.]), lineWidth=3.5, name='unnamed Rect', opacity=1.0, ori=array(0.0), pos=array([-0.5125    , -0.09444444]), size=array([ 1.,  1.]), units='norm', vertices=ndarray(...), win=Window(...))
9.4709 	EXP 	<method-wrapper '__getattribute__' of attributeSetter object at 0x056EC250>: vertices = array([[-0.275     ,  0.48888889],
       [ 0.275     ,  0.48888889],
       [ 0.275     , -0.48888889],
       [-0.275     , -0.48888889]])
9.4716 	EXP 	Created unnamed Rect = Rect(autoDraw=False, autoLog=True, closeShape=True, contrast=1.0, depth=0, fillColor=None, fillColorSpace='rgb', fillRGB=None, interpolate=True, lineColor='white', lineColorSpace='named', lineRGB=array([ 255.,  255.,  255.]), lineWidth=3.5, name='unnamed Rect', opacity=1.0, ori=array(0.0), pos=array([ 0.4875    , -0.09444444]), size=array([ 1.,  1.]), units='norm', vertices=ndarray(...), win=Window(...))
9.4940 	EXP 	Created unnamed TextStim = TextStim(alignHoriz='center', alignVert='center', antialias=True, autoLog=True, bold=False, color=array([ 1.,  1.,  1.]), colorSpace='rgb', contrast=1.0, depth=0, flipHoriz=False, flipVert=False, font='', fontFiles=[], height=0.2, italic=False, name='unnamed TextStim', opacity=1.0, ori=0.0, pos=array([-0.5125    , -0.09444444]), rgb=array([ 1.,  1.,  1.]), text='Hello World', units='norm', win=Window(...), wrapWidth=1)
9.5021 	EXP 	Created unnamed TextStim = TextStim(alignHoriz='center', alignVert='center', antialias=True, autoLog=True, bold=False, color=array([ 1.,  1.,  1.]), colorSpace='rgb', contrast=1.0, depth=0, flipHoriz=False, flipVert=False, font='', fontFiles=[], height=0.2, italic=False, name='unnamed TextStim', opacity=1.0, ori=0.0, pos=array([ 0.4875    , -0.09444444]), rgb=array([ 1.,  1.,  1.]), text='Hello World', units='norm', win=Window(...), wrapWidth=1)
9.5187 	EXP 	Created unnamed TextStim = TextStim(alignHoriz='center', alignVert='center', antialias=True, autoLog=True, bold=False, color=array([ 1.,  1.,  1.]), colorSpace='rgb', contrast=1.0, depth=0, flipHoriz=False, flipVert=False, font='', fontFiles=[], height=0.1, italic=False, name='unnamed TextStim', opacity=1.0, ori=0.0, pos=array([-0.5125    , -0.82777778]), rgb=array([ 1.,  1.,  1.]), text='Press 1', units='norm', win=Window(...), wrapWidth=1)
9.5262 	EXP 	Created unnamed TextStim = TextStim(alignHoriz='center', alignVert='center', antialias=True, autoLog=True, bold=False, color=array([ 1.,  1.,  1.]), colorSpace='rgb', contrast=1.0, depth=0, flipHoriz=False, flipVert=False, font='', fontFiles=[], height=0.1, italic=False, name='unnamed TextStim', opacity=1.0, ori=0.0, pos=array([ 0.4875    , -0.82777778]), rgb=array([ 1.,  1.,  1.]), text='Press 2', units='norm', win=Window(...), wrapWidth=1)
9.5557 	EXP 	Created unnamed ImageStim = ImageStim(autoLog=True, color=array([ 1.,  1.,  1.]), colorSpace='rgb', contrast=1.0, depth=0, flipHoriz=False, flipVert=False, image=str(...), interpolate=False, mask=None, maskParams=None, name='unnamed ImageStim', opacity=1.0, ori=0.0, pos=array([ 0.,  0.]), size=array([ 1.35416667,  1.3537037 ]), texRes=128, units='norm', win=Window(...))
9.5835 	EXP 	Created unnamed ImageStim = ImageStim(autoLog=True, color=array([ 1.,  1.,  1.]), colorSpace='rgb', contrast=1.0, depth=0, flipHoriz=False, flipVert=False, image=str(...), interpolate=False, mask=None, maskParams=None, name='unnamed ImageStim', opacity=1.0, ori=0.0, pos=array([ 0.,  0.]), size=array([ 1.35416667,  1.3537037 ]), texRes=128, units='norm', win=Window(...))
9.6098 	EXP 	Created unnamed ImageStim = ImageStim(autoLog=True, color=array([ 1.,  1.,  1.]), colorSpace='rgb', contrast=1.0, depth=0, flipHoriz=False, flipVert=False, image=str(...), interpolate=False, mask=None, maskParams=None, name='unnamed ImageStim', opacity=1.0, ori=0.0, pos=array([ 0.,  0.]), size=array([ 1.35416667,  1.3537037 ]), texRes=128, units='norm', win=Window(...))
9.6367 	EXP 	Created unnamed ImageStim = ImageStim(autoLog=True, color=array([ 1.,  1.,  1.]), colorSpace='rgb', contrast=1.0, depth=0, flipHoriz=False, flipVert=False, image=str(...), interpolate=False, mask=None, maskParams=None, name='unnamed ImageStim', opacity=1.0, ori=0.0, pos=array([ 0.,  0.]), size=array([ 1.35416667,  1.3537037 ]), texRes=128, units='norm', win=Window(...))
9.6375 	EXP 	Created sequence: sequential, trialTypes=18, nReps=1, seed=None
9.7729 	DEBUG 	Using C:\Users\tug39124\Documents\DEGAP_Liz\Part 2\SamplingMachine_bPilotv2.py as origin file
9.7735 	EXP 	Created sequence: sequential, trialTypes=18, nReps=1, seed=None
9.7740 	DEBUG 	Using C:\Users\tug39124\Documents\DEGAP_Liz\Part 2\SamplingMachine_bPilotv2.py as origin file
0.0056 	DATA 	** START RUN 2 **
1.5599 	DATA 	Keypress: space
2.9038 	DATA 	Keypress: space
4.6478 	DATA 	Keypress: space
5.4238 	DATA 	Keypress: space
5.4241 	EXP 	New trial (rep=0, index=0): {'P1_1': '0.8', 'P1_2': '1', 'SafeOption': '2', 'P2_2': '0', 'O2_2': '0', 'O2_1': '0', 'ProbNumber': 'SD9', 'O1_2': '13', 'O1_1': '16', 'EV2': '13', 'EV1': '12.8', 'ProbType': 'SD', 'P2_1': '0.2'}
5.4242 	DATA 	Trial Onset - ProblemType: SD, ProblemNumber: SD9, leftRight: 0, samplingDur: 15, assignedITI: 1.5734
5.4242 	DATA 	Sampling Onset
6.6280 	DATA 	Keypress: 1
6.6371 	DATA 	Keypress: 2
6.6443 	EXP 	unnamed TextStim: text = '+16'
7.1426 	DATA 	Sampled Response: 1, Outcome Shown: +16
7.1430 	DATA 	Keypress: 1
8.1949 	DATA 	Keypress: space
8.2945 	DATA 	Keypress: space
8.6777 	DATA 	Keypress: 1
8.6943 	EXP 	unnamed TextStim: text = '+16'
9.2046 	DATA 	Sampled Response: 1, Outcome Shown: +16
9.2048 	DATA 	Keypress: grave
9.2051 	DATA 	Keypress: grave
9.2053 	DATA 	Keypress: grave
9.2055 	DATA 	Keypress: grave
9.2097 	DATA 	Keypress: grave
9.3945 	DATA 	Keypress: grave
9.5443 	DATA 	Keypress: grave
9.6608 	DATA 	Keypress: grave
9.7944 	DATA 	Keypress: grave
9.9119 	DATA 	Keypress: grave
10.0443 	DATA 	Keypress: grave
10.2111 	DATA 	Keypress: grave
10.3942 	DATA 	Keypress: grave
10.5776 	DATA 	Keypress: grave
10.7284 	DATA 	Keypress: 1
10.7605 	EXP 	unnamed TextStim: text = '+16'
11.2666 	DATA 	Sampled Response: 1, Outcome Shown: +16
11.2669 	DATA 	Keypress: 1
11.4111 	DATA 	Keypress: 1
11.4271 	EXP 	unnamed TextStim: text = '+16'
11.9383 	DATA 	Sampled Response: 1, Outcome Shown: +16
11.9386 	DATA 	Keypress: 1
12.8937 	DATA 	Keypress: 2
12.9102 	EXP 	unnamed TextStim: text = '+13'
13.4223 	DATA 	Sampled Response: 2, Outcome Shown: +13
13.4226 	DATA 	Keypress: 2
13.4438 	DATA 	Keypress: 2
13.4602 	EXP 	unnamed TextStim: text = '+13'
13.9691 	DATA 	Sampled Response: 2, Outcome Shown: +13
13.9694 	DATA 	Keypress: 2
14.3271 	DATA 	Keypress: 2
14.3435 	EXP 	unnamed TextStim: text = '+13'
14.8439 	DATA 	Sampled Response: 2, Outcome Shown: +13
16.1102 	DATA 	Keypress: 2
16.1265 	EXP 	unnamed TextStim: text = '+13'
16.6247 	DATA 	Sampled Response: 2, Outcome Shown: +13
16.6250 	DATA 	Keypress: 2
17.1771 	DATA 	Keypress: 2
17.1933 	EXP 	unnamed TextStim: text = '+13'
17.7024 	DATA 	Sampled Response: 2, Outcome Shown: +13
17.7026 	DATA 	Keypress: 2
19.9264 	DATA 	** broke sampling loop (<.5s left in trial) **
19.9273 	DATA 	samplingCount: 9
19.9273 	DATA 	Think Onset
19.9429 	EXP 	unnamed Rect: lineColor = 'white (named)'
19.9429 	EXP 	unnamed Rect: lineColor = 'white (named)'
22.9592 	DATA 	Decide Onset
24.0318 	DATA 	Keypress: 2
24.0319 	DATA 	Decision Button Press: ['2']
24.0319 	DATA 	Decision Response: 2
24.0353 	EXP 	unnamed Rect: lineColor = 'red (named)'
24.5524 	DATA 	ITI Onset
24.5534 	DATA 	Keypress: 2
24.5536 	DATA 	Keypress: 2
24.5566 	EXP 	unnamed Rect: lineColor = 'white (named)'
24.5566 	EXP 	unnamed Rect: lineColor = 'white (named)'
24.5566 	EXP 	unnamed TextStim: text = '+16'
24.5566 	EXP 	unnamed TextStim: text = '+13'
27.2594 	DATA 	Trial End Time - totalITI: 2.69850345764
27.2596 	EXP 	New trial (rep=0, index=1): {'P1_1': '0.9', 'P1_2': '0.7', 'SafeOption': '1', 'P2_2': '0.3', 'O2_2': '25', 'O2_1': '15', 'ProbNumber': 'RR10', 'O1_2': '-3', 'O1_1': '5', 'EV2': '5.4', 'EV1': '6', 'ProbType': 'RR', 'P2_1': '0.1'}
27.2597 	DATA 	Trial Onset - ProblemType: RR, ProblemNumber: RR10, leftRight: 0, samplingDur: 16, assignedITI: 2.3911
27.2597 	DATA 	Sampling Onset
28.7254 	DATA 	Keypress: 1
28.7418 	EXP 	unnamed TextStim: text = '+5'
29.2470 	DATA 	Sampled Response: 1, Outcome Shown: +5
29.2473 	DATA 	Keypress: 1
29.2475 	DATA 	Keypress: 1
29.4424 	DATA 	Keypress: 1
29.4583 	EXP 	unnamed TextStim: text = '+5'
29.9656 	DATA 	Sampled Response: 1, Outcome Shown: +5
29.9659 	DATA 	Keypress: 1
30.0251 	DATA 	Keypress: 1
30.0416 	EXP 	unnamed TextStim: text = '+5'
30.5436 	DATA 	Sampled Response: 1, Outcome Shown: +5
30.5439 	DATA 	Keypress: 1
30.6588 	DATA 	Keypress: 1
30.6750 	EXP 	unnamed TextStim: text = '+5'
31.1841 	DATA 	Sampled Response: 1, Outcome Shown: +5
31.1844 	DATA 	Keypress: 2
31.1845 	DATA 	Keypress: 3
31.3584 	DATA 	Keypress: 2
31.3749 	EXP 	unnamed TextStim: text = '-3'
31.8868 	DATA 	Sampled Response: 2, Outcome Shown: -3
31.8871 	DATA 	Keypress: 2
31.8874 	DATA 	Keypress: 2
31.9750 	DATA 	Keypress: 2
31.9914 	EXP 	unnamed TextStim: text = '-3'
32.4963 	DATA 	Sampled Response: 2, Outcome Shown: -3
32.4965 	DATA 	Keypress: 2
32.4968 	DATA 	Keypress: 2
32.7583 	DATA 	Keypress: 2
32.7747 	EXP 	unnamed TextStim: text = '-3'
33.2771 	DATA 	Sampled Response: 2, Outcome Shown: -3
33.2774 	DATA 	Keypress: 2
33.2776 	DATA 	Keypress: 2
33.5913 	DATA 	Keypress: 2
33.6078 	EXP 	unnamed TextStim: text = '-3'
34.1140 	DATA 	Sampled Response: 2, Outcome Shown: -3
35.6413 	DATA 	Keypress: 2
35.6576 	EXP 	unnamed TextStim: text = '+25'
36.1604 	DATA 	Sampled Response: 2, Outcome Shown: +25
36.1607 	DATA 	Keypress: 2
37.3911 	DATA 	Keypress: 2
37.4075 	EXP 	unnamed TextStim: text = '+25'
37.9100 	DATA 	Sampled Response: 2, Outcome Shown: +25
37.9103 	DATA 	Keypress: 2
38.0078 	DATA 	Keypress: 2
38.0240 	EXP 	unnamed TextStim: text = '-3'
38.5349 	DATA 	Sampled Response: 2, Outcome Shown: -3
38.5352 	DATA 	Keypress: 2
38.6742 	DATA 	Keypress: 2
38.6903 	EXP 	unnamed TextStim: text = '-3'
39.1910 	DATA 	Sampled Response: 2, Outcome Shown: -3
39.1913 	DATA 	Keypress: 2
39.5578 	DATA 	Keypress: 2
39.5736 	EXP 	unnamed TextStim: text = '+25'
40.0814 	DATA 	Sampled Response: 2, Outcome Shown: +25
40.4073 	DATA 	Keypress: 2
40.4238 	EXP 	unnamed TextStim: text = '-3'
40.9249 	DATA 	Sampled Response: 2, Outcome Shown: -3
40.9252 	DATA 	Keypress: 2
42.7738 	DATA 	** broke sampling loop (<.5s left in trial) **
42.7745 	DATA 	samplingCount: 14
42.7745 	DATA 	Think Onset
42.7902 	EXP 	unnamed Rect: lineColor = 'white (named)'
42.7902 	EXP 	unnamed Rect: lineColor = 'white (named)'
45.8066 	DATA 	Decide Onset
46.3277 	DATA 	Keypress: 2
46.3278 	DATA 	Decision Button Press: ['2']
46.3279 	DATA 	Decision Response: 2
46.3313 	EXP 	unnamed Rect: lineColor = 'red (named)'
46.8360 	DATA 	ITI Onset
46.8393 	EXP 	unnamed Rect: lineColor = 'white (named)'
46.8393 	EXP 	unnamed Rect: lineColor = 'white (named)'
46.8393 	EXP 	unnamed TextStim: text = '+5'
46.8393 	EXP 	unnamed TextStim: text = '-3'
50.9065 	DATA 	Trial End Time - totalITI: 4.05569085308
50.9067 	EXP 	New trial (rep=0, index=2): {'P1_1': '0.7', 'P1_2': '0.1', 'SafeOption': '1', 'P2_2': '0.9', 'O2_2': '30', 'O2_1': '38', 'ProbNumber': 'RR11', 'O1_2': '-10', 'O1_1': '22', 'EV2': '26', 'EV1': '26.8', 'ProbType': 'RR', 'P2_1': '0.3'}
50.9068 	DATA 	Trial Onset - ProblemType: RR, ProblemNumber: RR11, leftRight: 1, samplingDur: 18, assignedITI: 2.5575
50.9068 	DATA 	Sampling Onset
51.6227 	DATA 	Keypress: 2
51.6391 	EXP 	unnamed TextStim: text = '+22'
52.1409 	DATA 	Sampled Response: 1, Outcome Shown: +30
52.1412 	DATA 	Keypress: 2
52.5062 	DATA 	Keypress: 2
52.5225 	EXP 	unnamed TextStim: text = '+22'
53.0314 	DATA 	Sampled Response: 1, Outcome Shown: +30
53.0317 	DATA 	Keypress: 2
53.0319 	DATA 	Keypress: 2
53.2393 	DATA 	Keypress: 2
53.2557 	EXP 	unnamed TextStim: text = '+38'
53.7656 	DATA 	Sampled Response: 1, Outcome Shown: +30
53.7659 	DATA 	Keypress: 2
53.7662 	DATA 	Keypress: 2
53.7663 	DATA 	Keypress: 2
53.9059 	DATA 	Keypress: 2
53.9222 	EXP 	unnamed TextStim: text = '+22'
54.4199 	DATA 	Sampled Response: 1, Outcome Shown: +30
54.4202 	DATA 	Keypress: 2
54.4557 	DATA 	Keypress: 2
54.4722 	EXP 	unnamed TextStim: text = '+22'
54.9825 	DATA 	Sampled Response: 1, Outcome Shown: +30
54.9828 	DATA 	Keypress: 1
54.9830 	DATA 	Keypress: 1
55.0890 	DATA 	Keypress: 1
55.1054 	EXP 	unnamed TextStim: text = '-10'
55.6073 	DATA 	Sampled Response: 2, Outcome Shown: +22
55.6076 	DATA 	Keypress: 1
55.6078 	DATA 	Keypress: 1
55.6555 	DATA 	Keypress: 1
55.6719 	EXP 	unnamed TextStim: text = '-10'
56.1697 	DATA 	Sampled Response: 2, Outcome Shown: +22
56.1700 	DATA 	Keypress: 1
56.3389 	DATA 	Keypress: 1
56.3552 	EXP 	unnamed TextStim: text = '+30'
56.8570 	DATA 	Sampled Response: 2, Outcome Shown: +22
56.8572 	DATA 	Keypress: 1
56.8575 	DATA 	Keypress: 1
57.0387 	DATA 	Keypress: 1
57.0552 	EXP 	unnamed TextStim: text = '+30'
57.5600 	DATA 	Sampled Response: 2, Outcome Shown: +38
57.5603 	DATA 	Keypress: 1
57.5605 	DATA 	Keypress: 1
57.6553 	DATA 	Keypress: 1
57.6716 	EXP 	unnamed TextStim: text = '+30'
58.1692 	DATA 	Sampled Response: 2, Outcome Shown: +22
58.1695 	DATA 	Keypress: 1
58.1697 	DATA 	Keypress: 1
58.2883 	DATA 	Keypress: 1
58.3049 	EXP 	unnamed TextStim: text = '+30'
58.8094 	DATA 	Sampled Response: 2, Outcome Shown: +22
58.8097 	DATA 	Keypress: 1
58.8100 	DATA 	Keypress: 1
58.8886 	DATA 	Keypress: 1
58.9048 	EXP 	unnamed TextStim: text = '+30'
59.4033 	DATA 	Sampled Response: 2, Outcome Shown: +22
59.4036 	DATA 	Keypress: 2
59.5217 	DATA 	Keypress: 2
59.5383 	EXP 	unnamed TextStim: text = '+22'
60.0438 	DATA 	Sampled Response: 1, Outcome Shown: -10
60.0441 	DATA 	Keypress: 2
60.0443 	DATA 	Keypress: 2
60.1885 	DATA 	Keypress: 2
60.2049 	EXP 	unnamed TextStim: text = '+22'
60.7155 	DATA 	Sampled Response: 1, Outcome Shown: +30
60.7158 	DATA 	Keypress: 2
60.7160 	DATA 	Keypress: 2
60.7883 	DATA 	Keypress: 2
60.8047 	EXP 	unnamed TextStim: text = '+22'
61.3091 	DATA 	Sampled Response: 1, Outcome Shown: +30
61.3094 	DATA 	Keypress: 1
61.3135 	DATA 	Keypress: 2
61.3351 	EXP 	unnamed TextStim: text = '+38'
61.8402 	DATA 	Sampled Response: 1, Outcome Shown: +30
61.8405 	DATA 	Keypress: 1
61.8407 	DATA 	Keypress: 2
61.8409 	DATA 	Keypress: 1
62.1049 	DATA 	Keypress: 2
62.1211 	EXP 	unnamed TextStim: text = '+38'
62.6213 	DATA 	Sampled Response: 1, Outcome Shown: +30
62.6216 	DATA 	Keypress: 1
62.8048 	DATA 	Keypress: 2
62.8211 	EXP 	unnamed TextStim: text = '+22'
63.3242 	DATA 	Sampled Response: 1, Outcome Shown: +30
63.3245 	DATA 	Keypress: 2
63.4881 	DATA 	Keypress: 1
63.5042 	EXP 	unnamed TextStim: text = '-10'
64.0048 	DATA 	Sampled Response: 2, Outcome Shown: +38
64.0051 	DATA 	Keypress: 1
64.4710 	DATA 	Keypress: 1
64.4875 	EXP 	unnamed TextStim: text = '+30'
64.9890 	DATA 	Sampled Response: 2, Outcome Shown: +22
64.9893 	DATA 	Keypress: 1
65.4712 	DATA 	Keypress: 1
65.4875 	EXP 	unnamed TextStim: text = '+30'
65.9885 	DATA 	Sampled Response: 2, Outcome Shown: +38
65.9888 	DATA 	Keypress: 1
66.3546 	DATA 	Keypress: 1
66.3708 	EXP 	unnamed TextStim: text = '+30'
66.8791 	DATA 	Sampled Response: 2, Outcome Shown: +22
67.2543 	DATA 	Keypress: 1
67.2707 	EXP 	unnamed TextStim: text = '+30'
67.7695 	DATA 	Sampled Response: 2, Outcome Shown: +22
68.0876 	DATA 	Keypress: 1
68.1039 	EXP 	unnamed TextStim: text = '-10'
68.6131 	DATA 	Sampled Response: 2, Outcome Shown: +22
68.6133 	DATA 	** broke sampling loop (<.5s left in trial) **
68.6140 	DATA 	samplingCount: 24
68.6140 	DATA 	Think Onset
68.6174 	EXP 	unnamed Rect: lineColor = 'white (named)'
68.6174 	EXP 	unnamed Rect: lineColor = 'white (named)'
68.8878 	DATA 	Keypress: 2
71.6369 	DATA 	Decide Onset
72.5117 	DATA 	Keypress: 2
72.5118 	DATA 	Decision Button Press: ['2']
72.5119 	DATA 	Decision Response: 1
72.5153 	EXP 	unnamed Rect: lineColor = 'red (named)'
73.0263 	DATA 	ITI Onset
73.0295 	EXP 	unnamed Rect: lineColor = 'white (named)'
73.0295 	EXP 	unnamed Rect: lineColor = 'white (named)'
73.0295 	EXP 	unnamed TextStim: text = '-10'
73.0295 	EXP 	unnamed TextStim: text = '+22'
75.1365 	DATA 	Keypress: 2
76.7035 	DATA 	Trial End Time - totalITI: 3.67585873201
76.7037 	EXP 	New trial (rep=0, index=3): {'P1_1': '0.3', 'P1_2': '0.5', 'SafeOption': '1', 'P2_2': '0.5', 'O2_2': '30', 'O2_1': '15', 'ProbNumber': 'RR4', 'O1_2': '-8', 'O1_1': '5', 'EV2': '11', 'EV1': '12', 'ProbType': 'RR', 'P2_1': '0.7'}
76.7038 	DATA 	Trial Onset - ProblemType: RR, ProblemNumber: RR4, leftRight: 1, samplingDur: 15, assignedITI: 1.0113
76.7038 	DATA 	Sampling Onset
77.2200 	DATA 	Keypress: 1
77.2362 	EXP 	unnamed TextStim: text = '-8'
77.7358 	DATA 	Sampled Response: 2, Outcome Shown: +5
77.7361 	DATA 	Keypress: 2
77.9030 	DATA 	Keypress: 1
77.9194 	EXP 	unnamed TextStim: text = '-8'
78.4233 	DATA 	Sampled Response: 2, Outcome Shown: +15
78.4236 	DATA 	Keypress: 1
78.7363 	DATA 	Keypress: 1
78.7525 	EXP 	unnamed TextStim: text = '+30'
79.2512 	DATA 	Sampled Response: 2, Outcome Shown: +15
79.4031 	DATA 	Keypress: 1
79.4191 	EXP 	unnamed TextStim: text = '-8'
79.9229 	DATA 	Sampled Response: 2, Outcome Shown: +15
79.9232 	DATA 	Keypress: 1
80.1863 	DATA 	Keypress: 1
80.2025 	EXP 	unnamed TextStim: text = '-8'
80.7040 	DATA 	Sampled Response: 2, Outcome Shown: +15
80.7043 	DATA 	Keypress: 1
80.8527 	DATA 	Keypress: 1
80.8690 	EXP 	unnamed TextStim: text = '+30'
81.3757 	DATA 	Sampled Response: 2, Outcome Shown: +5
81.3760 	DATA 	Keypress: 1
81.6025 	DATA 	Keypress: 1
81.6189 	EXP 	unnamed TextStim: text = '+30'
82.1255 	DATA 	Sampled Response: 2, Outcome Shown: +15
82.1258 	DATA 	Keypress: 1
82.3523 	DATA 	Keypress: 1
82.3688 	EXP 	unnamed TextStim: text = '+30'
82.8754 	DATA 	Sampled Response: 2, Outcome Shown: +5
82.8756 	DATA 	Keypress: 1
83.2524 	DATA 	Keypress: 2
83.2688 	EXP 	unnamed TextStim: text = '+15'
83.7811 	DATA 	Sampled Response: 1, Outcome Shown: -8
83.8357 	DATA 	Keypress: 2
83.8519 	EXP 	unnamed TextStim: text = '+15'
84.3594 	DATA 	Sampled Response: 1, Outcome Shown: +30
84.4356 	DATA 	Keypress: 2
84.4520 	EXP 	unnamed TextStim: text = '+15'
84.9530 	DATA 	Sampled Response: 1, Outcome Shown: +30
84.9533 	DATA 	Keypress: 2
85.3198 	DATA 	Keypress: 2
85.3518 	EXP 	unnamed TextStim: text = '+15'
85.8588 	DATA 	Sampled Response: 1, Outcome Shown: -8
85.8591 	DATA 	Keypress: 2
86.4020 	DATA 	Keypress: 2
86.4184 	EXP 	unnamed TextStim: text = '+15'
86.9213 	DATA 	Sampled Response: 1, Outcome Shown: +30
86.9216 	DATA 	Keypress: 2
87.1520 	DATA 	Keypress: 2
87.1683 	EXP 	unnamed TextStim: text = '+5'
87.6709 	DATA 	Sampled Response: 1, Outcome Shown: +30
87.6712 	DATA 	Keypress: 2
87.7522 	DATA 	Keypress: 2
87.7683 	EXP 	unnamed TextStim: text = '+15'
88.2803 	DATA 	Sampled Response: 1, Outcome Shown: +30
88.2806 	DATA 	Keypress: 2
88.5852 	DATA 	Keypress: 2
88.6014 	EXP 	unnamed TextStim: text = '+15'
89.1083 	DATA 	Sampled Response: 1, Outcome Shown: -8
89.1085 	DATA 	Keypress: 2
89.5018 	DATA 	Keypress: 2
89.5182 	EXP 	unnamed TextStim: text = '+5'
90.0299 	DATA 	Sampled Response: 1, Outcome Shown: -8
90.0302 	DATA 	Keypress: 2
90.3683 	DATA 	Keypress: 2
90.3845 	EXP 	unnamed TextStim: text = '+15'
90.8891 	DATA 	Sampled Response: 1, Outcome Shown: +30
90.8894 	DATA 	Keypress: 2
91.1850 	DATA 	Keypress: 2
91.2012 	EXP 	unnamed TextStim: text = '+15'
91.7014 	DATA 	Sampled Response: 1, Outcome Shown: +30
91.7017 	DATA 	Keypress: 2
91.7018 	DATA 	** broke sampling loop (<.5s left in trial) **
91.7024 	DATA 	samplingCount: 19
91.7024 	DATA 	Think Onset
91.7057 	EXP 	unnamed Rect: lineColor = 'white (named)'
91.7057 	EXP 	unnamed Rect: lineColor = 'white (named)'
94.7342 	DATA 	Decide Onset
96.2318 	DATA 	Keypress: 2
96.2319 	DATA 	Decision Button Press: ['2']
96.2320 	DATA 	Decision Response: 1
96.2354 	EXP 	unnamed Rect: lineColor = 'red (named)'
96.7475 	DATA 	ITI Onset
96.7507 	EXP 	unnamed Rect: lineColor = 'white (named)'
96.7507 	EXP 	unnamed Rect: lineColor = 'white (named)'
96.7507 	EXP 	unnamed TextStim: text = '+30'
96.7507 	EXP 	unnamed TextStim: text = '+15'
97.9675 	DATA 	Trial End Time - totalITI: 1.21540619006
97.9677 	EXP 	New trial (rep=0, index=4): {'P1_1': '0.9', 'P1_2': '1', 'SafeOption': '2', 'P2_2': '0', 'O2_2': '0', 'O2_1': '-8', 'ProbNumber': 'MD7', 'O1_2': '4', 'O1_1': '6', 'EV2': '4', 'EV1': '4.6', 'ProbType': 'MD', 'P2_1': '0.1'}
97.9678 	DATA 	Trial Onset - ProblemType: MD, ProblemNumber: MD7, leftRight: 0, samplingDur: 16, assignedITI: 4.6191
97.9678 	DATA 	Sampling Onset
98.5681 	DATA 	Keypress: 1
98.6004 	EXP 	unnamed TextStim: text = '+6'
99.0985 	DATA 	Sampled Response: 1, Outcome Shown: +6
99.1172 	DATA 	Keypress: 1
99.1336 	EXP 	unnamed TextStim: text = '+6'
99.6452 	DATA 	Sampled Response: 1, Outcome Shown: +6
99.6458 	DATA 	Keypress: 1
99.7838 	DATA 	Keypress: 1
99.8003 	EXP 	unnamed TextStim: text = '-8'
100.3013 	DATA 	Sampled Response: 1, Outcome Shown: -8
100.3017 	DATA 	Keypress: 1
100.5337 	DATA 	Keypress: 1
100.5500 	EXP 	unnamed TextStim: text = '+6'
101.0511 	DATA 	Sampled Response: 1, Outcome Shown: +6
101.0516 	DATA 	Keypress: 1
101.5336 	DATA 	Keypress: 1
101.5499 	EXP 	unnamed TextStim: text = '+6'
102.0509 	DATA 	Sampled Response: 1, Outcome Shown: +6
102.0834 	DATA 	Keypress: 1
102.0997 	EXP 	unnamed TextStim: text = '+6'
102.5976 	DATA 	Sampled Response: 1, Outcome Shown: +6
102.5980 	DATA 	Keypress: 1
103.2168 	DATA 	Keypress: 1
103.2331 	EXP 	unnamed TextStim: text = '+6'
103.7380 	DATA 	Sampled Response: 1, Outcome Shown: +6
104.1332 	DATA 	Keypress: 2
104.1497 	EXP 	unnamed TextStim: text = '+4'
104.6597 	DATA 	Sampled Response: 2, Outcome Shown: +4
104.7164 	DATA 	Keypress: 2
104.7329 	EXP 	unnamed TextStim: text = '+4'
105.2377 	DATA 	Sampled Response: 2, Outcome Shown: +4
105.2379 	DATA 	Keypress: 2
105.4833 	DATA 	Keypress: 2
105.4995 	EXP 	unnamed TextStim: text = '+4'
106.0028 	DATA 	Sampled Response: 2, Outcome Shown: +4
106.0031 	DATA 	Keypress: 2
106.5330 	DATA 	Keypress: 2
106.5494 	EXP 	unnamed TextStim: text = '+4'
107.0497 	DATA 	Sampled Response: 2, Outcome Shown: +4
107.0500 	DATA 	Keypress: 2
107.2665 	DATA 	Keypress: 2
107.2829 	EXP 	unnamed TextStim: text = '+4'
107.7839 	DATA 	Sampled Response: 2, Outcome Shown: +4
107.7842 	DATA 	Keypress: 2
107.8330 	DATA 	Keypress: 2
107.8493 	EXP 	unnamed TextStim: text = '+4'
108.3617 	DATA 	Sampled Response: 2, Outcome Shown: +4
108.3620 	DATA 	Keypress: 2
108.4661 	DATA 	Keypress: 2
108.4825 	EXP 	unnamed TextStim: text = '+4'
108.9868 	DATA 	Sampled Response: 2, Outcome Shown: +4
108.9871 	DATA 	Keypress: 2
109.5327 	DATA 	Keypress: 2
109.5491 	EXP 	unnamed TextStim: text = '+4'
110.0487 	DATA 	Sampled Response: 2, Outcome Shown: +4
110.0491 	DATA 	Keypress: 2
110.3992 	DATA 	Keypress: 2
110.4157 	EXP 	unnamed TextStim: text = '+4'
110.9238 	DATA 	Sampled Response: 2, Outcome Shown: +4
110.9242 	DATA 	Keypress: 2
111.2660 	DATA 	Keypress: 2
111.2822 	EXP 	unnamed TextStim: text = '+4'
111.7830 	DATA 	Sampled Response: 2, Outcome Shown: +4
111.9488 	DATA 	Keypress: 2
111.9654 	EXP 	unnamed TextStim: text = '+4'
112.4703 	DATA 	Sampled Response: 2, Outcome Shown: +4
112.4706 	DATA 	Keypress: 2
112.7489 	DATA 	Keypress: 2
112.7653 	EXP 	unnamed TextStim: text = '+4'
113.2670 	DATA 	Sampled Response: 2, Outcome Shown: +4
113.2673 	DATA 	Keypress: 2
113.4821 	DATA 	** broke sampling loop (<.5s left in trial) **
113.4827 	DATA 	samplingCount: 19
113.4828 	DATA 	Think Onset
113.4987 	EXP 	unnamed Rect: lineColor = 'white (named)'
113.4987 	EXP 	unnamed Rect: lineColor = 'white (named)'
113.6660 	DATA 	Keypress: 2
116.5150 	DATA 	Decide Onset
117.1358 	DATA 	Keypress: 2
117.1359 	DATA 	Decision Button Press: ['2']
117.1359 	DATA 	Decision Response: 2
117.1393 	EXP 	unnamed Rect: lineColor = 'red (named)'
117.6480 	DATA 	ITI Onset
117.6513 	EXP 	unnamed Rect: lineColor = 'white (named)'
117.6513 	EXP 	unnamed Rect: lineColor = 'white (named)'
117.6513 	EXP 	unnamed TextStim: text = '+6'
117.6513 	EXP 	unnamed TextStim: text = '+4'
123.8479 	DATA 	Trial End Time - totalITI: 6.18379846405
123.8481 	EXP 	New trial (rep=0, index=5): {'P1_1': '0.5', 'P1_2': '0.4', 'SafeOption': '1', 'P2_2': '0.6', 'O2_2': '50', 'O2_1': '30', 'ProbNumber': 'RR8', 'O1_2': '-15', 'O1_1': '14', 'EV2': '24', 'EV1': '22', 'ProbType': 'RR', 'P2_1': '0.5'}
123.8482 	DATA 	Trial Onset - ProblemType: RR, ProblemNumber: RR8, leftRight: 0, samplingDur: 18, assignedITI: 1.2297
123.8482 	DATA 	Sampling Onset
124.4644 	DATA 	Keypress: 2
124.4808 	EXP 	unnamed TextStim: text = '-15'
124.9912 	DATA 	Sampled Response: 2, Outcome Shown: -15
124.9915 	DATA 	Keypress: 2
125.1640 	DATA 	Keypress: 2
125.1805 	EXP 	unnamed TextStim: text = '+50'
125.6785 	DATA 	Sampled Response: 2, Outcome Shown: +50
125.6788 	DATA 	Keypress: 2
125.8973 	DATA 	Keypress: 2
125.9138 	EXP 	unnamed TextStim: text = '+50'
126.4191 	DATA 	Sampled Response: 2, Outcome Shown: +50
126.4194 	DATA 	Keypress: 2
126.6807 	DATA 	Keypress: 2
126.6971 	EXP 	unnamed TextStim: text = '+50'
127.1999 	DATA 	Sampled Response: 2, Outcome Shown: +50
127.2002 	DATA 	Keypress: 2
127.4801 	DATA 	Keypress: 2
127.4966 	EXP 	unnamed TextStim: text = '-15'
127.9965 	DATA 	Sampled Response: 2, Outcome Shown: -15
127.9969 	DATA 	Keypress: 2
128.2969 	DATA 	Keypress: 2
128.3132 	EXP 	unnamed TextStim: text = '+50'
128.8245 	DATA 	Sampled Response: 2, Outcome Shown: +50
128.9300 	DATA 	Keypress: 2
128.9463 	EXP 	unnamed TextStim: text = '+50'
129.4494 	DATA 	Sampled Response: 2, Outcome Shown: +50
129.4800 	DATA 	Keypress: 2
129.4963 	EXP 	unnamed TextStim: text = '+50'
129.9961 	DATA 	Sampled Response: 2, Outcome Shown: +50
129.9964 	DATA 	Keypress: 2
130.4298 	DATA 	Keypress: 2
130.4466 	EXP 	unnamed TextStim: text = '+50'
130.9492 	DATA 	Sampled Response: 2, Outcome Shown: +50
130.9495 	DATA 	Keypress: 2
131.1300 	DATA 	Keypress: 1
131.1462 	EXP 	unnamed TextStim: text = '+14'
131.6522 	DATA 	Sampled Response: 1, Outcome Shown: +14
131.6525 	DATA 	Keypress: 1
131.7801 	DATA 	Keypress: 1
131.7964 	EXP 	unnamed TextStim: text = '+30'
132.3083 	DATA 	Sampled Response: 1, Outcome Shown: +30
132.3087 	DATA 	Keypress: 1
132.5636 	DATA 	Keypress: 1
132.5797 	EXP 	unnamed TextStim: text = '+14'
133.0894 	DATA 	Sampled Response: 1, Outcome Shown: +14
133.0897 	DATA 	Keypress: 1
133.2799 	DATA 	Keypress: 1
133.2963 	EXP 	unnamed TextStim: text = '+30'
133.8080 	DATA 	Sampled Response: 1, Outcome Shown: +30
133.8084 	DATA 	Keypress: 1
134.1460 	DATA 	Keypress: 1
134.1629 	EXP 	unnamed TextStim: text = '+30'
134.6671 	DATA 	Sampled Response: 1, Outcome Shown: +30
134.6674 	DATA 	Keypress: 1
135.0966 	DATA 	Keypress: 1
135.1127 	EXP 	unnamed TextStim: text = '+30'
135.6200 	DATA 	Sampled Response: 1, Outcome Shown: +30
135.6203 	DATA 	Keypress: 1
135.7964 	DATA 	Keypress: 2
135.8128 	EXP 	unnamed TextStim: text = '+50'
136.3230 	DATA 	Sampled Response: 2, Outcome Shown: +50
136.3233 	DATA 	Keypress: 2
136.6627 	DATA 	Keypress: 2
136.6790 	EXP 	unnamed TextStim: text = '+50'
137.1822 	DATA 	Sampled Response: 2, Outcome Shown: +50
137.1825 	DATA 	Keypress: 1
137.3794 	DATA 	Keypress: 1
137.3958 	EXP 	unnamed TextStim: text = '+30'
137.9007 	DATA 	Sampled Response: 1, Outcome Shown: +30
137.9010 	DATA 	Keypress: 1
138.1961 	DATA 	Keypress: 2
138.2124 	EXP 	unnamed TextStim: text = '+50'
138.7130 	DATA 	Sampled Response: 2, Outcome Shown: +50
138.7133 	DATA 	Keypress: 2
138.9126 	DATA 	Keypress: 2
138.9290 	EXP 	unnamed TextStim: text = '+50'
139.4316 	DATA 	Sampled Response: 2, Outcome Shown: +50
139.4319 	DATA 	Keypress: 1
141.3621 	DATA 	** broke sampling loop (<.5s left in trial) **
141.3630 	DATA 	samplingCount: 20
141.3630 	DATA 	Think Onset
141.3787 	EXP 	unnamed Rect: lineColor = 'white (named)'
141.3787 	EXP 	unnamed Rect: lineColor = 'white (named)'
144.3951 	DATA 	Decide Onset
144.7677 	DATA 	Keypress: 1
144.7678 	DATA 	Decision Button Press: ['1']
144.7679 	DATA 	Decision Response: 1
144.7713 	EXP 	unnamed Rect: lineColor = 'red (named)'
145.2821 	DATA 	ITI Onset
145.2853 	EXP 	unnamed Rect: lineColor = 'white (named)'
145.2853 	EXP 	unnamed Rect: lineColor = 'white (named)'
145.2853 	EXP 	unnamed TextStim: text = '+30'
145.2853 	EXP 	unnamed TextStim: text = '+50'
147.1285 	DATA 	Keypress: 2
148.3284 	DATA 	Trial End Time - totalITI: 3.04282508583
148.3286 	EXP 	New trial (rep=0, index=6): {'P1_1': '0.8', 'P1_2': '1', 'SafeOption': '2', 'P2_2': '0', 'O2_2': '0', 'O2_1': '0', 'ProbNumber': 'SD7', 'O1_2': '3', 'O1_1': '4', 'EV2': '3', 'EV1': '3.2', 'ProbType': 'SD', 'P2_1': '0.2'}
148.3287 	DATA 	Trial Onset - ProblemType: SD, ProblemNumber: SD7, leftRight: 0, samplingDur: 17, assignedITI: 1.4411
148.3287 	DATA 	Sampling Onset
148.3614 	DATA 	Keypress: 2
148.3778 	EXP 	unnamed TextStim: text = '+3'
148.8825 	DATA 	Sampled Response: 2, Outcome Shown: +3
148.8828 	DATA 	Keypress: 2
149.0283 	DATA 	Keypress: 2
149.0446 	EXP 	unnamed TextStim: text = '+3'
149.5542 	DATA 	Sampled Response: 2, Outcome Shown: +3
149.5545 	DATA 	Keypress: 2
149.5547 	DATA 	Keypress: 2
149.5779 	DATA 	Keypress: 2
149.5943 	EXP 	unnamed TextStim: text = '+3'
150.1010 	DATA 	Sampled Response: 2, Outcome Shown: +3
150.1013 	DATA 	Keypress: 2
150.1015 	DATA 	Keypress: 2
150.1251 	DATA 	Keypress: 2
150.1442 	EXP 	unnamed TextStim: text = '+3'
150.6477 	DATA 	Sampled Response: 2, Outcome Shown: +3
150.6480 	DATA 	Keypress: 2
150.7121 	DATA 	Keypress: 2
150.7443 	EXP 	unnamed TextStim: text = '+3'
151.2567 	DATA 	Sampled Response: 2, Outcome Shown: +3
151.2570 	DATA 	Keypress: 2
151.2572 	DATA 	Keypress: 1
151.7278 	DATA 	Keypress: 1
151.7442 	EXP 	unnamed TextStim: text = '0'
152.2565 	DATA 	Sampled Response: 1, Outcome Shown: 0
152.2568 	DATA 	Keypress: 1
152.6278 	DATA 	Keypress: 1
152.6440 	EXP 	unnamed TextStim: text = '+4'
153.1471 	DATA 	Sampled Response: 1, Outcome Shown: +4
153.1475 	DATA 	Keypress: 1
153.6774 	DATA 	Keypress: 1
153.6939 	EXP 	unnamed TextStim: text = '+4'
154.1950 	DATA 	Sampled Response: 1, Outcome Shown: +4
154.2607 	DATA 	Keypress: 1
154.2772 	EXP 	unnamed TextStim: text = '+4'
154.7886 	DATA 	Sampled Response: 1, Outcome Shown: +4
154.9609 	DATA 	Keypress: 1
154.9771 	EXP 	unnamed TextStim: text = '+4'
155.4759 	DATA 	Sampled Response: 1, Outcome Shown: +4
155.6107 	DATA 	Keypress: 1
155.6270 	EXP 	unnamed TextStim: text = '+4'
156.1320 	DATA 	Sampled Response: 1, Outcome Shown: +4
157.6105 	DATA 	Keypress: 1
157.6268 	EXP 	unnamed TextStim: text = '+4'
158.1316 	DATA 	Sampled Response: 1, Outcome Shown: +4
158.1319 	DATA 	Keypress: 2
158.6437 	DATA 	Keypress: 2
158.6600 	EXP 	unnamed TextStim: text = '+3'
159.1626 	DATA 	Sampled Response: 2, Outcome Shown: +3
159.2769 	DATA 	Keypress: 2
159.2934 	EXP 	unnamed TextStim: text = '+3'
159.8030 	DATA 	Sampled Response: 2, Outcome Shown: +3
159.8033 	DATA 	Keypress: 2
160.3601 	DATA 	Keypress: 2
160.3764 	EXP 	unnamed TextStim: text = '+3'
160.8809 	DATA 	Sampled Response: 2, Outcome Shown: +3
161.0100 	DATA 	Keypress: 2
161.0265 	EXP 	unnamed TextStim: text = '+3'
161.5370 	DATA 	Sampled Response: 2, Outcome Shown: +3
161.5373 	DATA 	Keypress: 2
164.8427 	DATA 	** broke sampling loop (<.5s left in trial) **
164.8434 	DATA 	samplingCount: 16
164.8434 	DATA 	Think Onset
164.8593 	EXP 	unnamed Rect: lineColor = 'white (named)'
164.8593 	EXP 	unnamed Rect: lineColor = 'white (named)'
165.2270 	DATA 	Keypress: 1
167.8757 	DATA 	Decide Onset
168.4957 	DATA 	Keypress: 1
168.4958 	DATA 	Decision Button Press: ['1']
168.4959 	DATA 	Decision Response: 1
168.4993 	EXP 	unnamed Rect: lineColor = 'red (named)'
169.0110 	DATA 	ITI Onset
169.0142 	EXP 	unnamed Rect: lineColor = 'white (named)'
169.0142 	EXP 	unnamed Rect: lineColor = 'white (named)'
169.0142 	EXP 	unnamed TextStim: text = '+4'
169.0142 	EXP 	unnamed TextStim: text = '+3'
172.0257 	DATA 	Trial End Time - totalITI: 3.006830769
172.0259 	EXP 	New trial (rep=0, index=7): {'P1_1': '0.1', 'P1_2': '1', 'SafeOption': '2', 'P2_2': '0', 'O2_2': '0', 'O2_1': '-1', 'ProbNumber': 'MD10', 'O1_2': '2', 'O1_1': '42', 'EV2': '2', 'EV1': '3.3', 'ProbType': 'MD', 'P2_1': '0.9'}
172.0260 	DATA 	Trial Onset - ProblemType: MD, ProblemNumber: MD10, leftRight: 1, samplingDur: 17, assignedITI: 1.1477
172.0260 	DATA 	Sampling Onset
178.0082 	DATA 	Keypress: 1
178.0243 	EXP 	unnamed TextStim: text = '+2'
178.5330 	DATA 	Sampled Response: 2, Outcome Shown: -1
178.5333 	DATA 	Keypress: 1
178.7919 	DATA 	Keypress: 2
178.8244 	EXP 	unnamed TextStim: text = '-1'
179.3294 	DATA 	Sampled Response: 1, Outcome Shown: +2
179.3297 	DATA 	Keypress: 2
179.3576 	DATA 	Keypress: 1
179.3742 	EXP 	unnamed TextStim: text = '+2'
179.8764 	DATA 	Sampled Response: 2, Outcome Shown: -1
179.8767 	DATA 	Keypress: 2
180.0579 	DATA 	Keypress: 2
180.0742 	EXP 	unnamed TextStim: text = '-1'
180.5794 	DATA 	Sampled Response: 1, Outcome Shown: +2
180.5797 	DATA 	Keypress: 2
181.1911 	DATA 	Keypress: 2
181.2074 	EXP 	unnamed TextStim: text = '-1'
181.7195 	DATA 	Sampled Response: 1, Outcome Shown: +2
181.7198 	DATA 	Keypress: 2
188.5399 	DATA 	** broke sampling loop (<.5s left in trial) **
188.5405 	DATA 	samplingCount: 5
188.5405 	DATA 	Think Onset
188.5565 	EXP 	unnamed Rect: lineColor = 'white (named)'
188.5565 	EXP 	unnamed Rect: lineColor = 'white (named)'
190.6237 	DATA 	Keypress: 2
191.5730 	DATA 	Decide Onset
191.9116 	DATA 	Keypress: 2
191.9117 	DATA 	Decision Button Press: ['2']
191.9117 	DATA 	Decision Response: 1
191.9152 	EXP 	unnamed Rect: lineColor = 'red (named)'
192.4266 	DATA 	ITI Onset
192.4298 	EXP 	unnamed Rect: lineColor = 'white (named)'
192.4298 	EXP 	unnamed Rect: lineColor = 'white (named)'
192.4298 	EXP 	unnamed TextStim: text = '+2'
192.4298 	EXP 	unnamed TextStim: text = '-1'
195.4230 	DATA 	Trial End Time - totalITI: 2.99504447468
195.4232 	EXP 	New trial (rep=0, index=8): {'P1_1': '0.1', 'P1_2': '1', 'SafeOption': '2', 'P2_2': '0', 'O2_2': '0', 'O2_1': '-5', 'ProbNumber': 'MD5', 'O1_2': '-4', 'O1_1': '25', 'EV2': '-4', 'EV1': '-2', 'ProbType': 'MD', 'P2_1': '0.9'}
195.4233 	DATA 	Trial Onset - ProblemType: MD, ProblemNumber: MD5, leftRight: 0, samplingDur: 15, assignedITI: 1.2853
195.4233 	DATA 	Sampling Onset
196.1059 	DATA 	Keypress: 2
196.1223 	EXP 	unnamed TextStim: text = '-4'
196.6225 	DATA 	Sampled Response: 2, Outcome Shown: -4
196.6228 	DATA 	Keypress: 2
196.6558 	DATA 	Keypress: 2
196.6721 	EXP 	unnamed TextStim: text = '-4'
197.1846 	DATA 	Sampled Response: 2, Outcome Shown: -4
197.1849 	DATA 	Keypress: 2
197.1851 	DATA 	Keypress: 2
197.3226 	DATA 	Keypress: 2
197.3389 	EXP 	unnamed TextStim: text = '-4'
197.8409 	DATA 	Sampled Response: 2, Outcome Shown: -4
197.8412 	DATA 	Keypress: 2
197.8414 	DATA 	Keypress: 1
198.0056 	DATA 	Keypress: 1
198.0221 	EXP 	unnamed TextStim: text = '-5'
198.5283 	DATA 	Sampled Response: 1, Outcome Shown: -5
198.5286 	DATA 	Keypress: 1
198.5287 	DATA 	Keypress: 2
198.7223 	DATA 	Keypress: 2
198.7386 	EXP 	unnamed TextStim: text = '-4'
199.2469 	DATA 	Sampled Response: 2, Outcome Shown: -4
199.2472 	DATA 	Keypress: 1
199.2473 	DATA 	Keypress: 2
199.4559 	DATA 	Keypress: 1
199.4719 	EXP 	unnamed TextStim: text = '-5'
199.9811 	DATA 	Sampled Response: 1, Outcome Shown: -5
199.9814 	DATA 	Keypress: 2
199.9815 	DATA 	Keypress: 1
200.1557 	DATA 	Keypress: 2
200.1720 	EXP 	unnamed TextStim: text = '-4'
200.6839 	DATA 	Sampled Response: 2, Outcome Shown: -4
200.6842 	DATA 	Keypress: 1
200.6844 	DATA 	Keypress: 2
201.0553 	DATA 	Keypress: 1
201.0717 	EXP 	unnamed TextStim: text = '-5'
201.5744 	DATA 	Sampled Response: 1, Outcome Shown: -5
201.5747 	DATA 	Keypress: 2
201.7718 	DATA 	Keypress: 2
201.7883 	EXP 	unnamed TextStim: text = '-4'
202.2930 	DATA 	Sampled Response: 2, Outcome Shown: -4
202.6552 	DATA 	Keypress: 1
202.6716 	EXP 	unnamed TextStim: text = '-5'
203.1835 	DATA 	Sampled Response: 1, Outcome Shown: -5
203.1838 	DATA 	Keypress: 2
209.9376 	DATA 	** broke sampling loop (<.5s left in trial) **
209.9383 	DATA 	samplingCount: 10
209.9383 	DATA 	Think Onset
209.9541 	EXP 	unnamed Rect: lineColor = 'white (named)'
209.9541 	EXP 	unnamed Rect: lineColor = 'white (named)'
212.9703 	DATA 	Decide Onset
214.9776 	DATA 	ITI Onset
214.9807 	EXP 	unnamed Rect: lineColor = 'white (named)'
214.9807 	EXP 	unnamed Rect: lineColor = 'white (named)'
214.9807 	EXP 	unnamed TextStim: text = '-5'
214.9807 	EXP 	unnamed TextStim: text = '-4'
215.2540 	DATA 	Keypress: 2
216.7539 	DATA 	Trial End Time - totalITI: 1.77082393168
216.7541 	EXP 	New trial (rep=0, index=9): {'P1_1': '0.3', 'P1_2': '1', 'SafeOption': '2', 'P2_2': '0', 'O2_2': '0', 'O2_1': '-4', 'ProbNumber': 'MD11', 'O1_2': '5', 'O1_1': '27', 'EV2': '5', 'EV1': '5.3', 'ProbType': 'MD', 'P2_1': '0.7'}
216.7542 	DATA 	Trial Onset - ProblemType: MD, ProblemNumber: MD11, leftRight: 0, samplingDur: 17, assignedITI: 1.1749
216.7542 	DATA 	Sampling Onset
217.3037 	DATA 	Keypress: 1
217.3198 	EXP 	unnamed TextStim: text = '-4'
217.8305 	DATA 	Sampled Response: 1, Outcome Shown: -4
217.8533 	DATA 	Keypress: 1
217.8697 	EXP 	unnamed TextStim: text = '+27'
218.3773 	DATA 	Sampled Response: 1, Outcome Shown: +27
218.3776 	DATA 	Keypress: 1
218.5369 	DATA 	Keypress: 1
218.5533 	EXP 	unnamed TextStim: text = '-4'
219.0647 	DATA 	Sampled Response: 1, Outcome Shown: -4
219.1366 	DATA 	Keypress: 1
219.1529 	EXP 	unnamed TextStim: text = '-4'
219.6581 	DATA 	Sampled Response: 1, Outcome Shown: -4
219.7038 	DATA 	Keypress: 2
219.7361 	EXP 	unnamed TextStim: text = '+5'
220.2363 	DATA 	Sampled Response: 2, Outcome Shown: +5
225.8523 	DATA 	Keypress: 1
225.8688 	EXP 	unnamed TextStim: text = '-4'
226.3752 	DATA 	Sampled Response: 1, Outcome Shown: -4
226.5201 	DATA 	Keypress: 2
226.5522 	EXP 	unnamed TextStim: text = '+5'
227.0628 	DATA 	Sampled Response: 2, Outcome Shown: +5
227.1358 	DATA 	Keypress: 2
227.1521 	EXP 	unnamed TextStim: text = '+5'
227.6564 	DATA 	Sampled Response: 2, Outcome Shown: +5
227.6567 	DATA 	Keypress: 1
228.0524 	DATA 	Keypress: 2
228.0687 	EXP 	unnamed TextStim: text = '+5'
228.5781 	DATA 	Sampled Response: 2, Outcome Shown: +5
228.5783 	DATA 	Keypress: 1
233.2683 	DATA 	** broke sampling loop (<.5s left in trial) **
233.2689 	DATA 	samplingCount: 9
233.2689 	DATA 	Think Onset
233.2847 	EXP 	unnamed Rect: lineColor = 'white (named)'
233.2847 	EXP 	unnamed Rect: lineColor = 'white (named)'
236.3013 	DATA 	Decide Onset
237.8716 	DATA 	Keypress: 1
237.8717 	DATA 	Decision Button Press: ['1']
237.8717 	DATA 	Decision Response: 1
237.8751 	EXP 	unnamed Rect: lineColor = 'red (named)'
238.3801 	DATA 	ITI Onset
238.3833 	EXP 	unnamed Rect: lineColor = 'white (named)'
238.3833 	EXP 	unnamed Rect: lineColor = 'white (named)'
238.3833 	EXP 	unnamed TextStim: text = '-4'
238.3833 	EXP 	unnamed TextStim: text = '+5'
240.1845 	DATA 	Trial End Time - totalITI: 1.79036608601
240.1847 	EXP 	New trial (rep=0, index=10): {'P1_1': '0.9', 'P1_2': '1', 'SafeOption': '2', 'P2_2': '0', 'O2_2': '0', 'O2_1': '-10', 'ProbNumber': 'MD8', 'O1_2': '3', 'O1_1': '5', 'EV2': '3', 'EV1': '3.5', 'ProbType': 'MD', 'P2_1': '0.1'}
240.1848 	DATA 	Trial Onset - ProblemType: MD, ProblemNumber: MD8, leftRight: 0, samplingDur: 15, assignedITI: 1.8808
240.1848 	DATA 	Sampling Onset
240.8175 	DATA 	Keypress: 1
240.8336 	EXP 	unnamed TextStim: text = '+5'
241.3410 	DATA 	Sampled Response: 1, Outcome Shown: +5
241.3413 	DATA 	Keypress: 1
241.4841 	DATA 	Keypress: 1
241.5004 	EXP 	unnamed TextStim: text = '-10'
242.0125 	DATA 	Sampled Response: 1, Outcome Shown: -10
242.0128 	DATA 	Keypress: 1
242.0130 	DATA 	Keypress: 1
242.1681 	DATA 	Keypress: 1
242.2003 	EXP 	unnamed TextStim: text = '+5'
242.7000 	DATA 	Sampled Response: 1, Outcome Shown: +5
242.7003 	DATA 	Keypress: 1
242.7005 	DATA 	Keypress: 1
242.8839 	DATA 	Keypress: 1
242.9003 	EXP 	unnamed TextStim: text = '+5'
243.4030 	DATA 	Sampled Response: 1, Outcome Shown: +5
243.4033 	DATA 	Keypress: 1
243.6672 	DATA 	Keypress: 1
243.6833 	EXP 	unnamed TextStim: text = '+5'
244.1911 	DATA 	Sampled Response: 1, Outcome Shown: +5
244.3168 	DATA 	Keypress: 1
244.3332 	EXP 	unnamed TextStim: text = '+5'
244.8315 	DATA 	Sampled Response: 1, Outcome Shown: +5
244.8318 	DATA 	Keypress: 1
245.1833 	DATA 	Keypress: 2
245.1997 	EXP 	unnamed TextStim: text = '+3'
245.7063 	DATA 	Sampled Response: 2, Outcome Shown: +3
245.7066 	DATA 	Keypress: 2
245.8337 	DATA 	Keypress: 2
245.8502 	EXP 	unnamed TextStim: text = '+3'
246.3622 	DATA 	Sampled Response: 2, Outcome Shown: +3
246.3625 	DATA 	Keypress: 2
246.5664 	DATA 	Keypress: 2
246.5832 	EXP 	unnamed TextStim: text = '+3'
247.0810 	DATA 	Sampled Response: 2, Outcome Shown: +3
247.0813 	DATA 	Keypress: 2
247.5833 	DATA 	Keypress: 2
247.5999 	EXP 	unnamed TextStim: text = '+3'
248.1118 	DATA 	Sampled Response: 2, Outcome Shown: +3
248.1121 	DATA 	Keypress: 2
248.4500 	DATA 	Keypress: 2
248.4663 	EXP 	unnamed TextStim: text = '+3'
248.9712 	DATA 	Sampled Response: 2, Outcome Shown: +3
248.9762 	DATA 	Keypress: 2
248.9993 	EXP 	unnamed TextStim: text = '+3'
249.5023 	DATA 	Sampled Response: 2, Outcome Shown: +3
249.5026 	DATA 	Keypress: 2
249.8666 	DATA 	Keypress: 2
249.8830 	EXP 	unnamed TextStim: text = '+3'
250.3927 	DATA 	Sampled Response: 2, Outcome Shown: +3
250.5830 	DATA 	Keypress: 2
250.5992 	EXP 	unnamed TextStim: text = '+3'
251.1113 	DATA 	Sampled Response: 2, Outcome Shown: +3
251.2997 	DATA 	Keypress: 2
251.3160 	EXP 	unnamed TextStim: text = '+3'
251.8143 	DATA 	Sampled Response: 2, Outcome Shown: +3
251.8830 	DATA 	Keypress: 1
251.8994 	EXP 	unnamed TextStim: text = '+5'
252.4079 	DATA 	Sampled Response: 1, Outcome Shown: +5
254.6990 	DATA 	** broke sampling loop (<.5s left in trial) **
254.6996 	DATA 	samplingCount: 16
254.6996 	DATA 	Think Onset
254.7156 	EXP 	unnamed Rect: lineColor = 'white (named)'
254.7156 	EXP 	unnamed Rect: lineColor = 'white (named)'
257.7323 	DATA 	Decide Onset
259.7390 	DATA 	ITI Onset
259.7422 	EXP 	unnamed Rect: lineColor = 'white (named)'
259.7422 	EXP 	unnamed Rect: lineColor = 'white (named)'
259.7422 	EXP 	unnamed TextStim: text = '+5'
259.7422 	EXP 	unnamed TextStim: text = '+3'
261.3984 	DATA 	Keypress: 2
262.1153 	DATA 	Trial End Time - totalITI: 2.36645948196
262.1156 	EXP 	New trial (rep=0, index=11): {'P1_1': '0.2', 'P1_2': '1', 'SafeOption': '2', 'P2_2': '0', 'O2_2': '0', 'O2_1': '0', 'ProbNumber': 'SD12', 'O1_2': '6', 'O1_1': '29', 'EV2': '6', 'EV1': '5.8', 'ProbType': 'SD', 'P2_1': '0.8'}
262.1156 	DATA 	Trial Onset - ProblemType: SD, ProblemNumber: SD12, leftRight: 0, samplingDur: 16, assignedITI: 5.0846
262.1157 	DATA 	Sampling Onset
262.5982 	DATA 	Keypress: 2
262.6027 	DATA 	Keypress: 1
262.6146 	EXP 	unnamed TextStim: text = '+6'
263.1241 	DATA 	Sampled Response: 2, Outcome Shown: +6
277.3300 	DATA 	Keypress: 1
277.3462 	EXP 	unnamed TextStim: text = '0'
277.8458 	DATA 	Sampled Response: 1, Outcome Shown: 0
277.8460 	DATA 	** broke sampling loop (<.5s left in trial) **
277.8466 	DATA 	samplingCount: 2
277.8466 	DATA 	Think Onset
277.8500 	EXP 	unnamed Rect: lineColor = 'white (named)'
277.8500 	EXP 	unnamed Rect: lineColor = 'white (named)'
277.8636 	DATA 	Keypress: 1
278.1470 	DATA 	Keypress: 1
280.8794 	DATA 	Decide Onset
281.1595 	DATA 	Keypress: 1
281.1596 	DATA 	Decision Button Press: ['1']
281.1597 	DATA 	Decision Response: 1
281.1632 	EXP 	unnamed Rect: lineColor = 'red (named)'
281.6787 	DATA 	ITI Onset
281.6819 	EXP 	unnamed Rect: lineColor = 'white (named)'
281.6819 	EXP 	unnamed Rect: lineColor = 'white (named)'
281.6819 	EXP 	unnamed TextStim: text = '0'
281.6819 	EXP 	unnamed TextStim: text = '+6'
288.4621 	DATA 	Trial End Time - totalITI: 6.77393976237
288.4623 	EXP 	New trial (rep=0, index=12): {'P1_1': '0.8', 'P1_2': '0.3', 'SafeOption': '1', 'P2_2': '0.7', 'O2_2': '40', 'O2_1': '33', 'ProbNumber': 'RR12', 'O1_2': '-25', 'O1_1': '18', 'EV2': '20.5', 'EV1': '21', 'ProbType': 'RR', 'P2_1': '0.2'}
288.4624 	DATA 	Trial Onset - ProblemType: RR, ProblemNumber: RR12, leftRight: 1, samplingDur: 16, assignedITI: 1.0098
288.4624 	DATA 	Sampling Onset
298.2274 	DATA 	Keypress: 1
298.2438 	EXP 	unnamed TextStim: text = '+40'
298.7471 	DATA 	Sampled Response: 2, Outcome Shown: +33
298.7474 	DATA 	Keypress: 1
298.9441 	DATA 	Keypress: 1
298.9605 	EXP 	unnamed TextStim: text = '+40'
299.4657 	DATA 	Sampled Response: 2, Outcome Shown: +18
299.4660 	DATA 	Keypress: 1
299.5606 	DATA 	Keypress: 2
299.5766 	EXP 	unnamed TextStim: text = '+18'
300.0749 	DATA 	Sampled Response: 1, Outcome Shown: +40
300.0751 	DATA 	Keypress: 1
300.0754 	DATA 	Keypress: 2
300.0756 	DATA 	Keypress: 2
300.3283 	DATA 	Keypress: 2
300.3602 	EXP 	unnamed TextStim: text = '+33'
300.8716 	DATA 	Sampled Response: 1, Outcome Shown: +40
300.8719 	DATA 	Keypress: 2
300.9438 	DATA 	Keypress: 2
300.9602 	EXP 	unnamed TextStim: text = '+18'
301.4652 	DATA 	Sampled Response: 1, Outcome Shown: -25
301.4655 	DATA 	Keypress: 2
301.5772 	DATA 	Keypress: 2
301.5937 	EXP 	unnamed TextStim: text = '+18'
302.1055 	DATA 	Sampled Response: 1, Outcome Shown: +40
302.1058 	DATA 	Keypress: 2
302.1936 	DATA 	Keypress: 2
302.2100 	EXP 	unnamed TextStim: text = '+18'
302.7149 	DATA 	Sampled Response: 1, Outcome Shown: -25
302.7152 	DATA 	Keypress: 2
302.8437 	DATA 	Keypress: 2
302.8600 	EXP 	unnamed TextStim: text = '+18'
303.3711 	DATA 	Sampled Response: 1, Outcome Shown: +40
303.3714 	DATA 	Keypress: 2
303.6103 	DATA 	Keypress: 2
303.6266 	EXP 	unnamed TextStim: text = '+18'
304.1365 	DATA 	Sampled Response: 1, Outcome Shown: -25
304.1367 	DATA 	** broke sampling loop (<.5s left in trial) **
304.1374 	DATA 	samplingCount: 9
304.1374 	DATA 	Think Onset
304.1407 	EXP 	unnamed Rect: lineColor = 'white (named)'
304.1407 	EXP 	unnamed Rect: lineColor = 'white (named)'
307.1594 	DATA 	Decide Onset
309.1673 	DATA 	ITI Onset
309.1705 	EXP 	unnamed Rect: lineColor = 'white (named)'
309.1705 	EXP 	unnamed Rect: lineColor = 'white (named)'
309.1705 	EXP 	unnamed TextStim: text = '+40'
309.1705 	EXP 	unnamed TextStim: text = '+18'
310.5096 	DATA 	Trial End Time - totalITI: 1.33533314418
310.5098 	EXP 	New trial (rep=0, index=13): {'P1_1': '0.2', 'P1_2': '1', 'SafeOption': '2', 'P2_2': '0', 'O2_2': '0', 'O2_1': '0', 'ProbNumber': 'SD3', 'O1_2': '-7', 'O1_1': '-34', 'EV2': '-7', 'EV1': '-6.8', 'ProbType': 'SD', 'P2_1': '0.8'}
310.5099 	DATA 	Trial Onset - ProblemType: SD, ProblemNumber: SD3, leftRight: 0, samplingDur: 15, assignedITI: 1.3267
310.5099 	DATA 	Sampling Onset
317.4751 	DATA 	Keypress: 1
317.4913 	EXP 	unnamed TextStim: text = '0'
317.9926 	DATA 	Sampled Response: 1, Outcome Shown: 0
318.0418 	DATA 	Keypress: 2
318.0582 	EXP 	unnamed TextStim: text = '-7'
318.5703 	DATA 	Sampled Response: 2, Outcome Shown: -7
318.5706 	DATA 	Keypress: 2
318.6417 	DATA 	Keypress: 1
318.6579 	EXP 	unnamed TextStim: text = '0'
319.1642 	DATA 	Sampled Response: 1, Outcome Shown: 0
319.1645 	DATA 	Keypress: 2
319.2917 	DATA 	Keypress: 2
319.3082 	EXP 	unnamed TextStim: text = '-7'
319.8200 	DATA 	Sampled Response: 2, Outcome Shown: -7
319.8203 	DATA 	Keypress: 2
319.8582 	DATA 	Keypress: 2
319.8745 	EXP 	unnamed TextStim: text = '-7'
320.3826 	DATA 	Sampled Response: 2, Outcome Shown: -7
320.3829 	DATA 	Keypress: 2
320.6750 	DATA 	Keypress: 2
320.6912 	EXP 	unnamed TextStim: text = '-7'
321.1949 	DATA 	Sampled Response: 2, Outcome Shown: -7
321.3581 	DATA 	Keypress: 2
321.3745 	EXP 	unnamed TextStim: text = '-7'
321.8823 	DATA 	Sampled Response: 2, Outcome Shown: -7
322.2580 	DATA 	Keypress: 2
322.2743 	EXP 	unnamed TextStim: text = '-7'
322.7727 	DATA 	Sampled Response: 2, Outcome Shown: -7
325.0242 	DATA 	** broke sampling loop (<.5s left in trial) **
325.0248 	DATA 	samplingCount: 8
325.0248 	DATA 	Think Onset
325.0407 	EXP 	unnamed Rect: lineColor = 'white (named)'
325.0407 	EXP 	unnamed Rect: lineColor = 'white (named)'
328.0571 	DATA 	Decide Onset
330.0639 	DATA 	ITI Onset
330.0669 	EXP 	unnamed Rect: lineColor = 'white (named)'
330.0669 	EXP 	unnamed Rect: lineColor = 'white (named)'
330.0669 	EXP 	unnamed TextStim: text = '0'
330.0669 	EXP 	unnamed TextStim: text = '-7'
330.4242 	DATA 	Keypress: 1
331.8904 	DATA 	Trial End Time - totalITI: 1.81236590156
331.8906 	EXP 	New trial (rep=0, index=14): {'P1_1': '0.1', 'P1_2': '1', 'SafeOption': '2', 'P2_2': '0', 'O2_2': '0', 'O2_1': '0', 'ProbNumber': 'SD10', 'O1_2': '3', 'O1_1': '32', 'EV2': '3', 'EV1': '3.2', 'ProbType': 'SD', 'P2_1': '0.9'}
331.8907 	DATA 	Trial Onset - ProblemType: SD, ProblemNumber: SD10, leftRight: 1, samplingDur: 19, assignedITI: 1.0887
331.8907 	DATA 	Sampling Onset
346.5218 	DATA 	Keypress: 1
346.5381 	EXP 	unnamed TextStim: text = '+3'
347.0407 	DATA 	Sampled Response: 2, Outcome Shown: 0
347.0409 	DATA 	Keypress: 1
347.2553 	DATA 	Keypress: 2
347.2714 	EXP 	unnamed TextStim: text = '0'
347.7748 	DATA 	Sampled Response: 1, Outcome Shown: +3
347.7751 	DATA 	Keypress: 2
347.8717 	DATA 	Keypress: 2
347.8881 	EXP 	unnamed TextStim: text = '0'
348.3997 	DATA 	Sampled Response: 1, Outcome Shown: +3
348.4000 	DATA 	Keypress: 1
348.4715 	DATA 	Keypress: 1
348.4878 	EXP 	unnamed TextStim: text = '+3'
348.9933 	DATA 	Sampled Response: 2, Outcome Shown: 0
348.9936 	DATA 	Keypress: 1
349.0381 	DATA 	Keypress: 1
349.0546 	EXP 	unnamed TextStim: text = '+3'
349.5557 	DATA 	Sampled Response: 2, Outcome Shown: +32
349.5560 	DATA 	Keypress: 1
349.5562 	DATA 	Keypress: 1
349.7547 	DATA 	Keypress: 1
349.7711 	EXP 	unnamed TextStim: text = '+3'
350.2743 	DATA 	Sampled Response: 2, Outcome Shown: +32
350.2746 	DATA 	Keypress: 1
350.3379 	DATA 	Keypress: 1
350.3544 	EXP 	unnamed TextStim: text = '+3'
350.8522 	DATA 	Sampled Response: 2, Outcome Shown: 0
350.8525 	DATA 	Keypress: 1
350.8526 	DATA 	** broke sampling loop (<.5s left in trial) **
350.8532 	DATA 	samplingCount: 7
350.8532 	DATA 	Think Onset
350.8564 	EXP 	unnamed Rect: lineColor = 'white (named)'
350.8564 	EXP 	unnamed Rect: lineColor = 'white (named)'
351.2216 	DATA 	Keypress: 1
353.8709 	DATA 	Decide Onset
355.8767 	DATA 	ITI Onset
355.8797 	EXP 	unnamed Rect: lineColor = 'white (named)'
355.8797 	EXP 	unnamed Rect: lineColor = 'white (named)'
355.8797 	EXP 	unnamed TextStim: text = '+3'
355.8797 	EXP 	unnamed TextStim: text = '0'
357.0042 	DATA 	Trial End Time - totalITI: 1.12667707334
357.0044 	EXP 	New trial (rep=0, index=15): {'P1_1': '0.8', 'P1_2': '1', 'SafeOption': '2', 'P2_2': '0', 'O2_2': '0', 'O2_1': '0', 'ProbNumber': 'SD4', 'O1_2': '-3', 'O1_1': '-4', 'EV2': '-3', 'EV1': '-3.2', 'ProbType': 'SD', 'P2_1': '0.2'}
357.0045 	DATA 	Trial Onset - ProblemType: SD, ProblemNumber: SD4, leftRight: 0, samplingDur: 19, assignedITI: 1.2245
357.0045 	DATA 	Sampling Onset
370.3523 	DATA 	Keypress: 1
370.3688 	EXP 	unnamed TextStim: text = '0'
370.8712 	DATA 	Sampled Response: 1, Outcome Shown: 0
370.8715 	DATA 	Keypress: 1
370.9363 	DATA 	Keypress: 1
370.9687 	EXP 	unnamed TextStim: text = '-4'
371.4807 	DATA 	Sampled Response: 1, Outcome Shown: -4
371.4810 	DATA 	Keypress: 2
371.4812 	DATA 	Keypress: 1
371.5022 	DATA 	Keypress: 2
371.5187 	EXP 	unnamed TextStim: text = '-3'
372.0275 	DATA 	Sampled Response: 2, Outcome Shown: -3
372.0278 	DATA 	Keypress: 2
372.0280 	DATA 	Keypress: 2
372.0322 	DATA 	Keypress: 1
372.0518 	EXP 	unnamed TextStim: text = '-4'
372.5586 	DATA 	Sampled Response: 1, Outcome Shown: -4
372.5588 	DATA 	Keypress: 2
372.5591 	DATA 	Keypress: 1
372.5593 	DATA 	Keypress: 1
372.5594 	DATA 	Keypress: 2
372.6186 	DATA 	Keypress: 2
372.6351 	EXP 	unnamed TextStim: text = '-3'
373.1366 	DATA 	Sampled Response: 2, Outcome Shown: -3
373.1369 	DATA 	Keypress: 2
373.3197 	DATA 	Keypress: 2
373.3517 	EXP 	unnamed TextStim: text = '-3'
373.8552 	DATA 	Sampled Response: 2, Outcome Shown: -3
373.8555 	DATA 	Keypress: 2
373.8557 	DATA 	Keypress: 2
374.3351 	DATA 	Keypress: 2
374.3515 	EXP 	unnamed TextStim: text = '-3'
374.8549 	DATA 	Sampled Response: 2, Outcome Shown: -3
374.8552 	DATA 	Keypress: 2
374.9186 	DATA 	Keypress: 2
374.9349 	EXP 	unnamed TextStim: text = '-3'
375.4329 	DATA 	Sampled Response: 2, Outcome Shown: -3
375.4332 	DATA 	Keypress: 2
375.5184 	DATA 	** broke sampling loop (<.5s left in trial) **
375.5190 	DATA 	samplingCount: 8
375.5190 	DATA 	Think Onset
375.5346 	EXP 	unnamed Rect: lineColor = 'white (named)'
375.5346 	EXP 	unnamed Rect: lineColor = 'white (named)'
375.5688 	DATA 	Keypress: 2
378.5511 	DATA 	Decide Onset
380.5582 	DATA 	ITI Onset
380.5613 	EXP 	unnamed Rect: lineColor = 'white (named)'
380.5613 	EXP 	unnamed Rect: lineColor = 'white (named)'
380.5613 	EXP 	unnamed TextStim: text = '-4'
380.5613 	EXP 	unnamed TextStim: text = '-3'
382.2846 	DATA 	Trial End Time - totalITI: 1.71046268054
382.2848 	EXP 	New trial (rep=0, index=16): {'P1_1': '0.8', 'P1_2': '0.6', 'SafeOption': '1', 'P2_2': '0.4', 'O2_2': '18', 'O2_1': '10', 'ProbNumber': 'RR9', 'O1_2': '-4', 'O1_1': '2', 'EV2': '4.8', 'EV1': '3.6', 'ProbType': 'RR', 'P2_1': '0.2'}
382.2849 	DATA 	Trial Onset - ProblemType: RR, ProblemNumber: RR9, leftRight: 1, samplingDur: 15, assignedITI: 3.6695
382.2849 	DATA 	Sampling Onset
388.8669 	DATA 	Keypress: 2
388.8832 	EXP 	unnamed TextStim: text = '+2'
389.3828 	DATA 	Sampled Response: 1, Outcome Shown: -4
389.3830 	DATA 	Keypress: 1
389.3832 	DATA 	Keypress: 2
389.8666 	DATA 	Keypress: 2
389.8833 	EXP 	unnamed TextStim: text = '+2'
390.3825 	DATA 	Sampled Response: 1, Outcome Shown: +18
390.3827 	DATA 	Keypress: 1
390.3830 	DATA 	Keypress: 2
396.7993 	DATA 	** broke sampling loop (<.5s left in trial) **
396.7998 	DATA 	samplingCount: 2
396.7998 	DATA 	Think Onset
396.8158 	EXP 	unnamed Rect: lineColor = 'white (named)'
396.8158 	EXP 	unnamed Rect: lineColor = 'white (named)'
399.8322 	DATA 	Decide Onset
401.8394 	DATA 	ITI Onset
401.8426 	EXP 	unnamed Rect: lineColor = 'white (named)'
401.8426 	EXP 	unnamed Rect: lineColor = 'white (named)'
401.8426 	EXP 	unnamed TextStim: text = '-4'
401.8426 	EXP 	unnamed TextStim: text = '+2'
405.9987 	DATA 	Trial End Time - totalITI: 4.15505678036
405.9989 	EXP 	New trial (rep=0, index=17): {'P1_1': '0.4', 'P1_2': '1', 'SafeOption': '2', 'P2_2': '0', 'O2_2': '0', 'O2_1': '0', 'ProbNumber': 'SD2', 'O1_2': '-2', 'O1_1': '-4', 'EV2': '-2', 'EV1': '-1.6', 'ProbType': 'SD', 'P2_1': '0.6'}
405.9990 	DATA 	Trial Onset - ProblemType: SD, ProblemNumber: SD2, leftRight: 0, samplingDur: 15, assignedITI: 1.3975
405.9990 	DATA 	Sampling Onset
413.8315 	DATA 	Keypress: 1
413.8637 	EXP 	unnamed TextStim: text = '-4'
414.3687 	DATA 	Sampled Response: 1, Outcome Shown: -4
414.3689 	DATA 	Keypress: 2
414.3692 	DATA 	Keypress: 1
414.4473 	DATA 	Keypress: 2
414.4638 	EXP 	unnamed TextStim: text = '-2'
414.9623 	DATA 	Sampled Response: 2, Outcome Shown: -2
414.9627 	DATA 	Keypress: 1
414.9629 	DATA 	Keypress: 2
415.0641 	DATA 	Keypress: 2
415.0801 	EXP 	unnamed TextStim: text = '-2'
415.5871 	DATA 	Sampled Response: 2, Outcome Shown: -2
415.5874 	DATA 	Keypress: 2
415.7303 	DATA 	Keypress: 2
415.7469 	EXP 	unnamed TextStim: text = '-2'
416.2588 	DATA 	Sampled Response: 2, Outcome Shown: -2
416.2591 	DATA 	Keypress: 2
416.2593 	DATA 	Keypress: 2
416.4971 	DATA 	Keypress: 2
416.5134 	EXP 	unnamed TextStim: text = '-2'
417.0243 	DATA 	Sampled Response: 2, Outcome Shown: -2
417.0246 	DATA 	Keypress: 2
417.2470 	DATA 	Keypress: 2
417.2633 	EXP 	unnamed TextStim: text = '-2'
417.7739 	DATA 	Sampled Response: 2, Outcome Shown: -2
417.7742 	DATA 	Keypress: 2
418.0477 	DATA 	Keypress: 2
418.0798 	EXP 	unnamed TextStim: text = '-2'
418.5864 	DATA 	Sampled Response: 2, Outcome Shown: -2
418.5867 	DATA 	Keypress: 2
419.0467 	DATA 	Keypress: 2
419.0631 	EXP 	unnamed TextStim: text = '-2'
419.5706 	DATA 	Sampled Response: 2, Outcome Shown: -2
419.8299 	DATA 	Keypress: 2
419.8463 	EXP 	unnamed TextStim: text = '-2'
420.3514 	DATA 	Sampled Response: 2, Outcome Shown: -2
420.5133 	DATA 	** broke sampling loop (<.5s left in trial) **
420.5139 	DATA 	samplingCount: 9
420.5139 	DATA 	Think Onset
420.5297 	EXP 	unnamed Rect: lineColor = 'white (named)'
420.5297 	EXP 	unnamed Rect: lineColor = 'white (named)'
420.6972 	DATA 	Keypress: 2
423.5460 	DATA 	Decide Onset
425.5533 	DATA 	ITI Onset
425.5563 	EXP 	unnamed Rect: lineColor = 'white (named)'
425.5563 	EXP 	unnamed Rect: lineColor = 'white (named)'
425.5563 	EXP 	unnamed TextStim: text = '-4'
425.5563 	EXP 	unnamed TextStim: text = '-2'
427.4459 	DATA 	Trial End Time - totalITI: 1.88316174787
427.5617 	INFO 	saved wide-format data to logs/DE215/DE215_ebdm_run_2.csv
427.5618 	DATA 	*****END RUN 2*****
427.5958 	EXP 	window1: mouseVisible = True
