10.4344 	INFO 	Loaded monitor calibration from ['2018_10_30 09:12']
10.4363 	WARNING 	User requested fullscreen with size [800 600], but screen is actually [1920, 1080]. Using actual size
11.0397 	EXP 	Created window1 = Window(allowGUI=False, allowStencil=False, args=UNKNOWN, autoLog=True, bitsMode=UNKNOWN, blendMode='avg', color='black', colorSpace='named', fullscr=UNKNOWN, gamma=None, kwargs=UNKNOWN, lms=UNKNOWN, monitor=<psychopy.monitors.calibTools.Monitor object at 0x154E3EF0>, multiSample=False, name='window1', numSamples=2, pos=[0, 0], screen=0, size=array([1920, 1080]), stereo=False, units='deg', useFBO=False, useRetina=False, viewOri=0.0, viewPos=None, viewScale=None, waitBlanking=True, winType='pyglet')
11.0924 	EXP 	Created unnamed TextStim = TextStim(alignHoriz='center', alignVert='center', antialias=True, autoLog=True, bold=False, color=array([ 1.,  1.,  1.]), colorSpace='rgb', contrast=1.0, depth=0, flipHoriz=False, flipVert=False, font='', fontFiles=[], height=2, italic=False, name='unnamed TextStim', opacity=1.0, ori=0.0, pos=array([ 0.,  0.]), rgb=array([ 1.,  1.,  1.]), text='+', units='deg', win=Window(...), wrapWidth=15.0)
11.1369 	EXP 	Created unnamed TextStim = TextStim(alignHoriz='center', alignVert='center', antialias=True, autoLog=True, bold=False, color=array([ 1.,  1.,  1.]), colorSpace='rgb', contrast=1.0, depth=0, flipHoriz=False, flipVert=False, font='', fontFiles=[], height=1.5, italic=False, name='unnamed TextStim', opacity=1.0, ori=0.0, pos=array([ 0.,  0.]), rgb=array([ 1.,  1.,  1.]), text=newstr(...), units='deg', win=Window(...), wrapWidth=15.0)
11.1559 	EXP 	Created unnamed TextStim = TextStim(alignHoriz='center', alignVert='center', antialias=True, autoLog=True, bold=False, color=array([ 1.,  1.,  1.]), colorSpace='rgb', contrast=1.0, depth=0, flipHoriz=False, flipVert=False, font='', fontFiles=[], height=1.5, italic=False, name='unnamed TextStim', opacity=1.0, ori=0.0, pos=array([ 0.,  0.]), rgb=array([ 1.,  1.,  1.]), text='Waiting for scanner...', units='deg', win=Window(...), wrapWidth=15.0)
11.1793 	EXP 	Created unnamed TextStim = TextStim(alignHoriz='center', alignVert='center', antialias=True, autoLog=True, bold=False, color='white', colorSpace='named', contrast=1.0, depth=0, flipHoriz=False, flipVert=False, font='', fontFiles=[], height=1, italic=False, name='unnamed TextStim', opacity=1.0, ori=0.0, pos=array([ 0.,  0.]), rgb=array([ 255.,  255.,  255.]), text='Press SPACE to continue.', units='deg', win=Window(...), wrapWidth=15.0)
11.1913 	EXP 	Created unnamed TextStim = TextStim(alignHoriz='center', alignVert='center', antialias=True, autoLog=True, bold=False, color=array([ 1.,  1.,  1.]), colorSpace='rgb', contrast=1.0, depth=0, flipHoriz=False, flipVert=False, font='', fontFiles=[], height=0.1, italic=False, name='unnamed TextStim', opacity=1.0, ori=0.0, pos=array([ 0.,  0.]), rgb=array([ 1.,  1.,  1.]), text='THINK', units='norm', win=Window(...), wrapWidth=1)
11.1995 	EXP 	Created unnamed TextStim = TextStim(alignHoriz='center', alignVert='center', antialias=True, autoLog=True, bold=False, color=array([ 1.,  1.,  1.]), colorSpace='rgb', contrast=1.0, depth=0, flipHoriz=False, flipVert=False, font='', fontFiles=[], height=0.1, italic=False, name='unnamed TextStim', opacity=1.0, ori=0.0, pos=array([ 0.,  0.]), rgb=array([ 1.,  1.,  1.]), text='DECIDE', units='norm', win=Window(...), wrapWidth=1)
11.2061 	EXP 	<method-wrapper '__getattribute__' of attributeSetter object at 0x056F5190>: vertices = array([[-0.275     ,  0.48888889],
       [ 0.275     ,  0.48888889],
       [ 0.275     , -0.48888889],
       [-0.275     , -0.48888889]])
11.2069 	EXP 	Created unnamed Rect = Rect(autoDraw=False, autoLog=True, closeShape=True, contrast=1.0, depth=0, fillColor=None, fillColorSpace='rgb', fillRGB=None, interpolate=True, lineColor='white', lineColorSpace='named', lineRGB=array([ 255.,  255.,  255.]), lineWidth=3.5, name='unnamed Rect', opacity=1.0, ori=array(0.0), pos=array([-0.5125    , -0.09444444]), size=array([ 1.,  1.]), units='norm', vertices=ndarray(...), win=Window(...))
11.2072 	EXP 	<method-wrapper '__getattribute__' of attributeSetter object at 0x056F5190>: vertices = array([[-0.275     ,  0.48888889],
       [ 0.275     ,  0.48888889],
       [ 0.275     , -0.48888889],
       [-0.275     , -0.48888889]])
11.2080 	EXP 	Created unnamed Rect = Rect(autoDraw=False, autoLog=True, closeShape=True, contrast=1.0, depth=0, fillColor=None, fillColorSpace='rgb', fillRGB=None, interpolate=True, lineColor='white', lineColorSpace='named', lineRGB=array([ 255.,  255.,  255.]), lineWidth=3.5, name='unnamed Rect', opacity=1.0, ori=array(0.0), pos=array([ 0.4875    , -0.09444444]), size=array([ 1.,  1.]), units='norm', vertices=ndarray(...), win=Window(...))
11.2316 	EXP 	Created unnamed TextStim = TextStim(alignHoriz='center', alignVert='center', antialias=True, autoLog=True, bold=False, color=array([ 1.,  1.,  1.]), colorSpace='rgb', contrast=1.0, depth=0, flipHoriz=False, flipVert=False, font='', fontFiles=[], height=0.2, italic=False, name='unnamed TextStim', opacity=1.0, ori=0.0, pos=array([-0.5125    , -0.09444444]), rgb=array([ 1.,  1.,  1.]), text='Hello World', units='norm', win=Window(...), wrapWidth=1)
11.2416 	EXP 	Created unnamed TextStim = TextStim(alignHoriz='center', alignVert='center', antialias=True, autoLog=True, bold=False, color=array([ 1.,  1.,  1.]), colorSpace='rgb', contrast=1.0, depth=0, flipHoriz=False, flipVert=False, font='', fontFiles=[], height=0.2, italic=False, name='unnamed TextStim', opacity=1.0, ori=0.0, pos=array([ 0.4875    , -0.09444444]), rgb=array([ 1.,  1.,  1.]), text='Hello World', units='norm', win=Window(...), wrapWidth=1)
11.2519 	EXP 	Created unnamed TextStim = TextStim(alignHoriz='center', alignVert='center', antialias=True, autoLog=True, bold=False, color=array([ 1.,  1.,  1.]), colorSpace='rgb', contrast=1.0, depth=0, flipHoriz=False, flipVert=False, font='', fontFiles=[], height=0.1, italic=False, name='unnamed TextStim', opacity=1.0, ori=0.0, pos=array([-0.5125    , -0.82777778]), rgb=array([ 1.,  1.,  1.]), text='Press 1', units='norm', win=Window(...), wrapWidth=1)
11.2604 	EXP 	Created unnamed TextStim = TextStim(alignHoriz='center', alignVert='center', antialias=True, autoLog=True, bold=False, color=array([ 1.,  1.,  1.]), colorSpace='rgb', contrast=1.0, depth=0, flipHoriz=False, flipVert=False, font='', fontFiles=[], height=0.1, italic=False, name='unnamed TextStim', opacity=1.0, ori=0.0, pos=array([ 0.4875    , -0.82777778]), rgb=array([ 1.,  1.,  1.]), text='Press 2', units='norm', win=Window(...), wrapWidth=1)
11.3157 	EXP 	Created unnamed ImageStim = ImageStim(autoLog=True, color=array([ 1.,  1.,  1.]), colorSpace='rgb', contrast=1.0, depth=0, flipHoriz=False, flipVert=False, image=str(...), interpolate=False, mask=None, maskParams=None, name='unnamed ImageStim', opacity=1.0, ori=0.0, pos=array([ 0.,  0.]), size=array([ 1.35416667,  1.3537037 ]), texRes=128, units='norm', win=Window(...))
11.3163 	WARNING 	Requested image 'C:\\Users\\tuh22615\\Desktop\\bPilotv2_DEGap/stim/Slide18.jpeg' not found but similar filename 'C:\\Users\\tuh22615\\Desktop\\bPilotv2_DEGap/stim/Slide18.jpg' exists. This will be used instead but changing the filename is advised.
11.3762 	EXP 	Created unnamed ImageStim = ImageStim(autoLog=True, color=array([ 1.,  1.,  1.]), colorSpace='rgb', contrast=1.0, depth=0, flipHoriz=False, flipVert=False, image=str(...), interpolate=False, mask=None, maskParams=None, name='unnamed ImageStim', opacity=1.0, ori=0.0, pos=array([ 0.,  0.]), size=array([ 1.35416667,  1.3537037 ]), texRes=128, units='norm', win=Window(...))
11.4308 	EXP 	Created unnamed ImageStim = ImageStim(autoLog=True, color=array([ 1.,  1.,  1.]), colorSpace='rgb', contrast=1.0, depth=0, flipHoriz=False, flipVert=False, image=str(...), interpolate=False, mask=None, maskParams=None, name='unnamed ImageStim', opacity=1.0, ori=0.0, pos=array([ 0.,  0.]), size=array([ 1.35416667,  1.3537037 ]), texRes=128, units='norm', win=Window(...))
11.4865 	EXP 	Created unnamed ImageStim = ImageStim(autoLog=True, color=array([ 1.,  1.,  1.]), colorSpace='rgb', contrast=1.0, depth=0, flipHoriz=False, flipVert=False, image=str(...), interpolate=False, mask=None, maskParams=None, name='unnamed ImageStim', opacity=1.0, ori=0.0, pos=array([ 0.,  0.]), size=array([ 1.35416667,  1.3537037 ]), texRes=128, units='norm', win=Window(...))
11.4874 	EXP 	Created sequence: sequential, trialTypes=18, nReps=1, seed=None
11.6922 	DEBUG 	Using C:\Users\tuh22615\Desktop\bPilotv2_DEGap\SamplingMachine_bPilotv2.py as origin file
11.6928 	EXP 	Created sequence: sequential, trialTypes=18, nReps=1, seed=None
11.6932 	DEBUG 	Using C:\Users\tuh22615\Desktop\bPilotv2_DEGap\SamplingMachine_bPilotv2.py as origin file
0.0036 	DATA 	** START RUN 2 **
1.7191 	DATA 	Keypress: space
4.7590 	DATA 	Keypress: space
6.4469 	DATA 	Keypress: space
8.6468 	DATA 	Keypress: space
8.6472 	EXP 	New trial (rep=0, index=0): {'P1_1': '0.5', 'P1_2': '0.4', 'SafeOption': '1', 'P2_2': '0.6', 'O2_2': '50', 'O2_1': '30', 'ProbNumber': 'RR8', 'O1_2': '-15', 'O1_1': '14', 'EV2': '24', 'EV1': '22', 'ProbType': 'RR', 'P2_1': '0.5'}
8.6473 	DATA 	Trial Onset - ProblemType: RR, ProblemNumber: RR8, leftRight: 0, samplingDur: 15, assignedITI: 1.0113
8.6474 	DATA 	Sampling Onset
12.3268 	DATA 	Keypress: 1
12.3486 	EXP 	unnamed TextStim: text = '+30'
12.8479 	DATA 	Sampled Response: 1, Outcome Shown: +30
13.6969 	DATA 	Keypress: 1
13.7057 	EXP 	unnamed TextStim: text = '+14'
14.2049 	DATA 	Sampled Response: 1, Outcome Shown: +14
15.3453 	DATA 	Keypress: 1
15.3517 	EXP 	unnamed TextStim: text = '+30'
15.8510 	DATA 	Sampled Response: 1, Outcome Shown: +30
16.1749 	DATA 	Keypress: 1
16.1781 	EXP 	unnamed TextStim: text = '+30'
16.6780 	DATA 	Sampled Response: 1, Outcome Shown: +30
16.8649 	DATA 	Keypress: 1
16.8709 	EXP 	unnamed TextStim: text = '+14'
17.3710 	DATA 	Sampled Response: 1, Outcome Shown: +14
17.3712 	DATA 	Keypress: 2
17.6627 	DATA 	Keypress: 2
17.6717 	EXP 	unnamed TextStim: text = '-15'
18.1710 	DATA 	Sampled Response: 2, Outcome Shown: -15
18.2564 	DATA 	Keypress: 2
18.2622 	EXP 	unnamed TextStim: text = '+50'
18.7620 	DATA 	Sampled Response: 2, Outcome Shown: +50
18.8149 	DATA 	Keypress: 2
18.8208 	EXP 	unnamed TextStim: text = '-15'
19.3200 	DATA 	Sampled Response: 2, Outcome Shown: -15
19.3203 	DATA 	Keypress: 2
19.3763 	DATA 	Keypress: 2
19.3797 	EXP 	unnamed TextStim: text = '-15'
19.8790 	DATA 	Sampled Response: 2, Outcome Shown: -15
19.8950 	DATA 	Keypress: 2
19.9007 	EXP 	unnamed TextStim: text = '+50'
20.4001 	DATA 	Sampled Response: 2, Outcome Shown: +50
20.6390 	DATA 	Keypress: 1
20.6448 	EXP 	unnamed TextStim: text = '+14'
21.1441 	DATA 	Sampled Response: 1, Outcome Shown: +14
21.1443 	DATA 	Keypress: 1
21.4308 	DATA 	Keypress: 1
21.4371 	EXP 	unnamed TextStim: text = '+30'
21.9371 	DATA 	Sampled Response: 1, Outcome Shown: +30
22.0088 	DATA 	Keypress: 1
22.0121 	EXP 	unnamed TextStim: text = '+30'
22.5121 	DATA 	Sampled Response: 1, Outcome Shown: +30
22.6083 	DATA 	Keypress: 1
22.6115 	EXP 	unnamed TextStim: text = '+30'
23.1111 	DATA 	Sampled Response: 1, Outcome Shown: +30
23.1113 	DATA 	Keypress: 1
23.1530 	DATA 	** broke sampling loop (<.5s left in trial) **
23.1543 	DATA 	samplingCount: 14
23.1543 	DATA 	Think Onset
23.1566 	EXP 	unnamed Rect: lineColor = 'white (named)'
23.1566 	EXP 	unnamed Rect: lineColor = 'white (named)'
23.5426 	DATA 	Keypress: 1
26.1605 	DATA 	Decide Onset
27.7340 	DATA 	Keypress: 2
27.7341 	DATA 	Decision Button Press: ['2']
27.7341 	DATA 	Decision Response: 2
27.7355 	EXP 	unnamed Rect: lineColor = 'red (named)'
28.2437 	DATA 	ITI Onset
28.2450 	EXP 	unnamed Rect: lineColor = 'white (named)'
28.2450 	EXP 	unnamed Rect: lineColor = 'white (named)'
28.2450 	EXP 	unnamed TextStim: text = '+30'
28.2450 	EXP 	unnamed TextStim: text = '+50'
29.8776 	DATA 	Trial End Time - totalITI: 1.63181608037
29.8779 	EXP 	New trial (rep=0, index=1): {'P1_1': '0.75', 'P1_2': '0.75', 'SafeOption': '1', 'P2_2': '0.25', 'O2_2': '30', 'O2_1': '10', 'ProbNumber': 'RR3', 'O1_2': '-5', 'O1_1': '2', 'EV2': '3.75', 'EV1': '4', 'ProbType': 'RR', 'P2_1': '0.25'}
29.8780 	DATA 	Trial Onset - ProblemType: RR, ProblemNumber: RR3, leftRight: 0, samplingDur: 16, assignedITI: 1.0098
29.8780 	DATA 	Sampling Onset
33.1120 	DATA 	Keypress: 2
33.1183 	EXP 	unnamed TextStim: text = '-5'
33.6183 	DATA 	Sampled Response: 2, Outcome Shown: -5
33.6782 	DATA 	Keypress: 1
33.6869 	EXP 	unnamed TextStim: text = '+10'
34.1864 	DATA 	Sampled Response: 1, Outcome Shown: +10
34.1866 	DATA 	Keypress: 2
35.7586 	DATA 	Keypress: 2
35.7619 	EXP 	unnamed TextStim: text = '-5'
36.2614 	DATA 	Sampled Response: 2, Outcome Shown: -5
36.6321 	DATA 	Keypress: 1
36.6401 	EXP 	unnamed TextStim: text = '+2'
37.1394 	DATA 	Sampled Response: 1, Outcome Shown: +2
37.4138 	DATA 	Keypress: 2
37.4221 	EXP 	unnamed TextStim: text = '-5'
37.9214 	DATA 	Sampled Response: 2, Outcome Shown: -5
38.0699 	DATA 	Keypress: 1
38.0758 	EXP 	unnamed TextStim: text = '+2'
38.5755 	DATA 	Sampled Response: 1, Outcome Shown: +2
38.7854 	DATA 	Keypress: 2
38.7887 	EXP 	unnamed TextStim: text = '-5'
39.2885 	DATA 	Sampled Response: 2, Outcome Shown: -5
39.5205 	DATA 	Keypress: 1
39.5238 	EXP 	unnamed TextStim: text = '+2'
40.0235 	DATA 	Sampled Response: 1, Outcome Shown: +2
40.1426 	DATA 	Keypress: 2
40.1458 	EXP 	unnamed TextStim: text = '-5'
40.6455 	DATA 	Sampled Response: 2, Outcome Shown: -5
40.7427 	DATA 	Keypress: 1
40.7461 	EXP 	unnamed TextStim: text = '+2'
41.2455 	DATA 	Sampled Response: 1, Outcome Shown: +2
41.2457 	DATA 	Keypress: 2
41.5190 	DATA 	Keypress: 2
41.5223 	EXP 	unnamed TextStim: text = '-5'
42.0215 	DATA 	Sampled Response: 2, Outcome Shown: -5
42.1258 	DATA 	Keypress: 1
42.1293 	EXP 	unnamed TextStim: text = '+2'
42.6285 	DATA 	Sampled Response: 1, Outcome Shown: +2
42.7983 	DATA 	Keypress: 2
42.8042 	EXP 	unnamed TextStim: text = '-5'
43.3036 	DATA 	Sampled Response: 2, Outcome Shown: -5
43.4137 	DATA 	Keypress: 1
43.4223 	EXP 	unnamed TextStim: text = '+2'
43.9216 	DATA 	Sampled Response: 1, Outcome Shown: +2
44.4019 	DATA 	Keypress: 2
44.4052 	EXP 	unnamed TextStim: text = '-5'
44.9046 	DATA 	Sampled Response: 2, Outcome Shown: -5
44.9899 	DATA 	Keypress: 1
44.9962 	EXP 	unnamed TextStim: text = '+10'
45.4956 	DATA 	Sampled Response: 1, Outcome Shown: +10
45.4957 	DATA 	** broke sampling loop (<.5s left in trial) **
45.4966 	DATA 	samplingCount: 16
45.4966 	DATA 	Think Onset
45.4978 	EXP 	unnamed Rect: lineColor = 'white (named)'
45.4978 	EXP 	unnamed Rect: lineColor = 'white (named)'
45.5519 	DATA 	Keypress: 2
48.5062 	DATA 	Decide Onset
48.7171 	DATA 	Keypress: 1
48.7172 	DATA 	Decision Button Press: ['1']
48.7172 	DATA 	Decision Response: 1
48.7185 	EXP 	unnamed Rect: lineColor = 'red (named)'
49.2262 	DATA 	ITI Onset
49.2271 	EXP 	unnamed Rect: lineColor = 'white (named)'
49.2271 	EXP 	unnamed Rect: lineColor = 'white (named)'
49.2271 	EXP 	unnamed TextStim: text = '+10'
49.2271 	EXP 	unnamed TextStim: text = '-5'
52.1081 	DATA 	Trial End Time - totalITI: 2.88090448619
52.1084 	EXP 	New trial (rep=0, index=2): {'P1_1': '0.7', 'P1_2': '1', 'SafeOption': '2', 'P2_2': '0', 'O2_2': '0', 'O2_1': '0', 'ProbNumber': 'SD5', 'O1_2': '-8', 'O1_1': '-10', 'EV2': '-8', 'EV1': '-7', 'ProbType': 'SD', 'P2_1': '0.3'}
52.1085 	DATA 	Trial Onset - ProblemType: SD, ProblemNumber: SD5, leftRight: 0, samplingDur: 18, assignedITI: 1.1477
52.1085 	DATA 	Sampling Onset
52.5532 	DATA 	Keypress: 1
52.5598 	EXP 	unnamed TextStim: text = '-10'
53.0598 	DATA 	Sampled Response: 1, Outcome Shown: -10
53.2395 	DATA 	Keypress: 1
53.2429 	EXP 	unnamed TextStim: text = '-10'
53.7428 	DATA 	Sampled Response: 1, Outcome Shown: -10
53.9698 	DATA 	Keypress: 1
53.9731 	EXP 	unnamed TextStim: text = '-10'
54.4728 	DATA 	Sampled Response: 1, Outcome Shown: -10
54.6534 	DATA 	Keypress: 1
54.6607 	EXP 	unnamed TextStim: text = '0'
55.1608 	DATA 	Sampled Response: 1, Outcome Shown: 0
55.3753 	DATA 	Keypress: 1
55.3786 	EXP 	unnamed TextStim: text = '0'
55.8778 	DATA 	Sampled Response: 1, Outcome Shown: 0
56.1112 	DATA 	Keypress: 1
56.1172 	EXP 	unnamed TextStim: text = '-10'
56.6168 	DATA 	Sampled Response: 1, Outcome Shown: -10
56.8301 	DATA 	Keypress: 1
56.8357 	EXP 	unnamed TextStim: text = '0'
57.3348 	DATA 	Sampled Response: 1, Outcome Shown: 0
57.5091 	DATA 	Keypress: 1
57.5176 	EXP 	unnamed TextStim: text = '0'
58.0169 	DATA 	Sampled Response: 1, Outcome Shown: 0
58.4051 	DATA 	Keypress: 1
58.4083 	EXP 	unnamed TextStim: text = '0'
58.9079 	DATA 	Sampled Response: 1, Outcome Shown: 0
59.1340 	DATA 	Keypress: 1
59.1399 	EXP 	unnamed TextStim: text = '-10'
59.6399 	DATA 	Sampled Response: 1, Outcome Shown: -10
60.5973 	DATA 	Keypress: 1
60.6032 	EXP 	unnamed TextStim: text = '-10'
61.1029 	DATA 	Sampled Response: 1, Outcome Shown: -10
61.5976 	DATA 	Keypress: 1
61.6034 	EXP 	unnamed TextStim: text = '-10'
62.1029 	DATA 	Sampled Response: 1, Outcome Shown: -10
62.2136 	DATA 	Keypress: 1
62.2218 	EXP 	unnamed TextStim: text = '-10'
62.7220 	DATA 	Sampled Response: 1, Outcome Shown: -10
62.9518 	DATA 	Keypress: 1
62.9571 	EXP 	unnamed TextStim: text = '0'
63.4570 	DATA 	Sampled Response: 1, Outcome Shown: 0
63.5726 	DATA 	Keypress: 1
63.5790 	EXP 	unnamed TextStim: text = '-10'
64.0790 	DATA 	Sampled Response: 1, Outcome Shown: -10
64.2134 	DATA 	Keypress: 1
64.2218 	EXP 	unnamed TextStim: text = '-10'
64.7210 	DATA 	Sampled Response: 1, Outcome Shown: -10
64.7753 	DATA 	Keypress: 1
64.7789 	EXP 	unnamed TextStim: text = '-10'
65.2790 	DATA 	Sampled Response: 1, Outcome Shown: -10
65.2792 	DATA 	Keypress: 1
65.6015 	DATA 	Keypress: 1
65.6065 	EXP 	unnamed TextStim: text = '0'
66.1060 	DATA 	Sampled Response: 1, Outcome Shown: 0
66.3966 	DATA 	Keypress: 1
66.4027 	EXP 	unnamed TextStim: text = '-10'
66.9020 	DATA 	Sampled Response: 1, Outcome Shown: -10
67.2531 	DATA 	Keypress: 1
67.2564 	EXP 	unnamed TextStim: text = '-10'
67.7560 	DATA 	Sampled Response: 1, Outcome Shown: -10
67.9244 	DATA 	Keypress: 1
67.9305 	EXP 	unnamed TextStim: text = '-10'
68.4301 	DATA 	Sampled Response: 1, Outcome Shown: -10
68.5909 	DATA 	Keypress: 1
68.5942 	EXP 	unnamed TextStim: text = '-10'
69.0941 	DATA 	Sampled Response: 1, Outcome Shown: -10
69.6094 	DATA 	** broke sampling loop (<.5s left in trial) **
69.6104 	DATA 	samplingCount: 22
69.6104 	DATA 	Think Onset
69.6129 	EXP 	unnamed Rect: lineColor = 'white (named)'
69.6129 	EXP 	unnamed Rect: lineColor = 'white (named)'
69.8473 	DATA 	Keypress: 1
70.4064 	DATA 	Keypress: 1
71.9094 	DATA 	Keypress: 2
72.6187 	DATA 	Decide Onset
72.9081 	DATA 	Keypress: 2
72.9084 	DATA 	Decision Button Press: ['2']
72.9084 	DATA 	Decision Response: 2
72.9097 	EXP 	unnamed Rect: lineColor = 'red (named)'
73.4167 	DATA 	ITI Onset
73.4177 	EXP 	unnamed Rect: lineColor = 'white (named)'
73.4177 	EXP 	unnamed Rect: lineColor = 'white (named)'
73.4177 	EXP 	unnamed TextStim: text = '-10'
73.4177 	EXP 	unnamed TextStim: text = '-5'
76.4760 	DATA 	Trial End Time - totalITI: 3.05681077331
76.4763 	EXP 	New trial (rep=0, index=3): {'P1_1': '0.7', 'P1_2': '0.1', 'SafeOption': '1', 'P2_2': '0.9', 'O2_2': '30', 'O2_1': '38', 'ProbNumber': 'RR11', 'O1_2': '-10', 'O1_1': '22', 'EV2': '26', 'EV1': '26.8', 'ProbType': 'RR', 'P2_1': '0.3'}
76.4764 	DATA 	Trial Onset - ProblemType: RR, ProblemNumber: RR11, leftRight: 1, samplingDur: 15, assignedITI: 1.4411
76.4764 	DATA 	Sampling Onset
77.8203 	DATA 	Keypress: 1
77.8267 	EXP 	unnamed TextStim: text = '+30'
78.3263 	DATA 	Sampled Response: 2, Outcome Shown: +38
78.4538 	DATA 	Keypress: 1
78.4572 	EXP 	unnamed TextStim: text = '+30'
78.9573 	DATA 	Sampled Response: 2, Outcome Shown: +22
79.1408 	DATA 	Keypress: 1
79.1441 	EXP 	unnamed TextStim: text = '+30'
79.6433 	DATA 	Sampled Response: 2, Outcome Shown: +38
79.8849 	DATA 	Keypress: 1
79.8882 	EXP 	unnamed TextStim: text = '+30'
80.3883 	DATA 	Sampled Response: 2, Outcome Shown: +22
80.9192 	DATA 	Keypress: 1
80.9254 	EXP 	unnamed TextStim: text = '-10'
81.4254 	DATA 	Sampled Response: 2, Outcome Shown: +22
81.7199 	DATA 	Keypress: 1
81.7231 	EXP 	unnamed TextStim: text = '-10'
82.2224 	DATA 	Sampled Response: 2, Outcome Shown: +38
82.4126 	DATA 	Keypress: 1
82.4191 	EXP 	unnamed TextStim: text = '+30'
82.9184 	DATA 	Sampled Response: 2, Outcome Shown: +38
82.9881 	DATA 	Keypress: 1
82.9945 	EXP 	unnamed TextStim: text = '+30'
83.4944 	DATA 	Sampled Response: 2, Outcome Shown: +22
83.7082 	DATA 	Keypress: 1
83.7115 	EXP 	unnamed TextStim: text = '+30'
84.2114 	DATA 	Sampled Response: 2, Outcome Shown: +22
84.2116 	DATA 	Keypress: 2
84.4756 	DATA 	Keypress: 2
84.4846 	EXP 	unnamed TextStim: text = '+22'
84.9844 	DATA 	Sampled Response: 1, Outcome Shown: +30
85.3959 	DATA 	Keypress: 2
85.4018 	EXP 	unnamed TextStim: text = '+22'
85.9015 	DATA 	Sampled Response: 1, Outcome Shown: +30
86.1355 	DATA 	Keypress: 2
86.1389 	EXP 	unnamed TextStim: text = '+22'
86.6385 	DATA 	Sampled Response: 1, Outcome Shown: +30
86.8922 	DATA 	Keypress: 2
86.8955 	EXP 	unnamed TextStim: text = '+22'
87.3955 	DATA 	Sampled Response: 1, Outcome Shown: +30
87.6215 	DATA 	Keypress: 2
87.6248 	EXP 	unnamed TextStim: text = '+22'
88.1245 	DATA 	Sampled Response: 1, Outcome Shown: +30
88.4126 	DATA 	Keypress: 2
88.4313 	EXP 	unnamed TextStim: text = '+38'
88.9305 	DATA 	Sampled Response: 1, Outcome Shown: +30
89.1571 	DATA 	Keypress: 2
89.1633 	EXP 	unnamed TextStim: text = '+22'
89.6625 	DATA 	Sampled Response: 1, Outcome Shown: -10
89.8218 	DATA 	Keypress: 2
89.8252 	EXP 	unnamed TextStim: text = '+22'
90.3245 	DATA 	Sampled Response: 1, Outcome Shown: +30
90.5417 	DATA 	Keypress: 2
90.5450 	EXP 	unnamed TextStim: text = '+22'
91.0445 	DATA 	Sampled Response: 1, Outcome Shown: +30
91.0447 	DATA 	** broke sampling loop (<.5s left in trial) **
91.0456 	DATA 	samplingCount: 18
91.0456 	DATA 	Think Onset
91.0469 	EXP 	unnamed Rect: lineColor = 'white (named)'
91.0469 	EXP 	unnamed Rect: lineColor = 'white (named)'
91.1888 	DATA 	Keypress: 2
94.0543 	DATA 	Decide Onset
94.8351 	DATA 	Keypress: 1
94.8352 	DATA 	Decision Button Press: ['1']
94.8353 	DATA 	Decision Response: 2
94.8367 	EXP 	unnamed Rect: lineColor = 'red (named)'
95.3452 	DATA 	ITI Onset
95.3462 	EXP 	unnamed Rect: lineColor = 'white (named)'
95.3462 	EXP 	unnamed Rect: lineColor = 'white (named)'
95.3462 	EXP 	unnamed TextStim: text = '+30'
95.3462 	EXP 	unnamed TextStim: text = '+22'
98.1406 	DATA 	Trial End Time - totalITI: 2.79177106872
98.1409 	EXP 	New trial (rep=0, index=4): {'P1_1': '0.4', 'P1_2': '1', 'SafeOption': '2', 'P2_2': '0', 'O2_2': '0', 'O2_1': '0', 'ProbNumber': 'SD11', 'O1_2': '8', 'O1_1': '22', 'EV2': '8', 'EV1': '8.8', 'ProbType': 'SD', 'P2_1': '0.6'}
98.1410 	DATA 	Trial Onset - ProblemType: SD, ProblemNumber: SD11, leftRight: 1, samplingDur: 16, assignedITI: 1.5734
98.1410 	DATA 	Sampling Onset
98.9551 	DATA 	Keypress: 1
99.8189 	DATA 	Keypress: 2
99.8268 	EXP 	unnamed TextStim: text = '0'
100.3268 	DATA 	Sampled Response: 1, Outcome Shown: +8
100.4692 	DATA 	Keypress: 2
100.4725 	EXP 	unnamed TextStim: text = '0'
100.9718 	DATA 	Sampled Response: 1, Outcome Shown: +8
101.0112 	DATA 	Keypress: 1
101.0230 	EXP 	unnamed TextStim: text = '+8'
101.5228 	DATA 	Sampled Response: 2, Outcome Shown: +22
101.5230 	DATA 	Keypress: 2
101.8676 	DATA 	Keypress: 2
101.8762 	EXP 	unnamed TextStim: text = '+22'
102.3758 	DATA 	Sampled Response: 1, Outcome Shown: +8
102.8670 	DATA 	Keypress: 2
102.8720 	EXP 	unnamed TextStim: text = '0'
103.3718 	DATA 	Sampled Response: 1, Outcome Shown: +8
103.5954 	DATA 	Keypress: 2
103.6065 	EXP 	unnamed TextStim: text = '+22'
104.1058 	DATA 	Sampled Response: 1, Outcome Shown: +8
104.2352 	DATA 	Keypress: 2
104.2404 	EXP 	unnamed TextStim: text = '0'
104.7399 	DATA 	Sampled Response: 1, Outcome Shown: +8
105.0207 	DATA 	Keypress: 2
105.0240 	EXP 	unnamed TextStim: text = '0'
105.5239 	DATA 	Sampled Response: 1, Outcome Shown: +8
105.6435 	DATA 	Keypress: 2
105.6495 	EXP 	unnamed TextStim: text = '0'
106.1489 	DATA 	Sampled Response: 1, Outcome Shown: +8
106.2033 	DATA 	Keypress: 2
106.2092 	EXP 	unnamed TextStim: text = '0'
106.7089 	DATA 	Sampled Response: 1, Outcome Shown: +8
106.8838 	DATA 	Keypress: 2
106.8903 	EXP 	unnamed TextStim: text = '+22'
107.3899 	DATA 	Sampled Response: 1, Outcome Shown: +8
107.4914 	DATA 	Keypress: 2
107.5002 	EXP 	unnamed TextStim: text = '+22'
107.9999 	DATA 	Sampled Response: 1, Outcome Shown: +8
108.1166 	DATA 	Keypress: 2
108.1199 	EXP 	unnamed TextStim: text = '+22'
108.6199 	DATA 	Sampled Response: 1, Outcome Shown: +8
108.8206 	DATA 	Keypress: 2
108.8239 	EXP 	unnamed TextStim: text = '+22'
109.3240 	DATA 	Sampled Response: 1, Outcome Shown: +8
109.6611 	DATA 	Keypress: 2
109.6668 	EXP 	unnamed TextStim: text = '0'
110.1670 	DATA 	Sampled Response: 1, Outcome Shown: +8
110.4114 	DATA 	Keypress: 2
110.4181 	EXP 	unnamed TextStim: text = '+22'
110.9180 	DATA 	Sampled Response: 1, Outcome Shown: +8
111.0345 	DATA 	Keypress: 2
111.0406 	EXP 	unnamed TextStim: text = '+22'
111.5400 	DATA 	Sampled Response: 1, Outcome Shown: +8
111.6764 	DATA 	Keypress: 2
111.6825 	EXP 	unnamed TextStim: text = '0'
112.1820 	DATA 	Sampled Response: 1, Outcome Shown: +8
112.3549 	DATA 	Keypress: 2
112.3612 	EXP 	unnamed TextStim: text = '+22'
112.8610 	DATA 	Sampled Response: 1, Outcome Shown: +8
113.0112 	DATA 	Keypress: 2
113.0175 	EXP 	unnamed TextStim: text = '+22'
113.5170 	DATA 	Sampled Response: 1, Outcome Shown: +8
113.6429 	DATA 	** broke sampling loop (<.5s left in trial) **
113.6443 	DATA 	samplingCount: 20
113.6443 	DATA 	Think Onset
113.6489 	EXP 	unnamed Rect: lineColor = 'white (named)'
113.6489 	EXP 	unnamed Rect: lineColor = 'white (named)'
113.7572 	DATA 	Keypress: 2
116.6522 	DATA 	Decide Onset
117.0102 	DATA 	Keypress: 1
117.0103 	DATA 	Decision Button Press: ['1']
117.0103 	DATA 	Decision Response: 2
117.0117 	EXP 	unnamed Rect: lineColor = 'red (named)'
117.5190 	DATA 	ITI Onset
117.5200 	EXP 	unnamed Rect: lineColor = 'white (named)'
117.5200 	EXP 	unnamed Rect: lineColor = 'white (named)'
117.5200 	EXP 	unnamed TextStim: text = '+8'
117.5200 	EXP 	unnamed TextStim: text = '+22'
120.9356 	DATA 	Trial End Time - totalITI: 3.41281671944
120.9358 	EXP 	New trial (rep=0, index=5): {'P1_1': '0.9', 'P1_2': '1', 'SafeOption': '2', 'P2_2': '0', 'O2_2': '0', 'O2_1': '-30', 'ProbNumber': 'MD2', 'O1_2': '-1', 'O1_1': '2', 'EV2': '-1', 'EV1': '-1.2', 'ProbType': 'MD', 'P2_1': '0.1'}
120.9360 	DATA 	Trial Onset - ProblemType: MD, ProblemNumber: MD2, leftRight: 0, samplingDur: 17, assignedITI: 4.6191
120.9360 	DATA 	Sampling Onset
121.8685 	DATA 	Keypress: 2
121.8746 	EXP 	unnamed TextStim: text = '-1'
122.3742 	DATA 	Sampled Response: 2, Outcome Shown: -1
122.8110 	DATA 	Keypress: 2
122.8193 	EXP 	unnamed TextStim: text = '-1'
123.3192 	DATA 	Sampled Response: 2, Outcome Shown: -1
123.6583 	DATA 	Keypress: 2
123.6615 	EXP 	unnamed TextStim: text = '-1'
124.1612 	DATA 	Sampled Response: 2, Outcome Shown: -1
124.5065 	DATA 	Keypress: 1
124.5149 	EXP 	unnamed TextStim: text = '+2'
125.0143 	DATA 	Sampled Response: 1, Outcome Shown: +2
125.4031 	DATA 	Keypress: 1
125.4066 	EXP 	unnamed TextStim: text = '+2'
125.9063 	DATA 	Sampled Response: 1, Outcome Shown: +2
126.3328 	DATA 	Keypress: 1
126.3361 	EXP 	unnamed TextStim: text = '+2'
126.8353 	DATA 	Sampled Response: 1, Outcome Shown: +2
127.6901 	DATA 	Keypress: 1
127.6971 	EXP 	unnamed TextStim: text = '-30'
128.1963 	DATA 	Sampled Response: 1, Outcome Shown: -30
128.6099 	DATA 	Keypress: 1
128.6204 	EXP 	unnamed TextStim: text = '+2'
129.1204 	DATA 	Sampled Response: 1, Outcome Shown: +2
129.4434 	DATA 	Keypress: 1
129.4490 	EXP 	unnamed TextStim: text = '+2'
129.9484 	DATA 	Sampled Response: 1, Outcome Shown: +2
130.7156 	DATA 	Keypress: 2
130.7188 	EXP 	unnamed TextStim: text = '-1'
131.2184 	DATA 	Sampled Response: 2, Outcome Shown: -1
131.4582 	DATA 	Keypress: 2
131.4640 	EXP 	unnamed TextStim: text = '-1'
131.9634 	DATA 	Sampled Response: 2, Outcome Shown: -1
132.1228 	DATA 	Keypress: 2
132.1262 	EXP 	unnamed TextStim: text = '-1'
132.6254 	DATA 	Sampled Response: 2, Outcome Shown: -1
132.7858 	DATA 	Keypress: 2
132.7918 	EXP 	unnamed TextStim: text = '-1'
133.2915 	DATA 	Sampled Response: 2, Outcome Shown: -1
133.3856 	DATA 	Keypress: 2
134.1872 	DATA 	Keypress: 1
134.1934 	EXP 	unnamed TextStim: text = '-30'
134.6935 	DATA 	Sampled Response: 1, Outcome Shown: -30
134.7779 	DATA 	Keypress: 2
134.7840 	EXP 	unnamed TextStim: text = '-1'
135.2835 	DATA 	Sampled Response: 2, Outcome Shown: -1
135.4099 	DATA 	Keypress: 2
135.4157 	EXP 	unnamed TextStim: text = '-1'
135.9155 	DATA 	Sampled Response: 2, Outcome Shown: -1
136.0897 	DATA 	Keypress: 2
136.0928 	EXP 	unnamed TextStim: text = '-1'
136.5925 	DATA 	Sampled Response: 2, Outcome Shown: -1
136.7058 	DATA 	Keypress: 1
136.7145 	EXP 	unnamed TextStim: text = '+2'
137.2146 	DATA 	Sampled Response: 1, Outcome Shown: +2
137.4381 	DATA 	** broke sampling loop (<.5s left in trial) **
137.4392 	DATA 	samplingCount: 18
137.4392 	DATA 	Think Onset
137.4417 	EXP 	unnamed Rect: lineColor = 'white (named)'
137.4417 	EXP 	unnamed Rect: lineColor = 'white (named)'
140.4487 	DATA 	Decide Onset
140.9691 	DATA 	Keypress: 1
140.9692 	DATA 	Decision Button Press: ['1']
140.9692 	DATA 	Decision Response: 1
140.9707 	EXP 	unnamed Rect: lineColor = 'red (named)'
141.4778 	DATA 	ITI Onset
141.4787 	EXP 	unnamed Rect: lineColor = 'white (named)'
141.4787 	EXP 	unnamed Rect: lineColor = 'white (named)'
141.4787 	EXP 	unnamed TextStim: text = '+2'
141.4787 	EXP 	unnamed TextStim: text = '-1'
145.2669 	DATA 	Keypress: 1
146.2659 	DATA 	Keypress: 1
147.6833 	DATA 	Keypress: 1
147.7771 	DATA 	Trial End Time - totalITI: 6.2961381792
147.7774 	EXP 	New trial (rep=0, index=6): {'P1_1': '0.8', 'P1_2': '1', 'SafeOption': '2', 'P2_2': '0', 'O2_2': '0', 'O2_1': '0', 'ProbNumber': 'SD4', 'O1_2': '-3', 'O1_1': '-4', 'EV2': '-3', 'EV1': '-3.2', 'ProbType': 'SD', 'P2_1': '0.2'}
147.7775 	DATA 	Trial Onset - ProblemType: SD, ProblemNumber: SD4, leftRight: 1, samplingDur: 15, assignedITI: 3.6695
147.7775 	DATA 	Sampling Onset
148.1874 	DATA 	Keypress: 1
148.1937 	EXP 	unnamed TextStim: text = '-3'
148.6938 	DATA 	Sampled Response: 2, Outcome Shown: -4
148.8098 	DATA 	Keypress: 1
148.8156 	EXP 	unnamed TextStim: text = '-3'
149.3148 	DATA 	Sampled Response: 2, Outcome Shown: -4
149.5473 	DATA 	Keypress: 1
149.5505 	EXP 	unnamed TextStim: text = '-3'
150.0498 	DATA 	Sampled Response: 2, Outcome Shown: -4
150.1476 	DATA 	Keypress: 1
150.1510 	EXP 	unnamed TextStim: text = '-3'
150.6508 	DATA 	Sampled Response: 2, Outcome Shown: -4
151.4255 	DATA 	Keypress: 1
151.4338 	EXP 	unnamed TextStim: text = '-3'
151.9339 	DATA 	Sampled Response: 2, Outcome Shown: -4
152.1851 	DATA 	Keypress: 1
152.1885 	EXP 	unnamed TextStim: text = '-3'
152.6879 	DATA 	Sampled Response: 2, Outcome Shown: -4
152.7965 	DATA 	Keypress: 1
152.7999 	EXP 	unnamed TextStim: text = '-3'
153.2998 	DATA 	Sampled Response: 2, Outcome Shown: -4
153.4983 	DATA 	Keypress: 1
153.5021 	EXP 	unnamed TextStim: text = '-3'
154.0019 	DATA 	Sampled Response: 2, Outcome Shown: -4
154.0497 	DATA 	Keypress: 1
154.0531 	EXP 	unnamed TextStim: text = '-3'
154.5529 	DATA 	Sampled Response: 2, Outcome Shown: -4
154.7055 	DATA 	Keypress: 1
154.7088 	EXP 	unnamed TextStim: text = '-3'
155.2079 	DATA 	Sampled Response: 2, Outcome Shown: 0
155.3535 	DATA 	Keypress: 1
155.3567 	EXP 	unnamed TextStim: text = '-3'
155.8559 	DATA 	Sampled Response: 2, Outcome Shown: -4
156.0256 	DATA 	Keypress: 1
156.0312 	EXP 	unnamed TextStim: text = '-3'
156.5310 	DATA 	Sampled Response: 2, Outcome Shown: 0
156.5693 	DATA 	Keypress: 1
156.5726 	EXP 	unnamed TextStim: text = '-3'
157.0719 	DATA 	Sampled Response: 2, Outcome Shown: -4
157.0722 	DATA 	Keypress: 1
157.6580 	DATA 	Keypress: 1
157.6638 	EXP 	unnamed TextStim: text = '-3'
158.1630 	DATA 	Sampled Response: 2, Outcome Shown: 0
158.2984 	DATA 	Keypress: 1
158.3020 	EXP 	unnamed TextStim: text = '-3'
158.8020 	DATA 	Sampled Response: 2, Outcome Shown: -4
158.9547 	DATA 	Keypress: 1
158.9580 	EXP 	unnamed TextStim: text = '-3'
159.4580 	DATA 	Sampled Response: 2, Outcome Shown: -4
159.6248 	DATA 	Keypress: 1
159.6304 	EXP 	unnamed TextStim: text = '-3'
160.1300 	DATA 	Sampled Response: 2, Outcome Shown: 0
160.1302 	DATA 	Keypress: 1
160.6260 	DATA 	Keypress: 1
160.6320 	EXP 	unnamed TextStim: text = '-3'
161.1320 	DATA 	Sampled Response: 2, Outcome Shown: -4
162.2346 	DATA 	Keypress: 1
162.2379 	EXP 	unnamed TextStim: text = '-3'
162.7371 	DATA 	Sampled Response: 2, Outcome Shown: -4
162.7372 	DATA 	** broke sampling loop (<.5s left in trial) **
162.7381 	DATA 	samplingCount: 19
162.7381 	DATA 	Think Onset
162.7393 	EXP 	unnamed Rect: lineColor = 'white (named)'
162.7393 	EXP 	unnamed Rect: lineColor = 'white (named)'
162.8805 	DATA 	Keypress: 1
165.7475 	DATA 	Decide Onset
166.0561 	DATA 	Keypress: 2
166.0562 	DATA 	Decision Button Press: ['2']
166.0562 	DATA 	Decision Response: 1
166.0576 	EXP 	unnamed Rect: lineColor = 'red (named)'
166.5645 	DATA 	ITI Onset
166.5655 	EXP 	unnamed Rect: lineColor = 'white (named)'
166.5655 	EXP 	unnamed Rect: lineColor = 'white (named)'
166.5655 	EXP 	unnamed TextStim: text = '-3'
166.5655 	EXP 	unnamed TextStim: text = '-1'
166.8162 	DATA 	Keypress: 2
171.6675 	DATA 	Trial End Time - totalITI: 5.10093691677
171.6678 	EXP 	New trial (rep=0, index=7): {'P1_1': '0.4', 'P1_2': '1', 'SafeOption': '2', 'P2_2': '0', 'O2_2': '0', 'O2_1': '-20', 'ProbNumber': 'MD4', 'O1_2': '-4', 'O1_1': '15', 'EV2': '-4', 'EV1': '-6', 'ProbType': 'MD', 'P2_1': '0.6'}
171.6679 	DATA 	Trial Onset - ProblemType: MD, ProblemNumber: MD4, leftRight: 0, samplingDur: 18, assignedITI: 1.2297
171.6679 	DATA 	Sampling Onset
172.2481 	DATA 	Keypress: 2
172.2568 	EXP 	unnamed TextStim: text = '-4'
172.7564 	DATA 	Sampled Response: 2, Outcome Shown: -4
172.7566 	DATA 	Keypress: 1
173.5536 	DATA 	Keypress: 1
173.5598 	EXP 	unnamed TextStim: text = '+15'
174.0593 	DATA 	Sampled Response: 1, Outcome Shown: +15
174.3648 	DATA 	Keypress: 2
174.3681 	EXP 	unnamed TextStim: text = '-4'
174.8673 	DATA 	Sampled Response: 2, Outcome Shown: -4
175.1305 	DATA 	Keypress: 1
175.1338 	EXP 	unnamed TextStim: text = '+15'
175.6334 	DATA 	Sampled Response: 1, Outcome Shown: +15
175.8170 	DATA 	Keypress: 2
175.8204 	EXP 	unnamed TextStim: text = '-4'
176.3204 	DATA 	Sampled Response: 2, Outcome Shown: -4
176.3693 	DATA 	Keypress: 1
176.3755 	EXP 	unnamed TextStim: text = '-20'
176.8754 	DATA 	Sampled Response: 1, Outcome Shown: -20
177.2122 	DATA 	Keypress: 2
177.2155 	EXP 	unnamed TextStim: text = '-4'
177.7154 	DATA 	Sampled Response: 2, Outcome Shown: -4
177.8718 	DATA 	Keypress: 1
177.8783 	EXP 	unnamed TextStim: text = '+15'
178.3774 	DATA 	Sampled Response: 1, Outcome Shown: +15
178.6083 	DATA 	Keypress: 1
178.6146 	EXP 	unnamed TextStim: text = '-20'
179.1144 	DATA 	Sampled Response: 1, Outcome Shown: -20
179.3313 	DATA 	Keypress: 1
179.3375 	EXP 	unnamed TextStim: text = '+15'
179.8374 	DATA 	Sampled Response: 1, Outcome Shown: +15
179.9800 	DATA 	Keypress: 1
179.9834 	EXP 	unnamed TextStim: text = '+15'
180.4834 	DATA 	Sampled Response: 1, Outcome Shown: +15
180.5788 	DATA 	Keypress: 1
180.5855 	EXP 	unnamed TextStim: text = '-20'
181.0855 	DATA 	Sampled Response: 1, Outcome Shown: -20
181.1921 	DATA 	Keypress: 1
181.2007 	EXP 	unnamed TextStim: text = '-20'
181.7005 	DATA 	Sampled Response: 1, Outcome Shown: -20
181.8239 	DATA 	Keypress: 1
181.8323 	EXP 	unnamed TextStim: text = '-20'
182.3315 	DATA 	Sampled Response: 1, Outcome Shown: -20
182.5376 	DATA 	Keypress: 1
182.5443 	EXP 	unnamed TextStim: text = '+15'
183.0435 	DATA 	Sampled Response: 1, Outcome Shown: +15
183.1634 	DATA 	Keypress: 1
183.1667 	EXP 	unnamed TextStim: text = '+15'
183.6665 	DATA 	Sampled Response: 1, Outcome Shown: +15
183.8178 	DATA 	Keypress: 1
183.8238 	EXP 	unnamed TextStim: text = '-20'
184.3235 	DATA 	Sampled Response: 1, Outcome Shown: -20
184.5532 	DATA 	Keypress: 1
184.5565 	EXP 	unnamed TextStim: text = '-20'
185.0565 	DATA 	Sampled Response: 1, Outcome Shown: -20
185.0960 	DATA 	Keypress: 1
185.0994 	EXP 	unnamed TextStim: text = '-20'
185.5995 	DATA 	Sampled Response: 1, Outcome Shown: -20
185.5998 	DATA 	Keypress: 1
186.0639 	DATA 	Keypress: 1
186.0699 	EXP 	unnamed TextStim: text = '-20'
186.5696 	DATA 	Sampled Response: 1, Outcome Shown: -20
186.5698 	DATA 	Keypress: 1
187.0242 	DATA 	Keypress: 1
187.0300 	EXP 	unnamed TextStim: text = '-20'
187.5296 	DATA 	Sampled Response: 1, Outcome Shown: -20
187.5298 	DATA 	Keypress: 1
187.9639 	DATA 	Keypress: 1
187.9673 	EXP 	unnamed TextStim: text = '-20'
188.4666 	DATA 	Sampled Response: 1, Outcome Shown: -20
188.4668 	DATA 	Keypress: 1
188.5289 	DATA 	Keypress: 1
188.5351 	EXP 	unnamed TextStim: text = '+15'
189.0346 	DATA 	Sampled Response: 1, Outcome Shown: +15
189.0348 	DATA 	Keypress: 1
189.1705 	DATA 	** broke sampling loop (<.5s left in trial) **
189.1715 	DATA 	samplingCount: 23
189.1715 	DATA 	Think Onset
189.1740 	EXP 	unnamed Rect: lineColor = 'white (named)'
189.1740 	EXP 	unnamed Rect: lineColor = 'white (named)'
189.3061 	DATA 	Keypress: 1
189.9138 	DATA 	Keypress: 1
190.6585 	DATA 	Keypress: 1
191.3379 	DATA 	Keypress: 1
192.1212 	DATA 	Keypress: 1
192.1805 	DATA 	Decide Onset
192.6869 	DATA 	Keypress: 1
192.6870 	DATA 	Decision Button Press: ['1']
192.6870 	DATA 	Decision Response: 1
192.6884 	EXP 	unnamed Rect: lineColor = 'red (named)'
193.1961 	DATA 	ITI Onset
193.1971 	EXP 	unnamed Rect: lineColor = 'white (named)'
193.1971 	EXP 	unnamed Rect: lineColor = 'white (named)'
193.1971 	EXP 	unnamed TextStim: text = '+15'
193.1971 	EXP 	unnamed TextStim: text = '-4'
196.1176 	DATA 	Trial End Time - totalITI: 2.9203520606
196.1179 	EXP 	New trial (rep=0, index=8): {'P1_1': '0.6', 'P1_2': '1', 'SafeOption': '2', 'P2_2': '0', 'O2_2': '0', 'O2_1': '-12', 'ProbNumber': 'MD12', 'O1_2': '12', 'O1_1': '30', 'EV2': '12', 'EV1': '13.2', 'ProbType': 'MD', 'P2_1': '0.4'}
196.1180 	DATA 	Trial Onset - ProblemType: MD, ProblemNumber: MD12, leftRight: 1, samplingDur: 19, assignedITI: 1.8808
196.1181 	DATA 	Sampling Onset
196.7831 	DATA 	Keypress: 1
196.7897 	EXP 	unnamed TextStim: text = '+12'
197.2888 	DATA 	Sampled Response: 2, Outcome Shown: -12
197.3840 	DATA 	Keypress: 1
197.3874 	EXP 	unnamed TextStim: text = '+12'
197.8868 	DATA 	Sampled Response: 2, Outcome Shown: +30
197.9855 	DATA 	Keypress: 1
197.9889 	EXP 	unnamed TextStim: text = '+12'
198.4888 	DATA 	Sampled Response: 2, Outcome Shown: +30
198.6631 	DATA 	Keypress: 1
198.6663 	EXP 	unnamed TextStim: text = '+12'
199.1659 	DATA 	Sampled Response: 2, Outcome Shown: -12
199.1661 	DATA 	Keypress: 1
199.5451 	DATA 	Keypress: 1
199.5484 	EXP 	unnamed TextStim: text = '+12'
200.0478 	DATA 	Sampled Response: 2, Outcome Shown: +30
200.2230 	DATA 	Keypress: 2
200.2346 	EXP 	unnamed TextStim: text = '+30'
200.7339 	DATA 	Sampled Response: 1, Outcome Shown: +12
200.7830 	DATA 	Keypress: 1
200.7890 	EXP 	unnamed TextStim: text = '+12'
201.2889 	DATA 	Sampled Response: 2, Outcome Shown: +30
201.3310 	DATA 	Keypress: 2
201.3343 	EXP 	unnamed TextStim: text = '+30'
201.8339 	DATA 	Sampled Response: 1, Outcome Shown: +12
201.9293 	DATA 	Keypress: 1
201.9325 	EXP 	unnamed TextStim: text = '+12'
202.4319 	DATA 	Sampled Response: 2, Outcome Shown: +30
202.4321 	DATA 	Keypress: 2
202.8070 	DATA 	Keypress: 2
202.8132 	EXP 	unnamed TextStim: text = '-12'
203.3129 	DATA 	Sampled Response: 1, Outcome Shown: +12
203.4725 	DATA 	Keypress: 2
203.4789 	EXP 	unnamed TextStim: text = '+30'
203.9789 	DATA 	Sampled Response: 1, Outcome Shown: +12
203.9910 	DATA 	Keypress: 2
203.9968 	EXP 	unnamed TextStim: text = '+30'
204.4970 	DATA 	Sampled Response: 1, Outcome Shown: +12
204.7830 	DATA 	Keypress: 2
204.7891 	EXP 	unnamed TextStim: text = '-12'
205.2890 	DATA 	Sampled Response: 1, Outcome Shown: +12
205.5672 	DATA 	Keypress: 2
205.5736 	EXP 	unnamed TextStim: text = '+30'
206.0730 	DATA 	Sampled Response: 1, Outcome Shown: +12
206.2544 	DATA 	Keypress: 2
206.2629 	EXP 	unnamed TextStim: text = '+30'
206.7630 	DATA 	Sampled Response: 1, Outcome Shown: +12
206.8785 	DATA 	Keypress: 2
206.8816 	EXP 	unnamed TextStim: text = '+30'
207.3810 	DATA 	Sampled Response: 1, Outcome Shown: +12
207.6313 	DATA 	Keypress: 2
207.6372 	EXP 	unnamed TextStim: text = '-12'
208.1370 	DATA 	Sampled Response: 1, Outcome Shown: +12
208.2567 	DATA 	Keypress: 2
208.2627 	EXP 	unnamed TextStim: text = '+30'
208.7621 	DATA 	Sampled Response: 1, Outcome Shown: +12
208.8162 	DATA 	Keypress: 2
208.8233 	EXP 	unnamed TextStim: text = '-12'
209.3231 	DATA 	Sampled Response: 1, Outcome Shown: +12
209.3679 	DATA 	Keypress: 2
209.3712 	EXP 	unnamed TextStim: text = '-12'
209.8711 	DATA 	Sampled Response: 1, Outcome Shown: +12
210.0007 	DATA 	Keypress: 2
210.0070 	EXP 	unnamed TextStim: text = '+30'
210.5071 	DATA 	Sampled Response: 1, Outcome Shown: +12
210.5073 	DATA 	Keypress: 2
210.6063 	DATA 	Keypress: 2
211.0232 	DATA 	Keypress: 2
211.0288 	EXP 	unnamed TextStim: text = '+30'
211.5281 	DATA 	Sampled Response: 1, Outcome Shown: +12
211.5283 	DATA 	Keypress: 2
213.1675 	DATA 	Keypress: 2
213.1744 	EXP 	unnamed TextStim: text = '-12'
213.6742 	DATA 	Sampled Response: 1, Outcome Shown: +12
213.8949 	DATA 	Keypress: 2
213.9008 	EXP 	unnamed TextStim: text = '-12'
214.4002 	DATA 	Sampled Response: 1, Outcome Shown: +12
214.6205 	DATA 	** broke sampling loop (<.5s left in trial) **
214.6218 	DATA 	samplingCount: 24
214.6218 	DATA 	Think Onset
214.6242 	EXP 	unnamed Rect: lineColor = 'white (named)'
214.6242 	EXP 	unnamed Rect: lineColor = 'white (named)'
214.6483 	DATA 	Keypress: 2
215.4794 	DATA 	Keypress: 2
216.9370 	DATA 	Keypress: 1
217.6290 	DATA 	Decide Onset
217.7978 	DATA 	Keypress: 1
217.7979 	DATA 	Decision Button Press: ['1']
217.7980 	DATA 	Decision Response: 2
217.7993 	EXP 	unnamed Rect: lineColor = 'red (named)'
218.3070 	DATA 	ITI Onset
218.3080 	EXP 	unnamed Rect: lineColor = 'white (named)'
218.3080 	EXP 	unnamed Rect: lineColor = 'white (named)'
218.3080 	EXP 	unnamed TextStim: text = '+12'
218.3080 	EXP 	unnamed TextStim: text = '-12'
221.9530 	DATA 	Keypress: 2
222.2192 	DATA 	Trial End Time - totalITI: 3.90884493778
222.2195 	EXP 	New trial (rep=0, index=9): {'P1_1': '0.6', 'P1_2': '1', 'SafeOption': '2', 'P2_2': '0', 'O2_2': '0', 'O2_1': '-22', 'ProbNumber': 'MD1', 'O1_2': '-6', 'O1_1': '4', 'EV2': '-6', 'EV1': '-6.4', 'ProbType': 'MD', 'P2_1': '0.4'}
222.2196 	DATA 	Trial Onset - ProblemType: MD, ProblemNumber: MD1, leftRight: 0, samplingDur: 17, assignedITI: 5.0846
222.2196 	DATA 	Sampling Onset
222.4160 	DATA 	Keypress: 1
222.4225 	EXP 	unnamed TextStim: text = '-22'
222.9223 	DATA 	Sampled Response: 1, Outcome Shown: -22
222.9226 	DATA 	Keypress: 2
223.1829 	DATA 	Keypress: 2
223.1928 	EXP 	unnamed TextStim: text = '-6'
223.6924 	DATA 	Sampled Response: 2, Outcome Shown: -6
223.8783 	DATA 	Keypress: 1
223.8842 	EXP 	unnamed TextStim: text = '-22'
224.3834 	DATA 	Sampled Response: 1, Outcome Shown: -22
224.5341 	DATA 	Keypress: 2
224.5401 	EXP 	unnamed TextStim: text = '-6'
225.0394 	DATA 	Sampled Response: 2, Outcome Shown: -6
225.1896 	DATA 	Keypress: 1
225.2000 	EXP 	unnamed TextStim: text = '+4'
225.6994 	DATA 	Sampled Response: 1, Outcome Shown: +4
225.9193 	DATA 	Keypress: 1
225.9256 	EXP 	unnamed TextStim: text = '-22'
226.4255 	DATA 	Sampled Response: 1, Outcome Shown: -22
226.4257 	DATA 	Keypress: 2
226.6481 	DATA 	Keypress: 2
226.6514 	EXP 	unnamed TextStim: text = '-6'
227.1514 	DATA 	Sampled Response: 2, Outcome Shown: -6
227.2856 	DATA 	Keypress: 2
227.2939 	EXP 	unnamed TextStim: text = '-6'
227.7935 	DATA 	Sampled Response: 2, Outcome Shown: -6
227.9618 	DATA 	Keypress: 2
227.9651 	EXP 	unnamed TextStim: text = '-6'
228.4645 	DATA 	Sampled Response: 2, Outcome Shown: -6
228.8067 	DATA 	Keypress: 2
228.8125 	EXP 	unnamed TextStim: text = '-6'
229.3125 	DATA 	Sampled Response: 2, Outcome Shown: -6
229.7190 	DATA 	Keypress: 2
229.7223 	EXP 	unnamed TextStim: text = '-6'
230.2215 	DATA 	Sampled Response: 2, Outcome Shown: -6
230.4145 	DATA 	Keypress: 2
230.4178 	EXP 	unnamed TextStim: text = '-6'
230.9175 	DATA 	Sampled Response: 2, Outcome Shown: -6
231.0628 	DATA 	Keypress: 2
231.0661 	EXP 	unnamed TextStim: text = '-6'
231.5655 	DATA 	Sampled Response: 2, Outcome Shown: -6
231.6941 	DATA 	Keypress: 2
231.6974 	EXP 	unnamed TextStim: text = '-6'
232.1966 	DATA 	Sampled Response: 2, Outcome Shown: -6
232.4297 	DATA 	Keypress: 2
232.4330 	EXP 	unnamed TextStim: text = '-6'
232.9325 	DATA 	Sampled Response: 2, Outcome Shown: -6
232.9327 	DATA 	Keypress: 1
233.2869 	DATA 	Keypress: 1
233.2928 	EXP 	unnamed TextStim: text = '+4'
233.7926 	DATA 	Sampled Response: 1, Outcome Shown: +4
234.0132 	DATA 	Keypress: 1
234.0192 	EXP 	unnamed TextStim: text = '+4'
234.5186 	DATA 	Sampled Response: 1, Outcome Shown: +4
234.6060 	DATA 	Keypress: 1
234.6147 	EXP 	unnamed TextStim: text = '+4'
235.1146 	DATA 	Sampled Response: 1, Outcome Shown: +4
235.2772 	DATA 	Keypress: 1
235.7338 	DATA 	Keypress: 1
235.7398 	EXP 	unnamed TextStim: text = '+4'
236.2396 	DATA 	Sampled Response: 1, Outcome Shown: +4
236.4133 	DATA 	Keypress: 1
236.4219 	EXP 	unnamed TextStim: text = '-22'
236.9216 	DATA 	Sampled Response: 1, Outcome Shown: -22
237.1504 	DATA 	Keypress: 1
237.1536 	EXP 	unnamed TextStim: text = '-22'
237.6537 	DATA 	Sampled Response: 1, Outcome Shown: -22
237.8774 	DATA 	Keypress: 1
237.8808 	EXP 	unnamed TextStim: text = '-22'
238.3807 	DATA 	Sampled Response: 1, Outcome Shown: -22
238.5974 	DATA 	Keypress: 1
238.6033 	EXP 	unnamed TextStim: text = '-22'
239.1027 	DATA 	Sampled Response: 1, Outcome Shown: -22
239.1029 	DATA 	** broke sampling loop (<.5s left in trial) **
239.1038 	DATA 	samplingCount: 23
239.1038 	DATA 	Think Onset
239.1050 	EXP 	unnamed Rect: lineColor = 'white (named)'
239.1050 	EXP 	unnamed Rect: lineColor = 'white (named)'
239.1336 	DATA 	Keypress: 1
241.1449 	DATA 	Keypress: 2
242.1110 	DATA 	Decide Onset
242.5968 	DATA 	Keypress: 2
242.5969 	DATA 	Decision Button Press: ['2']
242.5969 	DATA 	Decision Response: 2
242.5985 	EXP 	unnamed Rect: lineColor = 'red (named)'
243.1060 	DATA 	ITI Onset
243.1070 	EXP 	unnamed Rect: lineColor = 'white (named)'
243.1070 	EXP 	unnamed Rect: lineColor = 'white (named)'
243.1070 	EXP 	unnamed TextStim: text = '-22'
243.1070 	EXP 	unnamed TextStim: text = '-6'
249.5273 	DATA 	Trial End Time - totalITI: 6.41518005867
249.5277 	EXP 	New trial (rep=0, index=10): {'P1_1': '0.8', 'P1_2': '0.1', 'SafeOption': '1', 'P2_2': '0.9', 'O2_2': '35', 'O2_1': '40', 'ProbNumber': 'RR7', 'O1_2': '-20', 'O1_1': '24', 'EV2': '29.5', 'EV1': '27.2', 'ProbType': 'RR', 'P2_1': '0.2'}
249.5278 	DATA 	Trial Onset - ProblemType: RR, ProblemNumber: RR7, leftRight: 1, samplingDur: 18, assignedITI: 1.1749
249.5278 	DATA 	Sampling Onset
250.1824 	DATA 	Keypress: 1
250.1891 	EXP 	unnamed TextStim: text = '+35'
250.6890 	DATA 	Sampled Response: 2, Outcome Shown: +24
251.8135 	DATA 	Keypress: 2
251.8198 	EXP 	unnamed TextStim: text = '+40'
252.3190 	DATA 	Sampled Response: 1, Outcome Shown: +35
252.6217 	DATA 	Keypress: 1
252.6276 	EXP 	unnamed TextStim: text = '+35'
253.1270 	DATA 	Sampled Response: 2, Outcome Shown: +40
253.2620 	DATA 	Keypress: 2
253.2685 	EXP 	unnamed TextStim: text = '+24'
253.7680 	DATA 	Sampled Response: 1, Outcome Shown: +35
253.9345 	DATA 	Keypress: 1
253.9377 	EXP 	unnamed TextStim: text = '+35'
254.4370 	DATA 	Sampled Response: 2, Outcome Shown: +24
254.4692 	DATA 	Keypress: 2
254.4724 	EXP 	unnamed TextStim: text = '+24'
254.9720 	DATA 	Sampled Response: 1, Outcome Shown: +35
254.9723 	DATA 	Keypress: 1
255.2364 	DATA 	Keypress: 1
255.2447 	EXP 	unnamed TextStim: text = '+35'
255.7441 	DATA 	Sampled Response: 2, Outcome Shown: +24
255.8706 	DATA 	Keypress: 2
255.8764 	EXP 	unnamed TextStim: text = '+24'
256.3760 	DATA 	Sampled Response: 1, Outcome Shown: +35
256.5645 	DATA 	Keypress: 2
256.5677 	EXP 	unnamed TextStim: text = '+24'
257.0671 	DATA 	Sampled Response: 1, Outcome Shown: +35
257.2465 	DATA 	Keypress: 2
257.2526 	EXP 	unnamed TextStim: text = '+40'
257.7521 	DATA 	Sampled Response: 1, Outcome Shown: -20
257.9727 	DATA 	Keypress: 1
257.9812 	EXP 	unnamed TextStim: text = '+35'
258.4811 	DATA 	Sampled Response: 2, Outcome Shown: +24
258.4814 	DATA 	Keypress: 1
258.7654 	DATA 	Keypress: 1
258.7688 	EXP 	unnamed TextStim: text = '+35'
259.2681 	DATA 	Sampled Response: 2, Outcome Shown: +24
259.5655 	DATA 	Keypress: 1
259.5688 	EXP 	unnamed TextStim: text = '+35'
260.0681 	DATA 	Sampled Response: 2, Outcome Shown: +24
260.2943 	DATA 	Keypress: 1
260.3010 	EXP 	unnamed TextStim: text = '-20'
260.8002 	DATA 	Sampled Response: 2, Outcome Shown: +24
261.0770 	DATA 	Keypress: 1
261.0835 	EXP 	unnamed TextStim: text = '+35'
261.5832 	DATA 	Sampled Response: 2, Outcome Shown: +40
261.7973 	DATA 	Keypress: 1
261.8007 	EXP 	unnamed TextStim: text = '+35'
262.3002 	DATA 	Sampled Response: 2, Outcome Shown: +24
262.5421 	DATA 	Keypress: 1
262.5453 	EXP 	unnamed TextStim: text = '+35'
263.0452 	DATA 	Sampled Response: 2, Outcome Shown: +40
263.2681 	DATA 	Keypress: 1
263.2766 	EXP 	unnamed TextStim: text = '+35'
263.7762 	DATA 	Sampled Response: 2, Outcome Shown: +40
263.9821 	DATA 	Keypress: 1
263.9854 	EXP 	unnamed TextStim: text = '+35'
264.4852 	DATA 	Sampled Response: 2, Outcome Shown: +24
264.7270 	DATA 	Keypress: 1
264.7332 	EXP 	unnamed TextStim: text = '-20'
265.2332 	DATA 	Sampled Response: 2, Outcome Shown: +24
265.4377 	DATA 	Keypress: 1
265.4442 	EXP 	unnamed TextStim: text = '+35'
265.9442 	DATA 	Sampled Response: 2, Outcome Shown: +40
266.1102 	DATA 	Keypress: 2
266.1164 	EXP 	unnamed TextStim: text = '+24'
266.6163 	DATA 	Sampled Response: 1, Outcome Shown: +35
266.7803 	DATA 	Keypress: 2
266.7862 	EXP 	unnamed TextStim: text = '+24'
267.2863 	DATA 	Sampled Response: 1, Outcome Shown: +35
267.2865 	DATA 	** broke sampling loop (<.5s left in trial) **
267.2874 	DATA 	samplingCount: 23
267.2874 	DATA 	Think Onset
267.2886 	EXP 	unnamed Rect: lineColor = 'white (named)'
267.2886 	EXP 	unnamed Rect: lineColor = 'white (named)'
267.4684 	DATA 	Keypress: 2
270.2969 	DATA 	Decide Onset
271.5955 	DATA 	Keypress: 2
271.5956 	DATA 	Decision Button Press: ['2']
271.5957 	DATA 	Decision Response: 1
271.5971 	EXP 	unnamed Rect: lineColor = 'red (named)'
272.1042 	DATA 	ITI Onset
272.1052 	EXP 	unnamed Rect: lineColor = 'white (named)'
272.1052 	EXP 	unnamed Rect: lineColor = 'white (named)'
272.1052 	EXP 	unnamed TextStim: text = '+35'
272.1052 	EXP 	unnamed TextStim: text = '+24'
273.9222 	DATA 	Trial End Time - totalITI: 1.81731833535
273.9225 	EXP 	New trial (rep=0, index=11): {'P1_1': '0.9', 'P1_2': '1', 'SafeOption': '2', 'P2_2': '0', 'O2_2': '0', 'O2_1': '-37', 'ProbNumber': 'MD3', 'O1_2': '-5', 'O1_1': '10', 'EV2': '-5', 'EV1': '5.3', 'ProbType': 'MD', 'P2_1': '0.1'}
273.9226 	DATA 	Trial Onset - ProblemType: MD, ProblemNumber: MD3, leftRight: 1, samplingDur: 15, assignedITI: 1.3267
273.9226 	DATA 	Sampling Onset
274.3875 	DATA 	Keypress: 2
274.3938 	EXP 	unnamed TextStim: text = '+10'
274.8935 	DATA 	Sampled Response: 1, Outcome Shown: -5
274.9956 	DATA 	Keypress: 1
275.0038 	EXP 	unnamed TextStim: text = '-5'
275.5035 	DATA 	Sampled Response: 2, Outcome Shown: +10
275.5959 	DATA 	Keypress: 2
275.5992 	EXP 	unnamed TextStim: text = '+10'
276.0985 	DATA 	Sampled Response: 1, Outcome Shown: -5
276.1640 	DATA 	Keypress: 1
276.1673 	EXP 	unnamed TextStim: text = '-5'
276.6675 	DATA 	Sampled Response: 2, Outcome Shown: +10
276.6998 	DATA 	Keypress: 1
276.7032 	EXP 	unnamed TextStim: text = '-5'
277.2025 	DATA 	Sampled Response: 2, Outcome Shown: +10
277.2120 	DATA 	Keypress: 1
277.2178 	EXP 	unnamed TextStim: text = '-5'
277.7175 	DATA 	Sampled Response: 2, Outcome Shown: +10
277.7177 	DATA 	Keypress: 1
278.0695 	DATA 	Keypress: 1
278.0752 	EXP 	unnamed TextStim: text = '-5'
278.5745 	DATA 	Sampled Response: 2, Outcome Shown: +10
278.6131 	DATA 	Keypress: 1
278.6164 	EXP 	unnamed TextStim: text = '-5'
279.1165 	DATA 	Sampled Response: 2, Outcome Shown: +10
279.1714 	DATA 	Keypress: 2
279.1803 	EXP 	unnamed TextStim: text = '+10'
279.6796 	DATA 	Sampled Response: 1, Outcome Shown: -5
279.6798 	DATA 	Keypress: 2
280.2194 	DATA 	Keypress: 2
280.2252 	EXP 	unnamed TextStim: text = '+10'
280.7245 	DATA 	Sampled Response: 1, Outcome Shown: -5
280.7248 	DATA 	Keypress: 2
280.7872 	DATA 	Keypress: 2
280.7978 	EXP 	unnamed TextStim: text = '-37'
281.2976 	DATA 	Sampled Response: 1, Outcome Shown: -5
281.2978 	DATA 	Keypress: 2
281.4041 	DATA 	Keypress: 2
281.4104 	EXP 	unnamed TextStim: text = '+10'
281.9096 	DATA 	Sampled Response: 1, Outcome Shown: -5
281.9098 	DATA 	Keypress: 2
282.0361 	DATA 	Keypress: 2
282.0435 	EXP 	unnamed TextStim: text = '-37'
282.5436 	DATA 	Sampled Response: 1, Outcome Shown: -5
282.5439 	DATA 	Keypress: 2
282.6672 	DATA 	Keypress: 1
282.6756 	EXP 	unnamed TextStim: text = '-5'
283.1756 	DATA 	Sampled Response: 2, Outcome Shown: +10
283.1758 	DATA 	Keypress: 1
283.5474 	DATA 	Keypress: 1
283.5506 	EXP 	unnamed TextStim: text = '-5'
284.0506 	DATA 	Sampled Response: 2, Outcome Shown: +10
284.2604 	DATA 	Keypress: 1
284.2638 	EXP 	unnamed TextStim: text = '-5'
284.7637 	DATA 	Sampled Response: 2, Outcome Shown: +10
284.9637 	DATA 	Keypress: 1
284.9699 	EXP 	unnamed TextStim: text = '-5'
285.4697 	DATA 	Sampled Response: 2, Outcome Shown: +10
285.6914 	DATA 	Keypress: 1
285.6946 	EXP 	unnamed TextStim: text = '-5'
286.1947 	DATA 	Sampled Response: 2, Outcome Shown: +10
286.4077 	DATA 	Keypress: 1
286.4109 	EXP 	unnamed TextStim: text = '-5'
286.9107 	DATA 	Sampled Response: 2, Outcome Shown: +10
287.0930 	DATA 	Keypress: 1
287.0962 	EXP 	unnamed TextStim: text = '-5'
287.5957 	DATA 	Sampled Response: 2, Outcome Shown: +10
287.8429 	DATA 	Keypress: 1
287.8488 	EXP 	unnamed TextStim: text = '-5'
288.3488 	DATA 	Sampled Response: 2, Outcome Shown: +10
288.4271 	DATA 	** broke sampling loop (<.5s left in trial) **
288.4281 	DATA 	samplingCount: 21
288.4281 	DATA 	Think Onset
288.4306 	EXP 	unnamed Rect: lineColor = 'white (named)'
288.4306 	EXP 	unnamed Rect: lineColor = 'white (named)'
288.5420 	DATA 	Keypress: 1
291.0762 	DATA 	Keypress: 2
291.4328 	DATA 	Decide Onset
292.1786 	DATA 	Keypress: 2
292.1786 	DATA 	Decision Button Press: ['2']
292.1787 	DATA 	Decision Response: 1
292.1801 	EXP 	unnamed Rect: lineColor = 'red (named)'
292.6879 	DATA 	ITI Onset
292.6890 	EXP 	unnamed Rect: lineColor = 'white (named)'
292.6890 	EXP 	unnamed Rect: lineColor = 'white (named)'
292.6890 	EXP 	unnamed TextStim: text = '-5'
292.6890 	EXP 	unnamed TextStim: text = '-37'
295.4674 	DATA 	Trial End Time - totalITI: 2.77608080553
295.4677 	EXP 	New trial (rep=0, index=12): {'P1_1': '0.1', 'P1_2': '1', 'SafeOption': '2', 'P2_2': '0', 'O2_2': '0', 'O2_1': '-1', 'ProbNumber': 'MD10', 'O1_2': '2', 'O1_1': '42', 'EV2': '2', 'EV1': '3.3', 'ProbType': 'MD', 'P2_1': '0.9'}
295.4678 	DATA 	Trial Onset - ProblemType: MD, ProblemNumber: MD10, leftRight: 1, samplingDur: 16, assignedITI: 2.3911
295.4679 	DATA 	Sampling Onset
295.8524 	DATA 	Keypress: 2
295.8585 	EXP 	unnamed TextStim: text = '-1'
296.3579 	DATA 	Sampled Response: 1, Outcome Shown: +2
296.5804 	DATA 	Keypress: 2
296.5837 	EXP 	unnamed TextStim: text = '-1'
297.0829 	DATA 	Sampled Response: 1, Outcome Shown: +2
297.2432 	DATA 	Keypress: 2
297.2468 	EXP 	unnamed TextStim: text = '-1'
297.7469 	DATA 	Sampled Response: 1, Outcome Shown: +2
297.9146 	DATA 	Keypress: 2
297.9205 	EXP 	unnamed TextStim: text = '-1'
298.4200 	DATA 	Sampled Response: 1, Outcome Shown: +2
298.6113 	DATA 	Keypress: 2
298.6174 	EXP 	unnamed TextStim: text = '-1'
299.1170 	DATA 	Sampled Response: 1, Outcome Shown: +2
299.2603 	DATA 	Keypress: 2
299.2638 	EXP 	unnamed TextStim: text = '-1'
299.7630 	DATA 	Sampled Response: 1, Outcome Shown: +2
299.8832 	DATA 	Keypress: 2
299.8918 	EXP 	unnamed TextStim: text = '-1'
300.3920 	DATA 	Sampled Response: 1, Outcome Shown: +2
300.4835 	DATA 	Keypress: 2
300.4868 	EXP 	unnamed TextStim: text = '-1'
300.9860 	DATA 	Sampled Response: 1, Outcome Shown: +2
301.0599 	DATA 	Keypress: 1
301.0658 	EXP 	unnamed TextStim: text = '+2'
301.5650 	DATA 	Sampled Response: 2, Outcome Shown: -1
301.6841 	DATA 	Keypress: 1
301.6873 	EXP 	unnamed TextStim: text = '+2'
302.1870 	DATA 	Sampled Response: 2, Outcome Shown: -1
302.3265 	DATA 	Keypress: 1
302.3298 	EXP 	unnamed TextStim: text = '+2'
302.8291 	DATA 	Sampled Response: 2, Outcome Shown: -1
302.9239 	DATA 	Keypress: 1
302.9273 	EXP 	unnamed TextStim: text = '+2'
303.4271 	DATA 	Sampled Response: 2, Outcome Shown: -1
303.5469 	DATA 	Keypress: 1
303.5530 	EXP 	unnamed TextStim: text = '+2'
304.0531 	DATA 	Sampled Response: 2, Outcome Shown: +42
304.1485 	DATA 	Keypress: 1
304.1520 	EXP 	unnamed TextStim: text = '+2'
304.6521 	DATA 	Sampled Response: 2, Outcome Shown: -1
304.7783 	DATA 	Keypress: 1
304.7816 	EXP 	unnamed TextStim: text = '+2'
305.2811 	DATA 	Sampled Response: 2, Outcome Shown: +42
305.3401 	DATA 	Keypress: 1
305.3433 	EXP 	unnamed TextStim: text = '+2'
305.8431 	DATA 	Sampled Response: 2, Outcome Shown: -1
305.8685 	DATA 	Keypress: 1
305.8743 	EXP 	unnamed TextStim: text = '+2'
306.3741 	DATA 	Sampled Response: 2, Outcome Shown: -1
306.4506 	DATA 	Keypress: 1
306.4592 	EXP 	unnamed TextStim: text = '+2'
306.9591 	DATA 	Sampled Response: 2, Outcome Shown: -1
306.9739 	DATA 	Keypress: 1
306.9770 	EXP 	unnamed TextStim: text = '+2'
307.4771 	DATA 	Sampled Response: 2, Outcome Shown: -1
307.5160 	DATA 	Keypress: 1
307.5193 	EXP 	unnamed TextStim: text = '+2'
308.0192 	DATA 	Sampled Response: 2, Outcome Shown: -1
308.0194 	DATA 	Keypress: 2
308.2766 	DATA 	Keypress: 2
308.2799 	EXP 	unnamed TextStim: text = '-1'
308.7792 	DATA 	Sampled Response: 1, Outcome Shown: +2
308.8345 	DATA 	Keypress: 2
308.8402 	EXP 	unnamed TextStim: text = '-1'
309.3402 	DATA 	Sampled Response: 1, Outcome Shown: +2
309.4260 	DATA 	Keypress: 2
310.6110 	DATA 	Keypress: 2
310.6142 	EXP 	unnamed TextStim: text = '-1'
311.1142 	DATA 	Sampled Response: 1, Outcome Shown: +2
311.1144 	DATA 	** broke sampling loop (<.5s left in trial) **
311.1154 	DATA 	samplingCount: 23
311.1154 	DATA 	Think Onset
311.1167 	EXP 	unnamed Rect: lineColor = 'white (named)'
311.1167 	EXP 	unnamed Rect: lineColor = 'white (named)'
311.2034 	DATA 	Keypress: 2
314.1194 	DATA 	Decide Onset
316.1264 	DATA 	ITI Onset
316.1273 	EXP 	unnamed Rect: lineColor = 'white (named)'
316.1273 	EXP 	unnamed Rect: lineColor = 'white (named)'
316.1273 	EXP 	unnamed TextStim: text = '+2'
316.1273 	EXP 	unnamed TextStim: text = '-1'
318.8763 	DATA 	Trial End Time - totalITI: 2.74427005176
318.8766 	EXP 	New trial (rep=0, index=13): {'P1_1': '0.25', 'P1_2': '0.25', 'SafeOption': '1', 'P2_2': '0.75', 'O2_2': '10', 'O2_1': '6', 'ProbNumber': 'RR1', 'O1_2': '-8', 'O1_1': '2', 'EV2': '5.5', 'EV1': '5', 'ProbType': 'RR', 'P2_1': '0.75'}
318.8768 	DATA 	Trial Onset - ProblemType: RR, ProblemNumber: RR1, leftRight: 1, samplingDur: 19, assignedITI: 2.5575
318.8768 	DATA 	Sampling Onset
319.4019 	DATA 	Keypress: 1
319.4087 	EXP 	unnamed TextStim: text = '-8'
319.9084 	DATA 	Sampled Response: 2, Outcome Shown: +6
320.3619 	DATA 	Keypress: 1
320.3650 	EXP 	unnamed TextStim: text = '-8'
320.8644 	DATA 	Sampled Response: 2, Outcome Shown: +6
321.1783 	DATA 	Keypress: 1
321.1816 	EXP 	unnamed TextStim: text = '-8'
321.6815 	DATA 	Sampled Response: 2, Outcome Shown: +6
321.8983 	DATA 	Keypress: 1
321.9048 	EXP 	unnamed TextStim: text = '+10'
322.4045 	DATA 	Sampled Response: 2, Outcome Shown: +6
322.6020 	DATA 	Keypress: 1
322.6103 	EXP 	unnamed TextStim: text = '+10'
323.1095 	DATA 	Sampled Response: 2, Outcome Shown: +6
323.2743 	DATA 	Keypress: 1
323.2777 	EXP 	unnamed TextStim: text = '+10'
323.7775 	DATA 	Sampled Response: 2, Outcome Shown: +2
323.9564 	DATA 	Keypress: 1
323.9597 	EXP 	unnamed TextStim: text = '+10'
324.4595 	DATA 	Sampled Response: 2, Outcome Shown: +6
324.6023 	DATA 	Keypress: 1
324.6082 	EXP 	unnamed TextStim: text = '+10'
325.1075 	DATA 	Sampled Response: 2, Outcome Shown: +2
325.2341 	DATA 	Keypress: 1
325.2426 	EXP 	unnamed TextStim: text = '+10'
325.7425 	DATA 	Sampled Response: 2, Outcome Shown: +2
325.7862 	DATA 	Keypress: 1
325.7936 	EXP 	unnamed TextStim: text = '-8'
326.2936 	DATA 	Sampled Response: 2, Outcome Shown: +2
326.3951 	DATA 	Keypress: 1
326.4015 	EXP 	unnamed TextStim: text = '+10'
326.9016 	DATA 	Sampled Response: 2, Outcome Shown: +2
327.0351 	DATA 	Keypress: 1
327.0410 	EXP 	unnamed TextStim: text = '+10'
327.5406 	DATA 	Sampled Response: 2, Outcome Shown: +2
327.6516 	DATA 	Keypress: 1
327.6576 	EXP 	unnamed TextStim: text = '+10'
328.1576 	DATA 	Sampled Response: 2, Outcome Shown: +6
328.2735 	DATA 	Keypress: 1
328.7147 	DATA 	Keypress: 1
328.7179 	EXP 	unnamed TextStim: text = '+10'
329.2177 	DATA 	Sampled Response: 2, Outcome Shown: +6
329.3857 	DATA 	Keypress: 1
329.3916 	EXP 	unnamed TextStim: text = '+10'
329.8916 	DATA 	Sampled Response: 2, Outcome Shown: +6
330.8915 	DATA 	Keypress: 1
330.8949 	EXP 	unnamed TextStim: text = '+10'
331.3947 	DATA 	Sampled Response: 2, Outcome Shown: +2
331.5405 	DATA 	Keypress: 1
331.5473 	EXP 	unnamed TextStim: text = '-8'
332.0467 	DATA 	Sampled Response: 2, Outcome Shown: +6
332.0590 	DATA 	Keypress: 1
332.0622 	EXP 	unnamed TextStim: text = '-8'
332.5617 	DATA 	Sampled Response: 2, Outcome Shown: +2
332.5619 	DATA 	Keypress: 1
333.0920 	DATA 	Keypress: 1
333.0952 	EXP 	unnamed TextStim: text = '-8'
333.5947 	DATA 	Sampled Response: 2, Outcome Shown: +2
333.7568 	DATA 	Keypress: 1
333.7630 	EXP 	unnamed TextStim: text = '+10'
334.2628 	DATA 	Sampled Response: 2, Outcome Shown: +6
334.3889 	DATA 	Keypress: 1
334.3923 	EXP 	unnamed TextStim: text = '+10'
334.8917 	DATA 	Sampled Response: 2, Outcome Shown: +6
335.0014 	DATA 	Keypress: 2
335.0133 	EXP 	unnamed TextStim: text = '+6'
335.5127 	DATA 	Sampled Response: 1, Outcome Shown: +10
335.6497 	DATA 	Keypress: 2
335.6555 	EXP 	unnamed TextStim: text = '+6'
336.1548 	DATA 	Sampled Response: 1, Outcome Shown: +10
336.6913 	DATA 	Keypress: 2
336.6946 	EXP 	unnamed TextStim: text = '+6'
337.1948 	DATA 	Sampled Response: 1, Outcome Shown: +10
337.2972 	DATA 	Keypress: 2
337.3003 	EXP 	unnamed TextStim: text = '+6'
337.7998 	DATA 	Sampled Response: 1, Outcome Shown: +10
337.8000 	DATA 	Keypress: 2
337.8001 	DATA 	** broke sampling loop (<.5s left in trial) **
337.8010 	DATA 	samplingCount: 25
337.8010 	DATA 	Think Onset
337.8023 	EXP 	unnamed Rect: lineColor = 'white (named)'
337.8023 	EXP 	unnamed Rect: lineColor = 'white (named)'
340.8074 	DATA 	Decide Onset
341.2405 	DATA 	Keypress: 2
341.2406 	DATA 	Decision Button Press: ['2']
341.2407 	DATA 	Decision Response: 1
341.2420 	EXP 	unnamed Rect: lineColor = 'red (named)'
341.7500 	DATA 	ITI Onset
341.7510 	EXP 	unnamed Rect: lineColor = 'white (named)'
341.7510 	EXP 	unnamed Rect: lineColor = 'white (named)'
341.7510 	EXP 	unnamed TextStim: text = '+10'
341.7510 	EXP 	unnamed TextStim: text = '+6'
345.6568 	DATA 	Trial End Time - totalITI: 3.90070870244
345.6571 	EXP 	New trial (rep=0, index=14): {'P1_1': '0.1', 'P1_2': '1', 'SafeOption': '2', 'P2_2': '0', 'O2_2': '0', 'O2_1': '0', 'ProbNumber': 'SD10', 'O1_2': '3', 'O1_1': '32', 'EV2': '3', 'EV1': '3.2', 'ProbType': 'SD', 'P2_1': '0.9'}
345.6573 	DATA 	Trial Onset - ProblemType: SD, ProblemNumber: SD10, leftRight: 0, samplingDur: 16, assignedITI: 1.0887
345.6573 	DATA 	Sampling Onset
346.1616 	DATA 	Keypress: 2
346.1673 	EXP 	unnamed TextStim: text = '+3'
346.6670 	DATA 	Sampled Response: 2, Outcome Shown: +3
346.9068 	DATA 	Keypress: 2
346.9101 	EXP 	unnamed TextStim: text = '+3'
347.4100 	DATA 	Sampled Response: 2, Outcome Shown: +3
347.6808 	DATA 	Keypress: 1
347.6859 	EXP 	unnamed TextStim: text = '0'
348.1860 	DATA 	Sampled Response: 1, Outcome Shown: 0
348.4166 	DATA 	Keypress: 1
348.4250 	EXP 	unnamed TextStim: text = '0'
348.9250 	DATA 	Sampled Response: 1, Outcome Shown: 0
349.1733 	DATA 	Keypress: 1
349.1765 	EXP 	unnamed TextStim: text = '0'
349.6760 	DATA 	Sampled Response: 1, Outcome Shown: 0
350.4088 	DATA 	Keypress: 1
350.4148 	EXP 	unnamed TextStim: text = '0'
350.9141 	DATA 	Sampled Response: 1, Outcome Shown: 0
351.0900 	DATA 	Keypress: 2
351.0933 	EXP 	unnamed TextStim: text = '+3'
351.5931 	DATA 	Sampled Response: 2, Outcome Shown: +3
351.7463 	DATA 	Keypress: 1
351.7496 	EXP 	unnamed TextStim: text = '0'
352.2491 	DATA 	Sampled Response: 1, Outcome Shown: 0
352.3619 	DATA 	Keypress: 2
352.3652 	EXP 	unnamed TextStim: text = '+3'
352.8651 	DATA 	Sampled Response: 2, Outcome Shown: +3
352.9236 	DATA 	Keypress: 1
352.9268 	EXP 	unnamed TextStim: text = '0'
353.4261 	DATA 	Sampled Response: 1, Outcome Shown: 0
353.5059 	DATA 	Keypress: 2
353.5093 	EXP 	unnamed TextStim: text = '+3'
354.0091 	DATA 	Sampled Response: 2, Outcome Shown: +3
354.0093 	DATA 	Keypress: 1
354.5287 	DATA 	Keypress: 1
354.5351 	EXP 	unnamed TextStim: text = '+32'
355.0352 	DATA 	Sampled Response: 1, Outcome Shown: +32
355.3132 	DATA 	Keypress: 2
355.3166 	EXP 	unnamed TextStim: text = '+3'
355.8162 	DATA 	Sampled Response: 2, Outcome Shown: +3
355.8906 	DATA 	Keypress: 2
355.8940 	EXP 	unnamed TextStim: text = '+3'
356.3932 	DATA 	Sampled Response: 2, Outcome Shown: +3
356.4982 	DATA 	Keypress: 2
356.5044 	EXP 	unnamed TextStim: text = '+3'
357.0042 	DATA 	Sampled Response: 2, Outcome Shown: +3
357.0969 	DATA 	Keypress: 2
357.1004 	EXP 	unnamed TextStim: text = '+3'
357.6002 	DATA 	Sampled Response: 2, Outcome Shown: +3
357.7237 	DATA 	Keypress: 2
357.7273 	EXP 	unnamed TextStim: text = '+3'
358.2272 	DATA 	Sampled Response: 2, Outcome Shown: +3
358.2416 	DATA 	Keypress: 1
358.2468 	EXP 	unnamed TextStim: text = '0'
358.7462 	DATA 	Sampled Response: 1, Outcome Shown: 0
358.7713 	DATA 	Keypress: 1
358.7744 	EXP 	unnamed TextStim: text = '0'
359.2743 	DATA 	Sampled Response: 1, Outcome Shown: 0
359.2745 	DATA 	Keypress: 1
359.7783 	DATA 	Keypress: 1
359.7849 	EXP 	unnamed TextStim: text = '+32'
360.2843 	DATA 	Sampled Response: 1, Outcome Shown: +32
360.3931 	DATA 	Keypress: 1
360.3986 	EXP 	unnamed TextStim: text = '0'
360.8983 	DATA 	Sampled Response: 1, Outcome Shown: 0
360.9042 	DATA 	Keypress: 1
360.9068 	EXP 	unnamed TextStim: text = '0'
361.4063 	DATA 	Sampled Response: 1, Outcome Shown: 0
361.4065 	DATA 	Keypress: 2
361.4066 	DATA 	** broke sampling loop (<.5s left in trial) **
361.4075 	DATA 	samplingCount: 22
361.4075 	DATA 	Think Onset
361.4087 	EXP 	unnamed Rect: lineColor = 'white (named)'
361.4087 	EXP 	unnamed Rect: lineColor = 'white (named)'
364.4130 	DATA 	Decide Onset
364.5435 	DATA 	Keypress: 1
364.5436 	DATA 	Decision Button Press: ['1']
364.5437 	DATA 	Decision Response: 1
364.5450 	EXP 	unnamed Rect: lineColor = 'red (named)'
365.0505 	DATA 	ITI Onset
365.0515 	EXP 	unnamed Rect: lineColor = 'white (named)'
365.0515 	EXP 	unnamed Rect: lineColor = 'white (named)'
365.0515 	EXP 	unnamed TextStim: text = '0'
365.0515 	EXP 	unnamed TextStim: text = '+3'
367.9619 	DATA 	Trial End Time - totalITI: 2.90859887629
367.9622 	EXP 	New trial (rep=0, index=15): {'P1_1': '0.1', 'P1_2': '1', 'SafeOption': '2', 'P2_2': '0', 'O2_2': '0', 'O2_1': '0', 'ProbNumber': 'SD1', 'O1_2': '-3', 'O1_1': '-32', 'EV2': '-3', 'EV1': '-3.2', 'ProbType': 'SD', 'P2_1': '0.9'}
367.9623 	DATA 	Trial Onset - ProblemType: SD, ProblemNumber: SD1, leftRight: 0, samplingDur: 17, assignedITI: 1.3975
367.9623 	DATA 	Sampling Onset
368.3226 	DATA 	Keypress: 2
368.3283 	EXP 	unnamed TextStim: text = '-3'
368.8275 	DATA 	Sampled Response: 2, Outcome Shown: -3
368.9619 	DATA 	Keypress: 1
368.9654 	EXP 	unnamed TextStim: text = '0'
369.4655 	DATA 	Sampled Response: 1, Outcome Shown: 0
369.5883 	DATA 	Keypress: 2
369.5917 	EXP 	unnamed TextStim: text = '-3'
370.0915 	DATA 	Sampled Response: 2, Outcome Shown: -3
370.1548 	DATA 	Keypress: 1
370.1582 	EXP 	unnamed TextStim: text = '0'
370.6575 	DATA 	Sampled Response: 1, Outcome Shown: 0
370.6577 	DATA 	Keypress: 2
370.8556 	DATA 	Keypress: 2
370.8615 	EXP 	unnamed TextStim: text = '-3'
371.3615 	DATA 	Sampled Response: 2, Outcome Shown: -3
371.8092 	DATA 	Keypress: 1
371.8125 	EXP 	unnamed TextStim: text = '0'
372.3125 	DATA 	Sampled Response: 1, Outcome Shown: 0
372.4083 	DATA 	Keypress: 2
372.4116 	EXP 	unnamed TextStim: text = '-3'
372.9115 	DATA 	Sampled Response: 2, Outcome Shown: -3
373.0956 	DATA 	Keypress: 1
373.0988 	EXP 	unnamed TextStim: text = '0'
373.5985 	DATA 	Sampled Response: 1, Outcome Shown: 0
373.5988 	DATA 	Keypress: 2
374.0398 	DATA 	Keypress: 1
374.0432 	EXP 	unnamed TextStim: text = '0'
374.5425 	DATA 	Sampled Response: 1, Outcome Shown: 0
374.6153 	DATA 	Keypress: 1
374.6239 	EXP 	unnamed TextStim: text = '0'
375.1236 	DATA 	Sampled Response: 1, Outcome Shown: 0
375.1839 	DATA 	Keypress: 1
375.1928 	EXP 	unnamed TextStim: text = '0'
375.6927 	DATA 	Sampled Response: 1, Outcome Shown: 0
375.7706 	DATA 	Keypress: 2
375.7739 	EXP 	unnamed TextStim: text = '-3'
376.2736 	DATA 	Sampled Response: 2, Outcome Shown: -3
376.3054 	DATA 	Keypress: 2
376.3088 	EXP 	unnamed TextStim: text = '-3'
376.8086 	DATA 	Sampled Response: 2, Outcome Shown: -3
376.9038 	DATA 	Keypress: 2
376.9071 	EXP 	unnamed TextStim: text = '-3'
377.4066 	DATA 	Sampled Response: 2, Outcome Shown: -3
377.4737 	DATA 	Keypress: 2
377.4772 	EXP 	unnamed TextStim: text = '-3'
377.9766 	DATA 	Sampled Response: 2, Outcome Shown: -3
378.0318 	DATA 	Keypress: 2
378.0380 	EXP 	unnamed TextStim: text = '-3'
378.5377 	DATA 	Sampled Response: 2, Outcome Shown: -3
378.5752 	DATA 	Keypress: 2
378.5786 	EXP 	unnamed TextStim: text = '-3'
379.0786 	DATA 	Sampled Response: 2, Outcome Shown: -3
379.1232 	DATA 	Keypress: 2
379.1268 	EXP 	unnamed TextStim: text = '-3'
379.6267 	DATA 	Sampled Response: 2, Outcome Shown: -3
379.6269 	DATA 	Keypress: 2
379.9205 	DATA 	Keypress: 2
379.9238 	EXP 	unnamed TextStim: text = '-3'
380.4237 	DATA 	Sampled Response: 2, Outcome Shown: -3
380.4239 	DATA 	Keypress: 2
380.8897 	DATA 	Keypress: 2
380.8930 	EXP 	unnamed TextStim: text = '-3'
381.3927 	DATA 	Sampled Response: 2, Outcome Shown: -3
381.3930 	DATA 	Keypress: 2
381.7540 	DATA 	Keypress: 2
381.7573 	EXP 	unnamed TextStim: text = '-3'
382.2567 	DATA 	Sampled Response: 2, Outcome Shown: -3
382.2570 	DATA 	Keypress: 2
382.3995 	DATA 	Keypress: 2
382.4055 	EXP 	unnamed TextStim: text = '-3'
382.9048 	DATA 	Sampled Response: 2, Outcome Shown: -3
382.9050 	DATA 	Keypress: 2
382.9999 	DATA 	Keypress: 2
383.0060 	EXP 	unnamed TextStim: text = '-3'
383.5058 	DATA 	Sampled Response: 2, Outcome Shown: -3
383.5060 	DATA 	Keypress: 2
383.5875 	DATA 	Keypress: 2
383.5908 	EXP 	unnamed TextStim: text = '-3'
384.0908 	DATA 	Sampled Response: 2, Outcome Shown: -3
384.0910 	DATA 	Keypress: 2
384.1433 	DATA 	Keypress: 2
384.1493 	EXP 	unnamed TextStim: text = '-3'
384.6488 	DATA 	Sampled Response: 2, Outcome Shown: -3
384.6490 	DATA 	Keypress: 2
384.6491 	DATA 	** broke sampling loop (<.5s left in trial) **
384.6501 	DATA 	samplingCount: 25
384.6501 	DATA 	Think Onset
384.6514 	EXP 	unnamed Rect: lineColor = 'white (named)'
384.6514 	EXP 	unnamed Rect: lineColor = 'white (named)'
384.7053 	DATA 	Keypress: 2
386.5837 	DATA 	Keypress: 1
387.0003 	DATA 	Keypress: 1
387.6567 	DATA 	Decide Onset
387.7905 	DATA 	Keypress: 1
387.7906 	DATA 	Decision Button Press: ['1']
387.7906 	DATA 	Decision Response: 1
387.7920 	EXP 	unnamed Rect: lineColor = 'red (named)'
388.2987 	DATA 	ITI Onset
388.2996 	EXP 	unnamed Rect: lineColor = 'white (named)'
388.2996 	EXP 	unnamed Rect: lineColor = 'white (named)'
388.2996 	EXP 	unnamed TextStim: text = '0'
388.2996 	EXP 	unnamed TextStim: text = '-3'
391.5793 	DATA 	Trial End Time - totalITI: 3.27652495066
391.5795 	EXP 	New trial (rep=0, index=16): {'P1_1': '0.2', 'P1_2': '1', 'SafeOption': '2', 'P2_2': '0', 'O2_2': '0', 'O2_1': '0', 'ProbNumber': 'SD12', 'O1_2': '6', 'O1_1': '29', 'EV2': '6', 'EV1': '5.8', 'ProbType': 'SD', 'P2_1': '0.8'}
391.5797 	DATA 	Trial Onset - ProblemType: SD, ProblemNumber: SD12, leftRight: 1, samplingDur: 15, assignedITI: 1.2853
391.5797 	DATA 	Sampling Onset
391.9227 	DATA 	Keypress: 2
391.9279 	EXP 	unnamed TextStim: text = '0'
392.4280 	DATA 	Sampled Response: 1, Outcome Shown: +6
392.4282 	DATA 	Keypress: 2
392.4783 	DATA 	Keypress: 2
392.4872 	EXP 	unnamed TextStim: text = '0'
392.9870 	DATA 	Sampled Response: 1, Outcome Shown: +6
392.9872 	DATA 	Keypress: 2
392.9873 	DATA 	Keypress: 2
393.3129 	DATA 	Keypress: 2
393.3231 	EXP 	unnamed TextStim: text = '+29'
393.8230 	DATA 	Sampled Response: 1, Outcome Shown: +6
393.8232 	DATA 	Keypress: 2
393.8233 	DATA 	Keypress: 2
393.9993 	DATA 	Keypress: 2
394.0051 	EXP 	unnamed TextStim: text = '0'
394.5050 	DATA 	Sampled Response: 1, Outcome Shown: +6
394.5052 	DATA 	Keypress: 2
394.5054 	DATA 	Keypress: 2
394.6628 	DATA 	Keypress: 2
394.6724 	EXP 	unnamed TextStim: text = '+29'
395.1720 	DATA 	Sampled Response: 1, Outcome Shown: +6
395.1722 	DATA 	Keypress: 2
395.2227 	DATA 	Keypress: 1
395.2324 	EXP 	unnamed TextStim: text = '+6'
395.7320 	DATA 	Sampled Response: 2, Outcome Shown: 0
395.7322 	DATA 	Keypress: 1
395.7324 	DATA 	Keypress: 1
395.9058 	DATA 	Keypress: 1
395.9091 	EXP 	unnamed TextStim: text = '+6'
396.4090 	DATA 	Sampled Response: 2, Outcome Shown: 0
396.4093 	DATA 	Keypress: 1
396.4094 	DATA 	Keypress: 1
396.4950 	DATA 	Keypress: 1
396.4983 	EXP 	unnamed TextStim: text = '+6'
396.9980 	DATA 	Sampled Response: 2, Outcome Shown: +29
396.9982 	DATA 	Keypress: 1
396.9984 	DATA 	Keypress: 1
397.1041 	DATA 	Keypress: 1
397.1073 	EXP 	unnamed TextStim: text = '+6'
397.6071 	DATA 	Sampled Response: 2, Outcome Shown: 0
397.6073 	DATA 	Keypress: 1
397.6074 	DATA 	Keypress: 1
397.7057 	DATA 	Keypress: 1
397.7091 	EXP 	unnamed TextStim: text = '+6'
398.2091 	DATA 	Sampled Response: 2, Outcome Shown: +29
398.2093 	DATA 	Keypress: 1
398.2094 	DATA 	Keypress: 1
398.2951 	DATA 	Keypress: 1
398.2983 	EXP 	unnamed TextStim: text = '+6'
398.7981 	DATA 	Sampled Response: 2, Outcome Shown: 0
398.7983 	DATA 	Keypress: 1
398.7984 	DATA 	Keypress: 1
398.9044 	DATA 	Keypress: 1
398.9076 	EXP 	unnamed TextStim: text = '+6'
399.4071 	DATA 	Sampled Response: 2, Outcome Shown: 0
399.4073 	DATA 	Keypress: 1
399.4075 	DATA 	Keypress: 1
399.5447 	DATA 	Keypress: 1
399.5479 	EXP 	unnamed TextStim: text = '+6'
400.0471 	DATA 	Sampled Response: 2, Outcome Shown: 0
400.0473 	DATA 	Keypress: 1
400.0475 	DATA 	Keypress: 1
400.1532 	DATA 	Keypress: 1
400.1567 	EXP 	unnamed TextStim: text = '+6'
400.6561 	DATA 	Sampled Response: 2, Outcome Shown: +29
400.6563 	DATA 	Keypress: 1
400.6565 	DATA 	Keypress: 1
400.8944 	DATA 	Keypress: f2
400.9376 	DATA 	Keypress: 2
400.9427 	EXP 	unnamed TextStim: text = '0'
401.4421 	DATA 	Sampled Response: 1, Outcome Shown: +6
401.4424 	DATA 	Keypress: 2
401.5605 	DATA 	Keypress: 2
401.5679 	EXP 	unnamed TextStim: text = '+29'
402.0671 	DATA 	Sampled Response: 1, Outcome Shown: +6
402.0674 	DATA 	Keypress: 2
402.0675 	DATA 	Keypress: 2
402.2636 	DATA 	Keypress: 2
402.2695 	EXP 	unnamed TextStim: text = '0'
402.7692 	DATA 	Sampled Response: 1, Outcome Shown: +6
402.7694 	DATA 	Keypress: 2
402.7695 	DATA 	Keypress: 2
402.8950 	DATA 	Keypress: 2
402.8983 	EXP 	unnamed TextStim: text = '0'
403.3982 	DATA 	Sampled Response: 1, Outcome Shown: +6
403.3984 	DATA 	Keypress: 1
403.5283 	DATA 	Keypress: 1
403.5316 	EXP 	unnamed TextStim: text = '+6'
404.0312 	DATA 	Sampled Response: 2, Outcome Shown: 0
404.0314 	DATA 	Keypress: 1
404.0315 	DATA 	Keypress: 1
404.1538 	DATA 	Keypress: 1
404.1567 	EXP 	unnamed TextStim: text = '+6'
404.6562 	DATA 	Sampled Response: 2, Outcome Shown: +29
404.6564 	DATA 	Keypress: 1
404.6566 	DATA 	Keypress: 1
404.7751 	DATA 	Keypress: 1
404.7785 	EXP 	unnamed TextStim: text = '+6'
405.2782 	DATA 	Sampled Response: 2, Outcome Shown: 0
405.2784 	DATA 	Keypress: 1
405.4483 	DATA 	Keypress: 2
405.4539 	EXP 	unnamed TextStim: text = '0'
405.9532 	DATA 	Sampled Response: 1, Outcome Shown: +6
405.9534 	DATA 	Keypress: 2
405.9536 	DATA 	Keypress: 2
406.0822 	DATA 	** broke sampling loop (<.5s left in trial) **
406.0833 	DATA 	samplingCount: 22
406.0833 	DATA 	Think Onset
406.0887 	EXP 	unnamed Rect: lineColor = 'white (named)'
406.0887 	EXP 	unnamed Rect: lineColor = 'white (named)'
406.0896 	DATA 	Keypress: 2
406.2872 	DATA 	Keypress: 2
409.0906 	DATA 	Decide Onset
409.5096 	DATA 	Keypress: 2
409.5097 	DATA 	Decision Button Press: ['2']
409.5097 	DATA 	Decision Response: 1
409.5111 	EXP 	unnamed Rect: lineColor = 'red (named)'
410.0186 	DATA 	ITI Onset
410.0195 	EXP 	unnamed Rect: lineColor = 'white (named)'
410.0195 	EXP 	unnamed Rect: lineColor = 'white (named)'
410.0195 	EXP 	unnamed TextStim: text = '+6'
410.0195 	EXP 	unnamed TextStim: text = '0'
413.0869 	DATA 	Trial End Time - totalITI: 3.0633536457
413.0871 	EXP 	New trial (rep=0, index=17): {'P1_1': '0.2', 'P1_2': '1', 'SafeOption': '2', 'P2_2': '0', 'O2_2': '0', 'O2_1': '0', 'ProbNumber': 'SD3', 'O1_2': '-7', 'O1_1': '-34', 'EV2': '-7', 'EV1': '-6.8', 'ProbType': 'SD', 'P2_1': '0.8'}
413.0873 	DATA 	Trial Onset - ProblemType: SD, ProblemNumber: SD3, leftRight: 1, samplingDur: 15, assignedITI: 1.2245
413.0873 	DATA 	Sampling Onset
413.5760 	DATA 	Keypress: 2
413.5793 	EXP 	unnamed TextStim: text = '0'
414.0794 	DATA 	Sampled Response: 1, Outcome Shown: -7
414.0796 	DATA 	Keypress: 2
414.0798 	DATA 	Keypress: 2
414.2392 	DATA 	Keypress: 2
414.2426 	EXP 	unnamed TextStim: text = '0'
414.7424 	DATA 	Sampled Response: 1, Outcome Shown: -7
414.7427 	DATA 	Keypress: 2
414.7428 	DATA 	Keypress: 2
414.8311 	DATA 	Keypress: 2
414.8371 	EXP 	unnamed TextStim: text = '0'
415.3364 	DATA 	Sampled Response: 1, Outcome Shown: -7
415.3367 	DATA 	Keypress: 2
415.3368 	DATA 	Keypress: 2
415.4627 	DATA 	Keypress: 2
415.4686 	EXP 	unnamed TextStim: text = '0'
415.9685 	DATA 	Sampled Response: 1, Outcome Shown: -7
415.9687 	DATA 	Keypress: 2
415.9688 	DATA 	Keypress: 2
416.0880 	DATA 	Keypress: 2
416.0941 	EXP 	unnamed TextStim: text = '-34'
416.5935 	DATA 	Sampled Response: 1, Outcome Shown: -7
416.5937 	DATA 	Keypress: 2
416.9983 	DATA 	Keypress: 1
417.0050 	EXP 	unnamed TextStim: text = '-7'
417.5045 	DATA 	Sampled Response: 2, Outcome Shown: -34
417.5047 	DATA 	Keypress: 1
417.5049 	DATA 	Keypress: 1
417.6777 	DATA 	Keypress: 1
417.6808 	EXP 	unnamed TextStim: text = '-7'
418.1805 	DATA 	Sampled Response: 2, Outcome Shown: 0
418.1807 	DATA 	Keypress: 1
418.1808 	DATA 	Keypress: 1
418.2697 	DATA 	Keypress: 1
418.2730 	EXP 	unnamed TextStim: text = '-7'
418.7725 	DATA 	Sampled Response: 2, Outcome Shown: 0
418.7727 	DATA 	Keypress: 1
418.7729 	DATA 	Keypress: 1
418.9049 	DATA 	Keypress: 1
418.9082 	EXP 	unnamed TextStim: text = '-7'
419.4075 	DATA 	Sampled Response: 2, Outcome Shown: 0
419.4077 	DATA 	Keypress: 1
419.4079 	DATA 	Keypress: 1
419.5576 	DATA 	Keypress: 1
419.5607 	EXP 	unnamed TextStim: text = '-7'
420.0605 	DATA 	Sampled Response: 2, Outcome Shown: 0
420.0607 	DATA 	Keypress: 1
420.0609 	DATA 	Keypress: 1
420.2778 	DATA 	Keypress: 1
420.2811 	EXP 	unnamed TextStim: text = '-7'
420.7806 	DATA 	Sampled Response: 2, Outcome Shown: 0
420.7808 	DATA 	Keypress: 1
420.7809 	DATA 	Keypress: 1
420.9983 	DATA 	Keypress: 1
421.0043 	EXP 	unnamed TextStim: text = '-7'
421.5036 	DATA 	Sampled Response: 2, Outcome Shown: 0
421.5038 	DATA 	Keypress: 1
421.6217 	DATA 	Keypress: 1
421.6250 	EXP 	unnamed TextStim: text = '-7'
422.1246 	DATA 	Sampled Response: 2, Outcome Shown: 0
422.1248 	DATA 	Keypress: 1
422.1249 	DATA 	Keypress: 1
422.3369 	DATA 	Keypress: 1
422.3402 	EXP 	unnamed TextStim: text = '-7'
422.8396 	DATA 	Sampled Response: 2, Outcome Shown: 0
422.8398 	DATA 	Keypress: 1
422.8400 	DATA 	Keypress: 1
423.0056 	DATA 	Keypress: 1
423.0089 	EXP 	unnamed TextStim: text = '-7'
423.5086 	DATA 	Sampled Response: 2, Outcome Shown: -34
423.6310 	DATA 	Keypress: 2
423.6371 	EXP 	unnamed TextStim: text = '0'
424.1366 	DATA 	Sampled Response: 1, Outcome Shown: -7
424.1369 	DATA 	Keypress: 2
424.1974 	DATA 	Keypress: 2
424.2061 	EXP 	unnamed TextStim: text = '0'
424.7056 	DATA 	Sampled Response: 1, Outcome Shown: -7
424.7058 	DATA 	Keypress: 2
424.7060 	DATA 	Keypress: 2
424.8620 	DATA 	Keypress: 2
424.8652 	EXP 	unnamed TextStim: text = '0'
425.3647 	DATA 	Sampled Response: 1, Outcome Shown: -7
425.3653 	DATA 	Keypress: 2
425.3654 	DATA 	Keypress: 2
425.5691 	DATA 	Keypress: 2
425.5725 	EXP 	unnamed TextStim: text = '0'
426.0727 	DATA 	Sampled Response: 1, Outcome Shown: -7
426.0729 	DATA 	Keypress: 2
426.0730 	DATA 	Keypress: 2
426.2623 	DATA 	Keypress: 2
426.2681 	EXP 	unnamed TextStim: text = '0'
426.7677 	DATA 	Sampled Response: 1, Outcome Shown: -7
426.7679 	DATA 	Keypress: 2
426.7680 	DATA 	Keypress: 2
426.9414 	DATA 	Keypress: 2
426.9447 	EXP 	unnamed TextStim: text = '0'
427.4447 	DATA 	Sampled Response: 1, Outcome Shown: -7
427.4449 	DATA 	Keypress: 2
427.4451 	DATA 	Keypress: 2
427.5906 	DATA 	** broke sampling loop (<.5s left in trial) **
427.5916 	DATA 	samplingCount: 21
427.5916 	DATA 	Think Onset
427.5941 	EXP 	unnamed Rect: lineColor = 'white (named)'
427.5941 	EXP 	unnamed Rect: lineColor = 'white (named)'
427.6316 	DATA 	Keypress: 2
430.3539 	DATA 	Keypress: 1
430.5980 	DATA 	Decide Onset
430.9406 	DATA 	Keypress: 1
430.9407 	DATA 	Decision Button Press: ['1']
430.9407 	DATA 	Decision Response: 2
430.9421 	EXP 	unnamed Rect: lineColor = 'red (named)'
431.4488 	DATA 	ITI Onset
431.4498 	EXP 	unnamed Rect: lineColor = 'white (named)'
431.4498 	EXP 	unnamed Rect: lineColor = 'white (named)'
431.4498 	EXP 	unnamed TextStim: text = '-7'
431.4498 	EXP 	unnamed TextStim: text = '0'
434.5306 	DATA 	Trial End Time - totalITI: 3.07811465269
434.6740 	INFO 	saved wide-format data to logs/DE201/DE201_ebdm_run_2.csv
434.6741 	DATA 	*****END RUN 2*****
434.7316 	EXP 	window1: mouseVisible = True
