13.4397 	INFO 	Loaded monitor calibration from ['2018_10_30 09:12']
13.4414 	WARNING 	User requested fullscreen with size [800 600], but screen is actually [1920, 1080]. Using actual size
14.1550 	EXP 	Created window1 = Window(allowGUI=False, allowStencil=False, args=UNKNOWN, autoLog=True, bitsMode=UNKNOWN, blendMode='avg', color='black', colorSpace='named', fullscr=UNKNOWN, gamma=None, kwargs=UNKNOWN, lms=UNKNOWN, monitor=<psychopy.monitors.calibTools.Monitor object at 0x14FFDEF0>, multiSample=False, name='window1', numSamples=2, pos=[0, 0], screen=0, size=array([1920, 1080]), stereo=False, units='deg', useFBO=False, useRetina=False, viewOri=0.0, viewPos=None, viewScale=None, waitBlanking=True, winType='pyglet')
14.2067 	EXP 	Created unnamed TextStim = TextStim(alignHoriz='center', alignVert='center', antialias=True, autoLog=True, bold=False, color=array([ 1.,  1.,  1.]), colorSpace='rgb', contrast=1.0, depth=0, flipHoriz=False, flipVert=False, font='', fontFiles=[], height=2, italic=False, name='unnamed TextStim', opacity=1.0, ori=0.0, pos=array([ 0.,  0.]), rgb=array([ 1.,  1.,  1.]), text='+', units='deg', win=Window(...), wrapWidth=15.0)
14.2515 	EXP 	Created unnamed TextStim = TextStim(alignHoriz='center', alignVert='center', antialias=True, autoLog=True, bold=False, color=array([ 1.,  1.,  1.]), colorSpace='rgb', contrast=1.0, depth=0, flipHoriz=False, flipVert=False, font='', fontFiles=[], height=1.5, italic=False, name='unnamed TextStim', opacity=1.0, ori=0.0, pos=array([ 0.,  0.]), rgb=array([ 1.,  1.,  1.]), text=newstr(...), units='deg', win=Window(...), wrapWidth=15.0)
14.2706 	EXP 	Created unnamed TextStim = TextStim(alignHoriz='center', alignVert='center', antialias=True, autoLog=True, bold=False, color=array([ 1.,  1.,  1.]), colorSpace='rgb', contrast=1.0, depth=0, flipHoriz=False, flipVert=False, font='', fontFiles=[], height=1.5, italic=False, name='unnamed TextStim', opacity=1.0, ori=0.0, pos=array([ 0.,  0.]), rgb=array([ 1.,  1.,  1.]), text='Waiting for scanner...', units='deg', win=Window(...), wrapWidth=15.0)
14.2938 	EXP 	Created unnamed TextStim = TextStim(alignHoriz='center', alignVert='center', antialias=True, autoLog=True, bold=False, color='white', colorSpace='named', contrast=1.0, depth=0, flipHoriz=False, flipVert=False, font='', fontFiles=[], height=1, italic=False, name='unnamed TextStim', opacity=1.0, ori=0.0, pos=array([ 0.,  0.]), rgb=array([ 255.,  255.,  255.]), text='Press SPACE to continue.', units='deg', win=Window(...), wrapWidth=15.0)
14.3064 	EXP 	Created unnamed TextStim = TextStim(alignHoriz='center', alignVert='center', antialias=True, autoLog=True, bold=False, color=array([ 1.,  1.,  1.]), colorSpace='rgb', contrast=1.0, depth=0, flipHoriz=False, flipVert=False, font='', fontFiles=[], height=0.1, italic=False, name='unnamed TextStim', opacity=1.0, ori=0.0, pos=array([ 0.,  0.]), rgb=array([ 1.,  1.,  1.]), text='THINK', units='norm', win=Window(...), wrapWidth=1)
14.3145 	EXP 	Created unnamed TextStim = TextStim(alignHoriz='center', alignVert='center', antialias=True, autoLog=True, bold=False, color=array([ 1.,  1.,  1.]), colorSpace='rgb', contrast=1.0, depth=0, flipHoriz=False, flipVert=False, font='', fontFiles=[], height=0.1, italic=False, name='unnamed TextStim', opacity=1.0, ori=0.0, pos=array([ 0.,  0.]), rgb=array([ 1.,  1.,  1.]), text='DECIDE', units='norm', win=Window(...), wrapWidth=1)
14.3210 	EXP 	<method-wrapper '__getattribute__' of attributeSetter object at 0x059C1190>: vertices = array([[-0.275     ,  0.48888889],
       [ 0.275     ,  0.48888889],
       [ 0.275     , -0.48888889],
       [-0.275     , -0.48888889]])
14.3219 	EXP 	Created unnamed Rect = Rect(autoDraw=False, autoLog=True, closeShape=True, contrast=1.0, depth=0, fillColor=None, fillColorSpace='rgb', fillRGB=None, interpolate=True, lineColor='white', lineColorSpace='named', lineRGB=array([ 255.,  255.,  255.]), lineWidth=3.5, name='unnamed Rect', opacity=1.0, ori=array(0.0), pos=array([-0.5125    , -0.09444444]), size=array([ 1.,  1.]), units='norm', vertices=ndarray(...), win=Window(...))
14.3222 	EXP 	<method-wrapper '__getattribute__' of attributeSetter object at 0x059C1190>: vertices = array([[-0.275     ,  0.48888889],
       [ 0.275     ,  0.48888889],
       [ 0.275     , -0.48888889],
       [-0.275     , -0.48888889]])
14.3230 	EXP 	Created unnamed Rect = Rect(autoDraw=False, autoLog=True, closeShape=True, contrast=1.0, depth=0, fillColor=None, fillColorSpace='rgb', fillRGB=None, interpolate=True, lineColor='white', lineColorSpace='named', lineRGB=array([ 255.,  255.,  255.]), lineWidth=3.5, name='unnamed Rect', opacity=1.0, ori=array(0.0), pos=array([ 0.4875    , -0.09444444]), size=array([ 1.,  1.]), units='norm', vertices=ndarray(...), win=Window(...))
14.3466 	EXP 	Created unnamed TextStim = TextStim(alignHoriz='center', alignVert='center', antialias=True, autoLog=True, bold=False, color=array([ 1.,  1.,  1.]), colorSpace='rgb', contrast=1.0, depth=0, flipHoriz=False, flipVert=False, font='', fontFiles=[], height=0.2, italic=False, name='unnamed TextStim', opacity=1.0, ori=0.0, pos=array([-0.5125    , -0.09444444]), rgb=array([ 1.,  1.,  1.]), text='Hello World', units='norm', win=Window(...), wrapWidth=1)
14.3564 	EXP 	Created unnamed TextStim = TextStim(alignHoriz='center', alignVert='center', antialias=True, autoLog=True, bold=False, color=array([ 1.,  1.,  1.]), colorSpace='rgb', contrast=1.0, depth=0, flipHoriz=False, flipVert=False, font='', fontFiles=[], height=0.2, italic=False, name='unnamed TextStim', opacity=1.0, ori=0.0, pos=array([ 0.4875    , -0.09444444]), rgb=array([ 1.,  1.,  1.]), text='Hello World', units='norm', win=Window(...), wrapWidth=1)
14.3664 	EXP 	Created unnamed TextStim = TextStim(alignHoriz='center', alignVert='center', antialias=True, autoLog=True, bold=False, color=array([ 1.,  1.,  1.]), colorSpace='rgb', contrast=1.0, depth=0, flipHoriz=False, flipVert=False, font='', fontFiles=[], height=0.1, italic=False, name='unnamed TextStim', opacity=1.0, ori=0.0, pos=array([-0.5125    , -0.82777778]), rgb=array([ 1.,  1.,  1.]), text='Press 1', units='norm', win=Window(...), wrapWidth=1)
14.3747 	EXP 	Created unnamed TextStim = TextStim(alignHoriz='center', alignVert='center', antialias=True, autoLog=True, bold=False, color=array([ 1.,  1.,  1.]), colorSpace='rgb', contrast=1.0, depth=0, flipHoriz=False, flipVert=False, font='', fontFiles=[], height=0.1, italic=False, name='unnamed TextStim', opacity=1.0, ori=0.0, pos=array([ 0.4875    , -0.82777778]), rgb=array([ 1.,  1.,  1.]), text='Press 2', units='norm', win=Window(...), wrapWidth=1)
14.4903 	EXP 	Created unnamed ImageStim = ImageStim(autoLog=True, color=array([ 1.,  1.,  1.]), colorSpace='rgb', contrast=1.0, depth=0, flipHoriz=False, flipVert=False, image=str(...), interpolate=False, mask=None, maskParams=None, name='unnamed ImageStim', opacity=1.0, ori=0.0, pos=array([ 0.,  0.]), size=array([ 1.35416667,  1.3537037 ]), texRes=128, units='norm', win=Window(...))
14.9246 	EXP 	Created unnamed ImageStim = ImageStim(autoLog=True, color=array([ 1.,  1.,  1.]), colorSpace='rgb', contrast=1.0, depth=0, flipHoriz=False, flipVert=False, image=str(...), interpolate=False, mask=None, maskParams=None, name='unnamed ImageStim', opacity=1.0, ori=0.0, pos=array([ 0.,  0.]), size=array([ 1.35416667,  1.3537037 ]), texRes=128, units='norm', win=Window(...))
15.0358 	EXP 	Created unnamed ImageStim = ImageStim(autoLog=True, color=array([ 1.,  1.,  1.]), colorSpace='rgb', contrast=1.0, depth=0, flipHoriz=False, flipVert=False, image=str(...), interpolate=False, mask=None, maskParams=None, name='unnamed ImageStim', opacity=1.0, ori=0.0, pos=array([ 0.,  0.]), size=array([ 1.35416667,  1.3537037 ]), texRes=128, units='norm', win=Window(...))
15.1166 	EXP 	Created unnamed ImageStim = ImageStim(autoLog=True, color=array([ 1.,  1.,  1.]), colorSpace='rgb', contrast=1.0, depth=0, flipHoriz=False, flipVert=False, image=str(...), interpolate=False, mask=None, maskParams=None, name='unnamed ImageStim', opacity=1.0, ori=0.0, pos=array([ 0.,  0.]), size=array([ 1.35416667,  1.3537037 ]), texRes=128, units='norm', win=Window(...))
15.1223 	EXP 	Created sequence: sequential, trialTypes=18, nReps=1, seed=None
15.3764 	DEBUG 	Using S:\Chein_Group\People\LizBeard\DEGap_bPilotv2\SamplingMachine_bPilotv2.py as origin file
15.3804 	EXP 	Created sequence: sequential, trialTypes=18, nReps=1, seed=None
15.3811 	DEBUG 	Using S:\Chein_Group\People\LizBeard\DEGap_bPilotv2\SamplingMachine_bPilotv2.py as origin file
0.0034 	DATA 	** START RUN 1 **
7.3491 	DATA 	Keypress: space
10.6690 	DATA 	Keypress: space
11.7889 	DATA 	Keypress: space
13.6208 	DATA 	Keypress: space
13.6212 	EXP 	New trial (rep=0, index=0): {'P1_1': '0.1', 'P1_2': '1', 'SafeOption': '2', 'P2_2': '0', 'O2_2': '0', 'O2_1': '0', 'ProbNumber': 'SD1', 'O1_2': '-3', 'O1_1': '-32', 'EV2': '-3', 'EV1': '-3.2', 'ProbType': 'SD', 'P2_1': '0.9'}
13.6213 	DATA 	Trial Onset - ProblemType: SD, ProblemNumber: SD1, leftRight: 1, samplingDur: 19, assignedITI: 5.4629
13.6214 	DATA 	Sampling Onset
14.6371 	DATA 	Keypress: 1
14.6596 	EXP 	unnamed TextStim: text = '-3'
15.1588 	DATA 	Sampled Response: 2, Outcome Shown: 0
15.1591 	DATA 	Keypress: 1
15.3344 	DATA 	Keypress: 1
15.3377 	EXP 	unnamed TextStim: text = '-3'
15.8379 	DATA 	Sampled Response: 2, Outcome Shown: 0
15.8381 	DATA 	Keypress: 1
16.1454 	DATA 	Keypress: 1
16.1487 	EXP 	unnamed TextStim: text = '-3'
16.6489 	DATA 	Sampled Response: 2, Outcome Shown: 0
16.7811 	DATA 	Keypress: 1
16.7871 	EXP 	unnamed TextStim: text = '-3'
17.2869 	DATA 	Sampled Response: 2, Outcome Shown: 0
17.2871 	DATA 	Keypress: 2
17.5811 	DATA 	Keypress: 2
17.5904 	EXP 	unnamed TextStim: text = '0'
18.0899 	DATA 	Sampled Response: 1, Outcome Shown: -3
18.1660 	DATA 	Keypress: 2
18.1686 	EXP 	unnamed TextStim: text = '0'
18.6679 	DATA 	Sampled Response: 1, Outcome Shown: -3
18.7967 	DATA 	Keypress: 2
18.8027 	EXP 	unnamed TextStim: text = '0'
19.3019 	DATA 	Sampled Response: 1, Outcome Shown: -3
19.3971 	DATA 	Keypress: 2
19.4033 	EXP 	unnamed TextStim: text = '0'
19.9029 	DATA 	Sampled Response: 1, Outcome Shown: -3
19.9330 	DATA 	Keypress: 2
19.9392 	EXP 	unnamed TextStim: text = '0'
20.4389 	DATA 	Sampled Response: 1, Outcome Shown: -3
20.4816 	DATA 	Keypress: 2
20.4850 	EXP 	unnamed TextStim: text = '0'
20.9850 	DATA 	Sampled Response: 1, Outcome Shown: -3
20.9852 	DATA 	Keypress: 1
21.3028 	DATA 	Keypress: 1
21.3061 	EXP 	unnamed TextStim: text = '-3'
21.8060 	DATA 	Sampled Response: 2, Outcome Shown: 0
21.8129 	DATA 	Keypress: 1
21.8177 	EXP 	unnamed TextStim: text = '-3'
22.3170 	DATA 	Sampled Response: 2, Outcome Shown: 0
22.3650 	DATA 	Keypress: 1
22.3683 	EXP 	unnamed TextStim: text = '-3'
22.8680 	DATA 	Sampled Response: 2, Outcome Shown: 0
22.8794 	DATA 	Keypress: 1
22.8826 	EXP 	unnamed TextStim: text = '-3'
23.3820 	DATA 	Sampled Response: 2, Outcome Shown: 0
23.3822 	DATA 	Keypress: 1
23.7971 	DATA 	Keypress: 1
23.8003 	EXP 	unnamed TextStim: text = '-3'
24.3000 	DATA 	Sampled Response: 2, Outcome Shown: 0
24.3982 	DATA 	Keypress: 1
24.4014 	EXP 	unnamed TextStim: text = '-3'
24.9010 	DATA 	Sampled Response: 2, Outcome Shown: -32
24.9289 	DATA 	Keypress: 2
24.9323 	EXP 	unnamed TextStim: text = '0'
25.4321 	DATA 	Sampled Response: 1, Outcome Shown: -3
25.4709 	DATA 	Keypress: 2
25.4742 	EXP 	unnamed TextStim: text = '0'
25.9741 	DATA 	Sampled Response: 1, Outcome Shown: -3
25.9895 	DATA 	Keypress: 2
25.9953 	EXP 	unnamed TextStim: text = '0'
26.4951 	DATA 	Sampled Response: 1, Outcome Shown: -3
26.5249 	DATA 	Keypress: 2
26.5334 	EXP 	unnamed TextStim: text = '0'
27.0331 	DATA 	Sampled Response: 1, Outcome Shown: -3
32.1240 	DATA 	** broke sampling loop (<.5s left in trial) **
32.1251 	DATA 	samplingCount: 20
32.1252 	DATA 	Think Onset
32.1299 	EXP 	unnamed Rect: lineColor = 'white (named)'
32.1299 	EXP 	unnamed Rect: lineColor = 'white (named)'
35.1327 	DATA 	Decide Onset
35.5479 	DATA 	Keypress: 2
35.5480 	DATA 	Decision Button Press: ['2']
35.5480 	DATA 	Decision Response: 1
35.5495 	EXP 	unnamed Rect: lineColor = 'red (named)'
36.0565 	DATA 	ITI Onset
36.0576 	EXP 	unnamed Rect: lineColor = 'white (named)'
36.0576 	EXP 	unnamed Rect: lineColor = 'white (named)'
36.0576 	EXP 	unnamed TextStim: text = '-3'
36.0576 	EXP 	unnamed TextStim: text = '0'
43.3025 	DATA 	Trial End Time - totalITI: 7.24472634693
43.3028 	EXP 	New trial (rep=0, index=1): {'P1_1': '0.3', 'P1_2': '1', 'SafeOption': '2', 'P2_2': '0', 'O2_2': '0', 'O2_1': '-4', 'ProbNumber': 'MD11', 'O1_2': '5', 'O1_1': '27', 'EV2': '5', 'EV1': '5.3', 'ProbType': 'MD', 'P2_1': '0.7'}
43.3029 	DATA 	Trial Onset - ProblemType: MD, ProblemNumber: MD11, leftRight: 0, samplingDur: 17, assignedITI: 1.5966
43.3029 	DATA 	Sampling Onset
43.9241 	DATA 	Keypress: 1
43.9322 	EXP 	unnamed TextStim: text = '-4'
44.4315 	DATA 	Sampled Response: 1, Outcome Shown: -4
44.4317 	DATA 	Keypress: 1
44.8120 	DATA 	Keypress: 1
44.8153 	EXP 	unnamed TextStim: text = '-4'
45.3145 	DATA 	Sampled Response: 1, Outcome Shown: -4
45.4679 	DATA 	Keypress: 1
45.4738 	EXP 	unnamed TextStim: text = '-4'
45.9735 	DATA 	Sampled Response: 1, Outcome Shown: -4
46.0476 	DATA 	Keypress: 1
46.0510 	EXP 	unnamed TextStim: text = '-4'
46.5505 	DATA 	Sampled Response: 1, Outcome Shown: -4
46.6377 	DATA 	Keypress: 1
46.6479 	EXP 	unnamed TextStim: text = '+27'
47.1475 	DATA 	Sampled Response: 1, Outcome Shown: +27
47.2036 	DATA 	Keypress: 1
47.2129 	EXP 	unnamed TextStim: text = '-4'
47.7126 	DATA 	Sampled Response: 1, Outcome Shown: -4
47.7566 	DATA 	Keypress: 1
47.7634 	EXP 	unnamed TextStim: text = '-4'
48.2635 	DATA 	Sampled Response: 1, Outcome Shown: -4
48.2791 	DATA 	Keypress: 1
48.2825 	EXP 	unnamed TextStim: text = '-4'
48.7826 	DATA 	Sampled Response: 1, Outcome Shown: -4
48.7828 	DATA 	Keypress: 1
49.1564 	DATA 	Keypress: 1
49.1622 	EXP 	unnamed TextStim: text = '-4'
49.6616 	DATA 	Sampled Response: 1, Outcome Shown: -4
49.6796 	DATA 	Keypress: 1
49.6853 	EXP 	unnamed TextStim: text = '+27'
50.1846 	DATA 	Sampled Response: 1, Outcome Shown: +27
50.1848 	DATA 	Keypress: 2
50.4605 	DATA 	Keypress: 2
50.4682 	EXP 	unnamed TextStim: text = '+5'
50.9676 	DATA 	Sampled Response: 2, Outcome Shown: +5
50.9801 	DATA 	Keypress: 2
50.9834 	EXP 	unnamed TextStim: text = '+5'
51.4826 	DATA 	Sampled Response: 2, Outcome Shown: +5
51.5286 	DATA 	Keypress: 2
51.5320 	EXP 	unnamed TextStim: text = '+5'
52.0316 	DATA 	Sampled Response: 2, Outcome Shown: +5
52.0607 	DATA 	Keypress: 2
52.0642 	EXP 	unnamed TextStim: text = '+5'
52.5636 	DATA 	Sampled Response: 2, Outcome Shown: +5
52.5640 	DATA 	Keypress: 2
53.0131 	DATA 	Keypress: 2
53.0164 	EXP 	unnamed TextStim: text = '+5'
53.5157 	DATA 	Sampled Response: 2, Outcome Shown: +5
53.5882 	DATA 	Keypress: 2
53.5967 	EXP 	unnamed TextStim: text = '+5'
54.0967 	DATA 	Sampled Response: 2, Outcome Shown: +5
54.1113 	DATA 	Keypress: 2
54.1145 	EXP 	unnamed TextStim: text = '+5'
54.6137 	DATA 	Sampled Response: 2, Outcome Shown: +5
54.6139 	DATA 	Keypress: 2
55.0524 	DATA 	Keypress: 2
55.0609 	EXP 	unnamed TextStim: text = '+5'
55.5607 	DATA 	Sampled Response: 2, Outcome Shown: +5
55.5796 	DATA 	Keypress: 2
55.5855 	EXP 	unnamed TextStim: text = '+5'
56.0857 	DATA 	Sampled Response: 2, Outcome Shown: +5
56.1273 	DATA 	Keypress: 2
56.1306 	EXP 	unnamed TextStim: text = '+5'
56.6307 	DATA 	Sampled Response: 2, Outcome Shown: +5
56.6453 	DATA 	Keypress: 2
56.6485 	EXP 	unnamed TextStim: text = '+5'
57.1477 	DATA 	Sampled Response: 2, Outcome Shown: +5
57.1563 	DATA 	Keypress: 2
57.1620 	EXP 	unnamed TextStim: text = '+5'
57.6618 	DATA 	Sampled Response: 2, Outcome Shown: +5
57.6672 	DATA 	Keypress: 2
57.6700 	EXP 	unnamed TextStim: text = '+5'
58.1698 	DATA 	Sampled Response: 2, Outcome Shown: +5
59.8058 	DATA 	** broke sampling loop (<.5s left in trial) **
59.8067 	DATA 	samplingCount: 23
59.8067 	DATA 	Think Onset
59.8118 	EXP 	unnamed Rect: lineColor = 'white (named)'
59.8118 	EXP 	unnamed Rect: lineColor = 'white (named)'
62.8146 	DATA 	Decide Onset
63.2507 	DATA 	Keypress: 1
63.2508 	DATA 	Decision Button Press: ['1']
63.2509 	DATA 	Decision Response: 1
63.2526 	EXP 	unnamed Rect: lineColor = 'red (named)'
63.7595 	DATA 	ITI Onset
63.7606 	EXP 	unnamed Rect: lineColor = 'white (named)'
63.7606 	EXP 	unnamed Rect: lineColor = 'white (named)'
63.7606 	EXP 	unnamed TextStim: text = '+27'
63.7606 	EXP 	unnamed TextStim: text = '+5'
67.1178 	DATA 	Trial End Time - totalITI: 3.35734698927
67.1181 	EXP 	New trial (rep=0, index=2): {'P1_1': '0.9', 'P1_2': '0.7', 'SafeOption': '1', 'P2_2': '0.3', 'O2_2': '25', 'O2_1': '15', 'ProbNumber': 'RR10', 'O1_2': '-3', 'O1_1': '5', 'EV2': '5.4', 'EV1': '6', 'ProbType': 'RR', 'P2_1': '0.1'}
67.1182 	DATA 	Trial Onset - ProblemType: RR, ProblemNumber: RR10, leftRight: 0, samplingDur: 15, assignedITI: 1.4961
67.1183 	DATA 	Sampling Onset
67.5954 	DATA 	Keypress: 1
67.6035 	EXP 	unnamed TextStim: text = '+5'
68.1030 	DATA 	Sampled Response: 1, Outcome Shown: +5
68.1888 	DATA 	Keypress: 1
68.1948 	EXP 	unnamed TextStim: text = '+5'
68.6950 	DATA 	Sampled Response: 1, Outcome Shown: +5
68.7475 	DATA 	Keypress: 1
68.7536 	EXP 	unnamed TextStim: text = '+5'
69.2529 	DATA 	Sampled Response: 1, Outcome Shown: +5
69.3151 	DATA 	Keypress: 1
69.3184 	EXP 	unnamed TextStim: text = '+5'
69.8180 	DATA 	Sampled Response: 1, Outcome Shown: +5
69.9099 	DATA 	Keypress: 1
69.9132 	EXP 	unnamed TextStim: text = '+5'
70.4130 	DATA 	Sampled Response: 1, Outcome Shown: +5
70.4850 	DATA 	Keypress: 1
70.4883 	EXP 	unnamed TextStim: text = '+5'
70.9880 	DATA 	Sampled Response: 1, Outcome Shown: +5
70.9882 	DATA 	Keypress: 1
71.3876 	DATA 	Keypress: 1
71.3934 	EXP 	unnamed TextStim: text = '+5'
71.8931 	DATA 	Sampled Response: 1, Outcome Shown: +5
72.0286 	DATA 	Keypress: 1
72.0320 	EXP 	unnamed TextStim: text = '+5'
72.5320 	DATA 	Sampled Response: 1, Outcome Shown: +5
72.5323 	DATA 	Keypress: 2
72.8347 	DATA 	Keypress: 2
72.8402 	EXP 	unnamed TextStim: text = '-3'
73.3401 	DATA 	Sampled Response: 2, Outcome Shown: -3
73.3556 	DATA 	Keypress: 2
73.3614 	EXP 	unnamed TextStim: text = '-3'
73.8611 	DATA 	Sampled Response: 2, Outcome Shown: -3
73.8993 	DATA 	Keypress: 2
73.9051 	EXP 	unnamed TextStim: text = '+25'
74.4051 	DATA 	Sampled Response: 2, Outcome Shown: +25
74.4208 	DATA 	Keypress: 2
74.4264 	EXP 	unnamed TextStim: text = '-3'
74.9261 	DATA 	Sampled Response: 2, Outcome Shown: -3
74.9476 	DATA 	Keypress: 2
74.9510 	EXP 	unnamed TextStim: text = '-3'
75.4511 	DATA 	Sampled Response: 2, Outcome Shown: -3
75.4838 	DATA 	Keypress: 2
75.4872 	EXP 	unnamed TextStim: text = '-3'
75.9871 	DATA 	Sampled Response: 2, Outcome Shown: -3
76.0031 	DATA 	Keypress: 2
76.0089 	EXP 	unnamed TextStim: text = '-3'
76.5082 	DATA 	Sampled Response: 2, Outcome Shown: -3
76.5386 	DATA 	Keypress: 2
76.5450 	EXP 	unnamed TextStim: text = '-3'
77.0452 	DATA 	Sampled Response: 2, Outcome Shown: -3
77.0678 	DATA 	Keypress: 2
77.0713 	EXP 	unnamed TextStim: text = '-3'
77.5711 	DATA 	Sampled Response: 2, Outcome Shown: -3
77.5798 	DATA 	Keypress: 2
77.5832 	EXP 	unnamed TextStim: text = '-3'
78.0832 	DATA 	Sampled Response: 2, Outcome Shown: -3
78.0834 	DATA 	Keypress: 2
78.5266 	DATA 	Keypress: 2
78.5299 	EXP 	unnamed TextStim: text = '-3'
79.0292 	DATA 	Sampled Response: 2, Outcome Shown: -3
79.0512 	DATA 	Keypress: 2
79.0547 	EXP 	unnamed TextStim: text = '-3'
79.5542 	DATA 	Sampled Response: 2, Outcome Shown: -3
79.5800 	DATA 	Keypress: 2
79.5859 	EXP 	unnamed TextStim: text = '+25'
80.0852 	DATA 	Sampled Response: 2, Outcome Shown: +25
80.3111 	DATA 	Keypress: 1
80.3144 	EXP 	unnamed TextStim: text = '+5'
80.8142 	DATA 	Sampled Response: 1, Outcome Shown: +5
80.9707 	DATA 	Keypress: 1
80.9764 	EXP 	unnamed TextStim: text = '+5'
81.4762 	DATA 	Sampled Response: 1, Outcome Shown: +5
81.5715 	DATA 	Keypress: 1
81.5771 	EXP 	unnamed TextStim: text = '+5'
82.0772 	DATA 	Sampled Response: 1, Outcome Shown: +5
82.0774 	DATA 	** broke sampling loop (<.5s left in trial) **
82.0783 	DATA 	samplingCount: 24
82.0784 	DATA 	Think Onset
82.0796 	EXP 	unnamed Rect: lineColor = 'white (named)'
82.0796 	EXP 	unnamed Rect: lineColor = 'white (named)'
85.0845 	DATA 	Decide Onset
85.6977 	DATA 	Keypress: 2
85.6978 	DATA 	Decision Button Press: ['2']
85.6979 	DATA 	Decision Response: 2
85.6993 	EXP 	unnamed Rect: lineColor = 'red (named)'
86.2069 	DATA 	ITI Onset
86.2079 	EXP 	unnamed Rect: lineColor = 'white (named)'
86.2079 	EXP 	unnamed Rect: lineColor = 'white (named)'
86.2079 	EXP 	unnamed TextStim: text = '+5'
86.2079 	EXP 	unnamed TextStim: text = '+25'
88.8344 	DATA 	Trial End Time - totalITI: 2.62336035527
88.8347 	EXP 	New trial (rep=0, index=3): {'P1_1': '0.6', 'P1_2': '1', 'SafeOption': '2', 'P2_2': '0', 'O2_2': '0', 'O2_1': '-12', 'ProbNumber': 'MD12', 'O1_2': '12', 'O1_1': '30', 'EV2': '12', 'EV1': '13.2', 'ProbType': 'MD', 'P2_1': '0.4'}
88.8349 	DATA 	Trial Onset - ProblemType: MD, ProblemNumber: MD12, leftRight: 1, samplingDur: 16, assignedITI: 1.7267
88.8349 	DATA 	Sampling Onset
89.3479 	DATA 	Keypress: 1
89.3675 	EXP 	unnamed TextStim: text = '+12'
89.8675 	DATA 	Sampled Response: 2, Outcome Shown: -12
89.8677 	DATA 	Keypress: 1
90.2108 	DATA 	Keypress: 1
90.2141 	EXP 	unnamed TextStim: text = '+12'
90.7134 	DATA 	Sampled Response: 2, Outcome Shown: -12
90.9265 	DATA 	Keypress: 1
90.9298 	EXP 	unnamed TextStim: text = '+12'
91.4294 	DATA 	Sampled Response: 2, Outcome Shown: -12
91.6114 	DATA 	Keypress: 1
91.6147 	EXP 	unnamed TextStim: text = '+12'
92.1145 	DATA 	Sampled Response: 2, Outcome Shown: +30
92.2781 	DATA 	Keypress: 1
92.2815 	EXP 	unnamed TextStim: text = '+12'
92.7815 	DATA 	Sampled Response: 2, Outcome Shown: -12
92.9303 	DATA 	Keypress: 1
92.9336 	EXP 	unnamed TextStim: text = '+12'
93.4335 	DATA 	Sampled Response: 2, Outcome Shown: +30
93.5868 	DATA 	Keypress: 1
93.5929 	EXP 	unnamed TextStim: text = '+12'
94.0925 	DATA 	Sampled Response: 2, Outcome Shown: +30
94.2285 	DATA 	Keypress: 1
94.2318 	EXP 	unnamed TextStim: text = '+12'
94.7315 	DATA 	Sampled Response: 2, Outcome Shown: -12
94.8668 	DATA 	Keypress: 1
94.8701 	EXP 	unnamed TextStim: text = '+12'
95.3696 	DATA 	Sampled Response: 2, Outcome Shown: +30
95.4280 	DATA 	Keypress: 1
95.4313 	EXP 	unnamed TextStim: text = '+12'
95.9306 	DATA 	Sampled Response: 2, Outcome Shown: +30
95.9621 	DATA 	Keypress: 2
95.9698 	EXP 	unnamed TextStim: text = '-12'
96.4695 	DATA 	Sampled Response: 1, Outcome Shown: +12
96.5216 	DATA 	Keypress: 2
96.5276 	EXP 	unnamed TextStim: text = '+30'
97.0276 	DATA 	Sampled Response: 1, Outcome Shown: +12
97.0775 	DATA 	Keypress: 2
97.0861 	EXP 	unnamed TextStim: text = '-12'
97.5856 	DATA 	Sampled Response: 1, Outcome Shown: +12
97.6105 	DATA 	Keypress: 2
97.6163 	EXP 	unnamed TextStim: text = '+30'
98.1156 	DATA 	Sampled Response: 1, Outcome Shown: +12
98.1158 	DATA 	Keypress: 2
98.5618 	DATA 	Keypress: 2
98.5679 	EXP 	unnamed TextStim: text = '+30'
99.0676 	DATA 	Sampled Response: 1, Outcome Shown: +12
99.0678 	DATA 	Keypress: 2
99.4446 	DATA 	Keypress: 2
99.4478 	EXP 	unnamed TextStim: text = '+30'
99.9477 	DATA 	Sampled Response: 1, Outcome Shown: +12
99.9479 	DATA 	Keypress: 2
100.3302 	DATA 	Keypress: 2
100.3336 	EXP 	unnamed TextStim: text = '+30'
100.8337 	DATA 	Sampled Response: 1, Outcome Shown: +12
100.8339 	DATA 	Keypress: 2
101.2182 	DATA 	Keypress: 2
101.2290 	EXP 	unnamed TextStim: text = '-12'
101.7287 	DATA 	Sampled Response: 1, Outcome Shown: +12
101.8012 	DATA 	Keypress: 1
101.8097 	EXP 	unnamed TextStim: text = '+12'
102.3097 	DATA 	Sampled Response: 2, Outcome Shown: +30
102.3099 	DATA 	Keypress: 1
102.5619 	DATA 	Keypress: 1
102.5652 	EXP 	unnamed TextStim: text = '+12'
103.0647 	DATA 	Sampled Response: 2, Outcome Shown: +30
103.2097 	DATA 	Keypress: 1
103.2157 	EXP 	unnamed TextStim: text = '+12'
103.7157 	DATA 	Sampled Response: 2, Outcome Shown: +30
103.7546 	DATA 	Keypress: 1
103.7605 	EXP 	unnamed TextStim: text = '+12'
104.2597 	DATA 	Sampled Response: 2, Outcome Shown: -12
104.2813 	DATA 	Keypress: 1
104.2846 	EXP 	unnamed TextStim: text = '+12'
104.7847 	DATA 	Sampled Response: 2, Outcome Shown: +30
104.7849 	DATA 	Keypress: 1
104.7850 	DATA 	** broke sampling loop (<.5s left in trial) **
104.7880 	DATA 	samplingCount: 23
104.7880 	DATA 	Think Onset
104.7892 	EXP 	unnamed Rect: lineColor = 'white (named)'
104.7892 	EXP 	unnamed Rect: lineColor = 'white (named)'
107.7960 	DATA 	Decide Onset
108.1768 	DATA 	Keypress: 1
108.1769 	DATA 	Decision Button Press: ['1']
108.1769 	DATA 	Decision Response: 2
108.1783 	EXP 	unnamed Rect: lineColor = 'red (named)'
108.6887 	DATA 	ITI Onset
108.6897 	EXP 	unnamed Rect: lineColor = 'white (named)'
108.6897 	EXP 	unnamed Rect: lineColor = 'white (named)'
108.6897 	EXP 	unnamed TextStim: text = '+12'
108.6897 	EXP 	unnamed TextStim: text = '-12'
111.7853 	DATA 	Trial End Time - totalITI: 3.09336034306
111.7856 	EXP 	New trial (rep=0, index=4): {'P1_1': '0.9', 'P1_2': '1', 'SafeOption': '2', 'P2_2': '0', 'O2_2': '0', 'O2_1': '-30', 'ProbNumber': 'MD2', 'O1_2': '-1', 'O1_1': '2', 'EV2': '-1', 'EV1': '-1.2', 'ProbType': 'MD', 'P2_1': '0.1'}
111.7857 	DATA 	Trial Onset - ProblemType: MD, ProblemNumber: MD2, leftRight: 0, samplingDur: 17, assignedITI: 1.048
111.7857 	DATA 	Sampling Onset
112.2935 	DATA 	Keypress: 1
112.2989 	EXP 	unnamed TextStim: text = '+2'
112.7989 	DATA 	Sampled Response: 1, Outcome Shown: +2
112.8816 	DATA 	Keypress: 1
112.8875 	EXP 	unnamed TextStim: text = '+2'
113.3869 	DATA 	Sampled Response: 1, Outcome Shown: +2
113.4994 	DATA 	Keypress: 1
113.5029 	EXP 	unnamed TextStim: text = '+2'
114.0029 	DATA 	Sampled Response: 1, Outcome Shown: +2
114.0824 	DATA 	Keypress: 1
114.0857 	EXP 	unnamed TextStim: text = '+2'
114.5850 	DATA 	Sampled Response: 1, Outcome Shown: +2
114.6646 	DATA 	Keypress: 1
114.6706 	EXP 	unnamed TextStim: text = '+2'
115.1700 	DATA 	Sampled Response: 1, Outcome Shown: +2
115.2021 	DATA 	Keypress: 1
115.2080 	EXP 	unnamed TextStim: text = '+2'
115.7080 	DATA 	Sampled Response: 1, Outcome Shown: +2
115.7375 	DATA 	Keypress: 1
115.7462 	EXP 	unnamed TextStim: text = '+2'
116.2460 	DATA 	Sampled Response: 1, Outcome Shown: +2
116.2748 	DATA 	Keypress: 1
116.2782 	EXP 	unnamed TextStim: text = '+2'
116.7780 	DATA 	Sampled Response: 1, Outcome Shown: +2
116.7782 	DATA 	Keypress: 2
117.0811 	DATA 	Keypress: 2
117.0905 	EXP 	unnamed TextStim: text = '-1'
117.5900 	DATA 	Sampled Response: 2, Outcome Shown: -1
117.5902 	DATA 	Keypress: 2
118.0169 	DATA 	Keypress: 2
118.0199 	EXP 	unnamed TextStim: text = '-1'
118.5200 	DATA 	Sampled Response: 2, Outcome Shown: -1
118.5788 	DATA 	Keypress: 2
118.5821 	EXP 	unnamed TextStim: text = '-1'
119.0821 	DATA 	Sampled Response: 2, Outcome Shown: -1
119.0823 	DATA 	Keypress: 2
119.3769 	DATA 	Keypress: 2
119.3831 	EXP 	unnamed TextStim: text = '-1'
119.8831 	DATA 	Sampled Response: 2, Outcome Shown: -1
119.9149 	DATA 	Keypress: 2
119.9182 	EXP 	unnamed TextStim: text = '-1'
120.4181 	DATA 	Sampled Response: 2, Outcome Shown: -1
120.4431 	DATA 	Keypress: 2
120.4463 	EXP 	unnamed TextStim: text = '-1'
120.9461 	DATA 	Sampled Response: 2, Outcome Shown: -1
120.9463 	DATA 	Keypress: 2
121.3133 	DATA 	Keypress: 2
121.3166 	EXP 	unnamed TextStim: text = '-1'
121.8161 	DATA 	Sampled Response: 2, Outcome Shown: -1
121.8664 	DATA 	Keypress: 2
121.8697 	EXP 	unnamed TextStim: text = '-1'
122.3691 	DATA 	Sampled Response: 2, Outcome Shown: -1
122.3694 	DATA 	Keypress: 2
122.7532 	DATA 	Keypress: 2
122.7590 	EXP 	unnamed TextStim: text = '-1'
123.2591 	DATA 	Sampled Response: 2, Outcome Shown: -1
123.2972 	DATA 	Keypress: 2
123.3005 	EXP 	unnamed TextStim: text = '-1'
123.8001 	DATA 	Sampled Response: 2, Outcome Shown: -1
123.8004 	DATA 	Keypress: 2
124.2415 	DATA 	Keypress: 1
124.2448 	EXP 	unnamed TextStim: text = '+2'
124.7442 	DATA 	Sampled Response: 1, Outcome Shown: +2
124.7623 	DATA 	Keypress: 1
124.7656 	EXP 	unnamed TextStim: text = '+2'
125.2652 	DATA 	Sampled Response: 1, Outcome Shown: +2
125.2654 	DATA 	Keypress: 1
125.7772 	DATA 	Keypress: 1
125.7832 	EXP 	unnamed TextStim: text = '+2'
126.2832 	DATA 	Sampled Response: 1, Outcome Shown: +2
126.3531 	DATA 	Keypress: 1
126.3618 	EXP 	unnamed TextStim: text = '+2'
126.8612 	DATA 	Sampled Response: 1, Outcome Shown: +2
126.9465 	DATA 	Keypress: 1
126.9503 	EXP 	unnamed TextStim: text = '+2'
127.4502 	DATA 	Sampled Response: 1, Outcome Shown: +2
127.4504 	DATA 	Keypress: 2
127.9365 	DATA 	Keypress: 2
127.9425 	EXP 	unnamed TextStim: text = '-1'
128.4422 	DATA 	Sampled Response: 2, Outcome Shown: -1
128.4424 	DATA 	** broke sampling loop (<.5s left in trial) **
128.4433 	DATA 	samplingCount: 24
128.4434 	DATA 	Think Onset
128.4446 	EXP 	unnamed Rect: lineColor = 'white (named)'
128.4446 	EXP 	unnamed Rect: lineColor = 'white (named)'
131.4473 	DATA 	Decide Onset
131.7918 	DATA 	Keypress: 1
131.7918 	DATA 	Decision Button Press: ['1']
131.7919 	DATA 	Decision Response: 1
131.7933 	EXP 	unnamed Rect: lineColor = 'red (named)'
132.3013 	DATA 	ITI Onset
132.3024 	EXP 	unnamed Rect: lineColor = 'white (named)'
132.3024 	EXP 	unnamed Rect: lineColor = 'white (named)'
132.3024 	EXP 	unnamed TextStim: text = '+2'
132.3024 	EXP 	unnamed TextStim: text = '-1'
135.0517 	DATA 	Trial End Time - totalITI: 2.74650939272
135.0520 	EXP 	New trial (rep=0, index=5): {'P1_1': '0.9', 'P1_2': '1', 'SafeOption': '2', 'P2_2': '0', 'O2_2': '0', 'O2_1': '-37', 'ProbNumber': 'MD3', 'O1_2': '-5', 'O1_1': '10', 'EV2': '-5', 'EV1': '5.3', 'ProbType': 'MD', 'P2_1': '0.1'}
135.0521 	DATA 	Trial Onset - ProblemType: MD, ProblemNumber: MD3, leftRight: 0, samplingDur: 16, assignedITI: 1.3248
135.0521 	DATA 	Sampling Onset
135.6922 	DATA 	Keypress: 1
135.7006 	EXP 	unnamed TextStim: text = '+10'
136.2004 	DATA 	Sampled Response: 1, Outcome Shown: +10
136.2160 	DATA 	Keypress: 1
136.2193 	EXP 	unnamed TextStim: text = '+10'
136.7184 	DATA 	Sampled Response: 1, Outcome Shown: +10
136.7850 	DATA 	Keypress: 1
136.7909 	EXP 	unnamed TextStim: text = '+10'
137.2904 	DATA 	Sampled Response: 1, Outcome Shown: +10
137.3119 	DATA 	Keypress: 1
137.3153 	EXP 	unnamed TextStim: text = '+10'
137.8154 	DATA 	Sampled Response: 1, Outcome Shown: +10
137.8320 	DATA 	Keypress: 1
137.8402 	EXP 	unnamed TextStim: text = '-37'
138.3395 	DATA 	Sampled Response: 1, Outcome Shown: -37
138.3777 	DATA 	Keypress: 1
138.3850 	EXP 	unnamed TextStim: text = '+10'
138.8845 	DATA 	Sampled Response: 1, Outcome Shown: +10
138.9070 	DATA 	Keypress: 1
138.9103 	EXP 	unnamed TextStim: text = '+10'
139.4094 	DATA 	Sampled Response: 1, Outcome Shown: +10
139.4097 	DATA 	Keypress: 1
139.7935 	DATA 	Keypress: 1
139.7969 	EXP 	unnamed TextStim: text = '+10'
140.2965 	DATA 	Sampled Response: 1, Outcome Shown: +10
140.3617 	DATA 	Keypress: 1
140.3650 	EXP 	unnamed TextStim: text = '+10'
140.8646 	DATA 	Sampled Response: 1, Outcome Shown: +10
140.8648 	DATA 	Keypress: 1
141.2331 	DATA 	Keypress: 1
141.2359 	EXP 	unnamed TextStim: text = '+10'
141.7355 	DATA 	Sampled Response: 1, Outcome Shown: +10
141.8575 	DATA 	Keypress: 1
141.8609 	EXP 	unnamed TextStim: text = '+10'
142.3605 	DATA 	Sampled Response: 1, Outcome Shown: +10
142.3675 	DATA 	Keypress: 1
142.3746 	EXP 	unnamed TextStim: text = '-37'
142.8746 	DATA 	Sampled Response: 1, Outcome Shown: -37
142.8963 	DATA 	Keypress: 2
142.9019 	EXP 	unnamed TextStim: text = '-5'
143.4016 	DATA 	Sampled Response: 2, Outcome Shown: -5
143.4180 	DATA 	Keypress: 2
143.4236 	EXP 	unnamed TextStim: text = '-5'
143.9236 	DATA 	Sampled Response: 2, Outcome Shown: -5
143.9604 	DATA 	Keypress: 2
143.9667 	EXP 	unnamed TextStim: text = '-5'
144.4666 	DATA 	Sampled Response: 2, Outcome Shown: -5
144.4923 	DATA 	Keypress: 2
144.4956 	EXP 	unnamed TextStim: text = '-5'
144.9956 	DATA 	Sampled Response: 2, Outcome Shown: -5
145.0588 	DATA 	Keypress: 2
145.0622 	EXP 	unnamed TextStim: text = '-5'
145.5616 	DATA 	Sampled Response: 2, Outcome Shown: -5
145.6082 	DATA 	Keypress: 2
145.6118 	EXP 	unnamed TextStim: text = '-5'
146.1116 	DATA 	Sampled Response: 2, Outcome Shown: -5
146.1279 	DATA 	Keypress: 2
146.1344 	EXP 	unnamed TextStim: text = '-5'
146.6335 	DATA 	Sampled Response: 2, Outcome Shown: -5
146.6573 	DATA 	Keypress: 2
146.6609 	EXP 	unnamed TextStim: text = '-5'
147.1607 	DATA 	Sampled Response: 2, Outcome Shown: -5
147.1912 	DATA 	Keypress: 2
147.1978 	EXP 	unnamed TextStim: text = '-5'
147.6977 	DATA 	Sampled Response: 2, Outcome Shown: -5
147.7457 	DATA 	Keypress: 2
147.7494 	EXP 	unnamed TextStim: text = '-5'
148.2486 	DATA 	Sampled Response: 2, Outcome Shown: -5
148.2657 	DATA 	Keypress: 1
148.2731 	EXP 	unnamed TextStim: text = '+10'
148.7727 	DATA 	Sampled Response: 1, Outcome Shown: +10
148.7926 	DATA 	Keypress: 1
148.7962 	EXP 	unnamed TextStim: text = '+10'
149.2957 	DATA 	Sampled Response: 1, Outcome Shown: +10
149.3192 	DATA 	Keypress: 1
149.3258 	EXP 	unnamed TextStim: text = '+10'
149.8257 	DATA 	Sampled Response: 1, Outcome Shown: +10
149.8642 	DATA 	Keypress: 1
149.8678 	EXP 	unnamed TextStim: text = '+10'
150.3677 	DATA 	Sampled Response: 1, Outcome Shown: +10
150.4099 	DATA 	Keypress: 1
150.4135 	EXP 	unnamed TextStim: text = '+10'
150.9127 	DATA 	Sampled Response: 1, Outcome Shown: +10
150.9129 	DATA 	** broke sampling loop (<.5s left in trial) **
150.9138 	DATA 	samplingCount: 27
150.9138 	DATA 	Think Onset
150.9151 	EXP 	unnamed Rect: lineColor = 'white (named)'
150.9151 	EXP 	unnamed Rect: lineColor = 'white (named)'
150.9307 	DATA 	Keypress: 1
153.9232 	DATA 	Decide Onset
154.4548 	DATA 	Keypress: 1
154.4549 	DATA 	Decision Button Press: ['1']
154.4549 	DATA 	Decision Response: 1
154.4563 	EXP 	unnamed Rect: lineColor = 'red (named)'
154.9642 	DATA 	ITI Onset
154.9652 	EXP 	unnamed Rect: lineColor = 'white (named)'
154.9652 	EXP 	unnamed Rect: lineColor = 'white (named)'
154.9652 	EXP 	unnamed TextStim: text = '+10'
154.9652 	EXP 	unnamed TextStim: text = '-5'
157.5976 	DATA 	Trial End Time - totalITI: 2.63211408303
157.5979 	EXP 	New trial (rep=0, index=6): {'P1_1': '0.9', 'P1_2': '1', 'SafeOption': '2', 'P2_2': '0', 'O2_2': '0', 'O2_1': '-8', 'ProbNumber': 'MD7', 'O1_2': '4', 'O1_1': '6', 'EV2': '4', 'EV1': '4.6', 'ProbType': 'MD', 'P2_1': '0.1'}
157.5980 	DATA 	Trial Onset - ProblemType: MD, ProblemNumber: MD7, leftRight: 1, samplingDur: 15, assignedITI: 1.2135
157.5980 	DATA 	Sampling Onset
158.0578 	DATA 	Keypress: 2
158.0677 	EXP 	unnamed TextStim: text = '+6'
158.5679 	DATA 	Sampled Response: 1, Outcome Shown: +4
158.6166 	DATA 	Keypress: 2
158.6225 	EXP 	unnamed TextStim: text = '+6'
159.1220 	DATA 	Sampled Response: 1, Outcome Shown: +4
159.1349 	DATA 	Keypress: 2
159.1434 	EXP 	unnamed TextStim: text = '+6'
159.6429 	DATA 	Sampled Response: 1, Outcome Shown: +4
159.6431 	DATA 	Keypress: 2
160.0410 	DATA 	Keypress: 2
160.0443 	EXP 	unnamed TextStim: text = '+6'
160.5439 	DATA 	Sampled Response: 1, Outcome Shown: +4
160.5753 	DATA 	Keypress: 2
160.5786 	EXP 	unnamed TextStim: text = '+6'
161.0779 	DATA 	Sampled Response: 1, Outcome Shown: +4
161.1127 	DATA 	Keypress: 2
161.1161 	EXP 	unnamed TextStim: text = '+6'
161.6160 	DATA 	Sampled Response: 1, Outcome Shown: +4
161.6162 	DATA 	Keypress: 2
162.0478 	DATA 	Keypress: 2
162.0511 	EXP 	unnamed TextStim: text = '+6'
162.5509 	DATA 	Sampled Response: 1, Outcome Shown: +4
162.6067 	DATA 	Keypress: 2
162.6127 	EXP 	unnamed TextStim: text = '+6'
163.1120 	DATA 	Sampled Response: 1, Outcome Shown: +4
163.1191 	DATA 	Keypress: 2
163.1262 	EXP 	unnamed TextStim: text = '+6'
163.6260 	DATA 	Sampled Response: 1, Outcome Shown: +4
163.6262 	DATA 	Keypress: 2
164.0397 	DATA 	Keypress: 2
164.0431 	EXP 	unnamed TextStim: text = '+6'
164.5430 	DATA 	Sampled Response: 1, Outcome Shown: +4
164.5847 	DATA 	Keypress: 2
164.5935 	EXP 	unnamed TextStim: text = '-8'
165.0930 	DATA 	Sampled Response: 1, Outcome Shown: +4
165.2627 	DATA 	Keypress: 1
165.2705 	EXP 	unnamed TextStim: text = '+4'
165.7700 	DATA 	Sampled Response: 2, Outcome Shown: +6
165.7703 	DATA 	Keypress: 1
166.1609 	DATA 	Keypress: 1
166.1642 	EXP 	unnamed TextStim: text = '+4'
166.6641 	DATA 	Sampled Response: 2, Outcome Shown: +6
166.7057 	DATA 	Keypress: 1
166.7090 	EXP 	unnamed TextStim: text = '+4'
167.2091 	DATA 	Sampled Response: 2, Outcome Shown: +6
167.2235 	DATA 	Keypress: 1
167.2268 	EXP 	unnamed TextStim: text = '+4'
167.7261 	DATA 	Sampled Response: 2, Outcome Shown: +6
167.7263 	DATA 	Keypress: 1
168.1510 	DATA 	Keypress: 1
168.1566 	EXP 	unnamed TextStim: text = '+4'
168.6561 	DATA 	Sampled Response: 2, Outcome Shown: +6
168.6906 	DATA 	Keypress: 1
168.6940 	EXP 	unnamed TextStim: text = '+4'
169.1941 	DATA 	Sampled Response: 2, Outcome Shown: +6
169.1943 	DATA 	Keypress: 1
169.5743 	DATA 	Keypress: 1
169.5803 	EXP 	unnamed TextStim: text = '+4'
170.0802 	DATA 	Sampled Response: 2, Outcome Shown: +6
170.1356 	DATA 	Keypress: 1
170.1415 	EXP 	unnamed TextStim: text = '+4'
170.6412 	DATA 	Sampled Response: 2, Outcome Shown: +6
170.6414 	DATA 	Keypress: 1
171.0905 	DATA 	Keypress: 1
171.0939 	EXP 	unnamed TextStim: text = '+4'
171.5932 	DATA 	Sampled Response: 2, Outcome Shown: +6
171.6582 	DATA 	Keypress: 1
171.6615 	EXP 	unnamed TextStim: text = '+4'
172.1612 	DATA 	Sampled Response: 2, Outcome Shown: +6
172.1614 	DATA 	Keypress: 2
172.1615 	DATA 	** broke sampling loop (<.5s left in trial) **
172.1624 	DATA 	samplingCount: 21
172.1624 	DATA 	Think Onset
172.1636 	EXP 	unnamed Rect: lineColor = 'white (named)'
172.1636 	EXP 	unnamed Rect: lineColor = 'white (named)'
175.1719 	DATA 	Decide Onset
175.6059 	DATA 	Keypress: 1
175.6060 	DATA 	Decision Button Press: ['1']
175.6060 	DATA 	Decision Response: 2
175.6074 	EXP 	unnamed Rect: lineColor = 'red (named)'
176.1149 	DATA 	ITI Onset
176.1160 	EXP 	unnamed Rect: lineColor = 'white (named)'
176.1160 	EXP 	unnamed Rect: lineColor = 'white (named)'
176.1160 	EXP 	unnamed TextStim: text = '+4'
176.1160 	EXP 	unnamed TextStim: text = '-8'
179.0336 	DATA 	Trial End Time - totalITI: 2.91576965407
179.0338 	EXP 	New trial (rep=0, index=7): {'P1_1': '0.6', 'P1_2': '0.5', 'SafeOption': '1', 'P2_2': '0.5', 'O2_2': '50', 'O2_1': '25', 'ProbNumber': 'RR6', 'O1_2': '-15', 'O1_1': '12', 'EV2': '17.5', 'EV1': '17.2', 'ProbType': 'RR', 'P2_1': '0.4'}
179.0340 	DATA 	Trial Onset - ProblemType: RR, ProblemNumber: RR6, leftRight: 1, samplingDur: 18, assignedITI: 4.653
179.0340 	DATA 	Sampling Onset
179.5267 	DATA 	Keypress: 1
179.5375 	EXP 	unnamed TextStim: text = '-15'
180.0373 	DATA 	Sampled Response: 2, Outcome Shown: +12
180.1266 	DATA 	Keypress: 1
180.1327 	EXP 	unnamed TextStim: text = '+50'
180.6323 	DATA 	Sampled Response: 2, Outcome Shown: +25
180.7109 	DATA 	Keypress: 1
180.7182 	EXP 	unnamed TextStim: text = '-15'
181.2174 	DATA 	Sampled Response: 2, Outcome Shown: +25
181.2799 	DATA 	Keypress: 1
181.2832 	EXP 	unnamed TextStim: text = '-15'
181.7834 	DATA 	Sampled Response: 2, Outcome Shown: +12
181.8640 	DATA 	Keypress: 1
181.8699 	EXP 	unnamed TextStim: text = '+50'
182.3694 	DATA 	Sampled Response: 2, Outcome Shown: +25
182.4245 	DATA 	Keypress: 1
182.4320 	EXP 	unnamed TextStim: text = '-15'
182.9314 	DATA 	Sampled Response: 2, Outcome Shown: +25
182.9598 	DATA 	Keypress: 2
182.9658 	EXP 	unnamed TextStim: text = '+25'
183.4654 	DATA 	Sampled Response: 1, Outcome Shown: +50
183.5018 	DATA 	Keypress: 2
183.5104 	EXP 	unnamed TextStim: text = '+25'
184.0104 	DATA 	Sampled Response: 1, Outcome Shown: +50
184.0550 	DATA 	Keypress: 2
184.0583 	EXP 	unnamed TextStim: text = '+25'
184.5584 	DATA 	Sampled Response: 1, Outcome Shown: -15
184.5586 	DATA 	Keypress: 2
184.9979 	DATA 	Keypress: 2
185.0055 	EXP 	unnamed TextStim: text = '+12'
185.5055 	DATA 	Sampled Response: 1, Outcome Shown: +50
185.5674 	DATA 	Keypress: 2
185.5735 	EXP 	unnamed TextStim: text = '+12'
186.0735 	DATA 	Sampled Response: 1, Outcome Shown: -15
186.1259 	DATA 	Keypress: 2
186.1342 	EXP 	unnamed TextStim: text = '+25'
186.6335 	DATA 	Sampled Response: 1, Outcome Shown: +50
186.7264 	DATA 	Keypress: 1
186.7347 	EXP 	unnamed TextStim: text = '+50'
187.2345 	DATA 	Sampled Response: 2, Outcome Shown: +25
187.2348 	DATA 	Keypress: 1
187.6458 	DATA 	Keypress: 1
187.6558 	EXP 	unnamed TextStim: text = '-15'
188.1555 	DATA 	Sampled Response: 2, Outcome Shown: +12
196.5390 	DATA 	** broke sampling loop (<.5s left in trial) **
196.5421 	DATA 	samplingCount: 14
196.5421 	DATA 	Think Onset
196.5434 	EXP 	unnamed Rect: lineColor = 'white (named)'
196.5434 	EXP 	unnamed Rect: lineColor = 'white (named)'
199.5492 	DATA 	Decide Onset
201.5601 	DATA 	ITI Onset
201.5612 	EXP 	unnamed Rect: lineColor = 'white (named)'
201.5612 	EXP 	unnamed Rect: lineColor = 'white (named)'
201.5612 	EXP 	unnamed TextStim: text = '-15'
201.5612 	EXP 	unnamed TextStim: text = '+25'
201.6211 	DATA 	Keypress: 2
206.7085 	DATA 	Trial End Time - totalITI: 5.14552239487
206.7088 	EXP 	New trial (rep=0, index=8): {'P1_1': '0.6', 'P1_2': '1', 'SafeOption': '2', 'P2_2': '0', 'O2_2': '0', 'O2_1': '0', 'ProbNumber': 'SD8', 'O1_2': '7', 'O1_1': '12', 'EV2': '7', 'EV1': '7.2', 'ProbType': 'SD', 'P2_1': '0.4'}
206.7090 	DATA 	Trial Onset - ProblemType: SD, ProblemNumber: SD8, leftRight: 1, samplingDur: 16, assignedITI: 5.4629
206.7090 	DATA 	Sampling Onset
207.8054 	DATA 	Keypress: 1
207.8138 	EXP 	unnamed TextStim: text = '+7'
208.3139 	DATA 	Sampled Response: 2, Outcome Shown: 0
208.4457 	DATA 	Keypress: 1
208.4491 	EXP 	unnamed TextStim: text = '+7'
208.9490 	DATA 	Sampled Response: 2, Outcome Shown: +12
208.9979 	DATA 	Keypress: 1
209.0037 	EXP 	unnamed TextStim: text = '+7'
209.5030 	DATA 	Sampled Response: 2, Outcome Shown: +12
209.5897 	DATA 	Keypress: 1
209.5934 	EXP 	unnamed TextStim: text = '+7'
210.0930 	DATA 	Sampled Response: 2, Outcome Shown: +12
210.1327 	DATA 	Keypress: 1
210.1386 	EXP 	unnamed TextStim: text = '+7'
210.6380 	DATA 	Sampled Response: 2, Outcome Shown: 0
210.6736 	DATA 	Keypress: 1
210.6770 	EXP 	unnamed TextStim: text = '+7'
211.1770 	DATA 	Sampled Response: 2, Outcome Shown: 0
211.1805 	DATA 	Keypress: 1
211.1821 	EXP 	unnamed TextStim: text = '+7'
211.6820 	DATA 	Sampled Response: 2, Outcome Shown: +12
211.7214 	DATA 	Keypress: 1
211.7248 	EXP 	unnamed TextStim: text = '+7'
212.2240 	DATA 	Sampled Response: 2, Outcome Shown: 0
212.2243 	DATA 	Keypress: 2
212.5246 	DATA 	Keypress: 2
212.5324 	EXP 	unnamed TextStim: text = '+12'
213.0320 	DATA 	Sampled Response: 1, Outcome Shown: +7
213.0450 	DATA 	Keypress: 2
213.0537 	EXP 	unnamed TextStim: text = '0'
213.5531 	DATA 	Sampled Response: 1, Outcome Shown: +7
213.5657 	DATA 	Keypress: 2
213.5729 	EXP 	unnamed TextStim: text = '+12'
214.0731 	DATA 	Sampled Response: 1, Outcome Shown: +7
214.0733 	DATA 	Keypress: 2
214.5657 	DATA 	Keypress: 2
214.5715 	EXP 	unnamed TextStim: text = '+12'
215.0711 	DATA 	Sampled Response: 1, Outcome Shown: +7
215.0713 	DATA 	Keypress: 2
215.5247 	DATA 	Keypress: 2
215.5323 	EXP 	unnamed TextStim: text = '0'
216.0321 	DATA 	Sampled Response: 1, Outcome Shown: +7
216.0323 	DATA 	Keypress: 2
216.3086 	DATA 	Keypress: 1
216.3144 	EXP 	unnamed TextStim: text = '+7'
216.8141 	DATA 	Sampled Response: 2, Outcome Shown: +12
216.8144 	DATA 	Keypress: 1
217.2046 	DATA 	Keypress: 1
217.2079 	EXP 	unnamed TextStim: text = '+7'
217.7072 	DATA 	Sampled Response: 2, Outcome Shown: +12
217.8761 	DATA 	Keypress: 1
217.8821 	EXP 	unnamed TextStim: text = '+7'
218.3822 	DATA 	Sampled Response: 2, Outcome Shown: 0
218.4283 	DATA 	Keypress: 1
218.4368 	EXP 	unnamed TextStim: text = '+7'
218.9362 	DATA 	Sampled Response: 2, Outcome Shown: +12
222.2118 	DATA 	** broke sampling loop (<.5s left in trial) **
222.2127 	DATA 	samplingCount: 17
222.2127 	DATA 	Think Onset
222.2152 	EXP 	unnamed Rect: lineColor = 'white (named)'
222.2152 	EXP 	unnamed Rect: lineColor = 'white (named)'
225.2210 	DATA 	Decide Onset
225.6997 	DATA 	Keypress: 1
225.6998 	DATA 	Decision Button Press: ['1']
225.6998 	DATA 	Decision Response: 2
225.7012 	EXP 	unnamed Rect: lineColor = 'red (named)'
226.2082 	DATA 	ITI Onset
226.2091 	EXP 	unnamed Rect: lineColor = 'white (named)'
226.2091 	EXP 	unnamed Rect: lineColor = 'white (named)'
226.2091 	EXP 	unnamed TextStim: text = '+7'
226.2091 	EXP 	unnamed TextStim: text = '0'
233.3923 	DATA 	Trial End Time - totalITI: 7.181106059
233.3927 	EXP 	New trial (rep=0, index=9): {'P1_1': '0.1', 'P1_2': '1', 'SafeOption': '2', 'P2_2': '0', 'O2_2': '0', 'O2_1': '-5', 'ProbNumber': 'MD5', 'O1_2': '-4', 'O1_1': '25', 'EV2': '-4', 'EV1': '-2', 'ProbType': 'MD', 'P2_1': '0.9'}
233.3928 	DATA 	Trial Onset - ProblemType: MD, ProblemNumber: MD5, leftRight: 0, samplingDur: 18, assignedITI: 2.4102
233.3928 	DATA 	Sampling Onset
233.8455 	DATA 	Keypress: 1
233.8517 	EXP 	unnamed TextStim: text = '-5'
234.3515 	DATA 	Sampled Response: 1, Outcome Shown: -5
234.3732 	DATA 	Keypress: 1
234.3766 	EXP 	unnamed TextStim: text = '-5'
234.8765 	DATA 	Sampled Response: 1, Outcome Shown: -5
234.9256 	DATA 	Keypress: 1
234.9289 	EXP 	unnamed TextStim: text = '-5'
235.4285 	DATA 	Sampled Response: 1, Outcome Shown: -5
235.4287 	DATA 	Keypress: 1
235.8124 	DATA 	Keypress: 1
235.8208 	EXP 	unnamed TextStim: text = '-5'
236.3205 	DATA 	Sampled Response: 1, Outcome Shown: -5
236.3810 	DATA 	Keypress: 1
236.3869 	EXP 	unnamed TextStim: text = '-5'
236.8865 	DATA 	Sampled Response: 1, Outcome Shown: -5
236.8868 	DATA 	Keypress: 1
237.4121 	DATA 	Keypress: 2
237.4175 	EXP 	unnamed TextStim: text = '-4'
237.9176 	DATA 	Sampled Response: 2, Outcome Shown: -4
237.9402 	DATA 	Keypress: 2
237.9461 	EXP 	unnamed TextStim: text = '-4'
238.4455 	DATA 	Sampled Response: 2, Outcome Shown: -4
238.5038 	DATA 	Keypress: 2
238.5071 	EXP 	unnamed TextStim: text = '-4'
239.0066 	DATA 	Sampled Response: 2, Outcome Shown: -4
239.0210 	DATA 	Keypress: 2
239.0243 	EXP 	unnamed TextStim: text = '-4'
239.5236 	DATA 	Sampled Response: 2, Outcome Shown: -4
239.5238 	DATA 	Keypress: 2
239.9156 	DATA 	Keypress: 2
239.9214 	EXP 	unnamed TextStim: text = '-4'
240.4206 	DATA 	Sampled Response: 2, Outcome Shown: -4
240.4924 	DATA 	Keypress: 2
240.4957 	EXP 	unnamed TextStim: text = '-4'
240.9956 	DATA 	Sampled Response: 2, Outcome Shown: -4
240.9958 	DATA 	Keypress: 2
241.4037 	DATA 	Keypress: 2
241.4097 	EXP 	unnamed TextStim: text = '-4'
241.9097 	DATA 	Sampled Response: 2, Outcome Shown: -4
241.9961 	DATA 	Keypress: 2
242.0048 	EXP 	unnamed TextStim: text = '-4'
242.5047 	DATA 	Sampled Response: 2, Outcome Shown: -4
242.5049 	DATA 	Keypress: 1
242.7876 	DATA 	Keypress: 1
242.7909 	EXP 	unnamed TextStim: text = '-5'
243.2907 	DATA 	Sampled Response: 1, Outcome Shown: -5
243.3885 	DATA 	Keypress: 1
243.3920 	EXP 	unnamed TextStim: text = '-5'
243.8917 	DATA 	Sampled Response: 1, Outcome Shown: -5
243.9481 	DATA 	Keypress: 1
243.9591 	EXP 	unnamed TextStim: text = '+25'
244.4587 	DATA 	Sampled Response: 1, Outcome Shown: +25
244.5475 	DATA 	Keypress: 1
244.5534 	EXP 	unnamed TextStim: text = '-5'
245.0527 	DATA 	Sampled Response: 1, Outcome Shown: -5
245.0589 	DATA 	Keypress: 1
245.0612 	EXP 	unnamed TextStim: text = '-5'
245.5607 	DATA 	Sampled Response: 1, Outcome Shown: -5
245.5729 	DATA 	Keypress: 1
245.5761 	EXP 	unnamed TextStim: text = '-5'
246.0758 	DATA 	Sampled Response: 1, Outcome Shown: -5
246.0760 	DATA 	Keypress: 1
246.5716 	DATA 	Keypress: 2
246.5776 	EXP 	unnamed TextStim: text = '-4'
247.0778 	DATA 	Sampled Response: 2, Outcome Shown: -4
247.0993 	DATA 	Keypress: 2
247.1081 	EXP 	unnamed TextStim: text = '-4'
247.6077 	DATA 	Sampled Response: 2, Outcome Shown: -4
247.6110 	DATA 	Keypress: 2
247.6125 	EXP 	unnamed TextStim: text = '-4'
248.1118 	DATA 	Sampled Response: 2, Outcome Shown: -4
248.1411 	DATA 	Keypress: 2
248.1446 	EXP 	unnamed TextStim: text = '-4'
248.6438 	DATA 	Sampled Response: 2, Outcome Shown: -4
248.6869 	DATA 	Keypress: 2
248.6903 	EXP 	unnamed TextStim: text = '-4'
249.1899 	DATA 	Sampled Response: 2, Outcome Shown: -4
249.7633 	DATA 	Keypress: 1
249.7742 	EXP 	unnamed TextStim: text = '+25'
250.2739 	DATA 	Sampled Response: 1, Outcome Shown: +25
250.4114 	DATA 	Keypress: 1
250.4168 	EXP 	unnamed TextStim: text = '-5'
250.9169 	DATA 	Sampled Response: 1, Outcome Shown: -5
250.9171 	DATA 	Keypress: 1
250.9172 	DATA 	** broke sampling loop (<.5s left in trial) **
250.9182 	DATA 	samplingCount: 26
250.9182 	DATA 	Think Onset
250.9194 	EXP 	unnamed Rect: lineColor = 'white (named)'
250.9194 	EXP 	unnamed Rect: lineColor = 'white (named)'
253.9233 	DATA 	Decide Onset
254.5065 	DATA 	Keypress: 2
254.5066 	DATA 	Decision Button Press: ['2']
254.5066 	DATA 	Decision Response: 2
254.5081 	EXP 	unnamed Rect: lineColor = 'red (named)'
255.0148 	DATA 	ITI Onset
255.0157 	EXP 	unnamed Rect: lineColor = 'white (named)'
255.0157 	EXP 	unnamed Rect: lineColor = 'white (named)'
255.0157 	EXP 	unnamed TextStim: text = '-5'
255.0157 	EXP 	unnamed TextStim: text = '-4'
259.0205 	DATA 	Trial End Time - totalITI: 4.00228507136
259.0208 	EXP 	New trial (rep=0, index=10): {'P1_1': '0.8', 'P1_2': '0.1', 'SafeOption': '1', 'P2_2': '0.9', 'O2_2': '35', 'O2_1': '40', 'ProbNumber': 'RR7', 'O1_2': '-20', 'O1_1': '24', 'EV2': '29.5', 'EV1': '27.2', 'ProbType': 'RR', 'P2_1': '0.2'}
259.0209 	DATA 	Trial Onset - ProblemType: RR, ProblemNumber: RR7, leftRight: 1, samplingDur: 19, assignedITI: 2.274
259.0209 	DATA 	Sampling Onset
259.5077 	DATA 	Keypress: 1
259.5137 	EXP 	unnamed TextStim: text = '+35'
260.0130 	DATA 	Sampled Response: 2, Outcome Shown: +24
260.0514 	DATA 	Keypress: 1
260.0548 	EXP 	unnamed TextStim: text = '+35'
260.5540 	DATA 	Sampled Response: 2, Outcome Shown: +24
260.5543 	DATA 	Keypress: 1
260.9228 	DATA 	Keypress: 1
260.9313 	EXP 	unnamed TextStim: text = '-20'
261.4311 	DATA 	Sampled Response: 2, Outcome Shown: +24
261.5029 	DATA 	Keypress: 1
261.5091 	EXP 	unnamed TextStim: text = '+35'
262.0091 	DATA 	Sampled Response: 2, Outcome Shown: +40
262.0093 	DATA 	Keypress: 1
262.4105 	DATA 	Keypress: 1
262.4137 	EXP 	unnamed TextStim: text = '+35'
262.9131 	DATA 	Sampled Response: 2, Outcome Shown: +24
262.9550 	DATA 	Keypress: 1
262.9583 	EXP 	unnamed TextStim: text = '+35'
263.4581 	DATA 	Sampled Response: 2, Outcome Shown: +24
263.4583 	DATA 	Keypress: 1
263.8105 	DATA 	Keypress: 1
263.8137 	EXP 	unnamed TextStim: text = '+35'
264.3131 	DATA 	Sampled Response: 2, Outcome Shown: +40
264.3133 	DATA 	Keypress: 1
264.6747 	DATA 	Keypress: 1
264.6833 	EXP 	unnamed TextStim: text = '-20'
265.1831 	DATA 	Sampled Response: 2, Outcome Shown: +24
265.2189 	DATA 	Keypress: 1
265.2277 	EXP 	unnamed TextStim: text = '+35'
265.7272 	DATA 	Sampled Response: 2, Outcome Shown: +24
265.7274 	DATA 	Keypress: 2
265.9945 	DATA 	Keypress: 2
266.0023 	EXP 	unnamed TextStim: text = '+24'
266.5021 	DATA 	Sampled Response: 1, Outcome Shown: +35
266.5024 	DATA 	Keypress: 2
266.7952 	DATA 	Keypress: 2
266.8038 	EXP 	unnamed TextStim: text = '+24'
267.3032 	DATA 	Sampled Response: 1, Outcome Shown: -20
267.3034 	DATA 	Keypress: 2
267.6980 	DATA 	Keypress: 2
268.0541 	DATA 	Keypress: 2
268.0574 	EXP 	unnamed TextStim: text = '+24'
268.5572 	DATA 	Sampled Response: 1, Outcome Shown: +35
268.5574 	DATA 	Keypress: 2
268.7801 	DATA 	Keypress: 2
268.7858 	EXP 	unnamed TextStim: text = '+24'
269.2852 	DATA 	Sampled Response: 1, Outcome Shown: -20
269.2854 	DATA 	Keypress: 2
269.4278 	DATA 	Keypress: 2
269.4310 	EXP 	unnamed TextStim: text = '+24'
269.9303 	DATA 	Sampled Response: 1, Outcome Shown: +35
269.9305 	DATA 	Keypress: 2
269.9872 	DATA 	Keypress: 2
269.9905 	EXP 	unnamed TextStim: text = '+24'
270.4903 	DATA 	Sampled Response: 1, Outcome Shown: +35
270.4905 	DATA 	Keypress: 2
270.7865 	DATA 	Keypress: 2
270.7927 	EXP 	unnamed TextStim: text = '+40'
271.2923 	DATA 	Sampled Response: 1, Outcome Shown: -20
277.5229 	DATA 	** broke sampling loop (<.5s left in trial) **
277.5238 	DATA 	samplingCount: 16
277.5238 	DATA 	Think Onset
277.5263 	EXP 	unnamed Rect: lineColor = 'white (named)'
277.5263 	EXP 	unnamed Rect: lineColor = 'white (named)'
280.5276 	DATA 	Decide Onset
280.8493 	DATA 	Keypress: 2
280.8494 	DATA 	Decision Button Press: ['2']
280.8495 	DATA 	Decision Response: 1
280.8509 	EXP 	unnamed Rect: lineColor = 'red (named)'
281.3581 	DATA 	ITI Onset
281.3592 	EXP 	unnamed Rect: lineColor = 'white (named)'
281.3592 	EXP 	unnamed Rect: lineColor = 'white (named)'
281.3592 	EXP 	unnamed TextStim: text = '+35'
281.3592 	EXP 	unnamed TextStim: text = '+40'
285.5102 	DATA 	Trial End Time - totalITI: 4.14994141822
285.5105 	EXP 	New trial (rep=0, index=11): {'P1_1': '0.8', 'P1_2': '1', 'SafeOption': '2', 'P2_2': '0', 'O2_2': '0', 'O2_1': '-9', 'ProbNumber': 'MD9', 'O1_2': '5', 'O1_1': '8', 'EV2': '5', 'EV1': '4.6', 'ProbType': 'MD', 'P2_1': '0.2'}
285.5107 	DATA 	Trial Onset - ProblemType: MD, ProblemNumber: MD9, leftRight: 1, samplingDur: 15, assignedITI: 1.3679
285.5107 	DATA 	Sampling Onset
287.5302 	DATA 	Keypress: 1
287.5361 	EXP 	unnamed TextStim: text = '+5'
288.0356 	DATA 	Sampled Response: 2, Outcome Shown: +8
288.0359 	DATA 	Keypress: 1
288.4104 	DATA 	Keypress: 1
288.4135 	EXP 	unnamed TextStim: text = '+5'
288.9137 	DATA 	Sampled Response: 2, Outcome Shown: +8
289.0252 	DATA 	Keypress: 1
289.0340 	EXP 	unnamed TextStim: text = '+5'
289.5337 	DATA 	Sampled Response: 2, Outcome Shown: +8
289.5938 	DATA 	Keypress: 1
289.5972 	EXP 	unnamed TextStim: text = '+5'
290.0967 	DATA 	Sampled Response: 2, Outcome Shown: +8
290.1396 	DATA 	Keypress: 1
290.1431 	EXP 	unnamed TextStim: text = '+5'
290.6427 	DATA 	Sampled Response: 2, Outcome Shown: +8
290.6498 	DATA 	Keypress: 1
290.6549 	EXP 	unnamed TextStim: text = '+5'
291.1547 	DATA 	Sampled Response: 2, Outcome Shown: +8
291.1549 	DATA 	Keypress: 1
291.5221 	DATA 	Keypress: 1
291.5254 	EXP 	unnamed TextStim: text = '+5'
292.0247 	DATA 	Sampled Response: 2, Outcome Shown: +8
292.0250 	DATA 	Keypress: 1
292.2700 	DATA 	Keypress: 1
292.2733 	EXP 	unnamed TextStim: text = '+5'
292.7727 	DATA 	Sampled Response: 2, Outcome Shown: +8
292.8172 	DATA 	Keypress: 1
292.8204 	EXP 	unnamed TextStim: text = '+5'
293.3198 	DATA 	Sampled Response: 2, Outcome Shown: +8
293.3547 	DATA 	Keypress: 1
293.3580 	EXP 	unnamed TextStim: text = '+5'
293.8578 	DATA 	Sampled Response: 2, Outcome Shown: -9
293.8580 	DATA 	Keypress: 1
294.2433 	DATA 	Keypress: 1
294.2467 	EXP 	unnamed TextStim: text = '+5'
294.7468 	DATA 	Sampled Response: 2, Outcome Shown: +8
294.7470 	DATA 	Keypress: 2
295.0023 	DATA 	Keypress: 2
295.0118 	EXP 	unnamed TextStim: text = '-9'
295.5118 	DATA 	Sampled Response: 1, Outcome Shown: +5
295.5120 	DATA 	Keypress: 2
295.9167 	DATA 	Keypress: 2
295.9199 	EXP 	unnamed TextStim: text = '-9'
296.4198 	DATA 	Sampled Response: 1, Outcome Shown: +5
296.4200 	DATA 	Keypress: 2
296.6091 	DATA 	Keypress: 2
296.6161 	EXP 	unnamed TextStim: text = '+8'
297.1158 	DATA 	Sampled Response: 1, Outcome Shown: +5
297.1161 	DATA 	Keypress: 2
297.1376 	DATA 	Keypress: 2
297.1443 	EXP 	unnamed TextStim: text = '-9'
297.6439 	DATA 	Sampled Response: 1, Outcome Shown: +5
297.6441 	DATA 	Keypress: 2
297.6442 	DATA 	Keypress: 2
298.1002 	DATA 	Keypress: 1
298.1036 	EXP 	unnamed TextStim: text = '+5'
298.6029 	DATA 	Sampled Response: 2, Outcome Shown: +8
298.6031 	DATA 	Keypress: 1
298.6848 	DATA 	Keypress: 1
298.6884 	EXP 	unnamed TextStim: text = '+5'
299.1879 	DATA 	Sampled Response: 2, Outcome Shown: +8
299.1881 	DATA 	Keypress: 1
299.2360 	DATA 	Keypress: 1
299.2394 	EXP 	unnamed TextStim: text = '+5'
299.7389 	DATA 	Sampled Response: 2, Outcome Shown: +8
299.7391 	DATA 	Keypress: 1
299.7449 	DATA 	Keypress: 1
299.7498 	EXP 	unnamed TextStim: text = '+5'
300.2499 	DATA 	Sampled Response: 2, Outcome Shown: +8
300.2501 	DATA 	Keypress: 1
300.2502 	DATA 	** broke sampling loop (<.5s left in trial) **
300.2511 	DATA 	samplingCount: 19
300.2511 	DATA 	Think Onset
300.2523 	EXP 	unnamed Rect: lineColor = 'white (named)'
300.2523 	EXP 	unnamed Rect: lineColor = 'white (named)'
300.2598 	DATA 	Keypress: 1
303.2550 	DATA 	Decide Onset
303.5764 	DATA 	Keypress: 1
303.5764 	DATA 	Decision Button Press: ['1']
303.5765 	DATA 	Decision Response: 2
303.5779 	EXP 	unnamed Rect: lineColor = 'red (named)'
304.0854 	DATA 	ITI Onset
304.0865 	EXP 	unnamed Rect: lineColor = 'white (named)'
304.0865 	EXP 	unnamed Rect: lineColor = 'white (named)'
304.0865 	EXP 	unnamed TextStim: text = '+5'
304.0865 	EXP 	unnamed TextStim: text = '-9'
307.0954 	DATA 	Trial End Time - totalITI: 3.00678727861
307.0956 	EXP 	New trial (rep=0, index=12): {'P1_1': '0.75', 'P1_2': '0.75', 'SafeOption': '1', 'P2_2': '0.25', 'O2_2': '30', 'O2_1': '10', 'ProbNumber': 'RR3', 'O1_2': '-5', 'O1_1': '2', 'EV2': '3.75', 'EV1': '4', 'ProbType': 'RR', 'P2_1': '0.25'}
307.0958 	DATA 	Trial Onset - ProblemType: RR, ProblemNumber: RR3, leftRight: 0, samplingDur: 16, assignedITI: 2.2012
307.0958 	DATA 	Sampling Onset
307.7688 	DATA 	Keypress: 1
307.7765 	EXP 	unnamed TextStim: text = '+10'
308.2760 	DATA 	Sampled Response: 1, Outcome Shown: +10
308.3124 	DATA 	Keypress: 1
308.3228 	EXP 	unnamed TextStim: text = '+2'
308.8220 	DATA 	Sampled Response: 1, Outcome Shown: +2
308.8831 	DATA 	Keypress: 1
308.8863 	EXP 	unnamed TextStim: text = '+2'
309.3861 	DATA 	Sampled Response: 1, Outcome Shown: +2
309.4509 	DATA 	Keypress: 1
309.4542 	EXP 	unnamed TextStim: text = '+2'
309.9541 	DATA 	Sampled Response: 1, Outcome Shown: +2
309.9928 	DATA 	Keypress: 1
309.9960 	EXP 	unnamed TextStim: text = '+2'
310.4961 	DATA 	Sampled Response: 1, Outcome Shown: +2
310.5050 	DATA 	Keypress: 1
310.5082 	EXP 	unnamed TextStim: text = '+2'
311.0081 	DATA 	Sampled Response: 1, Outcome Shown: +2
311.0245 	DATA 	Keypress: 1
311.0329 	EXP 	unnamed TextStim: text = '+2'
311.5321 	DATA 	Sampled Response: 1, Outcome Shown: +2
311.5324 	DATA 	Keypress: 1
311.8747 	DATA 	Keypress: 1
311.8777 	EXP 	unnamed TextStim: text = '+2'
312.3772 	DATA 	Sampled Response: 1, Outcome Shown: +2
312.3774 	DATA 	Keypress: 1
312.6011 	DATA 	Keypress: 1
312.6071 	EXP 	unnamed TextStim: text = '+2'
313.1072 	DATA 	Sampled Response: 1, Outcome Shown: +2
313.1074 	DATA 	Keypress: 1
313.3009 	DATA 	Keypress: 1
313.3042 	EXP 	unnamed TextStim: text = '+2'
313.8042 	DATA 	Sampled Response: 1, Outcome Shown: +2
313.8044 	DATA 	Keypress: 1
313.8855 	DATA 	Keypress: 2
313.8920 	EXP 	unnamed TextStim: text = '+30'
314.3912 	DATA 	Sampled Response: 2, Outcome Shown: +30
314.3914 	DATA 	Keypress: 2
314.5444 	DATA 	Keypress: 2
314.5502 	EXP 	unnamed TextStim: text = '+30'
315.0502 	DATA 	Sampled Response: 2, Outcome Shown: +30
315.0504 	DATA 	Keypress: 2
315.2685 	DATA 	Keypress: 2
315.2718 	EXP 	unnamed TextStim: text = '+30'
315.7712 	DATA 	Sampled Response: 2, Outcome Shown: +30
315.7714 	DATA 	Keypress: 2
315.8097 	DATA 	Keypress: 2
315.8156 	EXP 	unnamed TextStim: text = '-5'
316.3152 	DATA 	Sampled Response: 2, Outcome Shown: -5
316.3154 	DATA 	Keypress: 2
316.3538 	DATA 	Keypress: 2
316.3599 	EXP 	unnamed TextStim: text = '+30'
316.8592 	DATA 	Sampled Response: 2, Outcome Shown: +30
316.8595 	DATA 	Keypress: 1
317.8413 	DATA 	Keypress: 1
317.8445 	EXP 	unnamed TextStim: text = '+2'
318.3442 	DATA 	Sampled Response: 1, Outcome Shown: +2
318.3445 	DATA 	Keypress: 1
318.4723 	DATA 	Keypress: 1
318.4757 	EXP 	unnamed TextStim: text = '+2'
318.9753 	DATA 	Sampled Response: 1, Outcome Shown: +2
318.9755 	DATA 	Keypress: 1
319.0324 	DATA 	Keypress: 1
319.0359 	EXP 	unnamed TextStim: text = '+2'
319.5352 	DATA 	Sampled Response: 1, Outcome Shown: +2
319.5355 	DATA 	Keypress: 1
319.5356 	DATA 	Keypress: 1
319.5852 	DATA 	Keypress: 1
319.5886 	EXP 	unnamed TextStim: text = '+2'
320.0883 	DATA 	Sampled Response: 1, Outcome Shown: +2
320.0885 	DATA 	Keypress: 1
320.0887 	DATA 	Keypress: 1
320.1937 	DATA 	Keypress: 2
320.2000 	EXP 	unnamed TextStim: text = '+30'
320.6993 	DATA 	Sampled Response: 2, Outcome Shown: +30
320.6995 	DATA 	Keypress: 2
320.7615 	DATA 	Keypress: 2
320.7675 	EXP 	unnamed TextStim: text = '+30'
321.2673 	DATA 	Sampled Response: 2, Outcome Shown: +30
321.2676 	DATA 	Keypress: 2
321.2677 	DATA 	Keypress: 2
321.2823 	DATA 	Keypress: 2
321.2878 	EXP 	unnamed TextStim: text = '-5'
321.7874 	DATA 	Sampled Response: 2, Outcome Shown: -5
321.7876 	DATA 	Keypress: 2
321.8562 	DATA 	Keypress: 2
321.8595 	EXP 	unnamed TextStim: text = '-5'
322.3593 	DATA 	Sampled Response: 2, Outcome Shown: -5
322.3597 	DATA 	Keypress: 2
322.3598 	DATA 	Keypress: 2
322.5377 	DATA 	Keypress: 2
322.5439 	EXP 	unnamed TextStim: text = '+30'
323.0434 	DATA 	Sampled Response: 2, Outcome Shown: +30
323.0435 	DATA 	** broke sampling loop (<.5s left in trial) **
323.0465 	DATA 	samplingCount: 24
323.0465 	DATA 	Think Onset
323.0478 	EXP 	unnamed Rect: lineColor = 'white (named)'
323.0478 	EXP 	unnamed Rect: lineColor = 'white (named)'
326.0536 	DATA 	Decide Onset
326.4714 	DATA 	Keypress: 2
326.4715 	DATA 	Decision Button Press: ['2']
326.4715 	DATA 	Decision Response: 2
326.4729 	EXP 	unnamed Rect: lineColor = 'red (named)'
326.9797 	DATA 	ITI Onset
326.9807 	EXP 	unnamed Rect: lineColor = 'white (named)'
326.9807 	EXP 	unnamed Rect: lineColor = 'white (named)'
326.9807 	EXP 	unnamed TextStim: text = '+2'
326.9807 	EXP 	unnamed TextStim: text = '+30'
330.5173 	DATA 	Trial End Time - totalITI: 3.53322619337
330.5176 	EXP 	New trial (rep=0, index=13): {'P1_1': '0.4', 'P1_2': '0.4', 'SafeOption': '1', 'P2_2': '0.6', 'O2_2': '17', 'O2_1': '12', 'ProbNumber': 'RR2', 'O1_2': '-5', 'O1_1': '5', 'EV2': '8.2', 'EV1': '9.2', 'ProbType': 'RR', 'P2_1': '0.6'}
330.5177 	DATA 	Trial Onset - ProblemType: RR, ProblemNumber: RR2, leftRight: 1, samplingDur: 15, assignedITI: 1.0587
330.5177 	DATA 	Sampling Onset
331.0654 	DATA 	Keypress: 1
331.0734 	EXP 	unnamed TextStim: text = '+17'
331.5725 	DATA 	Sampled Response: 2, Outcome Shown: +12
331.6398 	DATA 	Keypress: 1
331.6433 	EXP 	unnamed TextStim: text = '+17'
332.1425 	DATA 	Sampled Response: 2, Outcome Shown: +5
332.2512 	DATA 	Keypress: 1
332.2569 	EXP 	unnamed TextStim: text = '-5'
332.7566 	DATA 	Sampled Response: 2, Outcome Shown: +12
332.8092 	DATA 	Keypress: 1
332.8171 	EXP 	unnamed TextStim: text = '+17'
333.3166 	DATA 	Sampled Response: 2, Outcome Shown: +12
333.3354 	DATA 	Keypress: 1
333.3415 	EXP 	unnamed TextStim: text = '+17'
333.8416 	DATA 	Sampled Response: 2, Outcome Shown: +12
333.8418 	DATA 	Keypress: 1
334.2320 	DATA 	Keypress: 1
334.2353 	EXP 	unnamed TextStim: text = '+17'
334.7346 	DATA 	Sampled Response: 2, Outcome Shown: +5
334.7348 	DATA 	Keypress: 1
335.1371 	DATA 	Keypress: 1
335.1401 	EXP 	unnamed TextStim: text = '+17'
335.6397 	DATA 	Sampled Response: 2, Outcome Shown: +12
335.6399 	DATA 	Keypress: 1
336.0341 	DATA 	Keypress: 1
336.0374 	EXP 	unnamed TextStim: text = '+17'
336.5367 	DATA 	Sampled Response: 2, Outcome Shown: +5
336.5369 	DATA 	Keypress: 1
336.5370 	DATA 	Keypress: 1
336.8075 	DATA 	Keypress: 1
336.8159 	EXP 	unnamed TextStim: text = '+17'
337.3157 	DATA 	Sampled Response: 2, Outcome Shown: +12
337.3159 	DATA 	Keypress: 1
337.3161 	DATA 	Keypress: 1
337.4245 	DATA 	Keypress: 1
337.4279 	EXP 	unnamed TextStim: text = '+17'
337.9277 	DATA 	Sampled Response: 2, Outcome Shown: +5
337.9279 	DATA 	Keypress: 1
337.9281 	DATA 	Keypress: 1
337.9844 	DATA 	Keypress: 1
337.9901 	EXP 	unnamed TextStim: text = '-5'
338.4897 	DATA 	Sampled Response: 2, Outcome Shown: +12
338.4899 	DATA 	Keypress: 1
338.5991 	DATA 	Keypress: 2
338.6092 	EXP 	unnamed TextStim: text = '+12'
339.1087 	DATA 	Sampled Response: 1, Outcome Shown: -5
339.1089 	DATA 	Keypress: 2
339.1280 	DATA 	Keypress: 2
339.1338 	EXP 	unnamed TextStim: text = '+5'
339.6337 	DATA 	Sampled Response: 1, Outcome Shown: +17
339.6340 	DATA 	Keypress: 2
339.6341 	DATA 	Keypress: 2
339.8153 	DATA 	Keypress: 2
339.8234 	EXP 	unnamed TextStim: text = '+12'
340.3227 	DATA 	Sampled Response: 1, Outcome Shown: -5
340.3229 	DATA 	Keypress: 2
340.3231 	DATA 	Keypress: 2
340.4233 	DATA 	Keypress: 2
340.4319 	EXP 	unnamed TextStim: text = '+5'
340.9318 	DATA 	Sampled Response: 1, Outcome Shown: -5
340.9320 	DATA 	Keypress: 2
340.9321 	DATA 	Keypress: 2
340.9512 	DATA 	Keypress: 2
340.9610 	EXP 	unnamed TextStim: text = '+12'
341.4608 	DATA 	Sampled Response: 1, Outcome Shown: -5
341.4610 	DATA 	Keypress: 2
341.4611 	DATA 	Keypress: 2
341.5351 	DATA 	Keypress: 2
341.5407 	EXP 	unnamed TextStim: text = '+5'
342.0408 	DATA 	Sampled Response: 1, Outcome Shown: +17
342.0412 	DATA 	Keypress: 2
342.1509 	DATA 	Keypress: 1
342.1612 	EXP 	unnamed TextStim: text = '+17'
342.6608 	DATA 	Sampled Response: 2, Outcome Shown: +5
342.6610 	DATA 	Keypress: 1
342.7531 	DATA 	Keypress: 1
342.7564 	EXP 	unnamed TextStim: text = '+17'
343.2558 	DATA 	Sampled Response: 2, Outcome Shown: +5
343.2560 	DATA 	Keypress: 1
343.2716 	DATA 	Keypress: 1
343.2749 	EXP 	unnamed TextStim: text = '+17'
343.7748 	DATA 	Sampled Response: 2, Outcome Shown: +12
343.7750 	DATA 	Keypress: 1
343.7752 	DATA 	Keypress: 1
343.8664 	DATA 	Keypress: 1
343.8698 	EXP 	unnamed TextStim: text = '+17'
344.3698 	DATA 	Sampled Response: 2, Outcome Shown: +5
344.3701 	DATA 	Keypress: 1
344.3702 	DATA 	Keypress: 1
344.5994 	DATA 	Keypress: 1
344.6027 	EXP 	unnamed TextStim: text = '+17'
345.1028 	DATA 	Sampled Response: 2, Outcome Shown: +12
345.1031 	DATA 	Keypress: 1
345.1033 	DATA 	Keypress: 1
345.1033 	DATA 	** broke sampling loop (<.5s left in trial) **
345.1043 	DATA 	samplingCount: 22
345.1043 	DATA 	Think Onset
345.1055 	EXP 	unnamed Rect: lineColor = 'white (named)'
345.1055 	EXP 	unnamed Rect: lineColor = 'white (named)'
348.1094 	DATA 	Decide Onset
348.5184 	DATA 	Keypress: 2
348.5185 	DATA 	Decision Button Press: ['2']
348.5185 	DATA 	Decision Response: 1
348.5200 	EXP 	unnamed Rect: lineColor = 'red (named)'
349.0285 	DATA 	ITI Onset
349.0294 	EXP 	unnamed Rect: lineColor = 'white (named)'
349.0294 	EXP 	unnamed Rect: lineColor = 'white (named)'
349.0294 	EXP 	unnamed TextStim: text = '+17'
349.0294 	EXP 	unnamed TextStim: text = '+5'
351.7989 	DATA 	Trial End Time - totalITI: 2.76372290798
351.7991 	EXP 	New trial (rep=0, index=14): {'P1_1': '0.25', 'P1_2': '0.25', 'SafeOption': '1', 'P2_2': '0.75', 'O2_2': '10', 'O2_1': '6', 'ProbNumber': 'RR1', 'O1_2': '-8', 'O1_1': '2', 'EV2': '5.5', 'EV1': '5', 'ProbType': 'RR', 'P2_1': '0.75'}
351.7993 	DATA 	Trial Onset - ProblemType: RR, ProblemNumber: RR1, leftRight: 1, samplingDur: 17, assignedITI: 1.0098
351.7993 	DATA 	Sampling Onset
352.3602 	DATA 	Keypress: 1
352.3680 	EXP 	unnamed TextStim: text = '+10'
352.8680 	DATA 	Sampled Response: 2, Outcome Shown: +2
352.8682 	DATA 	Keypress: 1
353.2716 	DATA 	Keypress: 1
353.2750 	EXP 	unnamed TextStim: text = '+10'
353.7751 	DATA 	Sampled Response: 2, Outcome Shown: +6
353.7753 	DATA 	Keypress: 1
353.8708 	DATA 	Keypress: 1
353.8741 	EXP 	unnamed TextStim: text = '+10'
354.3741 	DATA 	Sampled Response: 2, Outcome Shown: +6
354.3743 	DATA 	Keypress: 1
354.4388 	DATA 	Keypress: 1
354.4480 	EXP 	unnamed TextStim: text = '-8'
354.9481 	DATA 	Sampled Response: 2, Outcome Shown: +6
354.9483 	DATA 	Keypress: 1
355.0504 	DATA 	Keypress: 1
355.0582 	EXP 	unnamed TextStim: text = '+10'
355.5581 	DATA 	Sampled Response: 2, Outcome Shown: +6
355.5583 	DATA 	Keypress: 1
355.5584 	DATA 	Keypress: 1
355.7310 	DATA 	Keypress: 1
355.7343 	EXP 	unnamed TextStim: text = '+10'
356.2341 	DATA 	Sampled Response: 2, Outcome Shown: +6
356.2343 	DATA 	Keypress: 1
356.2490 	DATA 	Keypress: 1
356.2523 	EXP 	unnamed TextStim: text = '+10'
356.7521 	DATA 	Sampled Response: 2, Outcome Shown: +6
356.7523 	DATA 	Keypress: 1
356.7525 	DATA 	Keypress: 1
356.8878 	DATA 	Keypress: 1
356.8945 	EXP 	unnamed TextStim: text = '-8'
357.3941 	DATA 	Sampled Response: 2, Outcome Shown: +2
357.3943 	DATA 	Keypress: 1
357.3945 	DATA 	Keypress: 1
357.8885 	DATA 	Keypress: 2
357.8942 	EXP 	unnamed TextStim: text = '+2'
358.3941 	DATA 	Sampled Response: 1, Outcome Shown: +10
358.3944 	DATA 	Keypress: 2
358.3945 	DATA 	Keypress: 2
358.4942 	DATA 	Keypress: 2
358.5029 	EXP 	unnamed TextStim: text = '+2'
359.0022 	DATA 	Sampled Response: 1, Outcome Shown: +10
359.0024 	DATA 	Keypress: 2
359.0025 	DATA 	Keypress: 2
359.0709 	DATA 	Keypress: 2
359.0779 	EXP 	unnamed TextStim: text = '+6'
359.5772 	DATA 	Sampled Response: 1, Outcome Shown: +10
359.5774 	DATA 	Keypress: 2
359.5775 	DATA 	Keypress: 2
359.6506 	DATA 	Keypress: 2
359.6540 	EXP 	unnamed TextStim: text = '+6'
360.1542 	DATA 	Sampled Response: 1, Outcome Shown: +10
360.1544 	DATA 	Keypress: 2
360.1545 	DATA 	Keypress: 2
360.2637 	DATA 	Keypress: 2
360.2670 	EXP 	unnamed TextStim: text = '+6'
360.7662 	DATA 	Sampled Response: 1, Outcome Shown: +10
360.7664 	DATA 	Keypress: 2
360.7666 	DATA 	Keypress: 2
360.8646 	DATA 	Keypress: 2
360.8679 	EXP 	unnamed TextStim: text = '+6'
361.3672 	DATA 	Sampled Response: 1, Outcome Shown: +10
361.3674 	DATA 	Keypress: 2
361.3676 	DATA 	Keypress: 2
361.4639 	DATA 	Keypress: 2
361.4672 	EXP 	unnamed TextStim: text = '+6'
361.9672 	DATA 	Sampled Response: 1, Outcome Shown: +10
361.9674 	DATA 	Keypress: 2
361.9676 	DATA 	Keypress: 2
362.0823 	DATA 	Keypress: 2
362.0879 	EXP 	unnamed TextStim: text = '+2'
362.5872 	DATA 	Sampled Response: 1, Outcome Shown: +10
362.5874 	DATA 	Keypress: 2
362.5876 	DATA 	Keypress: 2
362.7434 	DATA 	Keypress: 2
362.7500 	EXP 	unnamed TextStim: text = '+6'
363.2492 	DATA 	Sampled Response: 1, Outcome Shown: +10
368.2994 	DATA 	** broke sampling loop (<.5s left in trial) **
368.3004 	DATA 	samplingCount: 17
368.3004 	DATA 	Think Onset
368.3029 	EXP 	unnamed Rect: lineColor = 'white (named)'
368.3029 	EXP 	unnamed Rect: lineColor = 'white (named)'
371.3073 	DATA 	Decide Onset
371.6775 	DATA 	Keypress: 2
371.6775 	DATA 	Decision Button Press: ['2']
371.6776 	DATA 	Decision Response: 1
371.6789 	EXP 	unnamed Rect: lineColor = 'red (named)'
372.1866 	DATA 	ITI Onset
372.1876 	EXP 	unnamed Rect: lineColor = 'white (named)'
372.1876 	EXP 	unnamed Rect: lineColor = 'white (named)'
372.1876 	EXP 	unnamed TextStim: text = '-8'
372.1876 	EXP 	unnamed TextStim: text = '+6'
375.0300 	DATA 	Trial End Time - totalITI: 2.83915597554
375.0302 	EXP 	New trial (rep=0, index=15): {'P1_1': '0.2', 'P1_2': '1', 'SafeOption': '2', 'P2_2': '0', 'O2_2': '0', 'O2_1': '-7', 'ProbNumber': 'MD6', 'O1_2': '-2', 'O1_1': '24', 'EV2': '-2', 'EV1': '-0.8', 'ProbType': 'MD', 'P2_1': '0.8'}
375.0304 	DATA 	Trial Onset - ProblemType: MD, ProblemNumber: MD6, leftRight: 1, samplingDur: 15, assignedITI: 1.8631
375.0304 	DATA 	Sampling Onset
375.5262 	DATA 	Keypress: 1
375.5370 	EXP 	unnamed TextStim: text = '-2'
376.0365 	DATA 	Sampled Response: 2, Outcome Shown: -7
376.0367 	DATA 	Keypress: 1
376.1497 	DATA 	Keypress: 1
376.1530 	EXP 	unnamed TextStim: text = '-2'
376.6525 	DATA 	Sampled Response: 2, Outcome Shown: -7
376.6527 	DATA 	Keypress: 1
376.7512 	DATA 	Keypress: 1
376.7545 	EXP 	unnamed TextStim: text = '-2'
377.2545 	DATA 	Sampled Response: 2, Outcome Shown: -7
377.2547 	DATA 	Keypress: 1
377.2549 	DATA 	Keypress: 1
377.3753 	DATA 	Keypress: 1
377.3816 	EXP 	unnamed TextStim: text = '-2'
377.8815 	DATA 	Sampled Response: 2, Outcome Shown: -7
377.8817 	DATA 	Keypress: 1
377.8819 	DATA 	Keypress: 1
377.9828 	DATA 	Keypress: 1
377.9864 	EXP 	unnamed TextStim: text = '-2'
378.4855 	DATA 	Sampled Response: 2, Outcome Shown: -7
378.4858 	DATA 	Keypress: 1
378.4859 	DATA 	Keypress: 1
378.5507 	DATA 	Keypress: 1
378.5541 	EXP 	unnamed TextStim: text = '-2'
379.0535 	DATA 	Sampled Response: 2, Outcome Shown: +24
379.0537 	DATA 	Keypress: 1
379.0539 	DATA 	Keypress: 1
379.1025 	DATA 	Keypress: 1
379.1058 	EXP 	unnamed TextStim: text = '-2'
379.6056 	DATA 	Sampled Response: 2, Outcome Shown: -7
379.6058 	DATA 	Keypress: 1
379.6059 	DATA 	Keypress: 1
379.6979 	DATA 	Keypress: 1
379.7012 	EXP 	unnamed TextStim: text = '-2'
380.2006 	DATA 	Sampled Response: 2, Outcome Shown: -7
380.2008 	DATA 	Keypress: 1
380.2010 	DATA 	Keypress: 1
380.2931 	DATA 	Keypress: 1
380.2991 	EXP 	unnamed TextStim: text = '-2'
380.7986 	DATA 	Sampled Response: 2, Outcome Shown: +24
380.7988 	DATA 	Keypress: 1
380.7990 	DATA 	Keypress: 1
380.8706 	DATA 	Keypress: 1
380.8740 	EXP 	unnamed TextStim: text = '-2'
381.3736 	DATA 	Sampled Response: 2, Outcome Shown: -7
381.3739 	DATA 	Keypress: 1
381.3740 	DATA 	Keypress: 1
381.4649 	DATA 	Keypress: 1
381.4683 	EXP 	unnamed TextStim: text = '-2'
381.9676 	DATA 	Sampled Response: 2, Outcome Shown: -7
381.9679 	DATA 	Keypress: 1
382.0866 	DATA 	Keypress: 1
382.0900 	EXP 	unnamed TextStim: text = '-2'
382.5896 	DATA 	Sampled Response: 2, Outcome Shown: +24
382.5899 	DATA 	Keypress: 2
382.6387 	DATA 	Keypress: 2
382.6441 	EXP 	unnamed TextStim: text = '-7'
383.1437 	DATA 	Sampled Response: 1, Outcome Shown: -2
383.1439 	DATA 	Keypress: 2
383.1440 	DATA 	Keypress: 2
383.2300 	DATA 	Keypress: 2
383.2334 	EXP 	unnamed TextStim: text = '-7'
383.7327 	DATA 	Sampled Response: 1, Outcome Shown: -2
383.7329 	DATA 	Keypress: 2
383.7330 	DATA 	Keypress: 2
383.8132 	DATA 	Keypress: 2
383.8168 	EXP 	unnamed TextStim: text = '-7'
384.3167 	DATA 	Sampled Response: 1, Outcome Shown: -2
384.3169 	DATA 	Keypress: 2
384.3492 	DATA 	Keypress: 2
384.3528 	EXP 	unnamed TextStim: text = '-7'
384.8527 	DATA 	Sampled Response: 1, Outcome Shown: -2
384.8857 	DATA 	Keypress: 2
384.8918 	EXP 	unnamed TextStim: text = '-7'
385.3917 	DATA 	Sampled Response: 1, Outcome Shown: -2
385.4140 	DATA 	Keypress: 2
385.4173 	EXP 	unnamed TextStim: text = '-7'
385.9167 	DATA 	Sampled Response: 1, Outcome Shown: -2
385.9352 	DATA 	Keypress: 2
385.9386 	EXP 	unnamed TextStim: text = '-7'
386.4387 	DATA 	Sampled Response: 1, Outcome Shown: -2
386.4690 	DATA 	Keypress: 2
386.4752 	EXP 	unnamed TextStim: text = '-7'
386.9747 	DATA 	Sampled Response: 1, Outcome Shown: -2
386.9977 	DATA 	Keypress: 2
387.0038 	EXP 	unnamed TextStim: text = '-7'
387.5038 	DATA 	Sampled Response: 1, Outcome Shown: -2
387.5294 	DATA 	Keypress: 2
387.5328 	EXP 	unnamed TextStim: text = '-7'
388.0328 	DATA 	Sampled Response: 1, Outcome Shown: -2
388.0330 	DATA 	Keypress: 2
388.5013 	DATA 	Keypress: 1
388.5073 	EXP 	unnamed TextStim: text = '-2'
389.0068 	DATA 	Sampled Response: 2, Outcome Shown: +24
389.0490 	DATA 	Keypress: 1
389.0524 	EXP 	unnamed TextStim: text = '-2'
389.5518 	DATA 	Sampled Response: 2, Outcome Shown: -7
389.5520 	DATA 	Keypress: 1
389.5521 	DATA 	** broke sampling loop (<.5s left in trial) **
389.5552 	DATA 	samplingCount: 24
389.5552 	DATA 	Think Onset
389.5564 	EXP 	unnamed Rect: lineColor = 'white (named)'
389.5564 	EXP 	unnamed Rect: lineColor = 'white (named)'
392.5593 	DATA 	Decide Onset
392.8685 	DATA 	Keypress: 1
392.8686 	DATA 	Decision Button Press: ['1']
392.8687 	DATA 	Decision Response: 2
392.8701 	EXP 	unnamed Rect: lineColor = 'red (named)'
393.3765 	DATA 	ITI Onset
393.3775 	EXP 	unnamed Rect: lineColor = 'white (named)'
393.3775 	EXP 	unnamed Rect: lineColor = 'white (named)'
393.3775 	EXP 	unnamed TextStim: text = '-2'
393.3775 	EXP 	unnamed TextStim: text = '-7'
397.1073 	DATA 	Trial End Time - totalITI: 3.72960360072
397.1076 	EXP 	New trial (rep=0, index=16): {'P1_1': '0.6', 'P1_2': '1', 'SafeOption': '2', 'P2_2': '0', 'O2_2': '0', 'O2_1': '-22', 'ProbNumber': 'MD1', 'O1_2': '-6', 'O1_1': '4', 'EV2': '-6', 'EV1': '-6.4', 'ProbType': 'MD', 'P2_1': '0.4'}
397.1077 	DATA 	Trial Onset - ProblemType: MD, ProblemNumber: MD1, leftRight: 1, samplingDur: 15, assignedITI: 1.233
397.1077 	DATA 	Sampling Onset
397.5745 	DATA 	Keypress: 1
397.5812 	EXP 	unnamed TextStim: text = '-6'
398.0810 	DATA 	Sampled Response: 2, Outcome Shown: +4
398.0812 	DATA 	Keypress: 1
398.3910 	DATA 	Keypress: 1
398.3967 	EXP 	unnamed TextStim: text = '-6'
398.8960 	DATA 	Sampled Response: 2, Outcome Shown: +4
398.9412 	DATA 	Keypress: 1
398.9472 	EXP 	unnamed TextStim: text = '-6'
399.4470 	DATA 	Sampled Response: 2, Outcome Shown: +4
399.4765 	DATA 	Keypress: 1
399.4853 	EXP 	unnamed TextStim: text = '-6'
399.9850 	DATA 	Sampled Response: 2, Outcome Shown: +4
399.9973 	DATA 	Keypress: 1
400.0034 	EXP 	unnamed TextStim: text = '-6'
400.5030 	DATA 	Sampled Response: 2, Outcome Shown: +4
400.5032 	DATA 	Keypress: 1
400.8692 	DATA 	Keypress: 1
400.8725 	EXP 	unnamed TextStim: text = '-6'
401.3720 	DATA 	Sampled Response: 2, Outcome Shown: -22
401.3883 	DATA 	Keypress: 1
401.3967 	EXP 	unnamed TextStim: text = '-6'
401.8960 	DATA 	Sampled Response: 2, Outcome Shown: -22
401.9247 	DATA 	Keypress: 1
401.9305 	EXP 	unnamed TextStim: text = '-6'
402.4300 	DATA 	Sampled Response: 2, Outcome Shown: +4
402.4685 	DATA 	Keypress: 1
402.4718 	EXP 	unnamed TextStim: text = '-6'
402.9710 	DATA 	Sampled Response: 2, Outcome Shown: -22
403.0206 	DATA 	Keypress: 2
403.0293 	EXP 	unnamed TextStim: text = '+4'
403.5291 	DATA 	Sampled Response: 1, Outcome Shown: -6
403.5886 	DATA 	Keypress: 2
403.5920 	EXP 	unnamed TextStim: text = '+4'
404.0921 	DATA 	Sampled Response: 1, Outcome Shown: -6
404.1659 	DATA 	Keypress: 2
404.1719 	EXP 	unnamed TextStim: text = '-22'
404.6711 	DATA 	Sampled Response: 1, Outcome Shown: -6
404.7003 	DATA 	Keypress: 2
404.7084 	EXP 	unnamed TextStim: text = '+4'
405.2081 	DATA 	Sampled Response: 1, Outcome Shown: -6
405.2083 	DATA 	Keypress: 2
405.6369 	DATA 	Keypress: 2
405.6451 	EXP 	unnamed TextStim: text = '+4'
406.1452 	DATA 	Sampled Response: 1, Outcome Shown: -6
406.1454 	DATA 	Keypress: 2
406.5187 	DATA 	Keypress: 2
406.5220 	EXP 	unnamed TextStim: text = '+4'
407.0222 	DATA 	Sampled Response: 1, Outcome Shown: -6
407.0224 	DATA 	Keypress: 2
407.1888 	DATA 	Keypress: 2
407.1949 	EXP 	unnamed TextStim: text = '-22'
407.6942 	DATA 	Sampled Response: 1, Outcome Shown: -6
407.8304 	DATA 	Keypress: 1
407.8339 	EXP 	unnamed TextStim: text = '-6'
408.3332 	DATA 	Sampled Response: 2, Outcome Shown: +4
408.4306 	DATA 	Keypress: 1
408.4340 	EXP 	unnamed TextStim: text = '-6'
408.9332 	DATA 	Sampled Response: 2, Outcome Shown: +4
408.9988 	DATA 	Keypress: 1
409.0021 	EXP 	unnamed TextStim: text = '-6'
409.5022 	DATA 	Sampled Response: 2, Outcome Shown: +4
409.5450 	DATA 	Keypress: 1
409.5485 	EXP 	unnamed TextStim: text = '-6'
410.0482 	DATA 	Sampled Response: 2, Outcome Shown: -22
410.0705 	DATA 	Keypress: 1
410.0739 	EXP 	unnamed TextStim: text = '-6'
410.5732 	DATA 	Sampled Response: 2, Outcome Shown: -22
411.6081 	DATA 	** broke sampling loop (<.5s left in trial) **
411.6090 	DATA 	samplingCount: 21
411.6090 	DATA 	Think Onset
411.6139 	EXP 	unnamed Rect: lineColor = 'white (named)'
411.6139 	EXP 	unnamed Rect: lineColor = 'white (named)'
414.6164 	DATA 	Decide Onset
414.9316 	DATA 	Keypress: 1
414.9316 	DATA 	Decision Button Press: ['1']
414.9317 	DATA 	Decision Response: 2
414.9330 	EXP 	unnamed Rect: lineColor = 'red (named)'
415.4402 	DATA 	ITI Onset
415.4412 	EXP 	unnamed Rect: lineColor = 'white (named)'
415.4412 	EXP 	unnamed Rect: lineColor = 'white (named)'
415.4412 	EXP 	unnamed TextStim: text = '-6'
415.4412 	EXP 	unnamed TextStim: text = '-22'
418.5584 	DATA 	Trial End Time - totalITI: 3.11717909922
418.5587 	EXP 	New trial (rep=0, index=17): {'P1_1': '0.2', 'P1_2': '1', 'SafeOption': '2', 'P2_2': '0', 'O2_2': '0', 'O2_1': '0', 'ProbNumber': 'SD3', 'O1_2': '-7', 'O1_1': '-34', 'EV2': '-7', 'EV1': '-6.8', 'ProbType': 'SD', 'P2_1': '0.8'}
418.5588 	DATA 	Trial Onset - ProblemType: SD, ProblemNumber: SD3, leftRight: 1, samplingDur: 18, assignedITI: 1.2377
418.5588 	DATA 	Sampling Onset
419.0521 	DATA 	Keypress: 1
419.0628 	EXP 	unnamed TextStim: text = '-7'
419.5624 	DATA 	Sampled Response: 2, Outcome Shown: -34
419.6381 	DATA 	Keypress: 1
419.6414 	EXP 	unnamed TextStim: text = '-7'
420.1415 	DATA 	Sampled Response: 2, Outcome Shown: 0
420.2298 	DATA 	Keypress: 1
420.2330 	EXP 	unnamed TextStim: text = '-7'
420.7325 	DATA 	Sampled Response: 2, Outcome Shown: 0
420.8284 	DATA 	Keypress: 1
420.8319 	EXP 	unnamed TextStim: text = '-7'
421.3315 	DATA 	Sampled Response: 2, Outcome Shown: 0
421.3717 	DATA 	Keypress: 1
421.3806 	EXP 	unnamed TextStim: text = '-7'
421.8805 	DATA 	Sampled Response: 2, Outcome Shown: 0
421.9162 	DATA 	Keypress: 1
421.9197 	EXP 	unnamed TextStim: text = '-7'
422.4195 	DATA 	Sampled Response: 2, Outcome Shown: -34
422.4697 	DATA 	Keypress: 1
422.4732 	EXP 	unnamed TextStim: text = '-7'
422.9725 	DATA 	Sampled Response: 2, Outcome Shown: -34
422.9884 	DATA 	Keypress: 1
422.9945 	EXP 	unnamed TextStim: text = '-7'
423.4945 	DATA 	Sampled Response: 2, Outcome Shown: 0
423.5410 	DATA 	Keypress: 1
423.5472 	EXP 	unnamed TextStim: text = '-7'
424.0465 	DATA 	Sampled Response: 2, Outcome Shown: 0
424.0961 	DATA 	Keypress: 2
424.1015 	EXP 	unnamed TextStim: text = '0'
424.6015 	DATA 	Sampled Response: 1, Outcome Shown: -7
424.6211 	DATA 	Keypress: 2
424.6272 	EXP 	unnamed TextStim: text = '-34'
425.1265 	DATA 	Sampled Response: 1, Outcome Shown: -7
425.1559 	DATA 	Keypress: 2
425.1619 	EXP 	unnamed TextStim: text = '-34'
425.6616 	DATA 	Sampled Response: 1, Outcome Shown: -7
425.7010 	DATA 	Keypress: 2
425.7060 	EXP 	unnamed TextStim: text = '0'
426.2055 	DATA 	Sampled Response: 1, Outcome Shown: -7
426.2844 	DATA 	Keypress: 2
426.2878 	EXP 	unnamed TextStim: text = '0'
426.7876 	DATA 	Sampled Response: 1, Outcome Shown: -7
426.8292 	DATA 	Keypress: 2
426.8326 	EXP 	unnamed TextStim: text = '0'
427.3326 	DATA 	Sampled Response: 1, Outcome Shown: -7
427.3480 	DATA 	Keypress: 2
427.3565 	EXP 	unnamed TextStim: text = '-34'
427.8566 	DATA 	Sampled Response: 1, Outcome Shown: -7
427.8948 	DATA 	Keypress: 2
427.9000 	EXP 	unnamed TextStim: text = '0'
428.3996 	DATA 	Sampled Response: 1, Outcome Shown: -7
428.4353 	DATA 	Keypress: 2
428.4440 	EXP 	unnamed TextStim: text = '-34'
428.9437 	DATA 	Sampled Response: 1, Outcome Shown: -7
428.9439 	DATA 	Keypress: 2
429.6041 	DATA 	Keypress: 2
429.6125 	EXP 	unnamed TextStim: text = '0'
430.1126 	DATA 	Sampled Response: 1, Outcome Shown: -7
436.0630 	DATA 	** broke sampling loop (<.5s left in trial) **
436.0640 	DATA 	samplingCount: 19
436.0641 	DATA 	Think Onset
436.0666 	EXP 	unnamed Rect: lineColor = 'white (named)'
436.0666 	EXP 	unnamed Rect: lineColor = 'white (named)'
439.0690 	DATA 	Decide Onset
439.4745 	DATA 	Keypress: 1
439.4746 	DATA 	Decision Button Press: ['1']
439.4746 	DATA 	Decision Response: 2
439.4760 	EXP 	unnamed Rect: lineColor = 'red (named)'
439.9820 	DATA 	ITI Onset
439.9830 	EXP 	unnamed Rect: lineColor = 'white (named)'
439.9830 	EXP 	unnamed Rect: lineColor = 'white (named)'
439.9830 	EXP 	unnamed TextStim: text = '-7'
439.9830 	EXP 	unnamed TextStim: text = '0'
443.0114 	DATA 	Trial End Time - totalITI: 3.02759297983
443.1751 	INFO 	saved wide-format data to logs/DE218/DE218_ebdm_run_1.csv
443.1752 	DATA 	*****END RUN 1*****
443.2397 	EXP 	window1: mouseVisible = True
