4.8138 	INFO 	Loaded monitor calibration from ['2018_10_30 09:12']
4.8154 	WARNING 	User requested fullscreen with size [800 600], but screen is actually [1920, 1080]. Using actual size
5.4127 	EXP 	Created window1 = Window(allowGUI=False, allowStencil=False, args=UNKNOWN, autoLog=True, bitsMode=UNKNOWN, blendMode='avg', color='black', colorSpace='named', fullscr=UNKNOWN, gamma=None, kwargs=UNKNOWN, lms=UNKNOWN, monitor=<psychopy.monitors.calibTools.Monitor object at 0x15078EF0>, multiSample=False, name='window1', numSamples=2, pos=[0, 0], screen=0, size=array([1920, 1080]), stereo=False, units='deg', useFBO=False, useRetina=False, viewOri=0.0, viewPos=None, viewScale=None, waitBlanking=True, winType='pyglet')
5.4638 	EXP 	Created unnamed TextStim = TextStim(alignHoriz='center', alignVert='center', antialias=True, autoLog=True, bold=False, color=array([ 1.,  1.,  1.]), colorSpace='rgb', contrast=1.0, depth=0, flipHoriz=False, flipVert=False, font='', fontFiles=[], height=2, italic=False, name='unnamed TextStim', opacity=1.0, ori=0.0, pos=array([ 0.,  0.]), rgb=array([ 1.,  1.,  1.]), text='+', units='deg', win=Window(...), wrapWidth=15.0)
5.5083 	EXP 	Created unnamed TextStim = TextStim(alignHoriz='center', alignVert='center', antialias=True, autoLog=True, bold=False, color=array([ 1.,  1.,  1.]), colorSpace='rgb', contrast=1.0, depth=0, flipHoriz=False, flipVert=False, font='', fontFiles=[], height=1.5, italic=False, name='unnamed TextStim', opacity=1.0, ori=0.0, pos=array([ 0.,  0.]), rgb=array([ 1.,  1.,  1.]), text=newstr(...), units='deg', win=Window(...), wrapWidth=15.0)
5.5273 	EXP 	Created unnamed TextStim = TextStim(alignHoriz='center', alignVert='center', antialias=True, autoLog=True, bold=False, color=array([ 1.,  1.,  1.]), colorSpace='rgb', contrast=1.0, depth=0, flipHoriz=False, flipVert=False, font='', fontFiles=[], height=1.5, italic=False, name='unnamed TextStim', opacity=1.0, ori=0.0, pos=array([ 0.,  0.]), rgb=array([ 1.,  1.,  1.]), text='Waiting for scanner...', units='deg', win=Window(...), wrapWidth=15.0)
5.5502 	EXP 	Created unnamed TextStim = TextStim(alignHoriz='center', alignVert='center', antialias=True, autoLog=True, bold=False, color='white', colorSpace='named', contrast=1.0, depth=0, flipHoriz=False, flipVert=False, font='', fontFiles=[], height=1, italic=False, name='unnamed TextStim', opacity=1.0, ori=0.0, pos=array([ 0.,  0.]), rgb=array([ 255.,  255.,  255.]), text='Press SPACE to continue.', units='deg', win=Window(...), wrapWidth=15.0)
5.5624 	EXP 	Created unnamed TextStim = TextStim(alignHoriz='center', alignVert='center', antialias=True, autoLog=True, bold=False, color=array([ 1.,  1.,  1.]), colorSpace='rgb', contrast=1.0, depth=0, flipHoriz=False, flipVert=False, font='', fontFiles=[], height=0.1, italic=False, name='unnamed TextStim', opacity=1.0, ori=0.0, pos=array([ 0.,  0.]), rgb=array([ 1.,  1.,  1.]), text='THINK', units='norm', win=Window(...), wrapWidth=1)
5.5703 	EXP 	Created unnamed TextStim = TextStim(alignHoriz='center', alignVert='center', antialias=True, autoLog=True, bold=False, color=array([ 1.,  1.,  1.]), colorSpace='rgb', contrast=1.0, depth=0, flipHoriz=False, flipVert=False, font='', fontFiles=[], height=0.1, italic=False, name='unnamed TextStim', opacity=1.0, ori=0.0, pos=array([ 0.,  0.]), rgb=array([ 1.,  1.,  1.]), text='DECIDE', units='norm', win=Window(...), wrapWidth=1)
5.5762 	EXP 	<method-wrapper '__getattribute__' of attributeSetter object at 0x057EB190>: vertices = array([[-0.275     ,  0.48888889],
       [ 0.275     ,  0.48888889],
       [ 0.275     , -0.48888889],
       [-0.275     , -0.48888889]])
5.5771 	EXP 	Created unnamed Rect = Rect(autoDraw=False, autoLog=True, closeShape=True, contrast=1.0, depth=0, fillColor=None, fillColorSpace='rgb', fillRGB=None, interpolate=True, lineColor='white', lineColorSpace='named', lineRGB=array([ 255.,  255.,  255.]), lineWidth=3.5, name='unnamed Rect', opacity=1.0, ori=array(0.0), pos=array([-0.5125    , -0.09444444]), size=array([ 1.,  1.]), units='norm', vertices=ndarray(...), win=Window(...))
5.5774 	EXP 	<method-wrapper '__getattribute__' of attributeSetter object at 0x057EB190>: vertices = array([[-0.275     ,  0.48888889],
       [ 0.275     ,  0.48888889],
       [ 0.275     , -0.48888889],
       [-0.275     , -0.48888889]])
5.5782 	EXP 	Created unnamed Rect = Rect(autoDraw=False, autoLog=True, closeShape=True, contrast=1.0, depth=0, fillColor=None, fillColorSpace='rgb', fillRGB=None, interpolate=True, lineColor='white', lineColorSpace='named', lineRGB=array([ 255.,  255.,  255.]), lineWidth=3.5, name='unnamed Rect', opacity=1.0, ori=array(0.0), pos=array([ 0.4875    , -0.09444444]), size=array([ 1.,  1.]), units='norm', vertices=ndarray(...), win=Window(...))
5.6018 	EXP 	Created unnamed TextStim = TextStim(alignHoriz='center', alignVert='center', antialias=True, autoLog=True, bold=False, color=array([ 1.,  1.,  1.]), colorSpace='rgb', contrast=1.0, depth=0, flipHoriz=False, flipVert=False, font='', fontFiles=[], height=0.2, italic=False, name='unnamed TextStim', opacity=1.0, ori=0.0, pos=array([-0.5125    , -0.09444444]), rgb=array([ 1.,  1.,  1.]), text='Hello World', units='norm', win=Window(...), wrapWidth=1)
5.6116 	EXP 	Created unnamed TextStim = TextStim(alignHoriz='center', alignVert='center', antialias=True, autoLog=True, bold=False, color=array([ 1.,  1.,  1.]), colorSpace='rgb', contrast=1.0, depth=0, flipHoriz=False, flipVert=False, font='', fontFiles=[], height=0.2, italic=False, name='unnamed TextStim', opacity=1.0, ori=0.0, pos=array([ 0.4875    , -0.09444444]), rgb=array([ 1.,  1.,  1.]), text='Hello World', units='norm', win=Window(...), wrapWidth=1)
5.6215 	EXP 	Created unnamed TextStim = TextStim(alignHoriz='center', alignVert='center', antialias=True, autoLog=True, bold=False, color=array([ 1.,  1.,  1.]), colorSpace='rgb', contrast=1.0, depth=0, flipHoriz=False, flipVert=False, font='', fontFiles=[], height=0.1, italic=False, name='unnamed TextStim', opacity=1.0, ori=0.0, pos=array([-0.5125    , -0.82777778]), rgb=array([ 1.,  1.,  1.]), text='Press 1', units='norm', win=Window(...), wrapWidth=1)
5.6299 	EXP 	Created unnamed TextStim = TextStim(alignHoriz='center', alignVert='center', antialias=True, autoLog=True, bold=False, color=array([ 1.,  1.,  1.]), colorSpace='rgb', contrast=1.0, depth=0, flipHoriz=False, flipVert=False, font='', fontFiles=[], height=0.1, italic=False, name='unnamed TextStim', opacity=1.0, ori=0.0, pos=array([ 0.4875    , -0.82777778]), rgb=array([ 1.,  1.,  1.]), text='Press 2', units='norm', win=Window(...), wrapWidth=1)
5.7143 	EXP 	Created unnamed ImageStim = ImageStim(autoLog=True, color=array([ 1.,  1.,  1.]), colorSpace='rgb', contrast=1.0, depth=0, flipHoriz=False, flipVert=False, image=str(...), interpolate=False, mask=None, maskParams=None, name='unnamed ImageStim', opacity=1.0, ori=0.0, pos=array([ 0.,  0.]), size=array([ 1.35416667,  1.3537037 ]), texRes=128, units='norm', win=Window(...))
5.7964 	EXP 	Created unnamed ImageStim = ImageStim(autoLog=True, color=array([ 1.,  1.,  1.]), colorSpace='rgb', contrast=1.0, depth=0, flipHoriz=False, flipVert=False, image=str(...), interpolate=False, mask=None, maskParams=None, name='unnamed ImageStim', opacity=1.0, ori=0.0, pos=array([ 0.,  0.]), size=array([ 1.35416667,  1.3537037 ]), texRes=128, units='norm', win=Window(...))
5.8758 	EXP 	Created unnamed ImageStim = ImageStim(autoLog=True, color=array([ 1.,  1.,  1.]), colorSpace='rgb', contrast=1.0, depth=0, flipHoriz=False, flipVert=False, image=str(...), interpolate=False, mask=None, maskParams=None, name='unnamed ImageStim', opacity=1.0, ori=0.0, pos=array([ 0.,  0.]), size=array([ 1.35416667,  1.3537037 ]), texRes=128, units='norm', win=Window(...))
5.9544 	EXP 	Created unnamed ImageStim = ImageStim(autoLog=True, color=array([ 1.,  1.,  1.]), colorSpace='rgb', contrast=1.0, depth=0, flipHoriz=False, flipVert=False, image=str(...), interpolate=False, mask=None, maskParams=None, name='unnamed ImageStim', opacity=1.0, ori=0.0, pos=array([ 0.,  0.]), size=array([ 1.35416667,  1.3537037 ]), texRes=128, units='norm', win=Window(...))
5.9600 	EXP 	Created sequence: sequential, trialTypes=18, nReps=1, seed=None
6.1381 	DEBUG 	Using S:\Chein_Group\People\LizBeard\DEGap_bPilotv2\SamplingMachine_bPilotv2.py as origin file
6.1422 	EXP 	Created sequence: sequential, trialTypes=18, nReps=1, seed=None
6.1430 	DEBUG 	Using S:\Chein_Group\People\LizBeard\DEGap_bPilotv2\SamplingMachine_bPilotv2.py as origin file
0.0035 	DATA 	** START RUN 2 **
4.5883 	DATA 	Keypress: m
5.0282 	DATA 	Keypress: space
5.9642 	DATA 	Keypress: space
7.3642 	DATA 	Keypress: space
8.5241 	DATA 	Keypress: space
8.5245 	EXP 	New trial (rep=0, index=0): {'P1_1': '0.3', 'P1_2': '0.5', 'SafeOption': '1', 'P2_2': '0.5', 'O2_2': '30', 'O2_1': '15', 'ProbNumber': 'RR4', 'O1_2': '-8', 'O1_1': '5', 'EV2': '11', 'EV1': '12', 'ProbType': 'RR', 'P2_1': '0.7'}
8.5246 	DATA 	Trial Onset - ProblemType: RR, ProblemNumber: RR4, leftRight: 1, samplingDur: 19, assignedITI: 5.0846
8.5246 	DATA 	Sampling Onset
9.2294 	DATA 	Keypress: 1
9.2475 	EXP 	unnamed TextStim: text = '-8'
9.7475 	DATA 	Sampled Response: 2, Outcome Shown: +15
9.7477 	DATA 	Keypress: 1
9.9646 	DATA 	Keypress: 1
9.9773 	EXP 	unnamed TextStim: text = '+30'
10.4775 	DATA 	Sampled Response: 2, Outcome Shown: +15
10.5249 	DATA 	Keypress: 1
10.5328 	EXP 	unnamed TextStim: text = '-8'
11.0325 	DATA 	Sampled Response: 2, Outcome Shown: +5
11.0328 	DATA 	Keypress: 1
11.3818 	DATA 	Keypress: 1
11.3878 	EXP 	unnamed TextStim: text = '+30'
11.8875 	DATA 	Sampled Response: 2, Outcome Shown: +5
11.8929 	DATA 	Keypress: 1
11.8959 	EXP 	unnamed TextStim: text = '+30'
12.3955 	DATA 	Sampled Response: 2, Outcome Shown: +15
12.3958 	DATA 	Keypress: 2
12.5911 	DATA 	Keypress: 2
12.6003 	EXP 	unnamed TextStim: text = '+15'
13.0996 	DATA 	Sampled Response: 1, Outcome Shown: +30
13.0998 	DATA 	Keypress: 2
13.4205 	DATA 	Keypress: 2
13.4309 	EXP 	unnamed TextStim: text = '+5'
13.9306 	DATA 	Sampled Response: 1, Outcome Shown: +30
14.0201 	DATA 	Keypress: 2
14.0261 	EXP 	unnamed TextStim: text = '+5'
14.5256 	DATA 	Sampled Response: 1, Outcome Shown: -8
14.5804 	DATA 	Keypress: 2
14.5874 	EXP 	unnamed TextStim: text = '+15'
15.0866 	DATA 	Sampled Response: 1, Outcome Shown: -8
15.1168 	DATA 	Keypress: 2
15.1257 	EXP 	unnamed TextStim: text = '+15'
15.6256 	DATA 	Sampled Response: 1, Outcome Shown: +30
15.6613 	DATA 	Keypress: 2
15.6647 	EXP 	unnamed TextStim: text = '+15'
16.1646 	DATA 	Sampled Response: 1, Outcome Shown: +30
16.2120 	DATA 	Keypress: 2
16.2183 	EXP 	unnamed TextStim: text = '+15'
16.7176 	DATA 	Sampled Response: 1, Outcome Shown: +30
16.7178 	DATA 	Keypress: 2
17.4598 	DATA 	Keypress: 2
17.4659 	EXP 	unnamed TextStim: text = '+15'
17.9657 	DATA 	Sampled Response: 1, Outcome Shown: -8
17.9659 	DATA 	Keypress: 2
18.2838 	DATA 	Keypress: 2
18.2922 	EXP 	unnamed TextStim: text = '+15'
18.7917 	DATA 	Sampled Response: 1, Outcome Shown: +30
18.8932 	DATA 	Keypress: 2
18.8966 	EXP 	unnamed TextStim: text = '+15'
19.3967 	DATA 	Sampled Response: 1, Outcome Shown: +30
19.3969 	DATA 	Keypress: 1
19.5487 	DATA 	Keypress: 1
19.5520 	EXP 	unnamed TextStim: text = '+30'
20.0517 	DATA 	Sampled Response: 2, Outcome Shown: +15
20.0681 	DATA 	Keypress: 1
20.0764 	EXP 	unnamed TextStim: text = '-8'
20.5757 	DATA 	Sampled Response: 2, Outcome Shown: +15
20.7080 	DATA 	Keypress: 1
20.7114 	EXP 	unnamed TextStim: text = '-8'
21.2107 	DATA 	Sampled Response: 2, Outcome Shown: +15
21.2998 	DATA 	Keypress: 1
21.3083 	EXP 	unnamed TextStim: text = '-8'
21.8077 	DATA 	Sampled Response: 2, Outcome Shown: +5
21.8293 	DATA 	Keypress: 1
21.8326 	EXP 	unnamed TextStim: text = '-8'
22.3327 	DATA 	Sampled Response: 2, Outcome Shown: +15
22.3330 	DATA 	Keypress: 1
22.7265 	DATA 	Keypress: 1
22.7297 	EXP 	unnamed TextStim: text = '-8'
23.2298 	DATA 	Sampled Response: 2, Outcome Shown: +15
23.5169 	DATA 	Keypress: 1
23.5203 	EXP 	unnamed TextStim: text = '-8'
24.0198 	DATA 	Sampled Response: 2, Outcome Shown: +15
24.2758 	DATA 	Keypress: 1
24.2818 	EXP 	unnamed TextStim: text = '-8'
24.7818 	DATA 	Sampled Response: 2, Outcome Shown: +5
24.9164 	DATA 	Keypress: 2
24.9198 	EXP 	unnamed TextStim: text = '+15'
25.4198 	DATA 	Sampled Response: 1, Outcome Shown: +30
25.4200 	DATA 	Keypress: 2
25.5488 	DATA 	Keypress: 2
25.5521 	EXP 	unnamed TextStim: text = '+15'
26.0518 	DATA 	Sampled Response: 1, Outcome Shown: +30
26.0838 	DATA 	Keypress: 2
26.0897 	EXP 	unnamed TextStim: text = '+5'
26.5898 	DATA 	Sampled Response: 1, Outcome Shown: -8
27.0279 	DATA 	** broke sampling loop (<.5s left in trial) **
27.0295 	DATA 	samplingCount: 26
27.0295 	DATA 	Think Onset
27.0319 	EXP 	unnamed Rect: lineColor = 'white (named)'
27.0319 	EXP 	unnamed Rect: lineColor = 'white (named)'
30.0351 	DATA 	Decide Onset
30.3952 	DATA 	Keypress: 2
30.3952 	DATA 	Decision Button Press: ['2']
30.3953 	DATA 	Decision Response: 1
30.3967 	EXP 	unnamed Rect: lineColor = 'red (named)'
30.9036 	DATA 	ITI Onset
30.9047 	EXP 	unnamed Rect: lineColor = 'white (named)'
30.9047 	EXP 	unnamed Rect: lineColor = 'white (named)'
30.9047 	EXP 	unnamed TextStim: text = '-8'
30.9047 	EXP 	unnamed TextStim: text = '+5'
37.8280 	DATA 	Trial End Time - totalITI: 6.92082433809
37.8283 	EXP 	New trial (rep=0, index=1): {'P1_1': '0.7', 'P1_2': '1', 'SafeOption': '2', 'P2_2': '0', 'O2_2': '0', 'O2_1': '0', 'ProbNumber': 'SD5', 'O1_2': '-8', 'O1_1': '-10', 'EV2': '-8', 'EV1': '-7', 'ProbType': 'SD', 'P2_1': '0.3'}
37.8284 	DATA 	Trial Onset - ProblemType: SD, ProblemNumber: SD5, leftRight: 0, samplingDur: 17, assignedITI: 1.8808
37.8284 	DATA 	Sampling Onset
38.1815 	DATA 	Keypress: 1
38.1878 	EXP 	unnamed TextStim: text = '-10'
38.6871 	DATA 	Sampled Response: 1, Outcome Shown: -10
38.7325 	DATA 	Keypress: 1
38.7357 	EXP 	unnamed TextStim: text = '-10'
39.2351 	DATA 	Sampled Response: 1, Outcome Shown: -10
39.3174 	DATA 	Keypress: 1
39.3232 	EXP 	unnamed TextStim: text = '0'
39.8231 	DATA 	Sampled Response: 1, Outcome Shown: 0
39.8761 	DATA 	Keypress: 1
39.8819 	EXP 	unnamed TextStim: text = '-10'
40.3811 	DATA 	Sampled Response: 1, Outcome Shown: -10
40.4240 	DATA 	Keypress: 1
40.4275 	EXP 	unnamed TextStim: text = '-10'
40.9270 	DATA 	Sampled Response: 1, Outcome Shown: -10
40.9953 	DATA 	Keypress: 1
41.0015 	EXP 	unnamed TextStim: text = '-10'
41.5011 	DATA 	Sampled Response: 1, Outcome Shown: -10
41.5232 	DATA 	Keypress: 1
41.5266 	EXP 	unnamed TextStim: text = '-10'
42.0262 	DATA 	Sampled Response: 1, Outcome Shown: -10
42.0758 	DATA 	Keypress: 1
42.0806 	EXP 	unnamed TextStim: text = '0'
42.5802 	DATA 	Sampled Response: 1, Outcome Shown: 0
42.6071 	DATA 	Keypress: 1
42.6106 	EXP 	unnamed TextStim: text = '0'
43.1102 	DATA 	Sampled Response: 1, Outcome Shown: 0
43.1400 	DATA 	Keypress: 1
43.1459 	EXP 	unnamed TextStim: text = '-10'
43.6452 	DATA 	Sampled Response: 1, Outcome Shown: -10
43.9627 	DATA 	Keypress: 2
43.9706 	EXP 	unnamed TextStim: text = '-8'
44.4702 	DATA 	Sampled Response: 2, Outcome Shown: -8
44.5084 	DATA 	Keypress: 2
44.5117 	EXP 	unnamed TextStim: text = '-8'
45.0112 	DATA 	Sampled Response: 2, Outcome Shown: -8
45.0394 	DATA 	Keypress: 2
45.0427 	EXP 	unnamed TextStim: text = '-8'
45.5422 	DATA 	Sampled Response: 2, Outcome Shown: -8
45.5811 	DATA 	Keypress: 2
45.5844 	EXP 	unnamed TextStim: text = '-8'
46.0842 	DATA 	Sampled Response: 2, Outcome Shown: -8
46.1165 	DATA 	Keypress: 2
46.1222 	EXP 	unnamed TextStim: text = '-8'
46.6223 	DATA 	Sampled Response: 2, Outcome Shown: -8
46.6225 	DATA 	Keypress: 2
47.1318 	DATA 	Keypress: 2
47.1351 	EXP 	unnamed TextStim: text = '-8'
47.6342 	DATA 	Sampled Response: 2, Outcome Shown: -8
47.7230 	DATA 	Keypress: 2
47.7263 	EXP 	unnamed TextStim: text = '-8'
48.2263 	DATA 	Sampled Response: 2, Outcome Shown: -8
48.2847 	DATA 	Keypress: 2
48.2907 	EXP 	unnamed TextStim: text = '-8'
48.7903 	DATA 	Sampled Response: 2, Outcome Shown: -8
48.7906 	DATA 	Keypress: 2
49.2025 	DATA 	Keypress: 2
49.2109 	EXP 	unnamed TextStim: text = '-8'
49.7103 	DATA 	Sampled Response: 2, Outcome Shown: -8
54.3308 	DATA 	** broke sampling loop (<.5s left in trial) **
54.3318 	DATA 	samplingCount: 19
54.3318 	DATA 	Think Onset
54.3342 	EXP 	unnamed Rect: lineColor = 'white (named)'
54.3342 	EXP 	unnamed Rect: lineColor = 'white (named)'
57.3386 	DATA 	Decide Onset
57.6660 	DATA 	Keypress: 1
57.6661 	DATA 	Decision Button Press: ['1']
57.6661 	DATA 	Decision Response: 1
57.6675 	EXP 	unnamed Rect: lineColor = 'red (named)'
58.1752 	DATA 	ITI Onset
58.1762 	EXP 	unnamed Rect: lineColor = 'white (named)'
58.1762 	EXP 	unnamed Rect: lineColor = 'white (named)'
58.1762 	EXP 	unnamed TextStim: text = '-10'
58.1762 	EXP 	unnamed TextStim: text = '-8'
61.9275 	DATA 	Trial End Time - totalITI: 3.75064432749
61.9277 	EXP 	New trial (rep=0, index=2): {'P1_1': '0.7', 'P1_2': '0.1', 'SafeOption': '1', 'P2_2': '0.9', 'O2_2': '30', 'O2_1': '38', 'ProbNumber': 'RR11', 'O1_2': '-10', 'O1_1': '22', 'EV2': '26', 'EV1': '26.8', 'ProbType': 'RR', 'P2_1': '0.3'}
61.9279 	DATA 	Trial Onset - ProblemType: RR, ProblemNumber: RR11, leftRight: 0, samplingDur: 15, assignedITI: 1.2297
61.9279 	DATA 	Sampling Onset
62.2673 	DATA 	Keypress: 1
62.2753 	EXP 	unnamed TextStim: text = '+22'
62.7746 	DATA 	Sampled Response: 1, Outcome Shown: +22
62.8226 	DATA 	Keypress: 1
62.8258 	EXP 	unnamed TextStim: text = '+22'
63.3256 	DATA 	Sampled Response: 1, Outcome Shown: +22
63.3782 	DATA 	Keypress: 1
63.3867 	EXP 	unnamed TextStim: text = '+38'
63.8866 	DATA 	Sampled Response: 1, Outcome Shown: +38
63.9396 	DATA 	Keypress: 1
63.9467 	EXP 	unnamed TextStim: text = '+22'
64.4466 	DATA 	Sampled Response: 1, Outcome Shown: +22
64.4668 	DATA 	Keypress: 1
64.4762 	EXP 	unnamed TextStim: text = '+22'
64.9757 	DATA 	Sampled Response: 1, Outcome Shown: +22
64.9901 	DATA 	Keypress: 1
64.9965 	EXP 	unnamed TextStim: text = '+38'
65.4957 	DATA 	Sampled Response: 1, Outcome Shown: +38
65.5409 	DATA 	Keypress: 1
65.5442 	EXP 	unnamed TextStim: text = '+38'
66.0437 	DATA 	Sampled Response: 1, Outcome Shown: +38
66.0749 	DATA 	Keypress: 1
66.0809 	EXP 	unnamed TextStim: text = '+22'
66.5807 	DATA 	Sampled Response: 1, Outcome Shown: +22
66.5809 	DATA 	Keypress: 1
67.1067 	DATA 	Keypress: 1
67.1129 	EXP 	unnamed TextStim: text = '+38'
67.6127 	DATA 	Sampled Response: 1, Outcome Shown: +38
67.6824 	DATA 	Keypress: 1
67.6912 	EXP 	unnamed TextStim: text = '+22'
68.1907 	DATA 	Sampled Response: 1, Outcome Shown: +22
70.3232 	DATA 	Keypress: 2
70.3292 	EXP 	unnamed TextStim: text = '+30'
70.8288 	DATA 	Sampled Response: 2, Outcome Shown: +30
70.8339 	DATA 	Keypress: 2
70.8354 	EXP 	unnamed TextStim: text = '+30'
71.3348 	DATA 	Sampled Response: 2, Outcome Shown: +30
71.3350 	DATA 	Keypress: 2
71.6423 	DATA 	Keypress: 2
71.6457 	EXP 	unnamed TextStim: text = '+30'
72.1457 	DATA 	Sampled Response: 2, Outcome Shown: +30
72.3147 	DATA 	Keypress: 2
72.3179 	EXP 	unnamed TextStim: text = '+30'
72.8178 	DATA 	Sampled Response: 2, Outcome Shown: +30
72.8897 	DATA 	Keypress: 2
72.8929 	EXP 	unnamed TextStim: text = '+30'
73.3928 	DATA 	Sampled Response: 2, Outcome Shown: +30
73.4426 	DATA 	Keypress: 2
73.4459 	EXP 	unnamed TextStim: text = '+30'
73.9458 	DATA 	Sampled Response: 2, Outcome Shown: +30
73.9854 	DATA 	Keypress: 2
73.9966 	EXP 	unnamed TextStim: text = '-10'
74.4959 	DATA 	Sampled Response: 2, Outcome Shown: -10
74.5242 	DATA 	Keypress: 2
74.5301 	EXP 	unnamed TextStim: text = '+30'
75.0299 	DATA 	Sampled Response: 2, Outcome Shown: +30
75.0497 	DATA 	Keypress: 2
75.0582 	EXP 	unnamed TextStim: text = '+30'
75.5579 	DATA 	Sampled Response: 2, Outcome Shown: +30
75.5581 	DATA 	Keypress: 2
75.9301 	DATA 	Keypress: 2
75.9386 	EXP 	unnamed TextStim: text = '+30'
76.4378 	DATA 	Sampled Response: 2, Outcome Shown: +30
76.4380 	DATA 	** broke sampling loop (<.5s left in trial) **
76.4389 	DATA 	samplingCount: 20
76.4389 	DATA 	Think Onset
76.4402 	EXP 	unnamed Rect: lineColor = 'white (named)'
76.4402 	EXP 	unnamed Rect: lineColor = 'white (named)'
76.4842 	DATA 	Keypress: 2
79.4429 	DATA 	Decide Onset
80.0251 	DATA 	Keypress: 2
80.0251 	DATA 	Decision Button Press: ['2']
80.0252 	DATA 	Decision Response: 2
80.0266 	EXP 	unnamed Rect: lineColor = 'red (named)'
80.5337 	DATA 	ITI Onset
80.5347 	EXP 	unnamed Rect: lineColor = 'white (named)'
80.5347 	EXP 	unnamed Rect: lineColor = 'white (named)'
80.5347 	EXP 	unnamed TextStim: text = '+22'
80.5347 	EXP 	unnamed TextStim: text = '+30'
83.3730 	DATA 	Trial End Time - totalITI: 2.83703821638
83.3733 	EXP 	New trial (rep=0, index=3): {'P1_1': '0.8', 'P1_2': '0.3', 'SafeOption': '1', 'P2_2': '0.7', 'O2_2': '40', 'O2_1': '33', 'ProbNumber': 'RR12', 'O1_2': '-25', 'O1_1': '18', 'EV2': '20.5', 'EV1': '21', 'ProbType': 'RR', 'P2_1': '0.2'}
83.3734 	DATA 	Trial Onset - ProblemType: RR, ProblemNumber: RR12, leftRight: 1, samplingDur: 16, assignedITI: 1.1477
83.3734 	DATA 	Sampling Onset
83.7463 	DATA 	Keypress: 1
83.7652 	EXP 	unnamed TextStim: text = '+40'
84.2651 	DATA 	Sampled Response: 2, Outcome Shown: +18
84.3054 	DATA 	Keypress: 1
84.3114 	EXP 	unnamed TextStim: text = '+40'
84.8111 	DATA 	Sampled Response: 2, Outcome Shown: +18
84.8894 	DATA 	Keypress: 1
84.8956 	EXP 	unnamed TextStim: text = '+40'
85.3951 	DATA 	Sampled Response: 2, Outcome Shown: +18
85.4381 	DATA 	Keypress: 1
85.4415 	EXP 	unnamed TextStim: text = '+40'
85.9411 	DATA 	Sampled Response: 2, Outcome Shown: +18
85.9633 	DATA 	Keypress: 1
85.9667 	EXP 	unnamed TextStim: text = '+40'
86.4661 	DATA 	Sampled Response: 2, Outcome Shown: +33
86.4993 	DATA 	Keypress: 1
86.5054 	EXP 	unnamed TextStim: text = '-25'
87.0051 	DATA 	Sampled Response: 2, Outcome Shown: +33
87.0382 	DATA 	Keypress: 1
87.0418 	EXP 	unnamed TextStim: text = '-25'
87.5411 	DATA 	Sampled Response: 2, Outcome Shown: +18
87.5785 	DATA 	Keypress: 1
87.5821 	EXP 	unnamed TextStim: text = '-25'
88.0821 	DATA 	Sampled Response: 2, Outcome Shown: +18
88.0892 	DATA 	Keypress: 1
88.0982 	EXP 	unnamed TextStim: text = '+40'
88.5982 	DATA 	Sampled Response: 2, Outcome Shown: +33
88.6429 	DATA 	Keypress: 1
88.6464 	EXP 	unnamed TextStim: text = '+40'
89.1462 	DATA 	Sampled Response: 2, Outcome Shown: +33
89.3849 	DATA 	Keypress: 2
89.3958 	EXP 	unnamed TextStim: text = '+18'
89.8951 	DATA 	Sampled Response: 1, Outcome Shown: -25
89.9632 	DATA 	Keypress: 2
89.9665 	EXP 	unnamed TextStim: text = '+18'
90.4662 	DATA 	Sampled Response: 1, Outcome Shown: +40
90.5294 	DATA 	Keypress: 2
90.5381 	EXP 	unnamed TextStim: text = '+18'
91.0382 	DATA 	Sampled Response: 1, Outcome Shown: +40
91.0576 	DATA 	Keypress: 2
91.0633 	EXP 	unnamed TextStim: text = '+18'
91.5632 	DATA 	Sampled Response: 1, Outcome Shown: +40
91.5635 	DATA 	Keypress: 2
92.0336 	DATA 	Keypress: 2
92.0395 	EXP 	unnamed TextStim: text = '+18'
92.5392 	DATA 	Sampled Response: 1, Outcome Shown: +40
92.5538 	DATA 	Keypress: 2
92.5595 	EXP 	unnamed TextStim: text = '+33'
93.0592 	DATA 	Sampled Response: 1, Outcome Shown: +40
93.0649 	DATA 	Keypress: 2
93.0712 	EXP 	unnamed TextStim: text = '+18'
93.5713 	DATA 	Sampled Response: 1, Outcome Shown: +40
93.5891 	DATA 	Keypress: 2
93.5925 	EXP 	unnamed TextStim: text = '+18'
94.0923 	DATA 	Sampled Response: 1, Outcome Shown: +40
94.0925 	DATA 	Keypress: 2
94.4646 	DATA 	Keypress: 2
94.4730 	EXP 	unnamed TextStim: text = '+18'
94.9723 	DATA 	Sampled Response: 1, Outcome Shown: +40
94.9725 	DATA 	Keypress: 2
95.4568 	DATA 	Keypress: 2
95.4601 	EXP 	unnamed TextStim: text = '+18'
95.9603 	DATA 	Sampled Response: 1, Outcome Shown: +40
98.8755 	DATA 	** broke sampling loop (<.5s left in trial) **
98.8765 	DATA 	samplingCount: 20
98.8765 	DATA 	Think Onset
98.8789 	EXP 	unnamed Rect: lineColor = 'white (named)'
98.8789 	EXP 	unnamed Rect: lineColor = 'white (named)'
101.8821 	DATA 	Decide Onset
102.5761 	DATA 	Keypress: 2
102.5761 	DATA 	Decision Button Press: ['2']
102.5762 	DATA 	Decision Response: 1
102.5776 	EXP 	unnamed Rect: lineColor = 'red (named)'
103.0869 	DATA 	ITI Onset
103.0879 	EXP 	unnamed Rect: lineColor = 'white (named)'
103.0879 	EXP 	unnamed Rect: lineColor = 'white (named)'
103.0879 	EXP 	unnamed TextStim: text = '+40'
103.0879 	EXP 	unnamed TextStim: text = '+18'
105.7418 	DATA 	Trial End Time - totalITI: 2.65127447191
105.7422 	EXP 	New trial (rep=0, index=4): {'P1_1': '0.9', 'P1_2': '1', 'SafeOption': '2', 'P2_2': '0', 'O2_2': '0', 'O2_1': '-10', 'ProbNumber': 'MD8', 'O1_2': '3', 'O1_1': '5', 'EV2': '3', 'EV1': '3.5', 'ProbType': 'MD', 'P2_1': '0.1'}
105.7423 	DATA 	Trial Onset - ProblemType: MD, ProblemNumber: MD8, leftRight: 0, samplingDur: 17, assignedITI: 1.0887
105.7424 	DATA 	Sampling Onset
106.2891 	DATA 	Keypress: 1
106.2973 	EXP 	unnamed TextStim: text = '+5'
106.7965 	DATA 	Sampled Response: 1, Outcome Shown: +5
106.8488 	DATA 	Keypress: 1
106.8546 	EXP 	unnamed TextStim: text = '+5'
107.3545 	DATA 	Sampled Response: 1, Outcome Shown: +5
107.4105 	DATA 	Keypress: 1
107.4164 	EXP 	unnamed TextStim: text = '-10'
107.9166 	DATA 	Sampled Response: 1, Outcome Shown: -10
107.9558 	DATA 	Keypress: 1
107.9611 	EXP 	unnamed TextStim: text = '+5'
108.4606 	DATA 	Sampled Response: 1, Outcome Shown: +5
108.4731 	DATA 	Keypress: 1
108.4765 	EXP 	unnamed TextStim: text = '+5'
108.9766 	DATA 	Sampled Response: 1, Outcome Shown: +5
109.0095 	DATA 	Keypress: 1
109.0129 	EXP 	unnamed TextStim: text = '+5'
109.5126 	DATA 	Sampled Response: 1, Outcome Shown: +5
109.5559 	DATA 	Keypress: 1
109.5593 	EXP 	unnamed TextStim: text = '+5'
110.0586 	DATA 	Sampled Response: 1, Outcome Shown: +5
110.0644 	DATA 	Keypress: 1
110.0698 	EXP 	unnamed TextStim: text = '+5'
110.5696 	DATA 	Sampled Response: 1, Outcome Shown: +5
110.5699 	DATA 	Keypress: 1
110.9051 	DATA 	Keypress: 1
110.9084 	EXP 	unnamed TextStim: text = '+5'
111.4075 	DATA 	Sampled Response: 1, Outcome Shown: +5
111.4160 	DATA 	Keypress: 1
111.4218 	EXP 	unnamed TextStim: text = '+5'
111.9217 	DATA 	Sampled Response: 1, Outcome Shown: +5
112.0566 	DATA 	Keypress: 2
112.0648 	EXP 	unnamed TextStim: text = '+3'
112.5646 	DATA 	Sampled Response: 2, Outcome Shown: +3
112.5682 	DATA 	Keypress: 2
112.5698 	EXP 	unnamed TextStim: text = '+3'
113.0697 	DATA 	Sampled Response: 2, Outcome Shown: +3
113.0723 	DATA 	Keypress: 2
113.0740 	EXP 	unnamed TextStim: text = '+3'
113.5737 	DATA 	Sampled Response: 2, Outcome Shown: +3
113.6800 	DATA 	Keypress: 2
113.6887 	EXP 	unnamed TextStim: text = '+3'
114.1887 	DATA 	Sampled Response: 2, Outcome Shown: +3
114.2201 	DATA 	Keypress: 2
114.2235 	EXP 	unnamed TextStim: text = '+3'
114.7227 	DATA 	Sampled Response: 2, Outcome Shown: +3
114.7542 	DATA 	Keypress: 2
114.7575 	EXP 	unnamed TextStim: text = '+3'
115.2567 	DATA 	Sampled Response: 2, Outcome Shown: +3
115.2721 	DATA 	Keypress: 2
115.2780 	EXP 	unnamed TextStim: text = '+3'
115.7777 	DATA 	Sampled Response: 2, Outcome Shown: +3
115.7932 	DATA 	Keypress: 2
115.7964 	EXP 	unnamed TextStim: text = '+3'
116.2957 	DATA 	Sampled Response: 2, Outcome Shown: +3
116.3044 	DATA 	Keypress: 2
116.3076 	EXP 	unnamed TextStim: text = '+3'
116.8077 	DATA 	Sampled Response: 2, Outcome Shown: +3
116.8330 	DATA 	Keypress: 2
116.8391 	EXP 	unnamed TextStim: text = '+3'
117.3388 	DATA 	Sampled Response: 2, Outcome Shown: +3
117.3390 	DATA 	Keypress: 1
117.7998 	DATA 	Keypress: 1
117.8083 	EXP 	unnamed TextStim: text = '+5'
118.3078 	DATA 	Sampled Response: 1, Outcome Shown: +5
118.3556 	DATA 	Keypress: 1
118.3589 	EXP 	unnamed TextStim: text = '+5'
118.8588 	DATA 	Sampled Response: 1, Outcome Shown: +5
118.8733 	DATA 	Keypress: 1
118.8766 	EXP 	unnamed TextStim: text = '+5'
119.3768 	DATA 	Sampled Response: 1, Outcome Shown: +5
119.3770 	DATA 	Keypress: 1
119.7205 	DATA 	Keypress: 1
119.7238 	EXP 	unnamed TextStim: text = '+5'
120.2238 	DATA 	Sampled Response: 1, Outcome Shown: +5
122.2454 	DATA 	** broke sampling loop (<.5s left in trial) **
122.2490 	DATA 	samplingCount: 24
122.2490 	DATA 	Think Onset
122.2501 	EXP 	unnamed Rect: lineColor = 'white (named)'
122.2501 	EXP 	unnamed Rect: lineColor = 'white (named)'
125.2571 	DATA 	Decide Onset
126.5990 	DATA 	Keypress: 2
126.5991 	DATA 	Decision Button Press: ['2']
126.5992 	DATA 	Decision Response: 2
126.6006 	EXP 	unnamed Rect: lineColor = 'red (named)'
127.1073 	DATA 	ITI Onset
127.1082 	EXP 	unnamed Rect: lineColor = 'white (named)'
127.1082 	EXP 	unnamed Rect: lineColor = 'white (named)'
127.1082 	EXP 	unnamed TextStim: text = '+5'
127.1082 	EXP 	unnamed TextStim: text = '+3'
129.0527 	DATA 	Trial End Time - totalITI: 1.94075718105
129.0530 	EXP 	New trial (rep=0, index=5): {'P1_1': '0.4', 'P1_2': '1', 'SafeOption': '2', 'P2_2': '0', 'O2_2': '0', 'O2_1': '-20', 'ProbNumber': 'MD4', 'O1_2': '-4', 'O1_1': '15', 'EV2': '-4', 'EV1': '-6', 'ProbType': 'MD', 'P2_1': '0.6'}
129.0532 	DATA 	Trial Onset - ProblemType: MD, ProblemNumber: MD4, leftRight: 0, samplingDur: 16, assignedITI: 2.3911
129.0532 	DATA 	Sampling Onset
129.5114 	DATA 	Keypress: 1
129.5206 	EXP 	unnamed TextStim: text = '-20'
130.0200 	DATA 	Sampled Response: 1, Outcome Shown: -20
130.1753 	DATA 	Keypress: 1
130.1813 	EXP 	unnamed TextStim: text = '+15'
130.6810 	DATA 	Sampled Response: 1, Outcome Shown: +15
130.8400 	DATA 	Keypress: 1
130.8434 	EXP 	unnamed TextStim: text = '+15'
131.3430 	DATA 	Sampled Response: 1, Outcome Shown: +15
131.5036 	DATA 	Keypress: 1
131.5119 	EXP 	unnamed TextStim: text = '-20'
132.0111 	DATA 	Sampled Response: 1, Outcome Shown: -20
132.1197 	DATA 	Keypress: 1
132.1272 	EXP 	unnamed TextStim: text = '+15'
132.6271 	DATA 	Sampled Response: 1, Outcome Shown: +15
132.7614 	DATA 	Keypress: 1
132.7646 	EXP 	unnamed TextStim: text = '+15'
133.2641 	DATA 	Sampled Response: 1, Outcome Shown: +15
133.4028 	DATA 	Keypress: 1
133.4086 	EXP 	unnamed TextStim: text = '-20'
133.9080 	DATA 	Sampled Response: 1, Outcome Shown: -20
134.0571 	DATA 	Keypress: 1
134.0604 	EXP 	unnamed TextStim: text = '-20'
134.5601 	DATA 	Sampled Response: 1, Outcome Shown: -20
134.7437 	DATA 	Keypress: 1
134.7471 	EXP 	unnamed TextStim: text = '-20'
135.2471 	DATA 	Sampled Response: 1, Outcome Shown: -20
135.4077 	DATA 	Keypress: 1
135.4137 	EXP 	unnamed TextStim: text = '-20'
135.9132 	DATA 	Sampled Response: 1, Outcome Shown: -20
136.3035 	DATA 	Keypress: 2
136.3098 	EXP 	unnamed TextStim: text = '-4'
136.8092 	DATA 	Sampled Response: 2, Outcome Shown: -4
136.9285 	DATA 	Keypress: 2
136.9317 	EXP 	unnamed TextStim: text = '-4'
137.4312 	DATA 	Sampled Response: 2, Outcome Shown: -4
137.5770 	DATA 	Keypress: 2
137.5804 	EXP 	unnamed TextStim: text = '-4'
138.0802 	DATA 	Sampled Response: 2, Outcome Shown: -4
138.1991 	DATA 	Keypress: 2
138.2081 	EXP 	unnamed TextStim: text = '-4'
138.7082 	DATA 	Sampled Response: 2, Outcome Shown: -4
138.7931 	DATA 	Keypress: 2
138.7964 	EXP 	unnamed TextStim: text = '-4'
139.2962 	DATA 	Sampled Response: 2, Outcome Shown: -4
139.4084 	DATA 	Keypress: 2
139.4117 	EXP 	unnamed TextStim: text = '-4'
139.9112 	DATA 	Sampled Response: 2, Outcome Shown: -4
139.9768 	DATA 	Keypress: 2
139.9804 	EXP 	unnamed TextStim: text = '-4'
140.4802 	DATA 	Sampled Response: 2, Outcome Shown: -4
140.5924 	DATA 	Keypress: 2
140.5956 	EXP 	unnamed TextStim: text = '-4'
141.0952 	DATA 	Sampled Response: 2, Outcome Shown: -4
141.1748 	DATA 	Keypress: 2
141.1808 	EXP 	unnamed TextStim: text = '-4'
141.6803 	DATA 	Sampled Response: 2, Outcome Shown: -4
141.7527 	DATA 	Keypress: 2
141.7562 	EXP 	unnamed TextStim: text = '-4'
142.2563 	DATA 	Sampled Response: 2, Outcome Shown: -4
144.5565 	DATA 	** broke sampling loop (<.5s left in trial) **
144.5576 	DATA 	samplingCount: 20
144.5576 	DATA 	Think Onset
144.5601 	EXP 	unnamed Rect: lineColor = 'white (named)'
144.5601 	EXP 	unnamed Rect: lineColor = 'white (named)'
147.5634 	DATA 	Decide Onset
148.4141 	DATA 	Keypress: 2
148.4142 	DATA 	Decision Button Press: ['2']
148.4142 	DATA 	Decision Response: 2
148.4156 	EXP 	unnamed Rect: lineColor = 'red (named)'
148.9238 	DATA 	ITI Onset
148.9248 	EXP 	unnamed Rect: lineColor = 'white (named)'
148.9248 	EXP 	unnamed Rect: lineColor = 'white (named)'
148.9248 	EXP 	unnamed TextStim: text = '-20'
148.9248 	EXP 	unnamed TextStim: text = '-4'
152.6625 	DATA 	Trial End Time - totalITI: 3.73663340292
152.6627 	EXP 	New trial (rep=0, index=6): {'P1_1': '0.5', 'P1_2': '0.4', 'SafeOption': '1', 'P2_2': '0.6', 'O2_2': '50', 'O2_1': '30', 'ProbNumber': 'RR8', 'O1_2': '-15', 'O1_1': '14', 'EV2': '24', 'EV1': '22', 'ProbType': 'RR', 'P2_1': '0.5'}
152.6629 	DATA 	Trial Onset - ProblemType: RR, ProblemNumber: RR8, leftRight: 1, samplingDur: 15, assignedITI: 2.5575
152.6629 	DATA 	Sampling Onset
153.0724 	DATA 	Keypress: 1
153.0788 	EXP 	unnamed TextStim: text = '+50'
153.5785 	DATA 	Sampled Response: 2, Outcome Shown: +14
153.6871 	DATA 	Keypress: 1
153.6932 	EXP 	unnamed TextStim: text = '-15'
154.1925 	DATA 	Sampled Response: 2, Outcome Shown: +30
154.2711 	DATA 	Keypress: 1
154.2745 	EXP 	unnamed TextStim: text = '-15'
154.7745 	DATA 	Sampled Response: 2, Outcome Shown: +14
154.8306 	DATA 	Keypress: 1
154.8391 	EXP 	unnamed TextStim: text = '-15'
155.3386 	DATA 	Sampled Response: 2, Outcome Shown: +30
155.4181 	DATA 	Keypress: 1
155.4241 	EXP 	unnamed TextStim: text = '+50'
155.9236 	DATA 	Sampled Response: 2, Outcome Shown: +30
155.9740 	DATA 	Keypress: 1
155.9802 	EXP 	unnamed TextStim: text = '+50'
156.4796 	DATA 	Sampled Response: 2, Outcome Shown: +30
156.5368 	DATA 	Keypress: 1
156.5426 	EXP 	unnamed TextStim: text = '-15'
157.0426 	DATA 	Sampled Response: 2, Outcome Shown: +30
157.0938 	DATA 	Keypress: 1
157.1026 	EXP 	unnamed TextStim: text = '-15'
157.6026 	DATA 	Sampled Response: 2, Outcome Shown: +30
157.6222 	DATA 	Keypress: 1
157.6287 	EXP 	unnamed TextStim: text = '-15'
158.1286 	DATA 	Sampled Response: 2, Outcome Shown: +14
158.1590 	DATA 	Keypress: 1
158.1648 	EXP 	unnamed TextStim: text = '+50'
158.6646 	DATA 	Sampled Response: 2, Outcome Shown: +14
158.6950 	DATA 	Keypress: 2
158.7018 	EXP 	unnamed TextStim: text = '+14'
159.2017 	DATA 	Sampled Response: 1, Outcome Shown: +50
159.2538 	DATA 	Keypress: 2
159.2623 	EXP 	unnamed TextStim: text = '+30'
159.7616 	DATA 	Sampled Response: 1, Outcome Shown: +50
159.7847 	DATA 	Keypress: 2
159.7918 	EXP 	unnamed TextStim: text = '+14'
160.2917 	DATA 	Sampled Response: 1, Outcome Shown: +50
160.3044 	DATA 	Keypress: 2
160.3078 	EXP 	unnamed TextStim: text = '+14'
160.8077 	DATA 	Sampled Response: 1, Outcome Shown: -15
160.8543 	DATA 	Keypress: 2
160.8611 	EXP 	unnamed TextStim: text = '+14'
161.3607 	DATA 	Sampled Response: 1, Outcome Shown: -15
161.3846 	DATA 	Keypress: 2
161.3881 	EXP 	unnamed TextStim: text = '+14'
161.8877 	DATA 	Sampled Response: 1, Outcome Shown: +50
161.8937 	DATA 	Keypress: 2
161.8967 	EXP 	unnamed TextStim: text = '+14'
162.3967 	DATA 	Sampled Response: 1, Outcome Shown: -15
162.3980 	DATA 	Keypress: 2
162.4041 	EXP 	unnamed TextStim: text = '+30'
162.9037 	DATA 	Sampled Response: 1, Outcome Shown: -15
162.9039 	DATA 	Keypress: 2
163.4008 	DATA 	Keypress: 2
163.4077 	EXP 	unnamed TextStim: text = '+14'
163.9077 	DATA 	Sampled Response: 1, Outcome Shown: -15
163.9271 	DATA 	Keypress: 2
163.9329 	EXP 	unnamed TextStim: text = '+30'
164.4327 	DATA 	Sampled Response: 1, Outcome Shown: -15
167.1682 	DATA 	** broke sampling loop (<.5s left in trial) **
167.1692 	DATA 	samplingCount: 20
167.1692 	DATA 	Think Onset
167.1717 	EXP 	unnamed Rect: lineColor = 'white (named)'
167.1717 	EXP 	unnamed Rect: lineColor = 'white (named)'
170.1754 	DATA 	Decide Onset
170.4932 	DATA 	Keypress: 2
170.4932 	DATA 	Decision Button Press: ['2']
170.4933 	DATA 	Decision Response: 1
170.4947 	EXP 	unnamed Rect: lineColor = 'red (named)'
171.0022 	DATA 	ITI Onset
171.0032 	EXP 	unnamed Rect: lineColor = 'white (named)'
171.0032 	EXP 	unnamed Rect: lineColor = 'white (named)'
171.0032 	EXP 	unnamed TextStim: text = '+50'
171.0032 	EXP 	unnamed TextStim: text = '+30'
175.4400 	DATA 	Trial End Time - totalITI: 4.43404941673
175.4402 	EXP 	New trial (rep=0, index=7): {'P1_1': '0.8', 'P1_2': '1', 'SafeOption': '2', 'P2_2': '0', 'O2_2': '0', 'O2_1': '0', 'ProbNumber': 'SD9', 'O1_2': '13', 'O1_1': '16', 'EV2': '13', 'EV1': '12.8', 'ProbType': 'SD', 'P2_1': '0.2'}
175.4404 	DATA 	Trial Onset - ProblemType: SD, ProblemNumber: SD9, leftRight: 1, samplingDur: 18, assignedITI: 1.4411
175.4404 	DATA 	Sampling Onset
175.9895 	DATA 	Keypress: 1
175.9961 	EXP 	unnamed TextStim: text = '+13'
176.4960 	DATA 	Sampled Response: 2, Outcome Shown: +16
176.6385 	DATA 	Keypress: 1
176.6419 	EXP 	unnamed TextStim: text = '+13'
177.1420 	DATA 	Sampled Response: 2, Outcome Shown: +16
177.1907 	DATA 	Keypress: 1
177.1941 	EXP 	unnamed TextStim: text = '+13'
177.6941 	DATA 	Sampled Response: 2, Outcome Shown: +16
177.7260 	DATA 	Keypress: 1
177.7294 	EXP 	unnamed TextStim: text = '+13'
178.2290 	DATA 	Sampled Response: 2, Outcome Shown: +16
178.2292 	DATA 	Keypress: 1
178.5755 	DATA 	Keypress: 1
178.5787 	EXP 	unnamed TextStim: text = '+13'
179.0780 	DATA 	Sampled Response: 2, Outcome Shown: +16
179.1732 	DATA 	Keypress: 1
179.1765 	EXP 	unnamed TextStim: text = '+13'
179.6761 	DATA 	Sampled Response: 2, Outcome Shown: 0
179.6857 	DATA 	Keypress: 1
179.6915 	EXP 	unnamed TextStim: text = '+13'
180.1911 	DATA 	Sampled Response: 2, Outcome Shown: +16
180.1913 	DATA 	Keypress: 1
180.5435 	DATA 	Keypress: 1
180.5468 	EXP 	unnamed TextStim: text = '+13'
181.0461 	DATA 	Sampled Response: 2, Outcome Shown: +16
181.1090 	DATA 	Keypress: 1
181.1175 	EXP 	unnamed TextStim: text = '+13'
181.6171 	DATA 	Sampled Response: 2, Outcome Shown: +16
181.7114 	DATA 	Keypress: 1
181.7174 	EXP 	unnamed TextStim: text = '+13'
182.2171 	DATA 	Sampled Response: 2, Outcome Shown: +16
182.2386 	DATA 	Keypress: 2
182.2507 	EXP 	unnamed TextStim: text = '+16'
182.7501 	DATA 	Sampled Response: 1, Outcome Shown: +13
182.7895 	DATA 	Keypress: 2
182.7969 	EXP 	unnamed TextStim: text = '0'
183.2961 	DATA 	Sampled Response: 1, Outcome Shown: +13
183.3178 	DATA 	Keypress: 2
183.3252 	EXP 	unnamed TextStim: text = '+16'
183.8252 	DATA 	Sampled Response: 1, Outcome Shown: +13
183.8287 	DATA 	Keypress: 2
183.8304 	EXP 	unnamed TextStim: text = '+16'
184.3302 	DATA 	Sampled Response: 1, Outcome Shown: +13
184.3304 	DATA 	Keypress: 2
184.7498 	DATA 	Keypress: 2
184.7533 	EXP 	unnamed TextStim: text = '+16'
185.2532 	DATA 	Sampled Response: 1, Outcome Shown: +13
185.3249 	DATA 	Keypress: 2
185.3283 	EXP 	unnamed TextStim: text = '+16'
185.8282 	DATA 	Sampled Response: 1, Outcome Shown: +13
185.8530 	DATA 	Keypress: 2
185.8563 	EXP 	unnamed TextStim: text = '+16'
186.3562 	DATA 	Sampled Response: 1, Outcome Shown: +13
186.3565 	DATA 	Keypress: 2
186.7264 	DATA 	Keypress: 2
186.7298 	EXP 	unnamed TextStim: text = '+16'
187.2292 	DATA 	Sampled Response: 1, Outcome Shown: +13
187.2686 	DATA 	Keypress: 2
187.2746 	EXP 	unnamed TextStim: text = '+16'
187.7743 	DATA 	Sampled Response: 1, Outcome Shown: +13
187.8299 	DATA 	Keypress: 2
187.8358 	EXP 	unnamed TextStim: text = '0'
188.3353 	DATA 	Sampled Response: 1, Outcome Shown: +13
188.3667 	DATA 	Keypress: 1
188.3700 	EXP 	unnamed TextStim: text = '+13'
188.8693 	DATA 	Sampled Response: 2, Outcome Shown: 0
192.9412 	DATA 	** broke sampling loop (<.5s left in trial) **
192.9445 	DATA 	samplingCount: 21
192.9445 	DATA 	Think Onset
192.9458 	EXP 	unnamed Rect: lineColor = 'white (named)'
192.9458 	EXP 	unnamed Rect: lineColor = 'white (named)'
195.9540 	DATA 	Decide Onset
196.3720 	DATA 	Keypress: 1
196.3721 	DATA 	Decision Button Press: ['1']
196.3721 	DATA 	Decision Response: 2
196.3736 	EXP 	unnamed Rect: lineColor = 'red (named)'
196.8806 	DATA 	ITI Onset
196.8816 	EXP 	unnamed Rect: lineColor = 'white (named)'
196.8816 	EXP 	unnamed Rect: lineColor = 'white (named)'
196.8816 	EXP 	unnamed TextStim: text = '+13'
196.8816 	EXP 	unnamed TextStim: text = '0'
200.1037 	DATA 	Trial End Time - totalITI: 3.21954705658
200.1040 	EXP 	New trial (rep=0, index=8): {'P1_1': '0.8', 'P1_2': '1', 'SafeOption': '2', 'P2_2': '0', 'O2_2': '0', 'O2_1': '0', 'ProbNumber': 'SD6', 'O1_2': '12', 'O1_1': '14', 'EV2': '12', 'EV1': '11.2', 'ProbType': 'SD', 'P2_1': '0.2'}
200.1041 	DATA 	Trial Onset - ProblemType: SD, ProblemNumber: SD6, leftRight: 1, samplingDur: 16, assignedITI: 1.3267
200.1041 	DATA 	Sampling Onset
200.5840 	DATA 	Keypress: 1
200.5909 	EXP 	unnamed TextStim: text = '+12'
201.0905 	DATA 	Sampled Response: 2, Outcome Shown: +14
201.1523 	DATA 	Keypress: 1
201.1556 	EXP 	unnamed TextStim: text = '+12'
201.6556 	DATA 	Sampled Response: 2, Outcome Shown: +14
201.7406 	DATA 	Keypress: 1
201.7491 	EXP 	unnamed TextStim: text = '+12'
202.2486 	DATA 	Sampled Response: 2, Outcome Shown: +14
202.3082 	DATA 	Keypress: 1
202.3168 	EXP 	unnamed TextStim: text = '+12'
202.8166 	DATA 	Sampled Response: 2, Outcome Shown: +14
202.8681 	DATA 	Keypress: 1
202.8715 	EXP 	unnamed TextStim: text = '+12'
203.3716 	DATA 	Sampled Response: 2, Outcome Shown: 0
203.4163 	DATA 	Keypress: 1
203.4198 	EXP 	unnamed TextStim: text = '+12'
203.9196 	DATA 	Sampled Response: 2, Outcome Shown: +14
203.9564 	DATA 	Keypress: 1
203.9625 	EXP 	unnamed TextStim: text = '+12'
204.4626 	DATA 	Sampled Response: 2, Outcome Shown: 0
204.5164 	DATA 	Keypress: 1
204.5227 	EXP 	unnamed TextStim: text = '+12'
205.0226 	DATA 	Sampled Response: 2, Outcome Shown: 0
205.0457 	DATA 	Keypress: 1
205.0517 	EXP 	unnamed TextStim: text = '+12'
205.5516 	DATA 	Sampled Response: 2, Outcome Shown: +14
205.6119 	DATA 	Keypress: 1
205.6179 	EXP 	unnamed TextStim: text = '+12'
206.1176 	DATA 	Sampled Response: 2, Outcome Shown: +14
206.1408 	DATA 	Keypress: 2
206.1506 	EXP 	unnamed TextStim: text = '+14'
206.6507 	DATA 	Sampled Response: 1, Outcome Shown: +12
206.6839 	DATA 	Keypress: 2
206.6915 	EXP 	unnamed TextStim: text = '0'
207.1907 	DATA 	Sampled Response: 1, Outcome Shown: +12
207.2517 	DATA 	Keypress: 2
207.2616 	EXP 	unnamed TextStim: text = '+14'
207.7617 	DATA 	Sampled Response: 1, Outcome Shown: +12
207.7839 	DATA 	Keypress: 2
207.7873 	EXP 	unnamed TextStim: text = '+14'
208.2867 	DATA 	Sampled Response: 1, Outcome Shown: +12
208.3400 	DATA 	Keypress: 2
208.3451 	EXP 	unnamed TextStim: text = '0'
208.8447 	DATA 	Sampled Response: 1, Outcome Shown: +12
208.8854 	DATA 	Keypress: 2
208.8926 	EXP 	unnamed TextStim: text = '+14'
209.3927 	DATA 	Sampled Response: 1, Outcome Shown: +12
209.4055 	DATA 	Keypress: 2
209.4089 	EXP 	unnamed TextStim: text = '+14'
209.9087 	DATA 	Sampled Response: 1, Outcome Shown: +12
209.9399 	DATA 	Keypress: 2
209.9491 	EXP 	unnamed TextStim: text = '+14'
210.4487 	DATA 	Sampled Response: 1, Outcome Shown: +12
210.4614 	DATA 	Keypress: 2
210.4678 	EXP 	unnamed TextStim: text = '+14'
210.9678 	DATA 	Sampled Response: 1, Outcome Shown: +12
211.0202 	DATA 	Keypress: 2
211.0265 	EXP 	unnamed TextStim: text = '+14'
211.5257 	DATA 	Sampled Response: 1, Outcome Shown: +12
212.8117 	DATA 	Keypress: 1
212.8202 	EXP 	unnamed TextStim: text = '+12'
213.3198 	DATA 	Sampled Response: 2, Outcome Shown: +14
215.6048 	DATA 	** broke sampling loop (<.5s left in trial) **
215.6058 	DATA 	samplingCount: 21
215.6058 	DATA 	Think Onset
215.6083 	EXP 	unnamed Rect: lineColor = 'white (named)'
215.6083 	EXP 	unnamed Rect: lineColor = 'white (named)'
218.6102 	DATA 	Decide Onset
218.9311 	DATA 	Keypress: 1
218.9312 	DATA 	Decision Button Press: ['1']
218.9312 	DATA 	Decision Response: 2
218.9326 	EXP 	unnamed Rect: lineColor = 'red (named)'
219.4415 	DATA 	ITI Onset
219.4425 	EXP 	unnamed Rect: lineColor = 'white (named)'
219.4425 	EXP 	unnamed Rect: lineColor = 'white (named)'
219.4425 	EXP 	unnamed TextStim: text = '+12'
219.4425 	EXP 	unnamed TextStim: text = '+14'
222.6488 	DATA 	Trial End Time - totalITI: 3.20470643638
222.6490 	EXP 	New trial (rep=0, index=9): {'P1_1': '0.1', 'P1_2': '1', 'SafeOption': '2', 'P2_2': '0', 'O2_2': '0', 'O2_1': '0', 'ProbNumber': 'SD10', 'O1_2': '3', 'O1_1': '32', 'EV2': '3', 'EV1': '3.2', 'ProbType': 'SD', 'P2_1': '0.9'}
222.6492 	DATA 	Trial Onset - ProblemType: SD, ProblemNumber: SD10, leftRight: 0, samplingDur: 18, assignedITI: 4.6191
222.6492 	DATA 	Sampling Onset
223.0032 	DATA 	Keypress: 2
223.0094 	EXP 	unnamed TextStim: text = '+3'
223.5090 	DATA 	Sampled Response: 2, Outcome Shown: +3
223.6191 	DATA 	Keypress: 2
223.6252 	EXP 	unnamed TextStim: text = '+3'
224.1250 	DATA 	Sampled Response: 2, Outcome Shown: +3
224.2517 	DATA 	Keypress: 2
224.2577 	EXP 	unnamed TextStim: text = '+3'
224.7570 	DATA 	Sampled Response: 2, Outcome Shown: +3
224.8763 	DATA 	Keypress: 2
224.8823 	EXP 	unnamed TextStim: text = '+3'
225.3821 	DATA 	Sampled Response: 2, Outcome Shown: +3
225.4609 	DATA 	Keypress: 2
225.4668 	EXP 	unnamed TextStim: text = '+3'
225.9660 	DATA 	Sampled Response: 2, Outcome Shown: +3
226.0851 	DATA 	Keypress: 2
226.0884 	EXP 	unnamed TextStim: text = '+3'
226.5881 	DATA 	Sampled Response: 2, Outcome Shown: +3
226.6670 	DATA 	Keypress: 2
226.6731 	EXP 	unnamed TextStim: text = '+3'
227.1731 	DATA 	Sampled Response: 2, Outcome Shown: +3
227.2684 	DATA 	Keypress: 2
227.2717 	EXP 	unnamed TextStim: text = '+3'
227.7711 	DATA 	Sampled Response: 2, Outcome Shown: +3
227.8695 	DATA 	Keypress: 2
227.8730 	EXP 	unnamed TextStim: text = '+3'
228.3731 	DATA 	Sampled Response: 2, Outcome Shown: +3
228.4912 	DATA 	Keypress: 2
228.4945 	EXP 	unnamed TextStim: text = '+3'
228.9941 	DATA 	Sampled Response: 2, Outcome Shown: +3
229.0595 	DATA 	Keypress: 1
229.0654 	EXP 	unnamed TextStim: text = '0'
229.5651 	DATA 	Sampled Response: 1, Outcome Shown: 0
229.6677 	DATA 	Keypress: 1
229.6738 	EXP 	unnamed TextStim: text = '0'
230.1731 	DATA 	Sampled Response: 1, Outcome Shown: 0
230.2681 	DATA 	Keypress: 1
230.2715 	EXP 	unnamed TextStim: text = '0'
230.7712 	DATA 	Sampled Response: 1, Outcome Shown: 0
230.8765 	DATA 	Keypress: 1
230.8823 	EXP 	unnamed TextStim: text = '0'
231.3822 	DATA 	Sampled Response: 1, Outcome Shown: 0
231.4838 	DATA 	Keypress: 1
231.4900 	EXP 	unnamed TextStim: text = '+32'
231.9891 	DATA 	Sampled Response: 1, Outcome Shown: +32
232.0449 	DATA 	Keypress: 1
232.0514 	EXP 	unnamed TextStim: text = '0'
232.5511 	DATA 	Sampled Response: 1, Outcome Shown: 0
232.6277 	DATA 	Keypress: 1
232.6342 	EXP 	unnamed TextStim: text = '0'
233.1342 	DATA 	Sampled Response: 1, Outcome Shown: 0
233.1818 	DATA 	Keypress: 1
233.1854 	EXP 	unnamed TextStim: text = '0'
233.6852 	DATA 	Sampled Response: 1, Outcome Shown: 0
233.7150 	DATA 	Keypress: 1
233.7186 	EXP 	unnamed TextStim: text = '0'
234.2182 	DATA 	Sampled Response: 1, Outcome Shown: 0
234.2429 	DATA 	Keypress: 1
234.2524 	EXP 	unnamed TextStim: text = '0'
234.7522 	DATA 	Sampled Response: 1, Outcome Shown: 0
235.2764 	DATA 	Keypress: 2
235.2821 	EXP 	unnamed TextStim: text = '+3'
235.7822 	DATA 	Sampled Response: 2, Outcome Shown: +3
235.8510 	DATA 	Keypress: 2
235.8570 	EXP 	unnamed TextStim: text = '+3'
236.3563 	DATA 	Sampled Response: 2, Outcome Shown: +3
236.4108 	DATA 	Keypress: 2
236.4193 	EXP 	unnamed TextStim: text = '+3'
236.9193 	DATA 	Sampled Response: 2, Outcome Shown: +3
236.9198 	DATA 	Keypress: 1
237.1488 	DATA 	Keypress: 1
237.1522 	EXP 	unnamed TextStim: text = '0'
237.6523 	DATA 	Sampled Response: 1, Outcome Shown: 0
240.1522 	DATA 	** broke sampling loop (<.5s left in trial) **
240.1533 	DATA 	samplingCount: 24
240.1533 	DATA 	Think Onset
240.1558 	EXP 	unnamed Rect: lineColor = 'white (named)'
240.1558 	EXP 	unnamed Rect: lineColor = 'white (named)'
243.1578 	DATA 	Decide Onset
243.5220 	DATA 	Keypress: 1
243.5221 	DATA 	Decision Button Press: ['1']
243.5221 	DATA 	Decision Response: 1
243.5236 	EXP 	unnamed Rect: lineColor = 'red (named)'
244.0299 	DATA 	ITI Onset
244.0309 	EXP 	unnamed Rect: lineColor = 'white (named)'
244.0309 	EXP 	unnamed Rect: lineColor = 'white (named)'
244.0309 	EXP 	unnamed TextStim: text = '0'
244.0309 	EXP 	unnamed TextStim: text = '+3'
250.4835 	DATA 	Trial End Time - totalITI: 6.45143439112
250.4838 	EXP 	New trial (rep=0, index=10): {'P1_1': '0.1', 'P1_2': '1', 'SafeOption': '2', 'P2_2': '0', 'O2_2': '0', 'O2_1': '-1', 'ProbNumber': 'MD10', 'O1_2': '2', 'O1_1': '42', 'EV2': '2', 'EV1': '3.3', 'ProbType': 'MD', 'P2_1': '0.9'}
250.4839 	DATA 	Trial Onset - ProblemType: MD, ProblemNumber: MD10, leftRight: 1, samplingDur: 19, assignedITI: 1.1749
250.4839 	DATA 	Sampling Onset
250.8982 	DATA 	Keypress: 1
250.9063 	EXP 	unnamed TextStim: text = '+2'
251.4056 	DATA 	Sampled Response: 2, Outcome Shown: -1
251.5060 	DATA 	Keypress: 1
251.5094 	EXP 	unnamed TextStim: text = '+2'
252.0086 	DATA 	Sampled Response: 2, Outcome Shown: -1
252.0900 	DATA 	Keypress: 1
252.0933 	EXP 	unnamed TextStim: text = '+2'
252.5926 	DATA 	Sampled Response: 2, Outcome Shown: -1
252.6499 	DATA 	Keypress: 1
252.6561 	EXP 	unnamed TextStim: text = '+2'
253.1556 	DATA 	Sampled Response: 2, Outcome Shown: -1
253.1984 	DATA 	Keypress: 1
253.2018 	EXP 	unnamed TextStim: text = '+2'
253.7017 	DATA 	Sampled Response: 2, Outcome Shown: -1
253.7243 	DATA 	Keypress: 1
253.7305 	EXP 	unnamed TextStim: text = '+2'
254.2307 	DATA 	Sampled Response: 2, Outcome Shown: -1
254.2676 	DATA 	Keypress: 1
254.2713 	EXP 	unnamed TextStim: text = '+2'
254.7707 	DATA 	Sampled Response: 2, Outcome Shown: -1
254.7709 	DATA 	Keypress: 1
255.1553 	DATA 	Keypress: 1
255.1586 	EXP 	unnamed TextStim: text = '+2'
255.6587 	DATA 	Sampled Response: 2, Outcome Shown: -1
255.6978 	DATA 	Keypress: 1
255.7039 	EXP 	unnamed TextStim: text = '+2'
256.2037 	DATA 	Sampled Response: 2, Outcome Shown: -1
256.2495 	DATA 	Keypress: 1
256.2556 	EXP 	unnamed TextStim: text = '+2'
256.7557 	DATA 	Sampled Response: 2, Outcome Shown: +42
256.8018 	DATA 	Keypress: 2
256.8099 	EXP 	unnamed TextStim: text = '-1'
257.3097 	DATA 	Sampled Response: 1, Outcome Shown: +2
257.3493 	DATA 	Keypress: 2
257.3526 	EXP 	unnamed TextStim: text = '-1'
257.8527 	DATA 	Sampled Response: 1, Outcome Shown: +2
257.8922 	DATA 	Keypress: 2
257.8982 	EXP 	unnamed TextStim: text = '-1'
258.3977 	DATA 	Sampled Response: 1, Outcome Shown: +2
258.4342 	DATA 	Keypress: 2
258.4405 	EXP 	unnamed TextStim: text = '-1'
258.9397 	DATA 	Sampled Response: 1, Outcome Shown: +2
258.9557 	DATA 	Keypress: 2
258.9591 	EXP 	unnamed TextStim: text = '-1'
259.4588 	DATA 	Sampled Response: 1, Outcome Shown: +2
259.4918 	DATA 	Keypress: 2
259.4979 	EXP 	unnamed TextStim: text = '-1'
259.9978 	DATA 	Sampled Response: 1, Outcome Shown: +2
260.0101 	DATA 	Keypress: 2
260.0161 	EXP 	unnamed TextStim: text = '-1'
260.5158 	DATA 	Sampled Response: 1, Outcome Shown: +2
260.5160 	DATA 	Keypress: 2
260.8734 	DATA 	Keypress: 2
260.8819 	EXP 	unnamed TextStim: text = '-1'
261.3818 	DATA 	Sampled Response: 1, Outcome Shown: +2
261.4270 	DATA 	Keypress: 2
261.4328 	EXP 	unnamed TextStim: text = '-1'
261.9328 	DATA 	Sampled Response: 1, Outcome Shown: +2
261.9853 	DATA 	Keypress: 2
261.9914 	EXP 	unnamed TextStim: text = '-1'
262.4908 	DATA 	Sampled Response: 1, Outcome Shown: +2
262.5159 	DATA 	Keypress: 1
262.5191 	EXP 	unnamed TextStim: text = '+2'
263.0189 	DATA 	Sampled Response: 2, Outcome Shown: -1
263.1541 	DATA 	Keypress: 1
263.1574 	EXP 	unnamed TextStim: text = '+2'
263.6569 	DATA 	Sampled Response: 2, Outcome Shown: -1
268.9872 	DATA 	** broke sampling loop (<.5s left in trial) **
268.9882 	DATA 	samplingCount: 22
268.9882 	DATA 	Think Onset
268.9906 	EXP 	unnamed Rect: lineColor = 'white (named)'
268.9906 	EXP 	unnamed Rect: lineColor = 'white (named)'
271.9975 	DATA 	Decide Onset
272.3447 	DATA 	Keypress: 1
272.3448 	DATA 	Decision Button Press: ['1']
272.3449 	DATA 	Decision Response: 2
272.3462 	EXP 	unnamed Rect: lineColor = 'red (named)'
272.8528 	DATA 	ITI Onset
272.8538 	EXP 	unnamed Rect: lineColor = 'white (named)'
272.8538 	EXP 	unnamed Rect: lineColor = 'white (named)'
272.8538 	EXP 	unnamed TextStim: text = '+2'
272.8538 	EXP 	unnamed TextStim: text = '-1'
275.8813 	DATA 	Trial End Time - totalITI: 3.02397005767
275.8816 	EXP 	New trial (rep=0, index=11): {'P1_1': '0.4', 'P1_2': '1', 'SafeOption': '2', 'P2_2': '0', 'O2_2': '0', 'O2_1': '0', 'ProbNumber': 'SD2', 'O1_2': '-2', 'O1_1': '-4', 'EV2': '-2', 'EV1': '-1.6', 'ProbType': 'SD', 'P2_1': '0.6'}
275.8817 	DATA 	Trial Onset - ProblemType: SD, ProblemNumber: SD2, leftRight: 1, samplingDur: 15, assignedITI: 1.3975
275.8817 	DATA 	Sampling Onset
276.2017 	DATA 	Keypress: 1
276.2101 	EXP 	unnamed TextStim: text = '-2'
276.7101 	DATA 	Sampled Response: 2, Outcome Shown: -4
276.7693 	DATA 	Keypress: 1
276.7753 	EXP 	unnamed TextStim: text = '-2'
277.2752 	DATA 	Sampled Response: 2, Outcome Shown: 0
277.3310 	DATA 	Keypress: 1
277.3345 	EXP 	unnamed TextStim: text = '-2'
277.8342 	DATA 	Sampled Response: 2, Outcome Shown: -4
277.9054 	DATA 	Keypress: 1
277.9143 	EXP 	unnamed TextStim: text = '-2'
278.4142 	DATA 	Sampled Response: 2, Outcome Shown: 0
278.5292 	DATA 	Keypress: 1
278.5326 	EXP 	unnamed TextStim: text = '-2'
279.0322 	DATA 	Sampled Response: 2, Outcome Shown: 0
279.1385 	DATA 	Keypress: 1
279.1420 	EXP 	unnamed TextStim: text = '-2'
279.6412 	DATA 	Sampled Response: 2, Outcome Shown: 0
279.7295 	DATA 	Keypress: 1
279.7328 	EXP 	unnamed TextStim: text = '-2'
280.2322 	DATA 	Sampled Response: 2, Outcome Shown: -4
280.3208 	DATA 	Keypress: 1
280.3241 	EXP 	unnamed TextStim: text = '-2'
280.8242 	DATA 	Sampled Response: 2, Outcome Shown: -4
280.8968 	DATA 	Keypress: 1
280.9027 	EXP 	unnamed TextStim: text = '-2'
281.4022 	DATA 	Sampled Response: 2, Outcome Shown: -4
281.4974 	DATA 	Keypress: 1
281.5036 	EXP 	unnamed TextStim: text = '-2'
282.0033 	DATA 	Sampled Response: 2, Outcome Shown: 0
282.0502 	DATA 	Keypress: 2
282.0553 	EXP 	unnamed TextStim: text = '0'
282.5553 	DATA 	Sampled Response: 1, Outcome Shown: -2
282.6408 	DATA 	Keypress: 2
282.6493 	EXP 	unnamed TextStim: text = '0'
283.1493 	DATA 	Sampled Response: 1, Outcome Shown: -2
283.2409 	DATA 	Keypress: 2
283.2495 	EXP 	unnamed TextStim: text = '0'
283.7493 	DATA 	Sampled Response: 1, Outcome Shown: -2
283.8175 	DATA 	Keypress: 2
283.8208 	EXP 	unnamed TextStim: text = '0'
284.3203 	DATA 	Sampled Response: 1, Outcome Shown: -2
284.3623 	DATA 	Keypress: 2
284.3656 	EXP 	unnamed TextStim: text = '0'
284.8653 	DATA 	Sampled Response: 1, Outcome Shown: -2
284.8968 	DATA 	Keypress: 2
284.9035 	EXP 	unnamed TextStim: text = '-4'
285.4033 	DATA 	Sampled Response: 1, Outcome Shown: -2
285.4326 	DATA 	Keypress: 2
285.4376 	EXP 	unnamed TextStim: text = '0'
285.9372 	DATA 	Sampled Response: 1, Outcome Shown: -2
285.9922 	DATA 	Keypress: 2
286.0044 	EXP 	unnamed TextStim: text = '-4'
286.5043 	DATA 	Sampled Response: 1, Outcome Shown: -2
286.5379 	DATA 	Keypress: 2
286.5413 	EXP 	unnamed TextStim: text = '-4'
287.0413 	DATA 	Sampled Response: 1, Outcome Shown: -2
287.1152 	DATA 	Keypress: 2
287.1202 	EXP 	unnamed TextStim: text = '0'
287.6204 	DATA 	Sampled Response: 1, Outcome Shown: -2
288.0826 	DATA 	Keypress: 1
288.0859 	EXP 	unnamed TextStim: text = '-2'
288.5854 	DATA 	Sampled Response: 2, Outcome Shown: 0
288.7048 	DATA 	Keypress: 1
288.7133 	EXP 	unnamed TextStim: text = '-2'
289.2134 	DATA 	Sampled Response: 2, Outcome Shown: -4
290.3850 	DATA 	** broke sampling loop (<.5s left in trial) **
290.3882 	DATA 	samplingCount: 22
290.3882 	DATA 	Think Onset
290.3894 	EXP 	unnamed Rect: lineColor = 'white (named)'
290.3894 	EXP 	unnamed Rect: lineColor = 'white (named)'
293.3960 	DATA 	Decide Onset
294.8958 	DATA 	Keypress: 1
294.8959 	DATA 	Decision Button Press: ['1']
294.8959 	DATA 	Decision Response: 2
294.8973 	EXP 	unnamed Rect: lineColor = 'red (named)'
295.4031 	DATA 	ITI Onset
295.4041 	EXP 	unnamed Rect: lineColor = 'white (named)'
295.4041 	EXP 	unnamed Rect: lineColor = 'white (named)'
295.4041 	EXP 	unnamed TextStim: text = '-2'
295.4041 	EXP 	unnamed TextStim: text = '0'
297.4977 	DATA 	Trial End Time - totalITI: 2.09186194048
297.4979 	EXP 	New trial (rep=0, index=12): {'P1_1': '0.5', 'P1_2': '0.3', 'SafeOption': '1', 'P2_2': '0.7', 'O2_2': '35', 'O2_1': '30', 'ProbNumber': 'RR5', 'O1_2': '-10', 'O1_1': '10', 'EV2': '21.5', 'EV1': '20', 'ProbType': 'RR', 'P2_1': '0.5'}
297.4981 	DATA 	Trial Onset - ProblemType: RR, ProblemNumber: RR5, leftRight: 0, samplingDur: 16, assignedITI: 1.0113
297.4981 	DATA 	Sampling Onset
297.8409 	DATA 	Keypress: 1
297.8473 	EXP 	unnamed TextStim: text = '+30'
298.3466 	DATA 	Sampled Response: 1, Outcome Shown: +30
298.3919 	DATA 	Keypress: 1
298.3978 	EXP 	unnamed TextStim: text = '+30'
298.8976 	DATA 	Sampled Response: 1, Outcome Shown: +30
298.9455 	DATA 	Keypress: 1
298.9517 	EXP 	unnamed TextStim: text = '+10'
299.4516 	DATA 	Sampled Response: 1, Outcome Shown: +10
299.4803 	DATA 	Keypress: 1
299.4838 	EXP 	unnamed TextStim: text = '+10'
299.9836 	DATA 	Sampled Response: 1, Outcome Shown: +10
300.0331 	DATA 	Keypress: 1
300.0365 	EXP 	unnamed TextStim: text = '+10'
300.5367 	DATA 	Sampled Response: 1, Outcome Shown: +10
300.5442 	DATA 	Keypress: 1
300.5493 	EXP 	unnamed TextStim: text = '+10'
301.0487 	DATA 	Sampled Response: 1, Outcome Shown: +10
301.0716 	DATA 	Keypress: 1
301.0806 	EXP 	unnamed TextStim: text = '+30'
301.5807 	DATA 	Sampled Response: 1, Outcome Shown: +30
301.5999 	DATA 	Keypress: 1
301.6062 	EXP 	unnamed TextStim: text = '+30'
302.1057 	DATA 	Sampled Response: 1, Outcome Shown: +30
302.1312 	DATA 	Keypress: 1
302.1346 	EXP 	unnamed TextStim: text = '+30'
302.6347 	DATA 	Sampled Response: 1, Outcome Shown: +30
302.6349 	DATA 	Keypress: 1
302.9845 	DATA 	Keypress: 1
302.9878 	EXP 	unnamed TextStim: text = '+30'
303.4877 	DATA 	Sampled Response: 1, Outcome Shown: +30
303.5041 	DATA 	Keypress: 2
303.5128 	EXP 	unnamed TextStim: text = '+35'
304.0127 	DATA 	Sampled Response: 2, Outcome Shown: +35
304.0485 	DATA 	Keypress: 2
304.0519 	EXP 	unnamed TextStim: text = '+35'
304.5517 	DATA 	Sampled Response: 2, Outcome Shown: +35
304.6118 	DATA 	Keypress: 2
304.6152 	EXP 	unnamed TextStim: text = '+35'
305.1147 	DATA 	Sampled Response: 2, Outcome Shown: +35
305.1297 	DATA 	Keypress: 2
305.1331 	EXP 	unnamed TextStim: text = '+35'
305.6327 	DATA 	Sampled Response: 2, Outcome Shown: +35
305.6560 	DATA 	Keypress: 2
305.6648 	EXP 	unnamed TextStim: text = '+35'
306.1648 	DATA 	Sampled Response: 2, Outcome Shown: +35
306.1796 	DATA 	Keypress: 2
306.1830 	EXP 	unnamed TextStim: text = '+35'
306.6828 	DATA 	Sampled Response: 2, Outcome Shown: +35
306.7051 	DATA 	Keypress: 2
306.7112 	EXP 	unnamed TextStim: text = '+35'
307.2108 	DATA 	Sampled Response: 2, Outcome Shown: +35
307.2110 	DATA 	Keypress: 2
307.5779 	DATA 	Keypress: 2
307.5811 	EXP 	unnamed TextStim: text = '+35'
308.0808 	DATA 	Sampled Response: 2, Outcome Shown: +35
308.0876 	DATA 	Keypress: 2
308.0951 	EXP 	unnamed TextStim: text = '+35'
308.5948 	DATA 	Sampled Response: 2, Outcome Shown: +35
308.6242 	DATA 	Keypress: 2
308.6327 	EXP 	unnamed TextStim: text = '+35'
309.1328 	DATA 	Sampled Response: 2, Outcome Shown: +35
309.1330 	DATA 	Keypress: 1
309.3194 	DATA 	Keypress: 1
309.3281 	EXP 	unnamed TextStim: text = '+10'
309.8279 	DATA 	Sampled Response: 1, Outcome Shown: +10
309.8571 	DATA 	Keypress: 1
309.8632 	EXP 	unnamed TextStim: text = '+10'
310.3628 	DATA 	Sampled Response: 1, Outcome Shown: +10
310.4075 	DATA 	Keypress: 1
310.4147 	EXP 	unnamed TextStim: text = '+30'
310.9149 	DATA 	Sampled Response: 1, Outcome Shown: +30
311.0074 	DATA 	Keypress: 1
311.0188 	EXP 	unnamed TextStim: text = '+10'
311.5189 	DATA 	Sampled Response: 1, Outcome Shown: +10
312.4558 	DATA 	Keypress: 2
312.4617 	EXP 	unnamed TextStim: text = '+35'
312.9619 	DATA 	Sampled Response: 2, Outcome Shown: +35
312.9915 	DATA 	Keypress: 2
313.0028 	EXP 	unnamed TextStim: text = '-10'
313.5029 	DATA 	Sampled Response: 2, Outcome Shown: -10
313.5031 	DATA 	** broke sampling loop (<.5s left in trial) **
313.5040 	DATA 	samplingCount: 26
313.5040 	DATA 	Think Onset
313.5053 	EXP 	unnamed Rect: lineColor = 'white (named)'
313.5053 	EXP 	unnamed Rect: lineColor = 'white (named)'
316.5116 	DATA 	Decide Onset
316.8708 	DATA 	Keypress: 2
316.8709 	DATA 	Decision Button Press: ['2']
316.8710 	DATA 	Decision Response: 2
316.8724 	EXP 	unnamed Rect: lineColor = 'red (named)'
317.3798 	DATA 	ITI Onset
317.3807 	EXP 	unnamed Rect: lineColor = 'white (named)'
317.3807 	EXP 	unnamed Rect: lineColor = 'white (named)'
317.3807 	EXP 	unnamed TextStim: text = '+10'
317.3807 	EXP 	unnamed TextStim: text = '-10'
319.7291 	DATA 	Trial End Time - totalITI: 2.34670237379
319.7293 	EXP 	New trial (rep=0, index=13): {'P1_1': '0.8', 'P1_2': '1', 'SafeOption': '2', 'P2_2': '0', 'O2_2': '0', 'O2_1': '0', 'ProbNumber': 'SD7', 'O1_2': '3', 'O1_1': '4', 'EV2': '3', 'EV1': '3.2', 'ProbType': 'SD', 'P2_1': '0.2'}
319.7295 	DATA 	Trial Onset - ProblemType: SD, ProblemNumber: SD7, leftRight: 1, samplingDur: 15, assignedITI: 1.5734
319.7295 	DATA 	Sampling Onset
320.0072 	DATA 	Keypress: 1
320.0181 	EXP 	unnamed TextStim: text = '+3'
320.5181 	DATA 	Sampled Response: 2, Outcome Shown: +4
320.5672 	DATA 	Keypress: 1
320.5705 	EXP 	unnamed TextStim: text = '+3'
321.0701 	DATA 	Sampled Response: 2, Outcome Shown: +4
321.1518 	DATA 	Keypress: 1
321.1552 	EXP 	unnamed TextStim: text = '+3'
321.6551 	DATA 	Sampled Response: 2, Outcome Shown: +4
321.7190 	DATA 	Keypress: 1
321.7225 	EXP 	unnamed TextStim: text = '+3'
322.2221 	DATA 	Sampled Response: 2, Outcome Shown: +4
322.2223 	DATA 	Keypress: 1
322.5521 	DATA 	Keypress: 1
322.5556 	EXP 	unnamed TextStim: text = '+3'
323.0551 	DATA 	Sampled Response: 2, Outcome Shown: +4
323.1302 	DATA 	Keypress: 1
323.1335 	EXP 	unnamed TextStim: text = '+3'
323.6332 	DATA 	Sampled Response: 2, Outcome Shown: 0
323.7353 	DATA 	Keypress: 1
323.7386 	EXP 	unnamed TextStim: text = '+3'
324.2381 	DATA 	Sampled Response: 2, Outcome Shown: +4
324.3349 	DATA 	Keypress: 1
324.3442 	EXP 	unnamed TextStim: text = '+3'
324.8442 	DATA 	Sampled Response: 2, Outcome Shown: +4
324.8790 	DATA 	Keypress: 1
324.8824 	EXP 	unnamed TextStim: text = '+3'
325.3821 	DATA 	Sampled Response: 2, Outcome Shown: +4
325.4708 	DATA 	Keypress: 1
325.4766 	EXP 	unnamed TextStim: text = '+3'
325.9762 	DATA 	Sampled Response: 2, Outcome Shown: 0
325.9764 	DATA 	Keypress: 2
326.2726 	DATA 	Keypress: 2
326.2792 	EXP 	unnamed TextStim: text = '+4'
326.7792 	DATA 	Sampled Response: 1, Outcome Shown: +3
326.8387 	DATA 	Keypress: 2
326.8468 	EXP 	unnamed TextStim: text = '+4'
327.3462 	DATA 	Sampled Response: 1, Outcome Shown: +3
327.3775 	DATA 	Keypress: 2
327.3807 	EXP 	unnamed TextStim: text = '+4'
327.8802 	DATA 	Sampled Response: 1, Outcome Shown: +3
327.8805 	DATA 	Keypress: 2
328.2649 	DATA 	Keypress: 2
328.2704 	EXP 	unnamed TextStim: text = '0'
328.7702 	DATA 	Sampled Response: 1, Outcome Shown: +3
328.8153 	DATA 	Keypress: 2
328.8220 	EXP 	unnamed TextStim: text = '+4'
329.3213 	DATA 	Sampled Response: 1, Outcome Shown: +3
329.3511 	DATA 	Keypress: 2
329.3545 	EXP 	unnamed TextStim: text = '+4'
329.8542 	DATA 	Sampled Response: 1, Outcome Shown: +3
329.8545 	DATA 	Keypress: 2
330.2153 	DATA 	Keypress: 2
330.2205 	EXP 	unnamed TextStim: text = '0'
330.7203 	DATA 	Sampled Response: 1, Outcome Shown: +3
330.7522 	DATA 	Keypress: 2
330.7589 	EXP 	unnamed TextStim: text = '+4'
331.2583 	DATA 	Sampled Response: 1, Outcome Shown: +3
331.2626 	DATA 	Keypress: 2
331.2646 	EXP 	unnamed TextStim: text = '+4'
331.7644 	DATA 	Sampled Response: 1, Outcome Shown: +3
331.7646 	DATA 	Keypress: 2
332.1208 	DATA 	Keypress: 2
332.1266 	EXP 	unnamed TextStim: text = '+4'
332.6263 	DATA 	Sampled Response: 1, Outcome Shown: +3
332.6789 	DATA 	Keypress: 2
332.6849 	EXP 	unnamed TextStim: text = '+4'
333.1843 	DATA 	Sampled Response: 1, Outcome Shown: +3
333.2302 	DATA 	Keypress: 1
333.2362 	EXP 	unnamed TextStim: text = '+3'
333.7364 	DATA 	Sampled Response: 2, Outcome Shown: +4
333.7366 	DATA 	Keypress: 1
334.0228 	DATA 	Keypress: 1
334.0312 	EXP 	unnamed TextStim: text = '+3'
334.5314 	DATA 	Sampled Response: 2, Outcome Shown: +4
334.5315 	DATA 	** broke sampling loop (<.5s left in trial) **
334.5325 	DATA 	samplingCount: 23
334.5325 	DATA 	Think Onset
334.5337 	EXP 	unnamed Rect: lineColor = 'white (named)'
334.5337 	EXP 	unnamed Rect: lineColor = 'white (named)'
337.5390 	DATA 	Decide Onset
338.0299 	DATA 	Keypress: 1
338.0300 	DATA 	Decision Button Press: ['1']
338.0301 	DATA 	Decision Response: 2
338.0315 	EXP 	unnamed Rect: lineColor = 'red (named)'
338.5390 	DATA 	ITI Onset
338.5400 	EXP 	unnamed Rect: lineColor = 'white (named)'
338.5400 	EXP 	unnamed Rect: lineColor = 'white (named)'
338.5400 	EXP 	unnamed TextStim: text = '+3'
338.5400 	EXP 	unnamed TextStim: text = '+4'
341.5222 	DATA 	Trial End Time - totalITI: 2.98006447305
341.5224 	EXP 	New trial (rep=0, index=14): {'P1_1': '0.2', 'P1_2': '1', 'SafeOption': '2', 'P2_2': '0', 'O2_2': '0', 'O2_1': '0', 'ProbNumber': 'SD12', 'O1_2': '6', 'O1_1': '29', 'EV2': '6', 'EV1': '5.8', 'ProbType': 'SD', 'P2_1': '0.8'}
341.5225 	DATA 	Trial Onset - ProblemType: SD, ProblemNumber: SD12, leftRight: 1, samplingDur: 17, assignedITI: 1.0098
341.5226 	DATA 	Sampling Onset
341.9515 	DATA 	Keypress: 1
341.9585 	EXP 	unnamed TextStim: text = '+6'
342.4585 	DATA 	Sampled Response: 2, Outcome Shown: +29
342.5179 	DATA 	Keypress: 1
342.5266 	EXP 	unnamed TextStim: text = '+6'
343.0266 	DATA 	Sampled Response: 2, Outcome Shown: +29
343.1110 	DATA 	Keypress: 1
343.1143 	EXP 	unnamed TextStim: text = '+6'
343.6136 	DATA 	Sampled Response: 2, Outcome Shown: 0
343.6952 	DATA 	Keypress: 1
343.6980 	EXP 	unnamed TextStim: text = '+6'
344.1976 	DATA 	Sampled Response: 2, Outcome Shown: 0
344.2398 	DATA 	Keypress: 1
344.2459 	EXP 	unnamed TextStim: text = '+6'
344.7456 	DATA 	Sampled Response: 2, Outcome Shown: 0
344.8303 	DATA 	Keypress: 1
344.8366 	EXP 	unnamed TextStim: text = '+6'
345.3366 	DATA 	Sampled Response: 2, Outcome Shown: 0
345.3820 	DATA 	Keypress: 1
345.3853 	EXP 	unnamed TextStim: text = '+6'
345.8846 	DATA 	Sampled Response: 2, Outcome Shown: 0
345.9502 	DATA 	Keypress: 1
345.9535 	EXP 	unnamed TextStim: text = '+6'
346.4536 	DATA 	Sampled Response: 2, Outcome Shown: 0
346.5273 	DATA 	Keypress: 1
346.5307 	EXP 	unnamed TextStim: text = '+6'
347.0306 	DATA 	Sampled Response: 2, Outcome Shown: +29
347.1190 	DATA 	Keypress: 1
347.1224 	EXP 	unnamed TextStim: text = '+6'
347.6216 	DATA 	Sampled Response: 2, Outcome Shown: 0
347.7101 	DATA 	Keypress: 2
347.7200 	EXP 	unnamed TextStim: text = '+29'
348.2197 	DATA 	Sampled Response: 1, Outcome Shown: +6
348.2718 	DATA 	Keypress: 2
348.2777 	EXP 	unnamed TextStim: text = '+29'
348.7777 	DATA 	Sampled Response: 1, Outcome Shown: +6
348.8791 	DATA 	Keypress: 2
348.8825 	EXP 	unnamed TextStim: text = '+29'
349.3827 	DATA 	Sampled Response: 1, Outcome Shown: +6
349.4707 	DATA 	Keypress: 2
349.4767 	EXP 	unnamed TextStim: text = '+29'
349.9767 	DATA 	Sampled Response: 1, Outcome Shown: +6
350.0160 	DATA 	Keypress: 2
350.0195 	EXP 	unnamed TextStim: text = '+29'
350.5187 	DATA 	Sampled Response: 1, Outcome Shown: +6
350.5946 	DATA 	Keypress: 2
350.5997 	EXP 	unnamed TextStim: text = '0'
351.0997 	DATA 	Sampled Response: 1, Outcome Shown: +6
351.1761 	DATA 	Keypress: 2
351.1794 	EXP 	unnamed TextStim: text = '0'
351.6787 	DATA 	Sampled Response: 1, Outcome Shown: +6
351.7338 	DATA 	Keypress: 2
351.7371 	EXP 	unnamed TextStim: text = '0'
352.2367 	DATA 	Sampled Response: 1, Outcome Shown: +6
352.2857 	DATA 	Keypress: 2
352.2931 	EXP 	unnamed TextStim: text = '+29'
352.7927 	DATA 	Sampled Response: 1, Outcome Shown: +6
352.8941 	DATA 	Keypress: 2
352.8998 	EXP 	unnamed TextStim: text = '0'
353.3998 	DATA 	Sampled Response: 1, Outcome Shown: +6
355.1438 	DATA 	Keypress: 1
355.1471 	EXP 	unnamed TextStim: text = '+6'
355.6468 	DATA 	Sampled Response: 2, Outcome Shown: 0
358.0275 	DATA 	** broke sampling loop (<.5s left in trial) **
358.0285 	DATA 	samplingCount: 21
358.0285 	DATA 	Think Onset
358.0310 	EXP 	unnamed Rect: lineColor = 'white (named)'
358.0310 	EXP 	unnamed Rect: lineColor = 'white (named)'
361.0339 	DATA 	Decide Onset
361.3650 	DATA 	Keypress: 1
361.3650 	DATA 	Decision Button Press: ['1']
361.3651 	DATA 	Decision Response: 2
361.3665 	EXP 	unnamed Rect: lineColor = 'red (named)'
361.8731 	DATA 	ITI Onset
361.8741 	EXP 	unnamed Rect: lineColor = 'white (named)'
361.8741 	EXP 	unnamed Rect: lineColor = 'white (named)'
361.8741 	EXP 	unnamed TextStim: text = '+6'
361.8741 	EXP 	unnamed TextStim: text = '0'
364.7501 	DATA 	Trial End Time - totalITI: 2.87336312681
364.7503 	EXP 	New trial (rep=0, index=15): {'P1_1': '0.8', 'P1_2': '0.6', 'SafeOption': '1', 'P2_2': '0.4', 'O2_2': '18', 'O2_1': '10', 'ProbNumber': 'RR9', 'O1_2': '-4', 'O1_1': '2', 'EV2': '4.8', 'EV1': '3.6', 'ProbType': 'RR', 'P2_1': '0.2'}
364.7505 	DATA 	Trial Onset - ProblemType: RR, ProblemNumber: RR9, leftRight: 1, samplingDur: 15, assignedITI: 3.6695
364.7505 	DATA 	Sampling Onset
365.2713 	DATA 	Keypress: 1
365.2782 	EXP 	unnamed TextStim: text = '-4'
365.7780 	DATA 	Sampled Response: 2, Outcome Shown: +2
365.8874 	DATA 	Keypress: 1
365.8931 	EXP 	unnamed TextStim: text = '-4'
366.3930 	DATA 	Sampled Response: 2, Outcome Shown: +2
366.4551 	DATA 	Keypress: 1
366.4613 	EXP 	unnamed TextStim: text = '+18'
366.9610 	DATA 	Sampled Response: 2, Outcome Shown: +2
367.0216 	DATA 	Keypress: 1
367.0285 	EXP 	unnamed TextStim: text = '-4'
367.5280 	DATA 	Sampled Response: 2, Outcome Shown: +2
367.5780 	DATA 	Keypress: 1
367.5814 	EXP 	unnamed TextStim: text = '-4'
368.0811 	DATA 	Sampled Response: 2, Outcome Shown: +2
368.1268 	DATA 	Keypress: 1
368.1303 	EXP 	unnamed TextStim: text = '-4'
368.6301 	DATA 	Sampled Response: 2, Outcome Shown: +2
368.6870 	DATA 	Keypress: 1
368.6929 	EXP 	unnamed TextStim: text = '-4'
369.1921 	DATA 	Sampled Response: 2, Outcome Shown: +2
369.2293 	DATA 	Keypress: 1
369.2328 	EXP 	unnamed TextStim: text = '-4'
369.7321 	DATA 	Sampled Response: 2, Outcome Shown: +2
369.8086 	DATA 	Keypress: 1
369.8122 	EXP 	unnamed TextStim: text = '-4'
370.3121 	DATA 	Sampled Response: 2, Outcome Shown: +2
370.3778 	DATA 	Keypress: 1
370.3812 	EXP 	unnamed TextStim: text = '-4'
370.8811 	DATA 	Sampled Response: 2, Outcome Shown: +2
371.3440 	DATA 	Keypress: 2
371.3502 	EXP 	unnamed TextStim: text = '+2'
371.8502 	DATA 	Sampled Response: 1, Outcome Shown: -4
371.9104 	DATA 	Keypress: 2
371.9164 	EXP 	unnamed TextStim: text = '+10'
372.4162 	DATA 	Sampled Response: 1, Outcome Shown: -4
372.4771 	DATA 	Keypress: 2
372.4865 	EXP 	unnamed TextStim: text = '+2'
372.9862 	DATA 	Sampled Response: 1, Outcome Shown: +18
373.0289 	DATA 	Keypress: 2
373.0350 	EXP 	unnamed TextStim: text = '+2'
373.5342 	DATA 	Sampled Response: 1, Outcome Shown: -4
373.6045 	DATA 	Keypress: 2
373.6129 	EXP 	unnamed TextStim: text = '+2'
374.1122 	DATA 	Sampled Response: 1, Outcome Shown: -4
374.1648 	DATA 	Keypress: 2
374.1708 	EXP 	unnamed TextStim: text = '+2'
374.6702 	DATA 	Sampled Response: 1, Outcome Shown: -4
374.7022 	DATA 	Keypress: 2
374.7080 	EXP 	unnamed TextStim: text = '+2'
375.2082 	DATA 	Sampled Response: 1, Outcome Shown: -4
375.2466 	DATA 	Keypress: 2
375.2499 	EXP 	unnamed TextStim: text = '+2'
375.7492 	DATA 	Sampled Response: 1, Outcome Shown: -4
375.8144 	DATA 	Keypress: 2
375.8178 	EXP 	unnamed TextStim: text = '+2'
376.3172 	DATA 	Sampled Response: 1, Outcome Shown: -4
376.3661 	DATA 	Keypress: 2
376.3695 	EXP 	unnamed TextStim: text = '+2'
376.8692 	DATA 	Sampled Response: 1, Outcome Shown: +18
376.9093 	DATA 	Keypress: 2
376.9155 	EXP 	unnamed TextStim: text = '+2'
377.4153 	DATA 	Sampled Response: 1, Outcome Shown: +18
377.4385 	DATA 	Keypress: 2
377.4447 	EXP 	unnamed TextStim: text = '+10'
377.9442 	DATA 	Sampled Response: 1, Outcome Shown: -4
379.2533 	DATA 	** broke sampling loop (<.5s left in trial) **
379.2566 	DATA 	samplingCount: 22
379.2566 	DATA 	Think Onset
379.2594 	EXP 	unnamed Rect: lineColor = 'white (named)'
379.2594 	EXP 	unnamed Rect: lineColor = 'white (named)'
382.2626 	DATA 	Decide Onset
382.5880 	DATA 	Keypress: 2
382.5881 	DATA 	Decision Button Press: ['2']
382.5881 	DATA 	Decision Response: 1
382.5896 	EXP 	unnamed Rect: lineColor = 'red (named)'
383.0974 	DATA 	ITI Onset
383.0983 	EXP 	unnamed Rect: lineColor = 'white (named)'
383.0983 	EXP 	unnamed Rect: lineColor = 'white (named)'
383.0983 	EXP 	unnamed TextStim: text = '-4'
383.0983 	EXP 	unnamed TextStim: text = '+10'
388.6381 	DATA 	Trial End Time - totalITI: 5.53860788725
388.6383 	EXP 	New trial (rep=0, index=16): {'P1_1': '0.8', 'P1_2': '1', 'SafeOption': '2', 'P2_2': '0', 'O2_2': '0', 'O2_1': '0', 'ProbNumber': 'SD4', 'O1_2': '-3', 'O1_1': '-4', 'EV2': '-3', 'EV1': '-3.2', 'ProbType': 'SD', 'P2_1': '0.2'}
388.6385 	DATA 	Trial Onset - ProblemType: SD, ProblemNumber: SD4, leftRight: 1, samplingDur: 15, assignedITI: 1.2245
388.6385 	DATA 	Sampling Onset
389.0681 	DATA 	Keypress: 1
389.0739 	EXP 	unnamed TextStim: text = '-3'
389.5736 	DATA 	Sampled Response: 2, Outcome Shown: -4
389.6925 	DATA 	Keypress: 1
389.6958 	EXP 	unnamed TextStim: text = '-3'
390.1955 	DATA 	Sampled Response: 2, Outcome Shown: -4
390.2940 	DATA 	Keypress: 1
390.2973 	EXP 	unnamed TextStim: text = '-3'
390.7966 	DATA 	Sampled Response: 2, Outcome Shown: -4
390.9252 	DATA 	Keypress: 1
390.9286 	EXP 	unnamed TextStim: text = '-3'
391.4286 	DATA 	Sampled Response: 2, Outcome Shown: 0
391.5166 	DATA 	Keypress: 1
391.5200 	EXP 	unnamed TextStim: text = '-3'
392.0196 	DATA 	Sampled Response: 2, Outcome Shown: -4
392.1006 	DATA 	Keypress: 1
392.1040 	EXP 	unnamed TextStim: text = '-3'
392.6036 	DATA 	Sampled Response: 2, Outcome Shown: 0
392.6942 	DATA 	Keypress: 1
392.6976 	EXP 	unnamed TextStim: text = '-3'
393.1976 	DATA 	Sampled Response: 2, Outcome Shown: -4
393.2863 	DATA 	Keypress: 1
393.2921 	EXP 	unnamed TextStim: text = '-3'
393.7916 	DATA 	Sampled Response: 2, Outcome Shown: 0
393.8604 	DATA 	Keypress: 1
393.8664 	EXP 	unnamed TextStim: text = '-3'
394.3657 	DATA 	Sampled Response: 2, Outcome Shown: -4
394.4779 	DATA 	Keypress: 1
394.4812 	EXP 	unnamed TextStim: text = '-3'
394.9807 	DATA 	Sampled Response: 2, Outcome Shown: -4
395.0923 	DATA 	Keypress: 2
395.0977 	EXP 	unnamed TextStim: text = '0'
395.5977 	DATA 	Sampled Response: 1, Outcome Shown: -3
395.6758 	DATA 	Keypress: 2
395.6831 	EXP 	unnamed TextStim: text = '-4'
396.1827 	DATA 	Sampled Response: 1, Outcome Shown: -3
396.2359 	DATA 	Keypress: 2
396.2443 	EXP 	unnamed TextStim: text = '-4'
396.7437 	DATA 	Sampled Response: 1, Outcome Shown: -3
396.8143 	DATA 	Keypress: 2
396.8177 	EXP 	unnamed TextStim: text = '-4'
397.3177 	DATA 	Sampled Response: 1, Outcome Shown: -3
397.3647 	DATA 	Keypress: 2
397.3681 	EXP 	unnamed TextStim: text = '-4'
397.8676 	DATA 	Sampled Response: 1, Outcome Shown: -3
397.9243 	DATA 	Keypress: 2
397.9296 	EXP 	unnamed TextStim: text = '0'
398.4287 	DATA 	Sampled Response: 1, Outcome Shown: -3
398.4682 	DATA 	Keypress: 2
398.4743 	EXP 	unnamed TextStim: text = '0'
398.9737 	DATA 	Sampled Response: 1, Outcome Shown: -3
399.0448 	DATA 	Keypress: 2
399.0516 	EXP 	unnamed TextStim: text = '-4'
399.5518 	DATA 	Sampled Response: 1, Outcome Shown: -3
399.5962 	DATA 	Keypress: 2
399.5999 	EXP 	unnamed TextStim: text = '-4'
400.0998 	DATA 	Sampled Response: 1, Outcome Shown: -3
400.1765 	DATA 	Keypress: 2
400.1801 	EXP 	unnamed TextStim: text = '-4'
400.6798 	DATA 	Sampled Response: 1, Outcome Shown: -3
401.1876 	DATA 	Keypress: 1
401.1961 	EXP 	unnamed TextStim: text = '-3'
401.6958 	DATA 	Sampled Response: 2, Outcome Shown: -4
401.8121 	DATA 	Keypress: 1
401.8154 	EXP 	unnamed TextStim: text = '-3'
402.3148 	DATA 	Sampled Response: 2, Outcome Shown: -4
403.1415 	DATA 	** broke sampling loop (<.5s left in trial) **
403.1425 	DATA 	samplingCount: 22
403.1426 	DATA 	Think Onset
403.1450 	EXP 	unnamed Rect: lineColor = 'white (named)'
403.1450 	EXP 	unnamed Rect: lineColor = 'white (named)'
406.1485 	DATA 	Decide Onset
406.5470 	DATA 	Keypress: 1
406.5471 	DATA 	Decision Button Press: ['1']
406.5471 	DATA 	Decision Response: 2
406.5485 	EXP 	unnamed Rect: lineColor = 'red (named)'
407.0554 	DATA 	ITI Onset
407.0564 	EXP 	unnamed Rect: lineColor = 'white (named)'
407.0564 	EXP 	unnamed Rect: lineColor = 'white (named)'
407.0564 	EXP 	unnamed TextStim: text = '-3'
407.0564 	EXP 	unnamed TextStim: text = '-4'
410.0806 	DATA 	Trial End Time - totalITI: 3.02257312652
410.0809 	EXP 	New trial (rep=0, index=17): {'P1_1': '0.4', 'P1_2': '1', 'SafeOption': '2', 'P2_2': '0', 'O2_2': '0', 'O2_1': '0', 'ProbNumber': 'SD11', 'O1_2': '8', 'O1_1': '22', 'EV2': '8', 'EV1': '8.8', 'ProbType': 'SD', 'P2_1': '0.6'}
410.0810 	DATA 	Trial Onset - ProblemType: SD, ProblemNumber: SD11, leftRight: 1, samplingDur: 18, assignedITI: 1.2853
410.0810 	DATA 	Sampling Onset
410.7154 	DATA 	Keypress: 1
410.7232 	EXP 	unnamed TextStim: text = '+8'
411.2230 	DATA 	Sampled Response: 2, Outcome Shown: +22
411.3157 	DATA 	Keypress: 1
411.3190 	EXP 	unnamed TextStim: text = '+8'
411.8190 	DATA 	Sampled Response: 2, Outcome Shown: 0
411.8276 	DATA 	Keypress: 1
411.8308 	EXP 	unnamed TextStim: text = '+8'
412.3300 	DATA 	Sampled Response: 2, Outcome Shown: 0
412.4029 	DATA 	Keypress: 1
412.4116 	EXP 	unnamed TextStim: text = '+8'
412.9110 	DATA 	Sampled Response: 2, Outcome Shown: +22
412.9153 	DATA 	Keypress: 1
412.9174 	EXP 	unnamed TextStim: text = '+8'
413.4170 	DATA 	Sampled Response: 2, Outcome Shown: +22
413.4524 	DATA 	Keypress: 1
413.4584 	EXP 	unnamed TextStim: text = '+8'
413.9580 	DATA 	Sampled Response: 2, Outcome Shown: 0
413.9797 	DATA 	Keypress: 1
413.9831 	EXP 	unnamed TextStim: text = '+8'
414.4830 	DATA 	Sampled Response: 2, Outcome Shown: 0
414.4833 	DATA 	Keypress: 1
414.8916 	DATA 	Keypress: 1
414.8971 	EXP 	unnamed TextStim: text = '+8'
415.3971 	DATA 	Sampled Response: 2, Outcome Shown: +22
415.4756 	DATA 	Keypress: 1
415.4789 	EXP 	unnamed TextStim: text = '+8'
415.9781 	DATA 	Sampled Response: 2, Outcome Shown: 0
416.0270 	DATA 	Keypress: 1
416.0303 	EXP 	unnamed TextStim: text = '+8'
416.5301 	DATA 	Sampled Response: 2, Outcome Shown: 0
416.5592 	DATA 	Keypress: 2
416.5653 	EXP 	unnamed TextStim: text = '+22'
417.0651 	DATA 	Sampled Response: 1, Outcome Shown: +8
417.0841 	DATA 	Keypress: 2
417.0899 	EXP 	unnamed TextStim: text = '0'
417.5891 	DATA 	Sampled Response: 1, Outcome Shown: +8
417.6196 	DATA 	Keypress: 2
417.6308 	EXP 	unnamed TextStim: text = '+22'
418.1301 	DATA 	Sampled Response: 1, Outcome Shown: +8
418.1595 	DATA 	Keypress: 2
418.1629 	EXP 	unnamed TextStim: text = '+22'
418.6621 	DATA 	Sampled Response: 1, Outcome Shown: +8
418.6988 	DATA 	Keypress: 2
418.7077 	EXP 	unnamed TextStim: text = '0'
419.2072 	DATA 	Sampled Response: 1, Outcome Shown: +8
419.2365 	DATA 	Keypress: 2
419.2426 	EXP 	unnamed TextStim: text = '0'
419.7422 	DATA 	Sampled Response: 1, Outcome Shown: +8
419.7465 	DATA 	Keypress: 2
419.7485 	EXP 	unnamed TextStim: text = '0'
420.2482 	DATA 	Sampled Response: 1, Outcome Shown: +8
420.2749 	DATA 	Keypress: 2
420.2810 	EXP 	unnamed TextStim: text = '0'
420.7812 	DATA 	Sampled Response: 1, Outcome Shown: +8
420.7814 	DATA 	Keypress: 2
421.2115 	DATA 	Keypress: 2
421.2177 	EXP 	unnamed TextStim: text = '+22'
421.7172 	DATA 	Sampled Response: 1, Outcome Shown: +8
421.7870 	DATA 	Keypress: 2
421.7974 	EXP 	unnamed TextStim: text = '0'
422.2972 	DATA 	Sampled Response: 1, Outcome Shown: +8
422.8360 	DATA 	Keypress: 1
422.8417 	EXP 	unnamed TextStim: text = '+8'
423.3413 	DATA 	Sampled Response: 2, Outcome Shown: 0
423.3471 	DATA 	Keypress: 1
423.3497 	EXP 	unnamed TextStim: text = '+8'
423.8493 	DATA 	Sampled Response: 2, Outcome Shown: 0
423.9075 	DATA 	Keypress: 1
423.9109 	EXP 	unnamed TextStim: text = '+8'
424.4103 	DATA 	Sampled Response: 2, Outcome Shown: +22
427.5826 	DATA 	** broke sampling loop (<.5s left in trial) **
427.5836 	DATA 	samplingCount: 23
427.5836 	DATA 	Think Onset
427.5860 	EXP 	unnamed Rect: lineColor = 'white (named)'
427.5860 	EXP 	unnamed Rect: lineColor = 'white (named)'
430.5905 	DATA 	Decide Onset
430.8979 	DATA 	Keypress: 2
430.8980 	DATA 	Decision Button Press: ['2']
430.8981 	DATA 	Decision Response: 1
430.8995 	EXP 	unnamed Rect: lineColor = 'red (named)'
431.4059 	DATA 	ITI Onset
431.4069 	EXP 	unnamed Rect: lineColor = 'white (named)'
431.4069 	EXP 	unnamed Rect: lineColor = 'white (named)'
431.4069 	EXP 	unnamed TextStim: text = '+8'
431.4069 	EXP 	unnamed TextStim: text = '0'
434.5833 	DATA 	Trial End Time - totalITI: 3.17590864544
434.7213 	INFO 	saved wide-format data to logs/DE218/DE218_ebdm_run_2.csv
434.7213 	DATA 	*****END RUN 2*****
434.7847 	EXP 	window1: mouseVisible = True
