14.3064 	INFO 	Loaded monitor calibration from ['2018_10_30 09:12']
14.3083 	WARNING 	User requested fullscreen with size [800 600], but screen is actually [1920, 1080]. Using actual size
15.0179 	EXP 	Created window1 = Window(allowGUI=False, allowStencil=False, args=UNKNOWN, autoLog=True, bitsMode=UNKNOWN, blendMode='avg', color='black', colorSpace='named', fullscr=UNKNOWN, gamma=None, kwargs=UNKNOWN, lms=UNKNOWN, monitor=<psychopy.monitors.calibTools.Monitor object at 0x1503DEF0>, multiSample=False, name='window1', numSamples=2, pos=[0, 0], screen=0, size=array([1920, 1080]), stereo=False, units='deg', useFBO=False, useRetina=False, viewOri=0.0, viewPos=None, viewScale=None, waitBlanking=True, winType='pyglet')
15.0694 	EXP 	Created unnamed TextStim = TextStim(alignHoriz='center', alignVert='center', antialias=True, autoLog=True, bold=False, color=array([ 1.,  1.,  1.]), colorSpace='rgb', contrast=1.0, depth=0, flipHoriz=False, flipVert=False, font='', fontFiles=[], height=2, italic=False, name='unnamed TextStim', opacity=1.0, ori=0.0, pos=array([ 0.,  0.]), rgb=array([ 1.,  1.,  1.]), text='+', units='deg', win=Window(...), wrapWidth=15.0)
15.1153 	EXP 	Created unnamed TextStim = TextStim(alignHoriz='center', alignVert='center', antialias=True, autoLog=True, bold=False, color=array([ 1.,  1.,  1.]), colorSpace='rgb', contrast=1.0, depth=0, flipHoriz=False, flipVert=False, font='', fontFiles=[], height=1.5, italic=False, name='unnamed TextStim', opacity=1.0, ori=0.0, pos=array([ 0.,  0.]), rgb=array([ 1.,  1.,  1.]), text=newstr(...), units='deg', win=Window(...), wrapWidth=15.0)
15.1343 	EXP 	Created unnamed TextStim = TextStim(alignHoriz='center', alignVert='center', antialias=True, autoLog=True, bold=False, color=array([ 1.,  1.,  1.]), colorSpace='rgb', contrast=1.0, depth=0, flipHoriz=False, flipVert=False, font='', fontFiles=[], height=1.5, italic=False, name='unnamed TextStim', opacity=1.0, ori=0.0, pos=array([ 0.,  0.]), rgb=array([ 1.,  1.,  1.]), text='Waiting for scanner...', units='deg', win=Window(...), wrapWidth=15.0)
15.1575 	EXP 	Created unnamed TextStim = TextStim(alignHoriz='center', alignVert='center', antialias=True, autoLog=True, bold=False, color='white', colorSpace='named', contrast=1.0, depth=0, flipHoriz=False, flipVert=False, font='', fontFiles=[], height=1, italic=False, name='unnamed TextStim', opacity=1.0, ori=0.0, pos=array([ 0.,  0.]), rgb=array([ 255.,  255.,  255.]), text='Press SPACE to continue.', units='deg', win=Window(...), wrapWidth=15.0)
15.1693 	EXP 	Created unnamed TextStim = TextStim(alignHoriz='center', alignVert='center', antialias=True, autoLog=True, bold=False, color=array([ 1.,  1.,  1.]), colorSpace='rgb', contrast=1.0, depth=0, flipHoriz=False, flipVert=False, font='', fontFiles=[], height=0.1, italic=False, name='unnamed TextStim', opacity=1.0, ori=0.0, pos=array([ 0.,  0.]), rgb=array([ 1.,  1.,  1.]), text='THINK', units='norm', win=Window(...), wrapWidth=1)
15.1776 	EXP 	Created unnamed TextStim = TextStim(alignHoriz='center', alignVert='center', antialias=True, autoLog=True, bold=False, color=array([ 1.,  1.,  1.]), colorSpace='rgb', contrast=1.0, depth=0, flipHoriz=False, flipVert=False, font='', fontFiles=[], height=0.1, italic=False, name='unnamed TextStim', opacity=1.0, ori=0.0, pos=array([ 0.,  0.]), rgb=array([ 1.,  1.,  1.]), text='DECIDE', units='norm', win=Window(...), wrapWidth=1)
15.1840 	EXP 	<method-wrapper '__getattribute__' of attributeSetter object at 0x057C1190>: vertices = array([[-0.275     ,  0.48888889],
       [ 0.275     ,  0.48888889],
       [ 0.275     , -0.48888889],
       [-0.275     , -0.48888889]])
15.1849 	EXP 	Created unnamed Rect = Rect(autoDraw=False, autoLog=True, closeShape=True, contrast=1.0, depth=0, fillColor=None, fillColorSpace='rgb', fillRGB=None, interpolate=True, lineColor='white', lineColorSpace='named', lineRGB=array([ 255.,  255.,  255.]), lineWidth=3.5, name='unnamed Rect', opacity=1.0, ori=array(0.0), pos=array([-0.5125    , -0.09444444]), size=array([ 1.,  1.]), units='norm', vertices=ndarray(...), win=Window(...))
15.1852 	EXP 	<method-wrapper '__getattribute__' of attributeSetter object at 0x057C1190>: vertices = array([[-0.275     ,  0.48888889],
       [ 0.275     ,  0.48888889],
       [ 0.275     , -0.48888889],
       [-0.275     , -0.48888889]])
15.1860 	EXP 	Created unnamed Rect = Rect(autoDraw=False, autoLog=True, closeShape=True, contrast=1.0, depth=0, fillColor=None, fillColorSpace='rgb', fillRGB=None, interpolate=True, lineColor='white', lineColorSpace='named', lineRGB=array([ 255.,  255.,  255.]), lineWidth=3.5, name='unnamed Rect', opacity=1.0, ori=array(0.0), pos=array([ 0.4875    , -0.09444444]), size=array([ 1.,  1.]), units='norm', vertices=ndarray(...), win=Window(...))
15.2092 	EXP 	Created unnamed TextStim = TextStim(alignHoriz='center', alignVert='center', antialias=True, autoLog=True, bold=False, color=array([ 1.,  1.,  1.]), colorSpace='rgb', contrast=1.0, depth=0, flipHoriz=False, flipVert=False, font='', fontFiles=[], height=0.2, italic=False, name='unnamed TextStim', opacity=1.0, ori=0.0, pos=array([-0.5125    , -0.09444444]), rgb=array([ 1.,  1.,  1.]), text='Hello World', units='norm', win=Window(...), wrapWidth=1)
15.2190 	EXP 	Created unnamed TextStim = TextStim(alignHoriz='center', alignVert='center', antialias=True, autoLog=True, bold=False, color=array([ 1.,  1.,  1.]), colorSpace='rgb', contrast=1.0, depth=0, flipHoriz=False, flipVert=False, font='', fontFiles=[], height=0.2, italic=False, name='unnamed TextStim', opacity=1.0, ori=0.0, pos=array([ 0.4875    , -0.09444444]), rgb=array([ 1.,  1.,  1.]), text='Hello World', units='norm', win=Window(...), wrapWidth=1)
15.2290 	EXP 	Created unnamed TextStim = TextStim(alignHoriz='center', alignVert='center', antialias=True, autoLog=True, bold=False, color=array([ 1.,  1.,  1.]), colorSpace='rgb', contrast=1.0, depth=0, flipHoriz=False, flipVert=False, font='', fontFiles=[], height=0.1, italic=False, name='unnamed TextStim', opacity=1.0, ori=0.0, pos=array([-0.5125    , -0.82777778]), rgb=array([ 1.,  1.,  1.]), text='Press 1', units='norm', win=Window(...), wrapWidth=1)
15.2375 	EXP 	Created unnamed TextStim = TextStim(alignHoriz='center', alignVert='center', antialias=True, autoLog=True, bold=False, color=array([ 1.,  1.,  1.]), colorSpace='rgb', contrast=1.0, depth=0, flipHoriz=False, flipVert=False, font='', fontFiles=[], height=0.1, italic=False, name='unnamed TextStim', opacity=1.0, ori=0.0, pos=array([ 0.4875    , -0.82777778]), rgb=array([ 1.,  1.,  1.]), text='Press 2', units='norm', win=Window(...), wrapWidth=1)
15.3238 	EXP 	Created unnamed ImageStim = ImageStim(autoLog=True, color=array([ 1.,  1.,  1.]), colorSpace='rgb', contrast=1.0, depth=0, flipHoriz=False, flipVert=False, image=str(...), interpolate=False, mask=None, maskParams=None, name='unnamed ImageStim', opacity=1.0, ori=0.0, pos=array([ 0.,  0.]), size=array([ 1.35416667,  1.3537037 ]), texRes=128, units='norm', win=Window(...))
15.4036 	EXP 	Created unnamed ImageStim = ImageStim(autoLog=True, color=array([ 1.,  1.,  1.]), colorSpace='rgb', contrast=1.0, depth=0, flipHoriz=False, flipVert=False, image=str(...), interpolate=False, mask=None, maskParams=None, name='unnamed ImageStim', opacity=1.0, ori=0.0, pos=array([ 0.,  0.]), size=array([ 1.35416667,  1.3537037 ]), texRes=128, units='norm', win=Window(...))
15.4801 	EXP 	Created unnamed ImageStim = ImageStim(autoLog=True, color=array([ 1.,  1.,  1.]), colorSpace='rgb', contrast=1.0, depth=0, flipHoriz=False, flipVert=False, image=str(...), interpolate=False, mask=None, maskParams=None, name='unnamed ImageStim', opacity=1.0, ori=0.0, pos=array([ 0.,  0.]), size=array([ 1.35416667,  1.3537037 ]), texRes=128, units='norm', win=Window(...))
15.5629 	EXP 	Created unnamed ImageStim = ImageStim(autoLog=True, color=array([ 1.,  1.,  1.]), colorSpace='rgb', contrast=1.0, depth=0, flipHoriz=False, flipVert=False, image=str(...), interpolate=False, mask=None, maskParams=None, name='unnamed ImageStim', opacity=1.0, ori=0.0, pos=array([ 0.,  0.]), size=array([ 1.35416667,  1.3537037 ]), texRes=128, units='norm', win=Window(...))
15.5688 	EXP 	Created sequence: sequential, trialTypes=18, nReps=1, seed=None
15.8065 	DEBUG 	Using S:\Chein_Group\People\LizBeard\DEGap_bPilotv2\SamplingMachine_bPilotv2.py as origin file
15.8107 	EXP 	Created sequence: sequential, trialTypes=18, nReps=1, seed=None
15.8115 	DEBUG 	Using S:\Chein_Group\People\LizBeard\DEGap_bPilotv2\SamplingMachine_bPilotv2.py as origin file
0.0035 	DATA 	** START RUN 2 **
6.3627 	DATA 	Keypress: space
6.7067 	DATA 	Keypress: space
7.1947 	DATA 	Keypress: space
7.7787 	DATA 	Keypress: space
7.7791 	EXP 	New trial (rep=0, index=0): {'P1_1': '0.4', 'P1_2': '1', 'SafeOption': '2', 'P2_2': '0', 'O2_2': '0', 'O2_1': '-20', 'ProbNumber': 'MD4', 'O1_2': '-4', 'O1_1': '15', 'EV2': '-4', 'EV1': '-6', 'ProbType': 'MD', 'P2_1': '0.6'}
7.7792 	DATA 	Trial Onset - ProblemType: MD, ProblemNumber: MD4, leftRight: 0, samplingDur: 15, assignedITI: 1.8808
7.7792 	DATA 	Sampling Onset
7.9071 	DATA 	Keypress: space
8.7566 	DATA 	Keypress: f1
8.9549 	DATA 	Keypress: f1
9.4525 	DATA 	Keypress: f1
9.6795 	DATA 	Keypress: f1
9.8675 	DATA 	Keypress: f1
10.0602 	DATA 	Keypress: f1
10.2445 	DATA 	Keypress: f1
10.4120 	DATA 	Keypress: f1
10.6676 	DATA 	Keypress: f2
10.8780 	DATA 	Keypress: f2
11.0454 	DATA 	Keypress: f2
11.2199 	DATA 	Keypress: f2
11.3711 	DATA 	Keypress: f2
11.6027 	DATA 	Keypress: f1
11.7629 	DATA 	Keypress: f2
11.9070 	DATA 	Keypress: f1
12.0029 	DATA 	Keypress: f2
12.1801 	DATA 	Keypress: f1
12.2843 	DATA 	Keypress: f2
12.4282 	DATA 	Keypress: f1
12.5322 	DATA 	Keypress: f2
14.1551 	DATA 	Keypress: 1
14.1772 	EXP 	unnamed TextStim: text = '-20'
14.6771 	DATA 	Sampled Response: 1, Outcome Shown: -20
14.6772 	DATA 	Keypress: 2
14.6774 	DATA 	Keypress: 1
14.6775 	DATA 	Keypress: 2
14.6989 	DATA 	Keypress: 1
14.7023 	EXP 	unnamed TextStim: text = '-20'
15.2021 	DATA 	Sampled Response: 1, Outcome Shown: -20
15.2023 	DATA 	Keypress: 1
15.2025 	DATA 	Keypress: 1
15.2026 	DATA 	Keypress: 1
15.3488 	DATA 	Keypress: 1
15.3591 	EXP 	unnamed TextStim: text = '+15'
15.8591 	DATA 	Sampled Response: 1, Outcome Shown: +15
15.8594 	DATA 	Keypress: 1
15.8595 	DATA 	Keypress: 2
15.8990 	DATA 	Keypress: 2
15.9065 	EXP 	unnamed TextStim: text = '-4'
16.4061 	DATA 	Sampled Response: 2, Outcome Shown: -4
16.4063 	DATA 	Keypress: 2
16.4065 	DATA 	Keypress: 2
16.4066 	DATA 	Keypress: 2
16.5065 	DATA 	Keypress: 2
16.5152 	EXP 	unnamed TextStim: text = '-4'
17.0151 	DATA 	Sampled Response: 2, Outcome Shown: -4
17.0154 	DATA 	Keypress: 2
17.0155 	DATA 	Keypress: 2
17.0157 	DATA 	Keypress: 2
17.1153 	DATA 	Keypress: 2
17.1213 	EXP 	unnamed TextStim: text = '-4'
17.6211 	DATA 	Sampled Response: 2, Outcome Shown: -4
17.6214 	DATA 	Keypress: 2
17.6215 	DATA 	Keypress: 2
17.6216 	DATA 	Keypress: 2
17.7225 	DATA 	Keypress: 2
17.7286 	EXP 	unnamed TextStim: text = '-4'
18.2281 	DATA 	Sampled Response: 2, Outcome Shown: -4
18.2284 	DATA 	Keypress: 2
18.2285 	DATA 	Keypress: 2
18.2286 	DATA 	Keypress: 2
18.3106 	DATA 	Keypress: 2
18.3139 	EXP 	unnamed TextStim: text = '-4'
18.8132 	DATA 	Sampled Response: 2, Outcome Shown: -4
18.8134 	DATA 	Keypress: 2
18.8135 	DATA 	Keypress: 2
18.8137 	DATA 	Keypress: 2
18.8523 	DATA 	Keypress: 2
18.8556 	EXP 	unnamed TextStim: text = '-4'
19.3551 	DATA 	Sampled Response: 2, Outcome Shown: -4
19.3554 	DATA 	Keypress: 2
19.3555 	DATA 	Keypress: 2
19.3556 	DATA 	Keypress: 2
19.5008 	DATA 	Keypress: 1
19.5073 	EXP 	unnamed TextStim: text = '-20'
20.0072 	DATA 	Sampled Response: 1, Outcome Shown: -20
20.0074 	DATA 	Keypress: 1
20.0076 	DATA 	Keypress: 1
20.0077 	DATA 	Keypress: 1
20.1546 	DATA 	Keypress: 1
20.1606 	EXP 	unnamed TextStim: text = '+15'
20.6602 	DATA 	Sampled Response: 1, Outcome Shown: +15
20.6604 	DATA 	Keypress: 1
20.6606 	DATA 	Keypress: 1
20.6607 	DATA 	Keypress: 1
20.7960 	DATA 	Keypress: 1
20.8020 	EXP 	unnamed TextStim: text = '-20'
21.3012 	DATA 	Sampled Response: 1, Outcome Shown: -20
21.3015 	DATA 	Keypress: 1
21.3016 	DATA 	Keypress: 1
21.3143 	DATA 	Keypress: 1
21.3203 	EXP 	unnamed TextStim: text = '+15'
21.8202 	DATA 	Sampled Response: 1, Outcome Shown: +15
21.8205 	DATA 	Keypress: 1
21.8206 	DATA 	Keypress: 1
21.8207 	DATA 	Keypress: 1
21.9543 	DATA 	Keypress: 1
21.9603 	EXP 	unnamed TextStim: text = '+15'
22.4602 	DATA 	Sampled Response: 1, Outcome Shown: +15
22.4605 	DATA 	Keypress: 1
22.4606 	DATA 	Keypress: 1
22.4607 	DATA 	Keypress: 1
22.4608 	DATA 	** broke sampling loop (<.5s left in trial) **
22.4619 	DATA 	samplingCount: 14
22.4619 	DATA 	Think Onset
22.4633 	EXP 	unnamed Rect: lineColor = 'white (named)'
22.4633 	EXP 	unnamed Rect: lineColor = 'white (named)'
22.5302 	DATA 	Keypress: 1
22.6988 	DATA 	Keypress: 1
22.8791 	DATA 	Keypress: 1
25.4687 	DATA 	Decide Onset
25.8819 	DATA 	Keypress: 1
25.8820 	DATA 	Decision Button Press: ['1']
25.8820 	DATA 	Decision Response: 1
25.8835 	EXP 	unnamed Rect: lineColor = 'red (named)'
26.3907 	DATA 	ITI Onset
26.3919 	EXP 	unnamed Rect: lineColor = 'white (named)'
26.3919 	EXP 	unnamed Rect: lineColor = 'white (named)'
26.3919 	EXP 	unnamed TextStim: text = '+15'
26.3919 	EXP 	unnamed TextStim: text = '-4'
29.8778 	DATA 	Trial End Time - totalITI: 3.48582564487
29.8780 	EXP 	New trial (rep=0, index=1): {'P1_1': '0.9', 'P1_2': '1', 'SafeOption': '2', 'P2_2': '0', 'O2_2': '0', 'O2_1': '-8', 'ProbNumber': 'MD7', 'O1_2': '4', 'O1_1': '6', 'EV2': '4', 'EV1': '4.6', 'ProbType': 'MD', 'P2_1': '0.1'}
29.8782 	DATA 	Trial Onset - ProblemType: MD, ProblemNumber: MD7, leftRight: 1, samplingDur: 19, assignedITI: 1.4411
29.8782 	DATA 	Sampling Onset
30.8624 	DATA 	Keypress: 1
30.8685 	EXP 	unnamed TextStim: text = '+4'
31.3684 	DATA 	Sampled Response: 2, Outcome Shown: +6
31.3687 	DATA 	Keypress: 1
31.4018 	DATA 	Keypress: 1
31.4101 	EXP 	unnamed TextStim: text = '+4'
31.9094 	DATA 	Sampled Response: 2, Outcome Shown: +6
31.9096 	DATA 	Keypress: 1
32.0352 	DATA 	Keypress: 1
32.0385 	EXP 	unnamed TextStim: text = '+4'
32.5385 	DATA 	Sampled Response: 2, Outcome Shown: +6
32.5387 	DATA 	Keypress: 1
32.5388 	DATA 	Keypress: 1
32.5940 	DATA 	Keypress: 1
32.5972 	EXP 	unnamed TextStim: text = '+4'
33.0965 	DATA 	Sampled Response: 2, Outcome Shown: +6
33.0967 	DATA 	Keypress: 1
33.0969 	DATA 	Keypress: 1
33.2024 	DATA 	Keypress: 1
33.2057 	EXP 	unnamed TextStim: text = '+4'
33.7055 	DATA 	Sampled Response: 2, Outcome Shown: +6
33.7057 	DATA 	Keypress: 1
33.7058 	DATA 	Keypress: 1
33.7721 	DATA 	Keypress: 1
33.7775 	EXP 	unnamed TextStim: text = '+4'
34.2775 	DATA 	Sampled Response: 2, Outcome Shown: +6
34.2777 	DATA 	Keypress: 1
34.2778 	DATA 	Keypress: 1
34.2897 	DATA 	Keypress: 1
34.2954 	EXP 	unnamed TextStim: text = '+4'
34.7955 	DATA 	Sampled Response: 2, Outcome Shown: -8
34.7957 	DATA 	Keypress: 1
34.7959 	DATA 	Keypress: 1
34.7960 	DATA 	Keypress: 1
34.9459 	DATA 	Keypress: 1
34.9491 	EXP 	unnamed TextStim: text = '+4'
35.4485 	DATA 	Sampled Response: 2, Outcome Shown: +6
35.4487 	DATA 	Keypress: 2
35.4976 	DATA 	Keypress: 2
35.5079 	EXP 	unnamed TextStim: text = '+6'
36.0075 	DATA 	Sampled Response: 1, Outcome Shown: +4
36.0077 	DATA 	Keypress: 2
36.0079 	DATA 	Keypress: 2
36.0336 	DATA 	Keypress: 2
36.0395 	EXP 	unnamed TextStim: text = '+6'
36.5396 	DATA 	Sampled Response: 1, Outcome Shown: +4
36.5398 	DATA 	Keypress: 2
36.5399 	DATA 	Keypress: 2
36.5460 	DATA 	Keypress: 2
36.5483 	EXP 	unnamed TextStim: text = '+6'
37.0476 	DATA 	Sampled Response: 1, Outcome Shown: +4
37.0478 	DATA 	Keypress: 2
37.0479 	DATA 	Keypress: 2
37.0480 	DATA 	Keypress: 2
37.2590 	DATA 	Keypress: 2
37.2623 	EXP 	unnamed TextStim: text = '+6'
37.7616 	DATA 	Sampled Response: 1, Outcome Shown: +4
37.7618 	DATA 	Keypress: 2
37.7619 	DATA 	Keypress: 2
37.7621 	DATA 	Keypress: 2
37.8978 	DATA 	Keypress: 2
37.9011 	EXP 	unnamed TextStim: text = '+6'
38.4006 	DATA 	Sampled Response: 1, Outcome Shown: +4
38.4008 	DATA 	Keypress: 2
38.4009 	DATA 	Keypress: 2
38.4097 	DATA 	Keypress: 2
38.4128 	EXP 	unnamed TextStim: text = '+6'
38.9126 	DATA 	Sampled Response: 1, Outcome Shown: +4
38.9128 	DATA 	Keypress: 2
38.9477 	DATA 	Keypress: 2
38.9512 	EXP 	unnamed TextStim: text = '+6'
39.4506 	DATA 	Sampled Response: 1, Outcome Shown: +4
39.4508 	DATA 	Keypress: 2
39.4509 	DATA 	Keypress: 2
39.5057 	DATA 	Keypress: 2
39.5143 	EXP 	unnamed TextStim: text = '+6'
40.0136 	DATA 	Sampled Response: 1, Outcome Shown: +4
40.0138 	DATA 	Keypress: 2
40.0140 	DATA 	Keypress: 2
40.0675 	DATA 	Keypress: 2
40.0709 	EXP 	unnamed TextStim: text = '+6'
40.5706 	DATA 	Sampled Response: 1, Outcome Shown: +4
40.5709 	DATA 	Keypress: 2
40.5710 	DATA 	Keypress: 2
40.5773 	DATA 	Keypress: 2
40.5796 	EXP 	unnamed TextStim: text = '+6'
41.0796 	DATA 	Sampled Response: 1, Outcome Shown: +4
41.0798 	DATA 	Keypress: 2
41.0800 	DATA 	Keypress: 2
41.0801 	DATA 	Keypress: 2
41.1954 	DATA 	Keypress: 2
41.1990 	EXP 	unnamed TextStim: text = '+6'
41.6986 	DATA 	Sampled Response: 1, Outcome Shown: +4
41.6989 	DATA 	Keypress: 2
41.6990 	DATA 	Keypress: 2
41.6992 	DATA 	Keypress: 2
42.7713 	DATA 	Keypress: 1
42.7771 	EXP 	unnamed TextStim: text = '+4'
43.2767 	DATA 	Sampled Response: 2, Outcome Shown: +6
43.2769 	DATA 	Keypress: 1
43.2770 	DATA 	Keypress: 1
43.2772 	DATA 	Keypress: 1
43.2814 	DATA 	Keypress: 1
43.2835 	EXP 	unnamed TextStim: text = '+4'
43.7827 	DATA 	Sampled Response: 2, Outcome Shown: +6
43.7829 	DATA 	Keypress: 1
43.7831 	DATA 	Keypress: 1
48.3785 	DATA 	** broke sampling loop (<.5s left in trial) **
48.3795 	DATA 	samplingCount: 21
48.3795 	DATA 	Think Onset
48.3819 	EXP 	unnamed Rect: lineColor = 'white (named)'
48.3819 	EXP 	unnamed Rect: lineColor = 'white (named)'
51.3848 	DATA 	Decide Onset
51.7448 	DATA 	Keypress: 2
51.7449 	DATA 	Decision Button Press: ['2']
51.7450 	DATA 	Decision Response: 1
51.7464 	EXP 	unnamed Rect: lineColor = 'red (named)'
52.2529 	DATA 	ITI Onset
52.2539 	EXP 	unnamed Rect: lineColor = 'white (named)'
52.2539 	EXP 	unnamed Rect: lineColor = 'white (named)'
52.2539 	EXP 	unnamed TextStim: text = '+4'
52.2539 	EXP 	unnamed TextStim: text = '+6'
55.5361 	DATA 	Trial End Time - totalITI: 3.28031612647
55.5363 	EXP 	New trial (rep=0, index=2): {'P1_1': '0.8', 'P1_2': '1', 'SafeOption': '2', 'P2_2': '0', 'O2_2': '0', 'O2_1': '0', 'ProbNumber': 'SD7', 'O1_2': '3', 'O1_1': '4', 'EV2': '3', 'EV1': '3.2', 'ProbType': 'SD', 'P2_1': '0.2'}
55.5365 	DATA 	Trial Onset - ProblemType: SD, ProblemNumber: SD7, leftRight: 0, samplingDur: 15, assignedITI: 1.0098
55.5365 	DATA 	Sampling Onset
55.8595 	DATA 	Keypress: 1
55.8628 	EXP 	unnamed TextStim: text = '+4'
56.3629 	DATA 	Sampled Response: 1, Outcome Shown: +4
56.3632 	DATA 	Keypress: 1
56.3633 	DATA 	Keypress: 1
56.5089 	DATA 	Keypress: 1
56.5122 	EXP 	unnamed TextStim: text = '+4'
57.0120 	DATA 	Sampled Response: 1, Outcome Shown: +4
57.0122 	DATA 	Keypress: 1
57.0124 	DATA 	Keypress: 1
57.0125 	DATA 	Keypress: 1
57.0811 	DATA 	Keypress: 1
57.0862 	EXP 	unnamed TextStim: text = '0'
57.5860 	DATA 	Sampled Response: 1, Outcome Shown: 0
57.5862 	DATA 	Keypress: 1
57.5863 	DATA 	Keypress: 1
57.5865 	DATA 	Keypress: 1
57.6330 	DATA 	Keypress: 1
57.6417 	EXP 	unnamed TextStim: text = '+4'
58.1410 	DATA 	Sampled Response: 1, Outcome Shown: +4
58.1412 	DATA 	Keypress: 1
58.1414 	DATA 	Keypress: 1
58.1415 	DATA 	Keypress: 1
58.2605 	DATA 	Keypress: 1
58.2642 	EXP 	unnamed TextStim: text = '+4'
58.7640 	DATA 	Sampled Response: 1, Outcome Shown: +4
58.7643 	DATA 	Keypress: 1
58.7644 	DATA 	Keypress: 1
58.7645 	DATA 	Keypress: 1
58.8659 	DATA 	Keypress: 1
58.8714 	EXP 	unnamed TextStim: text = '0'
59.3710 	DATA 	Sampled Response: 1, Outcome Shown: 0
59.3712 	DATA 	Keypress: 1
59.3714 	DATA 	Keypress: 1
59.3715 	DATA 	Keypress: 1
59.5045 	DATA 	Keypress: 1
59.5150 	EXP 	unnamed TextStim: text = '+4'
60.0150 	DATA 	Sampled Response: 1, Outcome Shown: +4
60.0153 	DATA 	Keypress: 1
60.0154 	DATA 	Keypress: 1
60.0155 	DATA 	Keypress: 1
60.1148 	DATA 	Keypress: 1
60.1182 	EXP 	unnamed TextStim: text = '+4'
60.6180 	DATA 	Sampled Response: 1, Outcome Shown: +4
60.6183 	DATA 	Keypress: 1
60.6184 	DATA 	Keypress: 1
60.7848 	DATA 	Keypress: 1
60.7880 	EXP 	unnamed TextStim: text = '+4'
61.2881 	DATA 	Sampled Response: 1, Outcome Shown: +4
61.2883 	DATA 	Keypress: 2
61.2884 	DATA 	Keypress: 2
61.2885 	DATA 	Keypress: 2
61.5688 	DATA 	Keypress: 2
61.5874 	EXP 	unnamed TextStim: text = '+3'
62.0871 	DATA 	Sampled Response: 2, Outcome Shown: +3
62.0873 	DATA 	Keypress: 2
62.0875 	DATA 	Keypress: 2
62.2769 	DATA 	Keypress: 2
62.2803 	EXP 	unnamed TextStim: text = '+3'
62.7801 	DATA 	Sampled Response: 2, Outcome Shown: +3
62.7803 	DATA 	Keypress: 2
62.7804 	DATA 	Keypress: 2
62.7806 	DATA 	Keypress: 2
62.8965 	DATA 	Keypress: 2
62.9025 	EXP 	unnamed TextStim: text = '+3'
63.4021 	DATA 	Sampled Response: 2, Outcome Shown: +3
63.4023 	DATA 	Keypress: 2
63.4025 	DATA 	Keypress: 2
63.4026 	DATA 	Keypress: 2
63.7705 	DATA 	Keypress: 2
63.7762 	EXP 	unnamed TextStim: text = '+3'
64.2761 	DATA 	Sampled Response: 2, Outcome Shown: +3
64.2763 	DATA 	Keypress: 2
64.2765 	DATA 	Keypress: 2
64.2766 	DATA 	Keypress: 2
64.4487 	DATA 	Keypress: 2
64.4518 	EXP 	unnamed TextStim: text = '+3'
64.9511 	DATA 	Sampled Response: 2, Outcome Shown: +3
64.9514 	DATA 	Keypress: 2
64.9515 	DATA 	Keypress: 2
64.9935 	DATA 	Keypress: 2
64.9968 	EXP 	unnamed TextStim: text = '+3'
65.4962 	DATA 	Sampled Response: 2, Outcome Shown: +3
65.4964 	DATA 	Keypress: 2
65.4965 	DATA 	Keypress: 2
65.5217 	DATA 	Keypress: 2
65.5276 	EXP 	unnamed TextStim: text = '+3'
66.0272 	DATA 	Sampled Response: 2, Outcome Shown: +3
66.0274 	DATA 	Keypress: 2
66.0275 	DATA 	Keypress: 2
66.0276 	DATA 	Keypress: 2
66.1845 	DATA 	Keypress: 2
66.1928 	EXP 	unnamed TextStim: text = '+3'
66.6922 	DATA 	Sampled Response: 2, Outcome Shown: +3
66.6924 	DATA 	Keypress: 2
66.6926 	DATA 	Keypress: 2
66.6927 	DATA 	Keypress: 2
66.7286 	DATA 	Keypress: 2
66.7320 	EXP 	unnamed TextStim: text = '+3'
67.2312 	DATA 	Sampled Response: 2, Outcome Shown: +3
67.2314 	DATA 	Keypress: 2
67.2316 	DATA 	Keypress: 2
67.2501 	DATA 	Keypress: 2
67.2535 	EXP 	unnamed TextStim: text = '+3'
67.7532 	DATA 	Sampled Response: 2, Outcome Shown: +3
70.0375 	DATA 	** broke sampling loop (<.5s left in trial) **
70.0384 	DATA 	samplingCount: 19
70.0384 	DATA 	Think Onset
70.0434 	EXP 	unnamed Rect: lineColor = 'white (named)'
70.0434 	EXP 	unnamed Rect: lineColor = 'white (named)'
70.4776 	DATA 	Keypress: 2
73.0478 	DATA 	Decide Onset
73.3519 	DATA 	Keypress: 2
73.3520 	DATA 	Decision Button Press: ['2']
73.3520 	DATA 	Decision Response: 2
73.3535 	EXP 	unnamed Rect: lineColor = 'red (named)'
73.8613 	DATA 	ITI Onset
73.8624 	EXP 	unnamed Rect: lineColor = 'white (named)'
73.8624 	EXP 	unnamed Rect: lineColor = 'white (named)'
73.8624 	EXP 	unnamed TextStim: text = '+4'
73.8624 	EXP 	unnamed TextStim: text = '+3'
76.7677 	DATA 	Trial End Time - totalITI: 2.90444787084
76.7680 	EXP 	New trial (rep=0, index=3): {'P1_1': '0.1', 'P1_2': '1', 'SafeOption': '2', 'P2_2': '0', 'O2_2': '0', 'O2_1': '0', 'ProbNumber': 'SD1', 'O1_2': '-3', 'O1_1': '-32', 'EV2': '-3', 'EV1': '-3.2', 'ProbType': 'SD', 'P2_1': '0.9'}
76.7681 	DATA 	Trial Onset - ProblemType: SD, ProblemNumber: SD1, leftRight: 0, samplingDur: 16, assignedITI: 1.0113
76.7681 	DATA 	Sampling Onset
77.2962 	DATA 	Keypress: 1
77.3037 	EXP 	unnamed TextStim: text = '0'
77.8034 	DATA 	Sampled Response: 1, Outcome Shown: 0
77.8036 	DATA 	Keypress: 1
77.8038 	DATA 	Keypress: 1
77.8039 	DATA 	Keypress: 1
77.9538 	DATA 	Keypress: 1
77.9596 	EXP 	unnamed TextStim: text = '0'
78.4594 	DATA 	Sampled Response: 1, Outcome Shown: 0
78.4597 	DATA 	Keypress: 1
78.4598 	DATA 	Keypress: 1
78.4600 	DATA 	Keypress: 1
78.5779 	DATA 	Keypress: 1
78.5815 	EXP 	unnamed TextStim: text = '0'
79.0814 	DATA 	Sampled Response: 1, Outcome Shown: 0
79.0817 	DATA 	Keypress: 1
79.0818 	DATA 	Keypress: 1
79.0820 	DATA 	Keypress: 1
79.1779 	DATA 	Keypress: 1
79.1858 	EXP 	unnamed TextStim: text = '-32'
79.6855 	DATA 	Sampled Response: 1, Outcome Shown: -32
79.6857 	DATA 	Keypress: 1
79.6858 	DATA 	Keypress: 1
79.6860 	DATA 	Keypress: 1
79.8080 	DATA 	Keypress: 1
79.8131 	EXP 	unnamed TextStim: text = '0'
80.3125 	DATA 	Sampled Response: 1, Outcome Shown: 0
80.3127 	DATA 	Keypress: 1
80.3129 	DATA 	Keypress: 1
80.3130 	DATA 	Keypress: 1
80.4086 	DATA 	Keypress: 1
80.4119 	EXP 	unnamed TextStim: text = '0'
80.9115 	DATA 	Sampled Response: 1, Outcome Shown: 0
80.9117 	DATA 	Keypress: 1
80.9119 	DATA 	Keypress: 1
80.9120 	DATA 	Keypress: 1
81.0482 	DATA 	Keypress: 1
81.0541 	EXP 	unnamed TextStim: text = '0'
81.5535 	DATA 	Sampled Response: 1, Outcome Shown: 0
81.5537 	DATA 	Keypress: 1
81.5539 	DATA 	Keypress: 1
81.5540 	DATA 	Keypress: 1
81.5835 	DATA 	Keypress: 1
81.5919 	EXP 	unnamed TextStim: text = '0'
82.0915 	DATA 	Sampled Response: 1, Outcome Shown: 0
82.0918 	DATA 	Keypress: 1
82.0920 	DATA 	Keypress: 1
82.0921 	DATA 	Keypress: 1
82.0922 	DATA 	Keypress: 1
82.2420 	DATA 	Keypress: 1
82.2453 	EXP 	unnamed TextStim: text = '0'
82.7445 	DATA 	Sampled Response: 1, Outcome Shown: 0
82.7448 	DATA 	Keypress: 1
82.7449 	DATA 	Keypress: 1
82.7450 	DATA 	Keypress: 1
82.8180 	DATA 	Keypress: 1
82.8238 	EXP 	unnamed TextStim: text = '0'
83.3235 	DATA 	Sampled Response: 1, Outcome Shown: 0
83.3238 	DATA 	Keypress: 1
83.3239 	DATA 	Keypress: 1
83.3240 	DATA 	Keypress: 1
83.3457 	DATA 	Keypress: 1
83.3489 	EXP 	unnamed TextStim: text = '0'
83.8485 	DATA 	Sampled Response: 1, Outcome Shown: 0
83.8487 	DATA 	Keypress: 1
83.8560 	DATA 	Keypress: 2
83.8641 	EXP 	unnamed TextStim: text = '-3'
84.3635 	DATA 	Sampled Response: 2, Outcome Shown: -3
84.3638 	DATA 	Keypress: 2
84.3639 	DATA 	Keypress: 2
84.5836 	DATA 	Keypress: 2
84.5867 	EXP 	unnamed TextStim: text = '-3'
85.0866 	DATA 	Sampled Response: 2, Outcome Shown: -3
85.0868 	DATA 	Keypress: 2
85.0869 	DATA 	Keypress: 2
85.1360 	DATA 	Keypress: 2
85.1418 	EXP 	unnamed TextStim: text = '-3'
85.6416 	DATA 	Sampled Response: 2, Outcome Shown: -3
85.6418 	DATA 	Keypress: 2
85.6420 	DATA 	Keypress: 2
85.6635 	DATA 	Keypress: 2
85.6667 	EXP 	unnamed TextStim: text = '-3'
86.1666 	DATA 	Sampled Response: 2, Outcome Shown: -3
86.1674 	DATA 	Keypress: 2
86.1676 	DATA 	Keypress: 2
86.1678 	DATA 	Keypress: 2
86.3361 	DATA 	Keypress: 2
86.3444 	EXP 	unnamed TextStim: text = '-3'
86.8436 	DATA 	Sampled Response: 2, Outcome Shown: -3
86.8438 	DATA 	Keypress: 2
86.8440 	DATA 	Keypress: 2
86.8798 	DATA 	Keypress: 2
86.8858 	EXP 	unnamed TextStim: text = '-3'
87.3856 	DATA 	Sampled Response: 2, Outcome Shown: -3
87.3859 	DATA 	Keypress: 2
87.3860 	DATA 	Keypress: 2
87.3861 	DATA 	Keypress: 2
87.5457 	DATA 	Keypress: 2
87.5491 	EXP 	unnamed TextStim: text = '-3'
88.0486 	DATA 	Sampled Response: 2, Outcome Shown: -3
88.0488 	DATA 	Keypress: 2
88.0490 	DATA 	Keypress: 2
88.7773 	DATA 	Keypress: 1
88.7806 	EXP 	unnamed TextStim: text = '0'
89.2807 	DATA 	Sampled Response: 1, Outcome Shown: 0
89.2809 	DATA 	Keypress: 1
89.4799 	DATA 	Keypress: 1
89.4873 	EXP 	unnamed TextStim: text = '-32'
89.9866 	DATA 	Sampled Response: 1, Outcome Shown: -32
90.0794 	DATA 	Keypress: 1
90.0845 	EXP 	unnamed TextStim: text = '0'
90.5837 	DATA 	Sampled Response: 1, Outcome Shown: 0
90.5839 	DATA 	Keypress: 1
91.0794 	DATA 	Keypress: 1
91.0855 	EXP 	unnamed TextStim: text = '0'
91.5847 	DATA 	Sampled Response: 1, Outcome Shown: 0
91.6969 	DATA 	Keypress: 1
91.7002 	EXP 	unnamed TextStim: text = '0'
92.1997 	DATA 	Sampled Response: 1, Outcome Shown: 0
92.1999 	DATA 	Keypress: 1
92.2695 	DATA 	** broke sampling loop (<.5s left in trial) **
92.2706 	DATA 	samplingCount: 23
92.2706 	DATA 	Think Onset
92.2755 	EXP 	unnamed Rect: lineColor = 'white (named)'
92.2755 	EXP 	unnamed Rect: lineColor = 'white (named)'
95.2789 	DATA 	Decide Onset
96.9508 	DATA 	Keypress: 2
96.9509 	DATA 	Decision Button Press: ['2']
96.9510 	DATA 	Decision Response: 2
96.9524 	EXP 	unnamed Rect: lineColor = 'red (named)'
97.4592 	DATA 	ITI Onset
97.4602 	EXP 	unnamed Rect: lineColor = 'white (named)'
97.4602 	EXP 	unnamed Rect: lineColor = 'white (named)'
97.4602 	EXP 	unnamed TextStim: text = '0'
97.4602 	EXP 	unnamed TextStim: text = '-3'
99.0000 	DATA 	Trial End Time - totalITI: 1.53760335615
99.0002 	EXP 	New trial (rep=0, index=4): {'P1_1': '0.8', 'P1_2': '0.6', 'SafeOption': '1', 'P2_2': '0.4', 'O2_2': '18', 'O2_1': '10', 'ProbNumber': 'RR9', 'O1_2': '-4', 'O1_1': '2', 'EV2': '4.8', 'EV1': '3.6', 'ProbType': 'RR', 'P2_1': '0.2'}
99.0004 	DATA 	Trial Onset - ProblemType: RR, ProblemNumber: RR9, leftRight: 1, samplingDur: 19, assignedITI: 1.3267
99.0004 	DATA 	Sampling Onset
99.5430 	DATA 	Keypress: 1
99.5562 	EXP 	unnamed TextStim: text = '+18'
100.0559 	DATA 	Sampled Response: 2, Outcome Shown: +2
100.2915 	DATA 	Keypress: 1
100.2948 	EXP 	unnamed TextStim: text = '+18'
100.7949 	DATA 	Sampled Response: 2, Outcome Shown: +2
100.9114 	DATA 	Keypress: 1
100.9173 	EXP 	unnamed TextStim: text = '+18'
101.4169 	DATA 	Sampled Response: 2, Outcome Shown: +10
101.4231 	DATA 	Keypress: 1
101.4292 	EXP 	unnamed TextStim: text = '-4'
101.9289 	DATA 	Sampled Response: 2, Outcome Shown: +2
102.0069 	DATA 	Keypress: 1
102.0100 	EXP 	unnamed TextStim: text = '-4'
102.5099 	DATA 	Sampled Response: 2, Outcome Shown: +2
102.5688 	DATA 	Keypress: 1
102.5760 	EXP 	unnamed TextStim: text = '+18'
103.0759 	DATA 	Sampled Response: 2, Outcome Shown: +2
103.4002 	DATA 	Keypress: 1
103.4061 	EXP 	unnamed TextStim: text = '+18'
103.9059 	DATA 	Sampled Response: 2, Outcome Shown: +2
103.9062 	DATA 	Keypress: 1
104.3436 	DATA 	Keypress: 1
104.3470 	EXP 	unnamed TextStim: text = '+18'
104.8470 	DATA 	Sampled Response: 2, Outcome Shown: +2
105.0404 	DATA 	Keypress: 1
105.0463 	EXP 	unnamed TextStim: text = '-4'
105.5460 	DATA 	Sampled Response: 2, Outcome Shown: +10
105.6411 	DATA 	Keypress: 1
105.6444 	EXP 	unnamed TextStim: text = '-4'
106.1440 	DATA 	Sampled Response: 2, Outcome Shown: +2
106.4908 	DATA 	Keypress: 2
106.4966 	EXP 	unnamed TextStim: text = '+10'
106.9960 	DATA 	Sampled Response: 1, Outcome Shown: -4
106.9963 	DATA 	Keypress: 2
107.3906 	DATA 	Keypress: 2
107.3960 	EXP 	unnamed TextStim: text = '+2'
107.8961 	DATA 	Sampled Response: 1, Outcome Shown: +18
107.9191 	DATA 	Keypress: 2
107.9278 	EXP 	unnamed TextStim: text = '+2'
108.4271 	DATA 	Sampled Response: 1, Outcome Shown: -4
117.5014 	DATA 	** broke sampling loop (<.5s left in trial) **
117.5046 	DATA 	samplingCount: 13
117.5046 	DATA 	Think Onset
117.5073 	EXP 	unnamed Rect: lineColor = 'white (named)'
117.5073 	EXP 	unnamed Rect: lineColor = 'white (named)'
120.5110 	DATA 	Decide Onset
120.9818 	DATA 	Keypress: 2
120.9819 	DATA 	Decision Button Press: ['2']
120.9819 	DATA 	Decision Response: 1
120.9834 	EXP 	unnamed Rect: lineColor = 'red (named)'
121.4905 	DATA 	ITI Onset
121.4916 	EXP 	unnamed Rect: lineColor = 'white (named)'
121.4916 	EXP 	unnamed Rect: lineColor = 'white (named)'
121.4916 	EXP 	unnamed TextStim: text = '-4'
121.4916 	EXP 	unnamed TextStim: text = '+2'
124.5455 	DATA 	Trial End Time - totalITI: 3.0522530455
124.5458 	EXP 	New trial (rep=0, index=5): {'P1_1': '0.5', 'P1_2': '0.4', 'SafeOption': '1', 'P2_2': '0.6', 'O2_2': '50', 'O2_1': '30', 'ProbNumber': 'RR8', 'O1_2': '-15', 'O1_1': '14', 'EV2': '24', 'EV1': '22', 'ProbType': 'RR', 'P2_1': '0.5'}
124.5459 	DATA 	Trial Onset - ProblemType: RR, ProblemNumber: RR8, leftRight: 1, samplingDur: 16, assignedITI: 1.1749
124.5459 	DATA 	Sampling Onset
124.9665 	DATA 	Keypress: 1
124.9733 	EXP 	unnamed TextStim: text = '+50'
125.4734 	DATA 	Sampled Response: 2, Outcome Shown: +14
125.7340 	DATA 	Keypress: 1
125.7425 	EXP 	unnamed TextStim: text = '+50'
126.2424 	DATA 	Sampled Response: 2, Outcome Shown: +30
126.4741 	DATA 	Keypress: 1
126.4775 	EXP 	unnamed TextStim: text = '+50'
126.9774 	DATA 	Sampled Response: 2, Outcome Shown: +30
127.1919 	DATA 	Keypress: 1
127.1979 	EXP 	unnamed TextStim: text = '-15'
127.6975 	DATA 	Sampled Response: 2, Outcome Shown: +14
127.8780 	DATA 	Keypress: 1
127.8866 	EXP 	unnamed TextStim: text = '+50'
128.3865 	DATA 	Sampled Response: 2, Outcome Shown: +14
128.5746 	DATA 	Keypress: 1
128.5779 	EXP 	unnamed TextStim: text = '+50'
129.0775 	DATA 	Sampled Response: 2, Outcome Shown: +14
129.2141 	DATA 	Keypress: 1
129.2225 	EXP 	unnamed TextStim: text = '+50'
129.7225 	DATA 	Sampled Response: 2, Outcome Shown: +30
129.8240 	DATA 	Keypress: 1
129.8298 	EXP 	unnamed TextStim: text = '-15'
130.3295 	DATA 	Sampled Response: 2, Outcome Shown: +14
130.4941 	DATA 	Keypress: 1
130.5030 	EXP 	unnamed TextStim: text = '+50'
131.0026 	DATA 	Sampled Response: 2, Outcome Shown: +14
131.1117 	DATA 	Keypress: 1
131.1150 	EXP 	unnamed TextStim: text = '+50'
131.6146 	DATA 	Sampled Response: 2, Outcome Shown: +30
131.7340 	DATA 	Keypress: 2
131.7403 	EXP 	unnamed TextStim: text = '+14'
132.2397 	DATA 	Sampled Response: 1, Outcome Shown: +50
132.2456 	DATA 	Keypress: 2
132.2539 	EXP 	unnamed TextStim: text = '+30'
132.7536 	DATA 	Sampled Response: 1, Outcome Shown: +50
132.8066 	DATA 	Keypress: 2
132.8126 	EXP 	unnamed TextStim: text = '+14'
133.3126 	DATA 	Sampled Response: 1, Outcome Shown: +50
133.3128 	DATA 	Keypress: 2
140.0476 	DATA 	** broke sampling loop (<.5s left in trial) **
140.0486 	DATA 	samplingCount: 13
140.0486 	DATA 	Think Onset
140.0511 	EXP 	unnamed Rect: lineColor = 'white (named)'
140.0511 	EXP 	unnamed Rect: lineColor = 'white (named)'
143.0566 	DATA 	Decide Onset
143.4128 	DATA 	Keypress: 2
143.4129 	DATA 	Decision Button Press: ['2']
143.4130 	DATA 	Decision Response: 1
143.4144 	EXP 	unnamed Rect: lineColor = 'red (named)'
143.9219 	DATA 	ITI Onset
143.9229 	EXP 	unnamed Rect: lineColor = 'white (named)'
143.9229 	EXP 	unnamed Rect: lineColor = 'white (named)'
143.9229 	EXP 	unnamed TextStim: text = '+50'
143.9229 	EXP 	unnamed TextStim: text = '+14'
146.9397 	DATA 	Trial End Time - totalITI: 3.01657206764
146.9400 	EXP 	New trial (rep=0, index=6): {'P1_1': '0.1', 'P1_2': '1', 'SafeOption': '2', 'P2_2': '0', 'O2_2': '0', 'O2_1': '0', 'ProbNumber': 'SD10', 'O1_2': '3', 'O1_1': '32', 'EV2': '3', 'EV1': '3.2', 'ProbType': 'SD', 'P2_1': '0.9'}
146.9401 	DATA 	Trial Onset - ProblemType: SD, ProblemNumber: SD10, leftRight: 0, samplingDur: 16, assignedITI: 1.5734
146.9401 	DATA 	Sampling Onset
147.6393 	DATA 	Keypress: 1
147.6442 	EXP 	unnamed TextStim: text = '0'
148.1439 	DATA 	Sampled Response: 1, Outcome Shown: 0
148.2555 	DATA 	Keypress: 1
148.2588 	EXP 	unnamed TextStim: text = '0'
148.7589 	DATA 	Sampled Response: 1, Outcome Shown: 0
148.8067 	DATA 	Keypress: 1
148.8101 	EXP 	unnamed TextStim: text = '0'
149.3099 	DATA 	Sampled Response: 1, Outcome Shown: 0
149.3377 	DATA 	Keypress: 1
149.3410 	EXP 	unnamed TextStim: text = '0'
149.8409 	DATA 	Sampled Response: 1, Outcome Shown: 0
149.8849 	DATA 	Keypress: 1
149.8938 	EXP 	unnamed TextStim: text = '0'
150.3930 	DATA 	Sampled Response: 1, Outcome Shown: 0
150.3932 	DATA 	Keypress: 1
150.8894 	DATA 	Keypress: 1
150.8927 	EXP 	unnamed TextStim: text = '0'
151.3920 	DATA 	Sampled Response: 1, Outcome Shown: 0
151.4233 	DATA 	Keypress: 1
151.4266 	EXP 	unnamed TextStim: text = '0'
151.9260 	DATA 	Sampled Response: 1, Outcome Shown: 0
151.9262 	DATA 	Keypress: 1
152.4309 	DATA 	Keypress: 1
152.4342 	EXP 	unnamed TextStim: text = '0'
152.9340 	DATA 	Sampled Response: 1, Outcome Shown: 0
153.0717 	DATA 	Keypress: 1
153.0750 	EXP 	unnamed TextStim: text = '0'
153.5750 	DATA 	Sampled Response: 1, Outcome Shown: 0
153.5752 	DATA 	Keypress: 1
154.0402 	DATA 	Keypress: 1
154.0435 	EXP 	unnamed TextStim: text = '0'
154.5431 	DATA 	Sampled Response: 1, Outcome Shown: 0
154.5433 	DATA 	Keypress: 2
154.5888 	DATA 	Keypress: 2
154.5992 	EXP 	unnamed TextStim: text = '+3'
155.0992 	DATA 	Sampled Response: 2, Outcome Shown: +3
155.0994 	DATA 	Keypress: 2
155.0995 	DATA 	Keypress: 2
155.2047 	DATA 	Keypress: 2
155.2084 	EXP 	unnamed TextStim: text = '+3'
155.7081 	DATA 	Sampled Response: 2, Outcome Shown: +3
155.7083 	DATA 	Keypress: 2
155.7084 	DATA 	Keypress: 2
155.7745 	DATA 	Keypress: 2
155.7780 	EXP 	unnamed TextStim: text = '+3'
156.2781 	DATA 	Sampled Response: 2, Outcome Shown: +3
156.2783 	DATA 	Keypress: 2
156.2785 	DATA 	Keypress: 2
156.3736 	DATA 	Keypress: 2
156.3769 	EXP 	unnamed TextStim: text = '+3'
156.8761 	DATA 	Sampled Response: 2, Outcome Shown: +3
156.8763 	DATA 	Keypress: 2
156.8764 	DATA 	Keypress: 2
156.9418 	DATA 	Keypress: 2
156.9452 	EXP 	unnamed TextStim: text = '+3'
157.4451 	DATA 	Sampled Response: 2, Outcome Shown: +3
157.4453 	DATA 	Keypress: 2
157.4455 	DATA 	Keypress: 2
157.5323 	DATA 	Keypress: 2
157.5411 	EXP 	unnamed TextStim: text = '+3'
158.0411 	DATA 	Sampled Response: 2, Outcome Shown: +3
158.0414 	DATA 	Keypress: 2
158.0415 	DATA 	Keypress: 2
158.1260 	DATA 	Keypress: 2
158.1296 	EXP 	unnamed TextStim: text = '+3'
158.6291 	DATA 	Sampled Response: 2, Outcome Shown: +3
158.6294 	DATA 	Keypress: 2
158.6295 	DATA 	Keypress: 2
158.7328 	DATA 	Keypress: 2
158.7415 	EXP 	unnamed TextStim: text = '+3'
159.2412 	DATA 	Sampled Response: 2, Outcome Shown: +3
159.2414 	DATA 	Keypress: 2
159.2416 	DATA 	Keypress: 2
159.3577 	DATA 	Keypress: 2
159.3613 	EXP 	unnamed TextStim: text = '+3'
159.8611 	DATA 	Sampled Response: 2, Outcome Shown: +3
159.8613 	DATA 	Keypress: 2
159.8615 	DATA 	Keypress: 2
159.9738 	DATA 	Keypress: 2
159.9771 	EXP 	unnamed TextStim: text = '+3'
160.4772 	DATA 	Sampled Response: 2, Outcome Shown: +3
160.4774 	DATA 	Keypress: 2
160.4775 	DATA 	Keypress: 2
160.5403 	DATA 	Keypress: 2
160.5462 	EXP 	unnamed TextStim: text = '+3'
161.0462 	DATA 	Sampled Response: 2, Outcome Shown: +3
161.0464 	DATA 	Keypress: 2
161.0465 	DATA 	Keypress: 2
162.4406 	DATA 	** broke sampling loop (<.5s left in trial) **
162.4417 	DATA 	samplingCount: 21
162.4417 	DATA 	Think Onset
162.4441 	EXP 	unnamed Rect: lineColor = 'white (named)'
162.4441 	EXP 	unnamed Rect: lineColor = 'white (named)'
165.4471 	DATA 	Decide Onset
165.9799 	DATA 	Keypress: 2
165.9800 	DATA 	Decision Button Press: ['2']
165.9800 	DATA 	Decision Response: 2
165.9815 	EXP 	unnamed Rect: lineColor = 'red (named)'
166.4884 	DATA 	ITI Onset
166.4895 	EXP 	unnamed Rect: lineColor = 'white (named)'
166.4895 	EXP 	unnamed Rect: lineColor = 'white (named)'
166.4895 	EXP 	unnamed TextStim: text = '0'
166.4895 	EXP 	unnamed TextStim: text = '+3'
169.7293 	DATA 	Trial End Time - totalITI: 3.23967644869
169.7296 	EXP 	New trial (rep=0, index=7): {'P1_1': '0.8', 'P1_2': '1', 'SafeOption': '2', 'P2_2': '0', 'O2_2': '0', 'O2_1': '-9', 'ProbNumber': 'MD9', 'O1_2': '5', 'O1_1': '8', 'EV2': '5', 'EV1': '4.6', 'ProbType': 'MD', 'P2_1': '0.2'}
169.7298 	DATA 	Trial Onset - ProblemType: MD, ProblemNumber: MD9, leftRight: 0, samplingDur: 18, assignedITI: 1.1477
169.7298 	DATA 	Sampling Onset
170.4839 	DATA 	Keypress: 1
170.4956 	EXP 	unnamed TextStim: text = '+8'
170.9955 	DATA 	Sampled Response: 1, Outcome Shown: +8
170.9957 	DATA 	Keypress: 1
171.0043 	DATA 	Keypress: 1
171.0076 	EXP 	unnamed TextStim: text = '+8'
171.5074 	DATA 	Sampled Response: 1, Outcome Shown: +8
171.5076 	DATA 	Keypress: 1
171.5078 	DATA 	Keypress: 1
171.6398 	DATA 	Keypress: 1
171.6431 	EXP 	unnamed TextStim: text = '+8'
172.1424 	DATA 	Sampled Response: 1, Outcome Shown: +8
172.1426 	DATA 	Keypress: 1
172.1428 	DATA 	Keypress: 1
172.2122 	DATA 	Keypress: 1
172.2250 	EXP 	unnamed TextStim: text = '-9'
172.7245 	DATA 	Sampled Response: 1, Outcome Shown: -9
172.7247 	DATA 	Keypress: 1
172.7248 	DATA 	Keypress: 1
172.7562 	DATA 	Keypress: 1
172.7629 	EXP 	unnamed TextStim: text = '+8'
173.2624 	DATA 	Sampled Response: 1, Outcome Shown: +8
173.2626 	DATA 	Keypress: 1
173.2628 	DATA 	Keypress: 1
173.3490 	DATA 	Keypress: 1
173.3548 	EXP 	unnamed TextStim: text = '+8'
173.8545 	DATA 	Sampled Response: 1, Outcome Shown: +8
173.8547 	DATA 	Keypress: 1
173.8548 	DATA 	Keypress: 1
173.9974 	DATA 	Keypress: 1
174.0042 	EXP 	unnamed TextStim: text = '-9'
174.5035 	DATA 	Sampled Response: 1, Outcome Shown: -9
174.5037 	DATA 	Keypress: 1
174.6295 	DATA 	Keypress: 1
174.6328 	EXP 	unnamed TextStim: text = '-9'
175.1325 	DATA 	Sampled Response: 1, Outcome Shown: -9
175.1327 	DATA 	Keypress: 1
175.1329 	DATA 	Keypress: 1
175.2379 	DATA 	Keypress: 1
175.2447 	EXP 	unnamed TextStim: text = '+8'
175.7445 	DATA 	Sampled Response: 1, Outcome Shown: +8
175.7447 	DATA 	Keypress: 1
175.7449 	DATA 	Keypress: 1
175.8759 	DATA 	Keypress: 1
175.8824 	EXP 	unnamed TextStim: text = '+8'
176.3825 	DATA 	Sampled Response: 1, Outcome Shown: +8
176.3827 	DATA 	Keypress: 1
176.4618 	DATA 	Keypress: 1
176.4651 	EXP 	unnamed TextStim: text = '+8'
176.9645 	DATA 	Sampled Response: 1, Outcome Shown: +8
176.9648 	DATA 	Keypress: 2
177.0233 	DATA 	Keypress: 2
177.0288 	EXP 	unnamed TextStim: text = '+5'
177.5285 	DATA 	Sampled Response: 2, Outcome Shown: +5
177.5288 	DATA 	Keypress: 2
177.5289 	DATA 	Keypress: 2
177.6208 	DATA 	Keypress: 2
177.6240 	EXP 	unnamed TextStim: text = '+5'
178.1235 	DATA 	Sampled Response: 2, Outcome Shown: +5
178.1238 	DATA 	Keypress: 2
178.1239 	DATA 	Keypress: 2
178.2559 	DATA 	Keypress: 2
178.2592 	EXP 	unnamed TextStim: text = '+5'
178.7586 	DATA 	Sampled Response: 2, Outcome Shown: +5
178.7588 	DATA 	Keypress: 2
178.7589 	DATA 	Keypress: 2
178.8381 	DATA 	Keypress: 2
178.8414 	EXP 	unnamed TextStim: text = '+5'
179.3405 	DATA 	Sampled Response: 2, Outcome Shown: +5
179.3408 	DATA 	Keypress: 2
179.3409 	DATA 	Keypress: 2
179.4389 	DATA 	Keypress: 2
179.4423 	EXP 	unnamed TextStim: text = '+5'
179.9416 	DATA 	Sampled Response: 2, Outcome Shown: +5
179.9418 	DATA 	Keypress: 2
179.9420 	DATA 	Keypress: 2
179.9969 	DATA 	Keypress: 2
180.0028 	EXP 	unnamed TextStim: text = '+5'
180.5026 	DATA 	Sampled Response: 2, Outcome Shown: +5
180.5028 	DATA 	Keypress: 2
180.5030 	DATA 	Keypress: 2
180.6052 	DATA 	Keypress: 2
180.6085 	EXP 	unnamed TextStim: text = '+5'
181.1086 	DATA 	Sampled Response: 2, Outcome Shown: +5
181.1088 	DATA 	Keypress: 2
181.1090 	DATA 	Keypress: 2
181.2370 	DATA 	Keypress: 2
181.2403 	EXP 	unnamed TextStim: text = '+5'
181.7396 	DATA 	Sampled Response: 2, Outcome Shown: +5
181.7398 	DATA 	Keypress: 2
181.7400 	DATA 	Keypress: 2
181.8434 	DATA 	Keypress: 2
181.8494 	EXP 	unnamed TextStim: text = '+5'
182.3486 	DATA 	Sampled Response: 2, Outcome Shown: +5
182.3488 	DATA 	Keypress: 2
182.3490 	DATA 	Keypress: 2
182.3953 	DATA 	Keypress: 2
182.4038 	EXP 	unnamed TextStim: text = '+5'
182.9036 	DATA 	Sampled Response: 2, Outcome Shown: +5
187.2330 	DATA 	** broke sampling loop (<.5s left in trial) **
187.2338 	DATA 	samplingCount: 21
187.2338 	DATA 	Think Onset
187.2388 	EXP 	unnamed Rect: lineColor = 'white (named)'
187.2388 	EXP 	unnamed Rect: lineColor = 'white (named)'
190.2411 	DATA 	Decide Onset
190.8508 	DATA 	Keypress: 2
190.8509 	DATA 	Decision Button Press: ['2']
190.8509 	DATA 	Decision Response: 2
190.8523 	EXP 	unnamed Rect: lineColor = 'red (named)'
191.3613 	DATA 	ITI Onset
191.3623 	EXP 	unnamed Rect: lineColor = 'white (named)'
191.3623 	EXP 	unnamed Rect: lineColor = 'white (named)'
191.3623 	EXP 	unnamed TextStim: text = '+8'
191.3623 	EXP 	unnamed TextStim: text = '+5'
194.0989 	DATA 	Trial End Time - totalITI: 2.73453606865
194.0991 	EXP 	New trial (rep=0, index=8): {'P1_1': '0.3', 'P1_2': '0.5', 'SafeOption': '1', 'P2_2': '0.5', 'O2_2': '30', 'O2_1': '15', 'ProbNumber': 'RR4', 'O1_2': '-8', 'O1_1': '5', 'EV2': '11', 'EV1': '12', 'ProbType': 'RR', 'P2_1': '0.7'}
194.0992 	DATA 	Trial Onset - ProblemType: RR, ProblemNumber: RR4, leftRight: 1, samplingDur: 15, assignedITI: 2.3911
194.0992 	DATA 	Sampling Onset
194.5469 	DATA 	Keypress: 1
194.5532 	EXP 	unnamed TextStim: text = '-8'
195.0529 	DATA 	Sampled Response: 2, Outcome Shown: +15
195.0531 	DATA 	Keypress: 1
195.0533 	DATA 	Keypress: 1
195.1553 	DATA 	Keypress: 1
195.1585 	EXP 	unnamed TextStim: text = '-8'
195.6579 	DATA 	Sampled Response: 2, Outcome Shown: +15
195.6581 	DATA 	Keypress: 1
195.6583 	DATA 	Keypress: 1
195.7071 	DATA 	Keypress: 1
195.7153 	EXP 	unnamed TextStim: text = '+30'
196.2149 	DATA 	Sampled Response: 2, Outcome Shown: +15
196.2151 	DATA 	Keypress: 1
196.4430 	DATA 	Keypress: 1
196.4493 	EXP 	unnamed TextStim: text = '-8'
196.9489 	DATA 	Sampled Response: 2, Outcome Shown: +15
196.9492 	DATA 	Keypress: 1
196.9493 	DATA 	Keypress: 1
196.9887 	DATA 	Keypress: 1
196.9921 	EXP 	unnamed TextStim: text = '-8'
197.4920 	DATA 	Sampled Response: 2, Outcome Shown: +15
197.4922 	DATA 	Keypress: 1
197.4924 	DATA 	Keypress: 1
197.6210 	DATA 	Keypress: 1
197.6287 	EXP 	unnamed TextStim: text = '+30'
198.1280 	DATA 	Sampled Response: 2, Outcome Shown: +5
198.1282 	DATA 	Keypress: 1
198.1283 	DATA 	Keypress: 1
198.2748 	DATA 	Keypress: 1
198.2812 	EXP 	unnamed TextStim: text = '-8'
198.7810 	DATA 	Sampled Response: 2, Outcome Shown: +15
198.7812 	DATA 	Keypress: 1
198.7813 	DATA 	Keypress: 1
199.0038 	DATA 	Keypress: 1
199.0118 	EXP 	unnamed TextStim: text = '+30'
199.5110 	DATA 	Sampled Response: 2, Outcome Shown: +15
199.5112 	DATA 	Keypress: 1
199.6989 	DATA 	Keypress: 1
199.7112 	EXP 	unnamed TextStim: text = '-8'
200.2110 	DATA 	Sampled Response: 2, Outcome Shown: +5
200.2112 	DATA 	Keypress: 1
200.2114 	DATA 	Keypress: 1
200.3074 	DATA 	Keypress: 1
200.3154 	EXP 	unnamed TextStim: text = '+30'
200.8151 	DATA 	Sampled Response: 2, Outcome Shown: +15
200.8153 	DATA 	Keypress: 1
200.8912 	DATA 	Keypress: 1
200.8945 	EXP 	unnamed TextStim: text = '+30'
201.3940 	DATA 	Sampled Response: 2, Outcome Shown: +15
201.3942 	DATA 	Keypress: 1
201.5316 	DATA 	Keypress: 2
201.5401 	EXP 	unnamed TextStim: text = '+5'
202.0401 	DATA 	Sampled Response: 1, Outcome Shown: -8
202.0403 	DATA 	Keypress: 2
202.0404 	DATA 	Keypress: 2
202.1867 	DATA 	Keypress: 2
202.1955 	EXP 	unnamed TextStim: text = '+15'
202.6951 	DATA 	Sampled Response: 1, Outcome Shown: -8
202.6953 	DATA 	Keypress: 2
202.6954 	DATA 	Keypress: 2
202.8545 	DATA 	Keypress: 2
202.8601 	EXP 	unnamed TextStim: text = '+5'
203.3601 	DATA 	Sampled Response: 1, Outcome Shown: +30
203.3603 	DATA 	Keypress: 2
203.3605 	DATA 	Keypress: 2
203.4866 	DATA 	Keypress: 2
203.4900 	EXP 	unnamed TextStim: text = '+5'
203.9901 	DATA 	Sampled Response: 1, Outcome Shown: -8
203.9903 	DATA 	Keypress: 2
203.9905 	DATA 	Keypress: 2
204.1310 	DATA 	Keypress: 2
204.1423 	EXP 	unnamed TextStim: text = '+15'
204.6421 	DATA 	Sampled Response: 1, Outcome Shown: -8
204.6423 	DATA 	Keypress: 2
204.6425 	DATA 	Keypress: 2
208.6033 	DATA 	** broke sampling loop (<.5s left in trial) **
208.6043 	DATA 	samplingCount: 16
208.6043 	DATA 	Think Onset
208.6068 	EXP 	unnamed Rect: lineColor = 'white (named)'
208.6068 	EXP 	unnamed Rect: lineColor = 'white (named)'
211.6172 	DATA 	Decide Onset
212.8979 	DATA 	Keypress: 2
212.8979 	DATA 	Decision Button Press: ['2']
212.8980 	DATA 	Decision Response: 1
212.8994 	EXP 	unnamed Rect: lineColor = 'red (named)'
213.4088 	DATA 	ITI Onset
213.4098 	EXP 	unnamed Rect: lineColor = 'white (named)'
213.4098 	EXP 	unnamed Rect: lineColor = 'white (named)'
213.4098 	EXP 	unnamed TextStim: text = '+30'
213.4098 	EXP 	unnamed TextStim: text = '+15'
216.7187 	DATA 	Trial End Time - totalITI: 3.30604382771
216.7190 	EXP 	New trial (rep=0, index=9): {'P1_1': '0.9', 'P1_2': '0.7', 'SafeOption': '1', 'P2_2': '0.3', 'O2_2': '25', 'O2_1': '15', 'ProbNumber': 'RR10', 'O1_2': '-3', 'O1_1': '5', 'EV2': '5.4', 'EV1': '6', 'ProbType': 'RR', 'P2_1': '0.1'}
216.7191 	DATA 	Trial Onset - ProblemType: RR, ProblemNumber: RR10, leftRight: 0, samplingDur: 15, assignedITI: 3.6695
216.7191 	DATA 	Sampling Onset
217.7377 	DATA 	Keypress: 1
217.7458 	EXP 	unnamed TextStim: text = '+5'
218.2453 	DATA 	Sampled Response: 1, Outcome Shown: +5
218.2456 	DATA 	Keypress: 1
218.2457 	DATA 	Keypress: 1
218.3073 	DATA 	Keypress: 1
218.3107 	EXP 	unnamed TextStim: text = '+5'
218.8104 	DATA 	Sampled Response: 1, Outcome Shown: +5
218.8106 	DATA 	Keypress: 1
218.8107 	DATA 	Keypress: 1
218.8365 	DATA 	Keypress: 1
218.8398 	EXP 	unnamed TextStim: text = '+5'
219.3394 	DATA 	Sampled Response: 1, Outcome Shown: +5
219.3396 	DATA 	Keypress: 1
219.3398 	DATA 	Keypress: 1
219.4280 	DATA 	Keypress: 1
219.4314 	EXP 	unnamed TextStim: text = '+5'
219.9314 	DATA 	Sampled Response: 1, Outcome Shown: +5
219.9317 	DATA 	Keypress: 1
219.9318 	DATA 	Keypress: 1
219.9620 	DATA 	Keypress: 1
219.9708 	EXP 	unnamed TextStim: text = '+5'
220.4704 	DATA 	Sampled Response: 1, Outcome Shown: +5
220.4707 	DATA 	Keypress: 1
220.4708 	DATA 	Keypress: 1
220.4738 	DATA 	Keypress: 1
220.4759 	EXP 	unnamed TextStim: text = '+5'
220.9755 	DATA 	Sampled Response: 1, Outcome Shown: +5
220.9757 	DATA 	Keypress: 1
220.9758 	DATA 	Keypress: 1
220.9954 	DATA 	Keypress: 1
221.0013 	EXP 	unnamed TextStim: text = '+5'
221.5005 	DATA 	Sampled Response: 1, Outcome Shown: +5
221.5007 	DATA 	Keypress: 1
221.5008 	DATA 	Keypress: 1
221.5473 	DATA 	Keypress: 1
221.5534 	EXP 	unnamed TextStim: text = '+5'
222.0535 	DATA 	Sampled Response: 1, Outcome Shown: +5
222.0537 	DATA 	Keypress: 1
222.0538 	DATA 	Keypress: 1
222.0742 	DATA 	Keypress: 1
222.0806 	EXP 	unnamed TextStim: text = '+5'
222.5805 	DATA 	Sampled Response: 1, Outcome Shown: +5
222.5807 	DATA 	Keypress: 1
222.5808 	DATA 	Keypress: 1
222.6037 	DATA 	Keypress: 1
222.6072 	EXP 	unnamed TextStim: text = '+5'
223.1065 	DATA 	Sampled Response: 1, Outcome Shown: +5
223.1067 	DATA 	Keypress: 1
223.1069 	DATA 	Keypress: 2
223.1221 	DATA 	Keypress: 2
223.1288 	EXP 	unnamed TextStim: text = '-3'
223.6285 	DATA 	Sampled Response: 2, Outcome Shown: -3
223.6287 	DATA 	Keypress: 2
223.6289 	DATA 	Keypress: 2
223.6418 	DATA 	Keypress: 2
223.6480 	EXP 	unnamed TextStim: text = '+25'
224.1475 	DATA 	Sampled Response: 2, Outcome Shown: +25
224.1478 	DATA 	Keypress: 2
224.1479 	DATA 	Keypress: 2
224.2350 	DATA 	Keypress: 2
224.2385 	EXP 	unnamed TextStim: text = '+25'
224.7385 	DATA 	Sampled Response: 2, Outcome Shown: +25
224.7388 	DATA 	Keypress: 2
224.7389 	DATA 	Keypress: 2
224.8537 	DATA 	Keypress: 2
224.8605 	EXP 	unnamed TextStim: text = '-3'
225.3605 	DATA 	Sampled Response: 2, Outcome Shown: -3
225.3608 	DATA 	Keypress: 2
225.3609 	DATA 	Keypress: 2
225.5232 	DATA 	Keypress: 2
225.5294 	EXP 	unnamed TextStim: text = '+25'
226.0295 	DATA 	Sampled Response: 2, Outcome Shown: +25
226.0298 	DATA 	Keypress: 2
226.0299 	DATA 	Keypress: 2
226.1137 	DATA 	Keypress: 2
226.1204 	EXP 	unnamed TextStim: text = '-3'
226.6206 	DATA 	Sampled Response: 2, Outcome Shown: -3
226.6208 	DATA 	Keypress: 2
226.6209 	DATA 	Keypress: 2
226.6977 	DATA 	Keypress: 2
226.7087 	EXP 	unnamed TextStim: text = '+25'
227.2086 	DATA 	Sampled Response: 2, Outcome Shown: +25
227.2088 	DATA 	Keypress: 2
227.2090 	DATA 	Keypress: 2
227.2842 	DATA 	Keypress: 2
227.2910 	EXP 	unnamed TextStim: text = '-3'
227.7906 	DATA 	Sampled Response: 2, Outcome Shown: -3
227.7908 	DATA 	Keypress: 2
227.7910 	DATA 	Keypress: 2
227.8592 	DATA 	Keypress: 2
227.8626 	EXP 	unnamed TextStim: text = '-3'
228.3626 	DATA 	Sampled Response: 2, Outcome Shown: -3
228.3629 	DATA 	Keypress: 2
228.3630 	DATA 	Keypress: 2
228.4096 	DATA 	Keypress: 2
228.4132 	EXP 	unnamed TextStim: text = '-3'
228.9127 	DATA 	Sampled Response: 2, Outcome Shown: -3
228.9129 	DATA 	Keypress: 2
228.9130 	DATA 	Keypress: 2
228.9301 	DATA 	Keypress: 2
228.9385 	EXP 	unnamed TextStim: text = '-3'
229.4386 	DATA 	Sampled Response: 2, Outcome Shown: -3
229.4389 	DATA 	Keypress: 2
229.4390 	DATA 	Keypress: 2
231.2224 	DATA 	** broke sampling loop (<.5s left in trial) **
231.2258 	DATA 	samplingCount: 21
231.2258 	DATA 	Think Onset
231.2271 	EXP 	unnamed Rect: lineColor = 'white (named)'
231.2271 	EXP 	unnamed Rect: lineColor = 'white (named)'
234.2296 	DATA 	Decide Onset
234.5529 	DATA 	Keypress: 1
234.5530 	DATA 	Decision Button Press: ['1']
234.5531 	DATA 	Decision Response: 1
234.5544 	EXP 	unnamed Rect: lineColor = 'red (named)'
235.0619 	DATA 	ITI Onset
235.0629 	EXP 	unnamed Rect: lineColor = 'white (named)'
235.0629 	EXP 	unnamed Rect: lineColor = 'white (named)'
235.0629 	EXP 	unnamed TextStim: text = '+5'
235.0629 	EXP 	unnamed TextStim: text = '-3'
240.6063 	DATA 	Trial End Time - totalITI: 5.54014980901
240.6065 	EXP 	New trial (rep=0, index=10): {'P1_1': '0.5', 'P1_2': '0.3', 'SafeOption': '1', 'P2_2': '0.7', 'O2_2': '35', 'O2_1': '30', 'ProbNumber': 'RR5', 'O1_2': '-10', 'O1_1': '10', 'EV2': '21.5', 'EV1': '20', 'ProbType': 'RR', 'P2_1': '0.5'}
240.6067 	DATA 	Trial Onset - ProblemType: RR, ProblemNumber: RR5, leftRight: 1, samplingDur: 16, assignedITI: 5.0846
240.6067 	DATA 	Sampling Onset
240.9774 	DATA 	Keypress: 1
240.9878 	EXP 	unnamed TextStim: text = '+35'
241.4879 	DATA 	Sampled Response: 2, Outcome Shown: +30
241.4881 	DATA 	Keypress: 1
241.4882 	DATA 	Keypress: 1
241.5612 	DATA 	Keypress: 1
241.5672 	EXP 	unnamed TextStim: text = '+35'
242.0669 	DATA 	Sampled Response: 2, Outcome Shown: +30
242.0671 	DATA 	Keypress: 1
242.0673 	DATA 	Keypress: 1
242.0674 	DATA 	Keypress: 1
242.2364 	DATA 	Keypress: 1
242.2397 	EXP 	unnamed TextStim: text = '+35'
242.7389 	DATA 	Sampled Response: 2, Outcome Shown: +10
242.7391 	DATA 	Keypress: 1
242.7705 	DATA 	Keypress: 1
242.7768 	EXP 	unnamed TextStim: text = '-10'
243.2769 	DATA 	Sampled Response: 2, Outcome Shown: +10
243.2772 	DATA 	Keypress: 1
243.2773 	DATA 	Keypress: 1
243.3611 	DATA 	Keypress: 1
243.3716 	EXP 	unnamed TextStim: text = '+35'
243.8709 	DATA 	Sampled Response: 2, Outcome Shown: +10
243.8712 	DATA 	Keypress: 1
243.8713 	DATA 	Keypress: 1
243.9061 	DATA 	Keypress: 1
243.9094 	EXP 	unnamed TextStim: text = '+35'
244.4089 	DATA 	Sampled Response: 2, Outcome Shown: +30
244.4092 	DATA 	Keypress: 1
244.4093 	DATA 	Keypress: 1
244.5768 	DATA 	Keypress: 1
244.5855 	EXP 	unnamed TextStim: text = '-10'
245.0850 	DATA 	Sampled Response: 2, Outcome Shown: +10
245.0852 	DATA 	Keypress: 1
245.0854 	DATA 	Keypress: 1
245.3045 	DATA 	Keypress: 1
245.3152 	EXP 	unnamed TextStim: text = '+35'
245.8150 	DATA 	Sampled Response: 2, Outcome Shown: +10
245.8153 	DATA 	Keypress: 1
245.8154 	DATA 	Keypress: 1
245.9375 	DATA 	Keypress: 1
245.9408 	EXP 	unnamed TextStim: text = '+35'
246.4400 	DATA 	Sampled Response: 2, Outcome Shown: +30
246.4402 	DATA 	Keypress: 1
246.4404 	DATA 	Keypress: 1
246.5177 	DATA 	Keypress: 1
246.5238 	EXP 	unnamed TextStim: text = '-10'
247.0230 	DATA 	Sampled Response: 2, Outcome Shown: +30
247.0233 	DATA 	Keypress: 1
247.4012 	DATA 	Keypress: 2
247.4074 	EXP 	unnamed TextStim: text = '+10'
247.9070 	DATA 	Sampled Response: 1, Outcome Shown: +35
247.9073 	DATA 	Keypress: 2
247.9626 	DATA 	Keypress: 2
247.9705 	EXP 	unnamed TextStim: text = '+30'
248.4700 	DATA 	Sampled Response: 1, Outcome Shown: -10
248.4703 	DATA 	Keypress: 2
248.4704 	DATA 	Keypress: 2
248.4706 	DATA 	Keypress: 2
248.6428 	DATA 	Keypress: 2
248.6491 	EXP 	unnamed TextStim: text = '+10'
249.1491 	DATA 	Sampled Response: 1, Outcome Shown: +35
256.1085 	DATA 	** broke sampling loop (<.5s left in trial) **
256.1095 	DATA 	samplingCount: 13
256.1095 	DATA 	Think Onset
256.1119 	EXP 	unnamed Rect: lineColor = 'white (named)'
256.1119 	EXP 	unnamed Rect: lineColor = 'white (named)'
259.1177 	DATA 	Decide Onset
259.4399 	DATA 	Keypress: 2
259.4399 	DATA 	Decision Button Press: ['2']
259.4400 	DATA 	Decision Response: 1
259.4414 	EXP 	unnamed Rect: lineColor = 'red (named)'
259.9490 	DATA 	ITI Onset
259.9500 	EXP 	unnamed Rect: lineColor = 'white (named)'
259.9500 	EXP 	unnamed Rect: lineColor = 'white (named)'
259.9500 	EXP 	unnamed TextStim: text = '-10'
259.9500 	EXP 	unnamed TextStim: text = '+10'
266.9122 	DATA 	Trial End Time - totalITI: 6.96027986995
266.9125 	EXP 	New trial (rep=0, index=11): {'P1_1': '0.4', 'P1_2': '1', 'SafeOption': '2', 'P2_2': '0', 'O2_2': '0', 'O2_1': '0', 'ProbNumber': 'SD11', 'O1_2': '8', 'O1_1': '22', 'EV2': '8', 'EV1': '8.8', 'ProbType': 'SD', 'P2_1': '0.6'}
266.9126 	DATA 	Trial Onset - ProblemType: SD, ProblemNumber: SD11, leftRight: 1, samplingDur: 18, assignedITI: 1.0887
266.9126 	DATA 	Sampling Onset
267.3161 	DATA 	Keypress: 1
267.3235 	EXP 	unnamed TextStim: text = '+8'
267.8235 	DATA 	Sampled Response: 2, Outcome Shown: 0
267.8237 	DATA 	Keypress: 1
267.8238 	DATA 	Keypress: 1
268.0008 	DATA 	Keypress: 1
268.0041 	EXP 	unnamed TextStim: text = '+8'
268.5035 	DATA 	Sampled Response: 2, Outcome Shown: 0
268.5037 	DATA 	Keypress: 1
268.5039 	DATA 	Keypress: 1
268.5677 	DATA 	Keypress: 1
268.5739 	EXP 	unnamed TextStim: text = '+8'
269.0735 	DATA 	Sampled Response: 2, Outcome Shown: 0
269.0737 	DATA 	Keypress: 1
269.0739 	DATA 	Keypress: 1
269.0740 	DATA 	Keypress: 1
269.2246 	DATA 	Keypress: 1
269.2279 	EXP 	unnamed TextStim: text = '+8'
269.7275 	DATA 	Sampled Response: 2, Outcome Shown: 0
269.7277 	DATA 	Keypress: 1
269.7279 	DATA 	Keypress: 1
269.8254 	DATA 	Keypress: 1
269.8286 	EXP 	unnamed TextStim: text = '+8'
270.3285 	DATA 	Sampled Response: 2, Outcome Shown: +22
270.3287 	DATA 	Keypress: 1
270.3289 	DATA 	Keypress: 1
270.4247 	DATA 	Keypress: 1
270.4279 	EXP 	unnamed TextStim: text = '+8'
270.9275 	DATA 	Sampled Response: 2, Outcome Shown: +22
270.9278 	DATA 	Keypress: 1
270.9279 	DATA 	Keypress: 1
270.9768 	DATA 	Keypress: 1
270.9827 	EXP 	unnamed TextStim: text = '+8'
271.4825 	DATA 	Sampled Response: 2, Outcome Shown: 0
271.4827 	DATA 	Keypress: 1
271.4829 	DATA 	Keypress: 1
271.5450 	DATA 	Keypress: 1
271.5509 	EXP 	unnamed TextStim: text = '+8'
272.0505 	DATA 	Sampled Response: 2, Outcome Shown: +22
272.0508 	DATA 	Keypress: 1
272.0509 	DATA 	Keypress: 1
272.1361 	DATA 	Keypress: 1
272.1394 	EXP 	unnamed TextStim: text = '+8'
272.6395 	DATA 	Sampled Response: 2, Outcome Shown: +22
272.6398 	DATA 	Keypress: 1
272.6399 	DATA 	Keypress: 1
272.7601 	DATA 	Keypress: 1
272.7685 	EXP 	unnamed TextStim: text = '+8'
273.2686 	DATA 	Sampled Response: 2, Outcome Shown: 0
273.2688 	DATA 	Keypress: 1
273.4013 	DATA 	Keypress: 2
273.4075 	EXP 	unnamed TextStim: text = '+22'
273.9076 	DATA 	Sampled Response: 1, Outcome Shown: +8
273.9078 	DATA 	Keypress: 2
273.9079 	DATA 	Keypress: 2
274.0336 	DATA 	Keypress: 2
274.0388 	EXP 	unnamed TextStim: text = '0'
274.5386 	DATA 	Sampled Response: 1, Outcome Shown: +8
274.5388 	DATA 	Keypress: 2
274.5840 	DATA 	Keypress: 2
274.5899 	EXP 	unnamed TextStim: text = '0'
275.0896 	DATA 	Sampled Response: 1, Outcome Shown: +8
275.0898 	DATA 	Keypress: 2
275.0900 	DATA 	Keypress: 2
275.2321 	DATA 	Keypress: 2
275.2356 	EXP 	unnamed TextStim: text = '0'
275.7356 	DATA 	Sampled Response: 1, Outcome Shown: +8
275.7358 	DATA 	Keypress: 2
275.7360 	DATA 	Keypress: 2
275.8410 	DATA 	Keypress: 2
275.8473 	EXP 	unnamed TextStim: text = '+22'
276.3466 	DATA 	Sampled Response: 1, Outcome Shown: +8
276.3468 	DATA 	Keypress: 2
276.3470 	DATA 	Keypress: 2
276.5204 	DATA 	Keypress: 2
276.5283 	EXP 	unnamed TextStim: text = '0'
277.0277 	DATA 	Sampled Response: 1, Outcome Shown: +8
277.0279 	DATA 	Keypress: 2
277.0281 	DATA 	Keypress: 2
277.1914 	DATA 	Keypress: 2
277.1945 	EXP 	unnamed TextStim: text = '0'
277.6947 	DATA 	Sampled Response: 1, Outcome Shown: +8
277.6949 	DATA 	Keypress: 2
277.7366 	DATA 	Keypress: 2
277.7399 	EXP 	unnamed TextStim: text = '0'
278.2397 	DATA 	Sampled Response: 1, Outcome Shown: +8
278.2399 	DATA 	Keypress: 2
278.2401 	DATA 	Keypress: 2
278.4188 	DATA 	Keypress: 2
278.4250 	EXP 	unnamed TextStim: text = '+22'
278.9247 	DATA 	Sampled Response: 1, Outcome Shown: +8
278.9249 	DATA 	Keypress: 2
278.9612 	DATA 	Keypress: 2
278.9667 	EXP 	unnamed TextStim: text = '0'
279.4667 	DATA 	Sampled Response: 1, Outcome Shown: +8
279.4669 	DATA 	Keypress: 2
284.4178 	DATA 	** broke sampling loop (<.5s left in trial) **
284.4188 	DATA 	samplingCount: 20
284.4188 	DATA 	Think Onset
284.4212 	EXP 	unnamed Rect: lineColor = 'white (named)'
284.4212 	EXP 	unnamed Rect: lineColor = 'white (named)'
287.4246 	DATA 	Decide Onset
287.8546 	DATA 	Keypress: 2
287.8547 	DATA 	Decision Button Press: ['2']
287.8547 	DATA 	Decision Response: 1
287.8561 	EXP 	unnamed Rect: lineColor = 'red (named)'
288.3630 	DATA 	ITI Onset
288.3640 	EXP 	unnamed Rect: lineColor = 'white (named)'
288.3640 	EXP 	unnamed Rect: lineColor = 'white (named)'
288.3640 	EXP 	unnamed TextStim: text = '+8'
288.3640 	EXP 	unnamed TextStim: text = '0'
291.2193 	DATA 	Trial End Time - totalITI: 2.85308409589
291.2196 	EXP 	New trial (rep=0, index=12): {'P1_1': '0.8', 'P1_2': '1', 'SafeOption': '2', 'P2_2': '0', 'O2_2': '0', 'O2_1': '0', 'ProbNumber': 'SD9', 'O1_2': '13', 'O1_1': '16', 'EV2': '13', 'EV1': '12.8', 'ProbType': 'SD', 'P2_1': '0.2'}
291.2197 	DATA 	Trial Onset - ProblemType: SD, ProblemNumber: SD9, leftRight: 1, samplingDur: 18, assignedITI: 4.6191
291.2198 	DATA 	Sampling Onset
291.6951 	DATA 	Keypress: 1
291.7074 	EXP 	unnamed TextStim: text = '+13'
292.2070 	DATA 	Sampled Response: 2, Outcome Shown: +16
292.2072 	DATA 	Keypress: 1
292.3524 	DATA 	Keypress: 1
292.3554 	EXP 	unnamed TextStim: text = '+13'
292.8550 	DATA 	Sampled Response: 2, Outcome Shown: +16
292.8552 	DATA 	Keypress: 1
292.8554 	DATA 	Keypress: 1
292.9280 	DATA 	Keypress: 1
292.9342 	EXP 	unnamed TextStim: text = '+13'
293.4340 	DATA 	Sampled Response: 2, Outcome Shown: +16
293.4342 	DATA 	Keypress: 1
293.4344 	DATA 	Keypress: 1
293.4559 	DATA 	Keypress: 1
293.4593 	EXP 	unnamed TextStim: text = '+13'
293.9591 	DATA 	Sampled Response: 2, Outcome Shown: +16
293.9593 	DATA 	Keypress: 1
293.9594 	DATA 	Keypress: 1
294.0176 	DATA 	Keypress: 1
294.0210 	EXP 	unnamed TextStim: text = '+13'
294.5210 	DATA 	Sampled Response: 2, Outcome Shown: +16
294.5212 	DATA 	Keypress: 1
294.5214 	DATA 	Keypress: 1
294.5669 	DATA 	Keypress: 1
294.5728 	EXP 	unnamed TextStim: text = '+13'
295.0720 	DATA 	Sampled Response: 2, Outcome Shown: +16
295.0722 	DATA 	Keypress: 1
295.0724 	DATA 	Keypress: 1
295.0725 	DATA 	Keypress: 1
295.2334 	DATA 	Keypress: 1
295.2368 	EXP 	unnamed TextStim: text = '+13'
295.7360 	DATA 	Sampled Response: 2, Outcome Shown: +16
295.7362 	DATA 	Keypress: 1
295.7364 	DATA 	Keypress: 1
295.8082 	DATA 	Keypress: 1
295.8115 	EXP 	unnamed TextStim: text = '+13'
296.3111 	DATA 	Sampled Response: 2, Outcome Shown: 0
296.3113 	DATA 	Keypress: 1
296.3114 	DATA 	Keypress: 1
296.3439 	DATA 	Keypress: 1
296.3494 	EXP 	unnamed TextStim: text = '+13'
296.8491 	DATA 	Sampled Response: 2, Outcome Shown: +16
296.8493 	DATA 	Keypress: 1
296.8494 	DATA 	Keypress: 1
296.8947 	DATA 	Keypress: 1
296.9006 	EXP 	unnamed TextStim: text = '+13'
297.4001 	DATA 	Sampled Response: 2, Outcome Shown: +16
297.4003 	DATA 	Keypress: 1
297.4005 	DATA 	Keypress: 1
297.4392 	DATA 	Keypress: 1
297.4426 	EXP 	unnamed TextStim: text = '+13'
297.9421 	DATA 	Sampled Response: 2, Outcome Shown: +16
297.9423 	DATA 	Keypress: 1
297.9425 	DATA 	Keypress: 2
298.1521 	DATA 	Keypress: 2
298.1584 	EXP 	unnamed TextStim: text = '+16'
298.6581 	DATA 	Sampled Response: 1, Outcome Shown: +13
298.6583 	DATA 	Keypress: 2
298.6585 	DATA 	Keypress: 2
298.7183 	DATA 	Keypress: 2
298.7242 	EXP 	unnamed TextStim: text = '+16'
299.2241 	DATA 	Sampled Response: 1, Outcome Shown: +13
299.2244 	DATA 	Keypress: 2
299.2246 	DATA 	Keypress: 2
299.2784 	DATA 	Keypress: 2
299.2845 	EXP 	unnamed TextStim: text = '+16'
299.7841 	DATA 	Sampled Response: 1, Outcome Shown: +13
299.7844 	DATA 	Keypress: 2
299.7845 	DATA 	Keypress: 2
299.8722 	DATA 	Keypress: 2
299.8756 	EXP 	unnamed TextStim: text = '+16'
300.3752 	DATA 	Sampled Response: 1, Outcome Shown: +13
300.3754 	DATA 	Keypress: 2
300.3755 	DATA 	Keypress: 2
300.4223 	DATA 	Keypress: 2
300.4256 	EXP 	unnamed TextStim: text = '+16'
300.9252 	DATA 	Sampled Response: 1, Outcome Shown: +13
300.9254 	DATA 	Keypress: 2
300.9255 	DATA 	Keypress: 2
300.9687 	DATA 	Keypress: 2
300.9737 	EXP 	unnamed TextStim: text = '0'
301.4732 	DATA 	Sampled Response: 1, Outcome Shown: +13
301.4734 	DATA 	Keypress: 2
301.4736 	DATA 	Keypress: 2
301.5187 	DATA 	Keypress: 2
301.5278 	EXP 	unnamed TextStim: text = '+16'
302.0272 	DATA 	Sampled Response: 1, Outcome Shown: +13
302.0274 	DATA 	Keypress: 2
302.0275 	DATA 	Keypress: 2
302.1988 	DATA 	Keypress: 2
302.2041 	EXP 	unnamed TextStim: text = '0'
302.7042 	DATA 	Sampled Response: 1, Outcome Shown: +13
302.7044 	DATA 	Keypress: 2
302.7046 	DATA 	Keypress: 2
302.7600 	DATA 	Keypress: 2
302.7657 	EXP 	unnamed TextStim: text = '0'
303.2652 	DATA 	Sampled Response: 1, Outcome Shown: +13
303.2656 	DATA 	Keypress: 2
303.2657 	DATA 	Keypress: 2
303.3430 	DATA 	Keypress: 2
303.3493 	EXP 	unnamed TextStim: text = '+16'
303.8492 	DATA 	Sampled Response: 1, Outcome Shown: +13
303.8494 	DATA 	Keypress: 2
303.8496 	DATA 	Keypress: 2
308.7229 	DATA 	** broke sampling loop (<.5s left in trial) **
308.7239 	DATA 	samplingCount: 21
308.7239 	DATA 	Think Onset
308.7263 	EXP 	unnamed Rect: lineColor = 'white (named)'
308.7263 	EXP 	unnamed Rect: lineColor = 'white (named)'
311.7319 	DATA 	Decide Onset
312.9656 	DATA 	Keypress: 2
312.9657 	DATA 	Decision Button Press: ['2']
312.9657 	DATA 	Decision Response: 1
312.9671 	EXP 	unnamed Rect: lineColor = 'red (named)'
313.4749 	DATA 	ITI Onset
313.4759 	EXP 	unnamed Rect: lineColor = 'white (named)'
313.4759 	EXP 	unnamed Rect: lineColor = 'white (named)'
313.4759 	EXP 	unnamed TextStim: text = '+13'
313.4759 	EXP 	unnamed TextStim: text = '+16'
319.0589 	DATA 	Trial End Time - totalITI: 5.58188631913
319.0592 	EXP 	New trial (rep=0, index=13): {'P1_1': '0.8', 'P1_2': '1', 'SafeOption': '2', 'P2_2': '0', 'O2_2': '0', 'O2_1': '0', 'ProbNumber': 'SD4', 'O1_2': '-3', 'O1_1': '-4', 'EV2': '-3', 'EV1': '-3.2', 'ProbType': 'SD', 'P2_1': '0.2'}
319.0593 	DATA 	Trial Onset - ProblemType: SD, ProblemNumber: SD4, leftRight: 1, samplingDur: 17, assignedITI: 1.2245
319.0593 	DATA 	Sampling Onset
319.3821 	DATA 	Keypress: 1
319.3889 	EXP 	unnamed TextStim: text = '-3'
319.8885 	DATA 	Sampled Response: 2, Outcome Shown: -4
319.8888 	DATA 	Keypress: 1
319.8889 	DATA 	Keypress: 1
320.0149 	DATA 	Keypress: 1
320.0181 	EXP 	unnamed TextStim: text = '-3'
320.5175 	DATA 	Sampled Response: 2, Outcome Shown: -4
320.5178 	DATA 	Keypress: 1
320.5179 	DATA 	Keypress: 1
320.5503 	DATA 	Keypress: 1
320.5538 	EXP 	unnamed TextStim: text = '-3'
321.0536 	DATA 	Sampled Response: 2, Outcome Shown: -4
321.0539 	DATA 	Keypress: 1
321.0542 	DATA 	Keypress: 1
321.0543 	DATA 	Keypress: 1
321.1738 	DATA 	Keypress: 1
321.1773 	EXP 	unnamed TextStim: text = '-3'
321.6766 	DATA 	Sampled Response: 2, Outcome Shown: -4
321.6768 	DATA 	Keypress: 1
321.6770 	DATA 	Keypress: 1
321.7495 	DATA 	Keypress: 1
321.7554 	EXP 	unnamed TextStim: text = '-3'
322.2556 	DATA 	Sampled Response: 2, Outcome Shown: 0
322.2558 	DATA 	Keypress: 1
322.2559 	DATA 	Keypress: 1
322.2561 	DATA 	Keypress: 1
322.3655 	DATA 	Keypress: 1
322.3686 	EXP 	unnamed TextStim: text = '-3'
322.8686 	DATA 	Sampled Response: 2, Outcome Shown: -4
322.8688 	DATA 	Keypress: 1
322.8690 	DATA 	Keypress: 1
322.8691 	DATA 	Keypress: 1
323.0214 	DATA 	Keypress: 1
323.0245 	EXP 	unnamed TextStim: text = '-3'
323.5246 	DATA 	Sampled Response: 2, Outcome Shown: 0
323.5249 	DATA 	Keypress: 1
323.5250 	DATA 	Keypress: 1
323.5251 	DATA 	Keypress: 1
323.6860 	DATA 	Keypress: 1
323.6919 	EXP 	unnamed TextStim: text = '-3'
324.1916 	DATA 	Sampled Response: 2, Outcome Shown: -4
324.1919 	DATA 	Keypress: 1
324.1920 	DATA 	Keypress: 1
324.1921 	DATA 	Keypress: 1
324.3758 	DATA 	Keypress: 1
324.3814 	EXP 	unnamed TextStim: text = '-3'
324.8807 	DATA 	Sampled Response: 2, Outcome Shown: -4
324.8809 	DATA 	Keypress: 1
324.8810 	DATA 	Keypress: 1
324.8854 	DATA 	Keypress: 1
324.8875 	EXP 	unnamed TextStim: text = '-3'
325.3867 	DATA 	Sampled Response: 2, Outcome Shown: -4
325.3869 	DATA 	Keypress: 1
325.3870 	DATA 	Keypress: 1
325.3872 	DATA 	Keypress: 2
325.5572 	DATA 	Keypress: 2
325.5657 	EXP 	unnamed TextStim: text = '-4'
326.0657 	DATA 	Sampled Response: 1, Outcome Shown: -3
326.0659 	DATA 	Keypress: 2
326.0661 	DATA 	Keypress: 2
326.0662 	DATA 	Keypress: 2
326.2493 	DATA 	Keypress: 2
326.2526 	EXP 	unnamed TextStim: text = '-4'
326.7527 	DATA 	Sampled Response: 1, Outcome Shown: -3
326.7529 	DATA 	Keypress: 2
326.7531 	DATA 	Keypress: 2
326.8141 	DATA 	Keypress: 2
326.8174 	EXP 	unnamed TextStim: text = '-4'
327.3167 	DATA 	Sampled Response: 1, Outcome Shown: -3
327.3169 	DATA 	Keypress: 2
327.3171 	DATA 	Keypress: 2
327.3591 	DATA 	Keypress: 2
327.3650 	EXP 	unnamed TextStim: text = '-4'
327.8648 	DATA 	Sampled Response: 1, Outcome Shown: -3
327.8650 	DATA 	Keypress: 2
327.8652 	DATA 	Keypress: 2
327.9504 	DATA 	Keypress: 2
327.9537 	EXP 	unnamed TextStim: text = '-4'
328.4539 	DATA 	Sampled Response: 1, Outcome Shown: -3
328.4541 	DATA 	Keypress: 2
328.4542 	DATA 	Keypress: 2
328.7089 	DATA 	Keypress: 2
328.7173 	EXP 	unnamed TextStim: text = '-4'
329.2167 	DATA 	Sampled Response: 1, Outcome Shown: -3
329.2169 	DATA 	Keypress: 2
329.2171 	DATA 	Keypress: 2
329.2978 	DATA 	Keypress: 2
329.3012 	EXP 	unnamed TextStim: text = '-4'
329.8008 	DATA 	Sampled Response: 1, Outcome Shown: -3
329.8010 	DATA 	Keypress: 2
329.8011 	DATA 	Keypress: 2
329.9099 	DATA 	Keypress: 2
329.9161 	EXP 	unnamed TextStim: text = '-4'
330.4158 	DATA 	Sampled Response: 1, Outcome Shown: -3
330.4160 	DATA 	Keypress: 2
330.4162 	DATA 	Keypress: 2
330.4692 	DATA 	Keypress: 2
330.4727 	EXP 	unnamed TextStim: text = '-4'
330.9728 	DATA 	Sampled Response: 1, Outcome Shown: -3
330.9730 	DATA 	Keypress: 2
330.9732 	DATA 	Keypress: 2
331.0390 	DATA 	Keypress: 2
331.0439 	EXP 	unnamed TextStim: text = '0'
331.5438 	DATA 	Sampled Response: 1, Outcome Shown: -3
331.5440 	DATA 	Keypress: 2
335.5639 	DATA 	** broke sampling loop (<.5s left in trial) **
335.5649 	DATA 	samplingCount: 20
335.5649 	DATA 	Think Onset
335.5673 	EXP 	unnamed Rect: lineColor = 'white (named)'
335.5673 	EXP 	unnamed Rect: lineColor = 'white (named)'
338.5713 	DATA 	Decide Onset
338.9004 	DATA 	Keypress: 2
338.9005 	DATA 	Decision Button Press: ['2']
338.9006 	DATA 	Decision Response: 1
338.9019 	EXP 	unnamed Rect: lineColor = 'red (named)'
339.4090 	DATA 	ITI Onset
339.4100 	EXP 	unnamed Rect: lineColor = 'white (named)'
339.4100 	EXP 	unnamed Rect: lineColor = 'white (named)'
339.4100 	EXP 	unnamed TextStim: text = '-3'
339.4100 	EXP 	unnamed TextStim: text = '0'
342.5027 	DATA 	Trial End Time - totalITI: 3.09032780483
342.5030 	EXP 	New trial (rep=0, index=14): {'P1_1': '0.6', 'P1_2': '1', 'SafeOption': '2', 'P2_2': '0', 'O2_2': '0', 'O2_1': '-12', 'ProbNumber': 'MD12', 'O1_2': '12', 'O1_1': '30', 'EV2': '12', 'EV1': '13.2', 'ProbType': 'MD', 'P2_1': '0.4'}
342.5032 	DATA 	Trial Onset - ProblemType: MD, ProblemNumber: MD12, leftRight: 0, samplingDur: 15, assignedITI: 2.5575
342.5032 	DATA 	Sampling Onset
343.0459 	DATA 	Keypress: 1
343.0541 	EXP 	unnamed TextStim: text = '+30'
343.5541 	DATA 	Sampled Response: 1, Outcome Shown: +30
343.5543 	DATA 	Keypress: 1
343.5544 	DATA 	Keypress: 1
343.6967 	DATA 	Keypress: 1
343.7031 	EXP 	unnamed TextStim: text = '-12'
344.2031 	DATA 	Sampled Response: 1, Outcome Shown: -12
344.2033 	DATA 	Keypress: 1
344.2035 	DATA 	Keypress: 1
344.3424 	DATA 	Keypress: 1
344.3482 	EXP 	unnamed TextStim: text = '-12'
344.8481 	DATA 	Sampled Response: 1, Outcome Shown: -12
344.8483 	DATA 	Keypress: 1
344.8485 	DATA 	Keypress: 1
345.0052 	DATA 	Keypress: 1
345.0132 	EXP 	unnamed TextStim: text = '+30'
345.5131 	DATA 	Sampled Response: 1, Outcome Shown: +30
345.5134 	DATA 	Keypress: 1
345.5136 	DATA 	Keypress: 1
345.6694 	DATA 	Keypress: 1
345.6755 	EXP 	unnamed TextStim: text = '-12'
346.1751 	DATA 	Sampled Response: 1, Outcome Shown: -12
346.1753 	DATA 	Keypress: 1
346.1755 	DATA 	Keypress: 1
346.2922 	DATA 	Keypress: 1
346.3001 	EXP 	unnamed TextStim: text = '+30'
346.8001 	DATA 	Sampled Response: 1, Outcome Shown: +30
346.8004 	DATA 	Keypress: 1
346.8005 	DATA 	Keypress: 1
346.8769 	DATA 	Keypress: 1
346.8854 	EXP 	unnamed TextStim: text = '+30'
347.3852 	DATA 	Sampled Response: 1, Outcome Shown: +30
347.3854 	DATA 	Keypress: 1
347.3855 	DATA 	Keypress: 1
347.5181 	DATA 	Keypress: 1
347.5242 	EXP 	unnamed TextStim: text = '-12'
348.0242 	DATA 	Sampled Response: 1, Outcome Shown: -12
348.0244 	DATA 	Keypress: 1
348.0246 	DATA 	Keypress: 1
348.1883 	DATA 	Keypress: 1
348.1914 	EXP 	unnamed TextStim: text = '-12'
348.6911 	DATA 	Sampled Response: 1, Outcome Shown: -12
348.6914 	DATA 	Keypress: 1
348.6915 	DATA 	Keypress: 1
348.8541 	DATA 	Keypress: 1
348.8574 	EXP 	unnamed TextStim: text = '-12'
349.3572 	DATA 	Sampled Response: 1, Outcome Shown: -12
349.3574 	DATA 	Keypress: 1
349.7425 	DATA 	Keypress: 2
349.7488 	EXP 	unnamed TextStim: text = '+12'
350.2482 	DATA 	Sampled Response: 2, Outcome Shown: +12
350.2484 	DATA 	Keypress: 2
350.3976 	DATA 	Keypress: 2
350.4007 	EXP 	unnamed TextStim: text = '+12'
350.9002 	DATA 	Sampled Response: 2, Outcome Shown: +12
350.9004 	DATA 	Keypress: 2
351.0469 	DATA 	Keypress: 2
351.0503 	EXP 	unnamed TextStim: text = '+12'
351.5502 	DATA 	Sampled Response: 2, Outcome Shown: +12
351.5504 	DATA 	Keypress: 2
351.5506 	DATA 	Keypress: 2
351.8124 	DATA 	Keypress: 2
351.8157 	EXP 	unnamed TextStim: text = '+12'
352.3152 	DATA 	Sampled Response: 2, Outcome Shown: +12
352.3155 	DATA 	Keypress: 2
352.3156 	DATA 	Keypress: 2
352.5736 	DATA 	Keypress: 2
352.5794 	EXP 	unnamed TextStim: text = '+12'
353.0792 	DATA 	Sampled Response: 2, Outcome Shown: +12
353.0795 	DATA 	Keypress: 2
353.0796 	DATA 	Keypress: 2
353.1981 	DATA 	Keypress: 2
353.2014 	EXP 	unnamed TextStim: text = '+12'
353.7013 	DATA 	Sampled Response: 2, Outcome Shown: +12
353.7015 	DATA 	Keypress: 2
353.7017 	DATA 	Keypress: 2
353.7018 	DATA 	Keypress: 2
357.0043 	DATA 	** broke sampling loop (<.5s left in trial) **
357.0078 	DATA 	samplingCount: 16
357.0078 	DATA 	Think Onset
357.0089 	EXP 	unnamed Rect: lineColor = 'white (named)'
357.0089 	EXP 	unnamed Rect: lineColor = 'white (named)'
360.0169 	DATA 	Decide Onset
360.4115 	DATA 	Keypress: 2
360.4116 	DATA 	Decision Button Press: ['2']
360.4117 	DATA 	Decision Response: 2
360.4131 	EXP 	unnamed Rect: lineColor = 'red (named)'
360.9206 	DATA 	ITI Onset
360.9216 	EXP 	unnamed Rect: lineColor = 'white (named)'
360.9216 	EXP 	unnamed Rect: lineColor = 'white (named)'
360.9216 	EXP 	unnamed TextStim: text = '-12'
360.9216 	EXP 	unnamed TextStim: text = '+12'
365.2832 	DATA 	Trial End Time - totalITI: 4.35895925882
365.2835 	EXP 	New trial (rep=0, index=15): {'P1_1': '0.4', 'P1_2': '1', 'SafeOption': '2', 'P2_2': '0', 'O2_2': '0', 'O2_1': '0', 'ProbNumber': 'SD2', 'O1_2': '-2', 'O1_1': '-4', 'EV2': '-2', 'EV1': '-1.6', 'ProbType': 'SD', 'P2_1': '0.6'}
365.2836 	DATA 	Trial Onset - ProblemType: SD, ProblemNumber: SD2, leftRight: 0, samplingDur: 15, assignedITI: 1.3975
365.2836 	DATA 	Sampling Onset
365.6211 	DATA 	Keypress: 1
365.6266 	EXP 	unnamed TextStim: text = '0'
366.1265 	DATA 	Sampled Response: 1, Outcome Shown: 0
366.1267 	DATA 	Keypress: 1
366.1269 	DATA 	Keypress: 1
366.2453 	DATA 	Keypress: 1
366.2511 	EXP 	unnamed TextStim: text = '-4'
366.7505 	DATA 	Sampled Response: 1, Outcome Shown: -4
366.7508 	DATA 	Keypress: 1
366.7509 	DATA 	Keypress: 1
366.9330 	DATA 	Keypress: 1
366.9363 	EXP 	unnamed TextStim: text = '-4'
367.4355 	DATA 	Sampled Response: 1, Outcome Shown: -4
367.4358 	DATA 	Keypress: 1
367.4359 	DATA 	Keypress: 1
367.5813 	DATA 	Keypress: 1
367.5868 	EXP 	unnamed TextStim: text = '0'
368.0866 	DATA 	Sampled Response: 1, Outcome Shown: 0
368.0868 	DATA 	Keypress: 1
368.0869 	DATA 	Keypress: 1
368.2363 	DATA 	Keypress: 1
368.2396 	EXP 	unnamed TextStim: text = '0'
368.7396 	DATA 	Sampled Response: 1, Outcome Shown: 0
368.7398 	DATA 	Keypress: 1
368.7400 	DATA 	Keypress: 1
368.8997 	DATA 	Keypress: 1
368.9030 	EXP 	unnamed TextStim: text = '0'
369.4026 	DATA 	Sampled Response: 1, Outcome Shown: 0
369.4028 	DATA 	Keypress: 1
369.4030 	DATA 	Keypress: 1
369.5724 	DATA 	Keypress: 1
369.5783 	EXP 	unnamed TextStim: text = '-4'
370.0776 	DATA 	Sampled Response: 1, Outcome Shown: -4
370.0778 	DATA 	Keypress: 1
370.0780 	DATA 	Keypress: 1
370.2696 	DATA 	Keypress: 1
370.2729 	EXP 	unnamed TextStim: text = '-4'
370.7726 	DATA 	Sampled Response: 1, Outcome Shown: -4
370.9001 	DATA 	Keypress: 2
370.9080 	EXP 	unnamed TextStim: text = '-2'
371.4077 	DATA 	Sampled Response: 2, Outcome Shown: -2
371.4079 	DATA 	Keypress: 2
371.4080 	DATA 	Keypress: 2
371.4834 	DATA 	Keypress: 2
371.4868 	EXP 	unnamed TextStim: text = '-2'
371.9866 	DATA 	Sampled Response: 2, Outcome Shown: -2
371.9868 	DATA 	Keypress: 2
371.9870 	DATA 	Keypress: 2
372.0038 	DATA 	Keypress: 2
372.0125 	EXP 	unnamed TextStim: text = '-2'
372.5117 	DATA 	Sampled Response: 2, Outcome Shown: -2
372.5120 	DATA 	Keypress: 2
372.5121 	DATA 	Keypress: 2
372.5244 	DATA 	Keypress: 2
372.5304 	EXP 	unnamed TextStim: text = '-2'
373.0297 	DATA 	Sampled Response: 2, Outcome Shown: -2
373.0299 	DATA 	Keypress: 2
373.0301 	DATA 	Keypress: 2
373.0302 	DATA 	Keypress: 2
373.1871 	DATA 	Keypress: 2
373.1903 	EXP 	unnamed TextStim: text = '-2'
373.6897 	DATA 	Sampled Response: 2, Outcome Shown: -2
373.6899 	DATA 	Keypress: 2
373.6901 	DATA 	Keypress: 2
373.6902 	DATA 	Keypress: 2
373.9317 	DATA 	Keypress: 2
373.9376 	EXP 	unnamed TextStim: text = '-2'
374.4377 	DATA 	Sampled Response: 2, Outcome Shown: -2
374.4379 	DATA 	Keypress: 2
374.4381 	DATA 	Keypress: 2
374.5165 	DATA 	Keypress: 2
374.5198 	EXP 	unnamed TextStim: text = '-2'
375.0197 	DATA 	Sampled Response: 2, Outcome Shown: -2
375.0199 	DATA 	Keypress: 2
375.0216 	DATA 	Keypress: 2
375.2796 	DATA 	Keypress: 2
375.2829 	EXP 	unnamed TextStim: text = '-2'
375.7827 	DATA 	Sampled Response: 2, Outcome Shown: -2
375.7829 	DATA 	Keypress: 2
376.3117 	DATA 	Keypress: 1
376.3168 	EXP 	unnamed TextStim: text = '0'
376.8168 	DATA 	Sampled Response: 1, Outcome Shown: 0
376.8170 	DATA 	Keypress: 1
377.2302 	DATA 	Keypress: 1
377.2358 	EXP 	unnamed TextStim: text = '-4'
377.7358 	DATA 	Sampled Response: 1, Outcome Shown: -4
378.0203 	DATA 	Keypress: 1
378.0253 	EXP 	unnamed TextStim: text = '0'
378.5248 	DATA 	Sampled Response: 1, Outcome Shown: 0
378.6908 	DATA 	Keypress: 1
378.6965 	EXP 	unnamed TextStim: text = '0'
379.1959 	DATA 	Sampled Response: 1, Outcome Shown: 0
379.3649 	DATA 	Keypress: 1
379.3705 	EXP 	unnamed TextStim: text = '-4'
379.8698 	DATA 	Sampled Response: 1, Outcome Shown: -4
379.8700 	DATA 	** broke sampling loop (<.5s left in trial) **
379.8709 	DATA 	samplingCount: 21
379.8709 	DATA 	Think Onset
379.8721 	EXP 	unnamed Rect: lineColor = 'white (named)'
379.8721 	EXP 	unnamed Rect: lineColor = 'white (named)'
382.8794 	DATA 	Decide Onset
383.3065 	DATA 	Keypress: 2
383.3066 	DATA 	Decision Button Press: ['2']
383.3067 	DATA 	Decision Response: 2
383.3082 	EXP 	unnamed Rect: lineColor = 'red (named)'
383.8147 	DATA 	ITI Onset
383.8157 	EXP 	unnamed Rect: lineColor = 'white (named)'
383.8157 	EXP 	unnamed Rect: lineColor = 'white (named)'
383.8157 	EXP 	unnamed TextStim: text = '-4'
383.8157 	EXP 	unnamed TextStim: text = '-2'
386.9012 	DATA 	Trial End Time - totalITI: 3.08367090884
386.9015 	EXP 	New trial (rep=0, index=16): {'P1_1': '0.2', 'P1_2': '1', 'SafeOption': '2', 'P2_2': '0', 'O2_2': '0', 'O2_1': '0', 'ProbNumber': 'SD12', 'O1_2': '6', 'O1_1': '29', 'EV2': '6', 'EV1': '5.8', 'ProbType': 'SD', 'P2_1': '0.8'}
386.9016 	DATA 	Trial Onset - ProblemType: SD, ProblemNumber: SD12, leftRight: 0, samplingDur: 17, assignedITI: 1.2853
386.9017 	DATA 	Sampling Onset
387.4304 	DATA 	Keypress: 1
387.4356 	EXP 	unnamed TextStim: text = '0'
387.9350 	DATA 	Sampled Response: 1, Outcome Shown: 0
388.0940 	DATA 	Keypress: 1
388.0973 	EXP 	unnamed TextStim: text = '0'
388.5970 	DATA 	Sampled Response: 1, Outcome Shown: 0
388.6450 	DATA 	Keypress: 1
388.6482 	EXP 	unnamed TextStim: text = '0'
389.1480 	DATA 	Sampled Response: 1, Outcome Shown: 0
389.1483 	DATA 	Keypress: 1
389.7794 	DATA 	Keypress: 1
389.7827 	EXP 	unnamed TextStim: text = '0'
390.2820 	DATA 	Sampled Response: 1, Outcome Shown: 0
390.3242 	DATA 	Keypress: 1
390.3302 	EXP 	unnamed TextStim: text = '0'
390.8301 	DATA 	Sampled Response: 1, Outcome Shown: 0
390.8303 	DATA 	Keypress: 1
391.3232 	DATA 	Keypress: 1
391.3291 	EXP 	unnamed TextStim: text = '0'
391.8291 	DATA 	Sampled Response: 1, Outcome Shown: 0
391.8293 	DATA 	Keypress: 1
391.8676 	DATA 	Keypress: 1
391.8709 	EXP 	unnamed TextStim: text = '0'
392.3701 	DATA 	Sampled Response: 1, Outcome Shown: 0
392.3703 	DATA 	Keypress: 1
392.3705 	DATA 	Keypress: 1
392.3706 	DATA 	Keypress: 1
392.4909 	DATA 	Keypress: 1
392.4995 	EXP 	unnamed TextStim: text = '0'
392.9991 	DATA 	Sampled Response: 1, Outcome Shown: 0
392.9993 	DATA 	Keypress: 2
393.4199 	DATA 	Keypress: 2
393.4258 	EXP 	unnamed TextStim: text = '+6'
393.9251 	DATA 	Sampled Response: 2, Outcome Shown: +6
394.1061 	DATA 	Keypress: 2
394.1145 	EXP 	unnamed TextStim: text = '+6'
394.6141 	DATA 	Sampled Response: 2, Outcome Shown: +6
394.8771 	DATA 	Keypress: 2
394.8803 	EXP 	unnamed TextStim: text = '+6'
395.3802 	DATA 	Sampled Response: 2, Outcome Shown: +6
395.5404 	DATA 	Keypress: 2
395.5464 	EXP 	unnamed TextStim: text = '+6'
396.0462 	DATA 	Sampled Response: 2, Outcome Shown: +6
396.2029 	DATA 	Keypress: 2
396.2061 	EXP 	unnamed TextStim: text = '+6'
396.7062 	DATA 	Sampled Response: 2, Outcome Shown: +6
396.8358 	DATA 	Keypress: 2
396.8393 	EXP 	unnamed TextStim: text = '+6'
397.3392 	DATA 	Sampled Response: 2, Outcome Shown: +6
397.4344 	DATA 	Keypress: 2
397.4379 	EXP 	unnamed TextStim: text = '+6'
397.9372 	DATA 	Sampled Response: 2, Outcome Shown: +6
398.0046 	DATA 	Keypress: 2
398.0106 	EXP 	unnamed TextStim: text = '+6'
398.5102 	DATA 	Sampled Response: 2, Outcome Shown: +6
398.5880 	DATA 	Keypress: 2
398.5941 	EXP 	unnamed TextStim: text = '+6'
399.0942 	DATA 	Sampled Response: 2, Outcome Shown: +6
399.1301 	DATA 	Keypress: 2
399.1334 	EXP 	unnamed TextStim: text = '+6'
399.6332 	DATA 	Sampled Response: 2, Outcome Shown: +6
400.3784 	DATA 	Keypress: 1
400.3844 	EXP 	unnamed TextStim: text = '0'
400.8843 	DATA 	Sampled Response: 1, Outcome Shown: 0
401.1002 	DATA 	Keypress: 1
401.1035 	EXP 	unnamed TextStim: text = '0'
401.6033 	DATA 	Sampled Response: 1, Outcome Shown: 0
401.7539 	DATA 	Keypress: 1
401.7625 	EXP 	unnamed TextStim: text = '0'
402.2623 	DATA 	Sampled Response: 1, Outcome Shown: 0
402.3106 	DATA 	Keypress: 1
402.3139 	EXP 	unnamed TextStim: text = '0'
402.8133 	DATA 	Sampled Response: 1, Outcome Shown: 0
402.8355 	DATA 	Keypress: 1
402.8391 	EXP 	unnamed TextStim: text = '0'
403.3383 	DATA 	Sampled Response: 1, Outcome Shown: 0
403.4023 	DATA 	** broke sampling loop (<.5s left in trial) **
403.4034 	DATA 	samplingCount: 23
403.4034 	DATA 	Think Onset
403.4059 	EXP 	unnamed Rect: lineColor = 'white (named)'
403.4059 	EXP 	unnamed Rect: lineColor = 'white (named)'
406.4098 	DATA 	Decide Onset
406.7935 	DATA 	Keypress: 2
406.7936 	DATA 	Decision Button Press: ['2']
406.7936 	DATA 	Decision Response: 2
406.7950 	EXP 	unnamed Rect: lineColor = 'red (named)'
407.3005 	DATA 	ITI Onset
407.3015 	EXP 	unnamed Rect: lineColor = 'white (named)'
407.3015 	EXP 	unnamed Rect: lineColor = 'white (named)'
407.3015 	EXP 	unnamed TextStim: text = '0'
407.3015 	EXP 	unnamed TextStim: text = '+6'
410.4037 	DATA 	Trial End Time - totalITI: 3.10050842381
410.4039 	EXP 	New trial (rep=0, index=17): {'P1_1': '0.4', 'P1_2': '0.4', 'SafeOption': '1', 'P2_2': '0.6', 'O2_2': '17', 'O2_1': '12', 'ProbNumber': 'RR2', 'O1_2': '-5', 'O1_1': '5', 'EV2': '8.2', 'EV1': '9.2', 'ProbType': 'RR', 'P2_1': '0.6'}
410.4041 	DATA 	Trial Onset - ProblemType: RR, ProblemNumber: RR2, leftRight: 0, samplingDur: 15, assignedITI: 1.2297
410.4041 	DATA 	Sampling Onset
410.7781 	DATA 	Keypress: 1
410.7861 	EXP 	unnamed TextStim: text = '+5'
411.2855 	DATA 	Sampled Response: 1, Outcome Shown: +5
411.3539 	DATA 	Keypress: 1
411.3628 	EXP 	unnamed TextStim: text = '+5'
411.8625 	DATA 	Sampled Response: 1, Outcome Shown: +5
411.9298 	DATA 	Keypress: 1
411.9360 	EXP 	unnamed TextStim: text = '+12'
412.4355 	DATA 	Sampled Response: 1, Outcome Shown: +12
412.5615 	DATA 	Keypress: 1
412.5695 	EXP 	unnamed TextStim: text = '+5'
413.0695 	DATA 	Sampled Response: 1, Outcome Shown: +5
413.1230 	DATA 	Keypress: 1
413.1307 	EXP 	unnamed TextStim: text = '+12'
413.6305 	DATA 	Sampled Response: 1, Outcome Shown: +12
413.6829 	DATA 	Keypress: 1
413.6886 	EXP 	unnamed TextStim: text = '+5'
414.1885 	DATA 	Sampled Response: 1, Outcome Shown: +5
414.1888 	DATA 	Keypress: 1
414.7302 	DATA 	Keypress: 2
414.7361 	EXP 	unnamed TextStim: text = '-5'
415.2356 	DATA 	Sampled Response: 2, Outcome Shown: -5
415.2655 	DATA 	Keypress: 2
415.2784 	EXP 	unnamed TextStim: text = '+17'
415.7776 	DATA 	Sampled Response: 2, Outcome Shown: +17
415.8293 	DATA 	Keypress: 2
415.8351 	EXP 	unnamed TextStim: text = '-5'
416.3346 	DATA 	Sampled Response: 2, Outcome Shown: -5
416.3348 	DATA 	Keypress: 2
417.0017 	DATA 	Keypress: 2
417.0050 	EXP 	unnamed TextStim: text = '-5'
417.5046 	DATA 	Sampled Response: 2, Outcome Shown: -5
417.6435 	DATA 	Keypress: 2
417.6516 	EXP 	unnamed TextStim: text = '+17'
418.1516 	DATA 	Sampled Response: 2, Outcome Shown: +17
418.4013 	DATA 	Keypress: 2
418.4097 	EXP 	unnamed TextStim: text = '+17'
418.9097 	DATA 	Sampled Response: 2, Outcome Shown: +17
418.9135 	DATA 	Keypress: 2
418.9152 	EXP 	unnamed TextStim: text = '+17'
419.4147 	DATA 	Sampled Response: 2, Outcome Shown: +17
419.5853 	DATA 	Keypress: 2
419.5911 	EXP 	unnamed TextStim: text = '-5'
420.0907 	DATA 	Sampled Response: 2, Outcome Shown: -5
420.2932 	DATA 	Keypress: 2
420.3010 	EXP 	unnamed TextStim: text = '+17'
420.8007 	DATA 	Sampled Response: 2, Outcome Shown: +17
421.0432 	DATA 	Keypress: 2
421.0465 	EXP 	unnamed TextStim: text = '+17'
421.5457 	DATA 	Sampled Response: 2, Outcome Shown: +17
424.9060 	DATA 	** broke sampling loop (<.5s left in trial) **
424.9069 	DATA 	samplingCount: 16
424.9069 	DATA 	Think Onset
424.9119 	EXP 	unnamed Rect: lineColor = 'white (named)'
424.9119 	EXP 	unnamed Rect: lineColor = 'white (named)'
427.9140 	DATA 	Decide Onset
428.3046 	DATA 	Keypress: 1
428.3047 	DATA 	Decision Button Press: ['1']
428.3047 	DATA 	Decision Response: 1
428.3062 	EXP 	unnamed Rect: lineColor = 'red (named)'
428.8138 	DATA 	ITI Onset
428.8148 	EXP 	unnamed Rect: lineColor = 'white (named)'
428.8148 	EXP 	unnamed Rect: lineColor = 'white (named)'
428.8148 	EXP 	unnamed TextStim: text = '+5'
428.8148 	EXP 	unnamed TextStim: text = '+17'
431.8536 	DATA 	Trial End Time - totalITI: 3.03688284245
431.9898 	INFO 	saved wide-format data to logs/DE219/DE219_ebdm_run_2.csv
431.9899 	DATA 	*****END RUN 2*****
432.0574 	EXP 	window1: mouseVisible = True
