15.4507 	INFO 	Loaded monitor calibration from ['2018_11_08 16:38']
15.4534 	WARNING 	User requested fullscreen with size [800 600], but screen is actually [1920, 1080]. Using actual size
16.2737 	EXP 	Created window1 = Window(allowGUI=False, allowStencil=False, args=UNKNOWN, autoLog=True, bitsMode=UNKNOWN, blendMode='avg', color='black', colorSpace='named', fullscr=UNKNOWN, gamma=None, kwargs=UNKNOWN, lms=UNKNOWN, monitor=<psychopy.monitors.calibTools.Monitor object at 0x1C8040F0>, multiSample=False, name='window1', numSamples=2, pos=[0, 0], screen=0, size=array([1920, 1080]), stereo=False, units='deg', useFBO=False, useRetina=False, viewOri=0.0, viewPos=None, viewScale=None, waitBlanking=True, winType='pyglet')
16.3233 	EXP 	Created unnamed TextStim = TextStim(alignHoriz='center', alignVert='center', antialias=True, autoLog=True, bold=False, color=array([ 1.,  1.,  1.]), colorSpace='rgb', contrast=1.0, depth=0, flipHoriz=False, flipVert=False, font='', fontFiles=[], height=2, italic=False, name='unnamed TextStim', opacity=1.0, ori=0.0, pos=array([ 0.,  0.]), rgb=array([ 1.,  1.,  1.]), text='+', units='deg', win=Window(...), wrapWidth=15.0)
16.3626 	EXP 	Created unnamed TextStim = TextStim(alignHoriz='center', alignVert='center', antialias=True, autoLog=True, bold=False, color=array([ 1.,  1.,  1.]), colorSpace='rgb', contrast=1.0, depth=0, flipHoriz=False, flipVert=False, font='', fontFiles=[], height=1.5, italic=False, name='unnamed TextStim', opacity=1.0, ori=0.0, pos=array([ 0.,  0.]), rgb=array([ 1.,  1.,  1.]), text=newstr(...), units='deg', win=Window(...), wrapWidth=15.0)
16.3794 	EXP 	Created unnamed TextStim = TextStim(alignHoriz='center', alignVert='center', antialias=True, autoLog=True, bold=False, color=array([ 1.,  1.,  1.]), colorSpace='rgb', contrast=1.0, depth=0, flipHoriz=False, flipVert=False, font='', fontFiles=[], height=1.5, italic=False, name='unnamed TextStim', opacity=1.0, ori=0.0, pos=array([ 0.,  0.]), rgb=array([ 1.,  1.,  1.]), text='Waiting for scanner...', units='deg', win=Window(...), wrapWidth=15.0)
16.4000 	EXP 	Created unnamed TextStim = TextStim(alignHoriz='center', alignVert='center', antialias=True, autoLog=True, bold=False, color='white', colorSpace='named', contrast=1.0, depth=0, flipHoriz=False, flipVert=False, font='', fontFiles=[], height=1, italic=False, name='unnamed TextStim', opacity=1.0, ori=0.0, pos=array([ 0.,  0.]), rgb=array([ 255.,  255.,  255.]), text='Press SPACE to continue.', units='deg', win=Window(...), wrapWidth=15.0)
16.4117 	EXP 	Created unnamed TextStim = TextStim(alignHoriz='center', alignVert='center', antialias=True, autoLog=True, bold=False, color=array([ 1.,  1.,  1.]), colorSpace='rgb', contrast=1.0, depth=0, flipHoriz=False, flipVert=False, font='', fontFiles=[], height=0.1, italic=False, name='unnamed TextStim', opacity=1.0, ori=0.0, pos=array([ 0.,  0.]), rgb=array([ 1.,  1.,  1.]), text='THINK', units='norm', win=Window(...), wrapWidth=1)
16.4189 	EXP 	Created unnamed TextStim = TextStim(alignHoriz='center', alignVert='center', antialias=True, autoLog=True, bold=False, color=array([ 1.,  1.,  1.]), colorSpace='rgb', contrast=1.0, depth=0, flipHoriz=False, flipVert=False, font='', fontFiles=[], height=0.1, italic=False, name='unnamed TextStim', opacity=1.0, ori=0.0, pos=array([ 0.,  0.]), rgb=array([ 1.,  1.,  1.]), text='DECIDE', units='norm', win=Window(...), wrapWidth=1)
16.4245 	EXP 	<method-wrapper '__getattribute__' of attributeSetter object at 0x0565D250>: vertices = array([[-0.275     ,  0.48888889],
       [ 0.275     ,  0.48888889],
       [ 0.275     , -0.48888889],
       [-0.275     , -0.48888889]])
16.4252 	EXP 	Created unnamed Rect = Rect(autoDraw=False, autoLog=True, closeShape=True, contrast=1.0, depth=0, fillColor=None, fillColorSpace='rgb', fillRGB=None, interpolate=True, lineColor='white', lineColorSpace='named', lineRGB=array([ 255.,  255.,  255.]), lineWidth=3.5, name='unnamed Rect', opacity=1.0, ori=array(0.0), pos=array([-0.5125    , -0.09444444]), size=array([ 1.,  1.]), units='norm', vertices=ndarray(...), win=Window(...))
16.4254 	EXP 	<method-wrapper '__getattribute__' of attributeSetter object at 0x0565D250>: vertices = array([[-0.275     ,  0.48888889],
       [ 0.275     ,  0.48888889],
       [ 0.275     , -0.48888889],
       [-0.275     , -0.48888889]])
16.4261 	EXP 	Created unnamed Rect = Rect(autoDraw=False, autoLog=True, closeShape=True, contrast=1.0, depth=0, fillColor=None, fillColorSpace='rgb', fillRGB=None, interpolate=True, lineColor='white', lineColorSpace='named', lineRGB=array([ 255.,  255.,  255.]), lineWidth=3.5, name='unnamed Rect', opacity=1.0, ori=array(0.0), pos=array([ 0.4875    , -0.09444444]), size=array([ 1.,  1.]), units='norm', vertices=ndarray(...), win=Window(...))
16.4479 	EXP 	Created unnamed TextStim = TextStim(alignHoriz='center', alignVert='center', antialias=True, autoLog=True, bold=False, color=array([ 1.,  1.,  1.]), colorSpace='rgb', contrast=1.0, depth=0, flipHoriz=False, flipVert=False, font='', fontFiles=[], height=0.2, italic=False, name='unnamed TextStim', opacity=1.0, ori=0.0, pos=array([-0.5125    , -0.09444444]), rgb=array([ 1.,  1.,  1.]), text='Hello World', units='norm', win=Window(...), wrapWidth=1)
16.4560 	EXP 	Created unnamed TextStim = TextStim(alignHoriz='center', alignVert='center', antialias=True, autoLog=True, bold=False, color=array([ 1.,  1.,  1.]), colorSpace='rgb', contrast=1.0, depth=0, flipHoriz=False, flipVert=False, font='', fontFiles=[], height=0.2, italic=False, name='unnamed TextStim', opacity=1.0, ori=0.0, pos=array([ 0.4875    , -0.09444444]), rgb=array([ 1.,  1.,  1.]), text='Hello World', units='norm', win=Window(...), wrapWidth=1)
16.4725 	EXP 	Created unnamed TextStim = TextStim(alignHoriz='center', alignVert='center', antialias=True, autoLog=True, bold=False, color=array([ 1.,  1.,  1.]), colorSpace='rgb', contrast=1.0, depth=0, flipHoriz=False, flipVert=False, font='', fontFiles=[], height=0.1, italic=False, name='unnamed TextStim', opacity=1.0, ori=0.0, pos=array([-0.5125    , -0.82777778]), rgb=array([ 1.,  1.,  1.]), text='Press 1', units='norm', win=Window(...), wrapWidth=1)
16.4800 	EXP 	Created unnamed TextStim = TextStim(alignHoriz='center', alignVert='center', antialias=True, autoLog=True, bold=False, color=array([ 1.,  1.,  1.]), colorSpace='rgb', contrast=1.0, depth=0, flipHoriz=False, flipVert=False, font='', fontFiles=[], height=0.1, italic=False, name='unnamed TextStim', opacity=1.0, ori=0.0, pos=array([ 0.4875    , -0.82777778]), rgb=array([ 1.,  1.,  1.]), text='Press 2', units='norm', win=Window(...), wrapWidth=1)
16.5084 	EXP 	Created unnamed ImageStim = ImageStim(autoLog=True, color=array([ 1.,  1.,  1.]), colorSpace='rgb', contrast=1.0, depth=0, flipHoriz=False, flipVert=False, image=str(...), interpolate=False, mask=None, maskParams=None, name='unnamed ImageStim', opacity=1.0, ori=0.0, pos=array([ 0.,  0.]), size=array([ 1.35416667,  1.3537037 ]), texRes=128, units='norm', win=Window(...))
16.5370 	EXP 	Created unnamed ImageStim = ImageStim(autoLog=True, color=array([ 1.,  1.,  1.]), colorSpace='rgb', contrast=1.0, depth=0, flipHoriz=False, flipVert=False, image=str(...), interpolate=False, mask=None, maskParams=None, name='unnamed ImageStim', opacity=1.0, ori=0.0, pos=array([ 0.,  0.]), size=array([ 1.35416667,  1.3537037 ]), texRes=128, units='norm', win=Window(...))
16.5625 	EXP 	Created unnamed ImageStim = ImageStim(autoLog=True, color=array([ 1.,  1.,  1.]), colorSpace='rgb', contrast=1.0, depth=0, flipHoriz=False, flipVert=False, image=str(...), interpolate=False, mask=None, maskParams=None, name='unnamed ImageStim', opacity=1.0, ori=0.0, pos=array([ 0.,  0.]), size=array([ 1.35416667,  1.3537037 ]), texRes=128, units='norm', win=Window(...))
16.5890 	EXP 	Created unnamed ImageStim = ImageStim(autoLog=True, color=array([ 1.,  1.,  1.]), colorSpace='rgb', contrast=1.0, depth=0, flipHoriz=False, flipVert=False, image=str(...), interpolate=False, mask=None, maskParams=None, name='unnamed ImageStim', opacity=1.0, ori=0.0, pos=array([ 0.,  0.]), size=array([ 1.35416667,  1.3537037 ]), texRes=128, units='norm', win=Window(...))
16.5897 	EXP 	Created sequence: sequential, trialTypes=18, nReps=1, seed=None
16.7263 	DEBUG 	Using C:\Users\tug39124\Documents\DEGAP_Liz\SamplingMachine_bPilotv2.py as origin file
16.7268 	EXP 	Created sequence: sequential, trialTypes=18, nReps=1, seed=None
16.7273 	DEBUG 	Using C:\Users\tug39124\Documents\DEGAP_Liz\SamplingMachine_bPilotv2.py as origin file
0.0057 	DATA 	** START RUN 2 **
8.8992 	DATA 	Keypress: space
22.9152 	DATA 	Keypress: space
26.4032 	DATA 	Keypress: space
34.0591 	DATA 	Keypress: space
34.0594 	EXP 	New trial (rep=0, index=0): {'P1_1': '0.5', 'P1_2': '0.3', 'SafeOption': '1', 'P2_2': '0.7', 'O2_2': '35', 'O2_1': '30', 'ProbNumber': 'RR5', 'O1_2': '-10', 'O1_1': '10', 'EV2': '21.5', 'EV1': '20', 'ProbType': 'RR', 'P2_1': '0.5'}
34.0595 	DATA 	Trial Onset - ProblemType: RR, ProblemNumber: RR5, leftRight: 0, samplingDur: 16, assignedITI: 2.5575
34.0595 	DATA 	Sampling Onset
38.0083 	DATA 	Keypress: 1
38.0247 	EXP 	unnamed TextStim: text = '+10'
38.5141 	DATA 	Sampled Response: 1, Outcome Shown: +10
38.5144 	DATA 	Keypress: 1
38.8082 	DATA 	Keypress: 1
38.8246 	EXP 	unnamed TextStim: text = '+10'
39.3276 	DATA 	Sampled Response: 1, Outcome Shown: +10
39.3279 	DATA 	Keypress: 1
39.3915 	DATA 	Keypress: 1
39.4078 	EXP 	unnamed TextStim: text = '+30'
39.9097 	DATA 	Sampled Response: 1, Outcome Shown: +30
39.9100 	DATA 	Keypress: 1
40.0080 	DATA 	Keypress: 1
40.0243 	EXP 	unnamed TextStim: text = '+10'
40.5374 	DATA 	Sampled Response: 1, Outcome Shown: +10
40.5377 	DATA 	Keypress: 1
40.9580 	DATA 	Keypress: 2
40.9743 	EXP 	unnamed TextStim: text = '+35'
41.4765 	DATA 	Sampled Response: 2, Outcome Shown: +35
41.4769 	DATA 	Keypress: 2
41.4771 	DATA 	Keypress: 2
41.6745 	DATA 	Keypress: 2
41.6909 	EXP 	unnamed TextStim: text = '+35'
42.1827 	DATA 	Sampled Response: 2, Outcome Shown: +35
42.1830 	DATA 	Keypress: 2
42.1832 	DATA 	Keypress: 2
42.3079 	DATA 	Keypress: 2
42.3242 	EXP 	unnamed TextStim: text = '+35'
42.8161 	DATA 	Sampled Response: 2, Outcome Shown: +35
42.8164 	DATA 	Keypress: 2
42.8166 	DATA 	Keypress: 2
43.0743 	DATA 	Keypress: 2
43.0908 	EXP 	unnamed TextStim: text = '+35'
43.5926 	DATA 	Sampled Response: 2, Outcome Shown: +35
43.5929 	DATA 	Keypress: 2
43.5932 	DATA 	Keypress: 2
43.8074 	DATA 	Keypress: 2
43.8235 	EXP 	unnamed TextStim: text = '+35'
44.3312 	DATA 	Sampled Response: 2, Outcome Shown: +35
44.3315 	DATA 	Keypress: 2
44.3317 	DATA 	Keypress: 2
44.5077 	DATA 	Keypress: 2
44.5239 	EXP 	unnamed TextStim: text = '+35'
45.0352 	DATA 	Sampled Response: 2, Outcome Shown: +35
45.0356 	DATA 	Keypress: 2
45.0358 	DATA 	Keypress: 2
45.1407 	DATA 	Keypress: 2
45.1572 	EXP 	unnamed TextStim: text = '-10'
45.6626 	DATA 	Sampled Response: 2, Outcome Shown: -10
45.6629 	DATA 	Keypress: 2
45.8907 	DATA 	Keypress: 1
45.9071 	EXP 	unnamed TextStim: text = '+30'
46.4172 	DATA 	Sampled Response: 1, Outcome Shown: +30
46.4175 	DATA 	Keypress: 1
46.4177 	DATA 	Keypress: 1
46.5242 	DATA 	Keypress: 1
46.5404 	EXP 	unnamed TextStim: text = '+30'
47.0425 	DATA 	Sampled Response: 1, Outcome Shown: +30
47.0428 	DATA 	Keypress: 1
47.0433 	DATA 	Keypress: 1
47.2072 	DATA 	Keypress: 1
47.2237 	EXP 	unnamed TextStim: text = '+30'
47.7209 	DATA 	Sampled Response: 1, Outcome Shown: +30
47.7213 	DATA 	Keypress: 1
47.7215 	DATA 	Keypress: 1
47.9072 	DATA 	Keypress: 1
47.9230 	EXP 	unnamed TextStim: text = '+30'
48.4097 	DATA 	Sampled Response: 1, Outcome Shown: +30
48.4100 	DATA 	Keypress: 1
48.4569 	DATA 	Keypress: 1
48.4732 	EXP 	unnamed TextStim: text = '+10'
48.9882 	DATA 	Sampled Response: 1, Outcome Shown: +10
48.9885 	DATA 	Keypress: 1
48.9887 	DATA 	Keypress: 1
49.2401 	DATA 	Keypress: 1
49.2567 	EXP 	unnamed TextStim: text = '+10'
49.7714 	DATA 	Sampled Response: 1, Outcome Shown: +10
49.7717 	DATA 	Keypress: 1
49.7719 	DATA 	Keypress: 1
49.7720 	DATA 	** broke sampling loop (<.5s left in trial) **
49.7729 	DATA 	samplingCount: 17
49.7729 	DATA 	Think Onset
49.7765 	EXP 	unnamed Rect: lineColor = 'white (named)'
49.7765 	EXP 	unnamed Rect: lineColor = 'white (named)'
50.0068 	DATA 	Keypress: 1
50.4240 	DATA 	Keypress: 1
52.7898 	DATA 	Decide Onset
53.4750 	DATA 	Keypress: 1
53.4751 	DATA 	Decision Button Press: ['1']
53.4751 	DATA 	Decision Response: 1
53.4786 	EXP 	unnamed Rect: lineColor = 'red (named)'
53.9971 	DATA 	ITI Onset
54.0009 	EXP 	unnamed Rect: lineColor = 'white (named)'
54.0009 	EXP 	unnamed Rect: lineColor = 'white (named)'
54.0009 	EXP 	unnamed TextStim: text = '+10'
54.0009 	EXP 	unnamed TextStim: text = '-10'
57.8731 	DATA 	Trial End Time - totalITI: 3.85961898386
57.8733 	EXP 	New trial (rep=0, index=1): {'P1_1': '0.9', 'P1_2': '1', 'SafeOption': '2', 'P2_2': '0', 'O2_2': '0', 'O2_1': '-37', 'ProbNumber': 'MD3', 'O1_2': '-5', 'O1_1': '10', 'EV2': '-5', 'EV1': '5.3', 'ProbType': 'MD', 'P2_1': '0.1'}
57.8734 	DATA 	Trial Onset - ProblemType: MD, ProblemNumber: MD3, leftRight: 1, samplingDur: 19, assignedITI: 1.0098
57.8734 	DATA 	Sampling Onset
59.2890 	DATA 	Keypress: 1
59.3055 	EXP 	unnamed TextStim: text = '-5'
59.7995 	DATA 	Sampled Response: 2, Outcome Shown: +10
60.0225 	DATA 	Keypress: 1
60.0387 	EXP 	unnamed TextStim: text = '-5'
60.5427 	DATA 	Sampled Response: 2, Outcome Shown: +10
60.7223 	DATA 	Keypress: 1
60.7387 	EXP 	unnamed TextStim: text = '-5'
61.2342 	DATA 	Sampled Response: 2, Outcome Shown: +10
61.4390 	DATA 	Keypress: 2
61.4554 	EXP 	unnamed TextStim: text = '+10'
61.9550 	DATA 	Sampled Response: 1, Outcome Shown: -5
62.1723 	DATA 	Keypress: 2
62.1886 	EXP 	unnamed TextStim: text = '+10'
62.6906 	DATA 	Sampled Response: 1, Outcome Shown: -5
62.8716 	DATA 	Keypress: 2
62.8880 	EXP 	unnamed TextStim: text = '+10'
63.3979 	DATA 	Sampled Response: 1, Outcome Shown: -5
63.6218 	DATA 	Keypress: 2
63.6384 	EXP 	unnamed TextStim: text = '+10'
64.1497 	DATA 	Sampled Response: 1, Outcome Shown: -5
64.3052 	DATA 	Keypress: 2
64.3217 	EXP 	unnamed TextStim: text = '+10'
64.8151 	DATA 	Sampled Response: 1, Outcome Shown: -5
64.9050 	DATA 	Keypress: 2
64.9215 	EXP 	unnamed TextStim: text = '+10'
65.4209 	DATA 	Sampled Response: 1, Outcome Shown: -5
65.4384 	DATA 	Keypress: 2
65.4547 	EXP 	unnamed TextStim: text = '+10'
65.9539 	DATA 	Sampled Response: 1, Outcome Shown: -5
65.9542 	DATA 	Keypress: 2
66.3382 	DATA 	Keypress: 2
66.3544 	EXP 	unnamed TextStim: text = '+10'
66.8618 	DATA 	Sampled Response: 1, Outcome Shown: -5
66.8621 	DATA 	Keypress: 1
67.1881 	DATA 	Keypress: 1
67.2046 	EXP 	unnamed TextStim: text = '-5'
67.7100 	DATA 	Sampled Response: 2, Outcome Shown: +10
67.7103 	DATA 	Keypress: 1
67.8882 	DATA 	Keypress: 1
67.9047 	EXP 	unnamed TextStim: text = '-5'
68.4142 	DATA 	Sampled Response: 2, Outcome Shown: +10
68.4145 	DATA 	Keypress: 1
68.5548 	DATA 	Keypress: 1
68.5712 	EXP 	unnamed TextStim: text = '-5'
69.0808 	DATA 	Sampled Response: 2, Outcome Shown: +10
69.0811 	DATA 	Keypress: 1
69.2048 	DATA 	Keypress: 1
69.2212 	EXP 	unnamed TextStim: text = '-5'
69.7191 	DATA 	Sampled Response: 2, Outcome Shown: +10
69.7194 	DATA 	Keypress: 1
69.7196 	DATA 	Keypress: 1
69.9378 	DATA 	Keypress: 1
69.9542 	EXP 	unnamed TextStim: text = '-5'
70.4685 	DATA 	Sampled Response: 2, Outcome Shown: -37
70.4688 	DATA 	Keypress: 1
70.4691 	DATA 	Keypress: 1
70.6879 	DATA 	Keypress: 1
70.7042 	EXP 	unnamed TextStim: text = '-5'
71.2055 	DATA 	Sampled Response: 2, Outcome Shown: +10
71.2058 	DATA 	Keypress: 1
71.5041 	DATA 	Keypress: 1
71.5208 	EXP 	unnamed TextStim: text = '-5'
72.0244 	DATA 	Sampled Response: 2, Outcome Shown: -37
72.0247 	DATA 	Keypress: 1
72.0250 	DATA 	Keypress: 1
72.2209 	DATA 	Keypress: 1
72.2373 	EXP 	unnamed TextStim: text = '-5'
72.7413 	DATA 	Sampled Response: 2, Outcome Shown: -37
72.7416 	DATA 	Keypress: 1
72.7418 	DATA 	Keypress: 1
72.8710 	DATA 	Keypress: 1
72.8874 	EXP 	unnamed TextStim: text = '-5'
73.4019 	DATA 	Sampled Response: 2, Outcome Shown: +10
73.4022 	DATA 	Keypress: 1
73.4025 	DATA 	Keypress: 1
73.7207 	DATA 	Keypress: 2
73.7372 	EXP 	unnamed TextStim: text = '+10'
74.2468 	DATA 	Sampled Response: 1, Outcome Shown: -5
74.2471 	DATA 	Keypress: 2
74.2708 	DATA 	Keypress: 2
74.2872 	EXP 	unnamed TextStim: text = '+10'
74.7842 	DATA 	Sampled Response: 1, Outcome Shown: -5
74.7845 	DATA 	Keypress: 2
74.7847 	DATA 	Keypress: 2
74.9205 	DATA 	Keypress: 2
74.9370 	EXP 	unnamed TextStim: text = '+10'
75.4387 	DATA 	Sampled Response: 1, Outcome Shown: -5
75.4390 	DATA 	Keypress: 2
75.4392 	DATA 	Keypress: 2
75.5874 	DATA 	Keypress: 2
75.6032 	EXP 	unnamed TextStim: text = '+10'
76.1155 	DATA 	Sampled Response: 1, Outcome Shown: -5
76.1158 	DATA 	Keypress: 2
76.1160 	DATA 	Keypress: 2
76.1713 	DATA 	Keypress: 2
76.2035 	EXP 	unnamed TextStim: text = '+10'
76.7112 	DATA 	Sampled Response: 1, Outcome Shown: -5
76.7115 	DATA 	Keypress: 2
76.7117 	DATA 	Keypress: 2
76.7118 	DATA 	** broke sampling loop (<.5s left in trial) **
76.7125 	DATA 	samplingCount: 25
76.7125 	DATA 	Think Onset
76.7159 	EXP 	unnamed Rect: lineColor = 'white (named)'
76.7159 	EXP 	unnamed Rect: lineColor = 'white (named)'
76.8545 	DATA 	Keypress: 2
79.7366 	DATA 	Decide Onset
80.4750 	DATA 	Keypress: 2
80.4751 	DATA 	Decision Button Press: ['2']
80.4751 	DATA 	Decision Response: 1
80.4787 	EXP 	unnamed Rect: lineColor = 'red (named)'
80.9959 	DATA 	ITI Onset
80.9992 	EXP 	unnamed Rect: lineColor = 'white (named)'
80.9992 	EXP 	unnamed Rect: lineColor = 'white (named)'
80.9992 	EXP 	unnamed TextStim: text = '-5'
80.9992 	EXP 	unnamed TextStim: text = '+10'
83.1366 	DATA 	Trial End Time - totalITI: 2.13282487418
83.1368 	EXP 	New trial (rep=0, index=2): {'P1_1': '0.1', 'P1_2': '1', 'SafeOption': '2', 'P2_2': '0', 'O2_2': '0', 'O2_1': '-1', 'ProbNumber': 'MD10', 'O1_2': '2', 'O1_1': '42', 'EV2': '2', 'EV1': '3.3', 'ProbType': 'MD', 'P2_1': '0.9'}
83.1369 	DATA 	Trial Onset - ProblemType: MD, ProblemNumber: MD10, leftRight: 0, samplingDur: 17, assignedITI: 4.6191
83.1370 	DATA 	Sampling Onset
83.9696 	DATA 	Keypress: 1
83.9860 	EXP 	unnamed TextStim: text = '-1'
84.4737 	DATA 	Sampled Response: 1, Outcome Shown: -1
84.6037 	DATA 	Keypress: 1
84.6359 	EXP 	unnamed TextStim: text = '-1'
85.1457 	DATA 	Sampled Response: 1, Outcome Shown: -1
85.2034 	DATA 	Keypress: 1
85.2359 	EXP 	unnamed TextStim: text = '+42'
85.7409 	DATA 	Sampled Response: 1, Outcome Shown: +42
86.7026 	DATA 	Keypress: 2
86.7190 	EXP 	unnamed TextStim: text = '+2'
87.2144 	DATA 	Sampled Response: 2, Outcome Shown: +2
87.3691 	DATA 	Keypress: 2
87.3857 	EXP 	unnamed TextStim: text = '+2'
87.8778 	DATA 	Sampled Response: 2, Outcome Shown: +2
87.9855 	DATA 	Keypress: 2
88.0022 	EXP 	unnamed TextStim: text = '+2'
88.5000 	DATA 	Sampled Response: 2, Outcome Shown: +2
88.5191 	DATA 	Keypress: 2
88.5351 	EXP 	unnamed TextStim: text = '+2'
89.0331 	DATA 	Sampled Response: 2, Outcome Shown: +2
89.0334 	DATA 	Keypress: 2
89.4856 	DATA 	Keypress: 2
89.5019 	EXP 	unnamed TextStim: text = '+2'
90.0055 	DATA 	Sampled Response: 2, Outcome Shown: +2
90.0058 	DATA 	Keypress: 2
90.2687 	DATA 	Keypress: 2
90.2852 	EXP 	unnamed TextStim: text = '+2'
90.7884 	DATA 	Sampled Response: 2, Outcome Shown: +2
90.7887 	DATA 	Keypress: 1
91.0687 	DATA 	Keypress: 1
91.0852 	EXP 	unnamed TextStim: text = '-1'
91.5902 	DATA 	Sampled Response: 1, Outcome Shown: -1
91.5953 	DATA 	Keypress: 1
91.6183 	EXP 	unnamed TextStim: text = '+42'
92.1227 	DATA 	Sampled Response: 1, Outcome Shown: +42
92.2186 	DATA 	Keypress: 1
92.2350 	EXP 	unnamed TextStim: text = '-1'
92.7365 	DATA 	Sampled Response: 1, Outcome Shown: -1
92.7684 	DATA 	Keypress: 1
92.7848 	EXP 	unnamed TextStim: text = '-1'
93.2825 	DATA 	Sampled Response: 1, Outcome Shown: -1
93.2828 	DATA 	Keypress: 1
93.5518 	DATA 	Keypress: 1
93.5683 	EXP 	unnamed TextStim: text = '+42'
94.0677 	DATA 	Sampled Response: 1, Outcome Shown: +42
94.0681 	DATA 	Keypress: 2
94.4850 	DATA 	Keypress: 2
94.5013 	EXP 	unnamed TextStim: text = '+2'
95.0025 	DATA 	Sampled Response: 2, Outcome Shown: +2
95.0347 	DATA 	Keypress: 2
95.0512 	EXP 	unnamed TextStim: text = '+2'
95.5553 	DATA 	Sampled Response: 2, Outcome Shown: +2
95.6183 	DATA 	Keypress: 2
95.6347 	EXP 	unnamed TextStim: text = '+2'
96.1368 	DATA 	Sampled Response: 2, Outcome Shown: +2
96.1681 	DATA 	Keypress: 2
96.1846 	EXP 	unnamed TextStim: text = '+2'
96.6867 	DATA 	Sampled Response: 2, Outcome Shown: +2
96.6870 	DATA 	Keypress: 1
97.0843 	DATA 	Keypress: 1
97.1012 	EXP 	unnamed TextStim: text = '-1'
97.6100 	DATA 	Sampled Response: 1, Outcome Shown: -1
97.6344 	DATA 	Keypress: 1
97.6508 	EXP 	unnamed TextStim: text = '-1'
98.1588 	DATA 	Sampled Response: 1, Outcome Shown: -1
98.1591 	DATA 	Keypress: 1
98.3513 	DATA 	Keypress: 1
98.3676 	EXP 	unnamed TextStim: text = '-1'
98.8809 	DATA 	Sampled Response: 1, Outcome Shown: -1
98.8812 	DATA 	Keypress: 1
99.2845 	DATA 	Keypress: 1
99.3009 	EXP 	unnamed TextStim: text = '-1'
99.7997 	DATA 	Sampled Response: 1, Outcome Shown: -1
99.8000 	DATA 	Keypress: 1
99.8000 	DATA 	** broke sampling loop (<.5s left in trial) **
99.8007 	DATA 	samplingCount: 22
99.8007 	DATA 	Think Onset
99.8040 	EXP 	unnamed Rect: lineColor = 'white (named)'
99.8040 	EXP 	unnamed Rect: lineColor = 'white (named)'
102.8340 	DATA 	Decide Onset
103.3550 	DATA 	Keypress: 1
103.3551 	DATA 	Decision Button Press: ['1']
103.3552 	DATA 	Decision Response: 1
103.3586 	EXP 	unnamed Rect: lineColor = 'red (named)'
103.8689 	DATA 	ITI Onset
103.8724 	EXP 	unnamed Rect: lineColor = 'white (named)'
103.8724 	EXP 	unnamed Rect: lineColor = 'white (named)'
103.8724 	EXP 	unnamed TextStim: text = '-1'
103.8724 	EXP 	unnamed TextStim: text = '+2'
109.7339 	DATA 	Keypress: 1
110.0172 	DATA 	Trial End Time - totalITI: 6.13476658057
110.0174 	EXP 	New trial (rep=0, index=3): {'P1_1': '0.1', 'P1_2': '1', 'SafeOption': '2', 'P2_2': '0', 'O2_2': '0', 'O2_1': '-5', 'ProbNumber': 'MD5', 'O1_2': '-4', 'O1_1': '25', 'EV2': '-4', 'EV1': '-2', 'ProbType': 'MD', 'P2_1': '0.9'}
110.0175 	DATA 	Trial Onset - ProblemType: MD, ProblemNumber: MD5, leftRight: 1, samplingDur: 15, assignedITI: 1.5734
110.0175 	DATA 	Sampling Onset
111.1999 	DATA 	Keypress: 1
111.2162 	EXP 	unnamed TextStim: text = '-4'
111.7084 	DATA 	Sampled Response: 2, Outcome Shown: -5
112.1497 	DATA 	Keypress: 1
112.1661 	EXP 	unnamed TextStim: text = '-4'
112.6792 	DATA 	Sampled Response: 2, Outcome Shown: -5
112.8998 	DATA 	Keypress: 1
112.9160 	EXP 	unnamed TextStim: text = '-4'
113.4148 	DATA 	Sampled Response: 2, Outcome Shown: -5
113.5163 	DATA 	Keypress: 2
113.5326 	EXP 	unnamed TextStim: text = '+25'
114.0337 	DATA 	Sampled Response: 1, Outcome Shown: -4
114.2662 	DATA 	Keypress: 2
114.2823 	EXP 	unnamed TextStim: text = '-5'
114.7830 	DATA 	Sampled Response: 1, Outcome Shown: -4
115.1657 	DATA 	Keypress: 2
115.1823 	EXP 	unnamed TextStim: text = '-5'
115.6899 	DATA 	Sampled Response: 1, Outcome Shown: -4
116.5828 	DATA 	Keypress: 2
116.5988 	EXP 	unnamed TextStim: text = '-5'
117.1002 	DATA 	Sampled Response: 1, Outcome Shown: -4
118.1490 	DATA 	Keypress: 2
118.1653 	EXP 	unnamed TextStim: text = '-5'
118.6688 	DATA 	Sampled Response: 1, Outcome Shown: -4
119.7320 	DATA 	Keypress: 2
119.7481 	EXP 	unnamed TextStim: text = '-5'
120.2523 	DATA 	Sampled Response: 1, Outcome Shown: -4
120.5819 	DATA 	Keypress: 2
120.5984 	EXP 	unnamed TextStim: text = '-5'
121.1003 	DATA 	Sampled Response: 1, Outcome Shown: -4
121.3320 	DATA 	Keypress: 2
121.3483 	EXP 	unnamed TextStim: text = '-5'
121.8461 	DATA 	Sampled Response: 1, Outcome Shown: -4
121.8511 	DATA 	Keypress: 2
121.8816 	EXP 	unnamed TextStim: text = '-5'
122.3842 	DATA 	Sampled Response: 1, Outcome Shown: -4
122.3845 	DATA 	Keypress: 1
122.8147 	DATA 	Keypress: 1
122.8309 	EXP 	unnamed TextStim: text = '-4'
123.3268 	DATA 	Sampled Response: 2, Outcome Shown: -5
123.3984 	DATA 	Keypress: 1
123.4147 	EXP 	unnamed TextStim: text = '-4'
123.9094 	DATA 	Sampled Response: 2, Outcome Shown: -5
123.9097 	DATA 	Keypress: 1
124.1318 	DATA 	Keypress: 1
124.1480 	EXP 	unnamed TextStim: text = '-4'
124.6570 	DATA 	Sampled Response: 2, Outcome Shown: -5
124.6572 	DATA 	** broke sampling loop (<.5s left in trial) **
124.6578 	DATA 	samplingCount: 15
124.6578 	DATA 	Think Onset
124.6613 	EXP 	unnamed Rect: lineColor = 'white (named)'
124.6613 	EXP 	unnamed Rect: lineColor = 'white (named)'
124.6820 	DATA 	Keypress: 1
127.6811 	DATA 	Decide Onset
128.2511 	DATA 	Keypress: 2
128.2513 	DATA 	Decision Button Press: ['2']
128.2513 	DATA 	Decision Response: 1
128.2547 	EXP 	unnamed Rect: lineColor = 'red (named)'
128.7747 	DATA 	ITI Onset
128.7782 	EXP 	unnamed Rect: lineColor = 'white (named)'
128.7782 	EXP 	unnamed Rect: lineColor = 'white (named)'
128.7782 	EXP 	unnamed TextStim: text = '-4'
128.7782 	EXP 	unnamed TextStim: text = '-5'
131.8477 	DATA 	Trial End Time - totalITI: 3.06338429328
131.8479 	EXP 	New trial (rep=0, index=4): {'P1_1': '0.7', 'P1_2': '0.1', 'SafeOption': '1', 'P2_2': '0.9', 'O2_2': '30', 'O2_1': '38', 'ProbNumber': 'RR11', 'O1_2': '-10', 'O1_1': '22', 'EV2': '26', 'EV1': '26.8', 'ProbType': 'RR', 'P2_1': '0.3'}
131.8480 	DATA 	Trial Onset - ProblemType: RR, ProblemNumber: RR11, leftRight: 0, samplingDur: 15, assignedITI: 1.0887
131.8480 	DATA 	Sampling Onset
132.7807 	DATA 	Keypress: 1
132.7971 	EXP 	unnamed TextStim: text = '+22'
133.2982 	DATA 	Sampled Response: 1, Outcome Shown: +22
133.5472 	DATA 	Keypress: 1
133.5634 	EXP 	unnamed TextStim: text = '+38'
134.0647 	DATA 	Sampled Response: 1, Outcome Shown: +38
134.2473 	DATA 	Keypress: 1
134.2634 	EXP 	unnamed TextStim: text = '+38'
134.7712 	DATA 	Sampled Response: 1, Outcome Shown: +38
134.8137 	DATA 	Keypress: 1
134.8302 	EXP 	unnamed TextStim: text = '+22'
135.3356 	DATA 	Sampled Response: 1, Outcome Shown: +22
135.4636 	DATA 	Keypress: 1
135.4799 	EXP 	unnamed TextStim: text = '+38'
135.9801 	DATA 	Sampled Response: 1, Outcome Shown: +38
136.0299 	DATA 	Keypress: 2
136.0466 	EXP 	unnamed TextStim: text = '+30'
136.5602 	DATA 	Sampled Response: 2, Outcome Shown: +30
136.7311 	DATA 	Keypress: 2
136.7631 	EXP 	unnamed TextStim: text = '+30'
137.2655 	DATA 	Sampled Response: 2, Outcome Shown: +30
137.3476 	DATA 	Keypress: 2
137.3797 	EXP 	unnamed TextStim: text = '+30'
137.8936 	DATA 	Sampled Response: 2, Outcome Shown: +30
137.9966 	DATA 	Keypress: 2
138.0130 	EXP 	unnamed TextStim: text = '+30'
138.5053 	DATA 	Sampled Response: 2, Outcome Shown: +30
138.5298 	DATA 	Keypress: 2
138.5462 	EXP 	unnamed TextStim: text = '+30'
139.0392 	DATA 	Sampled Response: 2, Outcome Shown: +30
139.0436 	DATA 	Keypress: 2
139.0628 	EXP 	unnamed TextStim: text = '+30'
139.5696 	DATA 	Sampled Response: 2, Outcome Shown: +30
139.7132 	DATA 	Keypress: 2
139.7296 	EXP 	unnamed TextStim: text = '+30'
140.2286 	DATA 	Sampled Response: 2, Outcome Shown: +30
140.2630 	DATA 	Keypress: 2
140.2794 	EXP 	unnamed TextStim: text = '+30'
140.7833 	DATA 	Sampled Response: 2, Outcome Shown: +30
140.7836 	DATA 	Keypress: 1
141.0963 	DATA 	Keypress: 1
141.1128 	EXP 	unnamed TextStim: text = '+38'
141.6235 	DATA 	Sampled Response: 1, Outcome Shown: +38
141.6239 	DATA 	Keypress: 1
142.0796 	DATA 	Keypress: 1
142.0958 	EXP 	unnamed TextStim: text = '+38'
142.5965 	DATA 	Sampled Response: 1, Outcome Shown: +38
142.6131 	DATA 	Keypress: 1
142.6289 	EXP 	unnamed TextStim: text = '+22'
143.1285 	DATA 	Sampled Response: 1, Outcome Shown: +22
143.1627 	DATA 	Keypress: 1
143.1788 	EXP 	unnamed TextStim: text = '+38'
143.6795 	DATA 	Sampled Response: 1, Outcome Shown: +38
143.8627 	DATA 	Keypress: 1
143.8792 	EXP 	unnamed TextStim: text = '+22'
144.3852 	DATA 	Sampled Response: 1, Outcome Shown: +22
144.5793 	DATA 	Keypress: 1
144.5956 	EXP 	unnamed TextStim: text = '+38'
145.0885 	DATA 	Sampled Response: 1, Outcome Shown: +38
145.1457 	DATA 	Keypress: 1
145.1622 	EXP 	unnamed TextStim: text = '+38'
145.6692 	DATA 	Sampled Response: 1, Outcome Shown: +38
145.6695 	DATA 	Keypress: 1
146.2458 	DATA 	Keypress: 1
146.2621 	EXP 	unnamed TextStim: text = '+38'
146.7682 	DATA 	Sampled Response: 1, Outcome Shown: +38
146.7685 	DATA 	** broke sampling loop (<.5s left in trial) **
146.7693 	DATA 	samplingCount: 21
146.7693 	DATA 	Think Onset
146.7727 	EXP 	unnamed Rect: lineColor = 'white (named)'
146.7727 	EXP 	unnamed Rect: lineColor = 'white (named)'
146.9129 	DATA 	Keypress: 1
149.7952 	DATA 	Decide Onset
150.3789 	DATA 	Keypress: 1
150.3790 	DATA 	Decision Button Press: ['1']
150.3791 	DATA 	Decision Response: 1
150.3826 	EXP 	unnamed Rect: lineColor = 'red (named)'
150.8857 	DATA 	ITI Onset
150.8889 	EXP 	unnamed Rect: lineColor = 'white (named)'
150.8889 	EXP 	unnamed Rect: lineColor = 'white (named)'
150.8889 	EXP 	unnamed TextStim: text = '+38'
150.8889 	EXP 	unnamed TextStim: text = '+30'
153.1785 	DATA 	Trial End Time - totalITI: 2.28404744956
153.1787 	EXP 	New trial (rep=0, index=5): {'P1_1': '0.8', 'P1_2': '1', 'SafeOption': '2', 'P2_2': '0', 'O2_2': '0', 'O2_1': '0', 'ProbNumber': 'SD7', 'O1_2': '3', 'O1_1': '4', 'EV2': '3', 'EV1': '3.2', 'ProbType': 'SD', 'P2_1': '0.2'}
153.1788 	DATA 	Trial Onset - ProblemType: SD, ProblemNumber: SD7, leftRight: 0, samplingDur: 15, assignedITI: 1.8808
153.1788 	DATA 	Sampling Onset
154.2614 	DATA 	Keypress: 1
154.2777 	EXP 	unnamed TextStim: text = '+4'
154.7685 	DATA 	Sampled Response: 1, Outcome Shown: +4
154.7689 	DATA 	Keypress: 1
155.0446 	DATA 	Keypress: 1
155.0611 	EXP 	unnamed TextStim: text = '+4'
155.5645 	DATA 	Sampled Response: 1, Outcome Shown: +4
155.5648 	DATA 	Keypress: 1
155.6947 	DATA 	Keypress: 1
155.7111 	EXP 	unnamed TextStim: text = '+4'
156.2223 	DATA 	Sampled Response: 1, Outcome Shown: +4
156.2226 	DATA 	Keypress: 1
156.2611 	DATA 	Keypress: 1
156.2774 	EXP 	unnamed TextStim: text = '+4'
156.7870 	DATA 	Sampled Response: 1, Outcome Shown: +4
156.7873 	DATA 	Keypress: 1
156.8611 	DATA 	Keypress: 1
156.8775 	EXP 	unnamed TextStim: text = '+4'
157.3820 	DATA 	Sampled Response: 1, Outcome Shown: +4
157.3823 	DATA 	Keypress: 1
157.4778 	DATA 	Keypress: 1
157.4941 	EXP 	unnamed TextStim: text = '+4'
157.9874 	DATA 	Sampled Response: 1, Outcome Shown: +4
157.9877 	DATA 	Keypress: 1
158.1278 	DATA 	Keypress: 1
158.1441 	EXP 	unnamed TextStim: text = '+4'
158.6526 	DATA 	Sampled Response: 1, Outcome Shown: +4
158.6529 	DATA 	Keypress: 2
158.8945 	DATA 	Keypress: 2
158.9106 	EXP 	unnamed TextStim: text = '+3'
159.4045 	DATA 	Sampled Response: 2, Outcome Shown: +3
159.4048 	DATA 	Keypress: 2
159.6775 	DATA 	Keypress: 2
159.6935 	EXP 	unnamed TextStim: text = '+3'
160.2055 	DATA 	Sampled Response: 2, Outcome Shown: +3
160.2059 	DATA 	Keypress: 2
160.2278 	DATA 	Keypress: 2
160.2440 	EXP 	unnamed TextStim: text = '+3'
160.7525 	DATA 	Sampled Response: 2, Outcome Shown: +3
160.7528 	DATA 	Keypress: 2
160.7531 	DATA 	Keypress: 2
160.9937 	DATA 	Keypress: 2
161.0102 	EXP 	unnamed TextStim: text = '+3'
161.5223 	DATA 	Sampled Response: 2, Outcome Shown: +3
161.5226 	DATA 	Keypress: 2
161.5228 	DATA 	Keypress: 2
161.7772 	DATA 	Keypress: 2
161.7936 	EXP 	unnamed TextStim: text = '+3'
162.3055 	DATA 	Sampled Response: 2, Outcome Shown: +3
162.3058 	DATA 	Keypress: 2
162.3098 	DATA 	Keypress: 2
162.3268 	EXP 	unnamed TextStim: text = '+3'
162.8304 	DATA 	Sampled Response: 2, Outcome Shown: +3
162.8307 	DATA 	Keypress: 2
162.8310 	DATA 	Keypress: 2
163.0776 	DATA 	Keypress: 2
163.0934 	EXP 	unnamed TextStim: text = '+3'
163.5911 	DATA 	Sampled Response: 2, Outcome Shown: +3
163.5914 	DATA 	Keypress: 2
163.5917 	DATA 	Keypress: 2
163.7770 	DATA 	Keypress: 2
163.7933 	EXP 	unnamed TextStim: text = '+3'
164.2968 	DATA 	Sampled Response: 2, Outcome Shown: +3
164.2972 	DATA 	Keypress: 2
164.4768 	DATA 	Keypress: 2
164.4927 	EXP 	unnamed TextStim: text = '+3'
165.0020 	DATA 	Sampled Response: 2, Outcome Shown: +3
165.0024 	DATA 	Keypress: 2
165.0431 	DATA 	Keypress: 2
165.0594 	EXP 	unnamed TextStim: text = '+3'
165.5540 	DATA 	Sampled Response: 2, Outcome Shown: +3
165.5543 	DATA 	Keypress: 2
165.6267 	DATA 	Keypress: 2
165.6431 	EXP 	unnamed TextStim: text = '+3'
166.1481 	DATA 	Sampled Response: 2, Outcome Shown: +3
166.1484 	DATA 	Keypress: 1
166.2600 	DATA 	Keypress: 1
166.2764 	EXP 	unnamed TextStim: text = '+4'
166.7843 	DATA 	Sampled Response: 1, Outcome Shown: +4
166.7846 	DATA 	Keypress: 1
166.7848 	DATA 	Keypress: 1
166.9601 	DATA 	Keypress: 1
166.9764 	EXP 	unnamed TextStim: text = '+4'
167.4798 	DATA 	Sampled Response: 1, Outcome Shown: +4
167.4801 	DATA 	Keypress: 1
167.4803 	DATA 	Keypress: 1
167.6766 	DATA 	Keypress: 1
167.6930 	EXP 	unnamed TextStim: text = '0'
168.1934 	DATA 	Sampled Response: 1, Outcome Shown: 0
168.1937 	DATA 	Keypress: 1
168.1939 	DATA 	** broke sampling loop (<.5s left in trial) **
168.1946 	DATA 	samplingCount: 21
168.1946 	DATA 	Think Onset
168.1979 	EXP 	unnamed Rect: lineColor = 'white (named)'
168.1979 	EXP 	unnamed Rect: lineColor = 'white (named)'
168.3103 	DATA 	Keypress: 1
171.2260 	DATA 	Decide Onset
172.2589 	DATA 	Keypress: 1
172.2590 	DATA 	Decision Button Press: ['1']
172.2590 	DATA 	Decision Response: 1
172.2624 	EXP 	unnamed Rect: lineColor = 'red (named)'
172.7743 	DATA 	ITI Onset
172.7776 	EXP 	unnamed Rect: lineColor = 'white (named)'
172.7776 	EXP 	unnamed Rect: lineColor = 'white (named)'
172.7776 	EXP 	unnamed TextStim: text = '0'
172.7776 	EXP 	unnamed TextStim: text = '+3'
175.3093 	DATA 	Trial End Time - totalITI: 2.53256707581
175.3095 	EXP 	New trial (rep=0, index=6): {'P1_1': '0.9', 'P1_2': '1', 'SafeOption': '2', 'P2_2': '0', 'O2_2': '0', 'O2_1': '-10', 'ProbNumber': 'MD8', 'O1_2': '3', 'O1_1': '5', 'EV2': '3', 'EV1': '3.5', 'ProbType': 'MD', 'P2_1': '0.1'}
175.3096 	DATA 	Trial Onset - ProblemType: MD, ProblemNumber: MD8, leftRight: 0, samplingDur: 15, assignedITI: 1.2853
175.3096 	DATA 	Sampling Onset
175.8422 	DATA 	Keypress: 1
175.8586 	EXP 	unnamed TextStim: text = '+5'
176.3546 	DATA 	Sampled Response: 1, Outcome Shown: +5
176.4419 	DATA 	Keypress: 1
176.4582 	EXP 	unnamed TextStim: text = '+5'
176.9561 	DATA 	Sampled Response: 1, Outcome Shown: +5
177.0583 	DATA 	Keypress: 1
177.0746 	EXP 	unnamed TextStim: text = '+5'
177.5777 	DATA 	Sampled Response: 1, Outcome Shown: +5
177.6253 	DATA 	Keypress: 1
177.6417 	EXP 	unnamed TextStim: text = '+5'
178.1449 	DATA 	Sampled Response: 1, Outcome Shown: +5
178.1754 	DATA 	Keypress: 1
178.1917 	EXP 	unnamed TextStim: text = '+5'
178.6900 	DATA 	Sampled Response: 1, Outcome Shown: +5
178.6903 	DATA 	Keypress: 2
179.0251 	DATA 	Keypress: 2
179.0417 	EXP 	unnamed TextStim: text = '+3'
179.5540 	DATA 	Sampled Response: 2, Outcome Shown: +3
179.5543 	DATA 	Keypress: 2
179.9586 	DATA 	Keypress: 2
179.9749 	EXP 	unnamed TextStim: text = '+3'
180.4801 	DATA 	Sampled Response: 2, Outcome Shown: +3
180.4804 	DATA 	Keypress: 2
180.6249 	DATA 	Keypress: 2
180.6414 	EXP 	unnamed TextStim: text = '+3'
181.1371 	DATA 	Sampled Response: 2, Outcome Shown: +3
181.1374 	DATA 	Keypress: 2
181.2246 	DATA 	Keypress: 2
181.2412 	EXP 	unnamed TextStim: text = '+3'
181.7537 	DATA 	Sampled Response: 2, Outcome Shown: +3
181.7540 	DATA 	Keypress: 2
181.7750 	DATA 	Keypress: 2
181.7912 	EXP 	unnamed TextStim: text = '+3'
182.2975 	DATA 	Sampled Response: 2, Outcome Shown: +3
182.2978 	DATA 	Keypress: 2
182.3084 	DATA 	Keypress: 2
182.3242 	EXP 	unnamed TextStim: text = '+3'
182.8308 	DATA 	Sampled Response: 2, Outcome Shown: +3
182.8312 	DATA 	Keypress: 2
182.8909 	DATA 	Keypress: 2
182.9076 	EXP 	unnamed TextStim: text = '+3'
183.4116 	DATA 	Sampled Response: 2, Outcome Shown: +3
183.4119 	DATA 	Keypress: 2
183.4579 	DATA 	Keypress: 2
183.4742 	EXP 	unnamed TextStim: text = '+3'
183.9743 	DATA 	Sampled Response: 2, Outcome Shown: +3
183.9746 	DATA 	Keypress: 2
183.9796 	DATA 	Keypress: 2
184.0073 	EXP 	unnamed TextStim: text = '+3'
184.5076 	DATA 	Sampled Response: 2, Outcome Shown: +3
184.5079 	DATA 	Keypress: 2
184.7912 	DATA 	Keypress: 1
184.8073 	EXP 	unnamed TextStim: text = '+5'
185.3079 	DATA 	Sampled Response: 1, Outcome Shown: +5
185.3082 	DATA 	Keypress: 1
185.3244 	DATA 	Keypress: 1
185.3407 	EXP 	unnamed TextStim: text = '+5'
185.8307 	DATA 	Sampled Response: 1, Outcome Shown: +5
185.8310 	DATA 	Keypress: 1
185.8312 	DATA 	Keypress: 1
186.0245 	DATA 	Keypress: 1
186.0408 	EXP 	unnamed TextStim: text = '+5'
186.5463 	DATA 	Sampled Response: 1, Outcome Shown: +5
186.5466 	DATA 	Keypress: 1
186.5912 	DATA 	Keypress: 1
186.6074 	EXP 	unnamed TextStim: text = '-10'
187.1119 	DATA 	Sampled Response: 1, Outcome Shown: -10
187.1122 	DATA 	Keypress: 1
187.5243 	DATA 	Keypress: 1
187.5407 	EXP 	unnamed TextStim: text = '+5'
188.0371 	DATA 	Sampled Response: 1, Outcome Shown: +5
188.1076 	DATA 	Keypress: 1
188.1239 	EXP 	unnamed TextStim: text = '-10'
188.6328 	DATA 	Sampled Response: 1, Outcome Shown: -10
188.6331 	DATA 	Keypress: 1
189.1576 	DATA 	Keypress: 1
189.1735 	EXP 	unnamed TextStim: text = '+5'
189.6824 	DATA 	Sampled Response: 1, Outcome Shown: +5
189.6827 	DATA 	Keypress: 1
189.8241 	DATA 	** broke sampling loop (<.5s left in trial) **
189.8248 	DATA 	samplingCount: 21
189.8248 	DATA 	Think Onset
189.8404 	EXP 	unnamed Rect: lineColor = 'white (named)'
189.8404 	EXP 	unnamed Rect: lineColor = 'white (named)'
189.8912 	DATA 	Keypress: 1
192.8569 	DATA 	Decide Onset
194.1389 	DATA 	Keypress: 1
194.1390 	DATA 	Decision Button Press: ['1']
194.1390 	DATA 	Decision Response: 1
194.1429 	EXP 	unnamed Rect: lineColor = 'red (named)'
194.6579 	DATA 	ITI Onset
194.6612 	EXP 	unnamed Rect: lineColor = 'white (named)'
194.6612 	EXP 	unnamed Rect: lineColor = 'white (named)'
194.6612 	EXP 	unnamed TextStim: text = '+5'
194.6612 	EXP 	unnamed TextStim: text = '+3'
196.8568 	DATA 	Trial End Time - totalITI: 2.18859401456
196.8570 	EXP 	New trial (rep=0, index=7): {'P1_1': '0.75', 'P1_2': '0.75', 'SafeOption': '1', 'P2_2': '0.25', 'O2_2': '30', 'O2_1': '10', 'ProbNumber': 'RR3', 'O1_2': '-5', 'O1_1': '2', 'EV2': '3.75', 'EV1': '4', 'ProbType': 'RR', 'P2_1': '0.25'}
196.8571 	DATA 	Trial Onset - ProblemType: RR, ProblemNumber: RR3, leftRight: 1, samplingDur: 15, assignedITI: 2.3911
196.8571 	DATA 	Sampling Onset
197.7732 	DATA 	Keypress: 1
197.7891 	EXP 	unnamed TextStim: text = '+30'
198.2901 	DATA 	Sampled Response: 2, Outcome Shown: +2
198.3563 	DATA 	Keypress: 1
198.3725 	EXP 	unnamed TextStim: text = '-5'
198.8618 	DATA 	Sampled Response: 2, Outcome Shown: +2
198.8621 	DATA 	Keypress: 1
199.2559 	DATA 	Keypress: 1
199.2726 	EXP 	unnamed TextStim: text = '-5'
199.7835 	DATA 	Sampled Response: 2, Outcome Shown: +2
199.8727 	DATA 	Keypress: 1
199.8892 	EXP 	unnamed TextStim: text = '+30'
200.3915 	DATA 	Sampled Response: 2, Outcome Shown: +10
200.8062 	DATA 	Keypress: 1
200.8224 	EXP 	unnamed TextStim: text = '-5'
201.3334 	DATA 	Sampled Response: 2, Outcome Shown: +10
201.3336 	DATA 	Keypress: 1
201.7059 	DATA 	Keypress: 1
201.7223 	EXP 	unnamed TextStim: text = '+30'
202.2118 	DATA 	Sampled Response: 2, Outcome Shown: +2
202.5560 	DATA 	Keypress: 2
202.5719 	EXP 	unnamed TextStim: text = '+2'
203.0802 	DATA 	Sampled Response: 1, Outcome Shown: -5
203.2226 	DATA 	Keypress: 2
203.2389 	EXP 	unnamed TextStim: text = '+10'
203.7488 	DATA 	Sampled Response: 1, Outcome Shown: -5
203.8721 	DATA 	Keypress: 2
203.8887 	EXP 	unnamed TextStim: text = '+10'
204.3916 	DATA 	Sampled Response: 1, Outcome Shown: -5
204.4891 	DATA 	Keypress: 2
204.5054 	EXP 	unnamed TextStim: text = '+2'
205.0171 	DATA 	Sampled Response: 1, Outcome Shown: -5
205.1888 	DATA 	Keypress: 2
205.2053 	EXP 	unnamed TextStim: text = '+2'
205.7073 	DATA 	Sampled Response: 1, Outcome Shown: -5
205.7721 	DATA 	Keypress: 2
205.7885 	EXP 	unnamed TextStim: text = '+2'
206.2877 	DATA 	Sampled Response: 1, Outcome Shown: -5
206.5053 	DATA 	Keypress: 2
206.5217 	EXP 	unnamed TextStim: text = '+2'
207.0253 	DATA 	Sampled Response: 1, Outcome Shown: +30
207.0256 	DATA 	Keypress: 1
207.1052 	DATA 	Keypress: 1
207.1217 	EXP 	unnamed TextStim: text = '-5'
207.6213 	DATA 	Sampled Response: 2, Outcome Shown: +10
207.6216 	DATA 	Keypress: 1
207.8720 	DATA 	Keypress: 1
207.8884 	EXP 	unnamed TextStim: text = '-5'
208.3890 	DATA 	Sampled Response: 2, Outcome Shown: +2
208.3893 	DATA 	Keypress: 1
208.5393 	DATA 	Keypress: 1
208.5716 	EXP 	unnamed TextStim: text = '+30'
209.0804 	DATA 	Sampled Response: 2, Outcome Shown: +10
209.0807 	DATA 	Keypress: 1
209.1217 	DATA 	Keypress: 1
209.1382 	EXP 	unnamed TextStim: text = '+30'
209.6443 	DATA 	Sampled Response: 2, Outcome Shown: +2
209.6446 	DATA 	Keypress: 1
209.9057 	DATA 	Keypress: 1
209.9211 	EXP 	unnamed TextStim: text = '+30'
210.4276 	DATA 	Sampled Response: 2, Outcome Shown: +2
210.4279 	DATA 	Keypress: 1
210.6882 	DATA 	Keypress: 1
210.7046 	EXP 	unnamed TextStim: text = '-5'
211.1957 	DATA 	Sampled Response: 2, Outcome Shown: +2
211.2183 	DATA 	Keypress: 1
211.2373 	EXP 	unnamed TextStim: text = '-5'
211.7373 	DATA 	Sampled Response: 2, Outcome Shown: +2
211.7376 	DATA 	Keypress: 1
211.7377 	DATA 	** broke sampling loop (<.5s left in trial) **
211.7384 	DATA 	samplingCount: 20
211.7384 	DATA 	Think Onset
211.7418 	EXP 	unnamed Rect: lineColor = 'white (named)'
211.7418 	EXP 	unnamed Rect: lineColor = 'white (named)'
214.7709 	DATA 	Decide Onset
215.2910 	DATA 	Keypress: 1
215.2911 	DATA 	Decision Button Press: ['1']
215.2911 	DATA 	Decision Response: 2
215.2946 	EXP 	unnamed Rect: lineColor = 'red (named)'
215.8067 	DATA 	ITI Onset
215.8101 	EXP 	unnamed Rect: lineColor = 'white (named)'
215.8101 	EXP 	unnamed Rect: lineColor = 'white (named)'
215.8101 	EXP 	unnamed TextStim: text = '-5'
215.8101 	EXP 	unnamed TextStim: text = '+2'
219.5041 	DATA 	Trial End Time - totalITI: 3.69021910631
219.5043 	EXP 	New trial (rep=0, index=8): {'P1_1': '0.7', 'P1_2': '1', 'SafeOption': '2', 'P2_2': '0', 'O2_2': '0', 'O2_1': '0', 'ProbNumber': 'SD5', 'O1_2': '-8', 'O1_1': '-10', 'EV2': '-8', 'EV1': '-7', 'ProbType': 'SD', 'P2_1': '0.3'}
219.5044 	DATA 	Trial Onset - ProblemType: SD, ProblemNumber: SD5, leftRight: 0, samplingDur: 19, assignedITI: 5.0846
219.5044 	DATA 	Sampling Onset
220.3539 	DATA 	Keypress: 1
220.3701 	EXP 	unnamed TextStim: text = '-10'
220.8616 	DATA 	Sampled Response: 1, Outcome Shown: -10
221.1370 	DATA 	Keypress: 1
221.1534 	EXP 	unnamed TextStim: text = '-10'
221.6535 	DATA 	Sampled Response: 1, Outcome Shown: -10
221.9878 	DATA 	Keypress: 1
222.0199 	EXP 	unnamed TextStim: text = '-10'
222.5172 	DATA 	Sampled Response: 1, Outcome Shown: -10
222.8034 	DATA 	Keypress: 1
222.8200 	EXP 	unnamed TextStim: text = '-10'
223.3193 	DATA 	Sampled Response: 1, Outcome Shown: -10
223.6200 	DATA 	Keypress: 1
223.6368 	EXP 	unnamed TextStim: text = '-10'
224.1468 	DATA 	Sampled Response: 1, Outcome Shown: -10
224.3196 	DATA 	Keypress: 1
224.3358 	EXP 	unnamed TextStim: text = '0'
224.8310 	DATA 	Sampled Response: 1, Outcome Shown: 0
225.1532 	DATA 	Keypress: 2
225.1695 	EXP 	unnamed TextStim: text = '-8'
225.6700 	DATA 	Sampled Response: 2, Outcome Shown: -8
225.8532 	DATA 	Keypress: 2
225.8695 	EXP 	unnamed TextStim: text = '-8'
226.3743 	DATA 	Sampled Response: 2, Outcome Shown: -8
226.5530 	DATA 	Keypress: 2
226.5694 	EXP 	unnamed TextStim: text = '-8'
227.0798 	DATA 	Sampled Response: 2, Outcome Shown: -8
227.1193 	DATA 	Keypress: 2
227.1359 	EXP 	unnamed TextStim: text = '-8'
227.6447 	DATA 	Sampled Response: 2, Outcome Shown: -8
227.7529 	DATA 	Keypress: 2
227.7693 	EXP 	unnamed TextStim: text = '-8'
228.2721 	DATA 	Sampled Response: 2, Outcome Shown: -8
228.3695 	DATA 	Keypress: 2
228.3859 	EXP 	unnamed TextStim: text = '-8'
228.8928 	DATA 	Sampled Response: 2, Outcome Shown: -8
228.8931 	DATA 	Keypress: 2
229.2028 	DATA 	Keypress: 2
229.2191 	EXP 	unnamed TextStim: text = '-8'
229.7169 	DATA 	Sampled Response: 2, Outcome Shown: -8
229.7860 	DATA 	Keypress: 2
229.8024 	EXP 	unnamed TextStim: text = '-8'
230.2944 	DATA 	Sampled Response: 2, Outcome Shown: -8
230.2947 	DATA 	Keypress: 1
230.6191 	DATA 	Keypress: 1
230.6357 	EXP 	unnamed TextStim: text = '-10'
231.1436 	DATA 	Sampled Response: 1, Outcome Shown: -10
231.2024 	DATA 	Keypress: 1
231.2189 	EXP 	unnamed TextStim: text = '0'
231.7198 	DATA 	Sampled Response: 1, Outcome Shown: 0
231.8024 	DATA 	Keypress: 1
231.8191 	EXP 	unnamed TextStim: text = '0'
232.3183 	DATA 	Sampled Response: 1, Outcome Shown: 0
232.3186 	DATA 	Keypress: 1
232.9523 	DATA 	Keypress: 1
232.9682 	EXP 	unnamed TextStim: text = '-10'
233.4783 	DATA 	Sampled Response: 1, Outcome Shown: -10
233.4786 	DATA 	Keypress: 1
233.8188 	DATA 	Keypress: 1
233.8353 	EXP 	unnamed TextStim: text = '-10'
234.3388 	DATA 	Sampled Response: 1, Outcome Shown: -10
234.3390 	DATA 	Keypress: 1
234.5187 	DATA 	Keypress: 1
234.5352 	EXP 	unnamed TextStim: text = '-10'
235.0303 	DATA 	Sampled Response: 1, Outcome Shown: -10
235.0688 	DATA 	Keypress: 1
235.0849 	EXP 	unnamed TextStim: text = '0'
235.5948 	DATA 	Sampled Response: 1, Outcome Shown: 0
235.5951 	DATA 	Keypress: 1
236.0194 	DATA 	Keypress: 1
236.0517 	EXP 	unnamed TextStim: text = '0'
236.5495 	DATA 	Sampled Response: 1, Outcome Shown: 0
236.5498 	DATA 	Keypress: 1
236.7520 	DATA 	Keypress: 1
236.7683 	EXP 	unnamed TextStim: text = '0'
237.2712 	DATA 	Sampled Response: 1, Outcome Shown: 0
237.2715 	DATA 	Keypress: 1
237.2752 	DATA 	Keypress: 1
237.2981 	EXP 	unnamed TextStim: text = '-10'
237.7997 	DATA 	Sampled Response: 1, Outcome Shown: -10
237.8000 	DATA 	Keypress: 2
238.0183 	DATA 	Keypress: 2
238.0347 	EXP 	unnamed TextStim: text = '-8'
238.5399 	DATA 	Sampled Response: 2, Outcome Shown: -8
238.5403 	DATA 	Keypress: 2
238.5405 	DATA 	Keypress: 2
238.5405 	DATA 	** broke sampling loop (<.5s left in trial) **
238.5413 	DATA 	samplingCount: 25
238.5413 	DATA 	Think Onset
238.5447 	EXP 	unnamed Rect: lineColor = 'white (named)'
238.5447 	EXP 	unnamed Rect: lineColor = 'white (named)'
238.7687 	DATA 	Keypress: 2
241.5678 	DATA 	Decide Onset
242.0669 	DATA 	Keypress: 1
242.0669 	DATA 	Decision Button Press: ['1']
242.0670 	DATA 	Decision Response: 1
242.0705 	EXP 	unnamed Rect: lineColor = 'red (named)'
242.5789 	DATA 	ITI Onset
242.5819 	EXP 	unnamed Rect: lineColor = 'white (named)'
242.5819 	EXP 	unnamed Rect: lineColor = 'white (named)'
242.5819 	EXP 	unnamed TextStim: text = '-10'
242.5819 	EXP 	unnamed TextStim: text = '-8'
248.8340 	DATA 	Trial End Time - totalITI: 6.24905039473
248.8343 	EXP 	New trial (rep=0, index=9): {'P1_1': '0.6', 'P1_2': '1', 'SafeOption': '2', 'P2_2': '0', 'O2_2': '0', 'O2_1': '-12', 'ProbNumber': 'MD12', 'O1_2': '12', 'O1_1': '30', 'EV2': '12', 'EV1': '13.2', 'ProbType': 'MD', 'P2_1': '0.4'}
248.8344 	DATA 	Trial Onset - ProblemType: MD, ProblemNumber: MD12, leftRight: 0, samplingDur: 16, assignedITI: 1.3267
248.8344 	DATA 	Sampling Onset
249.6672 	DATA 	Keypress: 1
249.6834 	EXP 	unnamed TextStim: text = '+30'
250.1914 	DATA 	Sampled Response: 1, Outcome Shown: +30
250.4169 	DATA 	Keypress: 1
250.4335 	EXP 	unnamed TextStim: text = '-12'
250.9446 	DATA 	Sampled Response: 1, Outcome Shown: -12
251.2338 	DATA 	Keypress: 1
251.2499 	EXP 	unnamed TextStim: text = '+30'
251.7519 	DATA 	Sampled Response: 1, Outcome Shown: +30
251.9501 	DATA 	Keypress: 1
251.9667 	EXP 	unnamed TextStim: text = '+30'
252.4663 	DATA 	Sampled Response: 1, Outcome Shown: +30
252.6500 	DATA 	Keypress: 1
252.6664 	EXP 	unnamed TextStim: text = '+30'
253.1704 	DATA 	Sampled Response: 1, Outcome Shown: +30
253.2666 	DATA 	Keypress: 1
253.2831 	EXP 	unnamed TextStim: text = '-12'
253.7832 	DATA 	Sampled Response: 1, Outcome Shown: -12
253.9166 	DATA 	Keypress: 1
253.9329 	EXP 	unnamed TextStim: text = '+30'
254.4416 	DATA 	Sampled Response: 1, Outcome Shown: +30
254.6331 	DATA 	Keypress: 1
254.6496 	EXP 	unnamed TextStim: text = '+30'
255.1631 	DATA 	Sampled Response: 1, Outcome Shown: +30
255.2831 	DATA 	Keypress: 1
255.2994 	EXP 	unnamed TextStim: text = '+30'
255.7990 	DATA 	Sampled Response: 1, Outcome Shown: +30
255.8662 	DATA 	Keypress: 1
255.8824 	EXP 	unnamed TextStim: text = '+30'
256.3858 	DATA 	Sampled Response: 1, Outcome Shown: +30
256.4661 	DATA 	Keypress: 1
256.4827 	EXP 	unnamed TextStim: text = '+30'
256.9961 	DATA 	Sampled Response: 1, Outcome Shown: +30
257.0671 	DATA 	Keypress: 1
257.0991 	EXP 	unnamed TextStim: text = '-12'
257.6077 	DATA 	Sampled Response: 1, Outcome Shown: -12
257.6493 	DATA 	Keypress: 2
257.6656 	EXP 	unnamed TextStim: text = '+12'
258.1732 	DATA 	Sampled Response: 2, Outcome Shown: +12
258.1735 	DATA 	Keypress: 2
258.6492 	DATA 	Keypress: 2
258.6655 	EXP 	unnamed TextStim: text = '+12'
259.1760 	DATA 	Sampled Response: 2, Outcome Shown: +12
259.1763 	DATA 	Keypress: 2
259.3825 	DATA 	Keypress: 2
259.3990 	EXP 	unnamed TextStim: text = '+12'
259.8842 	DATA 	Sampled Response: 2, Outcome Shown: +12
259.8845 	DATA 	Keypress: 2
260.0491 	DATA 	Keypress: 2
260.0656 	EXP 	unnamed TextStim: text = '+12'
260.5727 	DATA 	Sampled Response: 2, Outcome Shown: +12
260.5729 	DATA 	Keypress: 2
260.6825 	DATA 	Keypress: 2
260.6988 	EXP 	unnamed TextStim: text = '+12'
261.1989 	DATA 	Sampled Response: 2, Outcome Shown: +12
261.1992 	DATA 	Keypress: 2
261.2991 	DATA 	Keypress: 2
261.3154 	EXP 	unnamed TextStim: text = '+12'
261.8152 	DATA 	Sampled Response: 2, Outcome Shown: +12
261.8155 	DATA 	Keypress: 1
261.9989 	DATA 	Keypress: 1
262.0153 	EXP 	unnamed TextStim: text = '+30'
262.5154 	DATA 	Sampled Response: 1, Outcome Shown: +30
262.5157 	DATA 	Keypress: 1
262.5159 	DATA 	Keypress: 1
262.7489 	DATA 	Keypress: 1
262.7652 	EXP 	unnamed TextStim: text = '-12'
263.2699 	DATA 	Sampled Response: 1, Outcome Shown: -12
263.2702 	DATA 	Keypress: 1
263.2704 	DATA 	Keypress: 1
263.4654 	DATA 	Keypress: 1
263.4816 	EXP 	unnamed TextStim: text = '-12'
263.9890 	DATA 	Sampled Response: 1, Outcome Shown: -12
263.9893 	DATA 	Keypress: 1
263.9896 	DATA 	Keypress: 1
264.1487 	DATA 	Keypress: 1
264.1651 	EXP 	unnamed TextStim: text = '-12'
264.6507 	DATA 	Sampled Response: 1, Outcome Shown: -12
264.6510 	DATA 	Keypress: 1
264.6512 	DATA 	Keypress: 1
264.6512 	DATA 	** broke sampling loop (<.5s left in trial) **
264.6519 	DATA 	samplingCount: 22
264.6519 	DATA 	Think Onset
264.6553 	EXP 	unnamed Rect: lineColor = 'white (named)'
264.6553 	EXP 	unnamed Rect: lineColor = 'white (named)'
264.8158 	DATA 	Keypress: 1
267.6815 	DATA 	Decide Onset
268.2348 	DATA 	Keypress: 1
268.2349 	DATA 	Decision Button Press: ['1']
268.2350 	DATA 	Decision Response: 1
268.2385 	EXP 	unnamed Rect: lineColor = 'red (named)'
268.7485 	DATA 	ITI Onset
268.7518 	EXP 	unnamed Rect: lineColor = 'white (named)'
268.7518 	EXP 	unnamed Rect: lineColor = 'white (named)'
268.7518 	EXP 	unnamed TextStim: text = '-12'
268.7518 	EXP 	unnamed TextStim: text = '+12'
271.4148 	DATA 	Trial End Time - totalITI: 2.65624493985
271.4150 	EXP 	New trial (rep=0, index=10): {'P1_1': '0.6', 'P1_2': '0.5', 'SafeOption': '1', 'P2_2': '0.5', 'O2_2': '50', 'O2_1': '25', 'ProbNumber': 'RR6', 'O1_2': '-15', 'O1_1': '12', 'EV2': '17.5', 'EV1': '17.2', 'ProbType': 'RR', 'P2_1': '0.4'}
271.4151 	DATA 	Trial Onset - ProblemType: RR, ProblemNumber: RR6, leftRight: 0, samplingDur: 18, assignedITI: 1.2297
271.4151 	DATA 	Sampling Onset
272.3310 	DATA 	Keypress: 1
272.3474 	EXP 	unnamed TextStim: text = '+12'
272.8494 	DATA 	Sampled Response: 1, Outcome Shown: +12
272.9978 	DATA 	Keypress: 1
273.0140 	EXP 	unnamed TextStim: text = '+25'
273.5229 	DATA 	Sampled Response: 1, Outcome Shown: +25
273.7476 	DATA 	Keypress: 1
273.7637 	EXP 	unnamed TextStim: text = '+12'
274.2605 	DATA 	Sampled Response: 1, Outcome Shown: +12
274.4639 	DATA 	Keypress: 1
274.4806 	EXP 	unnamed TextStim: text = '+12'
274.9818 	DATA 	Sampled Response: 1, Outcome Shown: +12
275.1806 	DATA 	Keypress: 1
275.1973 	EXP 	unnamed TextStim: text = '+12'
275.7024 	DATA 	Sampled Response: 1, Outcome Shown: +12
275.8641 	DATA 	Keypress: 1
275.8803 	EXP 	unnamed TextStim: text = '+25'
276.3787 	DATA 	Sampled Response: 1, Outcome Shown: +25
276.5805 	DATA 	Keypress: 1
276.5970 	EXP 	unnamed TextStim: text = '+12'
277.0981 	DATA 	Sampled Response: 1, Outcome Shown: +12
277.1310 	DATA 	Keypress: 1
277.1468 	EXP 	unnamed TextStim: text = '+12'
277.6465 	DATA 	Sampled Response: 1, Outcome Shown: +12
277.7137 	DATA 	Keypress: 1
277.7304 	EXP 	unnamed TextStim: text = '+12'
278.2423 	DATA 	Sampled Response: 1, Outcome Shown: +12
278.2971 	DATA 	Keypress: 1
278.3135 	EXP 	unnamed TextStim: text = '+12'
278.8152 	DATA 	Sampled Response: 1, Outcome Shown: +12
278.8195 	DATA 	Keypress: 1
278.8301 	EXP 	unnamed TextStim: text = '+12'
279.3396 	DATA 	Sampled Response: 1, Outcome Shown: +12
279.3399 	DATA 	Keypress: 1
279.8304 	DATA 	Keypress: 2
279.8465 	EXP 	unnamed TextStim: text = '-15'
280.3595 	DATA 	Sampled Response: 2, Outcome Shown: -15
280.4467 	DATA 	Keypress: 2
280.4629 	EXP 	unnamed TextStim: text = '+50'
280.9584 	DATA 	Sampled Response: 2, Outcome Shown: +50
281.1133 	DATA 	Keypress: 2
281.1297 	EXP 	unnamed TextStim: text = '+50'
281.6168 	DATA 	Sampled Response: 2, Outcome Shown: +50
281.6466 	DATA 	Keypress: 2
281.6630 	EXP 	unnamed TextStim: text = '-15'
282.1493 	DATA 	Sampled Response: 2, Outcome Shown: -15
282.3299 	DATA 	Keypress: 2
282.3463 	EXP 	unnamed TextStim: text = '+50'
282.8466 	DATA 	Sampled Response: 2, Outcome Shown: +50
282.9466 	DATA 	Keypress: 2
282.9630 	EXP 	unnamed TextStim: text = '-15'
283.4650 	DATA 	Sampled Response: 2, Outcome Shown: -15
283.4653 	DATA 	Keypress: 2
283.9964 	DATA 	Keypress: 2
284.0127 	EXP 	unnamed TextStim: text = '-15'
284.4995 	DATA 	Sampled Response: 2, Outcome Shown: -15
284.7291 	DATA 	Keypress: 2
284.7456 	EXP 	unnamed TextStim: text = '+50'
285.2518 	DATA 	Sampled Response: 2, Outcome Shown: +50
286.9634 	DATA 	Keypress: 1
286.9957 	EXP 	unnamed TextStim: text = '+12'
287.4956 	DATA 	Sampled Response: 1, Outcome Shown: +12
287.6293 	DATA 	Keypress: 1
287.6457 	EXP 	unnamed TextStim: text = '+12'
288.1372 	DATA 	Sampled Response: 1, Outcome Shown: +12
288.1791 	DATA 	Keypress: 1
288.1956 	EXP 	unnamed TextStim: text = '+12'
288.7014 	DATA 	Sampled Response: 1, Outcome Shown: +12
288.7791 	DATA 	Keypress: 1
288.7957 	EXP 	unnamed TextStim: text = '+12'
289.2976 	DATA 	Sampled Response: 1, Outcome Shown: +12
289.2978 	DATA 	** broke sampling loop (<.5s left in trial) **
289.2985 	DATA 	samplingCount: 23
289.2985 	DATA 	Think Onset
289.3020 	EXP 	unnamed Rect: lineColor = 'white (named)'
289.3020 	EXP 	unnamed Rect: lineColor = 'white (named)'
289.3629 	DATA 	Keypress: 2
292.3285 	DATA 	Decide Onset
292.7229 	DATA 	Keypress: 2
292.7230 	DATA 	Decision Button Press: ['2']
292.7231 	DATA 	Decision Response: 2
292.7266 	EXP 	unnamed Rect: lineColor = 'red (named)'
293.2385 	DATA 	ITI Onset
293.2420 	EXP 	unnamed Rect: lineColor = 'white (named)'
293.2420 	EXP 	unnamed Rect: lineColor = 'white (named)'
293.2420 	EXP 	unnamed TextStim: text = '+12'
293.2420 	EXP 	unnamed TextStim: text = '+50'
295.8952 	DATA 	Trial End Time - totalITI: 2.65223666259
295.8954 	EXP 	New trial (rep=0, index=11): {'P1_1': '0.9', 'P1_2': '0.7', 'SafeOption': '1', 'P2_2': '0.3', 'O2_2': '25', 'O2_1': '15', 'ProbNumber': 'RR10', 'O1_2': '-3', 'O1_1': '5', 'EV2': '5.4', 'EV1': '6', 'ProbType': 'RR', 'P2_1': '0.1'}
295.8955 	DATA 	Trial Onset - ProblemType: RR, ProblemNumber: RR10, leftRight: 0, samplingDur: 16, assignedITI: 1.4411
295.8955 	DATA 	Sampling Onset
296.5282 	DATA 	Keypress: 1
296.5446 	EXP 	unnamed TextStim: text = '+5'
297.0434 	DATA 	Sampled Response: 1, Outcome Shown: +5
297.2948 	DATA 	Keypress: 1
297.3111 	EXP 	unnamed TextStim: text = '+5'
297.7991 	DATA 	Sampled Response: 1, Outcome Shown: +5
297.9613 	DATA 	Keypress: 1
297.9774 	EXP 	unnamed TextStim: text = '+5'
298.4847 	DATA 	Sampled Response: 1, Outcome Shown: +5
298.6615 	DATA 	Keypress: 1
298.6777 	EXP 	unnamed TextStim: text = '+5'
299.1760 	DATA 	Sampled Response: 1, Outcome Shown: +5
299.2614 	DATA 	Keypress: 1
299.2779 	EXP 	unnamed TextStim: text = '+5'
299.7883 	DATA 	Sampled Response: 1, Outcome Shown: +5
299.8276 	DATA 	Keypress: 1
299.8439 	EXP 	unnamed TextStim: text = '+15'
300.3520 	DATA 	Sampled Response: 1, Outcome Shown: +15
303.9275 	DATA 	Keypress: 2
303.9437 	EXP 	unnamed TextStim: text = '+25'
304.4451 	DATA 	Sampled Response: 2, Outcome Shown: +25
304.6607 	DATA 	Keypress: 2
304.6770 	EXP 	unnamed TextStim: text = '+25'
305.1648 	DATA 	Sampled Response: 2, Outcome Shown: +25
305.2773 	DATA 	Keypress: 2
305.2935 	EXP 	unnamed TextStim: text = '-3'
305.7990 	DATA 	Sampled Response: 2, Outcome Shown: -3
306.0271 	DATA 	Keypress: 2
306.0435 	EXP 	unnamed TextStim: text = '+25'
306.5312 	DATA 	Sampled Response: 2, Outcome Shown: +25
306.6270 	DATA 	Keypress: 2
306.6435 	EXP 	unnamed TextStim: text = '+25'
307.1416 	DATA 	Sampled Response: 2, Outcome Shown: +25
307.2603 	DATA 	Keypress: 2
307.2767 	EXP 	unnamed TextStim: text = '-3'
307.7844 	DATA 	Sampled Response: 2, Outcome Shown: -3
307.9936 	DATA 	Keypress: 2
308.0100 	EXP 	unnamed TextStim: text = '-3'
308.5210 	DATA 	Sampled Response: 2, Outcome Shown: -3
308.5213 	DATA 	Keypress: 2
308.9767 	DATA 	Keypress: 2
308.9933 	EXP 	unnamed TextStim: text = '-3'
309.4928 	DATA 	Sampled Response: 2, Outcome Shown: -3
309.6277 	DATA 	Keypress: 2
309.6596 	EXP 	unnamed TextStim: text = '+25'
310.1669 	DATA 	Sampled Response: 2, Outcome Shown: +25
310.3600 	DATA 	Keypress: 2
310.3764 	EXP 	unnamed TextStim: text = '-3'
310.8879 	DATA 	Sampled Response: 2, Outcome Shown: -3
311.0934 	DATA 	Keypress: 2
311.1097 	EXP 	unnamed TextStim: text = '-3'
311.6100 	DATA 	Sampled Response: 2, Outcome Shown: -3
311.6102 	DATA 	** broke sampling loop (<.5s left in trial) **
311.6109 	DATA 	samplingCount: 17
311.6109 	DATA 	Think Onset
311.6143 	EXP 	unnamed Rect: lineColor = 'white (named)'
311.6143 	EXP 	unnamed Rect: lineColor = 'white (named)'
311.7769 	DATA 	Keypress: 2
314.6421 	DATA 	Decide Onset
315.2029 	DATA 	Keypress: 2
315.2030 	DATA 	Decision Button Press: ['2']
315.2031 	DATA 	Decision Response: 2
315.2067 	EXP 	unnamed Rect: lineColor = 'red (named)'
315.7252 	DATA 	ITI Onset
315.7284 	EXP 	unnamed Rect: lineColor = 'white (named)'
315.7284 	EXP 	unnamed Rect: lineColor = 'white (named)'
315.7284 	EXP 	unnamed TextStim: text = '+15'
315.7284 	EXP 	unnamed TextStim: text = '-3'
318.5927 	DATA 	Trial End Time - totalITI: 2.86536485084
318.5929 	EXP 	New trial (rep=0, index=12): {'P1_1': '0.3', 'P1_2': '0.5', 'SafeOption': '1', 'P2_2': '0.5', 'O2_2': '30', 'O2_1': '15', 'ProbNumber': 'RR4', 'O1_2': '-8', 'O1_1': '5', 'EV2': '11', 'EV1': '12', 'ProbType': 'RR', 'P2_1': '0.7'}
318.5930 	DATA 	Trial Onset - ProblemType: RR, ProblemNumber: RR4, leftRight: 0, samplingDur: 17, assignedITI: 1.0113
318.5930 	DATA 	Sampling Onset
319.2922 	DATA 	Keypress: 1
319.3088 	EXP 	unnamed TextStim: text = '+5'
319.8112 	DATA 	Sampled Response: 1, Outcome Shown: +5
319.9920 	DATA 	Keypress: 1
320.0085 	EXP 	unnamed TextStim: text = '+15'
320.5160 	DATA 	Sampled Response: 1, Outcome Shown: +15
320.6597 	DATA 	Keypress: 1
320.6918 	EXP 	unnamed TextStim: text = '+5'
321.1904 	DATA 	Sampled Response: 1, Outcome Shown: +5
321.2419 	DATA 	Keypress: 1
321.2585 	EXP 	unnamed TextStim: text = '+15'
321.7698 	DATA 	Sampled Response: 1, Outcome Shown: +15
321.8751 	DATA 	Keypress: 1
321.8916 	EXP 	unnamed TextStim: text = '+15'
322.3969 	DATA 	Sampled Response: 1, Outcome Shown: +15
322.3972 	DATA 	Keypress: 1
322.7582 	DATA 	Keypress: 1
322.7749 	EXP 	unnamed TextStim: text = '+15'
323.2738 	DATA 	Sampled Response: 1, Outcome Shown: +15
323.2741 	DATA 	Keypress: 1
323.4750 	DATA 	Keypress: 1
323.4915 	EXP 	unnamed TextStim: text = '+15'
323.9872 	DATA 	Sampled Response: 1, Outcome Shown: +15
324.1418 	DATA 	Keypress: 2
324.1582 	EXP 	unnamed TextStim: text = '-8'
324.6718 	DATA 	Sampled Response: 2, Outcome Shown: -8
324.7417 	DATA 	Keypress: 2
324.7581 	EXP 	unnamed TextStim: text = '-8'
325.2672 	DATA 	Sampled Response: 2, Outcome Shown: -8
325.3082 	DATA 	Keypress: 2
325.3246 	EXP 	unnamed TextStim: text = '+30'
325.8319 	DATA 	Sampled Response: 2, Outcome Shown: +30
325.8915 	DATA 	Keypress: 2
325.9078 	EXP 	unnamed TextStim: text = '+30'
326.4113 	DATA 	Sampled Response: 2, Outcome Shown: +30
326.4116 	DATA 	Keypress: 2
326.8915 	DATA 	Keypress: 1
326.9077 	EXP 	unnamed TextStim: text = '+15'
327.3998 	DATA 	Sampled Response: 1, Outcome Shown: +15
327.5081 	DATA 	Keypress: 1
327.5244 	EXP 	unnamed TextStim: text = '+5'
328.0268 	DATA 	Sampled Response: 1, Outcome Shown: +5
328.1074 	DATA 	Keypress: 1
328.1242 	EXP 	unnamed TextStim: text = '+15'
328.6223 	DATA 	Sampled Response: 1, Outcome Shown: +15
328.6226 	DATA 	Keypress: 1
329.1245 	DATA 	Keypress: 2
329.1409 	EXP 	unnamed TextStim: text = '+30'
329.6428 	DATA 	Sampled Response: 2, Outcome Shown: +30
329.6431 	DATA 	Keypress: 2
329.9411 	DATA 	Keypress: 2
329.9574 	EXP 	unnamed TextStim: text = '+30'
330.4576 	DATA 	Sampled Response: 2, Outcome Shown: +30
330.4579 	DATA 	Keypress: 2
330.7405 	DATA 	Keypress: 2
330.7572 	EXP 	unnamed TextStim: text = '+30'
331.2558 	DATA 	Sampled Response: 2, Outcome Shown: +30
331.2561 	DATA 	Keypress: 2
331.3075 	DATA 	Keypress: 2
331.3239 	EXP 	unnamed TextStim: text = '-8'
331.8144 	DATA 	Sampled Response: 2, Outcome Shown: -8
331.8147 	DATA 	Keypress: 2
332.1242 	DATA 	Keypress: 2
332.1403 	EXP 	unnamed TextStim: text = '-8'
332.6381 	DATA 	Sampled Response: 2, Outcome Shown: -8
332.6384 	DATA 	Keypress: 2
332.9409 	DATA 	Keypress: 2
332.9571 	EXP 	unnamed TextStim: text = '-8'
333.4666 	DATA 	Sampled Response: 2, Outcome Shown: -8
333.5906 	DATA 	Keypress: 2
333.6070 	EXP 	unnamed TextStim: text = '-8'
334.0999 	DATA 	Sampled Response: 2, Outcome Shown: -8
334.1404 	DATA 	Keypress: 2
334.1567 	EXP 	unnamed TextStim: text = '-8'
334.6608 	DATA 	Sampled Response: 2, Outcome Shown: -8
334.7905 	DATA 	Keypress: 1
334.8069 	EXP 	unnamed TextStim: text = '+5'
335.3185 	DATA 	Sampled Response: 1, Outcome Shown: +5
335.3188 	DATA 	** broke sampling loop (<.5s left in trial) **
335.3195 	DATA 	samplingCount: 23
335.3196 	DATA 	Think Onset
335.3231 	EXP 	unnamed Rect: lineColor = 'white (named)'
335.3231 	EXP 	unnamed Rect: lineColor = 'white (named)'
335.7242 	DATA 	Keypress: 1
338.3399 	DATA 	Decide Onset
338.9308 	DATA 	Keypress: 1
338.9309 	DATA 	Decision Button Press: ['1']
338.9309 	DATA 	Decision Response: 1
338.9344 	EXP 	unnamed Rect: lineColor = 'red (named)'
339.4493 	DATA 	ITI Onset
339.4527 	EXP 	unnamed Rect: lineColor = 'white (named)'
339.4527 	EXP 	unnamed Rect: lineColor = 'white (named)'
339.4527 	EXP 	unnamed TextStim: text = '+5'
339.4527 	EXP 	unnamed TextStim: text = '-8'
341.8567 	DATA 	Trial End Time - totalITI: 2.39423637224
341.8570 	EXP 	New trial (rep=0, index=13): {'P1_1': '0.1', 'P1_2': '1', 'SafeOption': '2', 'P2_2': '0', 'O2_2': '0', 'O2_1': '0', 'ProbNumber': 'SD1', 'O1_2': '-3', 'O1_1': '-32', 'EV2': '-3', 'EV1': '-3.2', 'ProbType': 'SD', 'P2_1': '0.9'}
341.8571 	DATA 	Trial Onset - ProblemType: SD, ProblemNumber: SD1, leftRight: 0, samplingDur: 18, assignedITI: 3.6695
341.8571 	DATA 	Sampling Onset
342.4729 	DATA 	Keypress: 1
342.4893 	EXP 	unnamed TextStim: text = '0'
343.0021 	DATA 	Sampled Response: 1, Outcome Shown: 0
343.0562 	DATA 	Keypress: 1
343.0726 	EXP 	unnamed TextStim: text = '0'
343.5827 	DATA 	Sampled Response: 1, Outcome Shown: 0
343.7728 	DATA 	Keypress: 1
343.7891 	EXP 	unnamed TextStim: text = '0'
344.3030 	DATA 	Sampled Response: 1, Outcome Shown: 0
344.3074 	DATA 	Keypress: 1
344.3224 	EXP 	unnamed TextStim: text = '0'
344.8357 	DATA 	Sampled Response: 1, Outcome Shown: 0
344.8558 	DATA 	Keypress: 1
344.8724 	EXP 	unnamed TextStim: text = '0'
345.3852 	DATA 	Sampled Response: 1, Outcome Shown: 0
345.4060 	DATA 	Keypress: 1
345.4221 	EXP 	unnamed TextStim: text = '0'
345.9332 	DATA 	Sampled Response: 1, Outcome Shown: 0
345.9335 	DATA 	Keypress: 1
346.3392 	DATA 	Keypress: 1
346.3555 	EXP 	unnamed TextStim: text = '0'
346.8584 	DATA 	Sampled Response: 1, Outcome Shown: 0
347.2723 	DATA 	Keypress: 1
347.2888 	EXP 	unnamed TextStim: text = '-32'
347.8009 	DATA 	Sampled Response: 1, Outcome Shown: -32
348.0056 	DATA 	Keypress: 1
348.0219 	EXP 	unnamed TextStim: text = '0'
348.5365 	DATA 	Sampled Response: 1, Outcome Shown: 0
348.6719 	DATA 	Keypress: 2
348.6886 	EXP 	unnamed TextStim: text = '-3'
349.1941 	DATA 	Sampled Response: 2, Outcome Shown: -3
349.2887 	DATA 	Keypress: 2
349.3052 	EXP 	unnamed TextStim: text = '-3'
349.7990 	DATA 	Sampled Response: 2, Outcome Shown: -3
349.8386 	DATA 	Keypress: 2
349.8547 	EXP 	unnamed TextStim: text = '-3'
350.3542 	DATA 	Sampled Response: 2, Outcome Shown: -3
350.3887 	DATA 	Keypress: 2
350.4047 	EXP 	unnamed TextStim: text = '-3'
350.8937 	DATA 	Sampled Response: 2, Outcome Shown: -3
350.9217 	DATA 	Keypress: 2
350.9381 	EXP 	unnamed TextStim: text = '-3'
351.4355 	DATA 	Sampled Response: 2, Outcome Shown: -3
351.4358 	DATA 	Keypress: 2
351.8718 	DATA 	Keypress: 2
351.8882 	EXP 	unnamed TextStim: text = '-3'
352.3931 	DATA 	Sampled Response: 2, Outcome Shown: -3
352.4218 	DATA 	Keypress: 2
352.4382 	EXP 	unnamed TextStim: text = '-3'
352.9419 	DATA 	Sampled Response: 2, Outcome Shown: -3
352.9422 	DATA 	Keypress: 2
353.4052 	DATA 	Keypress: 2
353.4212 	EXP 	unnamed TextStim: text = '-3'
353.9301 	DATA 	Sampled Response: 2, Outcome Shown: -3
353.9304 	DATA 	Keypress: 2
354.3048 	DATA 	Keypress: 2
354.3213 	EXP 	unnamed TextStim: text = '-3'
354.8226 	DATA 	Sampled Response: 2, Outcome Shown: -3
354.8229 	DATA 	Keypress: 2
355.2879 	DATA 	Keypress: 2
355.3045 	EXP 	unnamed TextStim: text = '-3'
355.7996 	DATA 	Sampled Response: 2, Outcome Shown: -3
355.7999 	DATA 	Keypress: 2
355.9715 	DATA 	Keypress: 2
355.9877 	EXP 	unnamed TextStim: text = '-3'
356.4867 	DATA 	Sampled Response: 2, Outcome Shown: -3
356.5547 	DATA 	Keypress: 1
356.5710 	EXP 	unnamed TextStim: text = '0'
357.0816 	DATA 	Sampled Response: 1, Outcome Shown: 0
357.0819 	DATA 	Keypress: 1
357.3378 	DATA 	Keypress: 1
357.3542 	EXP 	unnamed TextStim: text = '0'
357.8639 	DATA 	Sampled Response: 1, Outcome Shown: 0
357.8642 	DATA 	Keypress: 1
357.9709 	DATA 	Keypress: 1
357.9875 	EXP 	unnamed TextStim: text = '-32'
358.4791 	DATA 	Sampled Response: 1, Outcome Shown: -32
358.4794 	DATA 	Keypress: 1
358.4837 	DATA 	Keypress: 1
358.5039 	EXP 	unnamed TextStim: text = '0'
358.9969 	DATA 	Sampled Response: 1, Outcome Shown: 0
358.9972 	DATA 	Keypress: 1
359.2709 	DATA 	Keypress: 1
359.2873 	EXP 	unnamed TextStim: text = '0'
359.7833 	DATA 	Sampled Response: 1, Outcome Shown: 0
359.7836 	DATA 	Keypress: 1
359.7837 	DATA 	** broke sampling loop (<.5s left in trial) **
359.7844 	DATA 	samplingCount: 25
359.7844 	DATA 	Think Onset
359.7879 	EXP 	unnamed Rect: lineColor = 'white (named)'
359.7879 	EXP 	unnamed Rect: lineColor = 'white (named)'
359.9715 	DATA 	Keypress: 1
362.8032 	DATA 	Decide Onset
364.8092 	DATA 	ITI Onset
364.8123 	EXP 	unnamed Rect: lineColor = 'white (named)'
364.8123 	EXP 	unnamed Rect: lineColor = 'white (named)'
364.8123 	EXP 	unnamed TextStim: text = '0'
364.8123 	EXP 	unnamed TextStim: text = '-3'
365.2540 	DATA 	Keypress: 2
368.5536 	DATA 	Trial End Time - totalITI: 3.74273178835
368.5538 	EXP 	New trial (rep=0, index=14): {'P1_1': '0.2', 'P1_2': '1', 'SafeOption': '2', 'P2_2': '0', 'O2_2': '0', 'O2_1': '0', 'ProbNumber': 'SD3', 'O1_2': '-7', 'O1_1': '-34', 'EV2': '-7', 'EV1': '-6.8', 'ProbType': 'SD', 'P2_1': '0.8'}
368.5539 	DATA 	Trial Onset - ProblemType: SD, ProblemNumber: SD3, leftRight: 0, samplingDur: 17, assignedITI: 1.2245
368.5539 	DATA 	Sampling Onset
369.9030 	DATA 	Keypress: 2
369.9194 	EXP 	unnamed TextStim: text = '-7'
370.4247 	DATA 	Sampled Response: 2, Outcome Shown: -7
370.5360 	DATA 	Keypress: 2
370.5527 	EXP 	unnamed TextStim: text = '-7'
371.0511 	DATA 	Sampled Response: 2, Outcome Shown: -7
371.1360 	DATA 	Keypress: 2
371.1528 	EXP 	unnamed TextStim: text = '-7'
371.6626 	DATA 	Sampled Response: 2, Outcome Shown: -7
371.6861 	DATA 	Keypress: 2
371.7025 	EXP 	unnamed TextStim: text = '-7'
372.2115 	DATA 	Sampled Response: 2, Outcome Shown: -7
372.2119 	DATA 	Keypress: 2
372.6528 	DATA 	Keypress: 1
372.6691 	EXP 	unnamed TextStim: text = '0'
373.1679 	DATA 	Sampled Response: 1, Outcome Shown: 0
373.2036 	DATA 	Keypress: 1
373.2357 	EXP 	unnamed TextStim: text = '0'
373.7374 	DATA 	Sampled Response: 1, Outcome Shown: 0
373.8193 	DATA 	Keypress: 1
373.8355 	EXP 	unnamed TextStim: text = '-34'
374.3436 	DATA 	Sampled Response: 1, Outcome Shown: -34
374.4033 	DATA 	Keypress: 1
374.4358 	EXP 	unnamed TextStim: text = '-34'
374.9418 	DATA 	Sampled Response: 1, Outcome Shown: -34
375.0026 	DATA 	Keypress: 1
375.0188 	EXP 	unnamed TextStim: text = '0'
375.5224 	DATA 	Sampled Response: 1, Outcome Shown: 0
375.5227 	DATA 	Keypress: 1
376.0031 	DATA 	Keypress: 1
376.0354 	EXP 	unnamed TextStim: text = '0'
376.5411 	DATA 	Sampled Response: 1, Outcome Shown: 0
376.6523 	DATA 	Keypress: 1
376.6685 	EXP 	unnamed TextStim: text = '-34'
377.1664 	DATA 	Sampled Response: 1, Outcome Shown: -34
377.1667 	DATA 	Keypress: 2
377.5023 	DATA 	Keypress: 2
377.5186 	EXP 	unnamed TextStim: text = '-7'
378.0207 	DATA 	Sampled Response: 2, Outcome Shown: -7
378.0210 	DATA 	Keypress: 2
378.4523 	DATA 	Keypress: 2
378.4685 	EXP 	unnamed TextStim: text = '-7'
378.9721 	DATA 	Sampled Response: 2, Outcome Shown: -7
378.9724 	DATA 	Keypress: 2
379.3853 	DATA 	Keypress: 2
379.4019 	EXP 	unnamed TextStim: text = '-7'
379.9127 	DATA 	Sampled Response: 2, Outcome Shown: -7
379.9130 	DATA 	Keypress: 2
380.3352 	DATA 	Keypress: 2
380.3516 	EXP 	unnamed TextStim: text = '-7'
380.8526 	DATA 	Sampled Response: 2, Outcome Shown: -7
380.8529 	DATA 	Keypress: 2
381.5519 	DATA 	Keypress: 2
381.5681 	EXP 	unnamed TextStim: text = '-7'
382.0596 	DATA 	Sampled Response: 2, Outcome Shown: -7
382.1014 	DATA 	Keypress: 1
382.1177 	EXP 	unnamed TextStim: text = '0'
382.6233 	DATA 	Sampled Response: 1, Outcome Shown: 0
382.7682 	DATA 	Keypress: 1
382.7847 	EXP 	unnamed TextStim: text = '0'
383.2965 	DATA 	Sampled Response: 1, Outcome Shown: 0
383.2968 	DATA 	Keypress: 1
383.7846 	DATA 	Keypress: 1
383.8012 	EXP 	unnamed TextStim: text = '-34'
384.3012 	DATA 	Sampled Response: 1, Outcome Shown: -34
384.3015 	DATA 	Keypress: 1
384.7678 	DATA 	Keypress: 1
384.7844 	EXP 	unnamed TextStim: text = '0'
385.2904 	DATA 	Sampled Response: 1, Outcome Shown: 0
385.2907 	DATA 	** broke sampling loop (<.5s left in trial) **
385.2914 	DATA 	samplingCount: 20
385.2914 	DATA 	Think Onset
385.2950 	EXP 	unnamed Rect: lineColor = 'white (named)'
385.2950 	EXP 	unnamed Rect: lineColor = 'white (named)'
388.3174 	DATA 	Decide Onset
389.8347 	DATA 	Keypress: 1
389.8348 	DATA 	Decision Button Press: ['1']
389.8348 	DATA 	Decision Response: 1
389.8384 	EXP 	unnamed Rect: lineColor = 'red (named)'
390.3457 	DATA 	ITI Onset
390.3490 	EXP 	unnamed Rect: lineColor = 'white (named)'
390.3490 	EXP 	unnamed Rect: lineColor = 'white (named)'
390.3490 	EXP 	unnamed TextStim: text = '0'
390.3490 	EXP 	unnamed TextStim: text = '-7'
392.0175 	DATA 	Trial End Time - totalITI: 1.67017934312
392.0177 	EXP 	New trial (rep=0, index=15): {'P1_1': '0.4', 'P1_2': '1', 'SafeOption': '2', 'P2_2': '0', 'O2_2': '0', 'O2_1': '0', 'ProbNumber': 'SD2', 'O1_2': '-2', 'O1_1': '-4', 'EV2': '-2', 'EV1': '-1.6', 'ProbType': 'SD', 'P2_1': '0.6'}
392.0178 	DATA 	Trial Onset - ProblemType: SD, ProblemNumber: SD2, leftRight: 1, samplingDur: 18, assignedITI: 1.3975
392.0178 	DATA 	Sampling Onset
394.5003 	DATA 	Keypress: 2
394.5166 	EXP 	unnamed TextStim: text = '0'
395.0185 	DATA 	Sampled Response: 1, Outcome Shown: -2
395.4669 	DATA 	Keypress: 2
395.4831 	EXP 	unnamed TextStim: text = '0'
395.9715 	DATA 	Sampled Response: 1, Outcome Shown: -2
396.1334 	DATA 	Keypress: 2
396.1495 	EXP 	unnamed TextStim: text = '0'
396.6449 	DATA 	Sampled Response: 1, Outcome Shown: -2
396.6675 	DATA 	Keypress: 2
396.6995 	EXP 	unnamed TextStim: text = '0'
397.2069 	DATA 	Sampled Response: 1, Outcome Shown: -2
397.2072 	DATA 	Keypress: 2
397.5333 	DATA 	Keypress: 1
397.5493 	EXP 	unnamed TextStim: text = '-2'
398.0531 	DATA 	Sampled Response: 2, Outcome Shown: 0
398.2672 	DATA 	Keypress: 1
398.2995 	EXP 	unnamed TextStim: text = '-2'
398.8054 	DATA 	Sampled Response: 2, Outcome Shown: 0
398.9664 	DATA 	Keypress: 1
398.9828 	EXP 	unnamed TextStim: text = '-2'
399.4808 	DATA 	Sampled Response: 2, Outcome Shown: 0
399.5496 	DATA 	Keypress: 1
399.5660 	EXP 	unnamed TextStim: text = '-2'
400.0598 	DATA 	Sampled Response: 2, Outcome Shown: 0
400.0828 	DATA 	Keypress: 1
400.5329 	DATA 	Keypress: 1
400.5492 	EXP 	unnamed TextStim: text = '-2'
401.0486 	DATA 	Sampled Response: 2, Outcome Shown: -4
401.1163 	DATA 	Keypress: 1
401.1326 	EXP 	unnamed TextStim: text = '-2'
401.6444 	DATA 	Sampled Response: 2, Outcome Shown: 0
401.6447 	DATA 	Keypress: 1
401.8154 	DATA 	Keypress: 1
401.8323 	EXP 	unnamed TextStim: text = '-2'
402.3334 	DATA 	Sampled Response: 2, Outcome Shown: -4
402.3337 	DATA 	Keypress: 1
402.6156 	DATA 	Keypress: 1
402.6320 	EXP 	unnamed TextStim: text = '-2'
403.1337 	DATA 	Sampled Response: 2, Outcome Shown: 0
403.1340 	DATA 	Keypress: 1
403.1342 	DATA 	Keypress: 1
403.4491 	DATA 	Keypress: 2
403.4655 	EXP 	unnamed TextStim: text = '0'
403.9551 	DATA 	Sampled Response: 1, Outcome Shown: -2
403.9554 	DATA 	Keypress: 2
404.1324 	DATA 	Keypress: 2
404.1488 	EXP 	unnamed TextStim: text = '-4'
404.6552 	DATA 	Sampled Response: 1, Outcome Shown: -2
404.8490 	DATA 	Keypress: 2
404.8653 	EXP 	unnamed TextStim: text = '0'
405.3752 	DATA 	Sampled Response: 1, Outcome Shown: -2
405.3755 	DATA 	Keypress: 2
405.6157 	DATA 	Keypress: 2
405.6319 	EXP 	unnamed TextStim: text = '0'
406.1428 	DATA 	Sampled Response: 1, Outcome Shown: -2
406.1431 	DATA 	Keypress: 2
406.4156 	DATA 	Keypress: 2
406.4320 	EXP 	unnamed TextStim: text = '-4'
406.9438 	DATA 	Sampled Response: 1, Outcome Shown: -2
406.9479 	DATA 	Keypress: 2
406.9651 	EXP 	unnamed TextStim: text = '-4'
407.4767 	DATA 	Sampled Response: 1, Outcome Shown: -2
407.5154 	DATA 	Keypress: 2
407.5318 	EXP 	unnamed TextStim: text = '0'
408.0408 	DATA 	Sampled Response: 1, Outcome Shown: -2
408.0411 	DATA 	Keypress: 2
408.3819 	DATA 	Keypress: 2
408.3982 	EXP 	unnamed TextStim: text = '0'
408.9042 	DATA 	Sampled Response: 1, Outcome Shown: -2
408.9045 	DATA 	Keypress: 2
409.1817 	DATA 	Keypress: 2
409.1981 	EXP 	unnamed TextStim: text = '-4'
409.7034 	DATA 	Sampled Response: 1, Outcome Shown: -2
409.7036 	DATA 	** broke sampling loop (<.5s left in trial) **
409.7043 	DATA 	samplingCount: 21
409.7043 	DATA 	Think Onset
409.7079 	EXP 	unnamed Rect: lineColor = 'white (named)'
409.7079 	EXP 	unnamed Rect: lineColor = 'white (named)'
409.7988 	DATA 	Keypress: 2
412.7312 	DATA 	Decide Onset
413.5068 	DATA 	Keypress: 2
413.5069 	DATA 	Decision Button Press: ['2']
413.5069 	DATA 	Decision Response: 1
413.5105 	EXP 	unnamed Rect: lineColor = 'red (named)'
414.0093 	DATA 	ITI Onset
414.0126 	EXP 	unnamed Rect: lineColor = 'white (named)'
414.0126 	EXP 	unnamed Rect: lineColor = 'white (named)'
414.0126 	EXP 	unnamed TextStim: text = '-2'
414.0126 	EXP 	unnamed TextStim: text = '-4'
416.6479 	DATA 	Trial End Time - totalITI: 2.63573118471
416.6481 	EXP 	New trial (rep=0, index=16): {'P1_1': '0.9', 'P1_2': '1', 'SafeOption': '2', 'P2_2': '0', 'O2_2': '0', 'O2_1': '-8', 'ProbNumber': 'MD7', 'O1_2': '4', 'O1_1': '6', 'EV2': '4', 'EV1': '4.6', 'ProbType': 'MD', 'P2_1': '0.1'}
416.6482 	DATA 	Trial Onset - ProblemType: MD, ProblemNumber: MD7, leftRight: 1, samplingDur: 15, assignedITI: 1.1749
416.6482 	DATA 	Sampling Onset
417.4142 	DATA 	Keypress: 1
417.4306 	EXP 	unnamed TextStim: text = '+4'
417.9355 	DATA 	Sampled Response: 2, Outcome Shown: +6
418.0972 	DATA 	Keypress: 1
418.1135 	EXP 	unnamed TextStim: text = '+4'
418.6244 	DATA 	Sampled Response: 2, Outcome Shown: +6
418.7307 	DATA 	Keypress: 1
418.7471 	EXP 	unnamed TextStim: text = '+4'
419.2516 	DATA 	Sampled Response: 2, Outcome Shown: +6
419.3314 	DATA 	Keypress: 1
419.3637 	EXP 	unnamed TextStim: text = '+4'
419.8631 	DATA 	Sampled Response: 2, Outcome Shown: +6
419.9805 	DATA 	Keypress: 1
419.9971 	EXP 	unnamed TextStim: text = '+4'
420.4953 	DATA 	Sampled Response: 2, Outcome Shown: +6
420.5970 	DATA 	Keypress: 1
420.6136 	EXP 	unnamed TextStim: text = '+4'
421.1033 	DATA 	Sampled Response: 2, Outcome Shown: +6
421.2303 	DATA 	Keypress: 1
421.2468 	EXP 	unnamed TextStim: text = '+4'
421.7528 	DATA 	Sampled Response: 2, Outcome Shown: +6
421.7803 	DATA 	Keypress: 1
421.7966 	EXP 	unnamed TextStim: text = '+4'
422.2938 	DATA 	Sampled Response: 2, Outcome Shown: +6
422.2941 	DATA 	Keypress: 2
422.7464 	DATA 	Keypress: 2
422.7628 	EXP 	unnamed TextStim: text = '-8'
423.2675 	DATA 	Sampled Response: 1, Outcome Shown: +4
423.3635 	DATA 	Keypress: 2
423.3794 	EXP 	unnamed TextStim: text = '+6'
423.8778 	DATA 	Sampled Response: 1, Outcome Shown: +4
423.9968 	DATA 	Keypress: 2
424.0130 	EXP 	unnamed TextStim: text = '+6'
424.5202 	DATA 	Sampled Response: 1, Outcome Shown: +4
424.5437 	DATA 	Keypress: 2
424.5629 	EXP 	unnamed TextStim: text = '+6'
425.0696 	DATA 	Sampled Response: 1, Outcome Shown: +4
425.2634 	DATA 	Keypress: 2
425.2797 	EXP 	unnamed TextStim: text = '+6'
425.7785 	DATA 	Sampled Response: 1, Outcome Shown: +4
426.0797 	DATA 	Keypress: 2
426.0962 	EXP 	unnamed TextStim: text = '+6'
426.6062 	DATA 	Sampled Response: 1, Outcome Shown: +4
426.7298 	DATA 	Keypress: 2
426.7462 	EXP 	unnamed TextStim: text = '+6'
427.2478 	DATA 	Sampled Response: 1, Outcome Shown: +4
427.3130 	DATA 	Keypress: 2
427.3294 	EXP 	unnamed TextStim: text = '+6'
427.8302 	DATA 	Sampled Response: 1, Outcome Shown: +4
427.9472 	DATA 	Keypress: 2
427.9792 	EXP 	unnamed TextStim: text = '+6'
428.4887 	DATA 	Sampled Response: 1, Outcome Shown: +4
429.4461 	DATA 	Keypress: 1
429.4621 	EXP 	unnamed TextStim: text = '+4'
429.9560 	DATA 	Sampled Response: 2, Outcome Shown: +6
430.0795 	DATA 	Keypress: 1
430.0958 	EXP 	unnamed TextStim: text = '+4'
430.6054 	DATA 	Sampled Response: 2, Outcome Shown: +6
430.6057 	DATA 	Keypress: 1
431.0296 	DATA 	Keypress: 2
431.0457 	EXP 	unnamed TextStim: text = '+6'
431.5434 	DATA 	Sampled Response: 1, Outcome Shown: +4
431.5436 	DATA 	** broke sampling loop (<.5s left in trial) **
431.5444 	DATA 	samplingCount: 20
431.5444 	DATA 	Think Onset
431.5478 	EXP 	unnamed Rect: lineColor = 'white (named)'
431.5478 	EXP 	unnamed Rect: lineColor = 'white (named)'
431.5794 	DATA 	Keypress: 2
434.5621 	DATA 	Decide Onset
435.6907 	DATA 	Keypress: 2
435.6907 	DATA 	Decision Button Press: ['2']
435.6908 	DATA 	Decision Response: 1
435.6942 	EXP 	unnamed Rect: lineColor = 'red (named)'
436.2086 	DATA 	ITI Onset
436.2119 	EXP 	unnamed Rect: lineColor = 'white (named)'
436.2119 	EXP 	unnamed Rect: lineColor = 'white (named)'
436.2119 	EXP 	unnamed TextStim: text = '+4'
436.2119 	EXP 	unnamed TextStim: text = '+6'
438.0620 	DATA 	Trial End Time - totalITI: 1.85055812431
438.0622 	EXP 	New trial (rep=0, index=17): {'P1_1': '0.6', 'P1_2': '1', 'SafeOption': '2', 'P2_2': '0', 'O2_2': '0', 'O2_1': '-22', 'ProbNumber': 'MD1', 'O1_2': '-6', 'O1_1': '4', 'EV2': '-6', 'EV1': '-6.4', 'ProbType': 'MD', 'P2_1': '0.4'}
438.0623 	DATA 	Trial Onset - ProblemType: MD, ProblemNumber: MD1, leftRight: 1, samplingDur: 15, assignedITI: 1.1477
438.0623 	DATA 	Sampling Onset
438.8445 	DATA 	Keypress: 2
438.8608 	EXP 	unnamed TextStim: text = '+4'
439.3684 	DATA 	Sampled Response: 1, Outcome Shown: -6
439.5783 	DATA 	Keypress: 2
439.5946 	EXP 	unnamed TextStim: text = '+4'
440.0855 	DATA 	Sampled Response: 1, Outcome Shown: -6
440.1085 	DATA 	Keypress: 2
440.1278 	EXP 	unnamed TextStim: text = '+4'
440.6256 	DATA 	Sampled Response: 1, Outcome Shown: -6
440.6259 	DATA 	Keypress: 2
441.1781 	DATA 	Keypress: 2
441.1946 	EXP 	unnamed TextStim: text = '+4'
441.6920 	DATA 	Sampled Response: 1, Outcome Shown: -6
441.7613 	DATA 	Keypress: 2
441.7776 	EXP 	unnamed TextStim: text = '-22'
442.2867 	DATA 	Sampled Response: 1, Outcome Shown: -6
442.3613 	DATA 	Keypress: 2
442.3777 	EXP 	unnamed TextStim: text = '-22'
442.8833 	DATA 	Sampled Response: 1, Outcome Shown: -6
442.8836 	DATA 	Keypress: 2
443.3444 	DATA 	Keypress: 1
443.3607 	EXP 	unnamed TextStim: text = '-6'
443.8691 	DATA 	Sampled Response: 2, Outcome Shown: +4
443.8694 	DATA 	Keypress: 1
444.3112 	DATA 	Keypress: 1
444.3275 	EXP 	unnamed TextStim: text = '-6'
444.8148 	DATA 	Sampled Response: 2, Outcome Shown: -22
444.9281 	DATA 	Keypress: 1
444.9440 	EXP 	unnamed TextStim: text = '-6'
445.4534 	DATA 	Sampled Response: 2, Outcome Shown: +4
445.4537 	DATA 	Keypress: 1
445.7609 	DATA 	Keypress: 1
445.7770 	EXP 	unnamed TextStim: text = '-6'
446.2847 	DATA 	Sampled Response: 2, Outcome Shown: +4
446.2850 	DATA 	Keypress: 1
446.7778 	DATA 	Keypress: 1
446.7937 	EXP 	unnamed TextStim: text = '-6'
447.3039 	DATA 	Sampled Response: 2, Outcome Shown: +4
447.3774 	DATA 	Keypress: 1
447.3938 	EXP 	unnamed TextStim: text = '-6'
447.8937 	DATA 	Sampled Response: 2, Outcome Shown: +4
447.9438 	DATA 	Keypress: 1
447.9602 	EXP 	unnamed TextStim: text = '-6'
448.4630 	DATA 	Sampled Response: 2, Outcome Shown: +4
448.4633 	DATA 	Keypress: 1
448.9104 	DATA 	Keypress: 1
448.9267 	EXP 	unnamed TextStim: text = '-6'
449.4349 	DATA 	Sampled Response: 2, Outcome Shown: -22
449.4935 	DATA 	Keypress: 1
449.5099 	EXP 	unnamed TextStim: text = '-6'
450.0182 	DATA 	Sampled Response: 2, Outcome Shown: +4
450.0939 	DATA 	Keypress: 1
450.1102 	EXP 	unnamed TextStim: text = '-6'
450.6102 	DATA 	Sampled Response: 2, Outcome Shown: -22
450.8270 	DATA 	Keypress: 2
450.8433 	EXP 	unnamed TextStim: text = '+4'
451.3497 	DATA 	Sampled Response: 1, Outcome Shown: -6
451.5103 	DATA 	Keypress: 2
451.5267 	EXP 	unnamed TextStim: text = '+4'
452.0384 	DATA 	Sampled Response: 1, Outcome Shown: -6
452.0937 	DATA 	Keypress: 2
452.1099 	EXP 	unnamed TextStim: text = '-22'
452.6192 	DATA 	Sampled Response: 1, Outcome Shown: -6
452.6195 	DATA 	** broke sampling loop (<.5s left in trial) **
452.6202 	DATA 	samplingCount: 19
452.6202 	DATA 	Think Onset
452.6236 	EXP 	unnamed Rect: lineColor = 'white (named)'
452.6236 	EXP 	unnamed Rect: lineColor = 'white (named)'
455.6429 	DATA 	Decide Onset
455.8187 	DATA 	Keypress: 1
455.8187 	DATA 	Decision Button Press: ['1']
455.8188 	DATA 	Decision Response: 2
455.8223 	EXP 	unnamed Rect: lineColor = 'red (named)'
456.3281 	DATA 	ITI Onset
456.3315 	EXP 	unnamed Rect: lineColor = 'white (named)'
456.3315 	EXP 	unnamed Rect: lineColor = 'white (named)'
456.3315 	EXP 	unnamed TextStim: text = '-6'
456.3315 	EXP 	unnamed TextStim: text = '-22'
459.4597 	DATA 	Trial End Time - totalITI: 3.11452990789
459.5787 	INFO 	saved wide-format data to logs/DE235/DE235_ebdm_run_2.csv
459.5788 	DATA 	*****END RUN 2*****
459.6122 	EXP 	window1: mouseVisible = True
