12.1414 	INFO 	Loaded monitor calibration from ['2018_11_02 11:27']
12.1431 	WARNING 	User requested fullscreen with size [800 600], but screen is actually [1920, 1080]. Using actual size
12.7287 	EXP 	Created window1 = Window(allowGUI=False, allowStencil=False, args=UNKNOWN, autoLog=True, bitsMode=UNKNOWN, blendMode='avg', color='black', colorSpace='named', fullscr=UNKNOWN, gamma=None, kwargs=UNKNOWN, lms=UNKNOWN, monitor=<psychopy.monitors.calibTools.Monitor object at 0x15209EF0>, multiSample=False, name='window1', numSamples=2, pos=[0, 0], screen=0, size=array([1920, 1080]), stereo=False, units='deg', useFBO=False, useRetina=False, viewOri=0.0, viewPos=None, viewScale=None, waitBlanking=True, winType='pyglet')
12.7768 	EXP 	Created unnamed TextStim = TextStim(alignHoriz='center', alignVert='center', antialias=True, autoLog=True, bold=False, color=array([ 1.,  1.,  1.]), colorSpace='rgb', contrast=1.0, depth=0, flipHoriz=False, flipVert=False, font='', fontFiles=[], height=2, italic=False, name='unnamed TextStim', opacity=1.0, ori=0.0, pos=array([ 0.,  0.]), rgb=array([ 1.,  1.,  1.]), text='+', units='deg', win=Window(...), wrapWidth=15.0)
12.8203 	EXP 	Created unnamed TextStim = TextStim(alignHoriz='center', alignVert='center', antialias=True, autoLog=True, bold=False, color=array([ 1.,  1.,  1.]), colorSpace='rgb', contrast=1.0, depth=0, flipHoriz=False, flipVert=False, font='', fontFiles=[], height=1.5, italic=False, name='unnamed TextStim', opacity=1.0, ori=0.0, pos=array([ 0.,  0.]), rgb=array([ 1.,  1.,  1.]), text=newstr(...), units='deg', win=Window(...), wrapWidth=15.0)
12.8395 	EXP 	Created unnamed TextStim = TextStim(alignHoriz='center', alignVert='center', antialias=True, autoLog=True, bold=False, color=array([ 1.,  1.,  1.]), colorSpace='rgb', contrast=1.0, depth=0, flipHoriz=False, flipVert=False, font='', fontFiles=[], height=1.5, italic=False, name='unnamed TextStim', opacity=1.0, ori=0.0, pos=array([ 0.,  0.]), rgb=array([ 1.,  1.,  1.]), text='Waiting for scanner...', units='deg', win=Window(...), wrapWidth=15.0)
12.8629 	EXP 	Created unnamed TextStim = TextStim(alignHoriz='center', alignVert='center', antialias=True, autoLog=True, bold=False, color='white', colorSpace='named', contrast=1.0, depth=0, flipHoriz=False, flipVert=False, font='', fontFiles=[], height=1, italic=False, name='unnamed TextStim', opacity=1.0, ori=0.0, pos=array([ 0.,  0.]), rgb=array([ 255.,  255.,  255.]), text='Press SPACE to continue.', units='deg', win=Window(...), wrapWidth=15.0)
12.8750 	EXP 	Created unnamed TextStim = TextStim(alignHoriz='center', alignVert='center', antialias=True, autoLog=True, bold=False, color=array([ 1.,  1.,  1.]), colorSpace='rgb', contrast=1.0, depth=0, flipHoriz=False, flipVert=False, font='', fontFiles=[], height=0.1, italic=False, name='unnamed TextStim', opacity=1.0, ori=0.0, pos=array([ 0.,  0.]), rgb=array([ 1.,  1.,  1.]), text='THINK', units='norm', win=Window(...), wrapWidth=1)
12.8833 	EXP 	Created unnamed TextStim = TextStim(alignHoriz='center', alignVert='center', antialias=True, autoLog=True, bold=False, color=array([ 1.,  1.,  1.]), colorSpace='rgb', contrast=1.0, depth=0, flipHoriz=False, flipVert=False, font='', fontFiles=[], height=0.1, italic=False, name='unnamed TextStim', opacity=1.0, ori=0.0, pos=array([ 0.,  0.]), rgb=array([ 1.,  1.,  1.]), text='DECIDE', units='norm', win=Window(...), wrapWidth=1)
12.8887 	EXP 	<method-wrapper '__getattribute__' of attributeSetter object at 0x059D0190>: vertices = array([[-0.275     ,  0.48888889],
       [ 0.275     ,  0.48888889],
       [ 0.275     , -0.48888889],
       [-0.275     , -0.48888889]])
12.8895 	EXP 	Created unnamed Rect = Rect(autoDraw=False, autoLog=True, closeShape=True, contrast=1.0, depth=0, fillColor=None, fillColorSpace='rgb', fillRGB=None, interpolate=True, lineColor='white', lineColorSpace='named', lineRGB=array([ 255.,  255.,  255.]), lineWidth=3.5, name='unnamed Rect', opacity=1.0, ori=array(0.0), pos=array([-0.5125    , -0.09444444]), size=array([ 1.,  1.]), units='norm', vertices=ndarray(...), win=Window(...))
12.8898 	EXP 	<method-wrapper '__getattribute__' of attributeSetter object at 0x059D0190>: vertices = array([[-0.275     ,  0.48888889],
       [ 0.275     ,  0.48888889],
       [ 0.275     , -0.48888889],
       [-0.275     , -0.48888889]])
12.8906 	EXP 	Created unnamed Rect = Rect(autoDraw=False, autoLog=True, closeShape=True, contrast=1.0, depth=0, fillColor=None, fillColorSpace='rgb', fillRGB=None, interpolate=True, lineColor='white', lineColorSpace='named', lineRGB=array([ 255.,  255.,  255.]), lineWidth=3.5, name='unnamed Rect', opacity=1.0, ori=array(0.0), pos=array([ 0.4875    , -0.09444444]), size=array([ 1.,  1.]), units='norm', vertices=ndarray(...), win=Window(...))
12.9143 	EXP 	Created unnamed TextStim = TextStim(alignHoriz='center', alignVert='center', antialias=True, autoLog=True, bold=False, color=array([ 1.,  1.,  1.]), colorSpace='rgb', contrast=1.0, depth=0, flipHoriz=False, flipVert=False, font='', fontFiles=[], height=0.2, italic=False, name='unnamed TextStim', opacity=1.0, ori=0.0, pos=array([-0.5125    , -0.09444444]), rgb=array([ 1.,  1.,  1.]), text='Hello World', units='norm', win=Window(...), wrapWidth=1)
12.9241 	EXP 	Created unnamed TextStim = TextStim(alignHoriz='center', alignVert='center', antialias=True, autoLog=True, bold=False, color=array([ 1.,  1.,  1.]), colorSpace='rgb', contrast=1.0, depth=0, flipHoriz=False, flipVert=False, font='', fontFiles=[], height=0.2, italic=False, name='unnamed TextStim', opacity=1.0, ori=0.0, pos=array([ 0.4875    , -0.09444444]), rgb=array([ 1.,  1.,  1.]), text='Hello World', units='norm', win=Window(...), wrapWidth=1)
12.9341 	EXP 	Created unnamed TextStim = TextStim(alignHoriz='center', alignVert='center', antialias=True, autoLog=True, bold=False, color=array([ 1.,  1.,  1.]), colorSpace='rgb', contrast=1.0, depth=0, flipHoriz=False, flipVert=False, font='', fontFiles=[], height=0.1, italic=False, name='unnamed TextStim', opacity=1.0, ori=0.0, pos=array([-0.5125    , -0.82777778]), rgb=array([ 1.,  1.,  1.]), text='Press 1', units='norm', win=Window(...), wrapWidth=1)
12.9425 	EXP 	Created unnamed TextStim = TextStim(alignHoriz='center', alignVert='center', antialias=True, autoLog=True, bold=False, color=array([ 1.,  1.,  1.]), colorSpace='rgb', contrast=1.0, depth=0, flipHoriz=False, flipVert=False, font='', fontFiles=[], height=0.1, italic=False, name='unnamed TextStim', opacity=1.0, ori=0.0, pos=array([ 0.4875    , -0.82777778]), rgb=array([ 1.,  1.,  1.]), text='Press 2', units='norm', win=Window(...), wrapWidth=1)
13.0004 	EXP 	Created unnamed ImageStim = ImageStim(autoLog=True, color=array([ 1.,  1.,  1.]), colorSpace='rgb', contrast=1.0, depth=0, flipHoriz=False, flipVert=False, image=str(...), interpolate=False, mask=None, maskParams=None, name='unnamed ImageStim', opacity=1.0, ori=0.0, pos=array([ 0.,  0.]), size=array([ 1.35416667,  1.3537037 ]), texRes=128, units='norm', win=Window(...))
13.0581 	EXP 	Created unnamed ImageStim = ImageStim(autoLog=True, color=array([ 1.,  1.,  1.]), colorSpace='rgb', contrast=1.0, depth=0, flipHoriz=False, flipVert=False, image=str(...), interpolate=False, mask=None, maskParams=None, name='unnamed ImageStim', opacity=1.0, ori=0.0, pos=array([ 0.,  0.]), size=array([ 1.35416667,  1.3537037 ]), texRes=128, units='norm', win=Window(...))
13.1137 	EXP 	Created unnamed ImageStim = ImageStim(autoLog=True, color=array([ 1.,  1.,  1.]), colorSpace='rgb', contrast=1.0, depth=0, flipHoriz=False, flipVert=False, image=str(...), interpolate=False, mask=None, maskParams=None, name='unnamed ImageStim', opacity=1.0, ori=0.0, pos=array([ 0.,  0.]), size=array([ 1.35416667,  1.3537037 ]), texRes=128, units='norm', win=Window(...))
13.1708 	EXP 	Created unnamed ImageStim = ImageStim(autoLog=True, color=array([ 1.,  1.,  1.]), colorSpace='rgb', contrast=1.0, depth=0, flipHoriz=False, flipVert=False, image=str(...), interpolate=False, mask=None, maskParams=None, name='unnamed ImageStim', opacity=1.0, ori=0.0, pos=array([ 0.,  0.]), size=array([ 1.35416667,  1.3537037 ]), texRes=128, units='norm', win=Window(...))
13.1717 	EXP 	Created sequence: sequential, trialTypes=18, nReps=1, seed=None
13.3025 	DEBUG 	Using C:\Users\tug62048\Documents\DEGAP_Liz\Part 2\SamplingMachine_bPilotv2.py as origin file
13.3031 	EXP 	Created sequence: sequential, trialTypes=18, nReps=1, seed=None
13.3035 	DEBUG 	Using C:\Users\tug62048\Documents\DEGAP_Liz\Part 2\SamplingMachine_bPilotv2.py as origin file
0.0030 	DATA 	** START RUN 1 **
2.2595 	DATA 	Keypress: space
10.5071 	DATA 	Keypress: space
14.1149 	DATA 	Keypress: space
15.8749 	DATA 	Keypress: space
15.8752 	EXP 	New trial (rep=0, index=0): {'P1_1': '0.2', 'P1_2': '1', 'SafeOption': '2', 'P2_2': '0', 'O2_2': '0', 'O2_1': '0', 'ProbNumber': 'SD3', 'O1_2': '-7', 'O1_1': '-34', 'EV2': '-7', 'EV1': '-6.8', 'ProbType': 'SD', 'P2_1': '0.8'}
15.8753 	DATA 	Trial Onset - ProblemType: SD, ProblemNumber: SD3, leftRight: 0, samplingDur: 18, assignedITI: 5.4629
15.8754 	DATA 	Sampling Onset
19.6436 	DATA 	Keypress: 1
19.6624 	EXP 	unnamed TextStim: text = '-34'
20.1627 	DATA 	Sampled Response: 1, Outcome Shown: -34
20.1629 	DATA 	Keypress: 2
20.8685 	DATA 	Keypress: 2
20.8762 	EXP 	unnamed TextStim: text = '-7'
21.3794 	DATA 	Sampled Response: 2, Outcome Shown: -7
21.8681 	DATA 	Keypress: 1
21.8750 	EXP 	unnamed TextStim: text = '0'
22.3778 	DATA 	Sampled Response: 1, Outcome Shown: 0
22.7009 	DATA 	Keypress: 2
22.7043 	EXP 	unnamed TextStim: text = '-7'
23.2046 	DATA 	Sampled Response: 2, Outcome Shown: -7
23.4989 	DATA 	Keypress: 1
23.5049 	EXP 	unnamed TextStim: text = '0'
24.0158 	DATA 	Sampled Response: 1, Outcome Shown: 0
24.2746 	DATA 	Keypress: 2
24.2830 	EXP 	unnamed TextStim: text = '-7'
24.7801 	DATA 	Sampled Response: 2, Outcome Shown: -7
24.9991 	DATA 	Keypress: 1
25.0025 	EXP 	unnamed TextStim: text = '0'
25.5133 	DATA 	Sampled Response: 1, Outcome Shown: 0
25.7548 	DATA 	Keypress: 2
25.7582 	EXP 	unnamed TextStim: text = '-7'
26.2621 	DATA 	Sampled Response: 2, Outcome Shown: -7
26.4598 	DATA 	Keypress: 1
26.4657 	EXP 	unnamed TextStim: text = '0'
26.9641 	DATA 	Sampled Response: 1, Outcome Shown: 0
27.1711 	DATA 	Keypress: 2
27.1744 	EXP 	unnamed TextStim: text = '-7'
27.6816 	DATA 	Sampled Response: 2, Outcome Shown: -7
27.8668 	DATA 	Keypress: 1
27.8701 	EXP 	unnamed TextStim: text = '0'
28.3680 	DATA 	Sampled Response: 1, Outcome Shown: 0
28.5391 	DATA 	Keypress: 2
28.5480 	EXP 	unnamed TextStim: text = '-7'
29.0544 	DATA 	Sampled Response: 2, Outcome Shown: -7
29.1307 	DATA 	Keypress: 1
29.1341 	EXP 	unnamed TextStim: text = '0'
29.6316 	DATA 	Sampled Response: 1, Outcome Shown: 0
29.6318 	DATA 	Keypress: 2
30.2595 	DATA 	Keypress: 2
30.2655 	EXP 	unnamed TextStim: text = '-7'
30.7703 	DATA 	Sampled Response: 2, Outcome Shown: -7
32.5476 	DATA 	Keypress: 1
32.5509 	EXP 	unnamed TextStim: text = '0'
33.0478 	DATA 	Sampled Response: 1, Outcome Shown: 0
33.3813 	DATA 	** broke sampling loop (<.5s left in trial) **
33.3825 	DATA 	samplingCount: 15
33.3825 	DATA 	Think Onset
33.3848 	EXP 	unnamed Rect: lineColor = 'white (named)'
33.3848 	EXP 	unnamed Rect: lineColor = 'white (named)'
33.5896 	DATA 	Keypress: 2
36.3897 	DATA 	Decide Onset
36.8580 	DATA 	Keypress: 1
36.8581 	DATA 	Decision Button Press: ['1']
36.8581 	DATA 	Decision Response: 1
36.8594 	EXP 	unnamed Rect: lineColor = 'red (named)'
37.3756 	DATA 	ITI Onset
37.3768 	EXP 	unnamed Rect: lineColor = 'white (named)'
37.3768 	EXP 	unnamed Rect: lineColor = 'white (named)'
37.3768 	EXP 	unnamed TextStim: text = '0'
37.3768 	EXP 	unnamed TextStim: text = '-7'
44.5665 	DATA 	Trial End Time - totalITI: 7.18833797658
44.5668 	EXP 	New trial (rep=0, index=1): {'P1_1': '0.4', 'P1_2': '1', 'SafeOption': '2', 'P2_2': '0', 'O2_2': '0', 'O2_1': '0', 'ProbNumber': 'SD2', 'O1_2': '-2', 'O1_1': '-4', 'EV2': '-2', 'EV1': '-1.6', 'ProbType': 'SD', 'P2_1': '0.6'}
44.5669 	DATA 	Trial Onset - ProblemType: SD, ProblemNumber: SD2, leftRight: 0, samplingDur: 16, assignedITI: 1.8631
44.5669 	DATA 	Sampling Onset
45.2983 	DATA 	Keypress: 1
45.3063 	EXP 	unnamed TextStim: text = '-4'
45.8082 	DATA 	Sampled Response: 1, Outcome Shown: -4
45.9800 	DATA 	Keypress: 2
45.9874 	EXP 	unnamed TextStim: text = '-2'
46.4946 	DATA 	Sampled Response: 2, Outcome Shown: -2
46.9485 	DATA 	Keypress: 1
46.9534 	EXP 	unnamed TextStim: text = '0'
47.4618 	DATA 	Sampled Response: 1, Outcome Shown: 0
47.4907 	DATA 	Keypress: 2
47.4966 	EXP 	unnamed TextStim: text = '-2'
48.0077 	DATA 	Sampled Response: 2, Outcome Shown: -2
48.3312 	DATA 	Keypress: 1
48.3364 	EXP 	unnamed TextStim: text = '-4'
48.8345 	DATA 	Sampled Response: 1, Outcome Shown: -4
48.8347 	DATA 	Keypress: 2
49.4147 	DATA 	Keypress: 2
49.4180 	EXP 	unnamed TextStim: text = '-2'
49.9265 	DATA 	Sampled Response: 2, Outcome Shown: -2
50.1144 	DATA 	Keypress: 1
50.1177 	EXP 	unnamed TextStim: text = '-4'
50.6285 	DATA 	Sampled Response: 1, Outcome Shown: -4
50.7144 	DATA 	Keypress: 2
50.7177 	EXP 	unnamed TextStim: text = '-2'
51.2212 	DATA 	Sampled Response: 2, Outcome Shown: -2
51.2214 	DATA 	Keypress: 1
51.7223 	DATA 	Keypress: 1
51.7311 	EXP 	unnamed TextStim: text = '0'
52.2352 	DATA 	Sampled Response: 1, Outcome Shown: 0
52.4352 	DATA 	Keypress: 2
52.4385 	EXP 	unnamed TextStim: text = '-2'
52.9372 	DATA 	Sampled Response: 2, Outcome Shown: -2
53.1864 	DATA 	Keypress: 1
53.1952 	EXP 	unnamed TextStim: text = '0'
53.7015 	DATA 	Sampled Response: 1, Outcome Shown: 0
53.9392 	DATA 	Keypress: 2
53.9425 	EXP 	unnamed TextStim: text = '-2'
54.4503 	DATA 	Sampled Response: 2, Outcome Shown: -2
54.7064 	DATA 	Keypress: 1
54.7149 	EXP 	unnamed TextStim: text = '-4'
55.2147 	DATA 	Sampled Response: 1, Outcome Shown: -4
55.4143 	DATA 	Keypress: 2
55.4176 	EXP 	unnamed TextStim: text = '-2'
55.9167 	DATA 	Sampled Response: 2, Outcome Shown: -2
56.0831 	DATA 	Keypress: 1
56.0882 	EXP 	unnamed TextStim: text = '0'
56.5874 	DATA 	Sampled Response: 1, Outcome Shown: 0
57.2098 	DATA 	Keypress: 2
57.2184 	EXP 	unnamed TextStim: text = '-2'
57.7262 	DATA 	Sampled Response: 2, Outcome Shown: -2
57.8454 	DATA 	Keypress: 1
57.8487 	EXP 	unnamed TextStim: text = '0'
58.3501 	DATA 	Sampled Response: 1, Outcome Shown: 0
58.8814 	DATA 	Keypress: 2
58.8849 	EXP 	unnamed TextStim: text = '-2'
59.3953 	DATA 	Sampled Response: 2, Outcome Shown: -2
59.5470 	DATA 	Keypress: 1
59.5524 	EXP 	unnamed TextStim: text = '-4'
60.0505 	DATA 	Sampled Response: 1, Outcome Shown: -4
60.0686 	DATA 	** broke sampling loop (<.5s left in trial) **
60.0696 	DATA 	samplingCount: 19
60.0696 	DATA 	Think Onset
60.0722 	EXP 	unnamed Rect: lineColor = 'white (named)'
60.0722 	EXP 	unnamed Rect: lineColor = 'white (named)'
60.2180 	DATA 	Keypress: 2
63.0738 	DATA 	Decide Onset
63.5288 	DATA 	Keypress: 1
63.5289 	DATA 	Decision Button Press: ['1']
63.5290 	DATA 	Decision Response: 1
63.5303 	EXP 	unnamed Rect: lineColor = 'red (named)'
64.0352 	DATA 	ITI Onset
64.0362 	EXP 	unnamed Rect: lineColor = 'white (named)'
64.0362 	EXP 	unnamed Rect: lineColor = 'white (named)'
64.0362 	EXP 	unnamed TextStim: text = '-4'
64.0362 	EXP 	unnamed TextStim: text = '-2'
67.6459 	DATA 	Trial End Time - totalITI: 3.60601194939
67.6462 	EXP 	New trial (rep=0, index=2): {'P1_1': '0.3', 'P1_2': '1', 'SafeOption': '2', 'P2_2': '0', 'O2_2': '0', 'O2_1': '-4', 'ProbNumber': 'MD11', 'O1_2': '5', 'O1_1': '27', 'EV2': '5', 'EV1': '5.3', 'ProbType': 'MD', 'P2_1': '0.7'}
67.6463 	DATA 	Trial Onset - ProblemType: MD, ProblemNumber: MD11, leftRight: 0, samplingDur: 18, assignedITI: 1.233
67.6463 	DATA 	Sampling Onset
68.3541 	DATA 	Keypress: 1
68.3637 	EXP 	unnamed TextStim: text = '+27'
68.8642 	DATA 	Sampled Response: 1, Outcome Shown: +27
69.5382 	DATA 	Keypress: 2
69.5470 	EXP 	unnamed TextStim: text = '+5'
70.0498 	DATA 	Sampled Response: 2, Outcome Shown: +5
70.6126 	DATA 	Keypress: 1
70.6180 	EXP 	unnamed TextStim: text = '-4'
71.1261 	DATA 	Sampled Response: 1, Outcome Shown: -4
71.5960 	DATA 	Keypress: 2
71.5994 	EXP 	unnamed TextStim: text = '+5'
72.1089 	DATA 	Sampled Response: 2, Outcome Shown: +5
72.4664 	DATA 	Keypress: 1
72.4697 	EXP 	unnamed TextStim: text = '-4'
72.9669 	DATA 	Sampled Response: 1, Outcome Shown: -4
73.4291 	DATA 	Keypress: 2
73.4323 	EXP 	unnamed TextStim: text = '+5'
73.9341 	DATA 	Sampled Response: 2, Outcome Shown: +5
74.1858 	DATA 	Keypress: 1
74.1891 	EXP 	unnamed TextStim: text = '-4'
74.6984 	DATA 	Sampled Response: 1, Outcome Shown: -4
74.9797 	DATA 	Keypress: 2
74.9829 	EXP 	unnamed TextStim: text = '+5'
75.4940 	DATA 	Sampled Response: 2, Outcome Shown: +5
75.6892 	DATA 	Keypress: 1
75.7002 	EXP 	unnamed TextStim: text = '+27'
76.2116 	DATA 	Sampled Response: 1, Outcome Shown: +27
78.6404 	DATA 	Keypress: 2
78.6490 	EXP 	unnamed TextStim: text = '+5'
79.1598 	DATA 	Sampled Response: 2, Outcome Shown: +5
85.1464 	DATA 	** broke sampling loop (<.5s left in trial) **
85.1473 	DATA 	samplingCount: 10
85.1473 	DATA 	Think Onset
85.1498 	EXP 	unnamed Rect: lineColor = 'white (named)'
85.1498 	EXP 	unnamed Rect: lineColor = 'white (named)'
88.1522 	DATA 	Decide Onset
88.4477 	DATA 	Keypress: 1
88.4478 	DATA 	Decision Button Press: ['1']
88.4479 	DATA 	Decision Response: 1
88.4492 	EXP 	unnamed Rect: lineColor = 'red (named)'
88.9638 	DATA 	ITI Onset
88.9649 	EXP 	unnamed Rect: lineColor = 'white (named)'
88.9649 	EXP 	unnamed Rect: lineColor = 'white (named)'
88.9649 	EXP 	unnamed TextStim: text = '+27'
88.9649 	EXP 	unnamed TextStim: text = '+5'
92.1047 	DATA 	Trial End Time - totalITI: 3.13715815047
92.1050 	EXP 	New trial (rep=0, index=3): {'P1_1': '0.5', 'P1_2': '0.4', 'SafeOption': '1', 'P2_2': '0.6', 'O2_2': '50', 'O2_1': '30', 'ProbNumber': 'RR8', 'O1_2': '-15', 'O1_1': '14', 'EV2': '24', 'EV1': '22', 'ProbType': 'RR', 'P2_1': '0.5'}
92.1051 	DATA 	Trial Onset - ProblemType: RR, ProblemNumber: RR8, leftRight: 0, samplingDur: 15, assignedITI: 1.3248
92.1051 	DATA 	Sampling Onset
93.2436 	DATA 	Keypress: 1
93.2504 	EXP 	unnamed TextStim: text = '+30'
93.7610 	DATA 	Sampled Response: 1, Outcome Shown: +30
94.0164 	DATA 	Keypress: 2
94.0224 	EXP 	unnamed TextStim: text = '+50'
94.5253 	DATA 	Sampled Response: 2, Outcome Shown: +50
94.8125 	DATA 	Keypress: 1
94.8157 	EXP 	unnamed TextStim: text = '+30'
95.3209 	DATA 	Sampled Response: 1, Outcome Shown: +30
95.4478 	DATA 	Keypress: 2
95.4539 	EXP 	unnamed TextStim: text = '+50'
95.9605 	DATA 	Sampled Response: 2, Outcome Shown: +50
96.2238 	DATA 	Keypress: 1
96.2426 	EXP 	unnamed TextStim: text = '+14'
96.7405 	DATA 	Sampled Response: 1, Outcome Shown: +14
96.8241 	DATA 	Keypress: 2
96.8328 	EXP 	unnamed TextStim: text = '+50'
97.3333 	DATA 	Sampled Response: 2, Outcome Shown: +50
98.0337 	DATA 	Keypress: 1
98.0396 	EXP 	unnamed TextStim: text = '+30'
98.5500 	DATA 	Sampled Response: 1, Outcome Shown: +30
98.5502 	DATA 	Keypress: 2
99.0122 	DATA 	Keypress: 2
99.0197 	EXP 	unnamed TextStim: text = '-15'
99.5172 	DATA 	Sampled Response: 2, Outcome Shown: -15
99.7835 	DATA 	Keypress: 1
99.7933 	EXP 	unnamed TextStim: text = '+14'
100.2971 	DATA 	Sampled Response: 1, Outcome Shown: +14
100.4332 	DATA 	Keypress: 2
100.4365 	EXP 	unnamed TextStim: text = '-15'
100.9367 	DATA 	Sampled Response: 2, Outcome Shown: -15
101.1836 	DATA 	Keypress: 1
101.1927 	EXP 	unnamed TextStim: text = '+30'
101.7011 	DATA 	Sampled Response: 1, Outcome Shown: +30
101.9056 	DATA 	Keypress: 2
101.9118 	EXP 	unnamed TextStim: text = '-15'
102.4187 	DATA 	Sampled Response: 2, Outcome Shown: -15
102.5998 	DATA 	Keypress: 1
102.6031 	EXP 	unnamed TextStim: text = '+30'
103.1050 	DATA 	Sampled Response: 1, Outcome Shown: +30
103.2725 	DATA 	Keypress: 2
103.2789 	EXP 	unnamed TextStim: text = '+50'
103.7758 	DATA 	Sampled Response: 2, Outcome Shown: +50
106.6060 	DATA 	** broke sampling loop (<.5s left in trial) **
106.6068 	DATA 	samplingCount: 14
106.6068 	DATA 	Think Onset
106.6119 	EXP 	unnamed Rect: lineColor = 'white (named)'
106.6119 	EXP 	unnamed Rect: lineColor = 'white (named)'
109.6159 	DATA 	Decide Onset
110.0388 	DATA 	Keypress: 2
110.0389 	DATA 	Decision Button Press: ['2']
110.0389 	DATA 	Decision Response: 2
110.0403 	EXP 	unnamed Rect: lineColor = 'red (named)'
110.5538 	DATA 	ITI Onset
110.5549 	EXP 	unnamed Rect: lineColor = 'white (named)'
110.5549 	EXP 	unnamed Rect: lineColor = 'white (named)'
110.5549 	EXP 	unnamed TextStim: text = '+30'
110.5549 	EXP 	unnamed TextStim: text = '+50'
113.6561 	DATA 	Trial End Time - totalITI: 3.10076654672
113.6564 	EXP 	New trial (rep=0, index=4): {'P1_1': '0.5', 'P1_2': '0.3', 'SafeOption': '1', 'P2_2': '0.7', 'O2_2': '35', 'O2_1': '30', 'ProbNumber': 'RR5', 'O1_2': '-10', 'O1_1': '10', 'EV2': '21.5', 'EV1': '20', 'ProbType': 'RR', 'P2_1': '0.5'}
113.6565 	DATA 	Trial Onset - ProblemType: RR, ProblemNumber: RR5, leftRight: 0, samplingDur: 16, assignedITI: 1.2135
113.6565 	DATA 	Sampling Onset
114.1622 	DATA 	Keypress: 1
114.1696 	EXP 	unnamed TextStim: text = '+10'
114.6798 	DATA 	Sampled Response: 1, Outcome Shown: +10
114.7300 	DATA 	Keypress: 2
114.7362 	EXP 	unnamed TextStim: text = '+35'
115.2414 	DATA 	Sampled Response: 2, Outcome Shown: +35
115.4012 	DATA 	Keypress: 1
115.4073 	EXP 	unnamed TextStim: text = '+30'
115.9122 	DATA 	Sampled Response: 1, Outcome Shown: +30
115.9517 	DATA 	Keypress: 2
115.9602 	EXP 	unnamed TextStim: text = '+35'
116.4582 	DATA 	Sampled Response: 2, Outcome Shown: +35
116.4968 	DATA 	Keypress: 1
116.5001 	EXP 	unnamed TextStim: text = '+30'
117.0042 	DATA 	Sampled Response: 1, Outcome Shown: +30
117.0330 	DATA 	Keypress: 2
117.0363 	EXP 	unnamed TextStim: text = '+35'
117.5345 	DATA 	Sampled Response: 2, Outcome Shown: +35
117.5347 	DATA 	Keypress: 1
118.0150 	DATA 	Keypress: 1
118.0228 	EXP 	unnamed TextStim: text = '+10'
118.5329 	DATA 	Sampled Response: 1, Outcome Shown: +10
118.6467 	DATA 	Keypress: 2
118.6528 	EXP 	unnamed TextStim: text = '+35'
119.1569 	DATA 	Sampled Response: 2, Outcome Shown: +35
119.3355 	DATA 	Keypress: 1
119.3411 	EXP 	unnamed TextStim: text = '+30'
119.8433 	DATA 	Sampled Response: 1, Outcome Shown: +30
119.9958 	DATA 	Keypress: 2
120.0033 	EXP 	unnamed TextStim: text = '-10'
120.5140 	DATA 	Sampled Response: 2, Outcome Shown: -10
120.7030 	DATA 	Keypress: 1
120.7090 	EXP 	unnamed TextStim: text = '+30'
121.2160 	DATA 	Sampled Response: 1, Outcome Shown: +30
121.3833 	DATA 	Keypress: 2
121.3894 	EXP 	unnamed TextStim: text = '+35'
121.8868 	DATA 	Sampled Response: 2, Outcome Shown: +35
129.1607 	DATA 	** broke sampling loop (<.5s left in trial) **
129.1616 	DATA 	samplingCount: 12
129.1616 	DATA 	Think Onset
129.1641 	EXP 	unnamed Rect: lineColor = 'white (named)'
129.1641 	EXP 	unnamed Rect: lineColor = 'white (named)'
132.1677 	DATA 	Decide Onset
132.6298 	DATA 	Keypress: 2
132.6299 	DATA 	Decision Button Press: ['2']
132.6300 	DATA 	Decision Response: 2
132.6313 	EXP 	unnamed Rect: lineColor = 'red (named)'
133.1422 	DATA 	ITI Onset
133.1432 	EXP 	unnamed Rect: lineColor = 'white (named)'
133.1432 	EXP 	unnamed Rect: lineColor = 'white (named)'
133.1432 	EXP 	unnamed TextStim: text = '+30'
133.1432 	EXP 	unnamed TextStim: text = '+35'
136.0927 	DATA 	Trial End Time - totalITI: 2.94693712329
136.0930 	EXP 	New trial (rep=0, index=5): {'P1_1': '0.8', 'P1_2': '1', 'SafeOption': '2', 'P2_2': '0', 'O2_2': '0', 'O2_1': '0', 'ProbNumber': 'SD9', 'O1_2': '13', 'O1_1': '16', 'EV2': '13', 'EV1': '12.8', 'ProbType': 'SD', 'P2_1': '0.2'}
136.0931 	DATA 	Trial Onset - ProblemType: SD, ProblemNumber: SD9, leftRight: 0, samplingDur: 18, assignedITI: 4.653
136.0931 	DATA 	Sampling Onset
136.8621 	DATA 	Keypress: 1
136.8752 	EXP 	unnamed TextStim: text = '+16'
137.3771 	DATA 	Sampled Response: 1, Outcome Shown: +16
137.4297 	DATA 	Keypress: 2
137.4395 	EXP 	unnamed TextStim: text = '+13'
137.9386 	DATA 	Sampled Response: 2, Outcome Shown: +13
137.9771 	DATA 	Keypress: 1
137.9804 	EXP 	unnamed TextStim: text = '+16'
138.4846 	DATA 	Sampled Response: 1, Outcome Shown: +16
138.5764 	DATA 	Keypress: 2
138.5797 	EXP 	unnamed TextStim: text = '+13'
139.0774 	DATA 	Sampled Response: 2, Outcome Shown: +13
139.1267 	DATA 	Keypress: 1
139.1346 	EXP 	unnamed TextStim: text = '0'
139.6390 	DATA 	Sampled Response: 1, Outcome Shown: 0
139.6711 	DATA 	Keypress: 2
139.6770 	EXP 	unnamed TextStim: text = '+13'
140.1849 	DATA 	Sampled Response: 2, Outcome Shown: +13
140.1851 	DATA 	Keypress: 1
140.7261 	DATA 	Keypress: 1
140.7328 	EXP 	unnamed TextStim: text = '+16'
141.2301 	DATA 	Sampled Response: 1, Outcome Shown: +16
141.2303 	DATA 	Keypress: 2
141.7026 	DATA 	Keypress: 2
141.7083 	EXP 	unnamed TextStim: text = '+13'
142.2129 	DATA 	Sampled Response: 2, Outcome Shown: +13
142.5179 	DATA 	Keypress: 1
142.5265 	EXP 	unnamed TextStim: text = '0'
143.0241 	DATA 	Sampled Response: 1, Outcome Shown: 0
143.1753 	DATA 	Keypress: 2
143.1787 	EXP 	unnamed TextStim: text = '+13'
143.6793 	DATA 	Sampled Response: 2, Outcome Shown: +13
143.8792 	DATA 	Keypress: 1
143.8863 	EXP 	unnamed TextStim: text = '+16'
144.3968 	DATA 	Sampled Response: 1, Outcome Shown: +16
153.5939 	DATA 	** broke sampling loop (<.5s left in trial) **
153.5948 	DATA 	samplingCount: 11
153.5948 	DATA 	Think Onset
153.5974 	EXP 	unnamed Rect: lineColor = 'white (named)'
153.5974 	EXP 	unnamed Rect: lineColor = 'white (named)'
156.5999 	DATA 	Decide Onset
156.9568 	DATA 	Keypress: 1
156.9569 	DATA 	Decision Button Press: ['1']
156.9569 	DATA 	Decision Response: 1
156.9583 	EXP 	unnamed Rect: lineColor = 'red (named)'
157.4792 	DATA 	ITI Onset
157.4803 	EXP 	unnamed Rect: lineColor = 'white (named)'
157.4803 	EXP 	unnamed Rect: lineColor = 'white (named)'
157.4803 	EXP 	unnamed TextStim: text = '+16'
157.4803 	EXP 	unnamed TextStim: text = '+13'
163.9761 	DATA 	Trial End Time - totalITI: 6.49504930665
163.9763 	EXP 	New trial (rep=0, index=6): {'P1_1': '0.75', 'P1_2': '0.75', 'SafeOption': '1', 'P2_2': '0.25', 'O2_2': '30', 'O2_1': '10', 'ProbNumber': 'RR3', 'O1_2': '-5', 'O1_1': '2', 'EV2': '3.75', 'EV1': '4', 'ProbType': 'RR', 'P2_1': '0.25'}
163.9765 	DATA 	Trial Onset - ProblemType: RR, ProblemNumber: RR3, leftRight: 0, samplingDur: 16, assignedITI: 2.274
163.9765 	DATA 	Sampling Onset
164.6210 	DATA 	Keypress: 1
164.6289 	EXP 	unnamed TextStim: text = '+10'
165.1285 	DATA 	Sampled Response: 1, Outcome Shown: +10
165.3020 	DATA 	Keypress: 2
165.3081 	EXP 	unnamed TextStim: text = '+30'
165.8149 	DATA 	Sampled Response: 2, Outcome Shown: +30
166.1437 	DATA 	Keypress: 1
166.1494 	EXP 	unnamed TextStim: text = '+2'
166.6573 	DATA 	Sampled Response: 1, Outcome Shown: +2
166.7093 	DATA 	Keypress: 2
166.7148 	EXP 	unnamed TextStim: text = '-5'
167.2188 	DATA 	Sampled Response: 2, Outcome Shown: -5
167.3084 	DATA 	Keypress: 1
167.3196 	EXP 	unnamed TextStim: text = '+10'
167.8272 	DATA 	Sampled Response: 1, Outcome Shown: +10
167.9255 	DATA 	Keypress: 2
167.9289 	EXP 	unnamed TextStim: text = '-5'
168.4356 	DATA 	Sampled Response: 2, Outcome Shown: -5
168.5588 	DATA 	Keypress: 1
168.5621 	EXP 	unnamed TextStim: text = '+10'
169.0596 	DATA 	Sampled Response: 1, Outcome Shown: +10
169.1096 	DATA 	Keypress: 2
169.1132 	EXP 	unnamed TextStim: text = '-5'
169.6212 	DATA 	Sampled Response: 2, Outcome Shown: -5
169.6623 	DATA 	Keypress: 1
169.6678 	EXP 	unnamed TextStim: text = '+2'
170.1671 	DATA 	Sampled Response: 1, Outcome Shown: +2
170.1674 	DATA 	Keypress: 2
170.8308 	DATA 	Keypress: 2
170.8342 	EXP 	unnamed TextStim: text = '-5'
171.3371 	DATA 	Sampled Response: 2, Outcome Shown: -5
171.5174 	DATA 	Keypress: 1
171.5253 	EXP 	unnamed TextStim: text = '+10'
172.0234 	DATA 	Sampled Response: 1, Outcome Shown: +10
172.3420 	DATA 	Keypress: 2
172.3453 	EXP 	unnamed TextStim: text = '-5'
172.8502 	DATA 	Sampled Response: 2, Outcome Shown: -5
173.0853 	DATA 	Keypress: 1
173.0958 	EXP 	unnamed TextStim: text = '+2'
173.5990 	DATA 	Sampled Response: 1, Outcome Shown: +2
173.8864 	DATA 	Keypress: 2
173.8929 	EXP 	unnamed TextStim: text = '+30'
174.3946 	DATA 	Sampled Response: 2, Outcome Shown: +30
179.4778 	DATA 	** broke sampling loop (<.5s left in trial) **
179.4790 	DATA 	samplingCount: 14
179.4791 	DATA 	Think Onset
179.4813 	EXP 	unnamed Rect: lineColor = 'white (named)'
179.4813 	EXP 	unnamed Rect: lineColor = 'white (named)'
182.4834 	DATA 	Decide Onset
182.9717 	DATA 	Keypress: 2
182.9718 	DATA 	Decision Button Press: ['2']
182.9718 	DATA 	Decision Response: 2
182.9732 	EXP 	unnamed Rect: lineColor = 'red (named)'
183.4811 	DATA 	ITI Onset
183.4821 	EXP 	unnamed Rect: lineColor = 'white (named)'
183.4821 	EXP 	unnamed Rect: lineColor = 'white (named)'
183.4821 	EXP 	unnamed TextStim: text = '+2'
183.4821 	EXP 	unnamed TextStim: text = '+30'
187.4663 	DATA 	Trial End Time - totalITI: 3.98374321621
187.4665 	EXP 	New trial (rep=0, index=7): {'P1_1': '0.7', 'P1_2': '0.1', 'SafeOption': '1', 'P2_2': '0.9', 'O2_2': '30', 'O2_1': '38', 'ProbNumber': 'RR11', 'O1_2': '-10', 'O1_1': '22', 'EV2': '26', 'EV1': '26.8', 'ProbType': 'RR', 'P2_1': '0.3'}
187.4667 	DATA 	Trial Onset - ProblemType: RR, ProblemNumber: RR11, leftRight: 0, samplingDur: 17, assignedITI: 2.2012
187.4667 	DATA 	Sampling Onset
189.2129 	DATA 	Keypress: 1
189.2222 	EXP 	unnamed TextStim: text = '+38'
189.7289 	DATA 	Sampled Response: 1, Outcome Shown: +38
189.8762 	DATA 	Keypress: 2
189.8823 	EXP 	unnamed TextStim: text = '+30'
190.3840 	DATA 	Sampled Response: 2, Outcome Shown: +30
190.5478 	DATA 	Keypress: 1
190.5540 	EXP 	unnamed TextStim: text = '+22'
191.0548 	DATA 	Sampled Response: 1, Outcome Shown: +22
191.1820 	DATA 	Keypress: 2
191.1855 	EXP 	unnamed TextStim: text = '+30'
191.6944 	DATA 	Sampled Response: 2, Outcome Shown: +30
191.8116 	DATA 	Keypress: 1
191.8177 	EXP 	unnamed TextStim: text = '+22'
192.3183 	DATA 	Sampled Response: 1, Outcome Shown: +22
192.4442 	DATA 	Keypress: 2
192.4505 	EXP 	unnamed TextStim: text = '+30'
192.9580 	DATA 	Sampled Response: 2, Outcome Shown: +30
193.0920 	DATA 	Keypress: 1
193.0979 	EXP 	unnamed TextStim: text = '+22'
193.5975 	DATA 	Sampled Response: 1, Outcome Shown: +22
193.7918 	DATA 	Keypress: 2
193.7951 	EXP 	unnamed TextStim: text = '+30'
194.2995 	DATA 	Sampled Response: 2, Outcome Shown: +30
194.4456 	DATA 	Keypress: 1
194.4489 	EXP 	unnamed TextStim: text = '+22'
194.9547 	DATA 	Sampled Response: 1, Outcome Shown: +22
195.0518 	DATA 	Keypress: 2
195.0602 	EXP 	unnamed TextStim: text = '+30'
195.5630 	DATA 	Sampled Response: 2, Outcome Shown: +30
195.7650 	DATA 	Keypress: 1
195.7682 	EXP 	unnamed TextStim: text = '+22'
196.2650 	DATA 	Sampled Response: 1, Outcome Shown: +22
196.4115 	DATA 	Keypress: 2
196.4148 	EXP 	unnamed TextStim: text = '+30'
196.9202 	DATA 	Sampled Response: 2, Outcome Shown: +30
197.0405 	DATA 	Keypress: 1
197.0439 	EXP 	unnamed TextStim: text = '+22'
197.5442 	DATA 	Sampled Response: 1, Outcome Shown: +22
197.6119 	DATA 	Keypress: 2
197.6153 	EXP 	unnamed TextStim: text = '+30'
198.1214 	DATA 	Sampled Response: 2, Outcome Shown: +30
198.2937 	DATA 	Keypress: 1
198.2970 	EXP 	unnamed TextStim: text = '+22'
198.8078 	DATA 	Sampled Response: 1, Outcome Shown: +22
198.8932 	DATA 	Keypress: 2
198.8966 	EXP 	unnamed TextStim: text = '+30'
199.4005 	DATA 	Sampled Response: 2, Outcome Shown: +30
199.4833 	DATA 	Keypress: 1
199.4922 	EXP 	unnamed TextStim: text = '+38'
199.9933 	DATA 	Sampled Response: 1, Outcome Shown: +38
200.1656 	DATA 	Keypress: 2
200.1690 	EXP 	unnamed TextStim: text = '+30'
200.6797 	DATA 	Sampled Response: 2, Outcome Shown: +30
200.7590 	DATA 	Keypress: 1
200.7652 	EXP 	unnamed TextStim: text = '+22'
201.2725 	DATA 	Sampled Response: 1, Outcome Shown: +22
201.3413 	DATA 	Keypress: 2
201.3446 	EXP 	unnamed TextStim: text = '+30'
201.8497 	DATA 	Sampled Response: 2, Outcome Shown: +30
201.8924 	DATA 	Keypress: 1
201.8994 	EXP 	unnamed TextStim: text = '+38'
202.4112 	DATA 	Sampled Response: 1, Outcome Shown: +38
202.5320 	DATA 	Keypress: 2
202.5405 	EXP 	unnamed TextStim: text = '+30'
203.0508 	DATA 	Sampled Response: 2, Outcome Shown: +30
203.1233 	DATA 	Keypress: 1
203.1294 	EXP 	unnamed TextStim: text = '+22'
203.6280 	DATA 	Sampled Response: 1, Outcome Shown: +22
203.6676 	DATA 	Keypress: 2
203.6763 	EXP 	unnamed TextStim: text = '+30'
204.1740 	DATA 	Sampled Response: 2, Outcome Shown: +30
204.1741 	DATA 	** broke sampling loop (<.5s left in trial) **
204.1750 	DATA 	samplingCount: 24
204.1750 	DATA 	Think Onset
204.1763 	EXP 	unnamed Rect: lineColor = 'white (named)'
204.1763 	EXP 	unnamed Rect: lineColor = 'white (named)'
204.2286 	DATA 	Keypress: 1
207.1815 	DATA 	Decide Onset
207.6106 	DATA 	Keypress: 2
207.6107 	DATA 	Decision Button Press: ['2']
207.6107 	DATA 	Decision Response: 2
207.6122 	EXP 	unnamed Rect: lineColor = 'red (named)'
208.1280 	DATA 	ITI Onset
208.1290 	EXP 	unnamed Rect: lineColor = 'white (named)'
208.1290 	EXP 	unnamed Rect: lineColor = 'white (named)'
208.1290 	EXP 	unnamed TextStim: text = '+22'
208.1290 	EXP 	unnamed TextStim: text = '+30'
211.8949 	DATA 	Trial End Time - totalITI: 3.764303287
211.8951 	EXP 	New trial (rep=0, index=8): {'P1_1': '0.6', 'P1_2': '0.5', 'SafeOption': '1', 'P2_2': '0.5', 'O2_2': '50', 'O2_1': '25', 'ProbNumber': 'RR6', 'O1_2': '-15', 'O1_1': '12', 'EV2': '17.5', 'EV1': '17.2', 'ProbType': 'RR', 'P2_1': '0.4'}
211.8953 	DATA 	Trial Onset - ProblemType: RR, ProblemNumber: RR6, leftRight: 1, samplingDur: 17, assignedITI: 5.4629
211.8953 	DATA 	Sampling Onset
212.5961 	DATA 	Keypress: 1
212.6039 	EXP 	unnamed TextStim: text = '-15'
213.1125 	DATA 	Sampled Response: 2, Outcome Shown: +12
213.4510 	DATA 	Keypress: 2
213.4589 	EXP 	unnamed TextStim: text = '+12'
213.9704 	DATA 	Sampled Response: 1, Outcome Shown: +50
214.2104 	DATA 	Keypress: 1
214.2167 	EXP 	unnamed TextStim: text = '-15'
214.7192 	DATA 	Sampled Response: 2, Outcome Shown: +12
214.9228 	DATA 	Keypress: 2
214.9314 	EXP 	unnamed TextStim: text = '+25'
215.4368 	DATA 	Sampled Response: 1, Outcome Shown: +50
215.5784 	DATA 	Keypress: 1
215.5871 	EXP 	unnamed TextStim: text = '+50'
216.0920 	DATA 	Sampled Response: 2, Outcome Shown: +25
216.2425 	DATA 	Keypress: 2
216.2528 	EXP 	unnamed TextStim: text = '+12'
216.7627 	DATA 	Sampled Response: 1, Outcome Shown: +50
216.8826 	DATA 	Keypress: 1
216.8886 	EXP 	unnamed TextStim: text = '+50'
217.3867 	DATA 	Sampled Response: 2, Outcome Shown: +25
217.5000 	DATA 	Keypress: 2
217.5058 	EXP 	unnamed TextStim: text = '+12'
218.0107 	DATA 	Sampled Response: 1, Outcome Shown: -15
218.1470 	DATA 	Keypress: 1
218.1503 	EXP 	unnamed TextStim: text = '+50'
218.6502 	DATA 	Sampled Response: 2, Outcome Shown: +12
218.8027 	DATA 	Keypress: 2
218.8114 	EXP 	unnamed TextStim: text = '+12'
219.3210 	DATA 	Sampled Response: 1, Outcome Shown: +50
219.4844 	DATA 	Keypress: 1
219.4921 	EXP 	unnamed TextStim: text = '-15'
219.9918 	DATA 	Sampled Response: 2, Outcome Shown: +12
220.0919 	DATA 	Keypress: 2
220.0954 	EXP 	unnamed TextStim: text = '+12'
220.6002 	DATA 	Sampled Response: 1, Outcome Shown: +50
220.7946 	DATA 	Keypress: 1
220.8007 	EXP 	unnamed TextStim: text = '+50'
221.3022 	DATA 	Sampled Response: 2, Outcome Shown: +25
228.3980 	DATA 	** broke sampling loop (<.5s left in trial) **
228.3989 	DATA 	samplingCount: 13
228.3990 	DATA 	Think Onset
228.4015 	EXP 	unnamed Rect: lineColor = 'white (named)'
228.4015 	EXP 	unnamed Rect: lineColor = 'white (named)'
231.4061 	DATA 	Decide Onset
231.7456 	DATA 	Keypress: 1
231.7457 	DATA 	Decision Button Press: ['1']
231.7457 	DATA 	Decision Response: 2
231.7471 	EXP 	unnamed Rect: lineColor = 'red (named)'
232.2618 	DATA 	ITI Onset
232.2628 	EXP 	unnamed Rect: lineColor = 'white (named)'
232.2628 	EXP 	unnamed Rect: lineColor = 'white (named)'
232.2628 	EXP 	unnamed TextStim: text = '+50'
232.2628 	EXP 	unnamed TextStim: text = '+12'
239.5886 	DATA 	Trial End Time - totalITI: 7.32035639516
239.5888 	EXP 	New trial (rep=0, index=9): {'P1_1': '0.9', 'P1_2': '0.7', 'SafeOption': '1', 'P2_2': '0.3', 'O2_2': '25', 'O2_1': '15', 'ProbNumber': 'RR10', 'O1_2': '-3', 'O1_1': '5', 'EV2': '5.4', 'EV1': '6', 'ProbType': 'RR', 'P2_1': '0.1'}
239.5889 	DATA 	Trial Onset - ProblemType: RR, ProblemNumber: RR10, leftRight: 1, samplingDur: 15, assignedITI: 1.0098
239.5890 	DATA 	Sampling Onset
242.6901 	DATA 	Keypress: 1
242.6962 	EXP 	unnamed TextStim: text = '+25'
243.2038 	DATA 	Sampled Response: 2, Outcome Shown: +5
243.2040 	DATA 	Keypress: 2
243.6435 	DATA 	Keypress: 2
243.6492 	EXP 	unnamed TextStim: text = '+5'
244.1554 	DATA 	Sampled Response: 1, Outcome Shown: -3
244.4738 	DATA 	Keypress: 1
244.4795 	EXP 	unnamed TextStim: text = '-3'
244.9822 	DATA 	Sampled Response: 2, Outcome Shown: +5
245.2340 	DATA 	Keypress: 2
245.2400 	EXP 	unnamed TextStim: text = '+5'
245.7465 	DATA 	Sampled Response: 1, Outcome Shown: +25
245.9892 	DATA 	Keypress: 1
245.9953 	EXP 	unnamed TextStim: text = '+25'
246.4953 	DATA 	Sampled Response: 2, Outcome Shown: +5
246.7233 	DATA 	Keypress: 2
246.7266 	EXP 	unnamed TextStim: text = '+5'
247.2285 	DATA 	Sampled Response: 1, Outcome Shown: -3
247.3547 	DATA 	Keypress: 1
247.3581 	EXP 	unnamed TextStim: text = '+25'
247.8681 	DATA 	Sampled Response: 2, Outcome Shown: +5
254.0917 	DATA 	** broke sampling loop (<.5s left in trial) **
254.0926 	DATA 	samplingCount: 7
254.0926 	DATA 	Think Onset
254.0952 	EXP 	unnamed Rect: lineColor = 'white (named)'
254.0952 	EXP 	unnamed Rect: lineColor = 'white (named)'
257.0990 	DATA 	Decide Onset
257.4165 	DATA 	Keypress: 1
257.4165 	DATA 	Decision Button Press: ['1']
257.4166 	DATA 	Decision Response: 2
257.4180 	EXP 	unnamed Rect: lineColor = 'red (named)'
257.9369 	DATA 	ITI Onset
257.9379 	EXP 	unnamed Rect: lineColor = 'white (named)'
257.9379 	EXP 	unnamed Rect: lineColor = 'white (named)'
257.9379 	EXP 	unnamed TextStim: text = '+25'
257.9379 	EXP 	unnamed TextStim: text = '+5'
260.8272 	DATA 	Trial End Time - totalITI: 2.8893069956
260.8275 	EXP 	New trial (rep=0, index=10): {'P1_1': '0.25', 'P1_2': '0.25', 'SafeOption': '1', 'P2_2': '0.75', 'O2_2': '10', 'O2_1': '6', 'ProbNumber': 'RR1', 'O1_2': '-8', 'O1_1': '2', 'EV2': '5.5', 'EV1': '5', 'ProbType': 'RR', 'P2_1': '0.75'}
260.8276 	DATA 	Trial Onset - ProblemType: RR, ProblemNumber: RR1, leftRight: 0, samplingDur: 19, assignedITI: 1.2377
260.8276 	DATA 	Sampling Onset
262.7461 	DATA 	Keypress: 1
262.7532 	EXP 	unnamed TextStim: text = '+6'
263.2647 	DATA 	Sampled Response: 1, Outcome Shown: +6
263.2650 	DATA 	Keypress: 2
263.7387 	DATA 	Keypress: 2
263.7466 	EXP 	unnamed TextStim: text = '+10'
264.2475 	DATA 	Sampled Response: 2, Outcome Shown: +10
264.4210 	DATA 	Keypress: 1
264.4266 	EXP 	unnamed TextStim: text = '+2'
264.9339 	DATA 	Sampled Response: 1, Outcome Shown: +2
265.0406 	DATA 	Keypress: 2
265.0470 	EXP 	unnamed TextStim: text = '+10'
265.5579 	DATA 	Sampled Response: 2, Outcome Shown: +10
265.6429 	DATA 	Keypress: 1
265.6496 	EXP 	unnamed TextStim: text = '+6'
266.1506 	DATA 	Sampled Response: 1, Outcome Shown: +6
266.1765 	DATA 	Keypress: 2
266.1831 	EXP 	unnamed TextStim: text = '-8'
266.6810 	DATA 	Sampled Response: 2, Outcome Shown: -8
266.7044 	DATA 	Keypress: 1
266.7104 	EXP 	unnamed TextStim: text = '+6'
267.2114 	DATA 	Sampled Response: 1, Outcome Shown: +6
267.2116 	DATA 	Keypress: 2
267.6567 	DATA 	Keypress: 2
267.6670 	EXP 	unnamed TextStim: text = '+10'
268.1786 	DATA 	Sampled Response: 2, Outcome Shown: +10
268.5772 	DATA 	Keypress: 1
268.5831 	EXP 	unnamed TextStim: text = '+2'
269.0833 	DATA 	Sampled Response: 1, Outcome Shown: +2
269.1124 	DATA 	Keypress: 2
269.1190 	EXP 	unnamed TextStim: text = '-8'
269.6293 	DATA 	Sampled Response: 2, Outcome Shown: -8
270.1705 	DATA 	Keypress: 2
270.1785 	EXP 	unnamed TextStim: text = '+10'
270.6901 	DATA 	Sampled Response: 2, Outcome Shown: +10
270.9695 	DATA 	Keypress: 2
270.9729 	EXP 	unnamed TextStim: text = '+10'
271.4701 	DATA 	Sampled Response: 2, Outcome Shown: +10
271.7064 	DATA 	Keypress: 2
271.7098 	EXP 	unnamed TextStim: text = '+10'
272.2188 	DATA 	Sampled Response: 2, Outcome Shown: +10
272.4902 	DATA 	Keypress: 2
272.4935 	EXP 	unnamed TextStim: text = '+10'
272.9988 	DATA 	Sampled Response: 2, Outcome Shown: +10
273.2885 	DATA 	Keypress: 2
273.2945 	EXP 	unnamed TextStim: text = '+10'
273.7944 	DATA 	Sampled Response: 2, Outcome Shown: +10
274.0813 	DATA 	Keypress: 2
274.0880 	EXP 	unnamed TextStim: text = '-8'
274.5900 	DATA 	Sampled Response: 2, Outcome Shown: -8
274.6560 	DATA 	Keypress: 2
274.6664 	EXP 	unnamed TextStim: text = '+10'
275.1671 	DATA 	Sampled Response: 2, Outcome Shown: +10
276.1285 	DATA 	Keypress: 1
276.1352 	EXP 	unnamed TextStim: text = '+6'
276.6335 	DATA 	Sampled Response: 1, Outcome Shown: +6
276.8402 	DATA 	Keypress: 1
276.8462 	EXP 	unnamed TextStim: text = '+2'
277.3510 	DATA 	Sampled Response: 1, Outcome Shown: +2
277.5285 	DATA 	Keypress: 1
277.5353 	EXP 	unnamed TextStim: text = '+6'
278.0374 	DATA 	Sampled Response: 1, Outcome Shown: +6
278.2157 	DATA 	Keypress: 1
278.2245 	EXP 	unnamed TextStim: text = '+6'
278.7238 	DATA 	Sampled Response: 1, Outcome Shown: +6
278.8644 	DATA 	Keypress: 1
278.8751 	EXP 	unnamed TextStim: text = '+2'
279.3790 	DATA 	Sampled Response: 1, Outcome Shown: +2
279.3791 	DATA 	** broke sampling loop (<.5s left in trial) **
279.3800 	DATA 	samplingCount: 22
279.3800 	DATA 	Think Onset
279.3813 	EXP 	unnamed Rect: lineColor = 'white (named)'
279.3813 	EXP 	unnamed Rect: lineColor = 'white (named)'
279.5046 	DATA 	Keypress: 1
282.3878 	DATA 	Decide Onset
282.6954 	DATA 	Keypress: 2
282.6955 	DATA 	Decision Button Press: ['2']
282.6955 	DATA 	Decision Response: 2
282.6969 	EXP 	unnamed Rect: lineColor = 'red (named)'
283.2089 	DATA 	ITI Onset
283.2099 	EXP 	unnamed Rect: lineColor = 'white (named)'
283.2099 	EXP 	unnamed Rect: lineColor = 'white (named)'
283.2099 	EXP 	unnamed TextStim: text = '+2'
283.2099 	EXP 	unnamed TextStim: text = '+10'
286.2883 	DATA 	Trial End Time - totalITI: 3.07828824407
286.2886 	EXP 	New trial (rep=0, index=11): {'P1_1': '0.8', 'P1_2': '1', 'SafeOption': '2', 'P2_2': '0', 'O2_2': '0', 'O2_1': '-9', 'ProbNumber': 'MD9', 'O1_2': '5', 'O1_1': '8', 'EV2': '5', 'EV1': '4.6', 'ProbType': 'MD', 'P2_1': '0.2'}
286.2887 	DATA 	Trial Onset - ProblemType: MD, ProblemNumber: MD9, leftRight: 1, samplingDur: 15, assignedITI: 1.4961
286.2887 	DATA 	Sampling Onset
287.1714 	DATA 	Keypress: 1
287.1770 	EXP 	unnamed TextStim: text = '+5'
287.6779 	DATA 	Sampled Response: 2, Outcome Shown: +8
287.7878 	DATA 	Keypress: 2
287.7975 	EXP 	unnamed TextStim: text = '-9'
288.3019 	DATA 	Sampled Response: 1, Outcome Shown: +5
288.3613 	DATA 	Keypress: 1
288.3646 	EXP 	unnamed TextStim: text = '+5'
288.8635 	DATA 	Sampled Response: 2, Outcome Shown: +8
288.9386 	DATA 	Keypress: 2
288.9452 	EXP 	unnamed TextStim: text = '+8'
289.4562 	DATA 	Sampled Response: 1, Outcome Shown: +5
289.5281 	DATA 	Keypress: 1
289.5371 	EXP 	unnamed TextStim: text = '+5'
290.0490 	DATA 	Sampled Response: 2, Outcome Shown: +8
290.0650 	DATA 	Keypress: 2
290.0712 	EXP 	unnamed TextStim: text = '+8'
290.5794 	DATA 	Sampled Response: 1, Outcome Shown: +5
290.8894 	DATA 	Keypress: 1
290.8927 	EXP 	unnamed TextStim: text = '+5'
291.3905 	DATA 	Sampled Response: 2, Outcome Shown: +8
291.4186 	DATA 	Keypress: 2
291.4218 	EXP 	unnamed TextStim: text = '+8'
291.9210 	DATA 	Sampled Response: 1, Outcome Shown: +5
291.9766 	DATA 	Keypress: 1
291.9799 	EXP 	unnamed TextStim: text = '+5'
292.4825 	DATA 	Sampled Response: 2, Outcome Shown: -9
292.5113 	DATA 	Keypress: 2
292.5146 	EXP 	unnamed TextStim: text = '+8'
293.0129 	DATA 	Sampled Response: 1, Outcome Shown: +5
293.6188 	DATA 	Keypress: 1
293.6221 	EXP 	unnamed TextStim: text = '+5'
294.1205 	DATA 	Sampled Response: 2, Outcome Shown: +8
294.1207 	DATA 	Keypress: 2
294.5440 	DATA 	Keypress: 2
294.5473 	EXP 	unnamed TextStim: text = '+8'
295.0565 	DATA 	Sampled Response: 1, Outcome Shown: +5
295.1753 	DATA 	Keypress: 1
295.1787 	EXP 	unnamed TextStim: text = '+5'
295.6804 	DATA 	Sampled Response: 2, Outcome Shown: -9
295.8248 	DATA 	Keypress: 2
295.8281 	EXP 	unnamed TextStim: text = '+8'
296.3356 	DATA 	Sampled Response: 1, Outcome Shown: +5
296.4245 	DATA 	Keypress: 1
296.4279 	EXP 	unnamed TextStim: text = '+5'
296.9284 	DATA 	Sampled Response: 2, Outcome Shown: +8
297.0713 	DATA 	Keypress: 2
297.0779 	EXP 	unnamed TextStim: text = '-9'
297.5836 	DATA 	Sampled Response: 1, Outcome Shown: +5
297.6191 	DATA 	Keypress: 1
297.6225 	EXP 	unnamed TextStim: text = '+5'
298.1296 	DATA 	Sampled Response: 2, Outcome Shown: +8
298.1913 	DATA 	Keypress: 2
298.2007 	EXP 	unnamed TextStim: text = '+8'
298.7067 	DATA 	Sampled Response: 1, Outcome Shown: +5
300.7891 	DATA 	** broke sampling loop (<.5s left in trial) **
300.7903 	DATA 	samplingCount: 18
300.7903 	DATA 	Think Onset
300.7927 	EXP 	unnamed Rect: lineColor = 'white (named)'
300.7927 	EXP 	unnamed Rect: lineColor = 'white (named)'
303.7950 	DATA 	Decide Onset
304.2225 	DATA 	Keypress: 2
304.2226 	DATA 	Decision Button Press: ['2']
304.2226 	DATA 	Decision Response: 1
304.2240 	EXP 	unnamed Rect: lineColor = 'red (named)'
304.7354 	DATA 	ITI Onset
304.7364 	EXP 	unnamed Rect: lineColor = 'white (named)'
304.7364 	EXP 	unnamed Rect: lineColor = 'white (named)'
304.7364 	EXP 	unnamed TextStim: text = '+5'
304.7364 	EXP 	unnamed TextStim: text = '+8'
308.0044 	DATA 	Trial End Time - totalITI: 3.26766656514
308.0047 	EXP 	New trial (rep=0, index=12): {'P1_1': '0.2', 'P1_2': '1', 'SafeOption': '2', 'P2_2': '0', 'O2_2': '0', 'O2_1': '-7', 'ProbNumber': 'MD6', 'O1_2': '-2', 'O1_1': '24', 'EV2': '-2', 'EV1': '-0.8', 'ProbType': 'MD', 'P2_1': '0.8'}
308.0048 	DATA 	Trial Onset - ProblemType: MD, ProblemNumber: MD6, leftRight: 1, samplingDur: 15, assignedITI: 1.048
308.0048 	DATA 	Sampling Onset
308.7194 	DATA 	Keypress: 1
308.7253 	EXP 	unnamed TextStim: text = '-2'
309.2364 	DATA 	Sampled Response: 2, Outcome Shown: -7
309.3906 	DATA 	Keypress: 2
309.3986 	EXP 	unnamed TextStim: text = '-7'
309.9071 	DATA 	Sampled Response: 1, Outcome Shown: -2
310.1038 	DATA 	Keypress: 1
310.1070 	EXP 	unnamed TextStim: text = '-2'
310.6092 	DATA 	Sampled Response: 2, Outcome Shown: -7
310.7743 	DATA 	Keypress: 2
310.7804 	EXP 	unnamed TextStim: text = '-7'
311.2799 	DATA 	Sampled Response: 1, Outcome Shown: -2
311.4468 	DATA 	Keypress: 1
311.4526 	EXP 	unnamed TextStim: text = '-2'
311.9507 	DATA 	Sampled Response: 2, Outcome Shown: -7
312.1107 	DATA 	Keypress: 2
312.1169 	EXP 	unnamed TextStim: text = '+24'
312.6214 	DATA 	Sampled Response: 1, Outcome Shown: -2
312.9519 	DATA 	Keypress: 1
312.9552 	EXP 	unnamed TextStim: text = '-2'
313.4638 	DATA 	Sampled Response: 2, Outcome Shown: -7
313.4863 	DATA 	Keypress: 2
313.4943 	EXP 	unnamed TextStim: text = '-7'
313.9942 	DATA 	Sampled Response: 1, Outcome Shown: -2
314.0964 	DATA 	Keypress: 1
314.1024 	EXP 	unnamed TextStim: text = '-2'
314.6026 	DATA 	Sampled Response: 2, Outcome Shown: -7
314.6028 	DATA 	Keypress: 2
315.0868 	DATA 	Keypress: 2
315.0929 	EXP 	unnamed TextStim: text = '-7'
315.6010 	DATA 	Sampled Response: 1, Outcome Shown: -2
315.7278 	DATA 	Keypress: 1
315.7314 	EXP 	unnamed TextStim: text = '-2'
316.2405 	DATA 	Sampled Response: 2, Outcome Shown: -7
316.3108 	DATA 	Keypress: 2
316.3142 	EXP 	unnamed TextStim: text = '-7'
316.8177 	DATA 	Sampled Response: 1, Outcome Shown: -2
316.9194 	DATA 	Keypress: 1
316.9227 	EXP 	unnamed TextStim: text = '-2'
317.4261 	DATA 	Sampled Response: 2, Outcome Shown: +24
317.4303 	DATA 	Keypress: 2
317.4323 	EXP 	unnamed TextStim: text = '-7'
317.9408 	DATA 	Sampled Response: 1, Outcome Shown: -2
318.0063 	DATA 	Keypress: 1
318.0096 	EXP 	unnamed TextStim: text = '-2'
318.5180 	DATA 	Sampled Response: 2, Outcome Shown: -7
318.5443 	DATA 	Keypress: 2
318.5477 	EXP 	unnamed TextStim: text = '-7'
319.0484 	DATA 	Sampled Response: 1, Outcome Shown: -2
319.0881 	DATA 	Keypress: 1
319.0915 	EXP 	unnamed TextStim: text = '-2'
319.5944 	DATA 	Sampled Response: 2, Outcome Shown: -7
319.5946 	DATA 	Keypress: 2
320.1751 	DATA 	Keypress: 2
320.1784 	EXP 	unnamed TextStim: text = '-7'
320.6864 	DATA 	Sampled Response: 1, Outcome Shown: -2
321.1102 	DATA 	Keypress: 2
321.1135 	EXP 	unnamed TextStim: text = '-7'
321.6223 	DATA 	Sampled Response: 1, Outcome Shown: -2
322.1197 	DATA 	Keypress: 2
322.1230 	EXP 	unnamed TextStim: text = '-7'
322.6207 	DATA 	Sampled Response: 1, Outcome Shown: -2
322.6209 	DATA 	** broke sampling loop (<.5s left in trial) **
322.6217 	DATA 	samplingCount: 20
322.6217 	DATA 	Think Onset
322.6230 	EXP 	unnamed Rect: lineColor = 'white (named)'
322.6230 	EXP 	unnamed Rect: lineColor = 'white (named)'
325.6258 	DATA 	Decide Onset
325.9335 	DATA 	Keypress: 2
325.9336 	DATA 	Decision Button Press: ['2']
325.9337 	DATA 	Decision Response: 1
325.9350 	EXP 	unnamed Rect: lineColor = 'red (named)'
326.4491 	DATA 	ITI Onset
326.4500 	EXP 	unnamed Rect: lineColor = 'white (named)'
326.4500 	EXP 	unnamed Rect: lineColor = 'white (named)'
326.4500 	EXP 	unnamed TextStim: text = '-2'
326.4500 	EXP 	unnamed TextStim: text = '-7'
329.2758 	DATA 	Trial End Time - totalITI: 2.82388413259
329.2761 	EXP 	New trial (rep=0, index=13): {'P1_1': '0.7', 'P1_2': '1', 'SafeOption': '2', 'P2_2': '0', 'O2_2': '0', 'O2_1': '0', 'ProbNumber': 'SD5', 'O1_2': '-8', 'O1_1': '-10', 'EV2': '-8', 'EV1': '-7', 'ProbType': 'SD', 'P2_1': '0.3'}
329.2762 	DATA 	Trial Onset - ProblemType: SD, ProblemNumber: SD5, leftRight: 1, samplingDur: 17, assignedITI: 1.5966
329.2762 	DATA 	Sampling Onset
331.0169 	DATA 	Keypress: 1
331.0242 	EXP 	unnamed TextStim: text = '-8'
331.5280 	DATA 	Sampled Response: 2, Outcome Shown: -10
331.5283 	DATA 	Keypress: 2
332.0222 	DATA 	Keypress: 2
332.0298 	EXP 	unnamed TextStim: text = '-10'
332.5264 	DATA 	Sampled Response: 1, Outcome Shown: -8
332.6539 	DATA 	Keypress: 1
332.6599 	EXP 	unnamed TextStim: text = '-8'
333.1659 	DATA 	Sampled Response: 2, Outcome Shown: -10
333.2464 	DATA 	Keypress: 2
333.2565 	EXP 	unnamed TextStim: text = '0'
333.7587 	DATA 	Sampled Response: 1, Outcome Shown: -8
333.8627 	DATA 	Keypress: 1
333.8685 	EXP 	unnamed TextStim: text = '-8'
334.3671 	DATA 	Sampled Response: 2, Outcome Shown: -10
334.3855 	DATA 	Keypress: 2
334.3932 	EXP 	unnamed TextStim: text = '-10'
334.8975 	DATA 	Sampled Response: 1, Outcome Shown: -8
334.9019 	DATA 	Keypress: 1
334.9039 	EXP 	unnamed TextStim: text = '-8'
335.4123 	DATA 	Sampled Response: 2, Outcome Shown: 0
335.4125 	DATA 	Keypress: 2
335.8458 	DATA 	Keypress: 2
335.8519 	EXP 	unnamed TextStim: text = '0'
336.3638 	DATA 	Sampled Response: 1, Outcome Shown: -8
336.5273 	DATA 	Keypress: 1
336.5331 	EXP 	unnamed TextStim: text = '-8'
337.0346 	DATA 	Sampled Response: 2, Outcome Shown: 0
337.0348 	DATA 	Keypress: 2
337.4010 	DATA 	Keypress: 2
337.4043 	EXP 	unnamed TextStim: text = '0'
337.9082 	DATA 	Sampled Response: 1, Outcome Shown: -8
338.2773 	DATA 	Keypress: 2
338.2875 	EXP 	unnamed TextStim: text = '-10'
338.7974 	DATA 	Sampled Response: 1, Outcome Shown: -8
339.2075 	DATA 	Keypress: 2
339.2129 	EXP 	unnamed TextStim: text = '0'
339.7177 	DATA 	Sampled Response: 1, Outcome Shown: -8
340.0617 	DATA 	Keypress: 2
340.0746 	EXP 	unnamed TextStim: text = '-10'
340.5757 	DATA 	Sampled Response: 1, Outcome Shown: -8
340.9522 	DATA 	Keypress: 2
340.9574 	EXP 	unnamed TextStim: text = '0'
341.4649 	DATA 	Sampled Response: 1, Outcome Shown: -8
341.7673 	DATA 	Keypress: 2
341.7752 	EXP 	unnamed TextStim: text = '-10'
342.2760 	DATA 	Sampled Response: 1, Outcome Shown: -8
342.6217 	DATA 	Keypress: 2
342.6269 	EXP 	unnamed TextStim: text = '0'
343.1340 	DATA 	Sampled Response: 1, Outcome Shown: -8
343.5095 	DATA 	Keypress: 2
343.5179 	EXP 	unnamed TextStim: text = '0'
344.0232 	DATA 	Sampled Response: 1, Outcome Shown: -8
344.3529 	DATA 	Keypress: 2
344.3609 	EXP 	unnamed TextStim: text = '-10'
344.8656 	DATA 	Sampled Response: 1, Outcome Shown: -8
345.7791 	DATA 	** broke sampling loop (<.5s left in trial) **
345.7799 	DATA 	samplingCount: 18
345.7799 	DATA 	Think Onset
345.7850 	EXP 	unnamed Rect: lineColor = 'white (named)'
345.7850 	EXP 	unnamed Rect: lineColor = 'white (named)'
348.7862 	DATA 	Decide Onset
349.3405 	DATA 	Keypress: 2
349.3406 	DATA 	Decision Button Press: ['2']
349.3406 	DATA 	Decision Response: 1
349.3420 	EXP 	unnamed Rect: lineColor = 'red (named)'
349.8515 	DATA 	ITI Onset
349.8525 	EXP 	unnamed Rect: lineColor = 'white (named)'
349.8525 	EXP 	unnamed Rect: lineColor = 'white (named)'
349.8525 	EXP 	unnamed TextStim: text = '-8'
349.8525 	EXP 	unnamed TextStim: text = '-10'
353.0920 	DATA 	Trial End Time - totalITI: 3.2391337151
353.0923 	EXP 	New trial (rep=0, index=14): {'P1_1': '0.3', 'P1_2': '0.5', 'SafeOption': '1', 'P2_2': '0.5', 'O2_2': '30', 'O2_1': '15', 'ProbNumber': 'RR4', 'O1_2': '-8', 'O1_1': '5', 'EV2': '11', 'EV1': '12', 'ProbType': 'RR', 'P2_1': '0.7'}
353.0924 	DATA 	Trial Onset - ProblemType: RR, ProblemNumber: RR4, leftRight: 0, samplingDur: 19, assignedITI: 1.7267
353.0924 	DATA 	Sampling Onset
353.6927 	DATA 	Keypress: 1
354.1999 	DATA 	Keypress: 1
354.2055 	EXP 	unnamed TextStim: text = '+5'
354.7088 	DATA 	Sampled Response: 1, Outcome Shown: +5
354.8693 	DATA 	Keypress: 2
354.8783 	EXP 	unnamed TextStim: text = '-8'
355.3796 	DATA 	Sampled Response: 2, Outcome Shown: -8
355.6046 	DATA 	Keypress: 1
355.6078 	EXP 	unnamed TextStim: text = '+5'
356.1128 	DATA 	Sampled Response: 1, Outcome Shown: +5
356.2627 	DATA 	Keypress: 2
356.2686 	EXP 	unnamed TextStim: text = '-8'
356.7679 	DATA 	Sampled Response: 2, Outcome Shown: -8
356.9271 	DATA 	Keypress: 1
356.9327 	EXP 	unnamed TextStim: text = '+5'
357.4387 	DATA 	Sampled Response: 1, Outcome Shown: +5
357.5964 	DATA 	Keypress: 2
357.6074 	EXP 	unnamed TextStim: text = '+30'
358.1095 	DATA 	Sampled Response: 2, Outcome Shown: +30
358.1676 	DATA 	Keypress: 1
358.1755 	EXP 	unnamed TextStim: text = '+15'
358.6867 	DATA 	Sampled Response: 1, Outcome Shown: +15
358.7022 	DATA 	Keypress: 2
358.7058 	EXP 	unnamed TextStim: text = '+30'
359.2171 	DATA 	Sampled Response: 2, Outcome Shown: +30
359.2943 	DATA 	Keypress: 1
359.3006 	EXP 	unnamed TextStim: text = '+15'
359.8098 	DATA 	Sampled Response: 1, Outcome Shown: +15
359.8101 	DATA 	Keypress: 2
360.2603 	DATA 	Keypress: 2
360.2725 	EXP 	unnamed TextStim: text = '-8'
360.7770 	DATA 	Sampled Response: 2, Outcome Shown: -8
360.7772 	DATA 	Keypress: 1
361.2782 	DATA 	Keypress: 1
361.2842 	EXP 	unnamed TextStim: text = '+15'
361.7909 	DATA 	Sampled Response: 1, Outcome Shown: +15
361.9245 	DATA 	Keypress: 2
361.9305 	EXP 	unnamed TextStim: text = '+30'
362.4306 	DATA 	Sampled Response: 2, Outcome Shown: +30
362.4860 	DATA 	Keypress: 1
362.4916 	EXP 	unnamed TextStim: text = '+5'
362.9921 	DATA 	Sampled Response: 1, Outcome Shown: +5
363.1495 	DATA 	Keypress: 2
363.1561 	EXP 	unnamed TextStim: text = '-8'
363.6629 	DATA 	Sampled Response: 2, Outcome Shown: -8
363.7085 	DATA 	Keypress: 1
363.7164 	EXP 	unnamed TextStim: text = '+15'
364.2245 	DATA 	Sampled Response: 1, Outcome Shown: +15
364.2841 	DATA 	Keypress: 2
364.2927 	EXP 	unnamed TextStim: text = '+30'
364.8017 	DATA 	Sampled Response: 2, Outcome Shown: +30
364.9087 	DATA 	Keypress: 1
364.9173 	EXP 	unnamed TextStim: text = '+15'
365.4256 	DATA 	Sampled Response: 1, Outcome Shown: +15
365.4258 	DATA 	Keypress: 2
365.9095 	DATA 	Keypress: 2
365.9153 	EXP 	unnamed TextStim: text = '+30'
366.4240 	DATA 	Sampled Response: 2, Outcome Shown: +30
366.8122 	DATA 	Keypress: 2
366.8213 	EXP 	unnamed TextStim: text = '-8'
367.3288 	DATA 	Sampled Response: 2, Outcome Shown: -8
367.7257 	DATA 	Keypress: 2
367.7318 	EXP 	unnamed TextStim: text = '+30'
368.2336 	DATA 	Sampled Response: 2, Outcome Shown: +30
368.6204 	DATA 	Keypress: 2
368.6237 	EXP 	unnamed TextStim: text = '+30'
369.1227 	DATA 	Sampled Response: 2, Outcome Shown: +30
369.4703 	DATA 	Keypress: 2
369.4736 	EXP 	unnamed TextStim: text = '+30'
369.9807 	DATA 	Sampled Response: 2, Outcome Shown: +30
370.3516 	DATA 	Keypress: 2
370.3583 	EXP 	unnamed TextStim: text = '-8'
370.8699 	DATA 	Sampled Response: 2, Outcome Shown: -8
371.5928 	DATA 	** broke sampling loop (<.5s left in trial) **
371.5938 	DATA 	samplingCount: 23
371.5938 	DATA 	Think Onset
371.5987 	EXP 	unnamed Rect: lineColor = 'white (named)'
371.5987 	EXP 	unnamed Rect: lineColor = 'white (named)'
374.6002 	DATA 	Decide Onset
375.0274 	DATA 	Keypress: 2
375.0275 	DATA 	Decision Button Press: ['2']
375.0276 	DATA 	Decision Response: 2
375.0289 	EXP 	unnamed Rect: lineColor = 'red (named)'
375.5432 	DATA 	ITI Onset
375.5443 	EXP 	unnamed Rect: lineColor = 'white (named)'
375.5443 	EXP 	unnamed Rect: lineColor = 'white (named)'
375.5443 	EXP 	unnamed TextStim: text = '+15'
375.5443 	EXP 	unnamed TextStim: text = '-8'
379.0441 	DATA 	Trial End Time - totalITI: 3.49866992787
379.0444 	EXP 	New trial (rep=0, index=15): {'P1_1': '0.8', 'P1_2': '1', 'SafeOption': '2', 'P2_2': '0', 'O2_2': '0', 'O2_1': '0', 'ProbNumber': 'SD4', 'O1_2': '-3', 'O1_1': '-4', 'EV2': '-3', 'EV1': '-3.2', 'ProbType': 'SD', 'P2_1': '0.2'}
379.0445 	DATA 	Trial Onset - ProblemType: SD, ProblemNumber: SD4, leftRight: 1, samplingDur: 16, assignedITI: 1.3679
379.0445 	DATA 	Sampling Onset
379.9411 	DATA 	Keypress: 1
379.9467 	EXP 	unnamed TextStim: text = '-3'
380.4479 	DATA 	Sampled Response: 2, Outcome Shown: -4
380.6617 	DATA 	Keypress: 2
380.6677 	EXP 	unnamed TextStim: text = '-4'
381.1655 	DATA 	Sampled Response: 1, Outcome Shown: -3
381.3086 	DATA 	Keypress: 1
381.3144 	EXP 	unnamed TextStim: text = '-3'
381.8207 	DATA 	Sampled Response: 2, Outcome Shown: -4
381.9673 	DATA 	Keypress: 2
381.9706 	EXP 	unnamed TextStim: text = '-4'
382.4759 	DATA 	Sampled Response: 1, Outcome Shown: -3
382.6032 	DATA 	Keypress: 1
382.6093 	EXP 	unnamed TextStim: text = '-3'
383.1154 	DATA 	Sampled Response: 2, Outcome Shown: -4
383.2203 	DATA 	Keypress: 2
383.2256 	EXP 	unnamed TextStim: text = '0'
383.7238 	DATA 	Sampled Response: 1, Outcome Shown: -3
383.9172 	DATA 	Keypress: 1
383.9205 	EXP 	unnamed TextStim: text = '-3'
384.4258 	DATA 	Sampled Response: 2, Outcome Shown: -4
384.5827 	DATA 	Keypress: 2
384.5885 	EXP 	unnamed TextStim: text = '-4'
385.0966 	DATA 	Sampled Response: 1, Outcome Shown: -3
385.2913 	DATA 	Keypress: 1
385.2998 	EXP 	unnamed TextStim: text = '-3'
385.7985 	DATA 	Sampled Response: 2, Outcome Shown: 0
385.8118 	DATA 	Keypress: 2
385.8208 	EXP 	unnamed TextStim: text = '-4'
386.3289 	DATA 	Sampled Response: 1, Outcome Shown: -3
386.4693 	DATA 	Keypress: 1
386.4728 	EXP 	unnamed TextStim: text = '-3'
386.9841 	DATA 	Sampled Response: 2, Outcome Shown: -4
386.9988 	DATA 	Keypress: 2
387.0020 	EXP 	unnamed TextStim: text = '-4'
387.4989 	DATA 	Sampled Response: 1, Outcome Shown: -3
387.5812 	DATA 	Keypress: 1
387.5845 	EXP 	unnamed TextStim: text = '-3'
388.0917 	DATA 	Sampled Response: 2, Outcome Shown: -4
388.1003 	DATA 	Keypress: 2
388.1036 	EXP 	unnamed TextStim: text = '-4'
388.6064 	DATA 	Sampled Response: 1, Outcome Shown: -3
388.6434 	DATA 	Keypress: 1
388.6495 	EXP 	unnamed TextStim: text = '-3'
389.1524 	DATA 	Sampled Response: 2, Outcome Shown: 0
389.1526 	DATA 	Keypress: 2
389.6211 	DATA 	Keypress: 2
389.6245 	EXP 	unnamed TextStim: text = '-4'
390.1352 	DATA 	Sampled Response: 1, Outcome Shown: -3
390.2682 	DATA 	Keypress: 1
390.2715 	EXP 	unnamed TextStim: text = '-3'
390.7748 	DATA 	Sampled Response: 2, Outcome Shown: -4
390.9410 	DATA 	Keypress: 2
390.9442 	EXP 	unnamed TextStim: text = '-4'
391.4455 	DATA 	Sampled Response: 1, Outcome Shown: -3
391.5887 	DATA 	Keypress: 1
391.5920 	EXP 	unnamed TextStim: text = '-3'
392.1007 	DATA 	Sampled Response: 2, Outcome Shown: 0
392.1663 	DATA 	Keypress: 2
392.1713 	EXP 	unnamed TextStim: text = '0'
392.6779 	DATA 	Sampled Response: 1, Outcome Shown: -3
393.3174 	DATA 	Keypress: 2
393.3231 	EXP 	unnamed TextStim: text = '-4'
393.8323 	DATA 	Sampled Response: 1, Outcome Shown: -3
394.1237 	DATA 	Keypress: 2
394.1269 	EXP 	unnamed TextStim: text = '-4'
394.6278 	DATA 	Sampled Response: 1, Outcome Shown: -3
394.6280 	DATA 	** broke sampling loop (<.5s left in trial) **
394.6289 	DATA 	samplingCount: 22
394.6289 	DATA 	Think Onset
394.6302 	EXP 	unnamed Rect: lineColor = 'white (named)'
394.6302 	EXP 	unnamed Rect: lineColor = 'white (named)'
397.6365 	DATA 	Decide Onset
398.0024 	DATA 	Keypress: 2
398.0025 	DATA 	Decision Button Press: ['2']
398.0025 	DATA 	Decision Response: 1
398.0039 	EXP 	unnamed Rect: lineColor = 'red (named)'
398.5191 	DATA 	ITI Onset
398.5201 	EXP 	unnamed Rect: lineColor = 'white (named)'
398.5201 	EXP 	unnamed Rect: lineColor = 'white (named)'
398.5201 	EXP 	unnamed TextStim: text = '-3'
398.5201 	EXP 	unnamed TextStim: text = '-4'
401.6415 	DATA 	Trial End Time - totalITI: 3.1182090063
401.6417 	EXP 	New trial (rep=0, index=16): {'P1_1': '0.6', 'P1_2': '1', 'SafeOption': '2', 'P2_2': '0', 'O2_2': '0', 'O2_1': '-12', 'ProbNumber': 'MD12', 'O1_2': '12', 'O1_1': '30', 'EV2': '12', 'EV1': '13.2', 'ProbType': 'MD', 'P2_1': '0.4'}
401.6419 	DATA 	Trial Onset - ProblemType: MD, ProblemNumber: MD12, leftRight: 0, samplingDur: 15, assignedITI: 2.4102
401.6419 	DATA 	Sampling Onset
402.1561 	DATA 	Keypress: 1
402.1625 	EXP 	unnamed TextStim: text = '+30'
402.6616 	DATA 	Sampled Response: 1, Outcome Shown: +30
402.8832 	DATA 	Keypress: 2
402.8936 	EXP 	unnamed TextStim: text = '+12'
403.3947 	DATA 	Sampled Response: 2, Outcome Shown: +12
403.6503 	DATA 	Keypress: 1
403.6564 	EXP 	unnamed TextStim: text = '+30'
404.1591 	DATA 	Sampled Response: 1, Outcome Shown: +30
404.5080 	DATA 	Keypress: 2
404.5137 	EXP 	unnamed TextStim: text = '+12'
405.0171 	DATA 	Sampled Response: 2, Outcome Shown: +12
405.3247 	DATA 	Keypress: 1
405.3305 	EXP 	unnamed TextStim: text = '+30'
405.8283 	DATA 	Sampled Response: 1, Outcome Shown: +30
406.0307 	DATA 	Keypress: 2
406.0340 	EXP 	unnamed TextStim: text = '+12'
406.5458 	DATA 	Sampled Response: 2, Outcome Shown: +12
406.8587 	DATA 	Keypress: 1
406.8644 	EXP 	unnamed TextStim: text = '+30'
407.3726 	DATA 	Sampled Response: 1, Outcome Shown: +30
407.6352 	DATA 	Keypress: 2
407.6385 	EXP 	unnamed TextStim: text = '+12'
408.1370 	DATA 	Sampled Response: 2, Outcome Shown: +12
408.3145 	DATA 	Keypress: 1
408.3248 	EXP 	unnamed TextStim: text = '-12'
408.8234 	DATA 	Sampled Response: 1, Outcome Shown: -12
409.0035 	DATA 	Keypress: 2
409.0068 	EXP 	unnamed TextStim: text = '+12'
409.5097 	DATA 	Sampled Response: 2, Outcome Shown: +12
409.6360 	DATA 	Keypress: 1
409.6422 	EXP 	unnamed TextStim: text = '+30'
410.1493 	DATA 	Sampled Response: 1, Outcome Shown: +30
411.1329 	DATA 	Keypress: 2
411.1362 	EXP 	unnamed TextStim: text = '+12'
411.6469 	DATA 	Sampled Response: 2, Outcome Shown: +12
412.3067 	DATA 	Keypress: 2
412.3151 	EXP 	unnamed TextStim: text = '+12'
412.8168 	DATA 	Sampled Response: 2, Outcome Shown: +12
413.2025 	DATA 	Keypress: 2
413.2059 	EXP 	unnamed TextStim: text = '+12'
413.7060 	DATA 	Sampled Response: 2, Outcome Shown: +12
414.0299 	DATA 	Keypress: 2
414.0332 	EXP 	unnamed TextStim: text = '+12'
414.5328 	DATA 	Sampled Response: 2, Outcome Shown: +12
414.9223 	DATA 	Keypress: 2
414.9256 	EXP 	unnamed TextStim: text = '+12'
415.4375 	DATA 	Sampled Response: 2, Outcome Shown: +12
415.6590 	DATA 	Keypress: 2
415.6647 	EXP 	unnamed TextStim: text = '+12'
416.1707 	DATA 	Sampled Response: 2, Outcome Shown: +12
416.1709 	DATA 	** broke sampling loop (<.5s left in trial) **
416.1717 	DATA 	samplingCount: 17
416.1717 	DATA 	Think Onset
416.1729 	EXP 	unnamed Rect: lineColor = 'white (named)'
416.1729 	EXP 	unnamed Rect: lineColor = 'white (named)'
419.1761 	DATA 	Decide Onset
419.4655 	DATA 	Keypress: 1
419.4656 	DATA 	Decision Button Press: ['1']
419.4656 	DATA 	Decision Response: 1
419.4669 	EXP 	unnamed Rect: lineColor = 'red (named)'
419.9856 	DATA 	ITI Onset
419.9865 	EXP 	unnamed Rect: lineColor = 'white (named)'
419.9865 	EXP 	unnamed Rect: lineColor = 'white (named)'
419.9865 	EXP 	unnamed TextStim: text = '+30'
419.9865 	EXP 	unnamed TextStim: text = '+12'
424.2802 	DATA 	Trial End Time - totalITI: 4.29153627827
424.2804 	EXP 	New trial (rep=0, index=17): {'P1_1': '0.8', 'P1_2': '0.6', 'SafeOption': '1', 'P2_2': '0.4', 'O2_2': '18', 'O2_1': '10', 'ProbNumber': 'RR9', 'O1_2': '-4', 'O1_1': '2', 'EV2': '4.8', 'EV1': '3.6', 'ProbType': 'RR', 'P2_1': '0.2'}
424.2805 	DATA 	Trial Onset - ProblemType: RR, ProblemNumber: RR9, leftRight: 0, samplingDur: 15, assignedITI: 1.0587
424.2805 	DATA 	Sampling Onset
425.2825 	DATA 	Keypress: 1
425.2884 	EXP 	unnamed TextStim: text = '+2'
425.7956 	DATA 	Sampled Response: 1, Outcome Shown: +2
426.0497 	DATA 	Keypress: 2
426.0594 	EXP 	unnamed TextStim: text = '+18'
426.5599 	DATA 	Sampled Response: 2, Outcome Shown: +18
426.7634 	DATA 	Keypress: 1
426.7713 	EXP 	unnamed TextStim: text = '+10'
427.2775 	DATA 	Sampled Response: 1, Outcome Shown: +10
427.4577 	DATA 	Keypress: 2
427.4638 	EXP 	unnamed TextStim: text = '-4'
427.9639 	DATA 	Sampled Response: 2, Outcome Shown: -4
428.1139 	DATA 	Keypress: 1
428.1194 	EXP 	unnamed TextStim: text = '+2'
428.6191 	DATA 	Sampled Response: 1, Outcome Shown: +2
428.7701 	DATA 	Keypress: 2
428.7772 	EXP 	unnamed TextStim: text = '+18'
429.2743 	DATA 	Sampled Response: 2, Outcome Shown: +18
429.6297 	DATA 	Keypress: 1
429.6375 	EXP 	unnamed TextStim: text = '+10'
430.1478 	DATA 	Sampled Response: 1, Outcome Shown: +10
430.3716 	DATA 	Keypress: 2
430.3748 	EXP 	unnamed TextStim: text = '+18'
430.8810 	DATA 	Sampled Response: 2, Outcome Shown: +18
431.0983 	DATA 	Keypress: 1
431.1016 	EXP 	unnamed TextStim: text = '+10'
431.5986 	DATA 	Sampled Response: 1, Outcome Shown: +10
431.7817 	DATA 	Keypress: 2
431.7875 	EXP 	unnamed TextStim: text = '-4'
432.2850 	DATA 	Sampled Response: 2, Outcome Shown: -4
432.4890 	DATA 	Keypress: 1
432.4976 	EXP 	unnamed TextStim: text = '+2'
433.0025 	DATA 	Sampled Response: 1, Outcome Shown: +2
433.1868 	DATA 	Keypress: 2
433.1940 	EXP 	unnamed TextStim: text = '+18'
433.7045 	DATA 	Sampled Response: 2, Outcome Shown: +18
438.7828 	DATA 	** broke sampling loop (<.5s left in trial) **
438.7837 	DATA 	samplingCount: 12
438.7837 	DATA 	Think Onset
438.7863 	EXP 	unnamed Rect: lineColor = 'white (named)'
438.7863 	EXP 	unnamed Rect: lineColor = 'white (named)'
441.7892 	DATA 	Decide Onset
443.1285 	DATA 	Keypress: 2
443.1285 	DATA 	Decision Button Press: ['2']
443.1286 	DATA 	Decision Response: 2
443.1301 	EXP 	unnamed Rect: lineColor = 'red (named)'
443.6492 	DATA 	ITI Onset
443.6502 	EXP 	unnamed Rect: lineColor = 'white (named)'
443.6502 	EXP 	unnamed Rect: lineColor = 'white (named)'
443.6502 	EXP 	unnamed TextStim: text = '+2'
443.6502 	EXP 	unnamed TextStim: text = '+18'
445.5677 	DATA 	Trial End Time - totalITI: 1.91693046601
445.6818 	INFO 	saved wide-format data to logs/DE213/DE213_ebdm_run_1.csv
445.6819 	DATA 	*****END RUN 1*****
445.7483 	EXP 	window1: mouseVisible = True
