8.2113 	INFO 	Loaded monitor calibration from ['2018_11_08 16:38']
8.2133 	WARNING 	User requested fullscreen with size [800 600], but screen is actually [1920, 1080]. Using actual size
8.9961 	EXP 	Created window1 = Window(allowGUI=False, allowStencil=False, args=UNKNOWN, autoLog=True, bitsMode=UNKNOWN, blendMode='avg', color='black', colorSpace='named', fullscr=UNKNOWN, gamma=None, kwargs=UNKNOWN, lms=UNKNOWN, monitor=<psychopy.monitors.calibTools.Monitor object at 0x1C7BC110>, multiSample=False, name='window1', numSamples=2, pos=[0, 0], screen=0, size=array([1920, 1080]), stereo=False, units='deg', useFBO=False, useRetina=False, viewOri=0.0, viewPos=None, viewScale=None, waitBlanking=True, winType='pyglet')
9.0463 	EXP 	Created unnamed TextStim = TextStim(alignHoriz='center', alignVert='center', antialias=True, autoLog=True, bold=False, color=array([ 1.,  1.,  1.]), colorSpace='rgb', contrast=1.0, depth=0, flipHoriz=False, flipVert=False, font='', fontFiles=[], height=2, italic=False, name='unnamed TextStim', opacity=1.0, ori=0.0, pos=array([ 0.,  0.]), rgb=array([ 1.,  1.,  1.]), text='+', units='deg', win=Window(...), wrapWidth=15.0)
9.0859 	EXP 	Created unnamed TextStim = TextStim(alignHoriz='center', alignVert='center', antialias=True, autoLog=True, bold=False, color=array([ 1.,  1.,  1.]), colorSpace='rgb', contrast=1.0, depth=0, flipHoriz=False, flipVert=False, font='', fontFiles=[], height=1.5, italic=False, name='unnamed TextStim', opacity=1.0, ori=0.0, pos=array([ 0.,  0.]), rgb=array([ 1.,  1.,  1.]), text=newstr(...), units='deg', win=Window(...), wrapWidth=15.0)
9.1031 	EXP 	Created unnamed TextStim = TextStim(alignHoriz='center', alignVert='center', antialias=True, autoLog=True, bold=False, color=array([ 1.,  1.,  1.]), colorSpace='rgb', contrast=1.0, depth=0, flipHoriz=False, flipVert=False, font='', fontFiles=[], height=1.5, italic=False, name='unnamed TextStim', opacity=1.0, ori=0.0, pos=array([ 0.,  0.]), rgb=array([ 1.,  1.,  1.]), text='Waiting for scanner...', units='deg', win=Window(...), wrapWidth=15.0)
9.1237 	EXP 	Created unnamed TextStim = TextStim(alignHoriz='center', alignVert='center', antialias=True, autoLog=True, bold=False, color='white', colorSpace='named', contrast=1.0, depth=0, flipHoriz=False, flipVert=False, font='', fontFiles=[], height=1, italic=False, name='unnamed TextStim', opacity=1.0, ori=0.0, pos=array([ 0.,  0.]), rgb=array([ 255.,  255.,  255.]), text='Press SPACE to continue.', units='deg', win=Window(...), wrapWidth=15.0)
9.1343 	EXP 	Created unnamed TextStim = TextStim(alignHoriz='center', alignVert='center', antialias=True, autoLog=True, bold=False, color=array([ 1.,  1.,  1.]), colorSpace='rgb', contrast=1.0, depth=0, flipHoriz=False, flipVert=False, font='', fontFiles=[], height=0.1, italic=False, name='unnamed TextStim', opacity=1.0, ori=0.0, pos=array([ 0.,  0.]), rgb=array([ 1.,  1.,  1.]), text='THINK', units='norm', win=Window(...), wrapWidth=1)
9.1420 	EXP 	Created unnamed TextStim = TextStim(alignHoriz='center', alignVert='center', antialias=True, autoLog=True, bold=False, color=array([ 1.,  1.,  1.]), colorSpace='rgb', contrast=1.0, depth=0, flipHoriz=False, flipVert=False, font='', fontFiles=[], height=0.1, italic=False, name='unnamed TextStim', opacity=1.0, ori=0.0, pos=array([ 0.,  0.]), rgb=array([ 1.,  1.,  1.]), text='DECIDE', units='norm', win=Window(...), wrapWidth=1)
9.1474 	EXP 	<method-wrapper '__getattribute__' of attributeSetter object at 0x0575D250>: vertices = array([[-0.275     ,  0.48888889],
       [ 0.275     ,  0.48888889],
       [ 0.275     , -0.48888889],
       [-0.275     , -0.48888889]])
9.1481 	EXP 	Created unnamed Rect = Rect(autoDraw=False, autoLog=True, closeShape=True, contrast=1.0, depth=0, fillColor=None, fillColorSpace='rgb', fillRGB=None, interpolate=True, lineColor='white', lineColorSpace='named', lineRGB=array([ 255.,  255.,  255.]), lineWidth=3.5, name='unnamed Rect', opacity=1.0, ori=array(0.0), pos=array([-0.5125    , -0.09444444]), size=array([ 1.,  1.]), units='norm', vertices=ndarray(...), win=Window(...))
9.1484 	EXP 	<method-wrapper '__getattribute__' of attributeSetter object at 0x0575D250>: vertices = array([[-0.275     ,  0.48888889],
       [ 0.275     ,  0.48888889],
       [ 0.275     , -0.48888889],
       [-0.275     , -0.48888889]])
9.1490 	EXP 	Created unnamed Rect = Rect(autoDraw=False, autoLog=True, closeShape=True, contrast=1.0, depth=0, fillColor=None, fillColorSpace='rgb', fillRGB=None, interpolate=True, lineColor='white', lineColorSpace='named', lineRGB=array([ 255.,  255.,  255.]), lineWidth=3.5, name='unnamed Rect', opacity=1.0, ori=array(0.0), pos=array([ 0.4875    , -0.09444444]), size=array([ 1.,  1.]), units='norm', vertices=ndarray(...), win=Window(...))
9.1714 	EXP 	Created unnamed TextStim = TextStim(alignHoriz='center', alignVert='center', antialias=True, autoLog=True, bold=False, color=array([ 1.,  1.,  1.]), colorSpace='rgb', contrast=1.0, depth=0, flipHoriz=False, flipVert=False, font='', fontFiles=[], height=0.2, italic=False, name='unnamed TextStim', opacity=1.0, ori=0.0, pos=array([-0.5125    , -0.09444444]), rgb=array([ 1.,  1.,  1.]), text='Hello World', units='norm', win=Window(...), wrapWidth=1)
9.1797 	EXP 	Created unnamed TextStim = TextStim(alignHoriz='center', alignVert='center', antialias=True, autoLog=True, bold=False, color=array([ 1.,  1.,  1.]), colorSpace='rgb', contrast=1.0, depth=0, flipHoriz=False, flipVert=False, font='', fontFiles=[], height=0.2, italic=False, name='unnamed TextStim', opacity=1.0, ori=0.0, pos=array([ 0.4875    , -0.09444444]), rgb=array([ 1.,  1.,  1.]), text='Hello World', units='norm', win=Window(...), wrapWidth=1)
9.1966 	EXP 	Created unnamed TextStim = TextStim(alignHoriz='center', alignVert='center', antialias=True, autoLog=True, bold=False, color=array([ 1.,  1.,  1.]), colorSpace='rgb', contrast=1.0, depth=0, flipHoriz=False, flipVert=False, font='', fontFiles=[], height=0.1, italic=False, name='unnamed TextStim', opacity=1.0, ori=0.0, pos=array([-0.5125    , -0.82777778]), rgb=array([ 1.,  1.,  1.]), text='Press 1', units='norm', win=Window(...), wrapWidth=1)
9.2043 	EXP 	Created unnamed TextStim = TextStim(alignHoriz='center', alignVert='center', antialias=True, autoLog=True, bold=False, color=array([ 1.,  1.,  1.]), colorSpace='rgb', contrast=1.0, depth=0, flipHoriz=False, flipVert=False, font='', fontFiles=[], height=0.1, italic=False, name='unnamed TextStim', opacity=1.0, ori=0.0, pos=array([ 0.4875    , -0.82777778]), rgb=array([ 1.,  1.,  1.]), text='Press 2', units='norm', win=Window(...), wrapWidth=1)
9.2344 	EXP 	Created unnamed ImageStim = ImageStim(autoLog=True, color=array([ 1.,  1.,  1.]), colorSpace='rgb', contrast=1.0, depth=0, flipHoriz=False, flipVert=False, image=str(...), interpolate=False, mask=None, maskParams=None, name='unnamed ImageStim', opacity=1.0, ori=0.0, pos=array([ 0.,  0.]), size=array([ 1.35416667,  1.3537037 ]), texRes=128, units='norm', win=Window(...))
9.2634 	EXP 	Created unnamed ImageStim = ImageStim(autoLog=True, color=array([ 1.,  1.,  1.]), colorSpace='rgb', contrast=1.0, depth=0, flipHoriz=False, flipVert=False, image=str(...), interpolate=False, mask=None, maskParams=None, name='unnamed ImageStim', opacity=1.0, ori=0.0, pos=array([ 0.,  0.]), size=array([ 1.35416667,  1.3537037 ]), texRes=128, units='norm', win=Window(...))
9.2982 	EXP 	Created unnamed ImageStim = ImageStim(autoLog=True, color=array([ 1.,  1.,  1.]), colorSpace='rgb', contrast=1.0, depth=0, flipHoriz=False, flipVert=False, image=str(...), interpolate=False, mask=None, maskParams=None, name='unnamed ImageStim', opacity=1.0, ori=0.0, pos=array([ 0.,  0.]), size=array([ 1.35416667,  1.3537037 ]), texRes=128, units='norm', win=Window(...))
9.3855 	EXP 	Created unnamed ImageStim = ImageStim(autoLog=True, color=array([ 1.,  1.,  1.]), colorSpace='rgb', contrast=1.0, depth=0, flipHoriz=False, flipVert=False, image=str(...), interpolate=False, mask=None, maskParams=None, name='unnamed ImageStim', opacity=1.0, ori=0.0, pos=array([ 0.,  0.]), size=array([ 1.35416667,  1.3537037 ]), texRes=128, units='norm', win=Window(...))
9.3863 	EXP 	Created sequence: sequential, trialTypes=18, nReps=1, seed=None
9.5251 	DEBUG 	Using C:\Users\tug39124\Documents\DEGAP_Liz\SamplingMachine_bPilotv2.py as origin file
9.5257 	EXP 	Created sequence: sequential, trialTypes=18, nReps=1, seed=None
9.5262 	DEBUG 	Using C:\Users\tug39124\Documents\DEGAP_Liz\SamplingMachine_bPilotv2.py as origin file
0.0147 	DATA 	** START RUN 1 **
6.9729 	DATA 	Keypress: space
14.6530 	DATA 	Keypress: space
16.5969 	DATA 	Keypress: space
18.4449 	DATA 	Keypress: space
18.4453 	EXP 	New trial (rep=0, index=0): {'P1_1': '0.7', 'P1_2': '0.1', 'SafeOption': '1', 'P2_2': '0.9', 'O2_2': '30', 'O2_1': '38', 'ProbNumber': 'RR11', 'O1_2': '-10', 'O1_1': '22', 'EV2': '26', 'EV1': '26.8', 'ProbType': 'RR', 'P2_1': '0.3'}
18.4455 	DATA 	Trial Onset - ProblemType: RR, ProblemNumber: RR11, leftRight: 0, samplingDur: 15, assignedITI: 1.5966
18.4455 	DATA 	Sampling Onset
19.9003 	DATA 	Keypress: 1
19.9166 	EXP 	unnamed TextStim: text = '+38'
20.4282 	DATA 	Sampled Response: 1, Outcome Shown: +38
20.7011 	DATA 	Keypress: 2
20.7333 	EXP 	unnamed TextStim: text = '+30'
21.2432 	DATA 	Sampled Response: 2, Outcome Shown: +30
21.5167 	DATA 	Keypress: 1
21.5333 	EXP 	unnamed TextStim: text = '+38'
22.0431 	DATA 	Sampled Response: 1, Outcome Shown: +38
22.1335 	DATA 	Keypress: 2
22.1497 	EXP 	unnamed TextStim: text = '+30'
22.6557 	DATA 	Sampled Response: 2, Outcome Shown: +30
22.8000 	DATA 	Keypress: 1
22.8165 	EXP 	unnamed TextStim: text = '+22'
23.3282 	DATA 	Sampled Response: 1, Outcome Shown: +22
23.5331 	DATA 	Keypress: 2
23.5496 	EXP 	unnamed TextStim: text = '+30'
24.0510 	DATA 	Sampled Response: 2, Outcome Shown: +30
24.1829 	DATA 	Keypress: 1
24.1995 	EXP 	unnamed TextStim: text = '+22'
24.7093 	DATA 	Sampled Response: 1, Outcome Shown: +22
24.7831 	DATA 	Keypress: 2
24.7994 	EXP 	unnamed TextStim: text = '+30'
25.3039 	DATA 	Sampled Response: 2, Outcome Shown: +30
25.3493 	DATA 	Keypress: 1
25.3658 	EXP 	unnamed TextStim: text = '+22'
25.8689 	DATA 	Sampled Response: 1, Outcome Shown: +22
25.9170 	DATA 	Keypress: 2
25.9493 	EXP 	unnamed TextStim: text = '+30'
26.4490 	DATA 	Sampled Response: 2, Outcome Shown: +30
26.4494 	DATA 	Keypress: 1
27.9326 	DATA 	Keypress: 1
27.9492 	EXP 	unnamed TextStim: text = '+22'
28.4561 	DATA 	Sampled Response: 1, Outcome Shown: +22
28.4796 	DATA 	Keypress: 2
28.4988 	EXP 	unnamed TextStim: text = '+30'
29.0047 	DATA 	Sampled Response: 2, Outcome Shown: +30
29.0327 	DATA 	Keypress: 1
29.0489 	EXP 	unnamed TextStim: text = '+22'
29.5543 	DATA 	Sampled Response: 1, Outcome Shown: +22
29.6991 	DATA 	Keypress: 2
29.7157 	EXP 	unnamed TextStim: text = '+30'
30.2275 	DATA 	Sampled Response: 2, Outcome Shown: +30
30.2488 	DATA 	Keypress: 1
30.2653 	EXP 	unnamed TextStim: text = '+22'
30.7758 	DATA 	Sampled Response: 1, Outcome Shown: +22
30.8323 	DATA 	Keypress: 2
30.8485 	EXP 	unnamed TextStim: text = '+30'
31.3562 	DATA 	Sampled Response: 2, Outcome Shown: +30
31.4153 	DATA 	Keypress: 1
31.4318 	EXP 	unnamed TextStim: text = '+22'
31.9250 	DATA 	Sampled Response: 1, Outcome Shown: +22
31.9265 	DATA 	Keypress: 2
32.9484 	DATA 	** broke sampling loop (<.5s left in trial) **
32.9493 	DATA 	samplingCount: 17
32.9493 	DATA 	Think Onset
32.9645 	EXP 	unnamed Rect: lineColor = 'white (named)'
32.9645 	EXP 	unnamed Rect: lineColor = 'white (named)'
35.9811 	DATA 	Decide Onset
37.0690 	DATA 	Keypress: 1
37.0691 	DATA 	Decision Button Press: ['1']
37.0692 	DATA 	Decision Response: 1
37.0728 	EXP 	unnamed Rect: lineColor = 'red (named)'
37.5893 	DATA 	ITI Onset
37.5932 	EXP 	unnamed Rect: lineColor = 'white (named)'
37.5932 	EXP 	unnamed Rect: lineColor = 'white (named)'
37.5932 	EXP 	unnamed TextStim: text = '+22'
37.5932 	EXP 	unnamed TextStim: text = '+30'
40.2983 	DATA 	Trial End Time - totalITI: 2.7054712614
40.2985 	EXP 	New trial (rep=0, index=1): {'P1_1': '0.9', 'P1_2': '1', 'SafeOption': '2', 'P2_2': '0', 'O2_2': '0', 'O2_1': '-8', 'ProbNumber': 'MD7', 'O1_2': '4', 'O1_1': '6', 'EV2': '4', 'EV1': '4.6', 'ProbType': 'MD', 'P2_1': '0.1'}
40.2986 	DATA 	Trial Onset - ProblemType: MD, ProblemNumber: MD7, leftRight: 1, samplingDur: 15, assignedITI: 1.048
40.2986 	DATA 	Sampling Onset
41.0812 	DATA 	Keypress: 1
41.0975 	EXP 	unnamed TextStim: text = '+4'
41.5975 	DATA 	Sampled Response: 2, Outcome Shown: +6
41.5978 	DATA 	Keypress: 2
42.1144 	DATA 	Keypress: 2
42.1307 	EXP 	unnamed TextStim: text = '+6'
42.6319 	DATA 	Sampled Response: 1, Outcome Shown: +4
42.7974 	DATA 	Keypress: 1
42.8138 	EXP 	unnamed TextStim: text = '+4'
43.3211 	DATA 	Sampled Response: 2, Outcome Shown: +6
43.3253 	DATA 	Keypress: 2
43.3442 	EXP 	unnamed TextStim: text = '+6'
43.8539 	DATA 	Sampled Response: 1, Outcome Shown: +4
43.8542 	DATA 	Keypress: 1
44.3141 	DATA 	Keypress: 1
44.3306 	EXP 	unnamed TextStim: text = '+4'
44.8421 	DATA 	Sampled Response: 2, Outcome Shown: +6
44.8424 	DATA 	Keypress: 2
45.2306 	DATA 	Keypress: 2
45.2471 	EXP 	unnamed TextStim: text = '+6'
45.7526 	DATA 	Sampled Response: 1, Outcome Shown: +4
45.7529 	DATA 	Keypress: 1
46.0972 	DATA 	Keypress: 1
46.1136 	EXP 	unnamed TextStim: text = '+4'
46.6139 	DATA 	Sampled Response: 2, Outcome Shown: +6
46.6142 	DATA 	Keypress: 2
46.9651 	DATA 	Keypress: 2
46.9968 	EXP 	unnamed TextStim: text = '+6'
47.5077 	DATA 	Sampled Response: 1, Outcome Shown: +4
47.5080 	DATA 	Keypress: 1
47.8138 	DATA 	Keypress: 1
47.8300 	EXP 	unnamed TextStim: text = '+4'
48.3384 	DATA 	Sampled Response: 2, Outcome Shown: +6
48.3387 	DATA 	Keypress: 2
48.5977 	DATA 	Keypress: 2
48.6297 	EXP 	unnamed TextStim: text = '+6'
49.1377 	DATA 	Sampled Response: 1, Outcome Shown: +4
49.1380 	DATA 	Keypress: 1
49.4303 	DATA 	Keypress: 1
49.4462 	EXP 	unnamed TextStim: text = '+4'
49.9420 	DATA 	Sampled Response: 2, Outcome Shown: +6
49.9423 	DATA 	Keypress: 2
50.2133 	DATA 	Keypress: 2
50.2297 	EXP 	unnamed TextStim: text = '+6'
50.7380 	DATA 	Sampled Response: 1, Outcome Shown: +4
50.7383 	DATA 	Keypress: 1
51.0799 	DATA 	Keypress: 1
51.0965 	EXP 	unnamed TextStim: text = '+4'
51.6003 	DATA 	Sampled Response: 2, Outcome Shown: -8
51.6967 	DATA 	Keypress: 1
51.7130 	EXP 	unnamed TextStim: text = '+4'
52.2150 	DATA 	Sampled Response: 2, Outcome Shown: +6
52.2153 	DATA 	Keypress: 2
52.5458 	DATA 	Keypress: 2
52.5629 	EXP 	unnamed TextStim: text = '+6'
53.0729 	DATA 	Sampled Response: 1, Outcome Shown: +4
53.0732 	DATA 	Keypress: 2
53.5795 	DATA 	Keypress: 1
53.5960 	EXP 	unnamed TextStim: text = '+4'
54.1088 	DATA 	Sampled Response: 2, Outcome Shown: +6
54.1091 	DATA 	Keypress: 2
54.4296 	DATA 	Keypress: 2
54.4458 	EXP 	unnamed TextStim: text = '-8'
54.9556 	DATA 	Sampled Response: 1, Outcome Shown: +4
54.9558 	DATA 	** broke sampling loop (<.5s left in trial) **
54.9565 	DATA 	samplingCount: 17
54.9565 	DATA 	Think Onset
54.9602 	EXP 	unnamed Rect: lineColor = 'white (named)'
54.9602 	EXP 	unnamed Rect: lineColor = 'white (named)'
55.2467 	DATA 	Keypress: 1
57.9788 	DATA 	Decide Onset
59.8769 	DATA 	Keypress: 1
59.8770 	DATA 	Decision Button Press: ['1']
59.8770 	DATA 	Decision Response: 2
59.8806 	EXP 	unnamed Rect: lineColor = 'red (named)'
60.3864 	DATA 	ITI Onset
60.3897 	EXP 	unnamed Rect: lineColor = 'white (named)'
60.3897 	EXP 	unnamed Rect: lineColor = 'white (named)'
60.3897 	EXP 	unnamed TextStim: text = '+4'
60.3897 	EXP 	unnamed TextStim: text = '-8'
61.5962 	DATA 	Trial End Time - totalITI: 1.19247108358
61.5964 	EXP 	New trial (rep=0, index=2): {'P1_1': '0.1', 'P1_2': '1', 'SafeOption': '2', 'P2_2': '0', 'O2_2': '0', 'O2_1': '-1', 'ProbNumber': 'MD10', 'O1_2': '2', 'O1_1': '42', 'EV2': '2', 'EV1': '3.3', 'ProbType': 'MD', 'P2_1': '0.9'}
61.5965 	DATA 	Trial Onset - ProblemType: MD, ProblemNumber: MD10, leftRight: 1, samplingDur: 16, assignedITI: 1.3248
61.5965 	DATA 	Sampling Onset
62.3121 	DATA 	Keypress: 1
62.3286 	EXP 	unnamed TextStim: text = '+2'
62.8425 	DATA 	Sampled Response: 2, Outcome Shown: +42
63.0452 	DATA 	Keypress: 2
63.0613 	EXP 	unnamed TextStim: text = '-1'
63.5635 	DATA 	Sampled Response: 1, Outcome Shown: +2
63.8621 	DATA 	Keypress: 1
63.8782 	EXP 	unnamed TextStim: text = '+2'
64.3798 	DATA 	Sampled Response: 2, Outcome Shown: -1
64.5116 	DATA 	Keypress: 2
64.5280 	EXP 	unnamed TextStim: text = '-1'
65.0242 	DATA 	Sampled Response: 1, Outcome Shown: +2
65.2616 	DATA 	Keypress: 1
65.2781 	EXP 	unnamed TextStim: text = '+2'
65.7891 	DATA 	Sampled Response: 2, Outcome Shown: -1
65.7894 	DATA 	Keypress: 2
66.3447 	DATA 	Keypress: 2
66.3612 	EXP 	unnamed TextStim: text = '-1'
66.8727 	DATA 	Sampled Response: 1, Outcome Shown: +2
66.9449 	DATA 	Keypress: 1
66.9613 	EXP 	unnamed TextStim: text = '+2'
67.4680 	DATA 	Sampled Response: 2, Outcome Shown: -1
67.4683 	DATA 	Keypress: 2
67.8947 	DATA 	Keypress: 2
67.9111 	EXP 	unnamed TextStim: text = '+42'
68.4232 	DATA 	Sampled Response: 1, Outcome Shown: +2
68.5114 	DATA 	Keypress: 1
68.5278 	EXP 	unnamed TextStim: text = '+2'
69.0234 	DATA 	Sampled Response: 2, Outcome Shown: -1
69.0237 	DATA 	Keypress: 2
69.4452 	DATA 	Keypress: 2
69.4774 	EXP 	unnamed TextStim: text = '-1'
69.9760 	DATA 	Sampled Response: 1, Outcome Shown: +2
69.9763 	DATA 	Keypress: 1
70.4944 	DATA 	Keypress: 1
70.5106 	EXP 	unnamed TextStim: text = '+2'
71.0103 	DATA 	Sampled Response: 2, Outcome Shown: -1
71.0276 	DATA 	Keypress: 2
71.0438 	EXP 	unnamed TextStim: text = '-1'
71.5437 	DATA 	Sampled Response: 1, Outcome Shown: +2
71.5942 	DATA 	Keypress: 1
71.6108 	EXP 	unnamed TextStim: text = '+2'
72.1084 	DATA 	Sampled Response: 2, Outcome Shown: -1
72.1087 	DATA 	Keypress: 2
72.5615 	DATA 	Keypress: 2
72.5771 	EXP 	unnamed TextStim: text = '-1'
73.0816 	DATA 	Sampled Response: 1, Outcome Shown: +2
73.0819 	DATA 	Keypress: 1
73.5606 	DATA 	Keypress: 1
73.5771 	EXP 	unnamed TextStim: text = '+2'
74.0849 	DATA 	Sampled Response: 2, Outcome Shown: -1
74.0852 	DATA 	Keypress: 2
74.4600 	DATA 	Keypress: 2
74.4770 	EXP 	unnamed TextStim: text = '-1'
74.9797 	DATA 	Sampled Response: 1, Outcome Shown: +2
74.9936 	DATA 	Keypress: 1
75.0104 	EXP 	unnamed TextStim: text = '+2'
75.5125 	DATA 	Sampled Response: 2, Outcome Shown: -1
75.5937 	DATA 	Keypress: 2
75.6097 	EXP 	unnamed TextStim: text = '+42'
76.1225 	DATA 	Sampled Response: 1, Outcome Shown: +2
76.3938 	DATA 	Keypress: 1
76.4102 	EXP 	unnamed TextStim: text = '+2'
76.9220 	DATA 	Sampled Response: 2, Outcome Shown: -1
76.9223 	DATA 	Keypress: 2
77.1101 	DATA 	** broke sampling loop (<.5s left in trial) **
77.1108 	DATA 	samplingCount: 19
77.1108 	DATA 	Think Onset
77.1262 	EXP 	unnamed Rect: lineColor = 'white (named)'
77.1262 	EXP 	unnamed Rect: lineColor = 'white (named)'
77.3774 	DATA 	Keypress: 2
80.1432 	DATA 	Decide Onset
80.7169 	DATA 	Keypress: 2
80.7170 	DATA 	Decision Button Press: ['2']
80.7170 	DATA 	Decision Response: 1
80.7203 	EXP 	unnamed Rect: lineColor = 'red (named)'
81.2147 	DATA 	ITI Onset
81.2180 	EXP 	unnamed Rect: lineColor = 'white (named)'
81.2180 	EXP 	unnamed Rect: lineColor = 'white (named)'
81.2180 	EXP 	unnamed TextStim: text = '+2'
81.2180 	EXP 	unnamed TextStim: text = '+42'
84.1597 	DATA 	Trial End Time - totalITI: 2.93729339096
84.1599 	EXP 	New trial (rep=0, index=3): {'P1_1': '0.3', 'P1_2': '0.5', 'SafeOption': '1', 'P2_2': '0.5', 'O2_2': '30', 'O2_1': '15', 'ProbNumber': 'RR4', 'O1_2': '-8', 'O1_1': '5', 'EV2': '11', 'EV1': '12', 'ProbType': 'RR', 'P2_1': '0.7'}
84.1600 	DATA 	Trial Onset - ProblemType: RR, ProblemNumber: RR4, leftRight: 1, samplingDur: 15, assignedITI: 2.4102
84.1600 	DATA 	Sampling Onset
84.8094 	DATA 	Keypress: 1
84.8257 	EXP 	unnamed TextStim: text = '-8'
85.3272 	DATA 	Sampled Response: 2, Outcome Shown: +5
85.5759 	DATA 	Keypress: 2
85.5923 	EXP 	unnamed TextStim: text = '+15'
86.0962 	DATA 	Sampled Response: 1, Outcome Shown: +30
86.4091 	DATA 	Keypress: 1
86.4254 	EXP 	unnamed TextStim: text = '+30'
86.9271 	DATA 	Sampled Response: 2, Outcome Shown: +15
87.2758 	DATA 	Keypress: 2
87.2922 	EXP 	unnamed TextStim: text = '+15'
87.8051 	DATA 	Sampled Response: 1, Outcome Shown: -8
88.0924 	DATA 	Keypress: 1
88.1087 	EXP 	unnamed TextStim: text = '-8'
88.6195 	DATA 	Sampled Response: 2, Outcome Shown: +15
88.6756 	DATA 	Keypress: 2
88.6919 	EXP 	unnamed TextStim: text = '+15'
89.2011 	DATA 	Sampled Response: 1, Outcome Shown: +30
89.3088 	DATA 	Keypress: 1
89.3252 	EXP 	unnamed TextStim: text = '-8'
89.8287 	DATA 	Sampled Response: 2, Outcome Shown: +15
89.8587 	DATA 	Keypress: 2
89.8745 	EXP 	unnamed TextStim: text = '+15'
90.3766 	DATA 	Sampled Response: 1, Outcome Shown: +30
90.3769 	DATA 	Keypress: 1
90.8418 	DATA 	Keypress: 1
90.8580 	EXP 	unnamed TextStim: text = '+30'
91.3495 	DATA 	Sampled Response: 2, Outcome Shown: +15
91.4086 	DATA 	Keypress: 2
91.4249 	EXP 	unnamed TextStim: text = '+5'
91.9293 	DATA 	Sampled Response: 1, Outcome Shown: +30
91.9296 	DATA 	Keypress: 1
92.4751 	DATA 	Keypress: 1
92.4915 	EXP 	unnamed TextStim: text = '+30'
92.9953 	DATA 	Sampled Response: 2, Outcome Shown: +5
92.9957 	DATA 	Keypress: 2
93.3753 	DATA 	Keypress: 2
93.3916 	EXP 	unnamed TextStim: text = '+15'
93.9031 	DATA 	Sampled Response: 1, Outcome Shown: -8
93.9034 	DATA 	Keypress: 1
94.2916 	DATA 	Keypress: 1
94.3079 	EXP 	unnamed TextStim: text = '+30'
94.8125 	DATA 	Sampled Response: 2, Outcome Shown: +15
94.8128 	DATA 	Keypress: 2
95.1416 	DATA 	Keypress: 2
95.1578 	EXP 	unnamed TextStim: text = '+15'
95.6605 	DATA 	Sampled Response: 1, Outcome Shown: +30
95.6608 	DATA 	Keypress: 1
95.9747 	DATA 	Keypress: 1
95.9908 	EXP 	unnamed TextStim: text = '+30'
96.4908 	DATA 	Sampled Response: 2, Outcome Shown: +15
96.4911 	DATA 	Keypress: 2
96.7747 	DATA 	Keypress: 2
96.7911 	EXP 	unnamed TextStim: text = '+15'
97.2907 	DATA 	Sampled Response: 1, Outcome Shown: +30
97.3747 	DATA 	Keypress: 2
97.3909 	EXP 	unnamed TextStim: text = '+5'
97.9023 	DATA 	Sampled Response: 1, Outcome Shown: +30
98.0079 	DATA 	Keypress: 1
98.0243 	EXP 	unnamed TextStim: text = '+30'
98.5293 	DATA 	Sampled Response: 2, Outcome Shown: +15
98.5296 	DATA 	Keypress: 1
98.6743 	DATA 	** broke sampling loop (<.5s left in trial) **
98.6750 	DATA 	samplingCount: 18
98.6750 	DATA 	Think Onset
98.6908 	EXP 	unnamed Rect: lineColor = 'white (named)'
98.6908 	EXP 	unnamed Rect: lineColor = 'white (named)'
98.9748 	DATA 	Keypress: 2
101.7072 	DATA 	Decide Onset
102.1968 	DATA 	Keypress: 1
102.1969 	DATA 	Decision Button Press: ['1']
102.1970 	DATA 	Decision Response: 2
102.2005 	EXP 	unnamed Rect: lineColor = 'red (named)'
102.7079 	DATA 	ITI Onset
102.7111 	EXP 	unnamed Rect: lineColor = 'white (named)'
102.7111 	EXP 	unnamed Rect: lineColor = 'white (named)'
102.7111 	EXP 	unnamed TextStim: text = '+30'
102.7111 	EXP 	unnamed TextStim: text = '+5'
106.8238 	DATA 	Trial End Time - totalITI: 4.10609229748
106.8240 	EXP 	New trial (rep=0, index=4): {'P1_1': '0.8', 'P1_2': '0.1', 'SafeOption': '1', 'P2_2': '0.9', 'O2_2': '35', 'O2_1': '40', 'ProbNumber': 'RR7', 'O1_2': '-20', 'O1_1': '24', 'EV2': '29.5', 'EV1': '27.2', 'ProbType': 'RR', 'P2_1': '0.2'}
106.8241 	DATA 	Trial Onset - ProblemType: RR, ProblemNumber: RR7, leftRight: 1, samplingDur: 16, assignedITI: 1.7267
106.8241 	DATA 	Sampling Onset
107.5900 	DATA 	Keypress: 1
107.6063 	EXP 	unnamed TextStim: text = '+35'
108.1094 	DATA 	Sampled Response: 2, Outcome Shown: +24
108.3901 	DATA 	Keypress: 2
108.4064 	EXP 	unnamed TextStim: text = '+24'
108.9106 	DATA 	Sampled Response: 1, Outcome Shown: +35
109.1901 	DATA 	Keypress: 1
109.2064 	EXP 	unnamed TextStim: text = '+35'
109.7099 	DATA 	Sampled Response: 2, Outcome Shown: +24
109.9396 	DATA 	Keypress: 2
109.9560 	EXP 	unnamed TextStim: text = '+40'
110.4628 	DATA 	Sampled Response: 1, Outcome Shown: +35
110.7228 	DATA 	Keypress: 1
110.7392 	EXP 	unnamed TextStim: text = '+35'
111.2444 	DATA 	Sampled Response: 2, Outcome Shown: +24
111.3226 	DATA 	Keypress: 2
111.3392 	EXP 	unnamed TextStim: text = '+24'
111.8412 	DATA 	Sampled Response: 1, Outcome Shown: +35
111.9229 	DATA 	Keypress: 1
111.9392 	EXP 	unnamed TextStim: text = '+35'
112.4370 	DATA 	Sampled Response: 2, Outcome Shown: +24
112.4892 	DATA 	Keypress: 2
112.5058 	EXP 	unnamed TextStim: text = '+24'
113.0117 	DATA 	Sampled Response: 1, Outcome Shown: +35
113.0393 	DATA 	Keypress: 1
113.0555 	EXP 	unnamed TextStim: text = '+35'
113.5537 	DATA 	Sampled Response: 2, Outcome Shown: +40
113.6060 	DATA 	Keypress: 2
113.6222 	EXP 	unnamed TextStim: text = '+24'
114.1322 	DATA 	Sampled Response: 1, Outcome Shown: +35
114.1325 	DATA 	Keypress: 1
114.7058 	DATA 	Keypress: 1
114.7224 	EXP 	unnamed TextStim: text = '+35'
115.2295 	DATA 	Sampled Response: 2, Outcome Shown: +24
115.2298 	DATA 	Keypress: 2
115.6395 	DATA 	Keypress: 2
115.6555 	EXP 	unnamed TextStim: text = '+24'
116.1681 	DATA 	Sampled Response: 1, Outcome Shown: +35
116.1730 	DATA 	Keypress: 1
116.2052 	EXP 	unnamed TextStim: text = '+35'
116.7172 	DATA 	Sampled Response: 2, Outcome Shown: +24
116.7388 	DATA 	Keypress: 2
116.7553 	EXP 	unnamed TextStim: text = '+24'
117.2544 	DATA 	Sampled Response: 1, Outcome Shown: +35
117.2547 	DATA 	Keypress: 1
117.8557 	DATA 	Keypress: 1
117.8719 	EXP 	unnamed TextStim: text = '+35'
118.3813 	DATA 	Sampled Response: 2, Outcome Shown: +24
118.3816 	DATA 	Keypress: 2
118.7554 	DATA 	Keypress: 2
118.7717 	EXP 	unnamed TextStim: text = '+40'
119.2734 	DATA 	Sampled Response: 1, Outcome Shown: +35
119.3553 	DATA 	Keypress: 1
119.3717 	EXP 	unnamed TextStim: text = '+35'
119.8693 	DATA 	Sampled Response: 2, Outcome Shown: +24
119.9387 	DATA 	Keypress: 2
119.9551 	EXP 	unnamed TextStim: text = '+24'
120.4527 	DATA 	Sampled Response: 1, Outcome Shown: -20
120.4530 	DATA 	Keypress: 1
121.0053 	DATA 	Keypress: 2
121.0216 	EXP 	unnamed TextStim: text = '+24'
121.5327 	DATA 	Sampled Response: 1, Outcome Shown: +35
121.5330 	DATA 	Keypress: 1
121.9882 	DATA 	Keypress: 1
122.0048 	EXP 	unnamed TextStim: text = '+35'
122.5042 	DATA 	Sampled Response: 2, Outcome Shown: +24
122.5044 	DATA 	Keypress: 2
122.5045 	DATA 	** broke sampling loop (<.5s left in trial) **
122.5054 	DATA 	samplingCount: 20
122.5054 	DATA 	Think Onset
122.5088 	EXP 	unnamed Rect: lineColor = 'white (named)'
122.5088 	EXP 	unnamed Rect: lineColor = 'white (named)'
125.5382 	DATA 	Decide Onset
126.0688 	DATA 	Keypress: 1
126.0689 	DATA 	Decision Button Press: ['1']
126.0690 	DATA 	Decision Response: 2
126.0723 	EXP 	unnamed Rect: lineColor = 'red (named)'
126.5893 	DATA 	ITI Onset
126.5924 	EXP 	unnamed Rect: lineColor = 'white (named)'
126.5924 	EXP 	unnamed Rect: lineColor = 'white (named)'
126.5924 	EXP 	unnamed TextStim: text = '+35'
126.5924 	EXP 	unnamed TextStim: text = '+24'
129.8211 	DATA 	Trial End Time - totalITI: 3.21528082555
129.8213 	EXP 	New trial (rep=0, index=5): {'P1_1': '0.2', 'P1_2': '1', 'SafeOption': '2', 'P2_2': '0', 'O2_2': '0', 'O2_1': '-7', 'ProbNumber': 'MD6', 'O1_2': '-2', 'O1_1': '24', 'EV2': '-2', 'EV1': '-0.8', 'ProbType': 'MD', 'P2_1': '0.8'}
129.8214 	DATA 	Trial Onset - ProblemType: MD, ProblemNumber: MD6, leftRight: 1, samplingDur: 15, assignedITI: 2.274
129.8214 	DATA 	Sampling Onset
130.4041 	DATA 	Keypress: 1
130.4204 	EXP 	unnamed TextStim: text = '-2'
130.9249 	DATA 	Sampled Response: 2, Outcome Shown: +24
130.9252 	DATA 	Keypress: 2
131.3212 	DATA 	Keypress: 2
131.3370 	EXP 	unnamed TextStim: text = '-7'
131.8497 	DATA 	Sampled Response: 1, Outcome Shown: -2
131.8541 	DATA 	Keypress: 1
131.8703 	EXP 	unnamed TextStim: text = '-2'
132.3822 	DATA 	Sampled Response: 2, Outcome Shown: -7
132.4376 	DATA 	Keypress: 2
132.4535 	EXP 	unnamed TextStim: text = '+24'
132.9627 	DATA 	Sampled Response: 1, Outcome Shown: -2
133.0036 	DATA 	Keypress: 1
133.0199 	EXP 	unnamed TextStim: text = '-2'
133.5274 	DATA 	Sampled Response: 2, Outcome Shown: -7
133.5277 	DATA 	Keypress: 2
133.9372 	DATA 	Keypress: 2
133.9533 	EXP 	unnamed TextStim: text = '-7'
134.4518 	DATA 	Sampled Response: 1, Outcome Shown: -2
134.4521 	DATA 	Keypress: 1
134.8703 	DATA 	Keypress: 1
134.8865 	EXP 	unnamed TextStim: text = '-2'
135.3939 	DATA 	Sampled Response: 2, Outcome Shown: -7
135.3942 	DATA 	Keypress: 2
135.7370 	DATA 	Keypress: 2
135.7532 	EXP 	unnamed TextStim: text = '-7'
136.2554 	DATA 	Sampled Response: 1, Outcome Shown: -2
136.2557 	DATA 	Keypress: 1
136.6869 	DATA 	Keypress: 1
136.7030 	EXP 	unnamed TextStim: text = '-2'
137.2112 	DATA 	Sampled Response: 2, Outcome Shown: -7
137.2697 	DATA 	Keypress: 2
137.2861 	EXP 	unnamed TextStim: text = '-7'
137.7916 	DATA 	Sampled Response: 1, Outcome Shown: -2
137.7918 	DATA 	Keypress: 1
138.2031 	DATA 	Keypress: 1
138.2196 	EXP 	unnamed TextStim: text = '-2'
138.7330 	DATA 	Sampled Response: 2, Outcome Shown: -7
138.7333 	DATA 	Keypress: 2
139.1029 	DATA 	Keypress: 2
139.1193 	EXP 	unnamed TextStim: text = '-7'
139.6266 	DATA 	Sampled Response: 1, Outcome Shown: -2
139.6269 	DATA 	Keypress: 1
139.9198 	DATA 	Keypress: 1
139.9362 	EXP 	unnamed TextStim: text = '-2'
140.4416 	DATA 	Sampled Response: 2, Outcome Shown: -7
140.4419 	DATA 	Keypress: 2
140.7362 	DATA 	Keypress: 2
140.7525 	EXP 	unnamed TextStim: text = '-7'
141.2578 	DATA 	Sampled Response: 1, Outcome Shown: -2
141.2581 	DATA 	Keypress: 1
141.5361 	DATA 	Keypress: 1
141.5525 	EXP 	unnamed TextStim: text = '-2'
142.0570 	DATA 	Sampled Response: 2, Outcome Shown: -7
142.0573 	DATA 	Keypress: 2
142.3526 	DATA 	Keypress: 2
142.3690 	EXP 	unnamed TextStim: text = '-7'
142.8724 	DATA 	Sampled Response: 1, Outcome Shown: -2
142.9024 	DATA 	Keypress: 1
142.9190 	EXP 	unnamed TextStim: text = '-2'
143.4214 	DATA 	Sampled Response: 2, Outcome Shown: +24
143.4217 	DATA 	Keypress: 2
143.7193 	DATA 	Keypress: 2
143.7355 	EXP 	unnamed TextStim: text = '-7'
144.2347 	DATA 	Sampled Response: 1, Outcome Shown: -2
144.2350 	DATA 	Keypress: 2
144.3359 	DATA 	** broke sampling loop (<.5s left in trial) **
144.3366 	DATA 	samplingCount: 18
144.3366 	DATA 	Think Onset
144.3521 	EXP 	unnamed Rect: lineColor = 'white (named)'
144.3521 	EXP 	unnamed Rect: lineColor = 'white (named)'
147.3683 	DATA 	Decide Onset
147.9009 	DATA 	Keypress: 2
147.9010 	DATA 	Decision Button Press: ['2']
147.9010 	DATA 	Decision Response: 1
147.9045 	EXP 	unnamed Rect: lineColor = 'red (named)'
148.4141 	DATA 	ITI Onset
148.4172 	EXP 	unnamed Rect: lineColor = 'white (named)'
148.4172 	EXP 	unnamed Rect: lineColor = 'white (named)'
148.4172 	EXP 	unnamed TextStim: text = '-2'
148.4172 	EXP 	unnamed TextStim: text = '-7'
152.3518 	DATA 	Trial End Time - totalITI: 3.92676049338
152.3520 	EXP 	New trial (rep=0, index=6): {'P1_1': '0.9', 'P1_2': '1', 'SafeOption': '2', 'P2_2': '0', 'O2_2': '0', 'O2_1': '-10', 'ProbNumber': 'MD8', 'O1_2': '3', 'O1_1': '5', 'EV2': '3', 'EV1': '3.5', 'ProbType': 'MD', 'P2_1': '0.1'}
152.3521 	DATA 	Trial Onset - ProblemType: MD, ProblemNumber: MD8, leftRight: 1, samplingDur: 16, assignedITI: 4.653
152.3521 	DATA 	Sampling Onset
152.9344 	DATA 	Keypress: 1
152.9508 	EXP 	unnamed TextStim: text = '+3'
153.4570 	DATA 	Sampled Response: 2, Outcome Shown: +5
153.7347 	DATA 	Keypress: 2
153.7509 	EXP 	unnamed TextStim: text = '+5'
154.2551 	DATA 	Sampled Response: 1, Outcome Shown: +3
154.6344 	DATA 	Keypress: 1
154.6509 	EXP 	unnamed TextStim: text = '+3'
155.1642 	DATA 	Sampled Response: 2, Outcome Shown: +5
155.5182 	DATA 	Keypress: 2
155.5341 	EXP 	unnamed TextStim: text = '+5'
156.0437 	DATA 	Sampled Response: 1, Outcome Shown: +3
156.3843 	DATA 	Keypress: 1
156.4007 	EXP 	unnamed TextStim: text = '+3'
156.9052 	DATA 	Sampled Response: 2, Outcome Shown: +5
157.1844 	DATA 	Keypress: 2
157.2005 	EXP 	unnamed TextStim: text = '+5'
157.7059 	DATA 	Sampled Response: 1, Outcome Shown: +3
158.0342 	DATA 	Keypress: 1
158.0506 	EXP 	unnamed TextStim: text = '+3'
158.5528 	DATA 	Sampled Response: 2, Outcome Shown: -10
158.8007 	DATA 	Keypress: 2
158.8171 	EXP 	unnamed TextStim: text = '-10'
159.3213 	DATA 	Sampled Response: 1, Outcome Shown: +3
159.6173 	DATA 	Keypress: 1
159.6337 	EXP 	unnamed TextStim: text = '+3'
160.1353 	DATA 	Sampled Response: 2, Outcome Shown: +5
160.2840 	DATA 	Keypress: 2
160.3004 	EXP 	unnamed TextStim: text = '+5'
160.8103 	DATA 	Sampled Response: 1, Outcome Shown: +3
160.9341 	DATA 	Keypress: 1
160.9502 	EXP 	unnamed TextStim: text = '+3'
161.4535 	DATA 	Sampled Response: 2, Outcome Shown: +5
161.5338 	DATA 	Keypress: 2
161.5502 	EXP 	unnamed TextStim: text = '+5'
162.0638 	DATA 	Sampled Response: 1, Outcome Shown: +3
162.1506 	DATA 	Keypress: 1
162.1669 	EXP 	unnamed TextStim: text = '+3'
162.6761 	DATA 	Sampled Response: 2, Outcome Shown: +5
162.7168 	DATA 	Keypress: 2
162.7329 	EXP 	unnamed TextStim: text = '+5'
163.2398 	DATA 	Sampled Response: 1, Outcome Shown: +3
163.3169 	DATA 	Keypress: 1
163.3333 	EXP 	unnamed TextStim: text = '+3'
163.8358 	DATA 	Sampled Response: 2, Outcome Shown: +5
163.8668 	DATA 	Keypress: 2
163.8834 	EXP 	unnamed TextStim: text = '+5'
164.3843 	DATA 	Sampled Response: 1, Outcome Shown: +3
164.3847 	DATA 	Keypress: 1
164.9167 	DATA 	Keypress: 1
164.9331 	EXP 	unnamed TextStim: text = '+3'
165.4354 	DATA 	Sampled Response: 2, Outcome Shown: +5
165.5009 	DATA 	Keypress: 2
165.5330 	EXP 	unnamed TextStim: text = '+5'
166.0190 	DATA 	Sampled Response: 1, Outcome Shown: +3
166.3667 	DATA 	Keypress: 1
166.3829 	EXP 	unnamed TextStim: text = '+3'
166.8938 	DATA 	Sampled Response: 2, Outcome Shown: +5
167.1998 	DATA 	Keypress: 2
167.2161 	EXP 	unnamed TextStim: text = '+5'
167.7256 	DATA 	Sampled Response: 1, Outcome Shown: +3
167.8663 	DATA 	** broke sampling loop (<.5s left in trial) **
167.8670 	DATA 	samplingCount: 20
167.8670 	DATA 	Think Onset
167.8824 	EXP 	unnamed Rect: lineColor = 'white (named)'
167.8824 	EXP 	unnamed Rect: lineColor = 'white (named)'
168.0335 	DATA 	Keypress: 1
170.8993 	DATA 	Decide Onset
171.3648 	DATA 	Keypress: 1
171.3649 	DATA 	Decision Button Press: ['1']
171.3649 	DATA 	Decision Response: 2
171.3684 	EXP 	unnamed Rect: lineColor = 'red (named)'
171.8886 	DATA 	ITI Onset
171.8920 	EXP 	unnamed Rect: lineColor = 'white (named)'
171.8920 	EXP 	unnamed Rect: lineColor = 'white (named)'
171.8920 	EXP 	unnamed TextStim: text = '+3'
171.8920 	EXP 	unnamed TextStim: text = '+5'
178.2654 	DATA 	Trial End Time - totalITI: 6.37306539702
178.2657 	EXP 	New trial (rep=0, index=7): {'P1_1': '0.6', 'P1_2': '1', 'SafeOption': '2', 'P2_2': '0', 'O2_2': '0', 'O2_1': '-12', 'ProbNumber': 'MD12', 'O1_2': '12', 'O1_1': '30', 'EV2': '12', 'EV1': '13.2', 'ProbType': 'MD', 'P2_1': '0.4'}
178.2658 	DATA 	Trial Onset - ProblemType: MD, ProblemNumber: MD12, leftRight: 1, samplingDur: 16, assignedITI: 1.4961
178.2658 	DATA 	Sampling Onset
178.9151 	DATA 	Keypress: 1
178.9314 	EXP 	unnamed TextStim: text = '+12'
179.4386 	DATA 	Sampled Response: 2, Outcome Shown: +30
179.7482 	DATA 	Keypress: 2
179.7646 	EXP 	unnamed TextStim: text = '-12'
180.2683 	DATA 	Sampled Response: 1, Outcome Shown: +12
180.5817 	DATA 	Keypress: 1
180.5980 	EXP 	unnamed TextStim: text = '+12'
181.1006 	DATA 	Sampled Response: 2, Outcome Shown: +30
181.3982 	DATA 	Keypress: 2
181.4144 	EXP 	unnamed TextStim: text = '+30'
181.9144 	DATA 	Sampled Response: 1, Outcome Shown: +12
182.2482 	DATA 	Keypress: 1
182.2643 	EXP 	unnamed TextStim: text = '+12'
182.7783 	DATA 	Sampled Response: 2, Outcome Shown: -12
182.9974 	DATA 	Keypress: 2
183.0144 	EXP 	unnamed TextStim: text = '+30'
183.5007 	DATA 	Sampled Response: 1, Outcome Shown: +12
183.7979 	DATA 	Keypress: 1
183.8143 	EXP 	unnamed TextStim: text = '+12'
184.3152 	DATA 	Sampled Response: 2, Outcome Shown: -12
184.5645 	DATA 	Keypress: 2
184.5807 	EXP 	unnamed TextStim: text = '+30'
185.0726 	DATA 	Sampled Response: 1, Outcome Shown: +12
185.4145 	DATA 	Keypress: 1
185.4308 	EXP 	unnamed TextStim: text = '+12'
185.9444 	DATA 	Sampled Response: 2, Outcome Shown: +30
186.2310 	DATA 	Keypress: 2
186.2474 	EXP 	unnamed TextStim: text = '-12'
186.7624 	DATA 	Sampled Response: 1, Outcome Shown: +12
187.0808 	DATA 	Keypress: 1
187.0973 	EXP 	unnamed TextStim: text = '+12'
187.6069 	DATA 	Sampled Response: 2, Outcome Shown: -12
187.7969 	DATA 	Keypress: 2
187.8135 	EXP 	unnamed TextStim: text = '-12'
188.3138 	DATA 	Sampled Response: 1, Outcome Shown: +12
188.6306 	DATA 	Keypress: 1
188.6471 	EXP 	unnamed TextStim: text = '+12'
189.1589 	DATA 	Sampled Response: 2, Outcome Shown: +30
189.2969 	DATA 	Keypress: 2
189.3135 	EXP 	unnamed TextStim: text = '+30'
189.8187 	DATA 	Sampled Response: 1, Outcome Shown: +12
190.1968 	DATA 	Keypress: 1
191.6301 	DATA 	Keypress: 1
191.6466 	EXP 	unnamed TextStim: text = '+12'
192.1547 	DATA 	Sampled Response: 2, Outcome Shown: +30
192.4302 	DATA 	Keypress: 2
192.4464 	EXP 	unnamed TextStim: text = '+30'
192.9534 	DATA 	Sampled Response: 1, Outcome Shown: +12
193.3135 	DATA 	Keypress: 1
193.3299 	EXP 	unnamed TextStim: text = '+12'
193.8330 	DATA 	Sampled Response: 2, Outcome Shown: +30
193.8333 	DATA 	** broke sampling loop (<.5s left in trial) **
193.8339 	DATA 	samplingCount: 17
193.8339 	DATA 	Think Onset
193.8373 	EXP 	unnamed Rect: lineColor = 'white (named)'
193.8373 	EXP 	unnamed Rect: lineColor = 'white (named)'
194.0472 	DATA 	Keypress: 2
196.8630 	DATA 	Decide Onset
197.4207 	DATA 	Keypress: 2
197.4208 	DATA 	Decision Button Press: ['2']
197.4209 	DATA 	Decision Response: 1
197.4244 	EXP 	unnamed Rect: lineColor = 'red (named)'
197.9340 	DATA 	ITI Onset
197.9372 	EXP 	unnamed Rect: lineColor = 'white (named)'
197.9372 	EXP 	unnamed Rect: lineColor = 'white (named)'
197.9372 	EXP 	unnamed TextStim: text = '+12'
197.9372 	EXP 	unnamed TextStim: text = '+30'
201.0128 	DATA 	Trial End Time - totalITI: 3.07063859672
201.0130 	EXP 	New trial (rep=0, index=8): {'P1_1': '0.8', 'P1_2': '1', 'SafeOption': '2', 'P2_2': '0', 'O2_2': '0', 'O2_1': '0', 'ProbNumber': 'SD7', 'O1_2': '3', 'O1_1': '4', 'EV2': '3', 'EV1': '3.2', 'ProbType': 'SD', 'P2_1': '0.2'}
201.0131 	DATA 	Trial Onset - ProblemType: SD, ProblemNumber: SD7, leftRight: 1, samplingDur: 17, assignedITI: 1.0098
201.0131 	DATA 	Sampling Onset
201.9791 	DATA 	Keypress: 1
201.9955 	EXP 	unnamed TextStim: text = '+3'
202.5036 	DATA 	Sampled Response: 2, Outcome Shown: 0
202.8456 	DATA 	Keypress: 2
202.8620 	EXP 	unnamed TextStim: text = '0'
203.3662 	DATA 	Sampled Response: 1, Outcome Shown: +3
203.6955 	DATA 	Keypress: 1
203.7120 	EXP 	unnamed TextStim: text = '+3'
204.2132 	DATA 	Sampled Response: 2, Outcome Shown: +4
204.5619 	DATA 	Keypress: 2
204.5784 	EXP 	unnamed TextStim: text = '+4'
205.0895 	DATA 	Sampled Response: 1, Outcome Shown: +3
205.4130 	DATA 	Keypress: 1
205.4452 	EXP 	unnamed TextStim: text = '+3'
205.9528 	DATA 	Sampled Response: 2, Outcome Shown: +4
206.1785 	DATA 	Keypress: 2
206.1951 	EXP 	unnamed TextStim: text = '0'
206.7049 	DATA 	Sampled Response: 1, Outcome Shown: +3
207.1618 	DATA 	Keypress: 1
207.1783 	EXP 	unnamed TextStim: text = '+3'
207.6925 	DATA 	Sampled Response: 2, Outcome Shown: +4
207.8785 	DATA 	Keypress: 2
207.8948 	EXP 	unnamed TextStim: text = '0'
208.3976 	DATA 	Sampled Response: 1, Outcome Shown: +3
208.7451 	DATA 	Keypress: 1
208.7609 	EXP 	unnamed TextStim: text = '+3'
209.2758 	DATA 	Sampled Response: 2, Outcome Shown: +4
209.4116 	DATA 	Keypress: 2
209.4276 	EXP 	unnamed TextStim: text = '+4'
209.9350 	DATA 	Sampled Response: 1, Outcome Shown: +3
210.2289 	DATA 	Keypress: 1
210.2610 	EXP 	unnamed TextStim: text = '+3'
210.7662 	DATA 	Sampled Response: 2, Outcome Shown: 0
210.8455 	DATA 	Keypress: 2
210.8778 	EXP 	unnamed TextStim: text = '+4'
211.3779 	DATA 	Sampled Response: 1, Outcome Shown: +3
211.6279 	DATA 	Keypress: 1
211.6444 	EXP 	unnamed TextStim: text = '+3'
212.1323 	DATA 	Sampled Response: 2, Outcome Shown: 0
212.2612 	DATA 	Keypress: 2
212.2776 	EXP 	unnamed TextStim: text = '+4'
212.7897 	DATA 	Sampled Response: 1, Outcome Shown: +3
213.0940 	DATA 	Keypress: 1
213.1104 	EXP 	unnamed TextStim: text = '+3'
213.6191 	DATA 	Sampled Response: 2, Outcome Shown: +4
213.6778 	DATA 	Keypress: 2
213.6941 	EXP 	unnamed TextStim: text = '+4'
214.1994 	DATA 	Sampled Response: 1, Outcome Shown: +3
214.5111 	DATA 	Keypress: 1
214.5273 	EXP 	unnamed TextStim: text = '+3'
215.0264 	DATA 	Sampled Response: 2, Outcome Shown: +4
215.0610 	DATA 	Keypress: 2
215.0775 	EXP 	unnamed TextStim: text = '+4'
215.5792 	DATA 	Sampled Response: 1, Outcome Shown: +3
215.8778 	DATA 	Keypress: 1
215.8938 	EXP 	unnamed TextStim: text = '+3'
216.3828 	DATA 	Sampled Response: 2, Outcome Shown: +4
216.4439 	DATA 	Keypress: 2
216.4604 	EXP 	unnamed TextStim: text = '+4'
216.9615 	DATA 	Sampled Response: 1, Outcome Shown: +3
217.3273 	DATA 	Keypress: 1
217.3439 	EXP 	unnamed TextStim: text = '+3'
217.8524 	DATA 	Sampled Response: 2, Outcome Shown: +4
217.8527 	DATA 	Keypress: 2
217.8528 	DATA 	** broke sampling loop (<.5s left in trial) **
217.8535 	DATA 	samplingCount: 21
217.8535 	DATA 	Think Onset
217.8570 	EXP 	unnamed Rect: lineColor = 'white (named)'
217.8570 	EXP 	unnamed Rect: lineColor = 'white (named)'
220.8767 	DATA 	Decide Onset
221.6767 	DATA 	Keypress: 2
221.6768 	DATA 	Decision Button Press: ['2']
221.6768 	DATA 	Decision Response: 1
221.6802 	EXP 	unnamed Rect: lineColor = 'red (named)'
222.1870 	DATA 	ITI Onset
222.1903 	EXP 	unnamed Rect: lineColor = 'white (named)'
222.1903 	EXP 	unnamed Rect: lineColor = 'white (named)'
222.1903 	EXP 	unnamed TextStim: text = '+3'
222.1903 	EXP 	unnamed TextStim: text = '+4'
224.2601 	DATA 	Trial End Time - totalITI: 2.06985308665
224.2603 	EXP 	New trial (rep=0, index=9): {'P1_1': '0.6', 'P1_2': '1', 'SafeOption': '2', 'P2_2': '0', 'O2_2': '0', 'O2_1': '-22', 'ProbNumber': 'MD1', 'O1_2': '-6', 'O1_1': '4', 'EV2': '-6', 'EV1': '-6.4', 'ProbType': 'MD', 'P2_1': '0.4'}
224.2604 	DATA 	Trial Onset - ProblemType: MD, ProblemNumber: MD1, leftRight: 0, samplingDur: 18, assignedITI: 1.2135
224.2604 	DATA 	Sampling Onset
224.9932 	DATA 	Keypress: 1
225.0095 	EXP 	unnamed TextStim: text = '+4'
225.5215 	DATA 	Sampled Response: 1, Outcome Shown: +4
225.8595 	DATA 	Keypress: 2
225.8760 	EXP 	unnamed TextStim: text = '-6'
226.3816 	DATA 	Sampled Response: 2, Outcome Shown: -6
226.7095 	DATA 	Keypress: 1
226.7259 	EXP 	unnamed TextStim: text = '-22'
227.2305 	DATA 	Sampled Response: 1, Outcome Shown: -22
227.5761 	DATA 	Keypress: 2
227.5925 	EXP 	unnamed TextStim: text = '-6'
228.0927 	DATA 	Sampled Response: 2, Outcome Shown: -6
228.5261 	DATA 	Keypress: 1
228.5423 	EXP 	unnamed TextStim: text = '+4'
229.0479 	DATA 	Sampled Response: 1, Outcome Shown: +4
229.4593 	DATA 	Keypress: 2
229.4756 	EXP 	unnamed TextStim: text = '-6'
229.9745 	DATA 	Sampled Response: 2, Outcome Shown: -6
230.3260 	DATA 	Keypress: 1
230.3420 	EXP 	unnamed TextStim: text = '-22'
230.8526 	DATA 	Sampled Response: 1, Outcome Shown: -22
231.1424 	DATA 	Keypress: 2
231.1589 	EXP 	unnamed TextStim: text = '-6'
231.6666 	DATA 	Sampled Response: 2, Outcome Shown: -6
231.9589 	DATA 	Keypress: 1
231.9753 	EXP 	unnamed TextStim: text = '+4'
232.4834 	DATA 	Sampled Response: 1, Outcome Shown: +4
232.8255 	DATA 	Keypress: 2
232.8418 	EXP 	unnamed TextStim: text = '-6'
233.3317 	DATA 	Sampled Response: 2, Outcome Shown: -6
233.6920 	DATA 	Keypress: 1
233.7084 	EXP 	unnamed TextStim: text = '+4'
234.2072 	DATA 	Sampled Response: 1, Outcome Shown: +4
234.4087 	DATA 	Keypress: 2
234.4250 	EXP 	unnamed TextStim: text = '-6'
234.9157 	DATA 	Sampled Response: 2, Outcome Shown: -6
235.2585 	DATA 	Keypress: 1
235.2749 	EXP 	unnamed TextStim: text = '+4'
235.7752 	DATA 	Sampled Response: 1, Outcome Shown: +4
235.9418 	DATA 	Keypress: 2
235.9580 	EXP 	unnamed TextStim: text = '-6'
236.4642 	DATA 	Sampled Response: 2, Outcome Shown: -6
236.8083 	DATA 	Keypress: 1
236.8246 	EXP 	unnamed TextStim: text = '+4'
237.3278 	DATA 	Sampled Response: 1, Outcome Shown: +4
237.5416 	DATA 	Keypress: 2
237.5579 	EXP 	unnamed TextStim: text = '-6'
238.0641 	DATA 	Sampled Response: 2, Outcome Shown: -6
238.4081 	DATA 	Keypress: 1
238.4242 	EXP 	unnamed TextStim: text = '-22'
238.9268 	DATA 	Sampled Response: 1, Outcome Shown: -22
239.1089 	DATA 	Keypress: 2
239.1410 	EXP 	unnamed TextStim: text = '-6'
239.6474 	DATA 	Sampled Response: 2, Outcome Shown: -6
239.9579 	DATA 	Keypress: 1
239.9745 	EXP 	unnamed TextStim: text = '+4'
240.4799 	DATA 	Sampled Response: 1, Outcome Shown: +4
240.5412 	DATA 	Keypress: 2
240.5576 	EXP 	unnamed TextStim: text = '-6'
241.0595 	DATA 	Sampled Response: 2, Outcome Shown: -6
241.3743 	DATA 	Keypress: 1
241.3909 	EXP 	unnamed TextStim: text = '-22'
241.8916 	DATA 	Sampled Response: 1, Outcome Shown: -22
241.8919 	DATA 	Keypress: 2
241.8920 	DATA 	** broke sampling loop (<.5s left in trial) **
241.8928 	DATA 	samplingCount: 21
241.8928 	DATA 	Think Onset
241.8963 	EXP 	unnamed Rect: lineColor = 'white (named)'
241.8963 	EXP 	unnamed Rect: lineColor = 'white (named)'
244.9237 	DATA 	Decide Onset
245.4289 	DATA 	Keypress: 2
245.4289 	DATA 	Decision Button Press: ['2']
245.4290 	DATA 	Decision Response: 2
245.4325 	EXP 	unnamed Rect: lineColor = 'red (named)'
245.9426 	DATA 	ITI Onset
245.9458 	EXP 	unnamed Rect: lineColor = 'white (named)'
245.9458 	EXP 	unnamed Rect: lineColor = 'white (named)'
245.9458 	EXP 	unnamed TextStim: text = '-22'
245.9458 	EXP 	unnamed TextStim: text = '-6'
248.7238 	DATA 	Trial End Time - totalITI: 2.776400801
248.7240 	EXP 	New trial (rep=0, index=10): {'P1_1': '0.2', 'P1_2': '1', 'SafeOption': '2', 'P2_2': '0', 'O2_2': '0', 'O2_1': '0', 'ProbNumber': 'SD12', 'O1_2': '6', 'O1_1': '29', 'EV2': '6', 'EV1': '5.8', 'ProbType': 'SD', 'P2_1': '0.8'}
248.7241 	DATA 	Trial Onset - ProblemType: SD, ProblemNumber: SD12, leftRight: 0, samplingDur: 15, assignedITI: 1.2377
248.7241 	DATA 	Sampling Onset
249.3737 	DATA 	Keypress: 1
249.3899 	EXP 	unnamed TextStim: text = '0'
249.9021 	DATA 	Sampled Response: 1, Outcome Shown: 0
250.2067 	DATA 	Keypress: 2
250.2231 	EXP 	unnamed TextStim: text = '+6'
250.7340 	DATA 	Sampled Response: 2, Outcome Shown: +6
251.2734 	DATA 	Keypress: 1
251.2900 	EXP 	unnamed TextStim: text = '0'
251.7998 	DATA 	Sampled Response: 1, Outcome Shown: 0
251.9735 	DATA 	Keypress: 2
251.9897 	EXP 	unnamed TextStim: text = '+6'
252.4913 	DATA 	Sampled Response: 2, Outcome Shown: +6
252.8393 	DATA 	Keypress: 1
252.8564 	EXP 	unnamed TextStim: text = '0'
253.3677 	DATA 	Sampled Response: 1, Outcome Shown: 0
253.6397 	DATA 	Keypress: 2
253.6561 	EXP 	unnamed TextStim: text = '+6'
254.1683 	DATA 	Sampled Response: 2, Outcome Shown: +6
254.5062 	DATA 	Keypress: 1
254.5225 	EXP 	unnamed TextStim: text = '+29'
255.0290 	DATA 	Sampled Response: 1, Outcome Shown: +29
255.3225 	DATA 	Keypress: 2
255.3391 	EXP 	unnamed TextStim: text = '+6'
255.8458 	DATA 	Sampled Response: 2, Outcome Shown: +6
256.1561 	DATA 	Keypress: 1
256.1726 	EXP 	unnamed TextStim: text = '0'
256.6774 	DATA 	Sampled Response: 1, Outcome Shown: 0
256.8395 	DATA 	Keypress: 2
256.8558 	EXP 	unnamed TextStim: text = '+6'
257.3665 	DATA 	Sampled Response: 2, Outcome Shown: +6
257.5560 	DATA 	Keypress: 1
257.5723 	EXP 	unnamed TextStim: text = '0'
258.0718 	DATA 	Sampled Response: 1, Outcome Shown: 0
258.2226 	DATA 	Keypress: 2
258.2389 	EXP 	unnamed TextStim: text = '+6'
258.7343 	DATA 	Sampled Response: 2, Outcome Shown: +6
259.2559 	DATA 	Keypress: 1
259.2723 	EXP 	unnamed TextStim: text = '0'
259.7812 	DATA 	Sampled Response: 1, Outcome Shown: 0
259.8890 	DATA 	Keypress: 2
259.9055 	EXP 	unnamed TextStim: text = '+6'
260.4094 	DATA 	Sampled Response: 2, Outcome Shown: +6
260.7557 	DATA 	Keypress: 1
260.7719 	EXP 	unnamed TextStim: text = '0'
261.2695 	DATA 	Sampled Response: 1, Outcome Shown: 0
261.3722 	DATA 	Keypress: 2
261.3887 	EXP 	unnamed TextStim: text = '+6'
261.8999 	DATA 	Sampled Response: 2, Outcome Shown: +6
262.2221 	DATA 	Keypress: 1
262.2386 	EXP 	unnamed TextStim: text = '0'
262.7448 	DATA 	Sampled Response: 1, Outcome Shown: 0
262.7717 	DATA 	Keypress: 2
262.7880 	EXP 	unnamed TextStim: text = '+6'
263.2934 	DATA 	Sampled Response: 2, Outcome Shown: +6
263.2937 	DATA 	** broke sampling loop (<.5s left in trial) **
263.2943 	DATA 	samplingCount: 18
263.2943 	DATA 	Think Onset
263.2979 	EXP 	unnamed Rect: lineColor = 'white (named)'
263.2979 	EXP 	unnamed Rect: lineColor = 'white (named)'
263.6059 	DATA 	Keypress: 1
266.3214 	DATA 	Decide Onset
266.9649 	DATA 	Keypress: 1
266.9649 	DATA 	Decision Button Press: ['1']
266.9650 	DATA 	Decision Response: 1
266.9686 	EXP 	unnamed Rect: lineColor = 'red (named)'
267.4872 	DATA 	ITI Onset
267.4905 	EXP 	unnamed Rect: lineColor = 'white (named)'
267.4905 	EXP 	unnamed Rect: lineColor = 'white (named)'
267.4905 	EXP 	unnamed TextStim: text = '0'
267.4905 	EXP 	unnamed TextStim: text = '+6'
270.2215 	DATA 	Trial End Time - totalITI: 2.72442879003
270.2217 	EXP 	New trial (rep=0, index=11): {'P1_1': '0.4', 'P1_2': '1', 'SafeOption': '2', 'P2_2': '0', 'O2_2': '0', 'O2_1': '0', 'ProbNumber': 'SD11', 'O1_2': '8', 'O1_1': '22', 'EV2': '8', 'EV1': '8.8', 'ProbType': 'SD', 'P2_1': '0.6'}
270.2218 	DATA 	Trial Onset - ProblemType: SD, ProblemNumber: SD11, leftRight: 0, samplingDur: 17, assignedITI: 5.4629
270.2218 	DATA 	Sampling Onset
270.8207 	DATA 	Keypress: 1
270.8374 	EXP 	unnamed TextStim: text = '+22'
271.3383 	DATA 	Sampled Response: 1, Outcome Shown: +22
271.5876 	DATA 	Keypress: 2
271.6040 	EXP 	unnamed TextStim: text = '+8'
272.1066 	DATA 	Sampled Response: 2, Outcome Shown: +8
272.4370 	DATA 	Keypress: 1
272.4539 	EXP 	unnamed TextStim: text = '+22'
272.9529 	DATA 	Sampled Response: 1, Outcome Shown: +22
273.1703 	DATA 	Keypress: 2
273.1873 	EXP 	unnamed TextStim: text = '+8'
273.6904 	DATA 	Sampled Response: 2, Outcome Shown: +8
274.0875 	DATA 	Keypress: 1
274.1038 	EXP 	unnamed TextStim: text = '0'
274.6139 	DATA 	Sampled Response: 1, Outcome Shown: 0
274.8038 	DATA 	Keypress: 2
274.8203 	EXP 	unnamed TextStim: text = '+8'
275.3206 	DATA 	Sampled Response: 2, Outcome Shown: +8
275.7872 	DATA 	Keypress: 1
275.8033 	EXP 	unnamed TextStim: text = '0'
276.3090 	DATA 	Sampled Response: 1, Outcome Shown: 0
276.3538 	DATA 	Keypress: 2
276.3702 	EXP 	unnamed TextStim: text = '+8'
276.8733 	DATA 	Sampled Response: 2, Outcome Shown: +8
277.2363 	DATA 	Keypress: 1
277.2528 	EXP 	unnamed TextStim: text = '0'
277.7505 	DATA 	Sampled Response: 1, Outcome Shown: 0
277.8040 	DATA 	Keypress: 2
277.8200 	EXP 	unnamed TextStim: text = '+8'
278.3307 	DATA 	Sampled Response: 2, Outcome Shown: +8
278.6535 	DATA 	Keypress: 1
278.6699 	EXP 	unnamed TextStim: text = '0'
279.1768 	DATA 	Sampled Response: 1, Outcome Shown: 0
279.2200 	DATA 	Keypress: 2
279.2365 	EXP 	unnamed TextStim: text = '+8'
279.7421 	DATA 	Sampled Response: 2, Outcome Shown: +8
280.0369 	DATA 	Keypress: 1
280.0530 	EXP 	unnamed TextStim: text = '+22'
280.5590 	DATA 	Sampled Response: 1, Outcome Shown: +22
280.6374 	DATA 	Keypress: 2
280.6697 	EXP 	unnamed TextStim: text = '+8'
281.1690 	DATA 	Sampled Response: 2, Outcome Shown: +8
281.4700 	DATA 	Keypress: 1
281.4862 	EXP 	unnamed TextStim: text = '+22'
281.9836 	DATA 	Sampled Response: 1, Outcome Shown: +22
282.0533 	DATA 	Keypress: 2
282.0696 	EXP 	unnamed TextStim: text = '+8'
282.5806 	DATA 	Sampled Response: 2, Outcome Shown: +8
282.8699 	DATA 	Keypress: 1
282.8859 	EXP 	unnamed TextStim: text = '+22'
283.3958 	DATA 	Sampled Response: 1, Outcome Shown: +22
283.4371 	DATA 	Keypress: 2
283.4691 	EXP 	unnamed TextStim: text = '+8'
283.9752 	DATA 	Sampled Response: 2, Outcome Shown: +8
284.2697 	DATA 	Keypress: 1
284.2857 	EXP 	unnamed TextStim: text = '0'
284.7916 	DATA 	Sampled Response: 1, Outcome Shown: 0
284.8027 	DATA 	Keypress: 2
284.8192 	EXP 	unnamed TextStim: text = '+8'
285.3254 	DATA 	Sampled Response: 2, Outcome Shown: +8
285.5693 	DATA 	Keypress: 1
285.5857 	EXP 	unnamed TextStim: text = '0'
286.0930 	DATA 	Sampled Response: 1, Outcome Shown: 0
286.0933 	DATA 	Keypress: 2
286.7358 	DATA 	** broke sampling loop (<.5s left in trial) **
286.7366 	DATA 	samplingCount: 21
286.7366 	DATA 	Think Onset
286.7523 	EXP 	unnamed Rect: lineColor = 'white (named)'
286.7523 	EXP 	unnamed Rect: lineColor = 'white (named)'
287.3698 	DATA 	Keypress: 1
289.7688 	DATA 	Decide Onset
290.1647 	DATA 	Keypress: 1
290.1648 	DATA 	Decision Button Press: ['1']
290.1648 	DATA 	Decision Response: 1
290.1683 	EXP 	unnamed Rect: lineColor = 'red (named)'
290.6777 	DATA 	ITI Onset
290.6811 	EXP 	unnamed Rect: lineColor = 'white (named)'
290.6811 	EXP 	unnamed Rect: lineColor = 'white (named)'
290.6811 	EXP 	unnamed TextStim: text = '0'
290.6811 	EXP 	unnamed TextStim: text = '+8'
297.9351 	DATA 	Trial End Time - totalITI: 7.25265132555
297.9353 	EXP 	New trial (rep=0, index=12): {'P1_1': '0.8', 'P1_2': '1', 'SafeOption': '2', 'P2_2': '0', 'O2_2': '0', 'O2_1': '0', 'ProbNumber': 'SD9', 'O1_2': '13', 'O1_1': '16', 'EV2': '13', 'EV1': '12.8', 'ProbType': 'SD', 'P2_1': '0.2'}
297.9354 	DATA 	Trial Onset - ProblemType: SD, ProblemNumber: SD9, leftRight: 0, samplingDur: 15, assignedITI: 1.8631
297.9354 	DATA 	Sampling Onset
299.0844 	DATA 	Keypress: 1
299.1005 	EXP 	unnamed TextStim: text = '0'
299.6096 	DATA 	Sampled Response: 1, Outcome Shown: 0
299.7511 	DATA 	Keypress: 2
299.7674 	EXP 	unnamed TextStim: text = '+13'
300.2686 	DATA 	Sampled Response: 2, Outcome Shown: +13
300.5512 	DATA 	Keypress: 1
300.5671 	EXP 	unnamed TextStim: text = '+16'
301.0670 	DATA 	Sampled Response: 1, Outcome Shown: +16
301.1678 	DATA 	Keypress: 2
301.1840 	EXP 	unnamed TextStim: text = '+13'
301.6932 	DATA 	Sampled Response: 2, Outcome Shown: +13
301.8841 	DATA 	Keypress: 1
301.9005 	EXP 	unnamed TextStim: text = '+16'
302.4008 	DATA 	Sampled Response: 1, Outcome Shown: +16
302.4674 	DATA 	Keypress: 2
302.4837 	EXP 	unnamed TextStim: text = '+13'
302.9942 	DATA 	Sampled Response: 2, Outcome Shown: +13
303.1674 	DATA 	Keypress: 1
303.1837 	EXP 	unnamed TextStim: text = '+16'
303.6852 	DATA 	Sampled Response: 1, Outcome Shown: +16
303.6855 	DATA 	Keypress: 2
304.3339 	DATA 	Keypress: 2
304.3503 	EXP 	unnamed TextStim: text = '+13'
304.8606 	DATA 	Sampled Response: 2, Outcome Shown: +13
305.0337 	DATA 	Keypress: 1
305.0503 	EXP 	unnamed TextStim: text = '+16'
305.5517 	DATA 	Sampled Response: 1, Outcome Shown: +16
305.7169 	DATA 	Keypress: 2
305.7334 	EXP 	unnamed TextStim: text = '+13'
306.2402 	DATA 	Sampled Response: 2, Outcome Shown: +13
306.5669 	DATA 	Keypress: 1
306.5835 	EXP 	unnamed TextStim: text = '0'
307.0892 	DATA 	Sampled Response: 1, Outcome Shown: 0
307.1169 	DATA 	Keypress: 2
307.1330 	EXP 	unnamed TextStim: text = '+13'
307.6372 	DATA 	Sampled Response: 2, Outcome Shown: +13
307.7836 	DATA 	Keypress: 1
307.7998 	EXP 	unnamed TextStim: text = '+16'
308.3102 	DATA 	Sampled Response: 1, Outcome Shown: +16
308.3105 	DATA 	Keypress: 2
309.4332 	DATA 	Keypress: 1
309.4496 	EXP 	unnamed TextStim: text = '+16'
309.9578 	DATA 	Sampled Response: 1, Outcome Shown: +16
309.9581 	DATA 	Keypress: 2
310.4500 	DATA 	Keypress: 2
310.4663 	EXP 	unnamed TextStim: text = '+13'
310.9763 	DATA 	Sampled Response: 2, Outcome Shown: +13
311.2664 	DATA 	Keypress: 1
311.2828 	EXP 	unnamed TextStim: text = '+16'
311.7915 	DATA 	Sampled Response: 1, Outcome Shown: +16
311.7918 	DATA 	Keypress: 2
312.1663 	DATA 	Keypress: 2
312.1827 	EXP 	unnamed TextStim: text = '+13'
312.6859 	DATA 	Sampled Response: 2, Outcome Shown: +13
312.6861 	DATA 	** broke sampling loop (<.5s left in trial) **
312.6868 	DATA 	samplingCount: 17
312.6868 	DATA 	Think Onset
312.6902 	EXP 	unnamed Rect: lineColor = 'white (named)'
312.6902 	EXP 	unnamed Rect: lineColor = 'white (named)'
312.8169 	DATA 	Keypress: 1
315.7158 	DATA 	Decide Onset
316.2847 	DATA 	Keypress: 2
316.2848 	DATA 	Decision Button Press: ['2']
316.2849 	DATA 	Decision Response: 2
316.2884 	EXP 	unnamed Rect: lineColor = 'red (named)'
316.8035 	DATA 	ITI Onset
316.8068 	EXP 	unnamed Rect: lineColor = 'white (named)'
316.8068 	EXP 	unnamed Rect: lineColor = 'white (named)'
316.8068 	EXP 	unnamed TextStim: text = '+16'
316.8068 	EXP 	unnamed TextStim: text = '+13'
320.0490 	DATA 	Trial End Time - totalITI: 3.24324189415
320.0492 	EXP 	New trial (rep=0, index=13): {'P1_1': '0.3', 'P1_2': '1', 'SafeOption': '2', 'P2_2': '0', 'O2_2': '0', 'O2_1': '-4', 'ProbNumber': 'MD11', 'O1_2': '5', 'O1_1': '27', 'EV2': '5', 'EV1': '5.3', 'ProbType': 'MD', 'P2_1': '0.7'}
320.0493 	DATA 	Trial Onset - ProblemType: MD, ProblemNumber: MD11, leftRight: 1, samplingDur: 19, assignedITI: 1.0587
320.0493 	DATA 	Sampling Onset
320.7654 	DATA 	Keypress: 1
320.7817 	EXP 	unnamed TextStim: text = '+5'
321.2926 	DATA 	Sampled Response: 2, Outcome Shown: -4
321.5820 	DATA 	Keypress: 2
321.5982 	EXP 	unnamed TextStim: text = '-4'
322.0938 	DATA 	Sampled Response: 1, Outcome Shown: +5
322.4817 	DATA 	Keypress: 1
322.4982 	EXP 	unnamed TextStim: text = '+5'
323.0028 	DATA 	Sampled Response: 2, Outcome Shown: +27
323.2649 	DATA 	Keypress: 2
323.2813 	EXP 	unnamed TextStim: text = '-4'
323.7876 	DATA 	Sampled Response: 1, Outcome Shown: +5
324.0981 	DATA 	Keypress: 1
324.1146 	EXP 	unnamed TextStim: text = '+5'
324.6185 	DATA 	Sampled Response: 2, Outcome Shown: -4
324.8315 	DATA 	Keypress: 2
324.8477 	EXP 	unnamed TextStim: text = '-4'
325.3548 	DATA 	Sampled Response: 1, Outcome Shown: +5
325.6814 	DATA 	Keypress: 1
325.6977 	EXP 	unnamed TextStim: text = '+5'
326.2014 	DATA 	Sampled Response: 2, Outcome Shown: +27
326.4144 	DATA 	Keypress: 2
326.4308 	EXP 	unnamed TextStim: text = '-4'
326.9384 	DATA 	Sampled Response: 1, Outcome Shown: +5
327.2977 	DATA 	Keypress: 1
327.3141 	EXP 	unnamed TextStim: text = '+5'
327.8180 	DATA 	Sampled Response: 2, Outcome Shown: -4
327.9313 	DATA 	Keypress: 2
327.9475 	EXP 	unnamed TextStim: text = '+27'
328.4597 	DATA 	Sampled Response: 1, Outcome Shown: +5
328.7477 	DATA 	Keypress: 1
328.7640 	EXP 	unnamed TextStim: text = '+5'
329.2628 	DATA 	Sampled Response: 2, Outcome Shown: +27
329.3644 	DATA 	Keypress: 2
329.3806 	EXP 	unnamed TextStim: text = '+27'
329.8870 	DATA 	Sampled Response: 1, Outcome Shown: +5
330.2641 	DATA 	Keypress: 1
330.2805 	EXP 	unnamed TextStim: text = '+5'
330.7795 	DATA 	Sampled Response: 2, Outcome Shown: -4
330.8140 	DATA 	Keypress: 2
330.8306 	EXP 	unnamed TextStim: text = '-4'
331.3283 	DATA 	Sampled Response: 1, Outcome Shown: +5
331.5305 	DATA 	Keypress: 1
331.5471 	EXP 	unnamed TextStim: text = '+5'
332.0499 	DATA 	Sampled Response: 2, Outcome Shown: -4
332.0972 	DATA 	Keypress: 2
332.1135 	EXP 	unnamed TextStim: text = '-4'
332.6144 	DATA 	Sampled Response: 1, Outcome Shown: +5
332.8135 	DATA 	Keypress: 1
332.8298 	EXP 	unnamed TextStim: text = '+5'
333.3354 	DATA 	Sampled Response: 2, Outcome Shown: -4
333.3468 	DATA 	Keypress: 2
333.3631 	EXP 	unnamed TextStim: text = '-4'
333.8689 	DATA 	Sampled Response: 1, Outcome Shown: +5
334.0473 	DATA 	Keypress: 1
334.0634 	EXP 	unnamed TextStim: text = '+5'
334.5617 	DATA 	Sampled Response: 2, Outcome Shown: +27
334.5620 	DATA 	Keypress: 2
335.1802 	DATA 	Keypress: 2
335.1967 	EXP 	unnamed TextStim: text = '-4'
335.7040 	DATA 	Sampled Response: 1, Outcome Shown: +5
335.8302 	DATA 	Keypress: 1
335.8465 	EXP 	unnamed TextStim: text = '+5'
336.3468 	DATA 	Sampled Response: 2, Outcome Shown: -4
336.4301 	DATA 	Keypress: 2
336.4464 	EXP 	unnamed TextStim: text = '+27'
336.9586 	DATA 	Sampled Response: 1, Outcome Shown: +5
337.1135 	DATA 	Keypress: 1
337.1291 	EXP 	unnamed TextStim: text = '+5'
337.6310 	DATA 	Sampled Response: 2, Outcome Shown: -4
337.6800 	DATA 	Keypress: 2
337.6963 	EXP 	unnamed TextStim: text = '-4'
338.1959 	DATA 	Sampled Response: 1, Outcome Shown: +5
338.3301 	DATA 	Keypress: 1
338.3466 	EXP 	unnamed TextStim: text = '+5'
338.8565 	DATA 	Sampled Response: 2, Outcome Shown: +27
338.8567 	DATA 	** broke sampling loop (<.5s left in trial) **
338.8574 	DATA 	samplingCount: 25
338.8574 	DATA 	Think Onset
338.8609 	EXP 	unnamed Rect: lineColor = 'white (named)'
338.8609 	EXP 	unnamed Rect: lineColor = 'white (named)'
338.8968 	DATA 	Keypress: 2
341.8793 	DATA 	Decide Onset
342.3646 	DATA 	Keypress: 2
342.3647 	DATA 	Decision Button Press: ['2']
342.3647 	DATA 	Decision Response: 1
342.3681 	EXP 	unnamed Rect: lineColor = 'red (named)'
342.8763 	DATA 	ITI Onset
342.8795 	EXP 	unnamed Rect: lineColor = 'white (named)'
342.8795 	EXP 	unnamed Rect: lineColor = 'white (named)'
342.8795 	EXP 	unnamed TextStim: text = '+5'
342.8795 	EXP 	unnamed TextStim: text = '-4'
345.3461 	DATA 	Trial End Time - totalITI: 2.46576604794
345.3463 	EXP 	New trial (rep=0, index=14): {'P1_1': '0.9', 'P1_2': '1', 'SafeOption': '2', 'P2_2': '0', 'O2_2': '0', 'O2_1': '-30', 'ProbNumber': 'MD2', 'O1_2': '-1', 'O1_1': '2', 'EV2': '-1', 'EV1': '-1.2', 'ProbType': 'MD', 'P2_1': '0.1'}
345.3464 	DATA 	Trial Onset - ProblemType: MD, ProblemNumber: MD2, leftRight: 0, samplingDur: 18, assignedITI: 1.3679
345.3464 	DATA 	Sampling Onset
346.1458 	DATA 	Keypress: 1
346.1621 	EXP 	unnamed TextStim: text = '-30'
346.6633 	DATA 	Sampled Response: 1, Outcome Shown: -30
346.8291 	DATA 	Keypress: 2
346.8451 	EXP 	unnamed TextStim: text = '-1'
347.3550 	DATA 	Sampled Response: 2, Outcome Shown: -1
347.7454 	DATA 	Keypress: 1
347.7618 	EXP 	unnamed TextStim: text = '-30'
348.2632 	DATA 	Sampled Response: 1, Outcome Shown: -30
348.4288 	DATA 	Keypress: 2
348.4451 	EXP 	unnamed TextStim: text = '-1'
348.9544 	DATA 	Sampled Response: 2, Outcome Shown: -1
349.3119 	DATA 	Keypress: 1
349.3283 	EXP 	unnamed TextStim: text = '-30'
349.8315 	DATA 	Sampled Response: 1, Outcome Shown: -30
349.8954 	DATA 	Keypress: 2
349.9116 	EXP 	unnamed TextStim: text = '-1'
350.4107 	DATA 	Sampled Response: 2, Outcome Shown: -1
350.5619 	DATA 	Keypress: 1
350.5782 	EXP 	unnamed TextStim: text = '+2'
351.0866 	DATA 	Sampled Response: 1, Outcome Shown: +2
351.1950 	DATA 	Keypress: 2
351.2115 	EXP 	unnamed TextStim: text = '-1'
351.7131 	DATA 	Sampled Response: 2, Outcome Shown: -1
351.9284 	DATA 	Keypress: 1
351.9447 	EXP 	unnamed TextStim: text = '+2'
352.4500 	DATA 	Sampled Response: 1, Outcome Shown: +2
352.4503 	DATA 	Keypress: 2
353.0448 	DATA 	Keypress: 2
353.0611 	EXP 	unnamed TextStim: text = '-1'
353.5621 	DATA 	Sampled Response: 2, Outcome Shown: -1
353.6449 	DATA 	Keypress: 1
353.6611 	EXP 	unnamed TextStim: text = '+2'
354.1588 	DATA 	Sampled Response: 1, Outcome Shown: +2
354.1591 	DATA 	Keypress: 2
354.5777 	DATA 	Keypress: 2
354.5943 	EXP 	unnamed TextStim: text = '-1'
355.0998 	DATA 	Sampled Response: 2, Outcome Shown: -1
355.2287 	DATA 	Keypress: 1
355.2613 	EXP 	unnamed TextStim: text = '+2'
355.7610 	DATA 	Sampled Response: 1, Outcome Shown: +2
355.7613 	DATA 	Keypress: 2
356.1443 	DATA 	Keypress: 2
356.1608 	EXP 	unnamed TextStim: text = '-1'
356.6673 	DATA 	Sampled Response: 2, Outcome Shown: -1
356.6676 	DATA 	Keypress: 1
357.2444 	DATA 	Keypress: 1
357.2609 	EXP 	unnamed TextStim: text = '+2'
357.7650 	DATA 	Sampled Response: 1, Outcome Shown: +2
357.7653 	DATA 	Keypress: 2
358.1777 	DATA 	Keypress: 2
358.1943 	EXP 	unnamed TextStim: text = '-1'
358.7058 	DATA 	Sampled Response: 2, Outcome Shown: -1
358.7061 	DATA 	Keypress: 1
359.3276 	DATA 	Keypress: 1
359.3438 	EXP 	unnamed TextStim: text = '+2'
359.8504 	DATA 	Sampled Response: 1, Outcome Shown: +2
359.8507 	DATA 	Keypress: 2
360.2273 	DATA 	Keypress: 2
360.2437 	EXP 	unnamed TextStim: text = '-1'
360.7300 	DATA 	Sampled Response: 2, Outcome Shown: -1
360.7303 	DATA 	Keypress: 1
361.1606 	DATA 	Keypress: 1
361.1768 	EXP 	unnamed TextStim: text = '+2'
361.6861 	DATA 	Sampled Response: 1, Outcome Shown: +2
361.6864 	DATA 	Keypress: 2
362.0270 	DATA 	Keypress: 2
362.0434 	EXP 	unnamed TextStim: text = '-1'
362.5472 	DATA 	Sampled Response: 2, Outcome Shown: -1
362.5475 	DATA 	Keypress: 1
362.8603 	DATA 	** broke sampling loop (<.5s left in trial) **
362.8610 	DATA 	samplingCount: 20
362.8610 	DATA 	Think Onset
362.8768 	EXP 	unnamed Rect: lineColor = 'white (named)'
362.8768 	EXP 	unnamed Rect: lineColor = 'white (named)'
362.9947 	DATA 	Keypress: 1
365.8934 	DATA 	Decide Onset
366.3406 	DATA 	Keypress: 2
366.3407 	DATA 	Decision Button Press: ['2']
366.3407 	DATA 	Decision Response: 2
366.3443 	EXP 	unnamed Rect: lineColor = 'red (named)'
366.8495 	DATA 	ITI Onset
366.8526 	EXP 	unnamed Rect: lineColor = 'white (named)'
366.8526 	EXP 	unnamed Rect: lineColor = 'white (named)'
366.8526 	EXP 	unnamed TextStim: text = '+2'
366.8526 	EXP 	unnamed TextStim: text = '-1'
369.9600 	DATA 	Trial End Time - totalITI: 3.10661411085
369.9602 	EXP 	New trial (rep=0, index=15): {'P1_1': '0.9', 'P1_2': '1', 'SafeOption': '2', 'P2_2': '0', 'O2_2': '0', 'O2_1': '-37', 'ProbNumber': 'MD3', 'O1_2': '-5', 'O1_1': '10', 'EV2': '-5', 'EV1': '5.3', 'ProbType': 'MD', 'P2_1': '0.1'}
369.9603 	DATA 	Trial Onset - ProblemType: MD, ProblemNumber: MD3, leftRight: 1, samplingDur: 15, assignedITI: 2.2012
369.9603 	DATA 	Sampling Onset
370.7596 	DATA 	Keypress: 1
370.7758 	EXP 	unnamed TextStim: text = '-5'
371.2818 	DATA 	Sampled Response: 2, Outcome Shown: +10
371.6092 	DATA 	Keypress: 2
371.6256 	EXP 	unnamed TextStim: text = '+10'
372.1265 	DATA 	Sampled Response: 1, Outcome Shown: -5
372.4767 	DATA 	Keypress: 1
372.5089 	EXP 	unnamed TextStim: text = '-5'
373.0211 	DATA 	Sampled Response: 2, Outcome Shown: +10
373.1925 	DATA 	Keypress: 2
373.2089 	EXP 	unnamed TextStim: text = '+10'
373.7116 	DATA 	Sampled Response: 1, Outcome Shown: -5
374.1090 	DATA 	Keypress: 1
374.1253 	EXP 	unnamed TextStim: text = '-5'
374.6367 	DATA 	Sampled Response: 2, Outcome Shown: -37
374.7422 	DATA 	Keypress: 2
374.7587 	EXP 	unnamed TextStim: text = '-37'
375.2636 	DATA 	Sampled Response: 1, Outcome Shown: -5
375.5588 	DATA 	Keypress: 1
375.5752 	EXP 	unnamed TextStim: text = '-5'
376.0785 	DATA 	Sampled Response: 2, Outcome Shown: +10
376.1589 	DATA 	Keypress: 2
376.1751 	EXP 	unnamed TextStim: text = '+10'
376.6756 	DATA 	Sampled Response: 1, Outcome Shown: -5
376.9915 	DATA 	Keypress: 1
377.0085 	EXP 	unnamed TextStim: text = '-5'
377.4936 	DATA 	Sampled Response: 2, Outcome Shown: +10
377.5416 	DATA 	Keypress: 2
377.5585 	EXP 	unnamed TextStim: text = '+10'
378.0712 	DATA 	Sampled Response: 1, Outcome Shown: -5
378.4253 	DATA 	Keypress: 1
378.4412 	EXP 	unnamed TextStim: text = '-5'
378.9489 	DATA 	Sampled Response: 2, Outcome Shown: +10
378.9492 	DATA 	Keypress: 2
379.4250 	DATA 	Keypress: 2
379.4416 	EXP 	unnamed TextStim: text = '+10'
379.9517 	DATA 	Sampled Response: 1, Outcome Shown: -5
380.3918 	DATA 	Keypress: 1
380.4080 	EXP 	unnamed TextStim: text = '-5'
380.9090 	DATA 	Sampled Response: 2, Outcome Shown: +10
380.9093 	DATA 	Keypress: 2
381.3087 	DATA 	Keypress: 2
381.8250 	DATA 	Keypress: 2
381.8412 	EXP 	unnamed TextStim: text = '+10'
382.3522 	DATA 	Sampled Response: 1, Outcome Shown: -5
382.4747 	DATA 	Keypress: 1
382.4911 	EXP 	unnamed TextStim: text = '-5'
382.9940 	DATA 	Sampled Response: 2, Outcome Shown: +10
382.9984 	DATA 	Keypress: 2
383.0077 	EXP 	unnamed TextStim: text = '+10'
383.5122 	DATA 	Sampled Response: 1, Outcome Shown: -5
383.5913 	DATA 	Keypress: 1
383.6076 	EXP 	unnamed TextStim: text = '-5'
384.1071 	DATA 	Sampled Response: 2, Outcome Shown: -37
384.1111 	DATA 	Keypress: 2
384.1239 	EXP 	unnamed TextStim: text = '+10'
384.6251 	DATA 	Sampled Response: 1, Outcome Shown: -5
384.6253 	DATA 	** broke sampling loop (<.5s left in trial) **
384.6260 	DATA 	samplingCount: 18
384.6260 	DATA 	Think Onset
384.6294 	EXP 	unnamed Rect: lineColor = 'white (named)'
384.6294 	EXP 	unnamed Rect: lineColor = 'white (named)'
384.6418 	DATA 	Keypress: 1
387.6572 	DATA 	Decide Onset
388.8286 	DATA 	Keypress: 2
388.8287 	DATA 	Decision Button Press: ['2']
388.8288 	DATA 	Decision Response: 1
388.8322 	EXP 	unnamed Rect: lineColor = 'red (named)'
389.3540 	DATA 	ITI Onset
389.3573 	EXP 	unnamed Rect: lineColor = 'white (named)'
389.3573 	EXP 	unnamed Rect: lineColor = 'white (named)'
389.3573 	EXP 	unnamed TextStim: text = '-5'
389.3573 	EXP 	unnamed TextStim: text = '+10'
392.4234 	DATA 	Trial End Time - totalITI: 3.06456598247
392.4236 	EXP 	New trial (rep=0, index=16): {'P1_1': '0.4', 'P1_2': '0.4', 'SafeOption': '1', 'P2_2': '0.6', 'O2_2': '17', 'O2_1': '12', 'ProbNumber': 'RR2', 'O1_2': '-5', 'O1_1': '5', 'EV2': '8.2', 'EV1': '9.2', 'ProbType': 'RR', 'P2_1': '0.6'}
392.4237 	DATA 	Trial Onset - ProblemType: RR, ProblemNumber: RR2, leftRight: 1, samplingDur: 19, assignedITI: 1.233
392.4237 	DATA 	Sampling Onset
393.1230 	DATA 	Keypress: 1
393.1393 	EXP 	unnamed TextStim: text = '-5'
393.6411 	DATA 	Sampled Response: 2, Outcome Shown: +5
393.9575 	DATA 	Keypress: 2
393.9897 	EXP 	unnamed TextStim: text = '+12'
394.4883 	DATA 	Sampled Response: 1, Outcome Shown: +17
394.8734 	DATA 	Keypress: 1
394.8895 	EXP 	unnamed TextStim: text = '-5'
395.3962 	DATA 	Sampled Response: 2, Outcome Shown: +5
395.5568 	DATA 	Keypress: 2
395.5729 	EXP 	unnamed TextStim: text = '+12'
396.0718 	DATA 	Sampled Response: 1, Outcome Shown: +17
396.4895 	DATA 	Keypress: 1
396.5061 	EXP 	unnamed TextStim: text = '+17'
397.0122 	DATA 	Sampled Response: 2, Outcome Shown: +12
397.2730 	DATA 	Keypress: 2
397.2894 	EXP 	unnamed TextStim: text = '+12'
397.7968 	DATA 	Sampled Response: 1, Outcome Shown: +17
398.1563 	DATA 	Keypress: 1
398.1727 	EXP 	unnamed TextStim: text = '+17'
398.6726 	DATA 	Sampled Response: 2, Outcome Shown: +12
398.8564 	DATA 	Keypress: 2
398.8724 	EXP 	unnamed TextStim: text = '+12'
399.3804 	DATA 	Sampled Response: 1, Outcome Shown: +17
399.7060 	DATA 	Keypress: 1
399.7222 	EXP 	unnamed TextStim: text = '-5'
400.2252 	DATA 	Sampled Response: 2, Outcome Shown: +12
400.4229 	DATA 	Keypress: 2
400.4389 	EXP 	unnamed TextStim: text = '+5'
400.9488 	DATA 	Sampled Response: 1, Outcome Shown: +17
401.2229 	DATA 	Keypress: 1
401.2388 	EXP 	unnamed TextStim: text = '+17'
401.7463 	DATA 	Sampled Response: 2, Outcome Shown: +12
401.9391 	DATA 	Keypress: 2
401.9555 	EXP 	unnamed TextStim: text = '+12'
402.4533 	DATA 	Sampled Response: 1, Outcome Shown: +17
402.6224 	DATA 	Keypress: 1
402.6387 	EXP 	unnamed TextStim: text = '-5'
403.1281 	DATA 	Sampled Response: 2, Outcome Shown: +5
403.2557 	DATA 	Keypress: 2
403.2724 	EXP 	unnamed TextStim: text = '+12'
403.7847 	DATA 	Sampled Response: 1, Outcome Shown: +17
403.9718 	DATA 	Keypress: 1
403.9882 	EXP 	unnamed TextStim: text = '+17'
404.4900 	DATA 	Sampled Response: 2, Outcome Shown: +5
404.6057 	DATA 	Keypress: 2
404.6221 	EXP 	unnamed TextStim: text = '+5'
405.1354 	DATA 	Sampled Response: 1, Outcome Shown: +17
405.2888 	DATA 	Keypress: 1
405.3051 	EXP 	unnamed TextStim: text = '-5'
405.8086 	DATA 	Sampled Response: 2, Outcome Shown: +12
405.9224 	DATA 	Keypress: 2
405.9382 	EXP 	unnamed TextStim: text = '+12'
406.4513 	DATA 	Sampled Response: 1, Outcome Shown: +17
406.5718 	DATA 	Keypress: 1
406.5883 	EXP 	unnamed TextStim: text = '+17'
407.0929 	DATA 	Sampled Response: 2, Outcome Shown: +12
407.2385 	DATA 	Keypress: 2
407.2551 	EXP 	unnamed TextStim: text = '+12'
407.7689 	DATA 	Sampled Response: 1, Outcome Shown: +17
407.9384 	DATA 	Keypress: 1
407.9548 	EXP 	unnamed TextStim: text = '+17'
408.4587 	DATA 	Sampled Response: 2, Outcome Shown: +5
408.5554 	DATA 	Keypress: 2
408.5715 	EXP 	unnamed TextStim: text = '+12'
409.0847 	DATA 	Sampled Response: 1, Outcome Shown: -5
409.1553 	DATA 	Keypress: 1
409.1713 	EXP 	unnamed TextStim: text = '+17'
409.6819 	DATA 	Sampled Response: 2, Outcome Shown: +12
409.7050 	DATA 	Keypress: 2
409.7212 	EXP 	unnamed TextStim: text = '+12'
410.2290 	DATA 	Sampled Response: 1, Outcome Shown: +17
410.2883 	DATA 	Keypress: 1
410.3046 	EXP 	unnamed TextStim: text = '+17'
410.8092 	DATA 	Sampled Response: 2, Outcome Shown: +12
410.8095 	DATA 	Keypress: 2
410.9383 	DATA 	** broke sampling loop (<.5s left in trial) **
410.9390 	DATA 	samplingCount: 25
410.9390 	DATA 	Think Onset
410.9545 	EXP 	unnamed Rect: lineColor = 'white (named)'
410.9545 	EXP 	unnamed Rect: lineColor = 'white (named)'
413.9707 	DATA 	Decide Onset
415.0525 	DATA 	Keypress: 1
415.0526 	DATA 	Decision Button Press: ['1']
415.0527 	DATA 	Decision Response: 2
415.0562 	EXP 	unnamed Rect: lineColor = 'red (named)'
415.5696 	DATA 	ITI Onset
415.5727 	EXP 	unnamed Rect: lineColor = 'white (named)'
415.5727 	EXP 	unnamed Rect: lineColor = 'white (named)'
415.5727 	EXP 	unnamed TextStim: text = '+17'
415.5727 	EXP 	unnamed TextStim: text = '+12'
417.9210 	DATA 	Trial End Time - totalITI: 2.33625097181
417.9212 	EXP 	New trial (rep=0, index=17): {'P1_1': '0.9', 'P1_2': '0.7', 'SafeOption': '1', 'P2_2': '0.3', 'O2_2': '25', 'O2_1': '15', 'ProbNumber': 'RR10', 'O1_2': '-3', 'O1_1': '5', 'EV2': '5.4', 'EV1': '6', 'ProbType': 'RR', 'P2_1': '0.1'}
417.9213 	DATA 	Trial Onset - ProblemType: RR, ProblemNumber: RR10, leftRight: 1, samplingDur: 17, assignedITI: 5.4629
417.9213 	DATA 	Sampling Onset
418.6038 	DATA 	Keypress: 1
418.6203 	EXP 	unnamed TextStim: text = '+25'
419.1205 	DATA 	Sampled Response: 2, Outcome Shown: +5
419.4205 	DATA 	Keypress: 2
419.4368 	EXP 	unnamed TextStim: text = '+5'
419.9367 	DATA 	Sampled Response: 1, Outcome Shown: +25
420.2874 	DATA 	Keypress: 1
420.3033 	EXP 	unnamed TextStim: text = '-3'
420.8142 	DATA 	Sampled Response: 2, Outcome Shown: +5
421.0871 	DATA 	Keypress: 2
421.1033 	EXP 	unnamed TextStim: text = '+5'
421.6143 	DATA 	Sampled Response: 1, Outcome Shown: -3
421.9702 	DATA 	Keypress: 1
421.9866 	EXP 	unnamed TextStim: text = '+25'
422.4913 	DATA 	Sampled Response: 2, Outcome Shown: +5
422.7199 	DATA 	Keypress: 2
422.7364 	EXP 	unnamed TextStim: text = '+5'
423.2444 	DATA 	Sampled Response: 1, Outcome Shown: -3
423.5364 	DATA 	Keypress: 1
423.5531 	EXP 	unnamed TextStim: text = '+25'
424.0590 	DATA 	Sampled Response: 2, Outcome Shown: +5
424.1367 	DATA 	Keypress: 2
424.1529 	EXP 	unnamed TextStim: text = '+15'
424.6442 	DATA 	Sampled Response: 1, Outcome Shown: +25
424.9197 	DATA 	Keypress: 1
424.9362 	EXP 	unnamed TextStim: text = '-3'
425.4390 	DATA 	Sampled Response: 2, Outcome Shown: +5
425.4530 	DATA 	Keypress: 2
425.4694 	EXP 	unnamed TextStim: text = '+5'
425.9729 	DATA 	Sampled Response: 1, Outcome Shown: -3
426.1200 	DATA 	Keypress: 1
426.1361 	EXP 	unnamed TextStim: text = '-3'
426.6474 	DATA 	Sampled Response: 2, Outcome Shown: +5
426.6477 	DATA 	Keypress: 2
427.0696 	DATA 	Keypress: 2
427.0860 	EXP 	unnamed TextStim: text = '+5'
427.5881 	DATA 	Sampled Response: 1, Outcome Shown: -3
427.5888 	DATA 	Keypress: 1
428.0862 	DATA 	Keypress: 1
428.1024 	EXP 	unnamed TextStim: text = '-3'
428.6067 	DATA 	Sampled Response: 2, Outcome Shown: +15
428.6070 	DATA 	Keypress: 2
429.0195 	DATA 	Keypress: 2
429.0359 	EXP 	unnamed TextStim: text = '+5'
429.5333 	DATA 	Sampled Response: 1, Outcome Shown: -3
429.5335 	DATA 	Keypress: 1
429.9690 	DATA 	Keypress: 1
429.9854 	EXP 	unnamed TextStim: text = '-3'
430.4757 	DATA 	Sampled Response: 2, Outcome Shown: +5
430.4760 	DATA 	Keypress: 2
430.8691 	DATA 	Keypress: 2
430.8856 	EXP 	unnamed TextStim: text = '+5'
431.3977 	DATA 	Sampled Response: 1, Outcome Shown: +25
431.3980 	DATA 	Keypress: 1
431.7691 	DATA 	Keypress: 1
431.7854 	EXP 	unnamed TextStim: text = '-3'
432.2927 	DATA 	Sampled Response: 2, Outcome Shown: +5
432.2930 	DATA 	Keypress: 2
432.6357 	DATA 	Keypress: 2
432.6520 	EXP 	unnamed TextStim: text = '+5'
433.1409 	DATA 	Sampled Response: 1, Outcome Shown: +25
433.1412 	DATA 	Keypress: 1
433.4859 	DATA 	Keypress: 1
433.5018 	EXP 	unnamed TextStim: text = '-3'
434.0017 	DATA 	Sampled Response: 2, Outcome Shown: +5
434.0020 	DATA 	Keypress: 2
434.3355 	DATA 	Keypress: 2
434.3518 	EXP 	unnamed TextStim: text = '+5'
434.8637 	DATA 	Sampled Response: 1, Outcome Shown: +25
434.8640 	DATA 	Keypress: 1
434.8640 	DATA 	** broke sampling loop (<.5s left in trial) **
434.8648 	DATA 	samplingCount: 20
434.8648 	DATA 	Think Onset
434.8682 	EXP 	unnamed Rect: lineColor = 'white (named)'
434.8682 	EXP 	unnamed Rect: lineColor = 'white (named)'
437.8848 	DATA 	Decide Onset
438.4925 	DATA 	Keypress: 2
438.4926 	DATA 	Decision Button Press: ['2']
438.4927 	DATA 	Decision Response: 1
438.4962 	EXP 	unnamed Rect: lineColor = 'red (named)'
439.0105 	DATA 	ITI Onset
439.0137 	EXP 	unnamed Rect: lineColor = 'white (named)'
439.0137 	EXP 	unnamed Rect: lineColor = 'white (named)'
439.0137 	EXP 	unnamed TextStim: text = '-3'
439.0137 	EXP 	unnamed TextStim: text = '+5'
445.6345 	DATA 	Trial End Time - totalITI: 6.6121134992
445.7349 	INFO 	saved wide-format data to logs/DE238/DE238_ebdm_run_1.csv
445.7349 	DATA 	*****END RUN 1*****
445.7729 	EXP 	window1: mouseVisible = True
