6.4530 	INFO 	Loaded monitor calibration from ['2018_10_30 09:12']
6.4546 	WARNING 	User requested fullscreen with size [800 600], but screen is actually [1920, 1080]. Using actual size
7.0531 	EXP 	Created window1 = Window(allowGUI=False, allowStencil=False, args=UNKNOWN, autoLog=True, bitsMode=UNKNOWN, blendMode='avg', color='black', colorSpace='named', fullscr=UNKNOWN, gamma=None, kwargs=UNKNOWN, lms=UNKNOWN, monitor=<psychopy.monitors.calibTools.Monitor object at 0x14FE4EF0>, multiSample=False, name='window1', numSamples=2, pos=[0, 0], screen=0, size=array([1920, 1080]), stereo=False, units='deg', useFBO=False, useRetina=False, viewOri=0.0, viewPos=None, viewScale=None, waitBlanking=True, winType='pyglet')
7.1038 	EXP 	Created unnamed TextStim = TextStim(alignHoriz='center', alignVert='center', antialias=True, autoLog=True, bold=False, color=array([ 1.,  1.,  1.]), colorSpace='rgb', contrast=1.0, depth=0, flipHoriz=False, flipVert=False, font='', fontFiles=[], height=2, italic=False, name='unnamed TextStim', opacity=1.0, ori=0.0, pos=array([ 0.,  0.]), rgb=array([ 1.,  1.,  1.]), text='+', units='deg', win=Window(...), wrapWidth=15.0)
7.1484 	EXP 	Created unnamed TextStim = TextStim(alignHoriz='center', alignVert='center', antialias=True, autoLog=True, bold=False, color=array([ 1.,  1.,  1.]), colorSpace='rgb', contrast=1.0, depth=0, flipHoriz=False, flipVert=False, font='', fontFiles=[], height=1.5, italic=False, name='unnamed TextStim', opacity=1.0, ori=0.0, pos=array([ 0.,  0.]), rgb=array([ 1.,  1.,  1.]), text=newstr(...), units='deg', win=Window(...), wrapWidth=15.0)
7.1673 	EXP 	Created unnamed TextStim = TextStim(alignHoriz='center', alignVert='center', antialias=True, autoLog=True, bold=False, color=array([ 1.,  1.,  1.]), colorSpace='rgb', contrast=1.0, depth=0, flipHoriz=False, flipVert=False, font='', fontFiles=[], height=1.5, italic=False, name='unnamed TextStim', opacity=1.0, ori=0.0, pos=array([ 0.,  0.]), rgb=array([ 1.,  1.,  1.]), text='Waiting for scanner...', units='deg', win=Window(...), wrapWidth=15.0)
7.1902 	EXP 	Created unnamed TextStim = TextStim(alignHoriz='center', alignVert='center', antialias=True, autoLog=True, bold=False, color='white', colorSpace='named', contrast=1.0, depth=0, flipHoriz=False, flipVert=False, font='', fontFiles=[], height=1, italic=False, name='unnamed TextStim', opacity=1.0, ori=0.0, pos=array([ 0.,  0.]), rgb=array([ 255.,  255.,  255.]), text='Press SPACE to continue.', units='deg', win=Window(...), wrapWidth=15.0)
7.2024 	EXP 	Created unnamed TextStim = TextStim(alignHoriz='center', alignVert='center', antialias=True, autoLog=True, bold=False, color=array([ 1.,  1.,  1.]), colorSpace='rgb', contrast=1.0, depth=0, flipHoriz=False, flipVert=False, font='', fontFiles=[], height=0.1, italic=False, name='unnamed TextStim', opacity=1.0, ori=0.0, pos=array([ 0.,  0.]), rgb=array([ 1.,  1.,  1.]), text='THINK', units='norm', win=Window(...), wrapWidth=1)
7.2107 	EXP 	Created unnamed TextStim = TextStim(alignHoriz='center', alignVert='center', antialias=True, autoLog=True, bold=False, color=array([ 1.,  1.,  1.]), colorSpace='rgb', contrast=1.0, depth=0, flipHoriz=False, flipVert=False, font='', fontFiles=[], height=0.1, italic=False, name='unnamed TextStim', opacity=1.0, ori=0.0, pos=array([ 0.,  0.]), rgb=array([ 1.,  1.,  1.]), text='DECIDE', units='norm', win=Window(...), wrapWidth=1)
7.2172 	EXP 	<method-wrapper '__getattribute__' of attributeSetter object at 0x05B22190>: vertices = array([[-0.275     ,  0.48888889],
       [ 0.275     ,  0.48888889],
       [ 0.275     , -0.48888889],
       [-0.275     , -0.48888889]])
7.2180 	EXP 	Created unnamed Rect = Rect(autoDraw=False, autoLog=True, closeShape=True, contrast=1.0, depth=0, fillColor=None, fillColorSpace='rgb', fillRGB=None, interpolate=True, lineColor='white', lineColorSpace='named', lineRGB=array([ 255.,  255.,  255.]), lineWidth=3.5, name='unnamed Rect', opacity=1.0, ori=array(0.0), pos=array([-0.5125    , -0.09444444]), size=array([ 1.,  1.]), units='norm', vertices=ndarray(...), win=Window(...))
7.2183 	EXP 	<method-wrapper '__getattribute__' of attributeSetter object at 0x05B22190>: vertices = array([[-0.275     ,  0.48888889],
       [ 0.275     ,  0.48888889],
       [ 0.275     , -0.48888889],
       [-0.275     , -0.48888889]])
7.2191 	EXP 	Created unnamed Rect = Rect(autoDraw=False, autoLog=True, closeShape=True, contrast=1.0, depth=0, fillColor=None, fillColorSpace='rgb', fillRGB=None, interpolate=True, lineColor='white', lineColorSpace='named', lineRGB=array([ 255.,  255.,  255.]), lineWidth=3.5, name='unnamed Rect', opacity=1.0, ori=array(0.0), pos=array([ 0.4875    , -0.09444444]), size=array([ 1.,  1.]), units='norm', vertices=ndarray(...), win=Window(...))
7.2431 	EXP 	Created unnamed TextStim = TextStim(alignHoriz='center', alignVert='center', antialias=True, autoLog=True, bold=False, color=array([ 1.,  1.,  1.]), colorSpace='rgb', contrast=1.0, depth=0, flipHoriz=False, flipVert=False, font='', fontFiles=[], height=0.2, italic=False, name='unnamed TextStim', opacity=1.0, ori=0.0, pos=array([-0.5125    , -0.09444444]), rgb=array([ 1.,  1.,  1.]), text='Hello World', units='norm', win=Window(...), wrapWidth=1)
7.2532 	EXP 	Created unnamed TextStim = TextStim(alignHoriz='center', alignVert='center', antialias=True, autoLog=True, bold=False, color=array([ 1.,  1.,  1.]), colorSpace='rgb', contrast=1.0, depth=0, flipHoriz=False, flipVert=False, font='', fontFiles=[], height=0.2, italic=False, name='unnamed TextStim', opacity=1.0, ori=0.0, pos=array([ 0.4875    , -0.09444444]), rgb=array([ 1.,  1.,  1.]), text='Hello World', units='norm', win=Window(...), wrapWidth=1)
7.2633 	EXP 	Created unnamed TextStim = TextStim(alignHoriz='center', alignVert='center', antialias=True, autoLog=True, bold=False, color=array([ 1.,  1.,  1.]), colorSpace='rgb', contrast=1.0, depth=0, flipHoriz=False, flipVert=False, font='', fontFiles=[], height=0.1, italic=False, name='unnamed TextStim', opacity=1.0, ori=0.0, pos=array([-0.5125    , -0.82777778]), rgb=array([ 1.,  1.,  1.]), text='Press 1', units='norm', win=Window(...), wrapWidth=1)
7.2719 	EXP 	Created unnamed TextStim = TextStim(alignHoriz='center', alignVert='center', antialias=True, autoLog=True, bold=False, color=array([ 1.,  1.,  1.]), colorSpace='rgb', contrast=1.0, depth=0, flipHoriz=False, flipVert=False, font='', fontFiles=[], height=0.1, italic=False, name='unnamed TextStim', opacity=1.0, ori=0.0, pos=array([ 0.4875    , -0.82777778]), rgb=array([ 1.,  1.,  1.]), text='Press 2', units='norm', win=Window(...), wrapWidth=1)
7.3531 	EXP 	Created unnamed ImageStim = ImageStim(autoLog=True, color=array([ 1.,  1.,  1.]), colorSpace='rgb', contrast=1.0, depth=0, flipHoriz=False, flipVert=False, image=str(...), interpolate=False, mask=None, maskParams=None, name='unnamed ImageStim', opacity=1.0, ori=0.0, pos=array([ 0.,  0.]), size=array([ 1.35416667,  1.3537037 ]), texRes=128, units='norm', win=Window(...))
7.4372 	EXP 	Created unnamed ImageStim = ImageStim(autoLog=True, color=array([ 1.,  1.,  1.]), colorSpace='rgb', contrast=1.0, depth=0, flipHoriz=False, flipVert=False, image=str(...), interpolate=False, mask=None, maskParams=None, name='unnamed ImageStim', opacity=1.0, ori=0.0, pos=array([ 0.,  0.]), size=array([ 1.35416667,  1.3537037 ]), texRes=128, units='norm', win=Window(...))
7.5105 	EXP 	Created unnamed ImageStim = ImageStim(autoLog=True, color=array([ 1.,  1.,  1.]), colorSpace='rgb', contrast=1.0, depth=0, flipHoriz=False, flipVert=False, image=str(...), interpolate=False, mask=None, maskParams=None, name='unnamed ImageStim', opacity=1.0, ori=0.0, pos=array([ 0.,  0.]), size=array([ 1.35416667,  1.3537037 ]), texRes=128, units='norm', win=Window(...))
7.5872 	EXP 	Created unnamed ImageStim = ImageStim(autoLog=True, color=array([ 1.,  1.,  1.]), colorSpace='rgb', contrast=1.0, depth=0, flipHoriz=False, flipVert=False, image=str(...), interpolate=False, mask=None, maskParams=None, name='unnamed ImageStim', opacity=1.0, ori=0.0, pos=array([ 0.,  0.]), size=array([ 1.35416667,  1.3537037 ]), texRes=128, units='norm', win=Window(...))
7.5932 	EXP 	Created sequence: sequential, trialTypes=18, nReps=1, seed=None
7.8165 	DEBUG 	Using S:\Chein_Group\People\LizBeard\DEGap_bPilotv2\SamplingMachine_bPilotv2.py as origin file
7.8206 	EXP 	Created sequence: sequential, trialTypes=18, nReps=1, seed=None
7.8214 	DEBUG 	Using S:\Chein_Group\People\LizBeard\DEGap_bPilotv2\SamplingMachine_bPilotv2.py as origin file
0.0034 	DATA 	** START RUN 2 **
5.5910 	DATA 	Keypress: space
6.3989 	DATA 	Keypress: space
6.8789 	DATA 	Keypress: space
7.3349 	DATA 	Keypress: space
7.3352 	EXP 	New trial (rep=0, index=0): {'P1_1': '0.75', 'P1_2': '0.75', 'SafeOption': '1', 'P2_2': '0.25', 'O2_2': '30', 'O2_1': '10', 'ProbNumber': 'RR3', 'O1_2': '-5', 'O1_1': '2', 'EV2': '3.75', 'EV1': '4', 'ProbType': 'RR', 'P2_1': '0.25'}
7.3354 	DATA 	Trial Onset - ProblemType: RR, ProblemNumber: RR3, leftRight: 1, samplingDur: 15, assignedITI: 5.0846
7.3354 	DATA 	Sampling Onset
8.3433 	DATA 	Keypress: 1
8.3593 	EXP 	unnamed TextStim: text = '+30'
8.8589 	DATA 	Sampled Response: 2, Outcome Shown: +2
8.8591 	DATA 	Keypress: 1
9.1433 	DATA 	Keypress: 1
9.1519 	EXP 	unnamed TextStim: text = '-5'
9.6519 	DATA 	Sampled Response: 2, Outcome Shown: +2
10.0309 	DATA 	Keypress: 1
10.0392 	EXP 	unnamed TextStim: text = '-5'
10.5389 	DATA 	Sampled Response: 2, Outcome Shown: +2
10.8019 	DATA 	Keypress: 1
10.8052 	EXP 	unnamed TextStim: text = '-5'
11.3049 	DATA 	Sampled Response: 2, Outcome Shown: +2
11.5275 	DATA 	Keypress: 1
11.5360 	EXP 	unnamed TextStim: text = '-5'
12.0359 	DATA 	Sampled Response: 2, Outcome Shown: +2
12.3033 	DATA 	Keypress: 1
12.3093 	EXP 	unnamed TextStim: text = '-5'
12.8089 	DATA 	Sampled Response: 2, Outcome Shown: +2
13.0090 	DATA 	Keypress: 1
13.0123 	EXP 	unnamed TextStim: text = '-5'
13.5119 	DATA 	Sampled Response: 2, Outcome Shown: +2
13.7708 	DATA 	Keypress: 1
13.7741 	EXP 	unnamed TextStim: text = '-5'
14.2739 	DATA 	Sampled Response: 2, Outcome Shown: +10
14.5288 	DATA 	Keypress: 1
14.5345 	EXP 	unnamed TextStim: text = '-5'
15.0339 	DATA 	Sampled Response: 2, Outcome Shown: +10
15.2970 	DATA 	Keypress: 1
15.3032 	EXP 	unnamed TextStim: text = '-5'
15.8030 	DATA 	Sampled Response: 2, Outcome Shown: +2
16.0187 	DATA 	Keypress: 2
16.0259 	EXP 	unnamed TextStim: text = '+2'
16.5260 	DATA 	Sampled Response: 1, Outcome Shown: -5
16.7528 	DATA 	Keypress: 2
16.7562 	EXP 	unnamed TextStim: text = '+2'
17.2560 	DATA 	Sampled Response: 1, Outcome Shown: -5
17.4801 	DATA 	Keypress: 2
17.4859 	EXP 	unnamed TextStim: text = '+2'
17.9860 	DATA 	Sampled Response: 1, Outcome Shown: -5
18.1362 	DATA 	Keypress: 2
18.1440 	EXP 	unnamed TextStim: text = '+10'
18.6441 	DATA 	Sampled Response: 1, Outcome Shown: -5
18.8311 	DATA 	Keypress: 2
18.8396 	EXP 	unnamed TextStim: text = '+10'
19.3391 	DATA 	Sampled Response: 1, Outcome Shown: -5
19.5113 	DATA 	Keypress: 2
19.5198 	EXP 	unnamed TextStim: text = '+10'
20.0190 	DATA 	Sampled Response: 1, Outcome Shown: -5
20.1278 	DATA 	Keypress: 2
20.1311 	EXP 	unnamed TextStim: text = '+10'
20.6310 	DATA 	Sampled Response: 1, Outcome Shown: -5
20.7275 	DATA 	Keypress: 2
20.7328 	EXP 	unnamed TextStim: text = '+2'
21.2321 	DATA 	Sampled Response: 1, Outcome Shown: -5
21.3035 	DATA 	Keypress: 2
21.3095 	EXP 	unnamed TextStim: text = '+2'
21.8091 	DATA 	Sampled Response: 1, Outcome Shown: -5
21.8386 	DATA 	** broke sampling loop (<.5s left in trial) **
21.8400 	DATA 	samplingCount: 19
21.8400 	DATA 	Think Onset
21.8422 	EXP 	unnamed Rect: lineColor = 'white (named)'
21.8422 	EXP 	unnamed Rect: lineColor = 'white (named)'
21.9048 	DATA 	Keypress: 2
23.9454 	DATA 	Keypress: 2
24.2963 	DATA 	Keypress: 2
24.6466 	DATA 	Keypress: 2
24.8461 	DATA 	Decide Onset
24.9822 	DATA 	Keypress: 2
24.9823 	DATA 	Decision Button Press: ['2']
24.9823 	DATA 	Decision Response: 1
24.9837 	EXP 	unnamed Rect: lineColor = 'red (named)'
25.4908 	DATA 	ITI Onset
25.4920 	EXP 	unnamed Rect: lineColor = 'white (named)'
25.4920 	EXP 	unnamed Rect: lineColor = 'white (named)'
25.4920 	EXP 	unnamed TextStim: text = '-5'
25.4920 	EXP 	unnamed TextStim: text = '+2'
32.6397 	DATA 	Trial End Time - totalITI: 7.14494878908
32.6399 	EXP 	New trial (rep=0, index=1): {'P1_1': '0.9', 'P1_2': '1', 'SafeOption': '2', 'P2_2': '0', 'O2_2': '0', 'O2_1': '-8', 'ProbNumber': 'MD7', 'O1_2': '4', 'O1_1': '6', 'EV2': '4', 'EV1': '4.6', 'ProbType': 'MD', 'P2_1': '0.1'}
32.6401 	DATA 	Trial Onset - ProblemType: MD, ProblemNumber: MD7, leftRight: 0, samplingDur: 16, assignedITI: 1.4411
32.6401 	DATA 	Sampling Onset
32.9525 	DATA 	Keypress: 1
32.9606 	EXP 	unnamed TextStim: text = '+6'
33.4604 	DATA 	Sampled Response: 1, Outcome Shown: +6
33.5026 	DATA 	Keypress: 1
33.5086 	EXP 	unnamed TextStim: text = '+6'
34.0084 	DATA 	Sampled Response: 1, Outcome Shown: +6
34.0238 	DATA 	Keypress: 1
34.0271 	EXP 	unnamed TextStim: text = '+6'
34.5264 	DATA 	Sampled Response: 1, Outcome Shown: +6
34.5266 	DATA 	Keypress: 1
35.0067 	DATA 	Keypress: 1
35.0100 	EXP 	unnamed TextStim: text = '+6'
35.5094 	DATA 	Sampled Response: 1, Outcome Shown: +6
35.5852 	DATA 	Keypress: 1
35.6009 	EXP 	unnamed TextStim: text = '-8'
36.1004 	DATA 	Sampled Response: 1, Outcome Shown: -8
36.2067 	DATA 	Keypress: 1
36.2124 	EXP 	unnamed TextStim: text = '+6'
36.7124 	DATA 	Sampled Response: 1, Outcome Shown: +6
36.8717 	DATA 	Keypress: 1
36.8751 	EXP 	unnamed TextStim: text = '+6'
37.3745 	DATA 	Sampled Response: 1, Outcome Shown: +6
37.4397 	DATA 	Keypress: 1
37.4431 	EXP 	unnamed TextStim: text = '+6'
37.9425 	DATA 	Sampled Response: 1, Outcome Shown: +6
38.0025 	DATA 	Keypress: 1
38.0059 	EXP 	unnamed TextStim: text = '+6'
38.5055 	DATA 	Sampled Response: 1, Outcome Shown: +6
38.5177 	DATA 	Keypress: 2
38.5287 	EXP 	unnamed TextStim: text = '+4'
39.0285 	DATA 	Sampled Response: 2, Outcome Shown: +4
39.1106 	DATA 	Keypress: 2
39.1194 	EXP 	unnamed TextStim: text = '+4'
39.6195 	DATA 	Sampled Response: 2, Outcome Shown: +4
39.6698 	DATA 	Keypress: 2
39.6760 	EXP 	unnamed TextStim: text = '+4'
40.1755 	DATA 	Sampled Response: 2, Outcome Shown: +4
40.2302 	DATA 	Keypress: 2
40.2391 	EXP 	unnamed TextStim: text = '+4'
40.7385 	DATA 	Sampled Response: 2, Outcome Shown: +4
40.7420 	DATA 	Keypress: 2
40.7436 	EXP 	unnamed TextStim: text = '+4'
41.2435 	DATA 	Sampled Response: 2, Outcome Shown: +4
41.2536 	DATA 	Keypress: 2
41.2599 	EXP 	unnamed TextStim: text = '+4'
41.7595 	DATA 	Sampled Response: 2, Outcome Shown: +4
41.7597 	DATA 	Keypress: 2
42.2222 	DATA 	Keypress: 2
42.2255 	EXP 	unnamed TextStim: text = '+4'
42.7255 	DATA 	Sampled Response: 2, Outcome Shown: +4
42.8179 	DATA 	Keypress: 2
42.8211 	EXP 	unnamed TextStim: text = '+4'
43.3206 	DATA 	Sampled Response: 2, Outcome Shown: +4
43.4400 	DATA 	Keypress: 2
43.4433 	EXP 	unnamed TextStim: text = '+4'
43.9426 	DATA 	Sampled Response: 2, Outcome Shown: +4
44.0218 	DATA 	Keypress: 2
44.0251 	EXP 	unnamed TextStim: text = '+4'
44.5246 	DATA 	Sampled Response: 2, Outcome Shown: +4
44.5436 	DATA 	Keypress: 1
44.5492 	EXP 	unnamed TextStim: text = '+6'
45.0486 	DATA 	Sampled Response: 1, Outcome Shown: +6
45.0488 	DATA 	Keypress: 1
45.5097 	DATA 	Keypress: 1
45.5180 	EXP 	unnamed TextStim: text = '+6'
46.0176 	DATA 	Sampled Response: 1, Outcome Shown: +6
46.1178 	DATA 	Keypress: 1
46.1240 	EXP 	unnamed TextStim: text = '+6'
46.6236 	DATA 	Sampled Response: 1, Outcome Shown: +6
46.6698 	DATA 	Keypress: 1
46.6759 	EXP 	unnamed TextStim: text = '+6'
47.1757 	DATA 	Sampled Response: 1, Outcome Shown: +6
47.2617 	DATA 	Keypress: 1
47.2674 	EXP 	unnamed TextStim: text = '+6'
47.7667 	DATA 	Sampled Response: 1, Outcome Shown: +6
47.8556 	DATA 	Keypress: 1
47.8588 	EXP 	unnamed TextStim: text = '+6'
48.3587 	DATA 	Sampled Response: 1, Outcome Shown: +6
48.3588 	DATA 	** broke sampling loop (<.5s left in trial) **
48.3598 	DATA 	samplingCount: 25
48.3598 	DATA 	Think Onset
48.3611 	EXP 	unnamed Rect: lineColor = 'white (named)'
48.3611 	EXP 	unnamed Rect: lineColor = 'white (named)'
48.4388 	DATA 	Keypress: 1
51.3675 	DATA 	Decide Onset
51.9890 	DATA 	Keypress: 2
51.9891 	DATA 	Decision Button Press: ['2']
51.9892 	DATA 	Decision Response: 2
51.9906 	EXP 	unnamed Rect: lineColor = 'red (named)'
52.4979 	DATA 	ITI Onset
52.4988 	EXP 	unnamed Rect: lineColor = 'white (named)'
52.4988 	EXP 	unnamed Rect: lineColor = 'white (named)'
52.4988 	EXP 	unnamed TextStim: text = '+6'
52.4988 	EXP 	unnamed TextStim: text = '+4'
55.3028 	DATA 	Trial End Time - totalITI: 2.80041304556
55.3031 	EXP 	New trial (rep=0, index=2): {'P1_1': '0.2', 'P1_2': '1', 'SafeOption': '2', 'P2_2': '0', 'O2_2': '0', 'O2_1': '-7', 'ProbNumber': 'MD6', 'O1_2': '-2', 'O1_1': '24', 'EV2': '-2', 'EV1': '-0.8', 'ProbType': 'MD', 'P2_1': '0.8'}
55.3032 	DATA 	Trial Onset - ProblemType: MD, ProblemNumber: MD6, leftRight: 1, samplingDur: 16, assignedITI: 1.5734
55.3032 	DATA 	Sampling Onset
55.9895 	DATA 	Keypress: 1
55.9954 	EXP 	unnamed TextStim: text = '-2'
56.4948 	DATA 	Sampled Response: 2, Outcome Shown: +24
56.6855 	DATA 	Keypress: 1
56.6889 	EXP 	unnamed TextStim: text = '-2'
57.1889 	DATA 	Sampled Response: 2, Outcome Shown: +24
57.3338 	DATA 	Keypress: 1
57.3371 	EXP 	unnamed TextStim: text = '-2'
57.8369 	DATA 	Sampled Response: 2, Outcome Shown: -7
58.0543 	DATA 	Keypress: 1
58.0576 	EXP 	unnamed TextStim: text = '-2'
58.5569 	DATA 	Sampled Response: 2, Outcome Shown: -7
58.8053 	DATA 	Keypress: 1
58.8113 	EXP 	unnamed TextStim: text = '-2'
59.3109 	DATA 	Sampled Response: 2, Outcome Shown: -7
59.5100 	DATA 	Keypress: 1
59.5158 	EXP 	unnamed TextStim: text = '-2'
60.0159 	DATA 	Sampled Response: 2, Outcome Shown: -7
60.2533 	DATA 	Keypress: 1
60.2593 	EXP 	unnamed TextStim: text = '-2'
60.7590 	DATA 	Sampled Response: 2, Outcome Shown: -7
60.9355 	DATA 	Keypress: 1
60.9388 	EXP 	unnamed TextStim: text = '-2'
61.4389 	DATA 	Sampled Response: 2, Outcome Shown: -7
61.6054 	DATA 	Keypress: 1
61.6087 	EXP 	unnamed TextStim: text = '-2'
62.1080 	DATA 	Sampled Response: 2, Outcome Shown: -7
62.3012 	DATA 	Keypress: 1
62.3071 	EXP 	unnamed TextStim: text = '-2'
62.8070 	DATA 	Sampled Response: 2, Outcome Shown: -7
63.0949 	DATA 	Keypress: 2
63.1036 	EXP 	unnamed TextStim: text = '-7'
63.6030 	DATA 	Sampled Response: 1, Outcome Shown: -2
63.7089 	DATA 	Keypress: 2
63.7173 	EXP 	unnamed TextStim: text = '-7'
64.2170 	DATA 	Sampled Response: 1, Outcome Shown: -2
64.3258 	DATA 	Keypress: 2
64.3291 	EXP 	unnamed TextStim: text = '-7'
64.8290 	DATA 	Sampled Response: 1, Outcome Shown: -2
64.9512 	DATA 	Keypress: 2
64.9545 	EXP 	unnamed TextStim: text = '-7'
65.4540 	DATA 	Sampled Response: 1, Outcome Shown: -2
65.5355 	DATA 	Keypress: 2
65.5388 	EXP 	unnamed TextStim: text = '-7'
66.0381 	DATA 	Sampled Response: 1, Outcome Shown: -2
66.1655 	DATA 	Keypress: 2
66.1688 	EXP 	unnamed TextStim: text = '-7'
66.6681 	DATA 	Sampled Response: 1, Outcome Shown: -2
66.7997 	DATA 	Keypress: 2
66.8031 	EXP 	unnamed TextStim: text = '-7'
67.3031 	DATA 	Sampled Response: 1, Outcome Shown: -2
67.4054 	DATA 	Keypress: 2
67.4127 	EXP 	unnamed TextStim: text = '+24'
67.9121 	DATA 	Sampled Response: 1, Outcome Shown: -2
68.0611 	DATA 	Keypress: 2
68.0670 	EXP 	unnamed TextStim: text = '+24'
68.5671 	DATA 	Sampled Response: 1, Outcome Shown: -2
68.7091 	DATA 	Keypress: 2
68.7155 	EXP 	unnamed TextStim: text = '-7'
69.2151 	DATA 	Sampled Response: 1, Outcome Shown: -2
69.5012 	DATA 	Keypress: 2
69.5044 	EXP 	unnamed TextStim: text = '-7'
70.0041 	DATA 	Sampled Response: 1, Outcome Shown: -2
70.1727 	DATA 	Keypress: 1
70.1787 	EXP 	unnamed TextStim: text = '-2'
70.6782 	DATA 	Sampled Response: 2, Outcome Shown: +24
70.7834 	DATA 	Keypress: 1
70.7866 	EXP 	unnamed TextStim: text = '-2'
71.2862 	DATA 	Sampled Response: 2, Outcome Shown: -7
71.2864 	DATA 	** broke sampling loop (<.5s left in trial) **
71.2873 	DATA 	samplingCount: 23
71.2873 	DATA 	Think Onset
71.2886 	EXP 	unnamed Rect: lineColor = 'white (named)'
71.2886 	EXP 	unnamed Rect: lineColor = 'white (named)'
71.4297 	DATA 	Keypress: 1
72.9005 	DATA 	Keypress: 1
73.5741 	DATA 	Keypress: 1
74.2936 	DATA 	Decide Onset
75.3080 	DATA 	Keypress: 1
75.3081 	DATA 	Decision Button Press: ['1']
75.3081 	DATA 	Decision Response: 2
75.3096 	EXP 	unnamed Rect: lineColor = 'red (named)'
75.8175 	DATA 	ITI Onset
75.8185 	EXP 	unnamed Rect: lineColor = 'white (named)'
75.8185 	EXP 	unnamed Rect: lineColor = 'white (named)'
75.8185 	EXP 	unnamed TextStim: text = '-2'
75.8185 	EXP 	unnamed TextStim: text = '-7'
78.0940 	DATA 	Trial End Time - totalITI: 2.27545071241
78.0943 	EXP 	New trial (rep=0, index=3): {'P1_1': '0.6', 'P1_2': '0.5', 'SafeOption': '1', 'P2_2': '0.5', 'O2_2': '50', 'O2_1': '25', 'ProbNumber': 'RR6', 'O1_2': '-15', 'O1_1': '12', 'EV2': '17.5', 'EV1': '17.2', 'ProbType': 'RR', 'P2_1': '0.4'}
78.0944 	DATA 	Trial Onset - ProblemType: RR, ProblemNumber: RR6, leftRight: 1, samplingDur: 18, assignedITI: 1.2853
78.0944 	DATA 	Sampling Onset
79.3832 	DATA 	Keypress: 1
79.3894 	EXP 	unnamed TextStim: text = '+50'
79.8894 	DATA 	Sampled Response: 2, Outcome Shown: +12
80.0686 	DATA 	Keypress: 1
80.0747 	EXP 	unnamed TextStim: text = '-15'
80.5744 	DATA 	Sampled Response: 2, Outcome Shown: +12
80.8003 	DATA 	Keypress: 1
80.8063 	EXP 	unnamed TextStim: text = '+50'
81.3064 	DATA 	Sampled Response: 2, Outcome Shown: +12
81.5500 	DATA 	Keypress: 1
81.5534 	EXP 	unnamed TextStim: text = '+50'
82.0534 	DATA 	Sampled Response: 2, Outcome Shown: +12
82.3403 	DATA 	Keypress: 1
82.3490 	EXP 	unnamed TextStim: text = '+50'
82.8484 	DATA 	Sampled Response: 2, Outcome Shown: +12
83.1003 	DATA 	Keypress: 1
83.1063 	EXP 	unnamed TextStim: text = '-15'
83.6064 	DATA 	Sampled Response: 2, Outcome Shown: +12
83.8380 	DATA 	Keypress: 1
83.8440 	EXP 	unnamed TextStim: text = '+50'
84.3434 	DATA 	Sampled Response: 2, Outcome Shown: +25
84.5404 	DATA 	Keypress: 1
84.5491 	EXP 	unnamed TextStim: text = '-15'
85.0485 	DATA 	Sampled Response: 2, Outcome Shown: +12
85.2758 	DATA 	Keypress: 1
85.2841 	EXP 	unnamed TextStim: text = '-15'
85.7834 	DATA 	Sampled Response: 2, Outcome Shown: +25
85.9739 	DATA 	Keypress: 1
85.9772 	EXP 	unnamed TextStim: text = '-15'
86.4765 	DATA 	Sampled Response: 2, Outcome Shown: +12
86.9097 	DATA 	Keypress: 2
86.9167 	EXP 	unnamed TextStim: text = '+12'
87.4165 	DATA 	Sampled Response: 1, Outcome Shown: +50
87.6765 	DATA 	Keypress: 2
87.6826 	EXP 	unnamed TextStim: text = '+25'
88.1825 	DATA 	Sampled Response: 1, Outcome Shown: -15
88.3503 	DATA 	Keypress: 2
88.3561 	EXP 	unnamed TextStim: text = '+12'
88.8556 	DATA 	Sampled Response: 1, Outcome Shown: -15
88.9954 	DATA 	Keypress: 2
89.0040 	EXP 	unnamed TextStim: text = '+12'
89.5036 	DATA 	Sampled Response: 1, Outcome Shown: +50
89.6839 	DATA 	Keypress: 2
89.6871 	EXP 	unnamed TextStim: text = '+12'
90.1866 	DATA 	Sampled Response: 1, Outcome Shown: -15
90.4313 	DATA 	Keypress: 2
90.4346 	EXP 	unnamed TextStim: text = '+12'
90.9346 	DATA 	Sampled Response: 1, Outcome Shown: -15
91.0677 	DATA 	Keypress: 2
91.0763 	EXP 	unnamed TextStim: text = '+25'
91.5756 	DATA 	Sampled Response: 1, Outcome Shown: +50
91.7417 	DATA 	Keypress: 2
91.7474 	EXP 	unnamed TextStim: text = '+25'
92.2476 	DATA 	Sampled Response: 1, Outcome Shown: +50
92.4114 	DATA 	Keypress: 2
92.4177 	EXP 	unnamed TextStim: text = '+12'
92.9176 	DATA 	Sampled Response: 1, Outcome Shown: -15
93.1074 	DATA 	Keypress: 2
93.1158 	EXP 	unnamed TextStim: text = '+12'
93.6156 	DATA 	Sampled Response: 1, Outcome Shown: -15
94.0439 	DATA 	Keypress: 1
94.0498 	EXP 	unnamed TextStim: text = '+50'
94.5497 	DATA 	Sampled Response: 2, Outcome Shown: +25
94.7079 	DATA 	Keypress: 1
94.7112 	EXP 	unnamed TextStim: text = '+50'
95.2107 	DATA 	Sampled Response: 2, Outcome Shown: +12
95.3658 	DATA 	Keypress: 1
95.3723 	EXP 	unnamed TextStim: text = '-15'
95.8717 	DATA 	Sampled Response: 2, Outcome Shown: +12
95.8719 	DATA 	** broke sampling loop (<.5s left in trial) **
95.8749 	DATA 	samplingCount: 23
95.8749 	DATA 	Think Onset
95.8762 	EXP 	unnamed Rect: lineColor = 'white (named)'
95.8762 	EXP 	unnamed Rect: lineColor = 'white (named)'
96.0371 	DATA 	Keypress: 1
98.8821 	DATA 	Decide Onset
100.8904 	DATA 	ITI Onset
100.8914 	EXP 	unnamed Rect: lineColor = 'white (named)'
100.8914 	EXP 	unnamed Rect: lineColor = 'white (named)'
100.8914 	EXP 	unnamed TextStim: text = '-15'
100.8914 	EXP 	unnamed TextStim: text = '+12'
100.9485 	DATA 	Keypress: 1
102.3991 	DATA 	Trial End Time - totalITI: 1.50552237506
102.3994 	EXP 	New trial (rep=0, index=4): {'P1_1': '0.7', 'P1_2': '1', 'SafeOption': '2', 'P2_2': '0', 'O2_2': '0', 'O2_1': '0', 'ProbNumber': 'SD5', 'O1_2': '-8', 'O1_1': '-10', 'EV2': '-8', 'EV1': '-7', 'ProbType': 'SD', 'P2_1': '0.3'}
102.3995 	DATA 	Trial Onset - ProblemType: SD, ProblemNumber: SD5, leftRight: 1, samplingDur: 18, assignedITI: 1.1749
102.3995 	DATA 	Sampling Onset
103.1893 	DATA 	Keypress: 1
103.1956 	EXP 	unnamed TextStim: text = '-8'
103.6949 	DATA 	Sampled Response: 2, Outcome Shown: 0
103.8356 	DATA 	Keypress: 1
103.8416 	EXP 	unnamed TextStim: text = '-8'
104.3409 	DATA 	Sampled Response: 2, Outcome Shown: 0
104.4669 	DATA 	Keypress: 1
104.4730 	EXP 	unnamed TextStim: text = '-8'
104.9729 	DATA 	Sampled Response: 2, Outcome Shown: -10
105.0684 	DATA 	Keypress: 1
105.0717 	EXP 	unnamed TextStim: text = '-8'
105.5709 	DATA 	Sampled Response: 2, Outcome Shown: 0
105.6930 	DATA 	Keypress: 1
105.6988 	EXP 	unnamed TextStim: text = '-8'
106.1989 	DATA 	Sampled Response: 2, Outcome Shown: 0
106.2752 	DATA 	Keypress: 1
106.2836 	EXP 	unnamed TextStim: text = '-8'
106.7829 	DATA 	Sampled Response: 2, Outcome Shown: 0
106.8314 	DATA 	Keypress: 1
106.8347 	EXP 	unnamed TextStim: text = '-8'
107.3339 	DATA 	Sampled Response: 2, Outcome Shown: -10
107.3990 	DATA 	Keypress: 1
107.4024 	EXP 	unnamed TextStim: text = '-8'
107.9019 	DATA 	Sampled Response: 2, Outcome Shown: -10
107.9165 	DATA 	Keypress: 1
107.9198 	EXP 	unnamed TextStim: text = '-8'
108.4189 	DATA 	Sampled Response: 2, Outcome Shown: -10
108.4670 	DATA 	Keypress: 1
108.4703 	EXP 	unnamed TextStim: text = '-8'
108.9700 	DATA 	Sampled Response: 2, Outcome Shown: -10
108.9881 	DATA 	Keypress: 2
108.9945 	EXP 	unnamed TextStim: text = '-10'
109.4940 	DATA 	Sampled Response: 1, Outcome Shown: -8
109.4988 	DATA 	Keypress: 2
109.5004 	EXP 	unnamed TextStim: text = '-10'
110.0000 	DATA 	Sampled Response: 1, Outcome Shown: -8
110.0751 	DATA 	Keypress: 2
110.0811 	EXP 	unnamed TextStim: text = '0'
110.5810 	DATA 	Sampled Response: 1, Outcome Shown: -8
110.6604 	DATA 	Keypress: 2
110.6663 	EXP 	unnamed TextStim: text = '0'
111.1660 	DATA 	Sampled Response: 1, Outcome Shown: -8
111.2351 	DATA 	Keypress: 2
111.2413 	EXP 	unnamed TextStim: text = '-10'
111.7410 	DATA 	Sampled Response: 1, Outcome Shown: -8
111.8675 	DATA 	Keypress: 2
111.8748 	EXP 	unnamed TextStim: text = '0'
112.3741 	DATA 	Sampled Response: 1, Outcome Shown: -8
112.4765 	DATA 	Keypress: 2
112.4827 	EXP 	unnamed TextStim: text = '-10'
112.9820 	DATA 	Sampled Response: 1, Outcome Shown: -8
113.0508 	DATA 	Keypress: 2
113.0582 	EXP 	unnamed TextStim: text = '0'
113.5580 	DATA 	Sampled Response: 1, Outcome Shown: -8
113.6319 	DATA 	Keypress: 2
113.6352 	EXP 	unnamed TextStim: text = '0'
114.1351 	DATA 	Sampled Response: 1, Outcome Shown: -8
114.2271 	DATA 	Keypress: 2
114.2331 	EXP 	unnamed TextStim: text = '0'
114.7331 	DATA 	Sampled Response: 1, Outcome Shown: -8
114.8525 	DATA 	Keypress: 2
114.8558 	EXP 	unnamed TextStim: text = '0'
115.3551 	DATA 	Sampled Response: 1, Outcome Shown: -8
115.4671 	DATA 	Keypress: 2
115.4730 	EXP 	unnamed TextStim: text = '0'
115.9731 	DATA 	Sampled Response: 1, Outcome Shown: -8
116.0685 	DATA 	Keypress: 2
116.0744 	EXP 	unnamed TextStim: text = '-10'
116.5741 	DATA 	Sampled Response: 1, Outcome Shown: -8
116.6138 	DATA 	Keypress: 1
116.6171 	EXP 	unnamed TextStim: text = '-8'
117.1172 	DATA 	Sampled Response: 2, Outcome Shown: -10
117.1879 	DATA 	Keypress: 1
117.1913 	EXP 	unnamed TextStim: text = '-8'
117.6912 	DATA 	Sampled Response: 2, Outcome Shown: 0
117.7243 	DATA 	Keypress: 1
117.7304 	EXP 	unnamed TextStim: text = '-8'
118.2302 	DATA 	Sampled Response: 2, Outcome Shown: -10
118.2345 	DATA 	Keypress: 1
118.2366 	EXP 	unnamed TextStim: text = '-8'
118.7362 	DATA 	Sampled Response: 2, Outcome Shown: 0
118.7548 	DATA 	Keypress: 1
118.7583 	EXP 	unnamed TextStim: text = '-8'
119.2582 	DATA 	Sampled Response: 2, Outcome Shown: 0
119.2584 	DATA 	Keypress: 1
119.7548 	DATA 	Keypress: 1
119.7640 	EXP 	unnamed TextStim: text = '-8'
120.2641 	DATA 	Sampled Response: 2, Outcome Shown: -10
120.2643 	DATA 	** broke sampling loop (<.5s left in trial) **
120.2653 	DATA 	samplingCount: 29
120.2653 	DATA 	Think Onset
120.2666 	EXP 	unnamed Rect: lineColor = 'white (named)'
120.2666 	EXP 	unnamed Rect: lineColor = 'white (named)'
120.2773 	DATA 	Keypress: 1
122.1168 	DATA 	Keypress: 2
122.4691 	DATA 	Keypress: 2
122.6925 	DATA 	Keypress: 2
122.8831 	DATA 	Keypress: 2
123.0759 	DATA 	Keypress: 2
123.2717 	DATA 	Decide Onset
123.2739 	DATA 	Keypress: 2
123.2741 	DATA 	Decision Button Press: ['2']
123.2741 	DATA 	Decision Response: 1
123.2754 	EXP 	unnamed Rect: lineColor = 'red (named)'
123.7844 	DATA 	ITI Onset
123.7849 	DATA 	Keypress: 2
123.7851 	DATA 	Keypress: 2
123.7856 	EXP 	unnamed Rect: lineColor = 'white (named)'
123.7856 	EXP 	unnamed Rect: lineColor = 'white (named)'
123.7856 	EXP 	unnamed TextStim: text = '-8'
123.7856 	EXP 	unnamed TextStim: text = '-10'
126.7925 	DATA 	Trial End Time - totalITI: 3.00738553552
126.7928 	EXP 	New trial (rep=0, index=5): {'P1_1': '0.8', 'P1_2': '1', 'SafeOption': '2', 'P2_2': '0', 'O2_2': '0', 'O2_1': '0', 'ProbNumber': 'SD7', 'O1_2': '3', 'O1_1': '4', 'EV2': '3', 'EV1': '3.2', 'ProbType': 'SD', 'P2_1': '0.2'}
126.7929 	DATA 	Trial Onset - ProblemType: SD, ProblemNumber: SD7, leftRight: 1, samplingDur: 15, assignedITI: 1.3267
126.7929 	DATA 	Sampling Onset
127.6022 	DATA 	Keypress: 1
127.6106 	EXP 	unnamed TextStim: text = '+3'
128.1104 	DATA 	Sampled Response: 2, Outcome Shown: 0
128.1816 	DATA 	Keypress: 1
128.1849 	EXP 	unnamed TextStim: text = '+3'
128.6844 	DATA 	Sampled Response: 2, Outcome Shown: 0
128.7659 	DATA 	Keypress: 1
128.7692 	EXP 	unnamed TextStim: text = '+3'
129.2694 	DATA 	Sampled Response: 2, Outcome Shown: +4
129.4021 	DATA 	Keypress: 1
129.4055 	EXP 	unnamed TextStim: text = '+3'
129.9054 	DATA 	Sampled Response: 2, Outcome Shown: +4
130.0347 	DATA 	Keypress: 1
130.0381 	EXP 	unnamed TextStim: text = '+3'
130.5374 	DATA 	Sampled Response: 2, Outcome Shown: +4
130.6599 	DATA 	Keypress: 1
130.6657 	EXP 	unnamed TextStim: text = '+3'
131.1654 	DATA 	Sampled Response: 2, Outcome Shown: +4
131.2102 	DATA 	Keypress: 1
131.2195 	EXP 	unnamed TextStim: text = '+3'
131.7195 	DATA 	Sampled Response: 2, Outcome Shown: +4
131.7716 	DATA 	Keypress: 1
131.7751 	EXP 	unnamed TextStim: text = '+3'
132.2744 	DATA 	Sampled Response: 2, Outcome Shown: +4
132.2834 	DATA 	Keypress: 1
132.2869 	EXP 	unnamed TextStim: text = '+3'
132.7865 	DATA 	Sampled Response: 2, Outcome Shown: +4
132.7867 	DATA 	Keypress: 1
133.1639 	DATA 	Keypress: 2
133.1707 	EXP 	unnamed TextStim: text = '+4'
133.6705 	DATA 	Sampled Response: 1, Outcome Shown: +3
133.7866 	DATA 	Keypress: 2
133.7899 	EXP 	unnamed TextStim: text = '+4'
134.2895 	DATA 	Sampled Response: 1, Outcome Shown: +3
134.3698 	DATA 	Keypress: 2
134.3759 	EXP 	unnamed TextStim: text = '+4'
134.8755 	DATA 	Sampled Response: 1, Outcome Shown: +3
134.9147 	DATA 	Keypress: 2
134.9206 	EXP 	unnamed TextStim: text = '+4'
135.4205 	DATA 	Sampled Response: 1, Outcome Shown: +3
135.5229 	DATA 	Keypress: 2
135.5261 	EXP 	unnamed TextStim: text = '+4'
136.0255 	DATA 	Sampled Response: 1, Outcome Shown: +3
136.0980 	DATA 	Keypress: 2
136.1040 	EXP 	unnamed TextStim: text = '+4'
136.6036 	DATA 	Sampled Response: 1, Outcome Shown: +3
136.6822 	DATA 	Keypress: 2
136.6856 	EXP 	unnamed TextStim: text = '+4'
137.1856 	DATA 	Sampled Response: 1, Outcome Shown: +3
137.2337 	DATA 	Keypress: 2
137.2370 	EXP 	unnamed TextStim: text = '+4'
137.7366 	DATA 	Sampled Response: 1, Outcome Shown: +3
137.7864 	DATA 	Keypress: 2
137.7924 	EXP 	unnamed TextStim: text = '+4'
138.2916 	DATA 	Sampled Response: 1, Outcome Shown: +3
138.3238 	DATA 	Keypress: 2
138.3296 	EXP 	unnamed TextStim: text = '+4'
138.8296 	DATA 	Sampled Response: 1, Outcome Shown: +3
138.8298 	DATA 	Keypress: 1
139.2293 	DATA 	Keypress: 1
139.2326 	EXP 	unnamed TextStim: text = '+3'
139.7326 	DATA 	Sampled Response: 2, Outcome Shown: +4
139.8175 	DATA 	Keypress: 1
139.8238 	EXP 	unnamed TextStim: text = '+3'
140.3236 	DATA 	Sampled Response: 2, Outcome Shown: +4
140.3532 	DATA 	Keypress: 1
140.3592 	EXP 	unnamed TextStim: text = '+3'
140.8586 	DATA 	Sampled Response: 2, Outcome Shown: +4
140.8589 	DATA 	Keypress: 1
141.2817 	DATA 	Keypress: 1
141.2877 	EXP 	unnamed TextStim: text = '+3'
141.7877 	DATA 	Sampled Response: 2, Outcome Shown: 0
141.7879 	DATA 	** broke sampling loop (<.5s left in trial) **
141.7888 	DATA 	samplingCount: 23
141.7888 	DATA 	Think Onset
141.7900 	EXP 	unnamed Rect: lineColor = 'white (named)'
141.7900 	EXP 	unnamed Rect: lineColor = 'white (named)'
141.8583 	DATA 	Keypress: 1
143.9883 	DATA 	Keypress: 2
144.4334 	DATA 	Keypress: 2
144.7000 	DATA 	Keypress: 2
144.7954 	DATA 	Decide Onset
144.9050 	DATA 	Keypress: 2
144.9051 	DATA 	Decision Button Press: ['2']
144.9051 	DATA 	Decision Response: 1
144.9064 	EXP 	unnamed Rect: lineColor = 'red (named)'
145.4138 	DATA 	ITI Onset
145.4144 	DATA 	Keypress: 2
145.4149 	EXP 	unnamed Rect: lineColor = 'white (named)'
145.4149 	EXP 	unnamed Rect: lineColor = 'white (named)'
145.4149 	EXP 	unnamed TextStim: text = '+3'
145.4149 	EXP 	unnamed TextStim: text = '+4'
148.3399 	DATA 	Trial End Time - totalITI: 2.92187233573
148.3402 	EXP 	New trial (rep=0, index=6): {'P1_1': '0.4', 'P1_2': '1', 'SafeOption': '2', 'P2_2': '0', 'O2_2': '0', 'O2_1': '-20', 'ProbNumber': 'MD4', 'O1_2': '-4', 'O1_1': '15', 'EV2': '-4', 'EV1': '-6', 'ProbType': 'MD', 'P2_1': '0.6'}
148.3403 	DATA 	Trial Onset - ProblemType: MD, ProblemNumber: MD4, leftRight: 0, samplingDur: 19, assignedITI: 2.5575
148.3403 	DATA 	Sampling Onset
148.9632 	DATA 	Keypress: 1
148.9692 	EXP 	unnamed TextStim: text = '+15'
149.4688 	DATA 	Sampled Response: 1, Outcome Shown: +15
149.5871 	DATA 	Keypress: 1
149.5932 	EXP 	unnamed TextStim: text = '-20'
150.0928 	DATA 	Sampled Response: 1, Outcome Shown: -20
150.1477 	DATA 	Keypress: 1
150.1510 	EXP 	unnamed TextStim: text = '-20'
150.6509 	DATA 	Sampled Response: 1, Outcome Shown: -20
150.7295 	DATA 	Keypress: 1
150.7355 	EXP 	unnamed TextStim: text = '-20'
151.2349 	DATA 	Sampled Response: 1, Outcome Shown: -20
151.3531 	DATA 	Keypress: 1
151.3599 	EXP 	unnamed TextStim: text = '+15'
151.8599 	DATA 	Sampled Response: 1, Outcome Shown: +15
151.9386 	DATA 	Keypress: 1
151.9445 	EXP 	unnamed TextStim: text = '-20'
152.4439 	DATA 	Sampled Response: 1, Outcome Shown: -20
152.4821 	DATA 	Keypress: 1
152.4883 	EXP 	unnamed TextStim: text = '+15'
152.9879 	DATA 	Sampled Response: 1, Outcome Shown: +15
153.0572 	DATA 	Keypress: 1
153.0635 	EXP 	unnamed TextStim: text = '-20'
153.5629 	DATA 	Sampled Response: 1, Outcome Shown: -20
153.5975 	DATA 	Keypress: 1
153.6008 	EXP 	unnamed TextStim: text = '-20'
154.1009 	DATA 	Sampled Response: 1, Outcome Shown: -20
154.1696 	DATA 	Keypress: 1
154.1729 	EXP 	unnamed TextStim: text = '-20'
154.6729 	DATA 	Sampled Response: 1, Outcome Shown: -20
154.7056 	DATA 	Keypress: 2
154.7119 	EXP 	unnamed TextStim: text = '-4'
155.2119 	DATA 	Sampled Response: 2, Outcome Shown: -4
155.2899 	DATA 	Keypress: 2
155.2959 	EXP 	unnamed TextStim: text = '-4'
155.7959 	DATA 	Sampled Response: 2, Outcome Shown: -4
155.9454 	DATA 	Keypress: 2
155.9487 	EXP 	unnamed TextStim: text = '-4'
156.4480 	DATA 	Sampled Response: 2, Outcome Shown: -4
156.4967 	DATA 	Keypress: 2
156.5029 	EXP 	unnamed TextStim: text = '-4'
157.0030 	DATA 	Sampled Response: 2, Outcome Shown: -4
157.0814 	DATA 	Keypress: 2
157.0876 	EXP 	unnamed TextStim: text = '-4'
157.5870 	DATA 	Sampled Response: 2, Outcome Shown: -4
157.6337 	DATA 	Keypress: 2
157.6371 	EXP 	unnamed TextStim: text = '-4'
158.1370 	DATA 	Sampled Response: 2, Outcome Shown: -4
158.1971 	DATA 	Keypress: 2
158.2006 	EXP 	unnamed TextStim: text = '-4'
158.7000 	DATA 	Sampled Response: 2, Outcome Shown: -4
158.7636 	DATA 	Keypress: 2
158.7672 	EXP 	unnamed TextStim: text = '-4'
159.2670 	DATA 	Sampled Response: 2, Outcome Shown: -4
159.2901 	DATA 	Keypress: 1
159.2962 	EXP 	unnamed TextStim: text = '-20'
159.7960 	DATA 	Sampled Response: 1, Outcome Shown: -20
159.8655 	DATA 	Keypress: 1
159.8722 	EXP 	unnamed TextStim: text = '+15'
160.3720 	DATA 	Sampled Response: 1, Outcome Shown: +15
160.4248 	DATA 	Keypress: 1
160.4341 	EXP 	unnamed TextStim: text = '+15'
160.9341 	DATA 	Sampled Response: 1, Outcome Shown: +15
160.9957 	DATA 	Keypress: 1
161.0016 	EXP 	unnamed TextStim: text = '-20'
161.5011 	DATA 	Sampled Response: 1, Outcome Shown: -20
161.6020 	DATA 	Keypress: 1
161.6057 	EXP 	unnamed TextStim: text = '-20'
162.1051 	DATA 	Sampled Response: 1, Outcome Shown: -20
162.1618 	DATA 	Keypress: 1
162.1655 	EXP 	unnamed TextStim: text = '-20'
162.6651 	DATA 	Sampled Response: 1, Outcome Shown: -20
162.7551 	DATA 	Keypress: 1
162.7616 	EXP 	unnamed TextStim: text = '+15'
163.2611 	DATA 	Sampled Response: 1, Outcome Shown: +15
163.3698 	DATA 	Keypress: 1
163.3757 	EXP 	unnamed TextStim: text = '-20'
163.8751 	DATA 	Sampled Response: 1, Outcome Shown: -20
163.9683 	DATA 	Keypress: 1
163.9767 	EXP 	unnamed TextStim: text = '+15'
164.4762 	DATA 	Sampled Response: 1, Outcome Shown: +15
164.5686 	DATA 	Keypress: 1
164.5719 	EXP 	unnamed TextStim: text = '+15'
165.0712 	DATA 	Sampled Response: 1, Outcome Shown: +15
166.8463 	DATA 	** broke sampling loop (<.5s left in trial) **
166.8473 	DATA 	samplingCount: 28
166.8473 	DATA 	Think Onset
166.8497 	EXP 	unnamed Rect: lineColor = 'white (named)'
166.8497 	EXP 	unnamed Rect: lineColor = 'white (named)'
169.8541 	DATA 	Decide Onset
170.5359 	DATA 	Keypress: 1
170.5360 	DATA 	Decision Button Press: ['1']
170.5360 	DATA 	Decision Response: 1
170.5374 	EXP 	unnamed Rect: lineColor = 'red (named)'
171.0472 	DATA 	ITI Onset
171.0482 	EXP 	unnamed Rect: lineColor = 'white (named)'
171.0482 	EXP 	unnamed Rect: lineColor = 'white (named)'
171.0482 	EXP 	unnamed TextStim: text = '+15'
171.0482 	EXP 	unnamed TextStim: text = '-4'
175.1175 	DATA 	Trial End Time - totalITI: 4.06931961694
175.1178 	EXP 	New trial (rep=0, index=7): {'P1_1': '0.3', 'P1_2': '1', 'SafeOption': '2', 'P2_2': '0', 'O2_2': '0', 'O2_1': '-4', 'ProbNumber': 'MD11', 'O1_2': '5', 'O1_1': '27', 'EV2': '5', 'EV1': '5.3', 'ProbType': 'MD', 'P2_1': '0.7'}
175.1179 	DATA 	Trial Onset - ProblemType: MD, ProblemNumber: MD11, leftRight: 1, samplingDur: 15, assignedITI: 1.1477
175.1179 	DATA 	Sampling Onset
175.5967 	DATA 	Keypress: 1
175.6026 	EXP 	unnamed TextStim: text = '+5'
176.1024 	DATA 	Sampled Response: 2, Outcome Shown: +27
176.1776 	DATA 	Keypress: 1
176.1809 	EXP 	unnamed TextStim: text = '+5'
176.6804 	DATA 	Sampled Response: 2, Outcome Shown: -4
176.7453 	DATA 	Keypress: 1
176.7486 	EXP 	unnamed TextStim: text = '+5'
177.2484 	DATA 	Sampled Response: 2, Outcome Shown: +27
177.3200 	DATA 	Keypress: 1
177.3234 	EXP 	unnamed TextStim: text = '+5'
177.8234 	DATA 	Sampled Response: 2, Outcome Shown: -4
177.9694 	DATA 	Keypress: 1
177.9727 	EXP 	unnamed TextStim: text = '+5'
178.4724 	DATA 	Sampled Response: 2, Outcome Shown: +27
178.5380 	DATA 	Keypress: 1
178.5438 	EXP 	unnamed TextStim: text = '+5'
179.0434 	DATA 	Sampled Response: 2, Outcome Shown: -4
179.1123 	DATA 	Keypress: 1
179.1183 	EXP 	unnamed TextStim: text = '+5'
179.6175 	DATA 	Sampled Response: 2, Outcome Shown: +27
179.6806 	DATA 	Keypress: 1
179.6841 	EXP 	unnamed TextStim: text = '+5'
180.1835 	DATA 	Sampled Response: 2, Outcome Shown: -4
180.2483 	DATA 	Keypress: 1
180.2517 	EXP 	unnamed TextStim: text = '+5'
180.7515 	DATA 	Sampled Response: 2, Outcome Shown: -4
180.7798 	DATA 	Keypress: 1
180.7831 	EXP 	unnamed TextStim: text = '+5'
181.2825 	DATA 	Sampled Response: 2, Outcome Shown: -4
181.2827 	DATA 	Keypress: 2
181.6879 	DATA 	Keypress: 2
181.6936 	EXP 	unnamed TextStim: text = '-4'
182.1935 	DATA 	Sampled Response: 1, Outcome Shown: +5
182.2638 	DATA 	Keypress: 2
182.2716 	EXP 	unnamed TextStim: text = '+27'
182.7715 	DATA 	Sampled Response: 1, Outcome Shown: +5
182.8644 	DATA 	Keypress: 2
182.8732 	EXP 	unnamed TextStim: text = '-4'
183.3725 	DATA 	Sampled Response: 1, Outcome Shown: +5
183.4478 	DATA 	Keypress: 2
183.4511 	EXP 	unnamed TextStim: text = '-4'
183.9506 	DATA 	Sampled Response: 1, Outcome Shown: +5
183.9951 	DATA 	Keypress: 2
183.9984 	EXP 	unnamed TextStim: text = '-4'
184.4985 	DATA 	Sampled Response: 1, Outcome Shown: +5
184.5537 	DATA 	Keypress: 2
184.5607 	EXP 	unnamed TextStim: text = '+27'
185.0606 	DATA 	Sampled Response: 1, Outcome Shown: +5
185.1854 	DATA 	Keypress: 2
185.1887 	EXP 	unnamed TextStim: text = '+27'
185.6886 	DATA 	Sampled Response: 1, Outcome Shown: +5
185.7606 	DATA 	Keypress: 2
185.7674 	EXP 	unnamed TextStim: text = '-4'
186.2666 	DATA 	Sampled Response: 1, Outcome Shown: +5
186.4079 	DATA 	Keypress: 2
186.4168 	EXP 	unnamed TextStim: text = '-4'
186.9166 	DATA 	Sampled Response: 1, Outcome Shown: +5
187.0316 	DATA 	Keypress: 2
187.0349 	EXP 	unnamed TextStim: text = '-4'
187.5346 	DATA 	Sampled Response: 1, Outcome Shown: +5
188.0325 	DATA 	Keypress: 1
188.0358 	EXP 	unnamed TextStim: text = '+5'
188.5357 	DATA 	Sampled Response: 2, Outcome Shown: -4
189.6191 	DATA 	** broke sampling loop (<.5s left in trial) **
189.6223 	DATA 	samplingCount: 21
189.6223 	DATA 	Think Onset
189.6234 	EXP 	unnamed Rect: lineColor = 'white (named)'
189.6234 	EXP 	unnamed Rect: lineColor = 'white (named)'
190.4555 	DATA 	Keypress: 1
190.6554 	DATA 	Keypress: 1
190.8479 	DATA 	Keypress: 1
191.0274 	DATA 	Keypress: 1
191.2177 	DATA 	Keypress: 1
191.4109 	DATA 	Keypress: 1
191.5847 	DATA 	Keypress: 1
191.7942 	DATA 	Keypress: 1
191.9844 	DATA 	Keypress: 1
192.1845 	DATA 	Keypress: 1
192.3705 	DATA 	Keypress: 1
192.5626 	DATA 	Keypress: 1
192.6298 	DATA 	Decide Onset
192.7512 	DATA 	Keypress: 1
192.7513 	DATA 	Decision Button Press: ['1']
192.7513 	DATA 	Decision Response: 2
192.7527 	EXP 	unnamed Rect: lineColor = 'red (named)'
193.2611 	DATA 	ITI Onset
193.2616 	DATA 	Keypress: 1
193.2622 	EXP 	unnamed Rect: lineColor = 'white (named)'
193.2622 	EXP 	unnamed Rect: lineColor = 'white (named)'
193.2622 	EXP 	unnamed TextStim: text = '+5'
193.2622 	EXP 	unnamed TextStim: text = '-4'
196.4870 	DATA 	Trial End Time - totalITI: 3.22247499386
196.4872 	EXP 	New trial (rep=0, index=8): {'P1_1': '0.4', 'P1_2': '1', 'SafeOption': '2', 'P2_2': '0', 'O2_2': '0', 'O2_1': '0', 'ProbNumber': 'SD2', 'O1_2': '-2', 'O1_1': '-4', 'EV2': '-2', 'EV1': '-1.6', 'ProbType': 'SD', 'P2_1': '0.6'}
196.4874 	DATA 	Trial Onset - ProblemType: SD, ProblemNumber: SD2, leftRight: 1, samplingDur: 17, assignedITI: 1.3975
196.4874 	DATA 	Sampling Onset
196.8871 	DATA 	Keypress: 1
196.8929 	EXP 	unnamed TextStim: text = '-2'
197.3929 	DATA 	Sampled Response: 2, Outcome Shown: 0
197.4791 	DATA 	Keypress: 1
197.4851 	EXP 	unnamed TextStim: text = '-2'
197.9849 	DATA 	Sampled Response: 2, Outcome Shown: 0
198.0973 	DATA 	Keypress: 1
198.1006 	EXP 	unnamed TextStim: text = '-2'
198.5999 	DATA 	Sampled Response: 2, Outcome Shown: 0
198.6731 	DATA 	Keypress: 1
198.6792 	EXP 	unnamed TextStim: text = '-2'
199.1789 	DATA 	Sampled Response: 2, Outcome Shown: 0
199.2111 	DATA 	Keypress: 1
199.2144 	EXP 	unnamed TextStim: text = '-2'
199.7139 	DATA 	Sampled Response: 2, Outcome Shown: -4
199.7772 	DATA 	Keypress: 1
199.7806 	EXP 	unnamed TextStim: text = '-2'
200.2799 	DATA 	Sampled Response: 2, Outcome Shown: -4
200.3031 	DATA 	Keypress: 1
200.3119 	EXP 	unnamed TextStim: text = '-2'
200.8119 	DATA 	Sampled Response: 2, Outcome Shown: 0
200.8477 	DATA 	Keypress: 1
200.8512 	EXP 	unnamed TextStim: text = '-2'
201.3509 	DATA 	Sampled Response: 2, Outcome Shown: 0
201.3837 	DATA 	Keypress: 1
201.3871 	EXP 	unnamed TextStim: text = '-2'
201.8869 	DATA 	Sampled Response: 2, Outcome Shown: -4
201.9273 	DATA 	Keypress: 1
201.9335 	EXP 	unnamed TextStim: text = '-2'
202.4329 	DATA 	Sampled Response: 2, Outcome Shown: 0
202.4332 	DATA 	Keypress: 2
202.8325 	DATA 	Keypress: 2
202.8375 	EXP 	unnamed TextStim: text = '0'
203.3370 	DATA 	Sampled Response: 1, Outcome Shown: -2
203.3372 	DATA 	Keypress: 2
203.7599 	DATA 	Keypress: 2
203.7667 	EXP 	unnamed TextStim: text = '-4'
204.2660 	DATA 	Sampled Response: 1, Outcome Shown: -2
204.4956 	DATA 	Keypress: 2
204.5018 	EXP 	unnamed TextStim: text = '-4'
205.0020 	DATA 	Sampled Response: 1, Outcome Shown: -2
205.1522 	DATA 	Keypress: 2
205.1569 	EXP 	unnamed TextStim: text = '0'
205.6570 	DATA 	Sampled Response: 1, Outcome Shown: -2
205.8631 	DATA 	Keypress: 2
205.8697 	EXP 	unnamed TextStim: text = '-4'
206.3690 	DATA 	Sampled Response: 1, Outcome Shown: -2
206.5294 	DATA 	Keypress: 2
206.5326 	EXP 	unnamed TextStim: text = '-4'
207.0320 	DATA 	Sampled Response: 1, Outcome Shown: -2
207.1986 	DATA 	Keypress: 2
207.2061 	EXP 	unnamed TextStim: text = '0'
207.7060 	DATA 	Sampled Response: 1, Outcome Shown: -2
207.8878 	DATA 	Keypress: 2
207.8936 	EXP 	unnamed TextStim: text = '0'
208.3931 	DATA 	Sampled Response: 1, Outcome Shown: -2
208.5441 	DATA 	Keypress: 2
208.5474 	EXP 	unnamed TextStim: text = '0'
209.0471 	DATA 	Sampled Response: 1, Outcome Shown: -2
209.2224 	DATA 	Keypress: 2
209.2283 	EXP 	unnamed TextStim: text = '0'
209.7281 	DATA 	Sampled Response: 1, Outcome Shown: -2
209.9110 	DATA 	Keypress: 2
209.9172 	EXP 	unnamed TextStim: text = '0'
210.4171 	DATA 	Sampled Response: 1, Outcome Shown: -2
210.5929 	DATA 	Keypress: 2
210.5963 	EXP 	unnamed TextStim: text = '0'
211.0962 	DATA 	Sampled Response: 1, Outcome Shown: -2
211.2383 	DATA 	Keypress: 2
211.2441 	EXP 	unnamed TextStim: text = '0'
211.7442 	DATA 	Sampled Response: 1, Outcome Shown: -2
212.9922 	DATA 	** broke sampling loop (<.5s left in trial) **
212.9932 	DATA 	samplingCount: 23
212.9933 	DATA 	Think Onset
212.9957 	EXP 	unnamed Rect: lineColor = 'white (named)'
212.9957 	EXP 	unnamed Rect: lineColor = 'white (named)'
215.9973 	DATA 	Decide Onset
216.3899 	DATA 	Keypress: 2
216.3900 	DATA 	Decision Button Press: ['2']
216.3901 	DATA 	Decision Response: 1
216.3914 	EXP 	unnamed Rect: lineColor = 'red (named)'
216.8982 	DATA 	ITI Onset
216.8988 	DATA 	Keypress: 2
216.8993 	EXP 	unnamed Rect: lineColor = 'white (named)'
216.8993 	EXP 	unnamed Rect: lineColor = 'white (named)'
216.8993 	EXP 	unnamed TextStim: text = '-2'
216.8993 	EXP 	unnamed TextStim: text = '0'
220.0989 	DATA 	Trial End Time - totalITI: 3.19966273338
220.0992 	EXP 	New trial (rep=0, index=9): {'P1_1': '0.9', 'P1_2': '1', 'SafeOption': '2', 'P2_2': '0', 'O2_2': '0', 'O2_1': '-10', 'ProbNumber': 'MD8', 'O1_2': '3', 'O1_1': '5', 'EV2': '3', 'EV1': '3.5', 'ProbType': 'MD', 'P2_1': '0.1'}
220.0994 	DATA 	Trial Onset - ProblemType: MD, ProblemNumber: MD8, leftRight: 1, samplingDur: 17, assignedITI: 1.8808
220.0994 	DATA 	Sampling Onset
220.7361 	DATA 	Keypress: 1
220.7425 	EXP 	unnamed TextStim: text = '+3'
221.2424 	DATA 	Sampled Response: 2, Outcome Shown: +5
221.3185 	DATA 	Keypress: 1
221.3219 	EXP 	unnamed TextStim: text = '+3'
221.8213 	DATA 	Sampled Response: 2, Outcome Shown: +5
221.9508 	DATA 	Keypress: 1
221.9541 	EXP 	unnamed TextStim: text = '+3'
222.4534 	DATA 	Sampled Response: 2, Outcome Shown: +5
222.7039 	DATA 	Keypress: 1
222.7095 	EXP 	unnamed TextStim: text = '+3'
223.2094 	DATA 	Sampled Response: 2, Outcome Shown: +5
223.3822 	DATA 	Keypress: 1
223.3855 	EXP 	unnamed TextStim: text = '+3'
223.8854 	DATA 	Sampled Response: 2, Outcome Shown: +5
224.3035 	DATA 	Keypress: 1
224.3092 	EXP 	unnamed TextStim: text = '+3'
224.8083 	DATA 	Sampled Response: 2, Outcome Shown: +5
225.0876 	DATA 	Keypress: 1
225.0935 	EXP 	unnamed TextStim: text = '+3'
225.5934 	DATA 	Sampled Response: 2, Outcome Shown: +5
225.9266 	DATA 	Keypress: 2
225.9320 	EXP 	unnamed TextStim: text = '+5'
226.4315 	DATA 	Sampled Response: 1, Outcome Shown: +3
226.5261 	DATA 	Keypress: 2
226.5295 	EXP 	unnamed TextStim: text = '+5'
227.0295 	DATA 	Sampled Response: 1, Outcome Shown: +3
227.2960 	DATA 	Keypress: 2
227.2994 	EXP 	unnamed TextStim: text = '+5'
227.7995 	DATA 	Sampled Response: 1, Outcome Shown: +3
227.8789 	DATA 	Keypress: 2
227.8822 	EXP 	unnamed TextStim: text = '+5'
228.3815 	DATA 	Sampled Response: 1, Outcome Shown: +3
228.4464 	DATA 	Keypress: 2
228.4496 	EXP 	unnamed TextStim: text = '+5'
228.9496 	DATA 	Sampled Response: 1, Outcome Shown: +3
229.1590 	DATA 	Keypress: 2
229.1623 	EXP 	unnamed TextStim: text = '+5'
229.6616 	DATA 	Sampled Response: 1, Outcome Shown: +3
229.8309 	DATA 	Keypress: 2
229.8342 	EXP 	unnamed TextStim: text = '+5'
230.3336 	DATA 	Sampled Response: 1, Outcome Shown: +3
230.4159 	DATA 	Keypress: 2
230.4193 	EXP 	unnamed TextStim: text = '+5'
230.9185 	DATA 	Sampled Response: 1, Outcome Shown: +3
230.9505 	DATA 	Keypress: 1
230.9540 	EXP 	unnamed TextStim: text = '+3'
231.4535 	DATA 	Sampled Response: 2, Outcome Shown: +5
231.6136 	DATA 	Keypress: 1
231.6195 	EXP 	unnamed TextStim: text = '+3'
232.1196 	DATA 	Sampled Response: 2, Outcome Shown: +5
232.2054 	DATA 	Keypress: 1
232.2112 	EXP 	unnamed TextStim: text = '+3'
232.7106 	DATA 	Sampled Response: 2, Outcome Shown: +5
232.7357 	DATA 	Keypress: 1
232.7416 	EXP 	unnamed TextStim: text = '+3'
233.2416 	DATA 	Sampled Response: 2, Outcome Shown: +5
233.2539 	DATA 	Keypress: 1
233.2596 	EXP 	unnamed TextStim: text = '+3'
233.7596 	DATA 	Sampled Response: 2, Outcome Shown: +5
233.7598 	DATA 	Keypress: 2
234.1015 	DATA 	Keypress: 2
234.1049 	EXP 	unnamed TextStim: text = '+5'
234.6046 	DATA 	Sampled Response: 1, Outcome Shown: +3
234.6049 	DATA 	Keypress: 2
234.7766 	DATA 	Keypress: 2
234.7830 	EXP 	unnamed TextStim: text = '-10'
235.2826 	DATA 	Sampled Response: 1, Outcome Shown: +3
235.2829 	DATA 	Keypress: 2
235.5770 	DATA 	Keypress: 2
235.5827 	EXP 	unnamed TextStim: text = '+5'
236.0827 	DATA 	Sampled Response: 1, Outcome Shown: +3
236.3015 	DATA 	Keypress: 2
236.3048 	EXP 	unnamed TextStim: text = '+5'
236.8047 	DATA 	Sampled Response: 1, Outcome Shown: +3
236.8048 	DATA 	** broke sampling loop (<.5s left in trial) **
236.8059 	DATA 	samplingCount: 24
236.8059 	DATA 	Think Onset
236.8071 	EXP 	unnamed Rect: lineColor = 'white (named)'
236.8071 	EXP 	unnamed Rect: lineColor = 'white (named)'
236.9609 	DATA 	Keypress: 2
239.8131 	DATA 	Decide Onset
240.2689 	DATA 	Keypress: 2
240.2690 	DATA 	Decision Button Press: ['2']
240.2690 	DATA 	Decision Response: 1
240.2704 	EXP 	unnamed Rect: lineColor = 'red (named)'
240.7770 	DATA 	ITI Onset
240.7780 	EXP 	unnamed Rect: lineColor = 'white (named)'
240.7780 	EXP 	unnamed Rect: lineColor = 'white (named)'
240.7780 	EXP 	unnamed TextStim: text = '+3'
240.7780 	EXP 	unnamed TextStim: text = '+5'
244.1991 	DATA 	Trial End Time - totalITI: 3.41919957358
244.1994 	EXP 	New trial (rep=0, index=10): {'P1_1': '0.9', 'P1_2': '1', 'SafeOption': '2', 'P2_2': '0', 'O2_2': '0', 'O2_1': '-30', 'ProbNumber': 'MD2', 'O1_2': '-1', 'O1_1': '2', 'EV2': '-1', 'EV1': '-1.2', 'ProbType': 'MD', 'P2_1': '0.1'}
244.1995 	DATA 	Trial Onset - ProblemType: MD, ProblemNumber: MD2, leftRight: 1, samplingDur: 15, assignedITI: 1.0113
244.1995 	DATA 	Sampling Onset
244.6469 	DATA 	Keypress: 1
244.6526 	EXP 	unnamed TextStim: text = '-1'
245.1519 	DATA 	Sampled Response: 2, Outcome Shown: +2
245.2541 	DATA 	Keypress: 1
245.2600 	EXP 	unnamed TextStim: text = '-1'
245.7599 	DATA 	Sampled Response: 2, Outcome Shown: +2
246.0296 	DATA 	Keypress: 1
246.0328 	EXP 	unnamed TextStim: text = '-1'
246.5329 	DATA 	Sampled Response: 2, Outcome Shown: +2
246.6213 	DATA 	Keypress: 1
246.6274 	EXP 	unnamed TextStim: text = '-1'
247.1269 	DATA 	Sampled Response: 2, Outcome Shown: +2
247.2948 	DATA 	Keypress: 1
247.2981 	EXP 	unnamed TextStim: text = '-1'
247.7979 	DATA 	Sampled Response: 2, Outcome Shown: +2
247.9266 	DATA 	Keypress: 1
247.9299 	EXP 	unnamed TextStim: text = '-1'
248.4299 	DATA 	Sampled Response: 2, Outcome Shown: +2
248.5444 	DATA 	Keypress: 1
248.5478 	EXP 	unnamed TextStim: text = '-1'
249.0479 	DATA 	Sampled Response: 2, Outcome Shown: +2
249.2052 	DATA 	Keypress: 1
249.2137 	EXP 	unnamed TextStim: text = '-1'
249.7129 	DATA 	Sampled Response: 2, Outcome Shown: -30
249.8151 	DATA 	Keypress: 1
249.8186 	EXP 	unnamed TextStim: text = '-1'
250.3180 	DATA 	Sampled Response: 2, Outcome Shown: +2
250.4471 	DATA 	Keypress: 1
250.4504 	EXP 	unnamed TextStim: text = '-1'
250.9500 	DATA 	Sampled Response: 2, Outcome Shown: +2
250.9749 	DATA 	Keypress: 2
250.9811 	EXP 	unnamed TextStim: text = '+2'
251.4811 	DATA 	Sampled Response: 1, Outcome Shown: -1
251.5590 	DATA 	Keypress: 2
251.5623 	EXP 	unnamed TextStim: text = '+2'
252.0620 	DATA 	Sampled Response: 1, Outcome Shown: -1
252.1644 	DATA 	Keypress: 2
252.1703 	EXP 	unnamed TextStim: text = '+2'
252.6700 	DATA 	Sampled Response: 1, Outcome Shown: -1
252.6855 	DATA 	Keypress: 2
252.6913 	EXP 	unnamed TextStim: text = '+2'
253.1910 	DATA 	Sampled Response: 1, Outcome Shown: -1
253.2462 	DATA 	Keypress: 2
253.2495 	EXP 	unnamed TextStim: text = '+2'
253.7491 	DATA 	Sampled Response: 1, Outcome Shown: -1
253.8451 	DATA 	Keypress: 2
253.8484 	EXP 	unnamed TextStim: text = '+2'
254.3481 	DATA 	Sampled Response: 1, Outcome Shown: -1
254.3808 	DATA 	Keypress: 2
254.3843 	EXP 	unnamed TextStim: text = '+2'
254.8841 	DATA 	Sampled Response: 1, Outcome Shown: -1
254.9582 	DATA 	Keypress: 2
254.9616 	EXP 	unnamed TextStim: text = '+2'
255.4611 	DATA 	Sampled Response: 1, Outcome Shown: -1
255.4843 	DATA 	Keypress: 2
255.4931 	EXP 	unnamed TextStim: text = '+2'
255.9931 	DATA 	Sampled Response: 1, Outcome Shown: -1
256.0461 	DATA 	Keypress: 2
256.0495 	EXP 	unnamed TextStim: text = '+2'
256.5491 	DATA 	Sampled Response: 1, Outcome Shown: -1
256.5493 	DATA 	Keypress: 2
257.0770 	DATA 	Keypress: 2
257.0830 	EXP 	unnamed TextStim: text = '+2'
257.5831 	DATA 	Sampled Response: 1, Outcome Shown: -1
257.6696 	DATA 	Keypress: 2
257.6763 	EXP 	unnamed TextStim: text = '-30'
258.1761 	DATA 	Sampled Response: 1, Outcome Shown: -1
258.6999 	DATA 	** broke sampling loop (<.5s left in trial) **
258.7033 	DATA 	samplingCount: 22
258.7033 	DATA 	Think Onset
258.7044 	EXP 	unnamed Rect: lineColor = 'white (named)'
258.7044 	EXP 	unnamed Rect: lineColor = 'white (named)'
261.7119 	DATA 	Decide Onset
262.2920 	DATA 	Keypress: 2
262.2920 	DATA 	Decision Button Press: ['2']
262.2921 	DATA 	Decision Response: 1
262.2935 	EXP 	unnamed Rect: lineColor = 'red (named)'
262.8006 	DATA 	ITI Onset
262.8015 	EXP 	unnamed Rect: lineColor = 'white (named)'
262.8015 	EXP 	unnamed Rect: lineColor = 'white (named)'
262.8015 	EXP 	unnamed TextStim: text = '-1'
262.8015 	EXP 	unnamed TextStim: text = '-30'
265.4314 	DATA 	Trial End Time - totalITI: 2.62817026585
265.4317 	EXP 	New trial (rep=0, index=11): {'P1_1': '0.4', 'P1_2': '1', 'SafeOption': '2', 'P2_2': '0', 'O2_2': '0', 'O2_1': '0', 'ProbNumber': 'SD11', 'O1_2': '8', 'O1_1': '22', 'EV2': '8', 'EV1': '8.8', 'ProbType': 'SD', 'P2_1': '0.6'}
265.4318 	DATA 	Trial Onset - ProblemType: SD, ProblemNumber: SD11, leftRight: 1, samplingDur: 16, assignedITI: 3.6695
265.4319 	DATA 	Sampling Onset
266.1420 	DATA 	Keypress: 1
266.1487 	EXP 	unnamed TextStim: text = '+8'
266.6483 	DATA 	Sampled Response: 2, Outcome Shown: 0
266.7170 	DATA 	Keypress: 1
266.7203 	EXP 	unnamed TextStim: text = '+8'
267.2203 	DATA 	Sampled Response: 2, Outcome Shown: 0
267.2766 	DATA 	Keypress: 1
267.2826 	EXP 	unnamed TextStim: text = '+8'
267.7823 	DATA 	Sampled Response: 2, Outcome Shown: 0
267.9018 	DATA 	Keypress: 1
267.9076 	EXP 	unnamed TextStim: text = '+8'
268.4073 	DATA 	Sampled Response: 2, Outcome Shown: 0
268.5021 	DATA 	Keypress: 1
268.5082 	EXP 	unnamed TextStim: text = '+8'
269.0083 	DATA 	Sampled Response: 2, Outcome Shown: 0
269.1003 	DATA 	Keypress: 1
269.1036 	EXP 	unnamed TextStim: text = '+8'
269.6034 	DATA 	Sampled Response: 2, Outcome Shown: +22
269.7166 	DATA 	Keypress: 1
269.7251 	EXP 	unnamed TextStim: text = '+8'
270.2244 	DATA 	Sampled Response: 2, Outcome Shown: 0
270.2928 	DATA 	Keypress: 1
270.2960 	EXP 	unnamed TextStim: text = '+8'
270.7954 	DATA 	Sampled Response: 2, Outcome Shown: 0
270.8446 	DATA 	Keypress: 1
270.8506 	EXP 	unnamed TextStim: text = '+8'
271.3504 	DATA 	Sampled Response: 2, Outcome Shown: 0
271.4084 	DATA 	Keypress: 1
271.4117 	EXP 	unnamed TextStim: text = '+8'
271.9114 	DATA 	Sampled Response: 2, Outcome Shown: 0
271.9636 	DATA 	Keypress: 1
271.9698 	EXP 	unnamed TextStim: text = '+8'
272.4693 	DATA 	Sampled Response: 2, Outcome Shown: 0
272.5571 	DATA 	Keypress: 1
272.5605 	EXP 	unnamed TextStim: text = '+8'
273.0605 	DATA 	Sampled Response: 2, Outcome Shown: +22
273.0607 	DATA 	Keypress: 2
273.4199 	DATA 	Keypress: 2
273.4309 	EXP 	unnamed TextStim: text = '+22'
273.9305 	DATA 	Sampled Response: 1, Outcome Shown: +8
274.0363 	DATA 	Keypress: 2
274.0424 	EXP 	unnamed TextStim: text = '0'
274.5425 	DATA 	Sampled Response: 1, Outcome Shown: +8
274.5905 	DATA 	Keypress: 2
274.5938 	EXP 	unnamed TextStim: text = '0'
275.0935 	DATA 	Sampled Response: 1, Outcome Shown: +8
275.1494 	DATA 	Keypress: 2
275.1528 	EXP 	unnamed TextStim: text = '0'
275.6525 	DATA 	Sampled Response: 1, Outcome Shown: +8
275.6857 	DATA 	Keypress: 2
275.6918 	EXP 	unnamed TextStim: text = '0'
276.1915 	DATA 	Sampled Response: 1, Outcome Shown: +8
276.2280 	DATA 	Keypress: 2
276.2342 	EXP 	unnamed TextStim: text = '0'
276.7335 	DATA 	Sampled Response: 1, Outcome Shown: +8
276.7337 	DATA 	Keypress: 2
277.2606 	DATA 	Keypress: 2
277.2670 	EXP 	unnamed TextStim: text = '+22'
277.7666 	DATA 	Sampled Response: 1, Outcome Shown: +8
277.8839 	DATA 	Keypress: 2
277.8897 	EXP 	unnamed TextStim: text = '+22'
278.3895 	DATA 	Sampled Response: 1, Outcome Shown: +8
278.5163 	DATA 	Keypress: 2
278.5248 	EXP 	unnamed TextStim: text = '0'
279.0245 	DATA 	Sampled Response: 1, Outcome Shown: +8
279.0696 	DATA 	Keypress: 2
279.0754 	EXP 	unnamed TextStim: text = '0'
279.5756 	DATA 	Sampled Response: 1, Outcome Shown: +8
279.6406 	DATA 	Keypress: 2
279.6467 	EXP 	unnamed TextStim: text = '+22'
280.1466 	DATA 	Sampled Response: 1, Outcome Shown: +8
280.3318 	DATA 	Keypress: 1
280.3351 	EXP 	unnamed TextStim: text = '+8'
280.8346 	DATA 	Sampled Response: 2, Outcome Shown: 0
280.8674 	DATA 	Keypress: 1
280.8759 	EXP 	unnamed TextStim: text = '+8'
281.3756 	DATA 	Sampled Response: 2, Outcome Shown: +22
281.3758 	DATA 	** broke sampling loop (<.5s left in trial) **
281.3767 	DATA 	samplingCount: 25
281.3767 	DATA 	Think Onset
281.3779 	EXP 	unnamed Rect: lineColor = 'white (named)'
281.3779 	EXP 	unnamed Rect: lineColor = 'white (named)'
281.4413 	DATA 	Keypress: 1
284.3814 	DATA 	Decide Onset
284.8830 	DATA 	Keypress: 2
284.8831 	DATA 	Decision Button Press: ['2']
284.8831 	DATA 	Decision Response: 1
284.8845 	EXP 	unnamed Rect: lineColor = 'red (named)'
285.3917 	DATA 	ITI Onset
285.3926 	EXP 	unnamed Rect: lineColor = 'white (named)'
285.3926 	EXP 	unnamed Rect: lineColor = 'white (named)'
285.3926 	EXP 	unnamed TextStim: text = '+8'
285.3926 	EXP 	unnamed TextStim: text = '+22'
290.3171 	DATA 	Trial End Time - totalITI: 4.92366598765
290.3174 	EXP 	New trial (rep=0, index=12): {'P1_1': '0.6', 'P1_2': '1', 'SafeOption': '2', 'P2_2': '0', 'O2_2': '0', 'O2_1': '-12', 'ProbNumber': 'MD12', 'O1_2': '12', 'O1_1': '30', 'EV2': '12', 'EV1': '13.2', 'ProbType': 'MD', 'P2_1': '0.4'}
290.3175 	DATA 	Trial Onset - ProblemType: MD, ProblemNumber: MD12, leftRight: 1, samplingDur: 18, assignedITI: 2.3911
290.3175 	DATA 	Sampling Onset
290.9806 	DATA 	Keypress: 1
290.9869 	EXP 	unnamed TextStim: text = '+12'
291.4868 	DATA 	Sampled Response: 2, Outcome Shown: -12
291.6835 	DATA 	Keypress: 1
291.6892 	EXP 	unnamed TextStim: text = '+12'
292.1889 	DATA 	Sampled Response: 2, Outcome Shown: +30
292.4672 	DATA 	Keypress: 1
292.4729 	EXP 	unnamed TextStim: text = '+12'
292.9729 	DATA 	Sampled Response: 2, Outcome Shown: -12
293.1407 	DATA 	Keypress: 1
293.1441 	EXP 	unnamed TextStim: text = '+12'
293.6439 	DATA 	Sampled Response: 2, Outcome Shown: +30
293.8750 	DATA 	Keypress: 1
293.8809 	EXP 	unnamed TextStim: text = '+12'
294.3809 	DATA 	Sampled Response: 2, Outcome Shown: -12
294.5735 	DATA 	Keypress: 1
294.5768 	EXP 	unnamed TextStim: text = '+12'
295.0769 	DATA 	Sampled Response: 2, Outcome Shown: -12
295.2682 	DATA 	Keypress: 1
295.2741 	EXP 	unnamed TextStim: text = '+12'
295.7739 	DATA 	Sampled Response: 2, Outcome Shown: +30
295.9972 	DATA 	Keypress: 1
296.0007 	EXP 	unnamed TextStim: text = '+12'
296.5000 	DATA 	Sampled Response: 2, Outcome Shown: +30
296.7065 	DATA 	Keypress: 2
296.7150 	EXP 	unnamed TextStim: text = '-12'
297.2150 	DATA 	Sampled Response: 1, Outcome Shown: +12
297.4672 	DATA 	Keypress: 2
297.4756 	EXP 	unnamed TextStim: text = '-12'
297.9750 	DATA 	Sampled Response: 1, Outcome Shown: +12
298.1567 	DATA 	Keypress: 2
298.1633 	EXP 	unnamed TextStim: text = '+30'
298.6630 	DATA 	Sampled Response: 1, Outcome Shown: +12
298.8594 	DATA 	Keypress: 2
298.8679 	EXP 	unnamed TextStim: text = '-12'
299.3680 	DATA 	Sampled Response: 1, Outcome Shown: +12
299.5405 	DATA 	Keypress: 2
299.5439 	EXP 	unnamed TextStim: text = '-12'
300.0440 	DATA 	Sampled Response: 1, Outcome Shown: +12
300.1796 	DATA 	Keypress: 2
300.1859 	EXP 	unnamed TextStim: text = '+30'
300.6850 	DATA 	Sampled Response: 1, Outcome Shown: +12
300.8346 	DATA 	Keypress: 2
300.8404 	EXP 	unnamed TextStim: text = '+30'
301.3401 	DATA 	Sampled Response: 1, Outcome Shown: +12
301.5307 	DATA 	Keypress: 2
301.5340 	EXP 	unnamed TextStim: text = '+30'
302.0340 	DATA 	Sampled Response: 1, Outcome Shown: +12
302.2266 	DATA 	Keypress: 1
302.2327 	EXP 	unnamed TextStim: text = '+12'
302.7321 	DATA 	Sampled Response: 2, Outcome Shown: -12
302.8676 	DATA 	Keypress: 1
302.8735 	EXP 	unnamed TextStim: text = '+12'
303.3731 	DATA 	Sampled Response: 2, Outcome Shown: +30
303.4829 	DATA 	Keypress: 1
303.4914 	EXP 	unnamed TextStim: text = '+12'
303.9911 	DATA 	Sampled Response: 2, Outcome Shown: -12
304.0831 	DATA 	Keypress: 1
304.0890 	EXP 	unnamed TextStim: text = '+12'
304.5891 	DATA 	Sampled Response: 2, Outcome Shown: +30
304.7485 	DATA 	Keypress: 1
304.7517 	EXP 	unnamed TextStim: text = '+12'
305.2511 	DATA 	Sampled Response: 2, Outcome Shown: -12
305.3306 	DATA 	Keypress: 1
305.3392 	EXP 	unnamed TextStim: text = '+12'
305.8392 	DATA 	Sampled Response: 2, Outcome Shown: +30
305.9418 	DATA 	Keypress: 1
305.9453 	EXP 	unnamed TextStim: text = '+12'
306.4452 	DATA 	Sampled Response: 2, Outcome Shown: +30
306.4913 	DATA 	Keypress: 2
306.4948 	EXP 	unnamed TextStim: text = '+30'
306.9942 	DATA 	Sampled Response: 1, Outcome Shown: +12
307.1417 	DATA 	Keypress: 2
307.1450 	EXP 	unnamed TextStim: text = '+30'
307.6442 	DATA 	Sampled Response: 1, Outcome Shown: +12
307.8078 	DATA 	Keypress: 2
307.8142 	EXP 	unnamed TextStim: text = '-12'
308.3142 	DATA 	Sampled Response: 1, Outcome Shown: +12
308.3143 	DATA 	** broke sampling loop (<.5s left in trial) **
308.3153 	DATA 	samplingCount: 26
308.3153 	DATA 	Think Onset
308.3167 	EXP 	unnamed Rect: lineColor = 'white (named)'
308.3167 	EXP 	unnamed Rect: lineColor = 'white (named)'
308.3942 	DATA 	Keypress: 2
311.3228 	DATA 	Decide Onset
311.6658 	DATA 	Keypress: 2
311.6659 	DATA 	Decision Button Press: ['2']
311.6660 	DATA 	Decision Response: 1
311.6675 	EXP 	unnamed Rect: lineColor = 'red (named)'
312.1748 	DATA 	ITI Onset
312.1758 	EXP 	unnamed Rect: lineColor = 'white (named)'
312.1758 	EXP 	unnamed Rect: lineColor = 'white (named)'
312.1758 	EXP 	unnamed TextStim: text = '+12'
312.1758 	EXP 	unnamed TextStim: text = '-12'
315.9264 	DATA 	Trial End Time - totalITI: 3.75086461279
315.9267 	EXP 	New trial (rep=0, index=13): {'P1_1': '0.6', 'P1_2': '1', 'SafeOption': '2', 'P2_2': '0', 'O2_2': '0', 'O2_1': '0', 'ProbNumber': 'SD8', 'O1_2': '7', 'O1_1': '12', 'EV2': '7', 'EV1': '7.2', 'ProbType': 'SD', 'P2_1': '0.4'}
315.9269 	DATA 	Trial Onset - ProblemType: SD, ProblemNumber: SD8, leftRight: 0, samplingDur: 19, assignedITI: 4.6191
315.9269 	DATA 	Sampling Onset
316.5563 	DATA 	Keypress: 2
316.5631 	EXP 	unnamed TextStim: text = '+7'
317.0624 	DATA 	Sampled Response: 2, Outcome Shown: +7
317.2020 	DATA 	Keypress: 2
317.2105 	EXP 	unnamed TextStim: text = '+7'
317.7104 	DATA 	Sampled Response: 2, Outcome Shown: +7
317.8262 	DATA 	Keypress: 2
317.8295 	EXP 	unnamed TextStim: text = '+7'
318.3294 	DATA 	Sampled Response: 2, Outcome Shown: +7
318.4750 	DATA 	Keypress: 2
318.4783 	EXP 	unnamed TextStim: text = '+7'
318.9784 	DATA 	Sampled Response: 2, Outcome Shown: +7
319.1072 	DATA 	Keypress: 2
319.1106 	EXP 	unnamed TextStim: text = '+7'
319.6105 	DATA 	Sampled Response: 2, Outcome Shown: +7
319.8103 	DATA 	Keypress: 2
319.8132 	EXP 	unnamed TextStim: text = '+7'
320.3125 	DATA 	Sampled Response: 2, Outcome Shown: +7
320.3940 	DATA 	Keypress: 2
320.3975 	EXP 	unnamed TextStim: text = '+7'
320.8975 	DATA 	Sampled Response: 2, Outcome Shown: +7
321.0902 	DATA 	Keypress: 2
321.0935 	EXP 	unnamed TextStim: text = '+7'
321.5935 	DATA 	Sampled Response: 2, Outcome Shown: +7
321.7157 	DATA 	Keypress: 2
321.7216 	EXP 	unnamed TextStim: text = '+7'
322.2215 	DATA 	Sampled Response: 2, Outcome Shown: +7
322.3063 	DATA 	Keypress: 2
322.3096 	EXP 	unnamed TextStim: text = '+7'
322.8094 	DATA 	Sampled Response: 2, Outcome Shown: +7
322.8096 	DATA 	Keypress: 1
323.3228 	DATA 	Keypress: 1
323.3282 	EXP 	unnamed TextStim: text = '0'
323.8275 	DATA 	Sampled Response: 1, Outcome Shown: 0
323.9800 	DATA 	Keypress: 1
323.9863 	EXP 	unnamed TextStim: text = '+12'
324.4855 	DATA 	Sampled Response: 1, Outcome Shown: +12
324.6108 	DATA 	Keypress: 1
324.6161 	EXP 	unnamed TextStim: text = '0'
325.1155 	DATA 	Sampled Response: 1, Outcome Shown: 0
325.2742 	DATA 	Keypress: 1
325.2804 	EXP 	unnamed TextStim: text = '+12'
325.7796 	DATA 	Sampled Response: 1, Outcome Shown: +12
325.9400 	DATA 	Keypress: 1
325.9433 	EXP 	unnamed TextStim: text = '+12'
326.4426 	DATA 	Sampled Response: 1, Outcome Shown: +12
326.6541 	DATA 	Keypress: 1
326.6575 	EXP 	unnamed TextStim: text = '+12'
327.1576 	DATA 	Sampled Response: 1, Outcome Shown: +12
327.1578 	DATA 	Keypress: 1
327.3470 	DATA 	Keypress: 1
327.3520 	EXP 	unnamed TextStim: text = '0'
327.8515 	DATA 	Sampled Response: 1, Outcome Shown: 0
328.0596 	DATA 	Keypress: 1
328.0629 	EXP 	unnamed TextStim: text = '0'
328.5626 	DATA 	Sampled Response: 1, Outcome Shown: 0
328.7060 	DATA 	Keypress: 1
328.7120 	EXP 	unnamed TextStim: text = '0'
329.2116 	DATA 	Sampled Response: 1, Outcome Shown: 0
329.2974 	DATA 	Keypress: 1
329.3007 	EXP 	unnamed TextStim: text = '0'
329.8006 	DATA 	Sampled Response: 1, Outcome Shown: 0
330.7559 	DATA 	Keypress: 1
330.7620 	EXP 	unnamed TextStim: text = '+12'
331.2617 	DATA 	Sampled Response: 1, Outcome Shown: +12
331.3610 	DATA 	Keypress: 1
331.3670 	EXP 	unnamed TextStim: text = '+12'
331.8667 	DATA 	Sampled Response: 1, Outcome Shown: +12
331.9157 	DATA 	Keypress: 1
331.9216 	EXP 	unnamed TextStim: text = '+12'
332.4217 	DATA 	Sampled Response: 1, Outcome Shown: +12
334.4296 	DATA 	** broke sampling loop (<.5s left in trial) **
334.4306 	DATA 	samplingCount: 23
334.4306 	DATA 	Think Onset
334.4331 	EXP 	unnamed Rect: lineColor = 'white (named)'
334.4331 	EXP 	unnamed Rect: lineColor = 'white (named)'
335.3457 	DATA 	Keypress: 2
335.7321 	DATA 	Keypress: 2
336.0348 	DATA 	Keypress: 2
336.3079 	DATA 	Keypress: 2
336.5742 	DATA 	Keypress: 2
336.6991 	DATA 	Keypress: 2
337.0828 	DATA 	Keypress: 2
337.3457 	DATA 	Keypress: 2
337.4381 	DATA 	Decide Onset
337.6727 	DATA 	Keypress: 2
337.6728 	DATA 	Decision Button Press: ['2']
337.6728 	DATA 	Decision Response: 2
337.6742 	EXP 	unnamed Rect: lineColor = 'red (named)'
338.1820 	DATA 	ITI Onset
338.1826 	DATA 	Keypress: 2
338.1831 	EXP 	unnamed Rect: lineColor = 'white (named)'
338.1831 	EXP 	unnamed Rect: lineColor = 'white (named)'
338.1831 	EXP 	unnamed TextStim: text = '+12'
338.1831 	EXP 	unnamed TextStim: text = '+7'
344.7666 	DATA 	Trial End Time - totalITI: 6.58137628457
344.7669 	EXP 	New trial (rep=0, index=14): {'P1_1': '0.3', 'P1_2': '0.5', 'SafeOption': '1', 'P2_2': '0.5', 'O2_2': '30', 'O2_1': '15', 'ProbNumber': 'RR4', 'O1_2': '-8', 'O1_1': '5', 'EV2': '11', 'EV1': '12', 'ProbType': 'RR', 'P2_1': '0.7'}
344.7670 	DATA 	Trial Onset - ProblemType: RR, ProblemNumber: RR4, leftRight: 0, samplingDur: 16, assignedITI: 1.2297
344.7670 	DATA 	Sampling Onset
345.2565 	DATA 	Keypress: 1
345.2651 	EXP 	unnamed TextStim: text = '+15'
345.7650 	DATA 	Sampled Response: 1, Outcome Shown: +15
345.7652 	DATA 	Keypress: 1
346.1786 	DATA 	Keypress: 1
346.1842 	EXP 	unnamed TextStim: text = '+5'
346.6840 	DATA 	Sampled Response: 1, Outcome Shown: +5
346.8989 	DATA 	Keypress: 1
346.9052 	EXP 	unnamed TextStim: text = '+15'
347.4050 	DATA 	Sampled Response: 1, Outcome Shown: +15
347.5938 	DATA 	Keypress: 1
347.5972 	EXP 	unnamed TextStim: text = '+15'
348.0970 	DATA 	Sampled Response: 1, Outcome Shown: +15
348.2747 	DATA 	Keypress: 1
348.2804 	EXP 	unnamed TextStim: text = '+5'
348.7800 	DATA 	Sampled Response: 1, Outcome Shown: +5
348.9723 	DATA 	Keypress: 1
348.9784 	EXP 	unnamed TextStim: text = '+15'
349.4781 	DATA 	Sampled Response: 1, Outcome Shown: +15
349.6584 	DATA 	Keypress: 1
349.6617 	EXP 	unnamed TextStim: text = '+15'
350.1611 	DATA 	Sampled Response: 1, Outcome Shown: +15
350.2970 	DATA 	Keypress: 1
350.3027 	EXP 	unnamed TextStim: text = '+15'
350.8020 	DATA 	Sampled Response: 1, Outcome Shown: +15
350.9763 	DATA 	Keypress: 1
350.9859 	EXP 	unnamed TextStim: text = '+5'
351.4851 	DATA 	Sampled Response: 1, Outcome Shown: +5
351.6404 	DATA 	Keypress: 1
351.6469 	EXP 	unnamed TextStim: text = '+15'
352.1461 	DATA 	Sampled Response: 1, Outcome Shown: +15
352.4162 	DATA 	Keypress: 2
352.4280 	EXP 	unnamed TextStim: text = '-8'
352.9281 	DATA 	Sampled Response: 2, Outcome Shown: -8
353.0980 	DATA 	Keypress: 2
353.1038 	EXP 	unnamed TextStim: text = '-8'
353.6032 	DATA 	Sampled Response: 2, Outcome Shown: -8
353.7925 	DATA 	Keypress: 2
353.7986 	EXP 	unnamed TextStim: text = '-8'
354.2982 	DATA 	Sampled Response: 2, Outcome Shown: -8
354.4824 	DATA 	Keypress: 2
354.4888 	EXP 	unnamed TextStim: text = '+30'
354.9882 	DATA 	Sampled Response: 2, Outcome Shown: +30
355.2265 	DATA 	Keypress: 2
355.2297 	EXP 	unnamed TextStim: text = '+30'
355.7292 	DATA 	Sampled Response: 2, Outcome Shown: +30
355.9529 	DATA 	Keypress: 2
355.9601 	EXP 	unnamed TextStim: text = '-8'
356.4602 	DATA 	Sampled Response: 2, Outcome Shown: -8
356.6329 	DATA 	Keypress: 2
356.6393 	EXP 	unnamed TextStim: text = '+30'
357.1392 	DATA 	Sampled Response: 2, Outcome Shown: +30
357.3621 	DATA 	Keypress: 2
357.3687 	EXP 	unnamed TextStim: text = '-8'
357.8682 	DATA 	Sampled Response: 2, Outcome Shown: -8
358.0888 	DATA 	Keypress: 2
358.0923 	EXP 	unnamed TextStim: text = '-8'
358.5923 	DATA 	Sampled Response: 2, Outcome Shown: -8
358.8417 	DATA 	Keypress: 2
358.8479 	EXP 	unnamed TextStim: text = '+30'
359.3473 	DATA 	Sampled Response: 2, Outcome Shown: +30
359.6205 	DATA 	Keypress: 1
359.6238 	EXP 	unnamed TextStim: text = '+15'
360.1233 	DATA 	Sampled Response: 1, Outcome Shown: +15
360.2712 	DATA 	** broke sampling loop (<.5s left in trial) **
360.2748 	DATA 	samplingCount: 21
360.2748 	DATA 	Think Onset
360.2761 	EXP 	unnamed Rect: lineColor = 'white (named)'
360.2761 	EXP 	unnamed Rect: lineColor = 'white (named)'
360.3400 	DATA 	Keypress: 1
361.3211 	DATA 	Keypress: 1
361.5869 	DATA 	Keypress: 1
361.7778 	DATA 	Keypress: 1
361.9612 	DATA 	Keypress: 1
362.1439 	DATA 	Keypress: 1
362.3366 	DATA 	Keypress: 1
362.5390 	DATA 	Keypress: 1
362.7295 	DATA 	Keypress: 1
362.9226 	DATA 	Keypress: 1
363.1293 	DATA 	Keypress: 1
363.2786 	DATA 	Decide Onset
363.3436 	DATA 	Keypress: 1
363.3437 	DATA 	Decision Button Press: ['1']
363.3437 	DATA 	Decision Response: 1
363.3451 	EXP 	unnamed Rect: lineColor = 'red (named)'
363.8524 	DATA 	ITI Onset
363.8529 	DATA 	Keypress: 1
363.8534 	EXP 	unnamed Rect: lineColor = 'white (named)'
363.8534 	EXP 	unnamed Rect: lineColor = 'white (named)'
363.8534 	EXP 	unnamed TextStim: text = '+15'
363.8534 	EXP 	unnamed TextStim: text = '+30'
367.2107 	DATA 	Trial End Time - totalITI: 3.35761562533
367.2110 	EXP 	New trial (rep=0, index=15): {'P1_1': '0.1', 'P1_2': '1', 'SafeOption': '2', 'P2_2': '0', 'O2_2': '0', 'O2_1': '0', 'ProbNumber': 'SD10', 'O1_2': '3', 'O1_1': '32', 'EV2': '3', 'EV1': '3.2', 'ProbType': 'SD', 'P2_1': '0.9'}
367.2111 	DATA 	Trial Onset - ProblemType: SD, ProblemNumber: SD10, leftRight: 0, samplingDur: 15, assignedITI: 1.0098
367.2111 	DATA 	Sampling Onset
367.6324 	DATA 	Keypress: 1
367.6426 	EXP 	unnamed TextStim: text = '0'
368.1424 	DATA 	Sampled Response: 1, Outcome Shown: 0
368.1702 	DATA 	Keypress: 1
368.1735 	EXP 	unnamed TextStim: text = '0'
368.6735 	DATA 	Sampled Response: 1, Outcome Shown: 0
368.7451 	DATA 	Keypress: 1
368.7514 	EXP 	unnamed TextStim: text = '+32'
369.2515 	DATA 	Sampled Response: 1, Outcome Shown: +32
369.3276 	DATA 	Keypress: 1
369.3362 	EXP 	unnamed TextStim: text = '0'
369.8355 	DATA 	Sampled Response: 1, Outcome Shown: 0
369.9446 	DATA 	Keypress: 1
369.9531 	EXP 	unnamed TextStim: text = '0'
370.4525 	DATA 	Sampled Response: 1, Outcome Shown: 0
370.5277 	DATA 	Keypress: 1
370.5310 	EXP 	unnamed TextStim: text = '0'
371.0305 	DATA 	Sampled Response: 1, Outcome Shown: 0
371.1124 	DATA 	Keypress: 1
371.1157 	EXP 	unnamed TextStim: text = '0'
371.6155 	DATA 	Sampled Response: 1, Outcome Shown: 0
371.6956 	DATA 	Keypress: 1
371.6991 	EXP 	unnamed TextStim: text = '0'
372.1985 	DATA 	Sampled Response: 1, Outcome Shown: 0
372.3037 	DATA 	Keypress: 1
372.3070 	EXP 	unnamed TextStim: text = '0'
372.8065 	DATA 	Sampled Response: 1, Outcome Shown: 0
372.9286 	DATA 	Keypress: 1
372.9319 	EXP 	unnamed TextStim: text = '0'
373.4316 	DATA 	Sampled Response: 1, Outcome Shown: 0
373.5121 	DATA 	Keypress: 2
373.5214 	EXP 	unnamed TextStim: text = '+3'
374.0216 	DATA 	Sampled Response: 2, Outcome Shown: +3
374.0952 	DATA 	Keypress: 2
374.1045 	EXP 	unnamed TextStim: text = '+3'
374.6046 	DATA 	Sampled Response: 2, Outcome Shown: +3
374.6959 	DATA 	Keypress: 2
374.6991 	EXP 	unnamed TextStim: text = '+3'
375.1986 	DATA 	Sampled Response: 2, Outcome Shown: +3
375.2575 	DATA 	Keypress: 2
375.2609 	EXP 	unnamed TextStim: text = '+3'
375.7606 	DATA 	Sampled Response: 2, Outcome Shown: +3
375.8555 	DATA 	Keypress: 2
375.8590 	EXP 	unnamed TextStim: text = '+3'
376.3586 	DATA 	Sampled Response: 2, Outcome Shown: +3
376.3873 	DATA 	Keypress: 2
376.3907 	EXP 	unnamed TextStim: text = '+3'
376.8907 	DATA 	Sampled Response: 2, Outcome Shown: +3
376.9713 	DATA 	Keypress: 2
376.9748 	EXP 	unnamed TextStim: text = '+3'
377.4746 	DATA 	Sampled Response: 2, Outcome Shown: +3
377.5280 	DATA 	Keypress: 2
377.5368 	EXP 	unnamed TextStim: text = '+3'
378.0367 	DATA 	Sampled Response: 2, Outcome Shown: +3
378.1037 	DATA 	Keypress: 2
378.1070 	EXP 	unnamed TextStim: text = '+3'
378.6066 	DATA 	Sampled Response: 2, Outcome Shown: +3
378.6810 	DATA 	Keypress: 2
378.6870 	EXP 	unnamed TextStim: text = '+3'
379.1867 	DATA 	Sampled Response: 2, Outcome Shown: +3
379.2958 	DATA 	Keypress: 1
379.3042 	EXP 	unnamed TextStim: text = '0'
379.8036 	DATA 	Sampled Response: 1, Outcome Shown: 0
380.0040 	DATA 	Keypress: 1
380.0073 	EXP 	unnamed TextStim: text = '0'
380.5067 	DATA 	Sampled Response: 1, Outcome Shown: 0
380.6153 	DATA 	Keypress: 1
380.6212 	EXP 	unnamed TextStim: text = '0'
381.1207 	DATA 	Sampled Response: 1, Outcome Shown: 0
381.2157 	DATA 	Keypress: 1
381.2218 	EXP 	unnamed TextStim: text = '0'
381.7218 	DATA 	Sampled Response: 1, Outcome Shown: 0
381.7220 	DATA 	** broke sampling loop (<.5s left in trial) **
381.7229 	DATA 	samplingCount: 24
381.7229 	DATA 	Think Onset
381.7244 	EXP 	unnamed Rect: lineColor = 'white (named)'
381.7244 	EXP 	unnamed Rect: lineColor = 'white (named)'
381.7877 	DATA 	Keypress: 1
384.7295 	DATA 	Decide Onset
385.1987 	DATA 	Keypress: 2
385.1988 	DATA 	Decision Button Press: ['2']
385.1988 	DATA 	Decision Response: 2
385.2002 	EXP 	unnamed Rect: lineColor = 'red (named)'
385.7064 	DATA 	ITI Onset
385.7074 	EXP 	unnamed Rect: lineColor = 'white (named)'
385.7074 	EXP 	unnamed Rect: lineColor = 'white (named)'
385.7074 	EXP 	unnamed TextStim: text = '0'
385.7074 	EXP 	unnamed TextStim: text = '+3'
388.4367 	DATA 	Trial End Time - totalITI: 2.72948764729
388.4370 	EXP 	New trial (rep=0, index=16): {'P1_1': '0.8', 'P1_2': '1', 'SafeOption': '2', 'P2_2': '0', 'O2_2': '0', 'O2_1': '0', 'ProbNumber': 'SD4', 'O1_2': '-3', 'O1_1': '-4', 'EV2': '-3', 'EV1': '-3.2', 'ProbType': 'SD', 'P2_1': '0.2'}
388.4371 	DATA 	Trial Onset - ProblemType: SD, ProblemNumber: SD4, leftRight: 1, samplingDur: 17, assignedITI: 1.2245
388.4371 	DATA 	Sampling Onset
389.0406 	DATA 	Keypress: 1
389.0462 	EXP 	unnamed TextStim: text = '-3'
389.5459 	DATA 	Sampled Response: 2, Outcome Shown: -4
389.6391 	DATA 	Keypress: 1
389.6451 	EXP 	unnamed TextStim: text = '-3'
390.1449 	DATA 	Sampled Response: 2, Outcome Shown: -4
390.3120 	DATA 	Keypress: 1
390.3153 	EXP 	unnamed TextStim: text = '-3'
390.8150 	DATA 	Sampled Response: 2, Outcome Shown: -4
390.9872 	DATA 	Keypress: 1
390.9904 	EXP 	unnamed TextStim: text = '-3'
391.4900 	DATA 	Sampled Response: 2, Outcome Shown: -4
391.5928 	DATA 	Keypress: 1
391.5962 	EXP 	unnamed TextStim: text = '-3'
392.0960 	DATA 	Sampled Response: 2, Outcome Shown: 0
392.2081 	DATA 	Keypress: 1
392.2114 	EXP 	unnamed TextStim: text = '-3'
392.7110 	DATA 	Sampled Response: 2, Outcome Shown: -4
392.7929 	DATA 	Keypress: 1
392.7961 	EXP 	unnamed TextStim: text = '-3'
393.2960 	DATA 	Sampled Response: 2, Outcome Shown: -4
393.3588 	DATA 	Keypress: 1
393.3650 	EXP 	unnamed TextStim: text = '-3'
393.8650 	DATA 	Sampled Response: 2, Outcome Shown: -4
393.9288 	DATA 	Keypress: 1
393.9349 	EXP 	unnamed TextStim: text = '-3'
394.4350 	DATA 	Sampled Response: 2, Outcome Shown: -4
394.4706 	DATA 	Keypress: 2
394.4773 	EXP 	unnamed TextStim: text = '-4'
394.9770 	DATA 	Sampled Response: 1, Outcome Shown: -3
395.1265 	DATA 	Keypress: 2
395.1350 	EXP 	unnamed TextStim: text = '-4'
395.6351 	DATA 	Sampled Response: 1, Outcome Shown: -3
395.8241 	DATA 	Keypress: 2
395.8293 	EXP 	unnamed TextStim: text = '0'
396.3291 	DATA 	Sampled Response: 1, Outcome Shown: -3
396.4878 	DATA 	Keypress: 2
396.4945 	EXP 	unnamed TextStim: text = '-4'
396.9941 	DATA 	Sampled Response: 1, Outcome Shown: -3
397.1367 	DATA 	Keypress: 2
397.1401 	EXP 	unnamed TextStim: text = '-4'
397.6401 	DATA 	Sampled Response: 1, Outcome Shown: -3
397.7757 	DATA 	Keypress: 2
397.7790 	EXP 	unnamed TextStim: text = '-4'
398.2791 	DATA 	Sampled Response: 1, Outcome Shown: -3
398.4387 	DATA 	Keypress: 2
398.4482 	EXP 	unnamed TextStim: text = '0'
398.9481 	DATA 	Sampled Response: 1, Outcome Shown: -3
399.2146 	DATA 	Keypress: 2
399.2263 	EXP 	unnamed TextStim: text = '-4'
399.7261 	DATA 	Sampled Response: 1, Outcome Shown: -3
399.9424 	DATA 	Keypress: 2
399.9459 	EXP 	unnamed TextStim: text = '-4'
400.4452 	DATA 	Sampled Response: 1, Outcome Shown: -3
400.6722 	DATA 	Keypress: 2
400.6774 	EXP 	unnamed TextStim: text = '0'
401.1772 	DATA 	Sampled Response: 1, Outcome Shown: -3
404.9403 	DATA 	** broke sampling loop (<.5s left in trial) **
404.9412 	DATA 	samplingCount: 19
404.9413 	DATA 	Think Onset
404.9437 	EXP 	unnamed Rect: lineColor = 'white (named)'
404.9437 	EXP 	unnamed Rect: lineColor = 'white (named)'
405.9029 	DATA 	Keypress: 2
406.2467 	DATA 	Keypress: 2
406.4564 	DATA 	Keypress: 2
406.6635 	DATA 	Keypress: 2
406.8562 	DATA 	Keypress: 2
407.0469 	DATA 	Keypress: 2
407.2561 	DATA 	Keypress: 2
407.4638 	DATA 	Keypress: 2
407.6469 	DATA 	Keypress: 2
407.8400 	DATA 	Keypress: 2
407.9462 	DATA 	Decide Onset
408.0297 	DATA 	Keypress: 2
408.0297 	DATA 	Decision Button Press: ['2']
408.0298 	DATA 	Decision Response: 1
408.0310 	EXP 	unnamed Rect: lineColor = 'red (named)'
408.5365 	DATA 	ITI Onset
408.5370 	DATA 	Keypress: 2
408.5372 	DATA 	Keypress: 2
408.5377 	EXP 	unnamed Rect: lineColor = 'white (named)'
408.5377 	EXP 	unnamed Rect: lineColor = 'white (named)'
408.5377 	EXP 	unnamed TextStim: text = '-3'
408.5377 	EXP 	unnamed TextStim: text = '0'
411.8771 	DATA 	Trial End Time - totalITI: 3.33754593917
411.8774 	EXP 	New trial (rep=0, index=17): {'P1_1': '0.8', 'P1_2': '1', 'SafeOption': '2', 'P2_2': '0', 'O2_2': '0', 'O2_1': '0', 'ProbNumber': 'SD9', 'O1_2': '13', 'O1_1': '16', 'EV2': '13', 'EV1': '12.8', 'ProbType': 'SD', 'P2_1': '0.2'}
411.8775 	DATA 	Trial Onset - ProblemType: SD, ProblemNumber: SD9, leftRight: 0, samplingDur: 15, assignedITI: 1.0887
411.8775 	DATA 	Sampling Onset
412.4629 	DATA 	Keypress: 1
412.4692 	EXP 	unnamed TextStim: text = '+16'
412.9684 	DATA 	Sampled Response: 1, Outcome Shown: +16
413.0304 	DATA 	Keypress: 1
413.0363 	EXP 	unnamed TextStim: text = '+16'
413.5364 	DATA 	Sampled Response: 1, Outcome Shown: +16
413.6183 	DATA 	Keypress: 1
413.6216 	EXP 	unnamed TextStim: text = '+16'
414.1215 	DATA 	Sampled Response: 1, Outcome Shown: +16
414.2396 	DATA 	Keypress: 1
414.2431 	EXP 	unnamed TextStim: text = '+16'
414.7424 	DATA 	Sampled Response: 1, Outcome Shown: +16
414.9259 	DATA 	Keypress: 1
414.9292 	EXP 	unnamed TextStim: text = '+16'
415.4285 	DATA 	Sampled Response: 1, Outcome Shown: +16
415.6221 	DATA 	Keypress: 1
415.6256 	EXP 	unnamed TextStim: text = '+16'
416.1255 	DATA 	Sampled Response: 1, Outcome Shown: +16
416.2506 	DATA 	Keypress: 1
416.2540 	EXP 	unnamed TextStim: text = '+16'
416.7535 	DATA 	Sampled Response: 1, Outcome Shown: +16
416.8794 	DATA 	Keypress: 1
416.8852 	EXP 	unnamed TextStim: text = '+16'
417.3845 	DATA 	Sampled Response: 1, Outcome Shown: +16
417.4795 	DATA 	Keypress: 1
417.4855 	EXP 	unnamed TextStim: text = '+16'
417.9856 	DATA 	Sampled Response: 1, Outcome Shown: +16
418.0702 	DATA 	Keypress: 1
418.0735 	EXP 	unnamed TextStim: text = '+16'
418.5735 	DATA 	Sampled Response: 1, Outcome Shown: +16
418.7098 	DATA 	Keypress: 2
418.7185 	EXP 	unnamed TextStim: text = '+13'
419.2185 	DATA 	Sampled Response: 2, Outcome Shown: +13
419.4134 	DATA 	Keypress: 2
419.4217 	EXP 	unnamed TextStim: text = '+13'
419.9216 	DATA 	Sampled Response: 2, Outcome Shown: +13
420.0866 	DATA 	Keypress: 2
420.0899 	EXP 	unnamed TextStim: text = '+13'
420.5896 	DATA 	Sampled Response: 2, Outcome Shown: +13
420.7597 	DATA 	Keypress: 2
420.7629 	EXP 	unnamed TextStim: text = '+13'
421.2626 	DATA 	Sampled Response: 2, Outcome Shown: +13
421.3918 	DATA 	Keypress: 2
421.3951 	EXP 	unnamed TextStim: text = '+13'
421.8946 	DATA 	Sampled Response: 2, Outcome Shown: +13
421.9757 	DATA 	Keypress: 2
421.9791 	EXP 	unnamed TextStim: text = '+13'
422.4786 	DATA 	Sampled Response: 2, Outcome Shown: +13
422.5741 	DATA 	Keypress: 2
422.5803 	EXP 	unnamed TextStim: text = '+13'
423.0796 	DATA 	Sampled Response: 2, Outcome Shown: +13
423.2023 	DATA 	Keypress: 2
423.2056 	EXP 	unnamed TextStim: text = '+13'
423.7056 	DATA 	Sampled Response: 2, Outcome Shown: +13
423.8334 	DATA 	Keypress: 2
423.8367 	EXP 	unnamed TextStim: text = '+13'
424.3366 	DATA 	Sampled Response: 2, Outcome Shown: +13
424.4218 	DATA 	Keypress: 2
424.4251 	EXP 	unnamed TextStim: text = '+13'
424.9247 	DATA 	Sampled Response: 2, Outcome Shown: +13
424.9697 	DATA 	Keypress: 1
424.9730 	EXP 	unnamed TextStim: text = '+16'
425.4727 	DATA 	Sampled Response: 1, Outcome Shown: +16
425.5812 	DATA 	Keypress: 1
425.5918 	EXP 	unnamed TextStim: text = '0'
426.0917 	DATA 	Sampled Response: 1, Outcome Shown: 0
426.1833 	DATA 	Keypress: 1
426.1897 	EXP 	unnamed TextStim: text = '+16'
426.6897 	DATA 	Sampled Response: 1, Outcome Shown: +16
426.6899 	DATA 	** broke sampling loop (<.5s left in trial) **
426.6908 	DATA 	samplingCount: 23
426.6908 	DATA 	Think Onset
426.6921 	EXP 	unnamed Rect: lineColor = 'white (named)'
426.6921 	EXP 	unnamed Rect: lineColor = 'white (named)'
426.7589 	DATA 	Keypress: 1
429.6966 	DATA 	Decide Onset
430.7887 	DATA 	Keypress: 1
430.7888 	DATA 	Decision Button Press: ['1']
430.7888 	DATA 	Decision Response: 1
430.7902 	EXP 	unnamed Rect: lineColor = 'red (named)'
431.2975 	DATA 	ITI Onset
431.2984 	EXP 	unnamed Rect: lineColor = 'white (named)'
431.2984 	EXP 	unnamed Rect: lineColor = 'white (named)'
431.2984 	EXP 	unnamed TextStim: text = '+16'
431.2984 	EXP 	unnamed TextStim: text = '+13'
433.1863 	DATA 	Trial End Time - totalITI: 1.88388179006
433.3545 	INFO 	saved wide-format data to logs/DE221/DE221_ebdm_run_2.csv
433.3546 	DATA 	*****END RUN 2*****
433.4128 	EXP 	window1: mouseVisible = True
