3.8968 	INFO 	Loaded monitor calibration from ['2018_11_13 11:50']
3.8986 	WARNING 	User requested fullscreen with size [800 600], but screen is actually [1920, 1080]. Using actual size
4.6822 	EXP 	Created window1 = Window(allowGUI=False, allowStencil=False, args=UNKNOWN, autoLog=True, bitsMode=UNKNOWN, blendMode='avg', color='black', colorSpace='named', fullscr=UNKNOWN, gamma=None, kwargs=UNKNOWN, lms=UNKNOWN, monitor=<psychopy.monitors.calibTools.Monitor object at 0x1CD6C0F0>, multiSample=False, name='window1', numSamples=2, pos=[0, 0], screen=0, size=array([1920, 1080]), stereo=False, units='deg', useFBO=False, useRetina=False, viewOri=0.0, viewPos=None, viewScale=None, waitBlanking=True, winType='pyglet')
4.7320 	EXP 	Created unnamed TextStim = TextStim(alignHoriz='center', alignVert='center', antialias=True, autoLog=True, bold=False, color=array([ 1.,  1.,  1.]), colorSpace='rgb', contrast=1.0, depth=0, flipHoriz=False, flipVert=False, font='', fontFiles=[], height=2, italic=False, name='unnamed TextStim', opacity=1.0, ori=0.0, pos=array([ 0.,  0.]), rgb=array([ 1.,  1.,  1.]), text='+', units='deg', win=Window(...), wrapWidth=15.0)
4.7713 	EXP 	Created unnamed TextStim = TextStim(alignHoriz='center', alignVert='center', antialias=True, autoLog=True, bold=False, color=array([ 1.,  1.,  1.]), colorSpace='rgb', contrast=1.0, depth=0, flipHoriz=False, flipVert=False, font='', fontFiles=[], height=1.5, italic=False, name='unnamed TextStim', opacity=1.0, ori=0.0, pos=array([ 0.,  0.]), rgb=array([ 1.,  1.,  1.]), text=newstr(...), units='deg', win=Window(...), wrapWidth=15.0)
4.7885 	EXP 	Created unnamed TextStim = TextStim(alignHoriz='center', alignVert='center', antialias=True, autoLog=True, bold=False, color=array([ 1.,  1.,  1.]), colorSpace='rgb', contrast=1.0, depth=0, flipHoriz=False, flipVert=False, font='', fontFiles=[], height=1.5, italic=False, name='unnamed TextStim', opacity=1.0, ori=0.0, pos=array([ 0.,  0.]), rgb=array([ 1.,  1.,  1.]), text='Waiting for scanner...', units='deg', win=Window(...), wrapWidth=15.0)
4.8095 	EXP 	Created unnamed TextStim = TextStim(alignHoriz='center', alignVert='center', antialias=True, autoLog=True, bold=False, color='white', colorSpace='named', contrast=1.0, depth=0, flipHoriz=False, flipVert=False, font='', fontFiles=[], height=1, italic=False, name='unnamed TextStim', opacity=1.0, ori=0.0, pos=array([ 0.,  0.]), rgb=array([ 255.,  255.,  255.]), text='Press SPACE to continue.', units='deg', win=Window(...), wrapWidth=15.0)
4.8203 	EXP 	Created unnamed TextStim = TextStim(alignHoriz='center', alignVert='center', antialias=True, autoLog=True, bold=False, color=array([ 1.,  1.,  1.]), colorSpace='rgb', contrast=1.0, depth=0, flipHoriz=False, flipVert=False, font='', fontFiles=[], height=0.1, italic=False, name='unnamed TextStim', opacity=1.0, ori=0.0, pos=array([ 0.,  0.]), rgb=array([ 1.,  1.,  1.]), text='THINK', units='norm', win=Window(...), wrapWidth=1)
4.8282 	EXP 	Created unnamed TextStim = TextStim(alignHoriz='center', alignVert='center', antialias=True, autoLog=True, bold=False, color=array([ 1.,  1.,  1.]), colorSpace='rgb', contrast=1.0, depth=0, flipHoriz=False, flipVert=False, font='', fontFiles=[], height=0.1, italic=False, name='unnamed TextStim', opacity=1.0, ori=0.0, pos=array([ 0.,  0.]), rgb=array([ 1.,  1.,  1.]), text='DECIDE', units='norm', win=Window(...), wrapWidth=1)
4.8347 	EXP 	<method-wrapper '__getattribute__' of attributeSetter object at 0x059C3250>: vertices = array([[-0.275     ,  0.48888889],
       [ 0.275     ,  0.48888889],
       [ 0.275     , -0.48888889],
       [-0.275     , -0.48888889]])
4.8356 	EXP 	Created unnamed Rect = Rect(autoDraw=False, autoLog=True, closeShape=True, contrast=1.0, depth=0, fillColor=None, fillColorSpace='rgb', fillRGB=None, interpolate=True, lineColor='white', lineColorSpace='named', lineRGB=array([ 255.,  255.,  255.]), lineWidth=3.5, name='unnamed Rect', opacity=1.0, ori=array(0.0), pos=array([-0.5125    , -0.09444444]), size=array([ 1.,  1.]), units='norm', vertices=ndarray(...), win=Window(...))
4.8358 	EXP 	<method-wrapper '__getattribute__' of attributeSetter object at 0x059C3250>: vertices = array([[-0.275     ,  0.48888889],
       [ 0.275     ,  0.48888889],
       [ 0.275     , -0.48888889],
       [-0.275     , -0.48888889]])
4.8366 	EXP 	Created unnamed Rect = Rect(autoDraw=False, autoLog=True, closeShape=True, contrast=1.0, depth=0, fillColor=None, fillColorSpace='rgb', fillRGB=None, interpolate=True, lineColor='white', lineColorSpace='named', lineRGB=array([ 255.,  255.,  255.]), lineWidth=3.5, name='unnamed Rect', opacity=1.0, ori=array(0.0), pos=array([ 0.4875    , -0.09444444]), size=array([ 1.,  1.]), units='norm', vertices=ndarray(...), win=Window(...))
4.8611 	EXP 	Created unnamed TextStim = TextStim(alignHoriz='center', alignVert='center', antialias=True, autoLog=True, bold=False, color=array([ 1.,  1.,  1.]), colorSpace='rgb', contrast=1.0, depth=0, flipHoriz=False, flipVert=False, font='', fontFiles=[], height=0.2, italic=False, name='unnamed TextStim', opacity=1.0, ori=0.0, pos=array([-0.5125    , -0.09444444]), rgb=array([ 1.,  1.,  1.]), text='Hello World', units='norm', win=Window(...), wrapWidth=1)
4.8705 	EXP 	Created unnamed TextStim = TextStim(alignHoriz='center', alignVert='center', antialias=True, autoLog=True, bold=False, color=array([ 1.,  1.,  1.]), colorSpace='rgb', contrast=1.0, depth=0, flipHoriz=False, flipVert=False, font='', fontFiles=[], height=0.2, italic=False, name='unnamed TextStim', opacity=1.0, ori=0.0, pos=array([ 0.4875    , -0.09444444]), rgb=array([ 1.,  1.,  1.]), text='Hello World', units='norm', win=Window(...), wrapWidth=1)
4.8896 	EXP 	Created unnamed TextStim = TextStim(alignHoriz='center', alignVert='center', antialias=True, autoLog=True, bold=False, color=array([ 1.,  1.,  1.]), colorSpace='rgb', contrast=1.0, depth=0, flipHoriz=False, flipVert=False, font='', fontFiles=[], height=0.1, italic=False, name='unnamed TextStim', opacity=1.0, ori=0.0, pos=array([-0.5125    , -0.82777778]), rgb=array([ 1.,  1.,  1.]), text='Press 1', units='norm', win=Window(...), wrapWidth=1)
4.8981 	EXP 	Created unnamed TextStim = TextStim(alignHoriz='center', alignVert='center', antialias=True, autoLog=True, bold=False, color=array([ 1.,  1.,  1.]), colorSpace='rgb', contrast=1.0, depth=0, flipHoriz=False, flipVert=False, font='', fontFiles=[], height=0.1, italic=False, name='unnamed TextStim', opacity=1.0, ori=0.0, pos=array([ 0.4875    , -0.82777778]), rgb=array([ 1.,  1.,  1.]), text='Press 2', units='norm', win=Window(...), wrapWidth=1)
4.9607 	EXP 	Created unnamed ImageStim = ImageStim(autoLog=True, color=array([ 1.,  1.,  1.]), colorSpace='rgb', contrast=1.0, depth=0, flipHoriz=False, flipVert=False, image=str(...), interpolate=False, mask=None, maskParams=None, name='unnamed ImageStim', opacity=1.0, ori=0.0, pos=array([ 0.,  0.]), size=array([ 1.35416667,  1.3537037 ]), texRes=128, units='norm', win=Window(...))
5.0166 	EXP 	Created unnamed ImageStim = ImageStim(autoLog=True, color=array([ 1.,  1.,  1.]), colorSpace='rgb', contrast=1.0, depth=0, flipHoriz=False, flipVert=False, image=str(...), interpolate=False, mask=None, maskParams=None, name='unnamed ImageStim', opacity=1.0, ori=0.0, pos=array([ 0.,  0.]), size=array([ 1.35416667,  1.3537037 ]), texRes=128, units='norm', win=Window(...))
5.0634 	EXP 	Created unnamed ImageStim = ImageStim(autoLog=True, color=array([ 1.,  1.,  1.]), colorSpace='rgb', contrast=1.0, depth=0, flipHoriz=False, flipVert=False, image=str(...), interpolate=False, mask=None, maskParams=None, name='unnamed ImageStim', opacity=1.0, ori=0.0, pos=array([ 0.,  0.]), size=array([ 1.35416667,  1.3537037 ]), texRes=128, units='norm', win=Window(...))
5.1128 	EXP 	Created unnamed ImageStim = ImageStim(autoLog=True, color=array([ 1.,  1.,  1.]), colorSpace='rgb', contrast=1.0, depth=0, flipHoriz=False, flipVert=False, image=str(...), interpolate=False, mask=None, maskParams=None, name='unnamed ImageStim', opacity=1.0, ori=0.0, pos=array([ 0.,  0.]), size=array([ 1.35416667,  1.3537037 ]), texRes=128, units='norm', win=Window(...))
5.1185 	EXP 	Created sequence: sequential, trialTypes=18, nReps=1, seed=None
5.2592 	DEBUG 	Using S:\Chein_Group\People\LizBeard\DEGap_bPilotv2\SamplingMachine_bPilotv2.py as origin file
5.2628 	EXP 	Created sequence: sequential, trialTypes=18, nReps=1, seed=None
5.2635 	DEBUG 	Using S:\Chein_Group\People\LizBeard\DEGap_bPilotv2\SamplingMachine_bPilotv2.py as origin file
0.0050 	DATA 	** START RUN 1 **
7.4454 	DATA 	Keypress: space
9.8774 	DATA 	Keypress: space
11.3815 	DATA 	Keypress: space
13.1334 	DATA 	Keypress: space
13.1337 	EXP 	New trial (rep=0, index=0): {'P1_1': '0.2', 'P1_2': '1', 'SafeOption': '2', 'P2_2': '0', 'O2_2': '0', 'O2_1': '0', 'ProbNumber': 'SD12', 'O1_2': '6', 'O1_1': '29', 'EV2': '6', 'EV1': '5.8', 'ProbType': 'SD', 'P2_1': '0.8'}
13.1339 	DATA 	Trial Onset - ProblemType: SD, ProblemNumber: SD12, leftRight: 0, samplingDur: 17, assignedITI: 1.8631
13.1339 	DATA 	Sampling Onset
15.3800 	DATA 	Keypress: 1
15.3963 	EXP 	unnamed TextStim: text = '0'
15.8976 	DATA 	Sampled Response: 1, Outcome Shown: 0
16.9964 	DATA 	Keypress: 2
17.0128 	EXP 	unnamed TextStim: text = '+6'
17.5246 	DATA 	Sampled Response: 2, Outcome Shown: +6
18.1297 	DATA 	Keypress: 1
18.1461 	EXP 	unnamed TextStim: text = '0'
18.6494 	DATA 	Sampled Response: 1, Outcome Shown: 0
19.0463 	DATA 	Keypress: 2
19.0626 	EXP 	unnamed TextStim: text = '+6'
19.5710 	DATA 	Sampled Response: 2, Outcome Shown: +6
29.6445 	DATA 	** broke sampling loop (<.5s left in trial) **
29.6453 	DATA 	samplingCount: 4
29.6453 	DATA 	Think Onset
29.6609 	EXP 	unnamed Rect: lineColor = 'white (named)'
29.6609 	EXP 	unnamed Rect: lineColor = 'white (named)'
32.6775 	DATA 	Decide Onset
33.5013 	DATA 	Keypress: 2
33.5014 	DATA 	Decision Button Press: ['2']
33.5014 	DATA 	Decision Response: 2
33.5047 	EXP 	unnamed Rect: lineColor = 'red (named)'
34.0141 	DATA 	ITI Onset
34.0174 	EXP 	unnamed Rect: lineColor = 'white (named)'
34.0174 	EXP 	unnamed Rect: lineColor = 'white (named)'
34.0174 	EXP 	unnamed TextStim: text = '0'
34.0174 	EXP 	unnamed TextStim: text = '+6'
37.2440 	DATA 	Trial End Time - totalITI: 3.22855173712
37.2443 	EXP 	New trial (rep=0, index=1): {'P1_1': '0.8', 'P1_2': '1', 'SafeOption': '2', 'P2_2': '0', 'O2_2': '0', 'O2_1': '0', 'ProbNumber': 'SD6', 'O1_2': '12', 'O1_1': '14', 'EV2': '12', 'EV1': '11.2', 'ProbType': 'SD', 'P2_1': '0.2'}
37.2444 	DATA 	Trial Onset - ProblemType: SD, ProblemNumber: SD6, leftRight: 1, samplingDur: 18, assignedITI: 1.0587
37.2444 	DATA 	Sampling Onset
38.1269 	DATA 	Keypress: 1
38.1432 	EXP 	unnamed TextStim: text = '+12'
38.6472 	DATA 	Sampled Response: 2, Outcome Shown: +14
39.0437 	DATA 	Keypress: 1
39.0600 	EXP 	unnamed TextStim: text = '+12'
39.5704 	DATA 	Sampled Response: 2, Outcome Shown: 0
40.1934 	DATA 	Keypress: 2
40.2097 	EXP 	unnamed TextStim: text = '+14'
40.7107 	DATA 	Sampled Response: 1, Outcome Shown: +12
41.0764 	DATA 	Keypress: 2
41.0928 	EXP 	unnamed TextStim: text = '+14'
41.6012 	DATA 	Sampled Response: 1, Outcome Shown: +12
46.3429 	DATA 	Keypress: space
49.1257 	DATA 	Keypress: 1
49.1420 	EXP 	unnamed TextStim: text = '+12'
49.6479 	DATA 	Sampled Response: 2, Outcome Shown: +14
49.6756 	DATA 	Keypress: 2
49.6920 	EXP 	unnamed TextStim: text = '0'
50.1946 	DATA 	Sampled Response: 1, Outcome Shown: +12
50.7088 	DATA 	Keypress: 1
50.7252 	EXP 	unnamed TextStim: text = '+12'
51.2256 	DATA 	Sampled Response: 2, Outcome Shown: +14
51.5424 	DATA 	Keypress: 2
51.5586 	EXP 	unnamed TextStim: text = '+14'
52.0694 	DATA 	Sampled Response: 1, Outcome Shown: +12
52.8086 	DATA 	Keypress: 1
52.8250 	EXP 	unnamed TextStim: text = '+12'
53.3347 	DATA 	Sampled Response: 2, Outcome Shown: +14
53.3351 	DATA 	Keypress: 1
53.6752 	DATA 	Keypress: 2
53.6914 	EXP 	unnamed TextStim: text = '+14'
54.1962 	DATA 	Sampled Response: 1, Outcome Shown: +12
54.1965 	DATA 	Keypress: 2
54.7582 	DATA 	** broke sampling loop (<.5s left in trial) **
54.7589 	DATA 	samplingCount: 10
54.7589 	DATA 	Think Onset
54.7746 	EXP 	unnamed Rect: lineColor = 'white (named)'
54.7746 	EXP 	unnamed Rect: lineColor = 'white (named)'
57.7910 	DATA 	Decide Onset
58.8293 	DATA 	Keypress: 2
58.8296 	DATA 	Decision Button Press: ['2']
58.8296 	DATA 	Decision Response: 1
58.8328 	EXP 	unnamed Rect: lineColor = 'red (named)'
59.3425 	DATA 	ITI Onset
59.3455 	EXP 	unnamed Rect: lineColor = 'white (named)'
59.3455 	EXP 	unnamed Rect: lineColor = 'white (named)'
59.3455 	EXP 	unnamed TextStim: text = '+12'
59.3455 	EXP 	unnamed TextStim: text = '+14'
61.5577 	DATA 	Trial End Time - totalITI: 2.20625176641
61.5580 	EXP 	New trial (rep=0, index=2): {'P1_1': '0.6', 'P1_2': '1', 'SafeOption': '2', 'P2_2': '0', 'O2_2': '0', 'O2_1': '-12', 'ProbNumber': 'MD12', 'O1_2': '12', 'O1_1': '30', 'EV2': '12', 'EV1': '13.2', 'ProbType': 'MD', 'P2_1': '0.4'}
61.5581 	DATA 	Trial Onset - ProblemType: MD, ProblemNumber: MD12, leftRight: 1, samplingDur: 16, assignedITI: 1.3248
61.5581 	DATA 	Sampling Onset
62.1243 	DATA 	Keypress: 1
62.1404 	EXP 	unnamed TextStim: text = '+12'
62.6482 	DATA 	Sampled Response: 2, Outcome Shown: +30
63.0906 	DATA 	Keypress: 2
63.1071 	EXP 	unnamed TextStim: text = '+30'
63.6167 	DATA 	Sampled Response: 1, Outcome Shown: +12
64.0239 	DATA 	Keypress: 1
64.0403 	EXP 	unnamed TextStim: text = '+12'
64.5384 	DATA 	Sampled Response: 2, Outcome Shown: -12
65.1407 	DATA 	Keypress: 2
65.1572 	EXP 	unnamed TextStim: text = '+30'
65.6631 	DATA 	Sampled Response: 1, Outcome Shown: +12
66.0571 	DATA 	Keypress: 1
66.0734 	EXP 	unnamed TextStim: text = '+12'
66.5848 	DATA 	Sampled Response: 2, Outcome Shown: -12
66.9404 	DATA 	Keypress: 2
66.9565 	EXP 	unnamed TextStim: text = '+30'
67.4609 	DATA 	Sampled Response: 1, Outcome Shown: +12
67.6900 	DATA 	Keypress: 2
67.7064 	EXP 	unnamed TextStim: text = '+30'
68.2107 	DATA 	Sampled Response: 1, Outcome Shown: +12
68.3577 	DATA 	Keypress: 1
68.3897 	EXP 	unnamed TextStim: text = '+12'
68.8981 	DATA 	Sampled Response: 2, Outcome Shown: +30
71.2396 	DATA 	Keypress: 1
71.2560 	EXP 	unnamed TextStim: text = '+12'
71.7567 	DATA 	Sampled Response: 2, Outcome Shown: +30
71.8730 	DATA 	Keypress: 2
71.8893 	EXP 	unnamed TextStim: text = '-12'
72.4008 	DATA 	Sampled Response: 1, Outcome Shown: +12
73.0060 	DATA 	Keypress: 1
73.0225 	EXP 	unnamed TextStim: text = '+12'
73.5255 	DATA 	Sampled Response: 2, Outcome Shown: +30
73.8729 	DATA 	Keypress: 2
73.8891 	EXP 	unnamed TextStim: text = '+30'
74.4003 	DATA 	Sampled Response: 1, Outcome Shown: +12
74.9059 	DATA 	Keypress: 1
74.9223 	EXP 	unnamed TextStim: text = '+12'
75.4313 	DATA 	Sampled Response: 2, Outcome Shown: +30
75.7733 	DATA 	Keypress: 2
75.8055 	EXP 	unnamed TextStim: text = '+30'
76.3061 	DATA 	Sampled Response: 1, Outcome Shown: +12
76.6391 	DATA 	Keypress: 1
76.6555 	EXP 	unnamed TextStim: text = '+12'
77.1653 	DATA 	Sampled Response: 2, Outcome Shown: +30
77.1655 	DATA 	** broke sampling loop (<.5s left in trial) **
77.1662 	DATA 	samplingCount: 15
77.1662 	DATA 	Think Onset
77.1694 	EXP 	unnamed Rect: lineColor = 'white (named)'
77.1694 	EXP 	unnamed Rect: lineColor = 'white (named)'
80.1884 	DATA 	Decide Onset
81.5093 	DATA 	Keypress: 1
81.5094 	DATA 	Decision Button Press: ['1']
81.5094 	DATA 	Decision Response: 2
81.5125 	EXP 	unnamed Rect: lineColor = 'red (named)'
82.0312 	DATA 	ITI Onset
82.0341 	EXP 	unnamed Rect: lineColor = 'white (named)'
82.0341 	EXP 	unnamed Rect: lineColor = 'white (named)'
82.0341 	EXP 	unnamed TextStim: text = '+12'
82.0341 	EXP 	unnamed TextStim: text = '+30'
84.1386 	DATA 	Trial End Time - totalITI: 2.09629416208
84.1388 	EXP 	New trial (rep=0, index=3): {'P1_1': '0.9', 'P1_2': '0.7', 'SafeOption': '1', 'P2_2': '0.3', 'O2_2': '25', 'O2_1': '15', 'ProbNumber': 'RR10', 'O1_2': '-3', 'O1_1': '5', 'EV2': '5.4', 'EV1': '6', 'ProbType': 'RR', 'P2_1': '0.1'}
84.1389 	DATA 	Trial Onset - ProblemType: RR, ProblemNumber: RR10, leftRight: 1, samplingDur: 15, assignedITI: 1.2377
84.1389 	DATA 	Sampling Onset
85.1382 	DATA 	Keypress: 1
85.1544 	EXP 	unnamed TextStim: text = '-3'
85.6633 	DATA 	Sampled Response: 2, Outcome Shown: +5
86.2881 	DATA 	Keypress: 2
86.3045 	EXP 	unnamed TextStim: text = '+5'
86.8036 	DATA 	Sampled Response: 1, Outcome Shown: -3
87.1379 	DATA 	Keypress: 1
87.1543 	EXP 	unnamed TextStim: text = '-3'
87.6628 	DATA 	Sampled Response: 2, Outcome Shown: +5
87.6631 	DATA 	Keypress: 1
88.6710 	DATA 	Keypress: 1
88.6875 	EXP 	unnamed TextStim: text = '-3'
89.1881 	DATA 	Sampled Response: 2, Outcome Shown: +5
89.8044 	DATA 	Keypress: 1
89.8206 	EXP 	unnamed TextStim: text = '-3'
90.3285 	DATA 	Sampled Response: 2, Outcome Shown: +5
90.7543 	DATA 	Keypress: 2
90.7706 	EXP 	unnamed TextStim: text = '+5'
91.2813 	DATA 	Sampled Response: 1, Outcome Shown: +25
91.7874 	DATA 	Keypress: 2
91.8039 	EXP 	unnamed TextStim: text = '+5'
92.3124 	DATA 	Sampled Response: 1, Outcome Shown: -3
92.8205 	DATA 	Keypress: 2
92.8371 	EXP 	unnamed TextStim: text = '+5'
93.3434 	DATA 	Sampled Response: 1, Outcome Shown: -3
93.7707 	DATA 	Keypress: 1
93.7872 	EXP 	unnamed TextStim: text = '-3'
94.2963 	DATA 	Sampled Response: 2, Outcome Shown: +5
94.8871 	DATA 	Keypress: 2
94.9033 	EXP 	unnamed TextStim: text = '+15'
95.4054 	DATA 	Sampled Response: 1, Outcome Shown: +25
96.2034 	DATA 	Keypress: 1
96.2198 	EXP 	unnamed TextStim: text = '+25'
96.7176 	DATA 	Sampled Response: 2, Outcome Shown: +5
97.4868 	DATA 	Keypress: 2
97.5030 	EXP 	unnamed TextStim: text = '+5'
98.0141 	DATA 	Sampled Response: 1, Outcome Shown: -3
98.5869 	DATA 	Keypress: 1
98.6030 	EXP 	unnamed TextStim: text = '+25'
99.1076 	DATA 	Sampled Response: 2, Outcome Shown: +5
99.1079 	DATA 	** broke sampling loop (<.5s left in trial) **
99.1085 	DATA 	samplingCount: 13
99.1085 	DATA 	Think Onset
99.1118 	EXP 	unnamed Rect: lineColor = 'white (named)'
99.1118 	EXP 	unnamed Rect: lineColor = 'white (named)'
102.1362 	DATA 	Decide Onset
103.9173 	DATA 	Keypress: 1
103.9174 	DATA 	Decision Button Press: ['1']
103.9174 	DATA 	Decision Response: 2
103.9209 	EXP 	unnamed Rect: lineColor = 'red (named)'
104.4277 	DATA 	ITI Onset
104.4309 	EXP 	unnamed Rect: lineColor = 'white (named)'
104.4309 	EXP 	unnamed Rect: lineColor = 'white (named)'
104.4309 	EXP 	unnamed TextStim: text = '+25'
104.4309 	EXP 	unnamed TextStim: text = '+5'
105.6197 	DATA 	Trial End Time - totalITI: 1.18751309846
105.6199 	EXP 	New trial (rep=0, index=4): {'P1_1': '0.8', 'P1_2': '1', 'SafeOption': '2', 'P2_2': '0', 'O2_2': '0', 'O2_1': '0', 'ProbNumber': 'SD9', 'O1_2': '13', 'O1_1': '16', 'EV2': '13', 'EV1': '12.8', 'ProbType': 'SD', 'P2_1': '0.2'}
105.6200 	DATA 	Trial Onset - ProblemType: SD, ProblemNumber: SD9, leftRight: 1, samplingDur: 15, assignedITI: 5.4629
105.6200 	DATA 	Sampling Onset
106.6026 	DATA 	Keypress: 1
106.6191 	EXP 	unnamed TextStim: text = '+13'
107.1216 	DATA 	Sampled Response: 2, Outcome Shown: +16
107.6701 	DATA 	Keypress: 2
107.7022 	EXP 	unnamed TextStim: text = '+16'
108.1994 	DATA 	Sampled Response: 1, Outcome Shown: +13
108.6859 	DATA 	Keypress: 1
108.7022 	EXP 	unnamed TextStim: text = '+13'
109.2149 	DATA 	Sampled Response: 2, Outcome Shown: 0
109.7690 	DATA 	Keypress: 2
109.7852 	EXP 	unnamed TextStim: text = '+16'
110.2927 	DATA 	Sampled Response: 1, Outcome Shown: +13
110.7687 	DATA 	Keypress: 1
110.7851 	EXP 	unnamed TextStim: text = '+13'
111.2925 	DATA 	Sampled Response: 2, Outcome Shown: +16
111.8019 	DATA 	Keypress: 2
111.8184 	EXP 	unnamed TextStim: text = '+16'
112.3235 	DATA 	Sampled Response: 1, Outcome Shown: +13
112.8686 	DATA 	Keypress: 1
112.8851 	EXP 	unnamed TextStim: text = '+13'
113.3857 	DATA 	Sampled Response: 2, Outcome Shown: +16
113.9352 	DATA 	Keypress: 2
113.9517 	EXP 	unnamed TextStim: text = '+16'
114.4556 	DATA 	Sampled Response: 1, Outcome Shown: +13
114.9186 	DATA 	Keypress: 1
114.9347 	EXP 	unnamed TextStim: text = '+13'
115.4455 	DATA 	Sampled Response: 2, Outcome Shown: +16
115.8516 	DATA 	Keypress: 2
115.8680 	EXP 	unnamed TextStim: text = '+16'
116.3672 	DATA 	Sampled Response: 1, Outcome Shown: +13
116.8347 	DATA 	Keypress: 1
116.8511 	EXP 	unnamed TextStim: text = '+13'
117.3513 	DATA 	Sampled Response: 2, Outcome Shown: 0
117.8014 	DATA 	Keypress: 2
117.8177 	EXP 	unnamed TextStim: text = '+16'
118.3199 	DATA 	Sampled Response: 1, Outcome Shown: +13
118.6679 	DATA 	Keypress: 1
118.6844 	EXP 	unnamed TextStim: text = '+13'
119.1946 	DATA 	Sampled Response: 2, Outcome Shown: +16
119.5179 	DATA 	Keypress: 2
119.5342 	EXP 	unnamed TextStim: text = '+16'
120.0382 	DATA 	Sampled Response: 1, Outcome Shown: +13
120.1343 	DATA 	** broke sampling loop (<.5s left in trial) **
120.1351 	DATA 	samplingCount: 14
120.1351 	DATA 	Think Onset
120.1509 	EXP 	unnamed Rect: lineColor = 'white (named)'
120.1509 	EXP 	unnamed Rect: lineColor = 'white (named)'
120.3850 	DATA 	Keypress: 1
123.1673 	DATA 	Decide Onset
123.9653 	DATA 	Keypress: 2
123.9654 	DATA 	Decision Button Press: ['2']
123.9654 	DATA 	Decision Response: 1
123.9689 	EXP 	unnamed Rect: lineColor = 'red (named)'
124.4848 	DATA 	ITI Onset
124.4878 	EXP 	unnamed Rect: lineColor = 'white (named)'
124.4878 	EXP 	unnamed Rect: lineColor = 'white (named)'
124.4878 	EXP 	unnamed TextStim: text = '+13'
124.4878 	EXP 	unnamed TextStim: text = '+16'
131.3503 	DATA 	Trial End Time - totalITI: 6.85035336868
131.3505 	EXP 	New trial (rep=0, index=5): {'P1_1': '0.1', 'P1_2': '1', 'SafeOption': '2', 'P2_2': '0', 'O2_2': '0', 'O2_1': '-1', 'ProbNumber': 'MD10', 'O1_2': '2', 'O1_1': '42', 'EV2': '2', 'EV1': '3.3', 'ProbType': 'MD', 'P2_1': '0.9'}
131.3505 	DATA 	Trial Onset - ProblemType: MD, ProblemNumber: MD10, leftRight: 1, samplingDur: 18, assignedITI: 2.2012
131.3506 	DATA 	Sampling Onset
132.3997 	DATA 	Keypress: 1
132.4160 	EXP 	unnamed TextStim: text = '+2'
132.9143 	DATA 	Sampled Response: 2, Outcome Shown: +42
133.2494 	DATA 	Keypress: 2
133.2657 	EXP 	unnamed TextStim: text = '-1'
133.7737 	DATA 	Sampled Response: 1, Outcome Shown: +2
134.3338 	DATA 	Keypress: 1
134.3658 	EXP 	unnamed TextStim: text = '+2'
134.8672 	DATA 	Sampled Response: 2, Outcome Shown: +42
135.2993 	DATA 	Keypress: 2
135.3157 	EXP 	unnamed TextStim: text = '+42'
135.8200 	DATA 	Sampled Response: 1, Outcome Shown: +2
136.5499 	DATA 	Keypress: 1
136.5823 	EXP 	unnamed TextStim: text = '+2'
137.0854 	DATA 	Sampled Response: 2, Outcome Shown: -1
137.4988 	DATA 	Keypress: 2
137.5153 	EXP 	unnamed TextStim: text = '-1'
138.0226 	DATA 	Sampled Response: 1, Outcome Shown: +2
138.3990 	DATA 	Keypress: 1
138.4154 	EXP 	unnamed TextStim: text = '+2'
138.9130 	DATA 	Sampled Response: 2, Outcome Shown: -1
139.2654 	DATA 	Keypress: 2
139.2818 	EXP 	unnamed TextStim: text = '+42'
139.7902 	DATA 	Sampled Response: 1, Outcome Shown: +2
140.2986 	DATA 	Keypress: 1
140.3150 	EXP 	unnamed TextStim: text = '+2'
140.8212 	DATA 	Sampled Response: 2, Outcome Shown: -1
141.2322 	DATA 	Keypress: 2
141.2484 	EXP 	unnamed TextStim: text = '-1'
141.7585 	DATA 	Sampled Response: 1, Outcome Shown: +2
142.3486 	DATA 	Keypress: 1
142.3650 	EXP 	unnamed TextStim: text = '+2'
142.8676 	DATA 	Sampled Response: 2, Outcome Shown: -1
143.5315 	DATA 	Keypress: 2
143.5479 	EXP 	unnamed TextStim: text = '-1'
144.0549 	DATA 	Sampled Response: 1, Outcome Shown: +2
144.6985 	DATA 	Keypress: 1
144.7148 	EXP 	unnamed TextStim: text = '+2'
145.2264 	DATA 	Sampled Response: 2, Outcome Shown: -1
145.7314 	DATA 	Keypress: 2
145.7478 	EXP 	unnamed TextStim: text = '-1'
146.2574 	DATA 	Sampled Response: 1, Outcome Shown: +2
146.7815 	DATA 	Keypress: 1
146.7976 	EXP 	unnamed TextStim: text = '+2'
147.3041 	DATA 	Sampled Response: 2, Outcome Shown: -1
147.6481 	DATA 	Keypress: 2
147.6644 	EXP 	unnamed TextStim: text = '+42'
148.1632 	DATA 	Sampled Response: 1, Outcome Shown: +2
148.8644 	DATA 	** broke sampling loop (<.5s left in trial) **
148.8651 	DATA 	samplingCount: 16
148.8651 	DATA 	Think Onset
148.8808 	EXP 	unnamed Rect: lineColor = 'white (named)'
148.8808 	EXP 	unnamed Rect: lineColor = 'white (named)'
148.8981 	DATA 	Keypress: 1
151.8973 	DATA 	Decide Onset
152.9892 	DATA 	Keypress: 2
152.9893 	DATA 	Decision Button Press: ['2']
152.9894 	DATA 	Decision Response: 1
152.9928 	EXP 	unnamed Rect: lineColor = 'red (named)'
153.5063 	DATA 	ITI Onset
153.5096 	EXP 	unnamed Rect: lineColor = 'white (named)'
153.5096 	EXP 	unnamed Rect: lineColor = 'white (named)'
153.5096 	EXP 	unnamed TextStim: text = '+2'
153.5096 	EXP 	unnamed TextStim: text = '+42'
156.8138 	DATA 	Trial End Time - totalITI: 3.29520892518
156.8141 	EXP 	New trial (rep=0, index=6): {'P1_1': '0.7', 'P1_2': '1', 'SafeOption': '2', 'P2_2': '0', 'O2_2': '0', 'O2_1': '0', 'ProbNumber': 'SD5', 'O1_2': '-8', 'O1_1': '-10', 'EV2': '-8', 'EV1': '-7', 'ProbType': 'SD', 'P2_1': '0.3'}
156.8142 	DATA 	Trial Onset - ProblemType: SD, ProblemNumber: SD5, leftRight: 1, samplingDur: 15, assignedITI: 1.048
156.8142 	DATA 	Sampling Onset
157.5802 	DATA 	Keypress: 1
157.5965 	EXP 	unnamed TextStim: text = '-8'
158.1077 	DATA 	Sampled Response: 2, Outcome Shown: -10
158.5133 	DATA 	Keypress: 2
158.5298 	EXP 	unnamed TextStim: text = '0'
159.0293 	DATA 	Sampled Response: 1, Outcome Shown: -8
159.5132 	DATA 	Keypress: 1
159.5295 	EXP 	unnamed TextStim: text = '-8'
160.0291 	DATA 	Sampled Response: 2, Outcome Shown: -10
160.4299 	DATA 	Keypress: 2
160.4462 	EXP 	unnamed TextStim: text = '-10'
160.9507 	DATA 	Sampled Response: 1, Outcome Shown: -8
161.4630 	DATA 	Keypress: 1
161.4794 	EXP 	unnamed TextStim: text = '-8'
161.9817 	DATA 	Sampled Response: 2, Outcome Shown: -10
162.4463 	DATA 	Keypress: 2
162.4626 	EXP 	unnamed TextStim: text = '-10'
162.9656 	DATA 	Sampled Response: 1, Outcome Shown: -8
163.4962 	DATA 	Keypress: 1
163.5124 	EXP 	unnamed TextStim: text = '-8'
164.0125 	DATA 	Sampled Response: 2, Outcome Shown: -10
164.5627 	DATA 	Keypress: 2
164.5791 	EXP 	unnamed TextStim: text = '-10'
165.0901 	DATA 	Sampled Response: 1, Outcome Shown: -8
165.6134 	DATA 	Keypress: 1
165.6453 	EXP 	unnamed TextStim: text = '-8'
166.1526 	DATA 	Sampled Response: 2, Outcome Shown: -10
166.7458 	DATA 	Keypress: 2
166.7621 	EXP 	unnamed TextStim: text = '0'
167.2617 	DATA 	Sampled Response: 1, Outcome Shown: -8
167.6958 	DATA 	Keypress: 1
167.7120 	EXP 	unnamed TextStim: text = '-8'
168.2146 	DATA 	Sampled Response: 2, Outcome Shown: 0
168.7458 	DATA 	Keypress: 2
168.7617 	EXP 	unnamed TextStim: text = '-10'
169.2613 	DATA 	Sampled Response: 1, Outcome Shown: -8
169.7121 	DATA 	Keypress: 1
169.7284 	EXP 	unnamed TextStim: text = '-8'
170.2298 	DATA 	Sampled Response: 2, Outcome Shown: -10
170.6118 	DATA 	Keypress: 2
170.6281 	EXP 	unnamed TextStim: text = '-10'
171.1358 	DATA 	Sampled Response: 1, Outcome Shown: -8
171.3282 	DATA 	** broke sampling loop (<.5s left in trial) **
171.3309 	DATA 	samplingCount: 14
171.3309 	DATA 	Think Onset
171.3447 	EXP 	unnamed Rect: lineColor = 'white (named)'
171.3447 	EXP 	unnamed Rect: lineColor = 'white (named)'
171.4624 	DATA 	Keypress: 1
174.3613 	DATA 	Decide Onset
174.9413 	DATA 	Keypress: 1
174.9414 	DATA 	Decision Button Press: ['1']
174.9415 	DATA 	Decision Response: 2
174.9450 	EXP 	unnamed Rect: lineColor = 'red (named)'
175.4537 	DATA 	ITI Onset
175.4570 	EXP 	unnamed Rect: lineColor = 'white (named)'
175.4570 	EXP 	unnamed Rect: lineColor = 'white (named)'
175.4570 	EXP 	unnamed TextStim: text = '-8'
175.4570 	EXP 	unnamed TextStim: text = '-10'
178.1112 	DATA 	Trial End Time - totalITI: 2.65176372542
178.1114 	EXP 	New trial (rep=0, index=7): {'P1_1': '0.6', 'P1_2': '1', 'SafeOption': '2', 'P2_2': '0', 'O2_2': '0', 'O2_1': '0', 'ProbNumber': 'SD8', 'O1_2': '7', 'O1_1': '12', 'EV2': '7', 'EV1': '7.2', 'ProbType': 'SD', 'P2_1': '0.4'}
178.1115 	DATA 	Trial Onset - ProblemType: SD, ProblemNumber: SD8, leftRight: 0, samplingDur: 17, assignedITI: 1.233
178.1115 	DATA 	Sampling Onset
178.8945 	DATA 	Keypress: 1
178.9107 	EXP 	unnamed TextStim: text = '0'
179.4140 	DATA 	Sampled Response: 1, Outcome Shown: 0
179.7442 	DATA 	Keypress: 2
179.7604 	EXP 	unnamed TextStim: text = '+7'
180.2732 	DATA 	Sampled Response: 2, Outcome Shown: +7
180.6941 	DATA 	Keypress: 1
180.7104 	EXP 	unnamed TextStim: text = '+12'
181.2105 	DATA 	Sampled Response: 1, Outcome Shown: +12
181.7440 	DATA 	Keypress: 2
181.7604 	EXP 	unnamed TextStim: text = '+7'
182.2727 	DATA 	Sampled Response: 2, Outcome Shown: +7
182.6939 	DATA 	Keypress: 1
182.7103 	EXP 	unnamed TextStim: text = '0'
183.2100 	DATA 	Sampled Response: 1, Outcome Shown: 0
183.5935 	DATA 	Keypress: 2
183.6101 	EXP 	unnamed TextStim: text = '+7'
184.1160 	DATA 	Sampled Response: 2, Outcome Shown: +7
184.6269 	DATA 	Keypress: 1
184.6433 	EXP 	unnamed TextStim: text = '0'
185.1487 	DATA 	Sampled Response: 1, Outcome Shown: 0
185.5768 	DATA 	Keypress: 2
185.5931 	EXP 	unnamed TextStim: text = '+7'
186.1016 	DATA 	Sampled Response: 2, Outcome Shown: +7
186.6267 	DATA 	Keypress: 1
186.6431 	EXP 	unnamed TextStim: text = '0'
187.1483 	DATA 	Sampled Response: 1, Outcome Shown: 0
187.5765 	DATA 	Keypress: 2
187.5927 	EXP 	unnamed TextStim: text = '+7'
188.1012 	DATA 	Sampled Response: 2, Outcome Shown: +7
188.7432 	DATA 	Keypress: 1
188.7596 	EXP 	unnamed TextStim: text = '+12'
189.2571 	DATA 	Sampled Response: 1, Outcome Shown: +12
189.7601 	DATA 	Keypress: 2
189.7762 	EXP 	unnamed TextStim: text = '+7'
190.2881 	DATA 	Sampled Response: 2, Outcome Shown: +7
190.6929 	DATA 	Keypress: 1
190.7093 	EXP 	unnamed TextStim: text = '0'
191.2096 	DATA 	Sampled Response: 1, Outcome Shown: 0
191.6090 	DATA 	Keypress: 2
191.6253 	EXP 	unnamed TextStim: text = '+7'
192.1326 	DATA 	Sampled Response: 2, Outcome Shown: +7
192.5595 	DATA 	Keypress: 1
192.5758 	EXP 	unnamed TextStim: text = '+12'
193.0857 	DATA 	Sampled Response: 1, Outcome Shown: +12
193.4426 	DATA 	Keypress: 2
193.4590 	EXP 	unnamed TextStim: text = '+7'
193.9604 	DATA 	Sampled Response: 2, Outcome Shown: +7
194.3926 	DATA 	Keypress: 1
194.4088 	EXP 	unnamed TextStim: text = '0'
194.9134 	DATA 	Sampled Response: 1, Outcome Shown: 0
194.9137 	DATA 	** broke sampling loop (<.5s left in trial) **
194.9143 	DATA 	samplingCount: 17
194.9143 	DATA 	Think Onset
194.9177 	EXP 	unnamed Rect: lineColor = 'white (named)'
194.9177 	EXP 	unnamed Rect: lineColor = 'white (named)'
197.9419 	DATA 	Decide Onset
198.8132 	DATA 	Keypress: 1
198.8133 	DATA 	Decision Button Press: ['1']
198.8133 	DATA 	Decision Response: 1
198.8167 	EXP 	unnamed Rect: lineColor = 'red (named)'
199.3269 	DATA 	ITI Onset
199.3300 	EXP 	unnamed Rect: lineColor = 'white (named)'
199.3300 	EXP 	unnamed Rect: lineColor = 'white (named)'
199.3300 	EXP 	unnamed TextStim: text = '0'
199.3300 	EXP 	unnamed TextStim: text = '+7'
201.5919 	DATA 	Trial End Time - totalITI: 2.25935513786
201.5921 	EXP 	New trial (rep=0, index=8): {'P1_1': '0.1', 'P1_2': '1', 'SafeOption': '2', 'P2_2': '0', 'O2_2': '0', 'O2_1': '-5', 'ProbNumber': 'MD5', 'O1_2': '-4', 'O1_1': '25', 'EV2': '-4', 'EV1': '-2', 'ProbType': 'MD', 'P2_1': '0.9'}
201.5922 	DATA 	Trial Onset - ProblemType: MD, ProblemNumber: MD5, leftRight: 0, samplingDur: 15, assignedITI: 1.7267
201.5922 	DATA 	Sampling Onset
202.3248 	DATA 	Keypress: 1
202.3414 	EXP 	unnamed TextStim: text = '-5'
202.8506 	DATA 	Sampled Response: 1, Outcome Shown: -5
203.1913 	DATA 	Keypress: 2
203.2078 	EXP 	unnamed TextStim: text = '-4'
203.7098 	DATA 	Sampled Response: 2, Outcome Shown: -4
204.1578 	DATA 	Keypress: 1
204.1743 	EXP 	unnamed TextStim: text = '+25'
204.6807 	DATA 	Sampled Response: 1, Outcome Shown: +25
205.1745 	DATA 	Keypress: 2
205.1910 	EXP 	unnamed TextStim: text = '-4'
205.6961 	DATA 	Sampled Response: 2, Outcome Shown: -4
206.0578 	DATA 	Keypress: 1
206.0742 	EXP 	unnamed TextStim: text = '-5'
206.5865 	DATA 	Sampled Response: 1, Outcome Shown: -5
206.9910 	DATA 	Keypress: 2
207.0074 	EXP 	unnamed TextStim: text = '-4'
207.5082 	DATA 	Sampled Response: 2, Outcome Shown: -4
208.1744 	DATA 	Keypress: 1
208.1906 	EXP 	unnamed TextStim: text = '-5'
208.7031 	DATA 	Sampled Response: 1, Outcome Shown: -5
209.2408 	DATA 	Keypress: 2
209.2568 	EXP 	unnamed TextStim: text = '-4'
209.7653 	DATA 	Sampled Response: 2, Outcome Shown: -4
210.2906 	DATA 	Keypress: 1
210.3069 	EXP 	unnamed TextStim: text = '+25'
210.8119 	DATA 	Sampled Response: 1, Outcome Shown: +25
211.6073 	DATA 	Keypress: 2
211.6236 	EXP 	unnamed TextStim: text = '-4'
212.1241 	DATA 	Sampled Response: 2, Outcome Shown: -4
212.5567 	DATA 	Keypress: 1
212.5733 	EXP 	unnamed TextStim: text = '-5'
213.0770 	DATA 	Sampled Response: 1, Outcome Shown: -5
213.5903 	DATA 	Keypress: 2
213.6066 	EXP 	unnamed TextStim: text = '-4'
214.1080 	DATA 	Sampled Response: 2, Outcome Shown: -4
214.9068 	DATA 	Keypress: 1
214.9232 	EXP 	unnamed TextStim: text = '-5'
215.4359 	DATA 	Sampled Response: 1, Outcome Shown: -5
215.9234 	DATA 	Keypress: 2
215.9397 	EXP 	unnamed TextStim: text = '-4'
216.4512 	DATA 	Sampled Response: 2, Outcome Shown: -4
216.4515 	DATA 	** broke sampling loop (<.5s left in trial) **
216.4521 	DATA 	samplingCount: 14
216.4521 	DATA 	Think Onset
216.4553 	EXP 	unnamed Rect: lineColor = 'white (named)'
216.4553 	EXP 	unnamed Rect: lineColor = 'white (named)'
219.4727 	DATA 	Decide Onset
220.0132 	DATA 	Keypress: 1
220.0133 	DATA 	Decision Button Press: ['1']
220.0133 	DATA 	Decision Response: 1
220.0167 	EXP 	unnamed Rect: lineColor = 'red (named)'
220.5357 	DATA 	ITI Onset
220.5387 	EXP 	unnamed Rect: lineColor = 'white (named)'
220.5387 	EXP 	unnamed Rect: lineColor = 'white (named)'
220.5387 	EXP 	unnamed TextStim: text = '-5'
220.5387 	EXP 	unnamed TextStim: text = '-4'
223.5727 	DATA 	Trial End Time - totalITI: 3.02677513873
223.5729 	EXP 	New trial (rep=0, index=9): {'P1_1': '0.4', 'P1_2': '1', 'SafeOption': '2', 'P2_2': '0', 'O2_2': '0', 'O2_1': '0', 'ProbNumber': 'SD2', 'O1_2': '-2', 'O1_1': '-4', 'EV2': '-2', 'EV1': '-1.6', 'ProbType': 'SD', 'P2_1': '0.6'}
223.5730 	DATA 	Trial Onset - ProblemType: SD, ProblemNumber: SD2, leftRight: 1, samplingDur: 15, assignedITI: 1.5966
223.5730 	DATA 	Sampling Onset
224.2557 	DATA 	Keypress: 1
224.2722 	EXP 	unnamed TextStim: text = '-2'
224.7774 	DATA 	Sampled Response: 2, Outcome Shown: 0
225.1219 	DATA 	Keypress: 2
225.1382 	EXP 	unnamed TextStim: text = '-4'
225.6365 	DATA 	Sampled Response: 1, Outcome Shown: -2
226.1388 	DATA 	Keypress: 1
226.1553 	EXP 	unnamed TextStim: text = '-2'
226.6676 	DATA 	Sampled Response: 2, Outcome Shown: -4
227.0721 	DATA 	Keypress: 2
227.0884 	EXP 	unnamed TextStim: text = '0'
227.5892 	DATA 	Sampled Response: 1, Outcome Shown: -2
228.0055 	DATA 	Keypress: 1
228.0215 	EXP 	unnamed TextStim: text = '-2'
228.5263 	DATA 	Sampled Response: 2, Outcome Shown: 0
228.9884 	DATA 	Keypress: 2
229.0048 	EXP 	unnamed TextStim: text = '0'
229.5106 	DATA 	Sampled Response: 1, Outcome Shown: -2
229.9384 	DATA 	Keypress: 1
229.9549 	EXP 	unnamed TextStim: text = '-2'
230.4635 	DATA 	Sampled Response: 2, Outcome Shown: 0
230.8217 	DATA 	Keypress: 2
230.8380 	EXP 	unnamed TextStim: text = '-4'
231.3383 	DATA 	Sampled Response: 1, Outcome Shown: -2
231.7714 	DATA 	Keypress: 1
231.7879 	EXP 	unnamed TextStim: text = '-2'
232.2912 	DATA 	Sampled Response: 2, Outcome Shown: -4
232.7713 	DATA 	Keypress: 2
232.7877 	EXP 	unnamed TextStim: text = '0'
233.2910 	DATA 	Sampled Response: 1, Outcome Shown: -2
233.7545 	DATA 	Keypress: 1
233.7710 	EXP 	unnamed TextStim: text = '-2'
234.2751 	DATA 	Sampled Response: 2, Outcome Shown: 0
234.8544 	DATA 	Keypress: 2
234.8709 	EXP 	unnamed TextStim: text = '0'
235.3829 	DATA 	Sampled Response: 1, Outcome Shown: -2
235.8710 	DATA 	Keypress: 1
235.8874 	EXP 	unnamed TextStim: text = '-2'
236.3982 	DATA 	Sampled Response: 2, Outcome Shown: 0
236.8217 	DATA 	Keypress: 2
236.8540 	EXP 	unnamed TextStim: text = '-4'
237.3512 	DATA 	Sampled Response: 1, Outcome Shown: -2
237.8375 	DATA 	Keypress: 1
237.8538 	EXP 	unnamed TextStim: text = '-2'
238.3509 	DATA 	Sampled Response: 2, Outcome Shown: 0
238.3511 	DATA 	** broke sampling loop (<.5s left in trial) **
238.3518 	DATA 	samplingCount: 15
238.3518 	DATA 	Think Onset
238.3552 	EXP 	unnamed Rect: lineColor = 'white (named)'
238.3552 	EXP 	unnamed Rect: lineColor = 'white (named)'
241.3702 	DATA 	Decide Onset
242.2452 	DATA 	Keypress: 1
242.2454 	DATA 	Decision Button Press: ['1']
242.2454 	DATA 	Decision Response: 2
242.2489 	EXP 	unnamed Rect: lineColor = 'red (named)'
242.7644 	DATA 	ITI Onset
242.7676 	EXP 	unnamed Rect: lineColor = 'white (named)'
242.7676 	EXP 	unnamed Rect: lineColor = 'white (named)'
242.7676 	EXP 	unnamed TextStim: text = '-2'
242.7676 	EXP 	unnamed TextStim: text = '-4'
245.4204 	DATA 	Trial End Time - totalITI: 2.64325085748
245.4206 	EXP 	New trial (rep=0, index=10): {'P1_1': '0.9', 'P1_2': '1', 'SafeOption': '2', 'P2_2': '0', 'O2_2': '0', 'O2_1': '-10', 'ProbNumber': 'MD8', 'O1_2': '3', 'O1_1': '5', 'EV2': '3', 'EV1': '3.5', 'ProbType': 'MD', 'P2_1': '0.1'}
245.4207 	DATA 	Trial Onset - ProblemType: MD, ProblemNumber: MD8, leftRight: 1, samplingDur: 15, assignedITI: 2.4102
245.4207 	DATA 	Sampling Onset
246.0701 	DATA 	Keypress: 1
246.0863 	EXP 	unnamed TextStim: text = '+3'
246.5852 	DATA 	Sampled Response: 2, Outcome Shown: +5
246.9200 	DATA 	Keypress: 2
246.9360 	EXP 	unnamed TextStim: text = '+5'
247.4444 	DATA 	Sampled Response: 1, Outcome Shown: +3
247.7697 	DATA 	Keypress: 1
247.7860 	EXP 	unnamed TextStim: text = '+3'
248.2880 	DATA 	Sampled Response: 2, Outcome Shown: +5
248.6698 	DATA 	Keypress: 2
248.6858 	EXP 	unnamed TextStim: text = '+5'
249.1956 	DATA 	Sampled Response: 1, Outcome Shown: +3
249.5361 	DATA 	Keypress: 1
249.5521 	EXP 	unnamed TextStim: text = '+3'
250.0550 	DATA 	Sampled Response: 2, Outcome Shown: +5
250.4028 	DATA 	Keypress: 2
250.4192 	EXP 	unnamed TextStim: text = '+5'
250.9298 	DATA 	Sampled Response: 1, Outcome Shown: +3
251.2694 	DATA 	Keypress: 1
251.2856 	EXP 	unnamed TextStim: text = '+3'
251.7887 	DATA 	Sampled Response: 2, Outcome Shown: +5
252.1192 	DATA 	Keypress: 2
252.1356 	EXP 	unnamed TextStim: text = '+5'
252.6481 	DATA 	Sampled Response: 1, Outcome Shown: +3
253.0188 	DATA 	Keypress: 1
253.0354 	EXP 	unnamed TextStim: text = '+3'
253.5385 	DATA 	Sampled Response: 2, Outcome Shown: +5
253.8690 	DATA 	Keypress: 2
253.8854 	EXP 	unnamed TextStim: text = '+5'
254.3975 	DATA 	Sampled Response: 1, Outcome Shown: +3
254.6692 	DATA 	Keypress: 1
254.6853 	EXP 	unnamed TextStim: text = '+3'
255.1944 	DATA 	Sampled Response: 2, Outcome Shown: -10
255.5515 	DATA 	Keypress: 2
255.5685 	EXP 	unnamed TextStim: text = '+5'
256.0703 	DATA 	Sampled Response: 1, Outcome Shown: +3
256.4355 	DATA 	Keypress: 1
256.4516 	EXP 	unnamed TextStim: text = '+3'
256.9610 	DATA 	Sampled Response: 2, Outcome Shown: +5
257.3353 	DATA 	Keypress: 2
257.3516 	EXP 	unnamed TextStim: text = '+5'
257.8514 	DATA 	Sampled Response: 1, Outcome Shown: +3
258.1852 	DATA 	Keypress: 1
258.2015 	EXP 	unnamed TextStim: text = '+3'
258.7106 	DATA 	Sampled Response: 2, Outcome Shown: +5
258.9849 	DATA 	Keypress: 2
259.0015 	EXP 	unnamed TextStim: text = '+5'
259.5072 	DATA 	Sampled Response: 1, Outcome Shown: +3
259.8849 	DATA 	Keypress: 1
259.9014 	EXP 	unnamed TextStim: text = '+3'
260.4133 	DATA 	Sampled Response: 2, Outcome Shown: +5
260.4135 	DATA 	** broke sampling loop (<.5s left in trial) **
260.4142 	DATA 	samplingCount: 17
260.4142 	DATA 	Think Onset
260.4176 	EXP 	unnamed Rect: lineColor = 'white (named)'
260.4176 	EXP 	unnamed Rect: lineColor = 'white (named)'
260.6186 	DATA 	Keypress: 2
263.4342 	DATA 	Decide Onset
264.0212 	DATA 	Keypress: 2
264.0213 	DATA 	Decision Button Press: ['2']
264.0213 	DATA 	Decision Response: 1
264.0247 	EXP 	unnamed Rect: lineColor = 'red (named)'
264.5317 	DATA 	ITI Onset
264.5349 	EXP 	unnamed Rect: lineColor = 'white (named)'
264.5349 	EXP 	unnamed Rect: lineColor = 'white (named)'
264.5349 	EXP 	unnamed TextStim: text = '+3'
264.5349 	EXP 	unnamed TextStim: text = '+5'
268.0675 	DATA 	Trial End Time - totalITI: 3.53028314282
268.0677 	EXP 	New trial (rep=0, index=11): {'P1_1': '0.8', 'P1_2': '1', 'SafeOption': '2', 'P2_2': '0', 'O2_2': '0', 'O2_1': '0', 'ProbNumber': 'SD7', 'O1_2': '3', 'O1_1': '4', 'EV2': '3', 'EV1': '3.2', 'ProbType': 'SD', 'P2_1': '0.2'}
268.0678 	DATA 	Trial Onset - ProblemType: SD, ProblemNumber: SD7, leftRight: 1, samplingDur: 19, assignedITI: 1.0098
268.0679 	DATA 	Sampling Onset
268.6839 	DATA 	Keypress: 1
268.7003 	EXP 	unnamed TextStim: text = '+3'
269.2028 	DATA 	Sampled Response: 2, Outcome Shown: +4
269.5004 	DATA 	Keypress: 2
269.5168 	EXP 	unnamed TextStim: text = '+4'
270.0149 	DATA 	Sampled Response: 1, Outcome Shown: +3
270.4836 	DATA 	Keypress: 1
270.5000 	EXP 	unnamed TextStim: text = '+3'
270.9992 	DATA 	Sampled Response: 2, Outcome Shown: +4
271.3835 	DATA 	Keypress: 2
271.3999 	EXP 	unnamed TextStim: text = '+4'
271.9053 	DATA 	Sampled Response: 1, Outcome Shown: +3
272.3170 	DATA 	Keypress: 1
272.3333 	EXP 	unnamed TextStim: text = '+3'
272.8425 	DATA 	Sampled Response: 2, Outcome Shown: +4
273.1668 	DATA 	Keypress: 2
273.1831 	EXP 	unnamed TextStim: text = '+4'
273.6861 	DATA 	Sampled Response: 1, Outcome Shown: +3
274.0666 	DATA 	Keypress: 1
274.0830 	EXP 	unnamed TextStim: text = '+3'
274.5921 	DATA 	Sampled Response: 2, Outcome Shown: +4
274.9996 	DATA 	Keypress: 2
275.0159 	EXP 	unnamed TextStim: text = '+4'
275.5137 	DATA 	Sampled Response: 1, Outcome Shown: +3
275.8330 	DATA 	Keypress: 1
275.8493 	EXP 	unnamed TextStim: text = '+3'
276.3573 	DATA 	Sampled Response: 2, Outcome Shown: +4
276.6662 	DATA 	Keypress: 2
276.6827 	EXP 	unnamed TextStim: text = '+4'
277.1853 	DATA 	Sampled Response: 1, Outcome Shown: +3
277.6995 	DATA 	Keypress: 1
277.7159 	EXP 	unnamed TextStim: text = '+3'
278.2163 	DATA 	Sampled Response: 2, Outcome Shown: +4
278.6328 	DATA 	Keypress: 2
278.6491 	EXP 	unnamed TextStim: text = '+4'
279.1536 	DATA 	Sampled Response: 1, Outcome Shown: +3
279.4826 	DATA 	Keypress: 1
279.4990 	EXP 	unnamed TextStim: text = '+3'
279.9971 	DATA 	Sampled Response: 2, Outcome Shown: 0
280.3160 	DATA 	Keypress: 2
280.3321 	EXP 	unnamed TextStim: text = '+4'
280.8407 	DATA 	Sampled Response: 1, Outcome Shown: +3
281.1493 	DATA 	Keypress: 1
281.1654 	EXP 	unnamed TextStim: text = '+3'
281.6686 	DATA 	Sampled Response: 2, Outcome Shown: 0
281.9825 	DATA 	Keypress: 2
281.9987 	EXP 	unnamed TextStim: text = '+4'
282.4965 	DATA 	Sampled Response: 1, Outcome Shown: +3
282.9155 	DATA 	Keypress: 1
282.9319 	EXP 	unnamed TextStim: text = '+3'
283.4338 	DATA 	Sampled Response: 2, Outcome Shown: 0
283.7823 	DATA 	Keypress: 2
283.7986 	EXP 	unnamed TextStim: text = '+4'
284.3086 	DATA 	Sampled Response: 1, Outcome Shown: +3
284.6987 	DATA 	Keypress: 1
284.7150 	EXP 	unnamed TextStim: text = '+3'
285.2146 	DATA 	Sampled Response: 2, Outcome Shown: +4
285.5149 	DATA 	Keypress: 2
285.5313 	EXP 	unnamed TextStim: text = '+4'
286.0426 	DATA 	Sampled Response: 1, Outcome Shown: +3
286.5816 	DATA 	** broke sampling loop (<.5s left in trial) **
286.5823 	DATA 	samplingCount: 20
286.5823 	DATA 	Think Onset
286.5981 	EXP 	unnamed Rect: lineColor = 'white (named)'
286.5981 	EXP 	unnamed Rect: lineColor = 'white (named)'
286.8323 	DATA 	Keypress: 1
289.6146 	DATA 	Decide Onset
290.0852 	DATA 	Keypress: 2
290.0853 	DATA 	Decision Button Press: ['2']
290.0854 	DATA 	Decision Response: 1
290.0888 	EXP 	unnamed Rect: lineColor = 'red (named)'
290.5950 	DATA 	ITI Onset
290.5982 	EXP 	unnamed Rect: lineColor = 'white (named)'
290.5982 	EXP 	unnamed Rect: lineColor = 'white (named)'
290.5982 	EXP 	unnamed TextStim: text = '+3'
290.5982 	EXP 	unnamed TextStim: text = '+4'
293.3312 	DATA 	Trial End Time - totalITI: 2.72519774332
293.3314 	EXP 	New trial (rep=0, index=12): {'P1_1': '0.5', 'P1_2': '0.3', 'SafeOption': '1', 'P2_2': '0.7', 'O2_2': '35', 'O2_1': '30', 'ProbNumber': 'RR5', 'O1_2': '-10', 'O1_1': '10', 'EV2': '21.5', 'EV1': '20', 'ProbType': 'RR', 'P2_1': '0.5'}
293.3315 	DATA 	Trial Onset - ProblemType: RR, ProblemNumber: RR5, leftRight: 1, samplingDur: 15, assignedITI: 5.4629
293.3315 	DATA 	Sampling Onset
294.0811 	DATA 	Keypress: 1
294.0973 	EXP 	unnamed TextStim: text = '+35'
294.5979 	DATA 	Sampled Response: 2, Outcome Shown: +30
294.9141 	DATA 	Keypress: 2
294.9305 	EXP 	unnamed TextStim: text = '+30'
295.4309 	DATA 	Sampled Response: 1, Outcome Shown: +35
295.8307 	DATA 	Keypress: 1
295.8471 	EXP 	unnamed TextStim: text = '+35'
296.3526 	DATA 	Sampled Response: 2, Outcome Shown: +30
296.7307 	DATA 	Keypress: 2
296.7471 	EXP 	unnamed TextStim: text = '+30'
297.2586 	DATA 	Sampled Response: 1, Outcome Shown: +35
297.6473 	DATA 	Keypress: 1
297.6636 	EXP 	unnamed TextStim: text = '+35'
298.1646 	DATA 	Sampled Response: 2, Outcome Shown: +30
298.6971 	DATA 	Keypress: 2
298.7134 	EXP 	unnamed TextStim: text = '+30'
299.2112 	DATA 	Sampled Response: 1, Outcome Shown: +35
299.5631 	DATA 	Keypress: 1
299.5800 	EXP 	unnamed TextStim: text = '+35'
300.0860 	DATA 	Sampled Response: 2, Outcome Shown: +30
300.4804 	DATA 	Keypress: 2
300.4966 	EXP 	unnamed TextStim: text = '+10'
301.0075 	DATA 	Sampled Response: 1, Outcome Shown: +35
301.4301 	DATA 	Keypress: 1
301.4464 	EXP 	unnamed TextStim: text = '+35'
301.9450 	DATA 	Sampled Response: 2, Outcome Shown: +30
302.2966 	DATA 	Keypress: 2
302.3130 	EXP 	unnamed TextStim: text = '+10'
302.8198 	DATA 	Sampled Response: 1, Outcome Shown: +35
303.2301 	DATA 	Keypress: 1
303.2461 	EXP 	unnamed TextStim: text = '+35'
303.7571 	DATA 	Sampled Response: 2, Outcome Shown: +10
304.1463 	DATA 	Keypress: 2
304.1628 	EXP 	unnamed TextStim: text = '+10'
304.6631 	DATA 	Sampled Response: 1, Outcome Shown: -10
305.0297 	DATA 	Keypress: 1
305.0461 	EXP 	unnamed TextStim: text = '+35'
305.5559 	DATA 	Sampled Response: 2, Outcome Shown: +30
305.8463 	DATA 	Keypress: 2
305.8626 	EXP 	unnamed TextStim: text = '+10'
306.3682 	DATA 	Sampled Response: 1, Outcome Shown: +35
306.8461 	DATA 	Keypress: 1
306.8625 	EXP 	unnamed TextStim: text = '-10'
307.3679 	DATA 	Sampled Response: 2, Outcome Shown: +10
307.7961 	DATA 	Keypress: 2
307.8125 	EXP 	unnamed TextStim: text = '+10'
308.3208 	DATA 	Sampled Response: 1, Outcome Shown: +35
308.3211 	DATA 	** broke sampling loop (<.5s left in trial) **
308.3240 	DATA 	samplingCount: 16
308.3240 	DATA 	Think Onset
308.3273 	EXP 	unnamed Rect: lineColor = 'white (named)'
308.3273 	EXP 	unnamed Rect: lineColor = 'white (named)'
311.3454 	DATA 	Decide Onset
312.1012 	DATA 	Keypress: 2
312.1013 	DATA 	Decision Button Press: ['2']
312.1013 	DATA 	Decision Response: 1
312.1048 	EXP 	unnamed Rect: lineColor = 'red (named)'
312.6240 	DATA 	ITI Onset
312.6272 	EXP 	unnamed Rect: lineColor = 'white (named)'
312.6272 	EXP 	unnamed Rect: lineColor = 'white (named)'
312.6272 	EXP 	unnamed TextStim: text = '-10'
312.6272 	EXP 	unnamed TextStim: text = '+10'
319.0451 	DATA 	Trial End Time - totalITI: 6.4152738509
319.0453 	EXP 	New trial (rep=0, index=13): {'P1_1': '0.8', 'P1_2': '0.1', 'SafeOption': '1', 'P2_2': '0.9', 'O2_2': '35', 'O2_1': '40', 'ProbNumber': 'RR7', 'O1_2': '-20', 'O1_1': '24', 'EV2': '29.5', 'EV1': '27.2', 'ProbType': 'RR', 'P2_1': '0.2'}
319.0454 	DATA 	Trial Onset - ProblemType: RR, ProblemNumber: RR7, leftRight: 0, samplingDur: 19, assignedITI: 2.274
319.0454 	DATA 	Sampling Onset
319.7277 	DATA 	Keypress: 1
319.7443 	EXP 	unnamed TextStim: text = '+24'
320.2423 	DATA 	Sampled Response: 1, Outcome Shown: +24
320.2946 	DATA 	Keypress: 2
320.3111 	EXP 	unnamed TextStim: text = '+35'
320.8201 	DATA 	Sampled Response: 2, Outcome Shown: +35
320.9445 	DATA 	Keypress: 1
320.9608 	EXP 	unnamed TextStim: text = '+24'
321.4637 	DATA 	Sampled Response: 1, Outcome Shown: +24
321.4642 	DATA 	Keypress: 2
322.3276 	DATA 	Keypress: 2
322.3439 	EXP 	unnamed TextStim: text = '+35'
322.8511 	DATA 	Sampled Response: 2, Outcome Shown: +35
322.8514 	DATA 	Keypress: 1
323.4616 	DATA 	Keypress: 1
323.4936 	EXP 	unnamed TextStim: text = '+40'
323.9914 	DATA 	Sampled Response: 1, Outcome Shown: +40
324.3441 	DATA 	Keypress: 2
324.3604 	EXP 	unnamed TextStim: text = '+35'
324.8663 	DATA 	Sampled Response: 2, Outcome Shown: +35
324.9107 	DATA 	Keypress: 1
324.9270 	EXP 	unnamed TextStim: text = '+24'
325.4309 	DATA 	Sampled Response: 1, Outcome Shown: +24
325.5607 	DATA 	Keypress: 2
325.5770 	EXP 	unnamed TextStim: text = '+35'
326.0870 	DATA 	Sampled Response: 2, Outcome Shown: +35
326.1771 	DATA 	Keypress: 1
326.1936 	EXP 	unnamed TextStim: text = '+24'
326.6963 	DATA 	Sampled Response: 1, Outcome Shown: +24
326.8102 	DATA 	Keypress: 2
326.8266 	EXP 	unnamed TextStim: text = '+35'
327.3368 	DATA 	Sampled Response: 2, Outcome Shown: +35
327.3371 	DATA 	Keypress: 1
328.9268 	DATA 	Keypress: 2
328.9434 	EXP 	unnamed TextStim: text = '+35'
329.4532 	DATA 	Sampled Response: 2, Outcome Shown: +35
329.4535 	DATA 	Keypress: 1
330.0767 	DATA 	Keypress: 1
330.0931 	EXP 	unnamed TextStim: text = '+40'
330.5936 	DATA 	Sampled Response: 1, Outcome Shown: +40
331.5930 	DATA 	Keypress: 2
331.6096 	EXP 	unnamed TextStim: text = '+35'
332.1089 	DATA 	Sampled Response: 2, Outcome Shown: +35
334.3428 	DATA 	Keypress: 1
334.3593 	EXP 	unnamed TextStim: text = '+24'
334.8582 	DATA 	Sampled Response: 1, Outcome Shown: +24
336.3929 	DATA 	Keypress: 2
336.4090 	EXP 	unnamed TextStim: text = '+35'
336.9202 	DATA 	Sampled Response: 2, Outcome Shown: +35
337.5589 	DATA 	** broke sampling loop (<.5s left in trial) **
337.5597 	DATA 	samplingCount: 15
337.5597 	DATA 	Think Onset
337.5752 	EXP 	unnamed Rect: lineColor = 'white (named)'
337.5752 	EXP 	unnamed Rect: lineColor = 'white (named)'
337.6593 	DATA 	Keypress: 1
340.5920 	DATA 	Decide Onset
341.0450 	DATA 	Keypress: 1
341.0451 	DATA 	Decision Button Press: ['1']
341.0452 	DATA 	Decision Response: 1
341.0488 	EXP 	unnamed Rect: lineColor = 'red (named)'
341.5681 	DATA 	ITI Onset
341.5713 	EXP 	unnamed Rect: lineColor = 'white (named)'
341.5713 	EXP 	unnamed Rect: lineColor = 'white (named)'
341.5713 	EXP 	unnamed TextStim: text = '+24'
341.5713 	EXP 	unnamed TextStim: text = '+35'
345.5919 	DATA 	Trial End Time - totalITI: 4.00714517252
345.5921 	EXP 	New trial (rep=0, index=14): {'P1_1': '0.4', 'P1_2': '1', 'SafeOption': '2', 'P2_2': '0', 'O2_2': '0', 'O2_1': '-20', 'ProbNumber': 'MD4', 'O1_2': '-4', 'O1_1': '15', 'EV2': '-4', 'EV1': '-6', 'ProbType': 'MD', 'P2_1': '0.6'}
345.5922 	DATA 	Trial Onset - ProblemType: MD, ProblemNumber: MD4, leftRight: 0, samplingDur: 16, assignedITI: 4.653
345.5922 	DATA 	Sampling Onset
346.4083 	DATA 	Keypress: 1
346.4246 	EXP 	unnamed TextStim: text = '-20'
346.9335 	DATA 	Sampled Response: 1, Outcome Shown: -20
347.2745 	DATA 	Keypress: 2
347.2911 	EXP 	unnamed TextStim: text = '-4'
347.7924 	DATA 	Sampled Response: 2, Outcome Shown: -4
348.2079 	DATA 	Keypress: 1
348.2244 	EXP 	unnamed TextStim: text = '+15'
348.7299 	DATA 	Sampled Response: 1, Outcome Shown: +15
349.1580 	DATA 	Keypress: 2
349.1744 	EXP 	unnamed TextStim: text = '-4'
349.6829 	DATA 	Sampled Response: 2, Outcome Shown: -4
350.1245 	DATA 	Keypress: 1
350.1409 	EXP 	unnamed TextStim: text = '+15'
350.6514 	DATA 	Sampled Response: 1, Outcome Shown: +15
351.0742 	DATA 	Keypress: 2
351.0907 	EXP 	unnamed TextStim: text = '-4'
351.5886 	DATA 	Sampled Response: 2, Outcome Shown: -4
352.0242 	DATA 	Keypress: 1
352.0406 	EXP 	unnamed TextStim: text = '-20'
352.5416 	DATA 	Sampled Response: 1, Outcome Shown: -20
353.0574 	DATA 	Keypress: 2
353.0737 	EXP 	unnamed TextStim: text = '-4'
353.5726 	DATA 	Sampled Response: 2, Outcome Shown: -4
353.9580 	DATA 	Keypress: 1
353.9902 	EXP 	unnamed TextStim: text = '-20'
354.4889 	DATA 	Sampled Response: 1, Outcome Shown: -20
355.0238 	DATA 	Keypress: 2
355.0402 	EXP 	unnamed TextStim: text = '-4'
355.5393 	DATA 	Sampled Response: 2, Outcome Shown: -4
355.9573 	DATA 	Keypress: 1
355.9734 	EXP 	unnamed TextStim: text = '-20'
356.4766 	DATA 	Sampled Response: 1, Outcome Shown: -20
356.9069 	DATA 	Keypress: 2
356.9233 	EXP 	unnamed TextStim: text = '-4'
357.4295 	DATA 	Sampled Response: 2, Outcome Shown: -4
357.9062 	DATA 	Keypress: 1
357.9228 	EXP 	unnamed TextStim: text = '-20'
358.4292 	DATA 	Sampled Response: 1, Outcome Shown: -20
359.1734 	DATA 	Keypress: 2
359.1897 	EXP 	unnamed TextStim: text = '-4'
359.6946 	DATA 	Sampled Response: 2, Outcome Shown: -4
360.0067 	DATA 	Keypress: 1
360.0230 	EXP 	unnamed TextStim: text = '+15'
360.5225 	DATA 	Sampled Response: 1, Outcome Shown: +15
361.0733 	DATA 	Keypress: 2
361.0896 	EXP 	unnamed TextStim: text = '-4'
361.6004 	DATA 	Sampled Response: 2, Outcome Shown: -4
361.6006 	DATA 	** broke sampling loop (<.5s left in trial) **
361.6013 	DATA 	samplingCount: 16
361.6013 	DATA 	Think Onset
361.6047 	EXP 	unnamed Rect: lineColor = 'white (named)'
361.6047 	EXP 	unnamed Rect: lineColor = 'white (named)'
364.6227 	DATA 	Decide Onset
365.5251 	DATA 	Keypress: 1
365.5252 	DATA 	Decision Button Press: ['1']
365.5253 	DATA 	Decision Response: 1
365.5288 	EXP 	unnamed Rect: lineColor = 'red (named)'
366.0461 	DATA 	ITI Onset
366.0493 	EXP 	unnamed Rect: lineColor = 'white (named)'
366.0493 	EXP 	unnamed Rect: lineColor = 'white (named)'
366.0493 	EXP 	unnamed TextStim: text = '+15'
366.0493 	EXP 	unnamed TextStim: text = '-4'
371.5051 	DATA 	Trial End Time - totalITI: 5.44196142524
371.5054 	EXP 	New trial (rep=0, index=15): {'P1_1': '0.4', 'P1_2': '1', 'SafeOption': '2', 'P2_2': '0', 'O2_2': '0', 'O2_1': '0', 'ProbNumber': 'SD11', 'O1_2': '8', 'O1_1': '22', 'EV2': '8', 'EV1': '8.8', 'ProbType': 'SD', 'P2_1': '0.6'}
371.5054 	DATA 	Trial Onset - ProblemType: SD, ProblemNumber: SD11, leftRight: 0, samplingDur: 16, assignedITI: 1.3679
371.5055 	DATA 	Sampling Onset
372.3217 	DATA 	Keypress: 1
372.3382 	EXP 	unnamed TextStim: text = '0'
372.8356 	DATA 	Sampled Response: 1, Outcome Shown: 0
373.1551 	DATA 	Keypress: 2
373.1714 	EXP 	unnamed TextStim: text = '+8'
373.6792 	DATA 	Sampled Response: 2, Outcome Shown: +8
374.0056 	DATA 	Keypress: 1
374.0380 	EXP 	unnamed TextStim: text = '+22'
374.5384 	DATA 	Sampled Response: 1, Outcome Shown: +22
374.9050 	DATA 	Keypress: 2
374.9211 	EXP 	unnamed TextStim: text = '+8'
375.4288 	DATA 	Sampled Response: 2, Outcome Shown: +8
375.7214 	DATA 	Keypress: 1
375.7378 	EXP 	unnamed TextStim: text = '0'
376.2411 	DATA 	Sampled Response: 1, Outcome Shown: 0
376.4047 	DATA 	Keypress: 2
376.4210 	EXP 	unnamed TextStim: text = '+8'
376.9284 	DATA 	Sampled Response: 2, Outcome Shown: +8
377.1714 	DATA 	Keypress: 1
377.1875 	EXP 	unnamed TextStim: text = '0'
377.6954 	DATA 	Sampled Response: 1, Outcome Shown: 0
377.9377 	DATA 	Keypress: 2
377.9542 	EXP 	unnamed TextStim: text = '+8'
378.4608 	DATA 	Sampled Response: 2, Outcome Shown: +8
378.5711 	DATA 	Keypress: 1
378.5875 	EXP 	unnamed TextStim: text = '0'
379.0857 	DATA 	Sampled Response: 1, Outcome Shown: 0
379.2377 	DATA 	Keypress: 2
379.2541 	EXP 	unnamed TextStim: text = '+8'
379.7573 	DATA 	Sampled Response: 2, Outcome Shown: +8
379.8043 	DATA 	Keypress: 1
379.8206 	EXP 	unnamed TextStim: text = '0'
380.3198 	DATA 	Sampled Response: 1, Outcome Shown: 0
380.4052 	DATA 	Keypress: 2
380.4372 	EXP 	unnamed TextStim: text = '+8'
380.9447 	DATA 	Sampled Response: 2, Outcome Shown: +8
380.9497 	DATA 	Keypress: 1
380.9871 	EXP 	unnamed TextStim: text = '0'
381.4914 	DATA 	Sampled Response: 1, Outcome Shown: 0
381.4954 	DATA 	Keypress: 2
381.5037 	EXP 	unnamed TextStim: text = '+8'
382.0069 	DATA 	Sampled Response: 2, Outcome Shown: +8
382.0216 	DATA 	Keypress: 1
382.0537 	EXP 	unnamed TextStim: text = '0'
382.5536 	DATA 	Sampled Response: 1, Outcome Shown: 0
382.5540 	DATA 	Keypress: 2
383.3540 	DATA 	Keypress: 1
383.3704 	EXP 	unnamed TextStim: text = '0'
383.8820 	DATA 	Sampled Response: 1, Outcome Shown: 0
383.9871 	DATA 	Keypress: 2
384.0035 	EXP 	unnamed TextStim: text = '+8'
384.5069 	DATA 	Sampled Response: 2, Outcome Shown: +8
384.5703 	DATA 	Keypress: 1
384.5868 	EXP 	unnamed TextStim: text = '0'
385.0848 	DATA 	Sampled Response: 1, Outcome Shown: 0
385.1205 	DATA 	Keypress: 2
385.1367 	EXP 	unnamed TextStim: text = '+8'
385.6470 	DATA 	Sampled Response: 2, Outcome Shown: +8
385.6701 	DATA 	Keypress: 1
385.6865 	EXP 	unnamed TextStim: text = '0'
386.1957 	DATA 	Sampled Response: 1, Outcome Shown: 0
386.3035 	DATA 	Keypress: 2
386.3199 	EXP 	unnamed TextStim: text = '+8'
386.8206 	DATA 	Sampled Response: 2, Outcome Shown: +8
386.8534 	DATA 	Keypress: 1
386.8697 	EXP 	unnamed TextStim: text = '0'
387.3672 	DATA 	Sampled Response: 1, Outcome Shown: 0
387.3675 	DATA 	** broke sampling loop (<.5s left in trial) **
387.3682 	DATA 	samplingCount: 22
387.3682 	DATA 	Think Onset
387.3716 	EXP 	unnamed Rect: lineColor = 'white (named)'
387.3716 	EXP 	unnamed Rect: lineColor = 'white (named)'
387.3872 	DATA 	Keypress: 2
390.3863 	DATA 	Decide Onset
391.1090 	DATA 	Keypress: 1
391.1091 	DATA 	Decision Button Press: ['1']
391.1091 	DATA 	Decision Response: 1
391.1126 	EXP 	unnamed Rect: lineColor = 'red (named)'
391.6305 	DATA 	ITI Onset
391.6337 	EXP 	unnamed Rect: lineColor = 'white (named)'
391.6337 	EXP 	unnamed Rect: lineColor = 'white (named)'
391.6337 	EXP 	unnamed TextStim: text = '0'
391.6337 	EXP 	unnamed TextStim: text = '+8'
394.1193 	DATA 	Trial End Time - totalITI: 2.48293111273
394.1196 	EXP 	New trial (rep=0, index=16): {'P1_1': '0.2', 'P1_2': '1', 'SafeOption': '2', 'P2_2': '0', 'O2_2': '0', 'O2_1': '0', 'ProbNumber': 'SD3', 'O1_2': '-7', 'O1_1': '-34', 'EV2': '-7', 'EV1': '-6.8', 'ProbType': 'SD', 'P2_1': '0.8'}
394.1197 	DATA 	Trial Onset - ProblemType: SD, ProblemNumber: SD3, leftRight: 0, samplingDur: 18, assignedITI: 1.4961
394.1197 	DATA 	Sampling Onset
394.8524 	DATA 	Keypress: 1
394.8689 	EXP 	unnamed TextStim: text = '-34'
395.3733 	DATA 	Sampled Response: 1, Outcome Shown: -34
395.5858 	DATA 	Keypress: 2
395.6017 	EXP 	unnamed TextStim: text = '-7'
396.1075 	DATA 	Sampled Response: 2, Outcome Shown: -7
396.2525 	DATA 	Keypress: 1
396.2689 	EXP 	unnamed TextStim: text = '0'
396.7792 	DATA 	Sampled Response: 1, Outcome Shown: 0
396.9524 	DATA 	Keypress: 2
396.9686 	EXP 	unnamed TextStim: text = '-7'
397.4665 	DATA 	Sampled Response: 2, Outcome Shown: -7
397.5688 	DATA 	Keypress: 1
397.5852 	EXP 	unnamed TextStim: text = '0'
398.0914 	DATA 	Sampled Response: 1, Outcome Shown: 0
398.1356 	DATA 	Keypress: 2
398.1518 	EXP 	unnamed TextStim: text = '-7'
398.6538 	DATA 	Sampled Response: 2, Outcome Shown: -7
398.6855 	DATA 	Keypress: 1
398.7018 	EXP 	unnamed TextStim: text = '-34'
399.2005 	DATA 	Sampled Response: 1, Outcome Shown: -34
399.3518 	DATA 	Keypress: 2
399.3681 	EXP 	unnamed TextStim: text = '-7'
399.8722 	DATA 	Sampled Response: 2, Outcome Shown: -7
399.9688 	DATA 	Keypress: 1
399.9851 	EXP 	unnamed TextStim: text = '0'
400.4970 	DATA 	Sampled Response: 1, Outcome Shown: 0
400.6185 	DATA 	Keypress: 2
400.6349 	EXP 	unnamed TextStim: text = '-7'
401.1376 	DATA 	Sampled Response: 2, Outcome Shown: -7
401.2185 	DATA 	Keypress: 1
401.2350 	EXP 	unnamed TextStim: text = '0'
401.7468 	DATA 	Sampled Response: 1, Outcome Shown: 0
401.7512 	DATA 	Keypress: 2
401.7681 	EXP 	unnamed TextStim: text = '-7'
402.2779 	DATA 	Sampled Response: 2, Outcome Shown: -7
402.2782 	DATA 	Keypress: 1
403.2350 	DATA 	Keypress: 2
403.2513 	EXP 	unnamed TextStim: text = '-7'
403.7619 	DATA 	Sampled Response: 2, Outcome Shown: -7
403.7622 	DATA 	Keypress: 1
404.3182 	DATA 	Keypress: 1
404.3344 	EXP 	unnamed TextStim: text = '-34'
404.8395 	DATA 	Sampled Response: 1, Outcome Shown: -34
404.9014 	DATA 	Keypress: 2
404.9179 	EXP 	unnamed TextStim: text = '-7'
405.4178 	DATA 	Sampled Response: 2, Outcome Shown: -7
405.4681 	DATA 	Keypress: 1
405.4844 	EXP 	unnamed TextStim: text = '0'
405.9958 	DATA 	Sampled Response: 1, Outcome Shown: 0
406.0841 	DATA 	Keypress: 2
406.1005 	EXP 	unnamed TextStim: text = '-7'
406.6050 	DATA 	Sampled Response: 2, Outcome Shown: -7
406.7180 	DATA 	Keypress: 1
406.7343 	EXP 	unnamed TextStim: text = '0'
407.2455 	DATA 	Sampled Response: 1, Outcome Shown: 0
407.3845 	DATA 	Keypress: 2
407.4008 	EXP 	unnamed TextStim: text = '-7'
407.9016 	DATA 	Sampled Response: 2, Outcome Shown: -7
408.0011 	DATA 	Keypress: 1
408.0173 	EXP 	unnamed TextStim: text = '0'
408.5264 	DATA 	Sampled Response: 1, Outcome Shown: 0
408.5841 	DATA 	Keypress: 2
408.6002 	EXP 	unnamed TextStim: text = '-7'
409.1044 	DATA 	Sampled Response: 2, Outcome Shown: -7
409.2009 	DATA 	Keypress: 1
409.2174 	EXP 	unnamed TextStim: text = '-34'
409.7293 	DATA 	Sampled Response: 1, Outcome Shown: -34
409.9173 	DATA 	Keypress: 2
409.9337 	EXP 	unnamed TextStim: text = '-7'
410.4322 	DATA 	Sampled Response: 2, Outcome Shown: -7
410.5339 	DATA 	Keypress: 1
410.5503 	EXP 	unnamed TextStim: text = '-34'
411.0571 	DATA 	Sampled Response: 1, Outcome Shown: -34
411.0839 	DATA 	Keypress: 2
411.1002 	EXP 	unnamed TextStim: text = '-7'
411.6038 	DATA 	Sampled Response: 2, Outcome Shown: -7
411.6336 	DATA 	Keypress: 1
411.6501 	EXP 	unnamed TextStim: text = '0'
412.1506 	DATA 	Sampled Response: 1, Outcome Shown: 0
412.1508 	DATA 	** broke sampling loop (<.5s left in trial) **
412.1538 	DATA 	samplingCount: 26
412.1538 	DATA 	Think Onset
412.1571 	EXP 	unnamed Rect: lineColor = 'white (named)'
412.1571 	EXP 	unnamed Rect: lineColor = 'white (named)'
412.2178 	DATA 	Keypress: 2
415.1832 	DATA 	Decide Onset
416.2531 	DATA 	Keypress: 2
416.2531 	DATA 	Decision Button Press: ['2']
416.2532 	DATA 	Decision Response: 2
416.2566 	EXP 	unnamed Rect: lineColor = 'red (named)'
416.7650 	DATA 	ITI Onset
416.7683 	EXP 	unnamed Rect: lineColor = 'white (named)'
416.7683 	EXP 	unnamed Rect: lineColor = 'white (named)'
416.7683 	EXP 	unnamed TextStim: text = '0'
416.7683 	EXP 	unnamed TextStim: text = '-7'
418.8666 	DATA 	Trial End Time - totalITI: 2.09278635186
418.8668 	EXP 	New trial (rep=0, index=17): {'P1_1': '0.8', 'P1_2': '0.6', 'SafeOption': '1', 'P2_2': '0.4', 'O2_2': '18', 'O2_1': '10', 'ProbNumber': 'RR9', 'O1_2': '-4', 'O1_1': '2', 'EV2': '4.8', 'EV1': '3.6', 'ProbType': 'RR', 'P2_1': '0.2'}
418.8669 	DATA 	Trial Onset - ProblemType: RR, ProblemNumber: RR9, leftRight: 0, samplingDur: 15, assignedITI: 1.2135
418.8669 	DATA 	Sampling Onset
419.5998 	DATA 	Keypress: 1
419.6160 	EXP 	unnamed TextStim: text = '+2'
420.1167 	DATA 	Sampled Response: 1, Outcome Shown: +2
420.2331 	DATA 	Keypress: 2
420.2491 	EXP 	unnamed TextStim: text = '-4'
420.7574 	DATA 	Sampled Response: 2, Outcome Shown: -4
420.8329 	DATA 	Keypress: 1
420.8492 	EXP 	unnamed TextStim: text = '+2'
421.3511 	DATA 	Sampled Response: 1, Outcome Shown: +2
421.3514 	DATA 	Keypress: 2
422.0493 	DATA 	Keypress: 2
422.0657 	EXP 	unnamed TextStim: text = '-4'
422.5695 	DATA 	Sampled Response: 2, Outcome Shown: -4
422.7493 	DATA 	Keypress: 1
422.7655 	EXP 	unnamed TextStim: text = '+2'
423.2732 	DATA 	Sampled Response: 1, Outcome Shown: +2
423.3993 	DATA 	Keypress: 2
423.4156 	EXP 	unnamed TextStim: text = '+18'
423.9136 	DATA 	Sampled Response: 2, Outcome Shown: +18
424.1492 	DATA 	Keypress: 1
424.1655 	EXP 	unnamed TextStim: text = '+2'
424.6634 	DATA 	Sampled Response: 1, Outcome Shown: +2
424.9157 	DATA 	Keypress: 2
424.9321 	EXP 	unnamed TextStim: text = '+18'
425.4446 	DATA 	Sampled Response: 2, Outcome Shown: +18
425.6823 	DATA 	Keypress: 1
425.6987 	EXP 	unnamed TextStim: text = '+2'
426.2115 	DATA 	Sampled Response: 1, Outcome Shown: +2
426.4489 	DATA 	Keypress: 2
426.4653 	EXP 	unnamed TextStim: text = '+18'
426.9769 	DATA 	Sampled Response: 2, Outcome Shown: +18
427.1321 	DATA 	Keypress: 1
427.1485 	EXP 	unnamed TextStim: text = '+2'
427.6486 	DATA 	Sampled Response: 1, Outcome Shown: +2
427.7488 	DATA 	Keypress: 2
427.7649 	EXP 	unnamed TextStim: text = '-4'
428.2734 	DATA 	Sampled Response: 2, Outcome Shown: -4
428.4488 	DATA 	Keypress: 1
428.4652 	EXP 	unnamed TextStim: text = '+2'
428.9764 	DATA 	Sampled Response: 1, Outcome Shown: +2
429.1986 	DATA 	Keypress: 2
429.2150 	EXP 	unnamed TextStim: text = '+18'
429.7262 	DATA 	Sampled Response: 2, Outcome Shown: +18
433.3813 	DATA 	** broke sampling loop (<.5s left in trial) **
433.3819 	DATA 	samplingCount: 14
433.3819 	DATA 	Think Onset
433.3978 	EXP 	unnamed Rect: lineColor = 'white (named)'
433.3978 	EXP 	unnamed Rect: lineColor = 'white (named)'
436.4142 	DATA 	Decide Onset
436.9730 	DATA 	Keypress: 2
436.9730 	DATA 	Decision Button Press: ['2']
436.9731 	DATA 	Decision Response: 2
436.9765 	EXP 	unnamed Rect: lineColor = 'red (named)'
437.4848 	DATA 	ITI Onset
437.4880 	EXP 	unnamed Rect: lineColor = 'white (named)'
437.4880 	EXP 	unnamed Rect: lineColor = 'white (named)'
437.4880 	EXP 	unnamed TextStim: text = '+2'
437.4880 	EXP 	unnamed TextStim: text = '+18'
440.3308 	DATA 	Trial End Time - totalITI: 2.84019156101
440.4485 	INFO 	saved wide-format data to logs/DE211/DE211_ebdm_run_1.csv
440.4486 	DATA 	*****END RUN 1*****
440.4845 	EXP 	window1: mouseVisible = True
