9.4219 	INFO 	Loaded monitor calibration from ['2018_11_07 13:00']
9.4236 	WARNING 	User requested fullscreen with size [800 600], but screen is actually [1920, 1080]. Using actual size
10.1071 	EXP 	Created window1 = Window(allowGUI=False, allowStencil=False, args=UNKNOWN, autoLog=True, bitsMode=UNKNOWN, blendMode='avg', color='black', colorSpace='named', fullscr=UNKNOWN, gamma=None, kwargs=UNKNOWN, lms=UNKNOWN, monitor=<psychopy.monitors.calibTools.Monitor object at 0x15394EF0>, multiSample=False, name='window1', numSamples=2, pos=[0, 0], screen=0, size=array([1920, 1080]), stereo=False, units='deg', useFBO=False, useRetina=False, viewOri=0.0, viewPos=None, viewScale=None, waitBlanking=True, winType='pyglet')
10.1586 	EXP 	Created unnamed TextStim = TextStim(alignHoriz='center', alignVert='center', antialias=True, autoLog=True, bold=False, color=array([ 1.,  1.,  1.]), colorSpace='rgb', contrast=1.0, depth=0, flipHoriz=False, flipVert=False, font='', fontFiles=[], height=2, italic=False, name='unnamed TextStim', opacity=1.0, ori=0.0, pos=array([ 0.,  0.]), rgb=array([ 1.,  1.,  1.]), text='+', units='deg', win=Window(...), wrapWidth=15.0)
10.2033 	EXP 	Created unnamed TextStim = TextStim(alignHoriz='center', alignVert='center', antialias=True, autoLog=True, bold=False, color=array([ 1.,  1.,  1.]), colorSpace='rgb', contrast=1.0, depth=0, flipHoriz=False, flipVert=False, font='', fontFiles=[], height=1.5, italic=False, name='unnamed TextStim', opacity=1.0, ori=0.0, pos=array([ 0.,  0.]), rgb=array([ 1.,  1.,  1.]), text=newstr(...), units='deg', win=Window(...), wrapWidth=15.0)
10.2228 	EXP 	Created unnamed TextStim = TextStim(alignHoriz='center', alignVert='center', antialias=True, autoLog=True, bold=False, color=array([ 1.,  1.,  1.]), colorSpace='rgb', contrast=1.0, depth=0, flipHoriz=False, flipVert=False, font='', fontFiles=[], height=1.5, italic=False, name='unnamed TextStim', opacity=1.0, ori=0.0, pos=array([ 0.,  0.]), rgb=array([ 1.,  1.,  1.]), text='Waiting for scanner...', units='deg', win=Window(...), wrapWidth=15.0)
10.2465 	EXP 	Created unnamed TextStim = TextStim(alignHoriz='center', alignVert='center', antialias=True, autoLog=True, bold=False, color='white', colorSpace='named', contrast=1.0, depth=0, flipHoriz=False, flipVert=False, font='', fontFiles=[], height=1, italic=False, name='unnamed TextStim', opacity=1.0, ori=0.0, pos=array([ 0.,  0.]), rgb=array([ 255.,  255.,  255.]), text='Press SPACE to continue.', units='deg', win=Window(...), wrapWidth=15.0)
10.2585 	EXP 	Created unnamed TextStim = TextStim(alignHoriz='center', alignVert='center', antialias=True, autoLog=True, bold=False, color=array([ 1.,  1.,  1.]), colorSpace='rgb', contrast=1.0, depth=0, flipHoriz=False, flipVert=False, font='', fontFiles=[], height=0.1, italic=False, name='unnamed TextStim', opacity=1.0, ori=0.0, pos=array([ 0.,  0.]), rgb=array([ 1.,  1.,  1.]), text='THINK', units='norm', win=Window(...), wrapWidth=1)
10.2667 	EXP 	Created unnamed TextStim = TextStim(alignHoriz='center', alignVert='center', antialias=True, autoLog=True, bold=False, color=array([ 1.,  1.,  1.]), colorSpace='rgb', contrast=1.0, depth=0, flipHoriz=False, flipVert=False, font='', fontFiles=[], height=0.1, italic=False, name='unnamed TextStim', opacity=1.0, ori=0.0, pos=array([ 0.,  0.]), rgb=array([ 1.,  1.,  1.]), text='DECIDE', units='norm', win=Window(...), wrapWidth=1)
10.2728 	EXP 	<method-wrapper '__getattribute__' of attributeSetter object at 0x059E3190>: vertices = array([[-0.275     ,  0.48888889],
       [ 0.275     ,  0.48888889],
       [ 0.275     , -0.48888889],
       [-0.275     , -0.48888889]])
10.2736 	EXP 	Created unnamed Rect = Rect(autoDraw=False, autoLog=True, closeShape=True, contrast=1.0, depth=0, fillColor=None, fillColorSpace='rgb', fillRGB=None, interpolate=True, lineColor='white', lineColorSpace='named', lineRGB=array([ 255.,  255.,  255.]), lineWidth=3.5, name='unnamed Rect', opacity=1.0, ori=array(0.0), pos=array([-0.5125    , -0.09444444]), size=array([ 1.,  1.]), units='norm', vertices=ndarray(...), win=Window(...))
10.2739 	EXP 	<method-wrapper '__getattribute__' of attributeSetter object at 0x059E3190>: vertices = array([[-0.275     ,  0.48888889],
       [ 0.275     ,  0.48888889],
       [ 0.275     , -0.48888889],
       [-0.275     , -0.48888889]])
10.2747 	EXP 	Created unnamed Rect = Rect(autoDraw=False, autoLog=True, closeShape=True, contrast=1.0, depth=0, fillColor=None, fillColorSpace='rgb', fillRGB=None, interpolate=True, lineColor='white', lineColorSpace='named', lineRGB=array([ 255.,  255.,  255.]), lineWidth=3.5, name='unnamed Rect', opacity=1.0, ori=array(0.0), pos=array([ 0.4875    , -0.09444444]), size=array([ 1.,  1.]), units='norm', vertices=ndarray(...), win=Window(...))
10.2988 	EXP 	Created unnamed TextStim = TextStim(alignHoriz='center', alignVert='center', antialias=True, autoLog=True, bold=False, color=array([ 1.,  1.,  1.]), colorSpace='rgb', contrast=1.0, depth=0, flipHoriz=False, flipVert=False, font='', fontFiles=[], height=0.2, italic=False, name='unnamed TextStim', opacity=1.0, ori=0.0, pos=array([-0.5125    , -0.09444444]), rgb=array([ 1.,  1.,  1.]), text='Hello World', units='norm', win=Window(...), wrapWidth=1)
10.3088 	EXP 	Created unnamed TextStim = TextStim(alignHoriz='center', alignVert='center', antialias=True, autoLog=True, bold=False, color=array([ 1.,  1.,  1.]), colorSpace='rgb', contrast=1.0, depth=0, flipHoriz=False, flipVert=False, font='', fontFiles=[], height=0.2, italic=False, name='unnamed TextStim', opacity=1.0, ori=0.0, pos=array([ 0.4875    , -0.09444444]), rgb=array([ 1.,  1.,  1.]), text='Hello World', units='norm', win=Window(...), wrapWidth=1)
10.3195 	EXP 	Created unnamed TextStim = TextStim(alignHoriz='center', alignVert='center', antialias=True, autoLog=True, bold=False, color=array([ 1.,  1.,  1.]), colorSpace='rgb', contrast=1.0, depth=0, flipHoriz=False, flipVert=False, font='', fontFiles=[], height=0.1, italic=False, name='unnamed TextStim', opacity=1.0, ori=0.0, pos=array([-0.5125    , -0.82777778]), rgb=array([ 1.,  1.,  1.]), text='Press 1', units='norm', win=Window(...), wrapWidth=1)
10.3282 	EXP 	Created unnamed TextStim = TextStim(alignHoriz='center', alignVert='center', antialias=True, autoLog=True, bold=False, color=array([ 1.,  1.,  1.]), colorSpace='rgb', contrast=1.0, depth=0, flipHoriz=False, flipVert=False, font='', fontFiles=[], height=0.1, italic=False, name='unnamed TextStim', opacity=1.0, ori=0.0, pos=array([ 0.4875    , -0.82777778]), rgb=array([ 1.,  1.,  1.]), text='Press 2', units='norm', win=Window(...), wrapWidth=1)
10.3866 	EXP 	Created unnamed ImageStim = ImageStim(autoLog=True, color=array([ 1.,  1.,  1.]), colorSpace='rgb', contrast=1.0, depth=0, flipHoriz=False, flipVert=False, image=str(...), interpolate=False, mask=None, maskParams=None, name='unnamed ImageStim', opacity=1.0, ori=0.0, pos=array([ 0.,  0.]), size=array([ 1.35416667,  1.3537037 ]), texRes=128, units='norm', win=Window(...))
10.4380 	EXP 	Created unnamed ImageStim = ImageStim(autoLog=True, color=array([ 1.,  1.,  1.]), colorSpace='rgb', contrast=1.0, depth=0, flipHoriz=False, flipVert=False, image=str(...), interpolate=False, mask=None, maskParams=None, name='unnamed ImageStim', opacity=1.0, ori=0.0, pos=array([ 0.,  0.]), size=array([ 1.35416667,  1.3537037 ]), texRes=128, units='norm', win=Window(...))
10.4921 	EXP 	Created unnamed ImageStim = ImageStim(autoLog=True, color=array([ 1.,  1.,  1.]), colorSpace='rgb', contrast=1.0, depth=0, flipHoriz=False, flipVert=False, image=str(...), interpolate=False, mask=None, maskParams=None, name='unnamed ImageStim', opacity=1.0, ori=0.0, pos=array([ 0.,  0.]), size=array([ 1.35416667,  1.3537037 ]), texRes=128, units='norm', win=Window(...))
10.5476 	EXP 	Created unnamed ImageStim = ImageStim(autoLog=True, color=array([ 1.,  1.,  1.]), colorSpace='rgb', contrast=1.0, depth=0, flipHoriz=False, flipVert=False, image=str(...), interpolate=False, mask=None, maskParams=None, name='unnamed ImageStim', opacity=1.0, ori=0.0, pos=array([ 0.,  0.]), size=array([ 1.35416667,  1.3537037 ]), texRes=128, units='norm', win=Window(...))
10.5495 	EXP 	Created sequence: sequential, trialTypes=18, nReps=1, seed=None
10.7290 	DEBUG 	Using C:\Users\tug55950\Documents\DEGAP_Liz\DEGap_bPilotv2\SamplingMachine_bPilotv2.py as origin file
10.7296 	EXP 	Created sequence: sequential, trialTypes=18, nReps=1, seed=None
10.7300 	DEBUG 	Using C:\Users\tug55950\Documents\DEGAP_Liz\DEGap_bPilotv2\SamplingMachine_bPilotv2.py as origin file
0.0035 	DATA 	** START RUN 1 **
6.1938 	DATA 	Keypress: space
17.0573 	DATA 	Keypress: space
19.4812 	DATA 	Keypress: space
23.0570 	DATA 	Keypress: space
23.0574 	EXP 	New trial (rep=0, index=0): {'P1_1': '0.4', 'P1_2': '1', 'SafeOption': '2', 'P2_2': '0', 'O2_2': '0', 'O2_1': '0', 'ProbNumber': 'SD11', 'O1_2': '8', 'O1_1': '22', 'EV2': '8', 'EV1': '8.8', 'ProbType': 'SD', 'P2_1': '0.6'}
23.0575 	DATA 	Trial Onset - ProblemType: SD, ProblemNumber: SD11, leftRight: 1, samplingDur: 15, assignedITI: 1.5966
23.0575 	DATA 	Sampling Onset
25.4375 	DATA 	Keypress: 1
25.4532 	EXP 	unnamed TextStim: text = '+8'
25.9529 	DATA 	Sampled Response: 2, Outcome Shown: +22
25.9876 	DATA 	Keypress: 1
25.9910 	EXP 	unnamed TextStim: text = '+8'
26.4909 	DATA 	Sampled Response: 2, Outcome Shown: +22
26.4911 	DATA 	Keypress: 1
26.7790 	DATA 	Keypress: 1
26.7849 	EXP 	unnamed TextStim: text = '+8'
27.2849 	DATA 	Sampled Response: 2, Outcome Shown: 0
27.2852 	DATA 	Keypress: 1
27.5385 	DATA 	Keypress: 1
27.5418 	EXP 	unnamed TextStim: text = '+8'
28.0420 	DATA 	Sampled Response: 2, Outcome Shown: +22
28.0422 	DATA 	Keypress: 1
28.4035 	DATA 	Keypress: 2
28.4102 	EXP 	unnamed TextStim: text = '0'
28.9100 	DATA 	Sampled Response: 1, Outcome Shown: +8
28.9102 	DATA 	Keypress: 2
28.9695 	DATA 	Keypress: 2
28.9729 	EXP 	unnamed TextStim: text = '0'
29.4730 	DATA 	Sampled Response: 1, Outcome Shown: +8
29.4734 	DATA 	Keypress: 2
29.4735 	DATA 	Keypress: 2
29.7694 	DATA 	Keypress: 2
29.7727 	EXP 	unnamed TextStim: text = '0'
30.2719 	DATA 	Sampled Response: 1, Outcome Shown: +8
30.2722 	DATA 	Keypress: 2
30.5134 	DATA 	Keypress: 2
30.5207 	EXP 	unnamed TextStim: text = '+22'
31.0200 	DATA 	Sampled Response: 1, Outcome Shown: +8
31.0743 	DATA 	Keypress: 2
31.0776 	EXP 	unnamed TextStim: text = '+22'
31.5770 	DATA 	Sampled Response: 1, Outcome Shown: +8
31.5772 	DATA 	Keypress: 2
31.6908 	DATA 	Keypress: 2
31.6961 	EXP 	unnamed TextStim: text = '0'
32.1961 	DATA 	Sampled Response: 1, Outcome Shown: +8
32.1963 	DATA 	Keypress: 2
32.3230 	DATA 	Keypress: 2
32.3263 	EXP 	unnamed TextStim: text = '0'
32.8260 	DATA 	Sampled Response: 1, Outcome Shown: +8
32.8263 	DATA 	Keypress: 1
32.9548 	DATA 	Keypress: 1
32.9581 	EXP 	unnamed TextStim: text = '+8'
33.4581 	DATA 	Sampled Response: 2, Outcome Shown: 0
33.4583 	DATA 	Keypress: 1
33.5307 	DATA 	Keypress: 1
33.5365 	EXP 	unnamed TextStim: text = '+8'
34.0361 	DATA 	Sampled Response: 2, Outcome Shown: +22
34.0363 	DATA 	Keypress: 1
34.2185 	DATA 	Keypress: 1
34.2217 	EXP 	unnamed TextStim: text = '+8'
34.7211 	DATA 	Sampled Response: 2, Outcome Shown: 0
35.0038 	DATA 	Keypress: 1
35.0072 	EXP 	unnamed TextStim: text = '+8'
35.5071 	DATA 	Sampled Response: 2, Outcome Shown: +22
35.6686 	DATA 	Keypress: 1
35.6719 	EXP 	unnamed TextStim: text = '+8'
36.1711 	DATA 	Sampled Response: 2, Outcome Shown: +22
36.3705 	DATA 	Keypress: 1
36.3738 	EXP 	unnamed TextStim: text = '+8'
36.8731 	DATA 	Sampled Response: 2, Outcome Shown: 0
37.4356 	DATA 	Keypress: 2
37.4389 	EXP 	unnamed TextStim: text = '0'
37.9382 	DATA 	Sampled Response: 1, Outcome Shown: +8
37.9383 	DATA 	** broke sampling loop (<.5s left in trial) **
37.9396 	DATA 	samplingCount: 18
37.9396 	DATA 	Think Onset
37.9410 	EXP 	unnamed Rect: lineColor = 'white (named)'
37.9410 	EXP 	unnamed Rect: lineColor = 'white (named)'
38.0571 	DATA 	Keypress: 2
40.9458 	DATA 	Decide Onset
42.7682 	DATA 	Keypress: 2
42.7683 	DATA 	Decision Button Press: ['2']
42.7684 	DATA 	Decision Response: 1
42.7698 	EXP 	unnamed Rect: lineColor = 'red (named)'
43.2759 	DATA 	ITI Onset
43.2769 	EXP 	unnamed Rect: lineColor = 'white (named)'
43.2769 	EXP 	unnamed Rect: lineColor = 'white (named)'
43.2769 	EXP 	unnamed TextStim: text = '+8'
43.2769 	EXP 	unnamed TextStim: text = '0'
44.8722 	DATA 	Trial End Time - totalITI: 1.59309058863
44.8724 	EXP 	New trial (rep=0, index=1): {'P1_1': '0.1', 'P1_2': '1', 'SafeOption': '2', 'P2_2': '0', 'O2_2': '0', 'O2_1': '-5', 'ProbNumber': 'MD5', 'O1_2': '-4', 'O1_1': '25', 'EV2': '-4', 'EV1': '-2', 'ProbType': 'MD', 'P2_1': '0.9'}
44.8726 	DATA 	Trial Onset - ProblemType: MD, ProblemNumber: MD5, leftRight: 1, samplingDur: 16, assignedITI: 5.4629
44.8726 	DATA 	Sampling Onset
45.6427 	DATA 	Keypress: 1
45.6517 	EXP 	unnamed TextStim: text = '-4'
46.1513 	DATA 	Sampled Response: 2, Outcome Shown: -5
46.1515 	DATA 	Keypress: 1
46.1701 	DATA 	Keypress: 1
46.1734 	EXP 	unnamed TextStim: text = '-4'
46.6733 	DATA 	Sampled Response: 2, Outcome Shown: -5
46.6735 	DATA 	Keypress: 1
46.8801 	DATA 	Keypress: 1
46.8860 	EXP 	unnamed TextStim: text = '-4'
47.3853 	DATA 	Sampled Response: 2, Outcome Shown: -5
47.3856 	DATA 	Keypress: 1
47.4568 	DATA 	Keypress: 1
47.4602 	EXP 	unnamed TextStim: text = '-4'
47.9604 	DATA 	Sampled Response: 2, Outcome Shown: -5
47.9606 	DATA 	Keypress: 1
48.4892 	DATA 	Keypress: 1
48.4952 	EXP 	unnamed TextStim: text = '-4'
48.9944 	DATA 	Sampled Response: 2, Outcome Shown: -5
48.9946 	DATA 	Keypress: 1
49.2247 	DATA 	Keypress: 1
49.2332 	EXP 	unnamed TextStim: text = '-4'
49.7324 	DATA 	Sampled Response: 2, Outcome Shown: -5
49.7326 	DATA 	Keypress: 1
49.7937 	DATA 	Keypress: 1
49.8000 	EXP 	unnamed TextStim: text = '-4'
50.2994 	DATA 	Sampled Response: 2, Outcome Shown: -5
50.2996 	DATA 	Keypress: 1
50.2998 	DATA 	Keypress: 1
50.6174 	DATA 	Keypress: 2
50.6253 	EXP 	unnamed TextStim: text = '-5'
51.1255 	DATA 	Sampled Response: 1, Outcome Shown: -4
51.1257 	DATA 	Keypress: 2
51.1258 	DATA 	Keypress: 2
51.3521 	DATA 	Keypress: 2
51.3582 	EXP 	unnamed TextStim: text = '+25'
51.8575 	DATA 	Sampled Response: 1, Outcome Shown: -4
51.8577 	DATA 	Keypress: 2
51.8964 	DATA 	Keypress: 2
51.9023 	EXP 	unnamed TextStim: text = '-5'
52.4025 	DATA 	Sampled Response: 1, Outcome Shown: -4
52.4027 	DATA 	Keypress: 2
52.5216 	DATA 	Keypress: 2
52.5278 	EXP 	unnamed TextStim: text = '-5'
53.0275 	DATA 	Sampled Response: 1, Outcome Shown: -4
53.0277 	DATA 	Keypress: 2
53.1770 	DATA 	Keypress: 2
53.1803 	EXP 	unnamed TextStim: text = '-5'
53.6795 	DATA 	Sampled Response: 1, Outcome Shown: -4
53.6797 	DATA 	Keypress: 2
53.8088 	DATA 	Keypress: 2
53.8121 	EXP 	unnamed TextStim: text = '-5'
54.3115 	DATA 	Sampled Response: 1, Outcome Shown: -4
54.3117 	DATA 	Keypress: 2
54.4095 	DATA 	Keypress: 2
54.4128 	EXP 	unnamed TextStim: text = '-5'
54.9125 	DATA 	Sampled Response: 1, Outcome Shown: -4
54.9127 	DATA 	Keypress: 2
55.1127 	DATA 	Keypress: 2
55.1186 	EXP 	unnamed TextStim: text = '-5'
55.6185 	DATA 	Sampled Response: 1, Outcome Shown: -4
55.6188 	DATA 	Keypress: 2
55.7439 	DATA 	Keypress: 2
55.7499 	EXP 	unnamed TextStim: text = '-5'
56.2496 	DATA 	Sampled Response: 1, Outcome Shown: -4
56.2498 	DATA 	Keypress: 2
56.5123 	DATA 	Keypress: 1
56.5179 	EXP 	unnamed TextStim: text = '-4'
57.0176 	DATA 	Sampled Response: 2, Outcome Shown: -5
57.0178 	DATA 	Keypress: 1
57.0500 	DATA 	Keypress: 1
57.0533 	EXP 	unnamed TextStim: text = '-4'
57.5526 	DATA 	Sampled Response: 2, Outcome Shown: -5
57.5528 	DATA 	Keypress: 2
57.6580 	DATA 	Keypress: 2
57.6614 	EXP 	unnamed TextStim: text = '-5'
58.1615 	DATA 	Sampled Response: 1, Outcome Shown: -4
58.1619 	DATA 	Keypress: 2
58.2401 	DATA 	Keypress: 2
58.2463 	EXP 	unnamed TextStim: text = '+25'
58.7456 	DATA 	Sampled Response: 1, Outcome Shown: -4
58.8881 	DATA 	Keypress: 2
58.8934 	EXP 	unnamed TextStim: text = '-5'
59.3926 	DATA 	Sampled Response: 1, Outcome Shown: -4
59.6183 	DATA 	Keypress: 2
59.6217 	EXP 	unnamed TextStim: text = '-5'
60.1216 	DATA 	Sampled Response: 1, Outcome Shown: -4
60.1219 	DATA 	Keypress: 2
60.3690 	DATA 	Keypress: 2
60.3723 	EXP 	unnamed TextStim: text = '-5'
60.8716 	DATA 	Sampled Response: 1, Outcome Shown: -4
60.8719 	DATA 	Keypress: 2
60.8719 	DATA 	** broke sampling loop (<.5s left in trial) **
60.8728 	DATA 	samplingCount: 23
60.8728 	DATA 	Think Onset
60.8740 	EXP 	unnamed Rect: lineColor = 'white (named)'
60.8740 	EXP 	unnamed Rect: lineColor = 'white (named)'
63.8788 	DATA 	Decide Onset
65.8860 	DATA 	ITI Onset
65.8869 	EXP 	unnamed Rect: lineColor = 'white (named)'
65.8869 	EXP 	unnamed Rect: lineColor = 'white (named)'
65.8869 	EXP 	unnamed TextStim: text = '-4'
65.8869 	EXP 	unnamed TextStim: text = '-5'
65.9001 	DATA 	Keypress: 2
71.3519 	DATA 	Trial End Time - totalITI: 5.46331922359
71.3521 	EXP 	New trial (rep=0, index=2): {'P1_1': '0.4', 'P1_2': '1', 'SafeOption': '2', 'P2_2': '0', 'O2_2': '0', 'O2_1': '-20', 'ProbNumber': 'MD4', 'O1_2': '-4', 'O1_1': '15', 'EV2': '-4', 'EV1': '-6', 'ProbType': 'MD', 'P2_1': '0.6'}
71.3523 	DATA 	Trial Onset - ProblemType: MD, ProblemNumber: MD4, leftRight: 0, samplingDur: 19, assignedITI: 2.2012
71.3523 	DATA 	Sampling Onset
72.3442 	DATA 	Keypress: 1
72.3553 	EXP 	unnamed TextStim: text = '-20'
72.8549 	DATA 	Sampled Response: 1, Outcome Shown: -20
72.8551 	DATA 	Keypress: 1
72.9036 	DATA 	Keypress: 1
72.9068 	EXP 	unnamed TextStim: text = '-20'
73.4069 	DATA 	Sampled Response: 1, Outcome Shown: -20
73.4071 	DATA 	Keypress: 1
73.5276 	DATA 	Keypress: 1
73.5417 	EXP 	unnamed TextStim: text = '+15'
74.0409 	DATA 	Sampled Response: 1, Outcome Shown: +15
74.0412 	DATA 	Keypress: 1
74.0668 	DATA 	Keypress: 1
74.0726 	EXP 	unnamed TextStim: text = '-20'
74.5719 	DATA 	Sampled Response: 1, Outcome Shown: -20
74.5722 	DATA 	Keypress: 1
74.6252 	DATA 	Keypress: 1
74.6287 	EXP 	unnamed TextStim: text = '-20'
75.1279 	DATA 	Sampled Response: 1, Outcome Shown: -20
75.1281 	DATA 	Keypress: 2
75.3429 	DATA 	Keypress: 2
75.3514 	EXP 	unnamed TextStim: text = '-4'
75.8510 	DATA 	Sampled Response: 2, Outcome Shown: -4
75.8512 	DATA 	Keypress: 2
75.8868 	DATA 	Keypress: 2
75.8928 	EXP 	unnamed TextStim: text = '-4'
76.3930 	DATA 	Sampled Response: 2, Outcome Shown: -4
76.3932 	DATA 	Keypress: 2
76.4957 	DATA 	Keypress: 2
76.5015 	EXP 	unnamed TextStim: text = '-4'
77.0010 	DATA 	Sampled Response: 2, Outcome Shown: -4
77.0012 	DATA 	Keypress: 2
77.0410 	DATA 	Keypress: 2
77.0444 	EXP 	unnamed TextStim: text = '-4'
77.5440 	DATA 	Sampled Response: 2, Outcome Shown: -4
77.5442 	DATA 	Keypress: 2
77.6558 	DATA 	Keypress: 2
77.6591 	EXP 	unnamed TextStim: text = '-4'
78.1590 	DATA 	Sampled Response: 2, Outcome Shown: -4
78.1592 	DATA 	Keypress: 2
78.1754 	DATA 	Keypress: 2
78.1837 	EXP 	unnamed TextStim: text = '-4'
78.6830 	DATA 	Sampled Response: 2, Outcome Shown: -4
78.6832 	DATA 	Keypress: 2
78.6834 	DATA 	Keypress: 2
78.9045 	DATA 	Keypress: 1
78.9078 	EXP 	unnamed TextStim: text = '-20'
79.4070 	DATA 	Sampled Response: 1, Outcome Shown: -20
79.4073 	DATA 	Keypress: 1
79.4074 	DATA 	Keypress: 1
79.6341 	DATA 	Keypress: 1
79.6404 	EXP 	unnamed TextStim: text = '+15'
80.1401 	DATA 	Sampled Response: 1, Outcome Shown: +15
80.1403 	DATA 	Keypress: 1
80.1404 	DATA 	Keypress: 1
80.5594 	DATA 	Keypress: 1
80.5678 	EXP 	unnamed TextStim: text = '+15'
81.0671 	DATA 	Sampled Response: 1, Outcome Shown: +15
81.0673 	DATA 	Keypress: 1
81.1745 	DATA 	Keypress: 1
81.1828 	EXP 	unnamed TextStim: text = '-20'
81.6821 	DATA 	Sampled Response: 1, Outcome Shown: -20
81.6823 	DATA 	Keypress: 1
82.0161 	DATA 	Keypress: 2
82.0194 	EXP 	unnamed TextStim: text = '-4'
82.5191 	DATA 	Sampled Response: 2, Outcome Shown: -4
82.5193 	DATA 	Keypress: 2
82.6388 	DATA 	Keypress: 2
82.6448 	EXP 	unnamed TextStim: text = '-4'
83.1441 	DATA 	Sampled Response: 2, Outcome Shown: -4
83.1443 	DATA 	Keypress: 2
83.1445 	DATA 	Keypress: 2
83.3669 	DATA 	Keypress: 2
83.3703 	EXP 	unnamed TextStim: text = '-4'
83.8701 	DATA 	Sampled Response: 2, Outcome Shown: -4
83.8704 	DATA 	Keypress: 2
84.0232 	DATA 	Keypress: 1
84.0320 	EXP 	unnamed TextStim: text = '+15'
84.5312 	DATA 	Sampled Response: 1, Outcome Shown: +15
84.5314 	DATA 	Keypress: 1
84.5433 	DATA 	Keypress: 1
84.5492 	EXP 	unnamed TextStim: text = '-20'
85.0492 	DATA 	Sampled Response: 1, Outcome Shown: -20
85.0494 	DATA 	Keypress: 1
85.1154 	DATA 	Keypress: 1
85.1188 	EXP 	unnamed TextStim: text = '-20'
85.6182 	DATA 	Sampled Response: 1, Outcome Shown: -20
85.6184 	DATA 	Keypress: 1
85.7443 	DATA 	Keypress: 1
85.7499 	EXP 	unnamed TextStim: text = '-20'
86.2492 	DATA 	Sampled Response: 1, Outcome Shown: -20
86.2494 	DATA 	Keypress: 1
86.4560 	DATA 	Keypress: 1
86.4594 	EXP 	unnamed TextStim: text = '-20'
86.9592 	DATA 	Sampled Response: 1, Outcome Shown: -20
86.9594 	DATA 	Keypress: 1
87.3151 	DATA 	Keypress: 1
87.3212 	EXP 	unnamed TextStim: text = '+15'
87.8212 	DATA 	Sampled Response: 1, Outcome Shown: +15
87.8214 	DATA 	Keypress: 1
89.8535 	DATA 	** broke sampling loop (<.5s left in trial) **
89.8545 	DATA 	samplingCount: 24
89.8545 	DATA 	Think Onset
89.8569 	EXP 	unnamed Rect: lineColor = 'white (named)'
89.8569 	EXP 	unnamed Rect: lineColor = 'white (named)'
92.8606 	DATA 	Decide Onset
94.8683 	DATA 	ITI Onset
94.8691 	EXP 	unnamed Rect: lineColor = 'white (named)'
94.8691 	EXP 	unnamed Rect: lineColor = 'white (named)'
94.8691 	EXP 	unnamed TextStim: text = '+15'
94.8691 	EXP 	unnamed TextStim: text = '-4'
95.0063 	DATA 	Keypress: 2
97.5702 	DATA 	Trial End Time - totalITI: 2.69971499067
97.5705 	EXP 	New trial (rep=0, index=3): {'P1_1': '0.8', 'P1_2': '0.3', 'SafeOption': '1', 'P2_2': '0.7', 'O2_2': '40', 'O2_1': '33', 'ProbNumber': 'RR12', 'O1_2': '-25', 'O1_1': '18', 'EV2': '20.5', 'EV1': '21', 'ProbType': 'RR', 'P2_1': '0.2'}
97.5707 	DATA 	Trial Onset - ProblemType: RR, ProblemNumber: RR12, leftRight: 0, samplingDur: 15, assignedITI: 5.4629
97.5707 	DATA 	Sampling Onset
98.8981 	DATA 	Keypress: 1
98.9142 	EXP 	unnamed TextStim: text = '+33'
99.4135 	DATA 	Sampled Response: 1, Outcome Shown: +33
99.4137 	DATA 	Keypress: 1
99.4138 	DATA 	Keypress: 1
99.7025 	DATA 	Keypress: 1
99.7084 	EXP 	unnamed TextStim: text = '+18'
100.2085 	DATA 	Sampled Response: 1, Outcome Shown: +18
100.2087 	DATA 	Keypress: 1
100.3044 	DATA 	Keypress: 1
100.3077 	EXP 	unnamed TextStim: text = '+18'
100.8075 	DATA 	Sampled Response: 1, Outcome Shown: +18
100.8077 	DATA 	Keypress: 1
100.8863 	DATA 	Keypress: 1
100.8896 	EXP 	unnamed TextStim: text = '+18'
101.3895 	DATA 	Sampled Response: 1, Outcome Shown: +18
101.3897 	DATA 	Keypress: 1
101.5110 	DATA 	Keypress: 1
101.5169 	EXP 	unnamed TextStim: text = '+18'
102.0165 	DATA 	Sampled Response: 1, Outcome Shown: +18
102.0167 	DATA 	Keypress: 1
102.1595 	DATA 	Keypress: 1
102.1653 	EXP 	unnamed TextStim: text = '+18'
102.6645 	DATA 	Sampled Response: 1, Outcome Shown: +18
102.6648 	DATA 	Keypress: 1
102.6778 	DATA 	Keypress: 1
102.6860 	EXP 	unnamed TextStim: text = '+18'
103.1855 	DATA 	Sampled Response: 1, Outcome Shown: +18
103.1857 	DATA 	Keypress: 1
103.1859 	DATA 	Keypress: 1
103.3996 	DATA 	Keypress: 1
103.4028 	EXP 	unnamed TextStim: text = '+18'
103.9026 	DATA 	Sampled Response: 1, Outcome Shown: +18
103.9028 	DATA 	Keypress: 1
103.9029 	DATA 	Keypress: 1
103.9917 	DATA 	Keypress: 1
103.9976 	EXP 	unnamed TextStim: text = '+18'
104.4975 	DATA 	Sampled Response: 1, Outcome Shown: +18
104.4977 	DATA 	Keypress: 2
104.4979 	DATA 	Keypress: 2
104.6648 	DATA 	Keypress: 2
104.6710 	EXP 	unnamed TextStim: text = '+40'
105.1706 	DATA 	Sampled Response: 2, Outcome Shown: +40
105.1708 	DATA 	Keypress: 2
105.1709 	DATA 	Keypress: 2
105.2864 	DATA 	Keypress: 2
105.2897 	EXP 	unnamed TextStim: text = '+40'
105.7895 	DATA 	Sampled Response: 2, Outcome Shown: +40
105.7897 	DATA 	Keypress: 2
105.8552 	DATA 	Keypress: 2
105.8586 	EXP 	unnamed TextStim: text = '+40'
106.3586 	DATA 	Sampled Response: 2, Outcome Shown: +40
106.3588 	DATA 	Keypress: 2
106.3590 	DATA 	Keypress: 2
106.5500 	DATA 	Keypress: 2
106.5561 	EXP 	unnamed TextStim: text = '+40'
107.0556 	DATA 	Sampled Response: 2, Outcome Shown: +40
107.0558 	DATA 	Keypress: 2
107.0560 	DATA 	Keypress: 2
107.2219 	DATA 	Keypress: 2
107.2252 	EXP 	unnamed TextStim: text = '+40'
107.7246 	DATA 	Sampled Response: 2, Outcome Shown: +40
107.7249 	DATA 	Keypress: 2
107.7841 	DATA 	Keypress: 2
107.7876 	EXP 	unnamed TextStim: text = '+40'
108.2876 	DATA 	Sampled Response: 2, Outcome Shown: +40
108.2878 	DATA 	Keypress: 2
108.4062 	DATA 	Keypress: 2
108.4096 	EXP 	unnamed TextStim: text = '+40'
108.9096 	DATA 	Sampled Response: 2, Outcome Shown: +40
108.9099 	DATA 	Keypress: 2
108.9586 	DATA 	Keypress: 2
108.9645 	EXP 	unnamed TextStim: text = '+40'
109.4647 	DATA 	Sampled Response: 2, Outcome Shown: +40
109.4649 	DATA 	Keypress: 1
109.6011 	DATA 	Keypress: 1
109.6045 	EXP 	unnamed TextStim: text = '+18'
110.1037 	DATA 	Sampled Response: 1, Outcome Shown: +18
110.1039 	DATA 	Keypress: 1
110.1041 	DATA 	Keypress: 1
110.3435 	DATA 	Keypress: 1
110.3493 	EXP 	unnamed TextStim: text = '+18'
110.8487 	DATA 	Sampled Response: 1, Outcome Shown: +18
110.8489 	DATA 	Keypress: 1
110.8491 	DATA 	Keypress: 1
111.0392 	DATA 	Keypress: 1
111.0463 	EXP 	unnamed TextStim: text = '+33'
111.5457 	DATA 	Sampled Response: 1, Outcome Shown: +33
111.5460 	DATA 	Keypress: 1
111.6341 	DATA 	Keypress: 2
111.6373 	EXP 	unnamed TextStim: text = '+40'
112.1367 	DATA 	Sampled Response: 2, Outcome Shown: +40
112.1369 	DATA 	Keypress: 2
112.1370 	DATA 	** broke sampling loop (<.5s left in trial) **
112.1381 	DATA 	samplingCount: 21
112.1381 	DATA 	Think Onset
112.1393 	EXP 	unnamed Rect: lineColor = 'white (named)'
112.1393 	EXP 	unnamed Rect: lineColor = 'white (named)'
112.1419 	DATA 	Keypress: 2
112.3755 	DATA 	Keypress: 2
115.1424 	DATA 	Decide Onset
115.7650 	DATA 	Keypress: 2
115.7651 	DATA 	Decision Button Press: ['2']
115.7652 	DATA 	Decision Response: 2
115.7666 	EXP 	unnamed Rect: lineColor = 'red (named)'
116.2746 	DATA 	ITI Onset
116.2756 	EXP 	unnamed Rect: lineColor = 'white (named)'
116.2756 	EXP 	unnamed Rect: lineColor = 'white (named)'
116.2756 	EXP 	unnamed TextStim: text = '+33'
116.2756 	EXP 	unnamed TextStim: text = '+40'
123.2490 	DATA 	Trial End Time - totalITI: 6.97346536714
123.2492 	EXP 	New trial (rep=0, index=4): {'P1_1': '0.2', 'P1_2': '1', 'SafeOption': '2', 'P2_2': '0', 'O2_2': '0', 'O2_1': '-7', 'ProbNumber': 'MD6', 'O1_2': '-2', 'O1_1': '24', 'EV2': '-2', 'EV1': '-0.8', 'ProbType': 'MD', 'P2_1': '0.8'}
123.2494 	DATA 	Trial Onset - ProblemType: MD, ProblemNumber: MD6, leftRight: 0, samplingDur: 18, assignedITI: 2.274
123.2494 	DATA 	Sampling Onset
123.9890 	DATA 	Keypress: 1
123.9955 	EXP 	unnamed TextStim: text = '+24'
124.4950 	DATA 	Sampled Response: 1, Outcome Shown: +24
124.4952 	DATA 	Keypress: 1
124.4954 	DATA 	Keypress: 1
124.7666 	DATA 	Keypress: 1
124.7700 	EXP 	unnamed TextStim: text = '+24'
125.2700 	DATA 	Sampled Response: 1, Outcome Shown: +24
125.2702 	DATA 	Keypress: 1
125.2851 	DATA 	Keypress: 1
125.2951 	EXP 	unnamed TextStim: text = '-7'
125.7950 	DATA 	Sampled Response: 1, Outcome Shown: -7
125.7953 	DATA 	Keypress: 1
125.7954 	DATA 	Keypress: 1
126.0494 	DATA 	Keypress: 1
126.0554 	EXP 	unnamed TextStim: text = '+24'
126.5551 	DATA 	Sampled Response: 1, Outcome Shown: +24
126.5553 	DATA 	Keypress: 1
126.5554 	DATA 	Keypress: 1
126.7982 	DATA 	Keypress: 1
126.8044 	EXP 	unnamed TextStim: text = '-7'
127.3041 	DATA 	Sampled Response: 1, Outcome Shown: -7
127.3043 	DATA 	Keypress: 2
127.3339 	DATA 	Keypress: 2
127.3391 	EXP 	unnamed TextStim: text = '-2'
127.8391 	DATA 	Sampled Response: 2, Outcome Shown: -2
127.8393 	DATA 	Keypress: 2
127.8394 	DATA 	Keypress: 2
127.9974 	DATA 	Keypress: 2
128.0007 	EXP 	unnamed TextStim: text = '-2'
128.5001 	DATA 	Sampled Response: 2, Outcome Shown: -2
128.5003 	DATA 	Keypress: 2
128.5255 	DATA 	Keypress: 2
128.5313 	EXP 	unnamed TextStim: text = '-2'
129.0311 	DATA 	Sampled Response: 2, Outcome Shown: -2
129.0313 	DATA 	Keypress: 2
129.0315 	DATA 	Keypress: 2
129.2493 	DATA 	Keypress: 2
129.2526 	EXP 	unnamed TextStim: text = '-2'
129.7521 	DATA 	Sampled Response: 2, Outcome Shown: -2
129.7523 	DATA 	Keypress: 2
129.7525 	DATA 	Keypress: 2
129.9651 	DATA 	Keypress: 2
129.9684 	EXP 	unnamed TextStim: text = '-2'
130.4681 	DATA 	Sampled Response: 2, Outcome Shown: -2
130.4683 	DATA 	Keypress: 2
130.4685 	DATA 	Keypress: 2
130.7417 	DATA 	Keypress: 2
130.7500 	EXP 	unnamed TextStim: text = '-2'
131.2502 	DATA 	Sampled Response: 2, Outcome Shown: -2
131.2504 	DATA 	Keypress: 2
131.2653 	DATA 	Keypress: 2
131.2687 	EXP 	unnamed TextStim: text = '-2'
131.7681 	DATA 	Sampled Response: 2, Outcome Shown: -2
131.7683 	DATA 	Keypress: 2
131.8145 	DATA 	Keypress: 2
131.8180 	EXP 	unnamed TextStim: text = '-2'
132.3182 	DATA 	Sampled Response: 2, Outcome Shown: -2
132.3184 	DATA 	Keypress: 2
132.3658 	DATA 	Keypress: 1
132.3719 	EXP 	unnamed TextStim: text = '+24'
132.8712 	DATA 	Sampled Response: 1, Outcome Shown: +24
132.8714 	DATA 	Keypress: 1
132.8715 	DATA 	Keypress: 1
133.0610 	DATA 	Keypress: 1
133.0731 	EXP 	unnamed TextStim: text = '-7'
133.5732 	DATA 	Sampled Response: 1, Outcome Shown: -7
133.5734 	DATA 	Keypress: 1
133.5736 	DATA 	Keypress: 1
133.7167 	DATA 	Keypress: 1
133.7199 	EXP 	unnamed TextStim: text = '-7'
134.2192 	DATA 	Sampled Response: 1, Outcome Shown: -7
134.2194 	DATA 	Keypress: 1
134.2206 	DATA 	Keypress: 1
134.2229 	EXP 	unnamed TextStim: text = '-7'
134.7222 	DATA 	Sampled Response: 1, Outcome Shown: -7
134.7224 	DATA 	Keypress: 1
134.7226 	DATA 	Keypress: 1
134.9018 	DATA 	Keypress: 1
134.9051 	EXP 	unnamed TextStim: text = '-7'
135.4052 	DATA 	Sampled Response: 1, Outcome Shown: -7
135.4055 	DATA 	Keypress: 1
135.4541 	DATA 	Keypress: 1
135.4603 	EXP 	unnamed TextStim: text = '+24'
135.9602 	DATA 	Sampled Response: 1, Outcome Shown: +24
135.9605 	DATA 	Keypress: 1
136.0227 	DATA 	Keypress: 1
136.0292 	EXP 	unnamed TextStim: text = '-7'
136.5293 	DATA 	Sampled Response: 1, Outcome Shown: -7
136.5295 	DATA 	Keypress: 2
136.7658 	DATA 	Keypress: 2
136.7691 	EXP 	unnamed TextStim: text = '-2'
137.2693 	DATA 	Sampled Response: 2, Outcome Shown: -2
137.2695 	DATA 	Keypress: 2
137.2697 	DATA 	Keypress: 2
137.5980 	DATA 	Keypress: 2
137.6014 	EXP 	unnamed TextStim: text = '-2'
138.1014 	DATA 	Sampled Response: 2, Outcome Shown: -2
138.1016 	DATA 	Keypress: 2
138.2703 	DATA 	Keypress: 2
138.2736 	EXP 	unnamed TextStim: text = '-2'
138.7733 	DATA 	Sampled Response: 2, Outcome Shown: -2
138.7735 	DATA 	Keypress: 2
138.8362 	DATA 	Keypress: 2
138.8423 	EXP 	unnamed TextStim: text = '-2'
139.3423 	DATA 	Sampled Response: 2, Outcome Shown: -2
139.3425 	DATA 	Keypress: 2
139.4479 	DATA 	Keypress: 2
139.4513 	EXP 	unnamed TextStim: text = '-2'
139.9513 	DATA 	Sampled Response: 2, Outcome Shown: -2
139.9515 	DATA 	Keypress: 1
140.1671 	DATA 	Keypress: 1
140.1701 	EXP 	unnamed TextStim: text = '-7'
140.6693 	DATA 	Sampled Response: 1, Outcome Shown: -7
140.6695 	DATA 	Keypress: 1
140.7509 	DATA 	** broke sampling loop (<.5s left in trial) **
140.7519 	DATA 	samplingCount: 26
140.7519 	DATA 	Think Onset
140.7544 	EXP 	unnamed Rect: lineColor = 'white (named)'
140.7544 	EXP 	unnamed Rect: lineColor = 'white (named)'
140.7816 	DATA 	Keypress: 1
143.7576 	DATA 	Decide Onset
144.6358 	DATA 	Keypress: 1
144.6359 	DATA 	Decision Button Press: ['1']
144.6359 	DATA 	Decision Response: 1
144.6373 	EXP 	unnamed Rect: lineColor = 'red (named)'
145.1442 	DATA 	ITI Onset
145.1452 	EXP 	unnamed Rect: lineColor = 'white (named)'
145.1452 	EXP 	unnamed Rect: lineColor = 'white (named)'
145.1452 	EXP 	unnamed TextStim: text = '-7'
145.1452 	EXP 	unnamed TextStim: text = '-2'
148.7417 	DATA 	Trial End Time - totalITI: 3.59386280067
148.7419 	EXP 	New trial (rep=0, index=5): {'P1_1': '0.7', 'P1_2': '1', 'SafeOption': '2', 'P2_2': '0', 'O2_2': '0', 'O2_1': '0', 'ProbNumber': 'SD5', 'O1_2': '-8', 'O1_1': '-10', 'EV2': '-8', 'EV1': '-7', 'ProbType': 'SD', 'P2_1': '0.3'}
148.7421 	DATA 	Trial Onset - ProblemType: SD, ProblemNumber: SD5, leftRight: 0, samplingDur: 18, assignedITI: 1.8631
148.7421 	DATA 	Sampling Onset
149.7479 	DATA 	Keypress: 2
149.7542 	EXP 	unnamed TextStim: text = '-8'
150.2536 	DATA 	Sampled Response: 2, Outcome Shown: -8
150.2538 	DATA 	Keypress: 2
150.4206 	DATA 	Keypress: 2
150.4239 	EXP 	unnamed TextStim: text = '-8'
150.9236 	DATA 	Sampled Response: 2, Outcome Shown: -8
150.9238 	DATA 	Keypress: 2
150.9891 	DATA 	Keypress: 2
150.9924 	EXP 	unnamed TextStim: text = '-8'
151.4916 	DATA 	Sampled Response: 2, Outcome Shown: -8
151.4918 	DATA 	Keypress: 2
151.5003 	DATA 	Keypress: 2
151.5035 	EXP 	unnamed TextStim: text = '-8'
152.0036 	DATA 	Sampled Response: 2, Outcome Shown: -8
152.0039 	DATA 	Keypress: 2
152.0522 	DATA 	Keypress: 2
152.0556 	EXP 	unnamed TextStim: text = '-8'
152.5556 	DATA 	Sampled Response: 2, Outcome Shown: -8
152.5558 	DATA 	Keypress: 1
152.7078 	DATA 	Keypress: 1
152.7189 	EXP 	unnamed TextStim: text = '-10'
153.2186 	DATA 	Sampled Response: 1, Outcome Shown: -10
153.2189 	DATA 	Keypress: 1
153.2190 	DATA 	Keypress: 1
153.4919 	DATA 	Keypress: 1
153.4978 	EXP 	unnamed TextStim: text = '-10'
153.9976 	DATA 	Sampled Response: 1, Outcome Shown: -10
153.9979 	DATA 	Keypress: 1
154.0686 	DATA 	Keypress: 1
154.0720 	EXP 	unnamed TextStim: text = '-10'
154.5716 	DATA 	Sampled Response: 1, Outcome Shown: -10
154.5719 	DATA 	Keypress: 1
154.6362 	DATA 	Keypress: 1
154.6424 	EXP 	unnamed TextStim: text = '-10'
155.1416 	DATA 	Sampled Response: 1, Outcome Shown: -10
155.1418 	DATA 	Keypress: 1
155.2292 	DATA 	Keypress: 1
155.2326 	EXP 	unnamed TextStim: text = '-10'
155.7326 	DATA 	Sampled Response: 1, Outcome Shown: -10
155.7329 	DATA 	Keypress: 1
155.8435 	DATA 	Keypress: 1
155.8520 	EXP 	unnamed TextStim: text = '-10'
156.3517 	DATA 	Sampled Response: 1, Outcome Shown: -10
156.3519 	DATA 	Keypress: 1
156.4129 	DATA 	Keypress: 1
156.4178 	EXP 	unnamed TextStim: text = '0'
156.9177 	DATA 	Sampled Response: 1, Outcome Shown: 0
156.9728 	DATA 	Keypress: 1
156.9788 	EXP 	unnamed TextStim: text = '-10'
157.4787 	DATA 	Sampled Response: 1, Outcome Shown: -10
157.5578 	DATA 	Keypress: 1
157.5636 	EXP 	unnamed TextStim: text = '-10'
158.0637 	DATA 	Sampled Response: 1, Outcome Shown: -10
158.2199 	DATA 	Keypress: 2
158.2232 	EXP 	unnamed TextStim: text = '-8'
158.7227 	DATA 	Sampled Response: 2, Outcome Shown: -8
158.7229 	DATA 	Keypress: 2
158.8754 	DATA 	Keypress: 2
158.8813 	EXP 	unnamed TextStim: text = '-8'
159.3807 	DATA 	Sampled Response: 2, Outcome Shown: -8
159.3810 	DATA 	Keypress: 2
159.5657 	DATA 	Keypress: 2
159.5690 	EXP 	unnamed TextStim: text = '-8'
160.0687 	DATA 	Sampled Response: 2, Outcome Shown: -8
160.0690 	DATA 	Keypress: 2
160.6698 	DATA 	Keypress: 2
160.6731 	EXP 	unnamed TextStim: text = '-8'
161.1728 	DATA 	Sampled Response: 2, Outcome Shown: -8
161.1981 	DATA 	Keypress: 2
161.2014 	EXP 	unnamed TextStim: text = '-8'
161.7008 	DATA 	Sampled Response: 2, Outcome Shown: -8
161.7884 	DATA 	Keypress: 2
161.7918 	EXP 	unnamed TextStim: text = '-8'
162.2918 	DATA 	Sampled Response: 2, Outcome Shown: -8
162.3243 	DATA 	Keypress: 2
162.3299 	EXP 	unnamed TextStim: text = '-8'
162.8298 	DATA 	Sampled Response: 2, Outcome Shown: -8
162.8301 	DATA 	Keypress: 2
163.2313 	DATA 	Keypress: 1
163.2347 	EXP 	unnamed TextStim: text = '-10'
163.7349 	DATA 	Sampled Response: 1, Outcome Shown: -10
163.7351 	DATA 	Keypress: 1
163.8634 	DATA 	Keypress: 1
163.8667 	EXP 	unnamed TextStim: text = '-10'
164.3669 	DATA 	Sampled Response: 1, Outcome Shown: -10
164.3671 	DATA 	Keypress: 1
164.3672 	DATA 	Keypress: 1
164.5719 	DATA 	Keypress: 1
164.5752 	EXP 	unnamed TextStim: text = '-10'
165.0748 	DATA 	Sampled Response: 1, Outcome Shown: -10
165.0751 	DATA 	Keypress: 1
165.2912 	DATA 	Keypress: 1
165.2971 	EXP 	unnamed TextStim: text = '-10'
165.7969 	DATA 	Sampled Response: 1, Outcome Shown: -10
165.7971 	DATA 	Keypress: 1
165.8353 	DATA 	Keypress: 1
165.8386 	EXP 	unnamed TextStim: text = '-10'
166.3379 	DATA 	Sampled Response: 1, Outcome Shown: -10
166.3381 	DATA 	Keypress: 1
166.3382 	DATA 	** broke sampling loop (<.5s left in trial) **
166.3392 	DATA 	samplingCount: 26
166.3392 	DATA 	Think Onset
166.3409 	EXP 	unnamed Rect: lineColor = 'white (named)'
166.3409 	EXP 	unnamed Rect: lineColor = 'white (named)'
166.4849 	DATA 	Keypress: 1
169.3465 	DATA 	Decide Onset
169.6907 	DATA 	Keypress: 2
169.6908 	DATA 	Decision Button Press: ['2']
169.6908 	DATA 	Decision Response: 2
169.6922 	EXP 	unnamed Rect: lineColor = 'red (named)'
170.1997 	DATA 	ITI Onset
170.2007 	EXP 	unnamed Rect: lineColor = 'white (named)'
170.2007 	EXP 	unnamed Rect: lineColor = 'white (named)'
170.2007 	EXP 	unnamed TextStim: text = '-10'
170.2007 	EXP 	unnamed TextStim: text = '-8'
173.8254 	DATA 	Trial End Time - totalITI: 3.6224636758
173.8256 	EXP 	New trial (rep=0, index=6): {'P1_1': '0.7', 'P1_2': '0.1', 'SafeOption': '1', 'P2_2': '0.9', 'O2_2': '30', 'O2_1': '38', 'ProbNumber': 'RR11', 'O1_2': '-10', 'O1_1': '22', 'EV2': '26', 'EV1': '26.8', 'ProbType': 'RR', 'P2_1': '0.3'}
173.8257 	DATA 	Trial Onset - ProblemType: RR, ProblemNumber: RR11, leftRight: 1, samplingDur: 19, assignedITI: 2.4102
173.8257 	DATA 	Sampling Onset
174.7004 	DATA 	Keypress: 1
174.7084 	EXP 	unnamed TextStim: text = '+30'
175.2081 	DATA 	Sampled Response: 2, Outcome Shown: +22
175.2083 	DATA 	Keypress: 1
175.2908 	DATA 	Keypress: 1
175.2969 	EXP 	unnamed TextStim: text = '+30'
175.7971 	DATA 	Sampled Response: 2, Outcome Shown: +22
175.7974 	DATA 	Keypress: 1
176.0347 	DATA 	Keypress: 1
176.0435 	EXP 	unnamed TextStim: text = '-10'
176.5431 	DATA 	Sampled Response: 2, Outcome Shown: +22
176.6838 	DATA 	Keypress: 1
176.6910 	EXP 	unnamed TextStim: text = '+30'
177.1911 	DATA 	Sampled Response: 2, Outcome Shown: +38
177.1913 	DATA 	Keypress: 1
177.1915 	DATA 	Keypress: 1
177.5007 	DATA 	Keypress: 1
177.5041 	EXP 	unnamed TextStim: text = '+30'
178.0041 	DATA 	Sampled Response: 2, Outcome Shown: +22
178.0044 	DATA 	Keypress: 1
178.2210 	DATA 	Keypress: 1
178.2243 	EXP 	unnamed TextStim: text = '+30'
178.7242 	DATA 	Sampled Response: 2, Outcome Shown: +22
178.8296 	DATA 	Keypress: 2
178.8356 	EXP 	unnamed TextStim: text = '+22'
179.3352 	DATA 	Sampled Response: 1, Outcome Shown: -10
179.3354 	DATA 	Keypress: 2
179.3474 	DATA 	Keypress: 2
179.3509 	EXP 	unnamed TextStim: text = '+22'
179.8502 	DATA 	Sampled Response: 1, Outcome Shown: +30
179.8504 	DATA 	Keypress: 2
179.8506 	DATA 	Keypress: 2
180.1146 	DATA 	Keypress: 2
180.1179 	EXP 	unnamed TextStim: text = '+22'
180.6172 	DATA 	Sampled Response: 1, Outcome Shown: +30
180.6174 	DATA 	Keypress: 2
180.6619 	DATA 	Keypress: 2
180.6696 	EXP 	unnamed TextStim: text = '+38'
181.1692 	DATA 	Sampled Response: 1, Outcome Shown: +30
181.1694 	DATA 	Keypress: 2
181.2191 	DATA 	Keypress: 2
181.2276 	EXP 	unnamed TextStim: text = '+38'
181.7272 	DATA 	Sampled Response: 1, Outcome Shown: -10
181.7275 	DATA 	Keypress: 2
181.7276 	DATA 	Keypress: 2
181.9628 	DATA 	Keypress: 2
181.9691 	EXP 	unnamed TextStim: text = '+22'
182.4693 	DATA 	Sampled Response: 1, Outcome Shown: +30
182.4695 	DATA 	Keypress: 2
182.5070 	DATA 	Keypress: 2
182.5197 	EXP 	unnamed TextStim: text = '+38'
183.0192 	DATA 	Sampled Response: 1, Outcome Shown: +30
183.0195 	DATA 	Keypress: 2
183.1074 	DATA 	Keypress: 2
183.1137 	EXP 	unnamed TextStim: text = '+22'
183.6133 	DATA 	Sampled Response: 1, Outcome Shown: +30
183.6135 	DATA 	Keypress: 1
183.9230 	DATA 	Keypress: 1
183.9290 	EXP 	unnamed TextStim: text = '+30'
184.4283 	DATA 	Sampled Response: 2, Outcome Shown: +22
184.4285 	DATA 	Keypress: 1
184.4287 	DATA 	Keypress: 1
184.6631 	DATA 	Keypress: 1
184.6665 	EXP 	unnamed TextStim: text = '+30'
185.1663 	DATA 	Sampled Response: 2, Outcome Shown: +22
185.1665 	DATA 	Keypress: 1
185.2021 	DATA 	Keypress: 1
185.2106 	EXP 	unnamed TextStim: text = '+30'
185.7103 	DATA 	Sampled Response: 2, Outcome Shown: +22
185.7105 	DATA 	Keypress: 1
185.7106 	DATA 	Keypress: 1
185.9950 	DATA 	Keypress: 1
185.9983 	EXP 	unnamed TextStim: text = '+30'
186.4983 	DATA 	Sampled Response: 2, Outcome Shown: +22
186.4985 	DATA 	Keypress: 1
186.5627 	DATA 	Keypress: 1
186.5690 	EXP 	unnamed TextStim: text = '+30'
187.0683 	DATA 	Sampled Response: 2, Outcome Shown: +22
187.0685 	DATA 	Keypress: 1
187.2836 	DATA 	Keypress: 1
187.2867 	EXP 	unnamed TextStim: text = '+30'
187.7864 	DATA 	Sampled Response: 2, Outcome Shown: +22
187.7866 	DATA 	Keypress: 1
188.0127 	DATA 	Keypress: 1
188.0161 	EXP 	unnamed TextStim: text = '+30'
188.5154 	DATA 	Sampled Response: 2, Outcome Shown: +38
188.5156 	DATA 	Keypress: 1
188.8467 	DATA 	Keypress: 1
188.8500 	EXP 	unnamed TextStim: text = '+30'
189.3494 	DATA 	Sampled Response: 2, Outcome Shown: +38
189.3496 	DATA 	Keypress: 1
189.8744 	DATA 	Keypress: 2
189.8829 	EXP 	unnamed TextStim: text = '+22'
190.3824 	DATA 	Sampled Response: 1, Outcome Shown: +30
190.3827 	DATA 	Keypress: 2
190.6277 	DATA 	Keypress: 1
190.6310 	EXP 	unnamed TextStim: text = '+30'
191.1304 	DATA 	Sampled Response: 2, Outcome Shown: +22
191.1306 	DATA 	Keypress: 1
191.1541 	DATA 	Keypress: 1
191.1624 	EXP 	unnamed TextStim: text = '+30'
191.6624 	DATA 	Sampled Response: 2, Outcome Shown: +22
191.6627 	DATA 	Keypress: 1
191.6776 	DATA 	Keypress: 1
191.6809 	EXP 	unnamed TextStim: text = '+30'
192.1804 	DATA 	Sampled Response: 2, Outcome Shown: +38
192.1807 	DATA 	Keypress: 1
192.3292 	DATA 	** broke sampling loop (<.5s left in trial) **
192.3304 	DATA 	samplingCount: 26
192.3304 	DATA 	Think Onset
192.3328 	EXP 	unnamed Rect: lineColor = 'white (named)'
192.3328 	EXP 	unnamed Rect: lineColor = 'white (named)'
192.6022 	DATA 	Keypress: 2
195.3356 	DATA 	Decide Onset
197.1855 	DATA 	Keypress: 2
197.1856 	DATA 	Decision Button Press: ['2']
197.1857 	DATA 	Decision Response: 1
197.1871 	EXP 	unnamed Rect: lineColor = 'red (named)'
197.6959 	DATA 	ITI Onset
197.6969 	EXP 	unnamed Rect: lineColor = 'white (named)'
197.6969 	EXP 	unnamed Rect: lineColor = 'white (named)'
197.6969 	EXP 	unnamed TextStim: text = '+30'
197.6969 	EXP 	unnamed TextStim: text = '+22'
200.4548 	DATA 	Trial End Time - totalITI: 2.75622415569
200.4551 	EXP 	New trial (rep=0, index=7): {'P1_1': '0.6', 'P1_2': '1', 'SafeOption': '2', 'P2_2': '0', 'O2_2': '0', 'O2_1': '0', 'ProbNumber': 'SD8', 'O1_2': '7', 'O1_1': '12', 'EV2': '7', 'EV1': '7.2', 'ProbType': 'SD', 'P2_1': '0.4'}
200.4552 	DATA 	Trial Onset - ProblemType: SD, ProblemNumber: SD8, leftRight: 0, samplingDur: 16, assignedITI: 1.233
200.4552 	DATA 	Sampling Onset
201.2498 	DATA 	Keypress: 1
201.2608 	EXP 	unnamed TextStim: text = '+12'
201.7606 	DATA 	Sampled Response: 1, Outcome Shown: +12
201.7608 	DATA 	Keypress: 1
201.9463 	DATA 	Keypress: 1
201.9536 	EXP 	unnamed TextStim: text = '0'
202.4536 	DATA 	Sampled Response: 1, Outcome Shown: 0
202.4539 	DATA 	Keypress: 1
202.7394 	DATA 	Keypress: 1
202.7454 	EXP 	unnamed TextStim: text = '+12'
203.2446 	DATA 	Sampled Response: 1, Outcome Shown: +12
203.3537 	DATA 	Keypress: 1
203.3586 	EXP 	unnamed TextStim: text = '0'
203.8587 	DATA 	Sampled Response: 1, Outcome Shown: 0
203.8589 	DATA 	Keypress: 1
204.1951 	DATA 	Keypress: 1
204.1984 	EXP 	unnamed TextStim: text = '0'
204.6977 	DATA 	Sampled Response: 1, Outcome Shown: 0
204.6979 	DATA 	Keypress: 1
204.7953 	DATA 	Keypress: 1
204.7987 	EXP 	unnamed TextStim: text = '0'
205.2987 	DATA 	Sampled Response: 1, Outcome Shown: 0
205.2989 	DATA 	Keypress: 1
205.4448 	DATA 	Keypress: 1
205.4483 	EXP 	unnamed TextStim: text = '0'
205.9477 	DATA 	Sampled Response: 1, Outcome Shown: 0
205.9479 	DATA 	Keypress: 2
206.0197 	DATA 	Keypress: 2
206.0262 	EXP 	unnamed TextStim: text = '+7'
206.5257 	DATA 	Sampled Response: 2, Outcome Shown: +7
206.5260 	DATA 	Keypress: 2
206.5261 	DATA 	Keypress: 2
206.8190 	DATA 	Keypress: 2
206.8223 	EXP 	unnamed TextStim: text = '+7'
207.3218 	DATA 	Sampled Response: 2, Outcome Shown: +7
207.3220 	DATA 	Keypress: 2
207.4181 	DATA 	Keypress: 2
207.4213 	EXP 	unnamed TextStim: text = '+7'
207.9208 	DATA 	Sampled Response: 2, Outcome Shown: +7
207.9210 	DATA 	Keypress: 2
208.0663 	DATA 	Keypress: 2
208.0696 	EXP 	unnamed TextStim: text = '+7'
208.5698 	DATA 	Sampled Response: 2, Outcome Shown: +7
208.5700 	DATA 	Keypress: 2
208.7389 	DATA 	Keypress: 2
208.7448 	EXP 	unnamed TextStim: text = '+7'
209.2448 	DATA 	Sampled Response: 2, Outcome Shown: +7
209.2450 	DATA 	Keypress: 2
209.3296 	DATA 	Keypress: 2
209.3331 	EXP 	unnamed TextStim: text = '+7'
209.8328 	DATA 	Sampled Response: 2, Outcome Shown: +7
209.8330 	DATA 	Keypress: 2
209.8332 	DATA 	Keypress: 2
210.0898 	DATA 	Keypress: 2
210.0956 	EXP 	unnamed TextStim: text = '+7'
210.5948 	DATA 	Sampled Response: 2, Outcome Shown: +7
210.5951 	DATA 	Keypress: 2
210.5952 	DATA 	Keypress: 2
210.9696 	DATA 	Keypress: 1
210.9780 	EXP 	unnamed TextStim: text = '+12'
211.4778 	DATA 	Sampled Response: 1, Outcome Shown: +12
211.4780 	DATA 	Keypress: 1
211.7775 	DATA 	Keypress: 1
211.7849 	EXP 	unnamed TextStim: text = '0'
212.2848 	DATA 	Sampled Response: 1, Outcome Shown: 0
212.2850 	DATA 	Keypress: 1
212.2980 	DATA 	Keypress: 1
212.3039 	EXP 	unnamed TextStim: text = '0'
212.8039 	DATA 	Sampled Response: 1, Outcome Shown: 0
212.8041 	DATA 	Keypress: 1
213.1616 	DATA 	Keypress: 1
213.1703 	EXP 	unnamed TextStim: text = '+12'
213.6699 	DATA 	Sampled Response: 1, Outcome Shown: +12
213.6701 	DATA 	Keypress: 1
213.9385 	DATA 	Keypress: 1
213.9443 	EXP 	unnamed TextStim: text = '+12'
214.4439 	DATA 	Sampled Response: 1, Outcome Shown: +12
214.6334 	DATA 	Keypress: 1
214.6394 	EXP 	unnamed TextStim: text = '+12'
215.1389 	DATA 	Sampled Response: 1, Outcome Shown: +12
215.1391 	DATA 	Keypress: 1
215.6892 	DATA 	Keypress: 1
215.6950 	EXP 	unnamed TextStim: text = '0'
216.1949 	DATA 	Sampled Response: 1, Outcome Shown: 0
216.1951 	DATA 	** broke sampling loop (<.5s left in trial) **
216.1962 	DATA 	samplingCount: 21
216.1962 	DATA 	Think Onset
216.1974 	EXP 	unnamed Rect: lineColor = 'white (named)'
216.1974 	EXP 	unnamed Rect: lineColor = 'white (named)'
216.2681 	DATA 	Keypress: 1
219.2013 	DATA 	Decide Onset
219.6486 	DATA 	Keypress: 2
219.6486 	DATA 	Decision Button Press: ['2']
219.6487 	DATA 	Decision Response: 2
219.6500 	EXP 	unnamed Rect: lineColor = 'red (named)'
220.1575 	DATA 	ITI Onset
220.1585 	EXP 	unnamed Rect: lineColor = 'white (named)'
220.1585 	EXP 	unnamed Rect: lineColor = 'white (named)'
220.1585 	EXP 	unnamed TextStim: text = '0'
220.1585 	EXP 	unnamed TextStim: text = '+7'
222.9052 	DATA 	Trial End Time - totalITI: 2.74542854847
222.9054 	EXP 	New trial (rep=0, index=8): {'P1_1': '0.6', 'P1_2': '1', 'SafeOption': '2', 'P2_2': '0', 'O2_2': '0', 'O2_1': '-12', 'ProbNumber': 'MD12', 'O1_2': '12', 'O1_1': '30', 'EV2': '12', 'EV1': '13.2', 'ProbType': 'MD', 'P2_1': '0.4'}
222.9056 	DATA 	Trial Onset - ProblemType: MD, ProblemNumber: MD12, leftRight: 0, samplingDur: 15, assignedITI: 1.048
222.9056 	DATA 	Sampling Onset
224.4653 	DATA 	Keypress: 1
224.4760 	EXP 	unnamed TextStim: text = '+30'
224.9761 	DATA 	Sampled Response: 1, Outcome Shown: +30
225.0609 	DATA 	Keypress: 1
225.0643 	EXP 	unnamed TextStim: text = '+30'
225.5641 	DATA 	Sampled Response: 1, Outcome Shown: +30
225.5644 	DATA 	Keypress: 1
225.6727 	DATA 	Keypress: 1
225.6813 	EXP 	unnamed TextStim: text = '+30'
226.1812 	DATA 	Sampled Response: 1, Outcome Shown: +30
226.1814 	DATA 	Keypress: 1
226.3301 	DATA 	Keypress: 1
226.3334 	EXP 	unnamed TextStim: text = '+30'
226.8332 	DATA 	Sampled Response: 1, Outcome Shown: +30
226.8334 	DATA 	Keypress: 1
226.9132 	DATA 	Keypress: 1
226.9192 	EXP 	unnamed TextStim: text = '+30'
227.4192 	DATA 	Sampled Response: 1, Outcome Shown: +30
227.4194 	DATA 	Keypress: 1
227.7386 	DATA 	Keypress: 1
227.7447 	EXP 	unnamed TextStim: text = '-12'
228.2442 	DATA 	Sampled Response: 1, Outcome Shown: -12
228.2444 	DATA 	Keypress: 1
228.7372 	DATA 	Keypress: 2
228.7436 	EXP 	unnamed TextStim: text = '+12'
229.2432 	DATA 	Sampled Response: 2, Outcome Shown: +12
229.2435 	DATA 	Keypress: 2
229.3364 	DATA 	Keypress: 2
229.3448 	EXP 	unnamed TextStim: text = '+12'
229.8442 	DATA 	Sampled Response: 2, Outcome Shown: +12
229.8444 	DATA 	Keypress: 2
229.8661 	DATA 	Keypress: 2
229.8694 	EXP 	unnamed TextStim: text = '+12'
230.3693 	DATA 	Sampled Response: 2, Outcome Shown: +12
230.3695 	DATA 	Keypress: 2
230.3849 	DATA 	Keypress: 2
230.3881 	EXP 	unnamed TextStim: text = '+12'
230.8882 	DATA 	Sampled Response: 2, Outcome Shown: +12
230.8884 	DATA 	Keypress: 2
230.9379 	DATA 	Keypress: 2
230.9434 	EXP 	unnamed TextStim: text = '+12'
231.4433 	DATA 	Sampled Response: 2, Outcome Shown: +12
231.4435 	DATA 	Keypress: 2
231.5214 	DATA 	Keypress: 2
231.5274 	EXP 	unnamed TextStim: text = '+12'
232.0273 	DATA 	Sampled Response: 2, Outcome Shown: +12
232.0275 	DATA 	Keypress: 2
232.1785 	DATA 	Keypress: 2
232.1818 	EXP 	unnamed TextStim: text = '+12'
232.6813 	DATA 	Sampled Response: 2, Outcome Shown: +12
232.6815 	DATA 	Keypress: 2
232.8101 	DATA 	Keypress: 2
232.8135 	EXP 	unnamed TextStim: text = '+12'
233.3133 	DATA 	Sampled Response: 2, Outcome Shown: +12
233.3135 	DATA 	Keypress: 2
233.4482 	DATA 	Keypress: 2
233.4542 	EXP 	unnamed TextStim: text = '+12'
233.9543 	DATA 	Sampled Response: 2, Outcome Shown: +12
233.9545 	DATA 	Keypress: 2
234.2482 	DATA 	Keypress: 1
234.2541 	EXP 	unnamed TextStim: text = '-12'
234.7543 	DATA 	Sampled Response: 1, Outcome Shown: -12
234.7545 	DATA 	Keypress: 1
234.8095 	DATA 	Keypress: 1
234.8127 	EXP 	unnamed TextStim: text = '-12'
235.3123 	DATA 	Sampled Response: 1, Outcome Shown: -12
235.3126 	DATA 	Keypress: 1
235.3127 	DATA 	Keypress: 1
235.5443 	DATA 	Keypress: 1
235.5521 	EXP 	unnamed TextStim: text = '+30'
236.0514 	DATA 	Sampled Response: 1, Outcome Shown: +30
236.0516 	DATA 	Keypress: 1
236.4278 	DATA 	Keypress: 1
236.4311 	EXP 	unnamed TextStim: text = '+30'
236.9304 	DATA 	Sampled Response: 1, Outcome Shown: +30
236.9306 	DATA 	Keypress: 1
237.2892 	DATA 	Keypress: 1
237.2957 	EXP 	unnamed TextStim: text = '-12'
237.7954 	DATA 	Sampled Response: 1, Outcome Shown: -12
237.7956 	DATA 	** broke sampling loop (<.5s left in trial) **
237.7965 	DATA 	samplingCount: 20
237.7965 	DATA 	Think Onset
237.7977 	EXP 	unnamed Rect: lineColor = 'white (named)'
237.7977 	EXP 	unnamed Rect: lineColor = 'white (named)'
237.8810 	DATA 	Keypress: 2
240.8037 	DATA 	Decide Onset
241.5916 	DATA 	Keypress: 2
241.5917 	DATA 	Decision Button Press: ['2']
241.5917 	DATA 	Decision Response: 2
241.5931 	EXP 	unnamed Rect: lineColor = 'red (named)'
242.1006 	DATA 	ITI Onset
242.1016 	EXP 	unnamed Rect: lineColor = 'white (named)'
242.1016 	EXP 	unnamed Rect: lineColor = 'white (named)'
242.1016 	EXP 	unnamed TextStim: text = '-12'
242.1016 	EXP 	unnamed TextStim: text = '+12'
244.1719 	DATA 	Trial End Time - totalITI: 2.06976529203
244.1721 	EXP 	New trial (rep=0, index=9): {'P1_1': '0.8', 'P1_2': '1', 'SafeOption': '2', 'P2_2': '0', 'O2_2': '0', 'O2_1': '-9', 'ProbNumber': 'MD9', 'O1_2': '5', 'O1_1': '8', 'EV2': '5', 'EV1': '4.6', 'ProbType': 'MD', 'P2_1': '0.2'}
244.1722 	DATA 	Trial Onset - ProblemType: MD, ProblemNumber: MD9, leftRight: 1, samplingDur: 15, assignedITI: 1.3679
244.1722 	DATA 	Sampling Onset
244.7440 	DATA 	Keypress: 1
244.7497 	EXP 	unnamed TextStim: text = '+5'
245.2496 	DATA 	Sampled Response: 2, Outcome Shown: +8
245.2498 	DATA 	Keypress: 1
245.3862 	DATA 	Keypress: 1
245.3921 	EXP 	unnamed TextStim: text = '+5'
245.8916 	DATA 	Sampled Response: 2, Outcome Shown: +8
245.9600 	DATA 	Keypress: 1
245.9634 	EXP 	unnamed TextStim: text = '+5'
246.4636 	DATA 	Sampled Response: 2, Outcome Shown: +8
246.4638 	DATA 	Keypress: 1
246.5200 	DATA 	Keypress: 1
246.5283 	EXP 	unnamed TextStim: text = '+5'
247.0276 	DATA 	Sampled Response: 2, Outcome Shown: +8
247.0278 	DATA 	Keypress: 1
247.0589 	DATA 	Keypress: 1
247.0622 	EXP 	unnamed TextStim: text = '+5'
247.5616 	DATA 	Sampled Response: 2, Outcome Shown: +8
247.5618 	DATA 	Keypress: 1
247.6715 	DATA 	Keypress: 1
247.6798 	EXP 	unnamed TextStim: text = '+5'
248.1796 	DATA 	Sampled Response: 2, Outcome Shown: -9
248.1798 	DATA 	Keypress: 1
248.2112 	DATA 	Keypress: 1
248.2145 	EXP 	unnamed TextStim: text = '+5'
248.7146 	DATA 	Sampled Response: 2, Outcome Shown: +8
248.7148 	DATA 	Keypress: 1
248.9940 	DATA 	Keypress: 1
248.9974 	EXP 	unnamed TextStim: text = '+5'
249.4966 	DATA 	Sampled Response: 2, Outcome Shown: +8
249.4968 	DATA 	Keypress: 1
249.7287 	DATA 	Keypress: 1
249.7320 	EXP 	unnamed TextStim: text = '+5'
250.2317 	DATA 	Sampled Response: 2, Outcome Shown: +8
250.2319 	DATA 	Keypress: 1
250.5277 	DATA 	Keypress: 1
250.5310 	EXP 	unnamed TextStim: text = '+5'
251.0307 	DATA 	Sampled Response: 2, Outcome Shown: +8
251.0752 	DATA 	Keypress: 1
251.0785 	EXP 	unnamed TextStim: text = '+5'
251.5787 	DATA 	Sampled Response: 2, Outcome Shown: +8
251.5789 	DATA 	Keypress: 1
251.7939 	DATA 	Keypress: 1
251.7973 	EXP 	unnamed TextStim: text = '+5'
252.2967 	DATA 	Sampled Response: 2, Outcome Shown: +8
252.2970 	DATA 	Keypress: 1
252.5297 	DATA 	Keypress: 1
252.5330 	EXP 	unnamed TextStim: text = '+5'
253.0328 	DATA 	Sampled Response: 2, Outcome Shown: +8
253.0330 	DATA 	Keypress: 1
253.2429 	DATA 	Keypress: 1
253.2462 	EXP 	unnamed TextStim: text = '+5'
253.7458 	DATA 	Sampled Response: 2, Outcome Shown: -9
253.7460 	DATA 	Keypress: 1
254.0713 	DATA 	Keypress: 2
254.0777 	EXP 	unnamed TextStim: text = '+8'
254.5778 	DATA 	Sampled Response: 1, Outcome Shown: +5
254.5780 	DATA 	Keypress: 2
254.5835 	DATA 	Keypress: 2
254.5862 	EXP 	unnamed TextStim: text = '+8'
255.0858 	DATA 	Sampled Response: 1, Outcome Shown: +5
255.0860 	DATA 	Keypress: 2
255.1050 	DATA 	Keypress: 2
255.1108 	EXP 	unnamed TextStim: text = '+8'
255.6108 	DATA 	Sampled Response: 1, Outcome Shown: +5
255.6110 	DATA 	Keypress: 2
255.8967 	DATA 	Keypress: 2
255.9001 	EXP 	unnamed TextStim: text = '+8'
256.3998 	DATA 	Sampled Response: 1, Outcome Shown: +5
256.4000 	DATA 	Keypress: 2
256.5032 	DATA 	Keypress: 2
256.5183 	EXP 	unnamed TextStim: text = '-9'
257.0178 	DATA 	Sampled Response: 1, Outcome Shown: +5
257.0181 	DATA 	Keypress: 2
257.2793 	DATA 	Keypress: 2
257.2879 	EXP 	unnamed TextStim: text = '+8'
257.7878 	DATA 	Sampled Response: 1, Outcome Shown: +5
258.2961 	DATA 	Keypress: 1
258.2994 	EXP 	unnamed TextStim: text = '+5'
258.7988 	DATA 	Sampled Response: 2, Outcome Shown: +8
258.7991 	DATA 	Keypress: 1
258.7992 	DATA 	** broke sampling loop (<.5s left in trial) **
258.8001 	DATA 	samplingCount: 21
258.8001 	DATA 	Think Onset
258.8014 	EXP 	unnamed Rect: lineColor = 'white (named)'
258.8014 	EXP 	unnamed Rect: lineColor = 'white (named)'
258.9927 	DATA 	Keypress: 1
261.8037 	DATA 	Decide Onset
262.2787 	DATA 	Keypress: 1
262.2788 	DATA 	Decision Button Press: ['1']
262.2789 	DATA 	Decision Response: 2
262.2804 	EXP 	unnamed Rect: lineColor = 'red (named)'
262.7872 	DATA 	ITI Onset
262.7882 	EXP 	unnamed Rect: lineColor = 'white (named)'
262.7882 	EXP 	unnamed Rect: lineColor = 'white (named)'
262.7882 	EXP 	unnamed TextStim: text = '+5'
262.7882 	EXP 	unnamed TextStim: text = '+8'
265.7593 	DATA 	Trial End Time - totalITI: 2.96561131295
265.7595 	EXP 	New trial (rep=0, index=10): {'P1_1': '0.1', 'P1_2': '1', 'SafeOption': '2', 'P2_2': '0', 'O2_2': '0', 'O2_1': '0', 'ProbNumber': 'SD10', 'O1_2': '3', 'O1_1': '32', 'EV2': '3', 'EV1': '3.2', 'ProbType': 'SD', 'P2_1': '0.9'}
265.7597 	DATA 	Trial Onset - ProblemType: SD, ProblemNumber: SD10, leftRight: 1, samplingDur: 17, assignedITI: 1.0098
265.7597 	DATA 	Sampling Onset
266.6640 	DATA 	Keypress: 1
266.6710 	EXP 	unnamed TextStim: text = '+3'
267.1710 	DATA 	Sampled Response: 2, Outcome Shown: 0
267.1712 	DATA 	Keypress: 1
267.7925 	DATA 	Keypress: 1
267.7958 	EXP 	unnamed TextStim: text = '+3'
268.2951 	DATA 	Sampled Response: 2, Outcome Shown: 0
268.2953 	DATA 	Keypress: 1
268.5767 	DATA 	Keypress: 1
268.5802 	EXP 	unnamed TextStim: text = '+3'
269.0801 	DATA 	Sampled Response: 2, Outcome Shown: +32
269.0803 	DATA 	Keypress: 1
269.3669 	DATA 	Keypress: 1
269.3702 	EXP 	unnamed TextStim: text = '+3'
269.8701 	DATA 	Sampled Response: 2, Outcome Shown: 0
269.8703 	DATA 	Keypress: 1
270.0970 	DATA 	Keypress: 1
270.1003 	EXP 	unnamed TextStim: text = '+3'
270.6001 	DATA 	Sampled Response: 2, Outcome Shown: 0
270.6003 	DATA 	Keypress: 1
270.9348 	DATA 	Keypress: 1
270.9431 	EXP 	unnamed TextStim: text = '+3'
271.4431 	DATA 	Sampled Response: 2, Outcome Shown: 0
271.6634 	DATA 	Keypress: 1
271.6695 	EXP 	unnamed TextStim: text = '+3'
272.1691 	DATA 	Sampled Response: 2, Outcome Shown: 0
272.1693 	DATA 	Keypress: 1
272.4474 	DATA 	Keypress: 1
272.4507 	EXP 	unnamed TextStim: text = '+3'
272.9501 	DATA 	Sampled Response: 2, Outcome Shown: 0
272.9504 	DATA 	Keypress: 1
273.3105 	DATA 	Keypress: 1
273.3165 	EXP 	unnamed TextStim: text = '+3'
273.8162 	DATA 	Sampled Response: 2, Outcome Shown: 0
273.8164 	DATA 	Keypress: 1
274.2545 	DATA 	Keypress: 1
274.2631 	EXP 	unnamed TextStim: text = '+3'
274.7632 	DATA 	Sampled Response: 2, Outcome Shown: 0
274.7634 	DATA 	Keypress: 1
275.3124 	DATA 	Keypress: 1
275.3157 	EXP 	unnamed TextStim: text = '+3'
275.8152 	DATA 	Sampled Response: 2, Outcome Shown: 0
275.8571 	DATA 	Keypress: 2
275.8622 	EXP 	unnamed TextStim: text = '0'
276.3622 	DATA 	Sampled Response: 1, Outcome Shown: +3
276.3624 	DATA 	Keypress: 2
276.4738 	DATA 	Keypress: 2
276.4773 	EXP 	unnamed TextStim: text = '0'
276.9773 	DATA 	Sampled Response: 1, Outcome Shown: +3
276.9775 	DATA 	Keypress: 2
277.0420 	DATA 	Keypress: 2
277.0454 	EXP 	unnamed TextStim: text = '0'
277.5453 	DATA 	Sampled Response: 1, Outcome Shown: +3
277.5455 	DATA 	Keypress: 2
277.6004 	DATA 	Keypress: 2
277.6037 	EXP 	unnamed TextStim: text = '0'
278.1033 	DATA 	Sampled Response: 1, Outcome Shown: +3
278.1035 	DATA 	Keypress: 2
278.1103 	DATA 	Keypress: 2
278.1153 	EXP 	unnamed TextStim: text = '0'
278.6153 	DATA 	Sampled Response: 1, Outcome Shown: +3
278.6155 	DATA 	Keypress: 2
278.7666 	DATA 	Keypress: 1
278.7754 	EXP 	unnamed TextStim: text = '+3'
279.2753 	DATA 	Sampled Response: 2, Outcome Shown: 0
279.2755 	DATA 	Keypress: 1
279.3104 	DATA 	Keypress: 1
279.3138 	EXP 	unnamed TextStim: text = '+3'
279.8133 	DATA 	Sampled Response: 2, Outcome Shown: +32
279.8135 	DATA 	Keypress: 1
279.8137 	DATA 	Keypress: 1
279.9837 	DATA 	Keypress: 1
279.9869 	EXP 	unnamed TextStim: text = '+3'
280.4863 	DATA 	Sampled Response: 2, Outcome Shown: 0
280.4867 	DATA 	Keypress: 1
280.4868 	DATA 	Keypress: 1
280.6788 	DATA 	Keypress: 1
280.6820 	EXP 	unnamed TextStim: text = '+3'
281.1813 	DATA 	Sampled Response: 2, Outcome Shown: 0
281.1815 	DATA 	Keypress: 1
281.1817 	DATA 	Keypress: 1
281.3587 	DATA 	Keypress: 1
281.3620 	EXP 	unnamed TextStim: text = '+3'
281.8613 	DATA 	Sampled Response: 2, Outcome Shown: 0
281.8615 	DATA 	Keypress: 2
282.0143 	DATA 	Keypress: 2
282.0203 	EXP 	unnamed TextStim: text = '0'
282.5204 	DATA 	Sampled Response: 1, Outcome Shown: +3
282.5206 	DATA 	Keypress: 2
282.5207 	DATA 	Keypress: 2
282.5208 	DATA 	** broke sampling loop (<.5s left in trial) **
282.5217 	DATA 	samplingCount: 22
282.5217 	DATA 	Think Onset
282.5230 	EXP 	unnamed Rect: lineColor = 'white (named)'
282.5230 	EXP 	unnamed Rect: lineColor = 'white (named)'
282.7520 	DATA 	Keypress: 2
285.5298 	DATA 	Decide Onset
286.4777 	DATA 	Keypress: 1
286.4778 	DATA 	Decision Button Press: ['1']
286.4778 	DATA 	Decision Response: 2
286.4792 	EXP 	unnamed Rect: lineColor = 'red (named)'
286.9852 	DATA 	ITI Onset
286.9861 	EXP 	unnamed Rect: lineColor = 'white (named)'
286.9861 	EXP 	unnamed Rect: lineColor = 'white (named)'
286.9861 	EXP 	unnamed TextStim: text = '+3'
286.9861 	EXP 	unnamed TextStim: text = '0'
288.9911 	DATA 	Trial End Time - totalITI: 2.00051600153
288.9913 	EXP 	New trial (rep=0, index=11): {'P1_1': '0.4', 'P1_2': '0.4', 'SafeOption': '1', 'P2_2': '0.6', 'O2_2': '17', 'O2_1': '12', 'ProbNumber': 'RR2', 'O1_2': '-5', 'O1_1': '5', 'EV2': '8.2', 'EV1': '9.2', 'ProbType': 'RR', 'P2_1': '0.6'}
288.9915 	DATA 	Trial Onset - ProblemType: RR, ProblemNumber: RR2, leftRight: 1, samplingDur: 15, assignedITI: 1.2377
288.9915 	DATA 	Sampling Onset
289.7356 	DATA 	Keypress: 1
289.7426 	EXP 	unnamed TextStim: text = '+17'
290.2425 	DATA 	Sampled Response: 2, Outcome Shown: +12
290.2427 	DATA 	Keypress: 1
290.2429 	DATA 	Keypress: 1
290.4632 	DATA 	Keypress: 1
290.4666 	EXP 	unnamed TextStim: text = '+17'
290.9665 	DATA 	Sampled Response: 2, Outcome Shown: +12
290.9668 	DATA 	Keypress: 1
290.9669 	DATA 	Keypress: 1
291.2162 	DATA 	Keypress: 1
291.2218 	EXP 	unnamed TextStim: text = '-5'
291.7216 	DATA 	Sampled Response: 2, Outcome Shown: +5
291.7218 	DATA 	Keypress: 1
291.8619 	DATA 	Keypress: 1
291.8651 	EXP 	unnamed TextStim: text = '-5'
292.3646 	DATA 	Sampled Response: 2, Outcome Shown: +12
292.3648 	DATA 	Keypress: 1
292.3649 	DATA 	Keypress: 1
292.6314 	DATA 	Keypress: 1
292.6348 	EXP 	unnamed TextStim: text = '-5'
293.1346 	DATA 	Sampled Response: 2, Outcome Shown: +5
293.1348 	DATA 	Keypress: 1
293.1350 	DATA 	Keypress: 1
293.5975 	DATA 	Keypress: 2
293.6060 	EXP 	unnamed TextStim: text = '+5'
294.1056 	DATA 	Sampled Response: 1, Outcome Shown: -5
294.1058 	DATA 	Keypress: 2
294.1271 	DATA 	Keypress: 2
294.1330 	EXP 	unnamed TextStim: text = '+12'
294.6326 	DATA 	Sampled Response: 1, Outcome Shown: -5
294.6328 	DATA 	Keypress: 2
294.6378 	DATA 	Keypress: 2
294.6431 	EXP 	unnamed TextStim: text = '+5'
295.1426 	DATA 	Sampled Response: 1, Outcome Shown: -5
295.1428 	DATA 	Keypress: 2
295.1495 	DATA 	Keypress: 2
295.1577 	EXP 	unnamed TextStim: text = '+12'
295.6576 	DATA 	Sampled Response: 1, Outcome Shown: +17
295.6578 	DATA 	Keypress: 2
295.6934 	DATA 	Keypress: 2
295.7017 	EXP 	unnamed TextStim: text = '+5'
296.2016 	DATA 	Sampled Response: 1, Outcome Shown: -5
296.2019 	DATA 	Keypress: 2
296.2957 	DATA 	Keypress: 2
296.3018 	EXP 	unnamed TextStim: text = '+12'
296.8017 	DATA 	Sampled Response: 1, Outcome Shown: +17
296.8019 	DATA 	Keypress: 2
297.3583 	DATA 	Keypress: 2
297.3616 	EXP 	unnamed TextStim: text = '+12'
297.8617 	DATA 	Sampled Response: 1, Outcome Shown: +17
297.8619 	DATA 	Keypress: 2
297.9900 	DATA 	Keypress: 2
297.9956 	EXP 	unnamed TextStim: text = '+5'
298.4957 	DATA 	Sampled Response: 1, Outcome Shown: -5
298.4959 	DATA 	Keypress: 2
298.7578 	DATA 	Keypress: 2
298.7663 	EXP 	unnamed TextStim: text = '+12'
299.2657 	DATA 	Sampled Response: 1, Outcome Shown: +17
299.2659 	DATA 	Keypress: 2
299.7926 	DATA 	Keypress: 2
299.7959 	EXP 	unnamed TextStim: text = '+12'
300.2957 	DATA 	Sampled Response: 1, Outcome Shown: -5
300.3419 	DATA 	Keypress: 2
300.3482 	EXP 	unnamed TextStim: text = '+12'
300.8477 	DATA 	Sampled Response: 1, Outcome Shown: -5
300.8943 	DATA 	Keypress: 2
300.8977 	EXP 	unnamed TextStim: text = '+12'
301.3978 	DATA 	Sampled Response: 1, Outcome Shown: -5
302.0576 	DATA 	Keypress: 1
302.0653 	EXP 	unnamed TextStim: text = '+17'
302.5648 	DATA 	Sampled Response: 2, Outcome Shown: +5
302.5650 	DATA 	Keypress: 1
302.9177 	DATA 	Keypress: 1
302.9234 	EXP 	unnamed TextStim: text = '+17'
303.4228 	DATA 	Sampled Response: 2, Outcome Shown: +12
303.4230 	DATA 	Keypress: 1
303.4950 	DATA 	** broke sampling loop (<.5s left in trial) **
303.4961 	DATA 	samplingCount: 19
303.4961 	DATA 	Think Onset
303.4986 	EXP 	unnamed Rect: lineColor = 'white (named)'
303.4986 	EXP 	unnamed Rect: lineColor = 'white (named)'
303.7102 	DATA 	Keypress: 1
306.5010 	DATA 	Decide Onset
307.4288 	DATA 	Keypress: 2
307.4289 	DATA 	Decision Button Press: ['2']
307.4289 	DATA 	Decision Response: 1
307.4303 	EXP 	unnamed Rect: lineColor = 'red (named)'
307.9384 	DATA 	ITI Onset
307.9394 	EXP 	unnamed Rect: lineColor = 'white (named)'
307.9394 	EXP 	unnamed Rect: lineColor = 'white (named)'
307.9394 	EXP 	unnamed TextStim: text = '+17'
307.9394 	EXP 	unnamed TextStim: text = '+12'
310.4474 	DATA 	Trial End Time - totalITI: 2.50593579024
310.4477 	EXP 	New trial (rep=0, index=12): {'P1_1': '0.9', 'P1_2': '0.7', 'SafeOption': '1', 'P2_2': '0.3', 'O2_2': '25', 'O2_1': '15', 'ProbNumber': 'RR10', 'O1_2': '-3', 'O1_1': '5', 'EV2': '5.4', 'EV1': '6', 'ProbType': 'RR', 'P2_1': '0.1'}
310.4478 	DATA 	Trial Onset - ProblemType: RR, ProblemNumber: RR10, leftRight: 0, samplingDur: 16, assignedITI: 1.4961
310.4478 	DATA 	Sampling Onset
311.1977 	DATA 	Keypress: 1
311.2033 	EXP 	unnamed TextStim: text = '+5'
311.7030 	DATA 	Sampled Response: 1, Outcome Shown: +5
311.7661 	DATA 	Keypress: 1
311.7723 	EXP 	unnamed TextStim: text = '+5'
312.2720 	DATA 	Sampled Response: 1, Outcome Shown: +5
312.2722 	DATA 	Keypress: 1
312.7009 	DATA 	Keypress: 1
312.7094 	EXP 	unnamed TextStim: text = '+5'
313.2090 	DATA 	Sampled Response: 1, Outcome Shown: +5
313.2093 	DATA 	Keypress: 1
313.9981 	DATA 	Keypress: 1
314.0013 	EXP 	unnamed TextStim: text = '+5'
314.5010 	DATA 	Sampled Response: 1, Outcome Shown: +5
314.5012 	DATA 	Keypress: 1
314.7249 	DATA 	Keypress: 1
314.7309 	EXP 	unnamed TextStim: text = '+5'
315.2311 	DATA 	Sampled Response: 1, Outcome Shown: +5
315.2313 	DATA 	Keypress: 1
315.3095 	DATA 	Keypress: 1
315.3132 	EXP 	unnamed TextStim: text = '+5'
315.8131 	DATA 	Sampled Response: 1, Outcome Shown: +5
315.8895 	DATA 	Keypress: 1
315.8931 	EXP 	unnamed TextStim: text = '+5'
316.3931 	DATA 	Sampled Response: 1, Outcome Shown: +5
316.3933 	DATA 	Keypress: 1
316.4627 	DATA 	Keypress: 1
316.4662 	EXP 	unnamed TextStim: text = '+5'
316.9661 	DATA 	Sampled Response: 1, Outcome Shown: +5
316.9663 	DATA 	Keypress: 2
317.1089 	DATA 	Keypress: 2
317.1177 	EXP 	unnamed TextStim: text = '+25'
317.6171 	DATA 	Sampled Response: 2, Outcome Shown: +25
317.6173 	DATA 	Keypress: 2
317.6175 	DATA 	Keypress: 2
317.9107 	DATA 	Keypress: 2
317.9140 	EXP 	unnamed TextStim: text = '+25'
318.4141 	DATA 	Sampled Response: 2, Outcome Shown: +25
318.4143 	DATA 	Keypress: 2
318.4929 	DATA 	Keypress: 2
318.4995 	EXP 	unnamed TextStim: text = '-3'
318.9991 	DATA 	Sampled Response: 2, Outcome Shown: -3
318.9994 	DATA 	Keypress: 2
319.1917 	DATA 	Keypress: 2
319.1950 	EXP 	unnamed TextStim: text = '-3'
319.6952 	DATA 	Sampled Response: 2, Outcome Shown: -3
319.6954 	DATA 	Keypress: 2
319.7895 	DATA 	Keypress: 2
319.7929 	EXP 	unnamed TextStim: text = '-3'
320.2922 	DATA 	Sampled Response: 2, Outcome Shown: -3
320.3567 	DATA 	Keypress: 2
320.3601 	EXP 	unnamed TextStim: text = '-3'
320.8601 	DATA 	Sampled Response: 2, Outcome Shown: -3
320.8604 	DATA 	Keypress: 2
321.3171 	DATA 	Keypress: 1
321.3285 	EXP 	unnamed TextStim: text = '+15'
321.8282 	DATA 	Sampled Response: 1, Outcome Shown: +15
321.8284 	DATA 	Keypress: 1
321.9242 	DATA 	Keypress: 1
321.9324 	EXP 	unnamed TextStim: text = '+5'
322.4322 	DATA 	Sampled Response: 1, Outcome Shown: +5
322.4324 	DATA 	Keypress: 1
322.4524 	DATA 	Keypress: 1
322.4608 	EXP 	unnamed TextStim: text = '+5'
322.9602 	DATA 	Sampled Response: 1, Outcome Shown: +5
322.9604 	DATA 	Keypress: 1
322.9605 	DATA 	Keypress: 1
323.1811 	DATA 	Keypress: 1
323.1844 	EXP 	unnamed TextStim: text = '+5'
323.6842 	DATA 	Sampled Response: 1, Outcome Shown: +5
323.6844 	DATA 	Keypress: 1
323.7731 	DATA 	Keypress: 1
323.7765 	EXP 	unnamed TextStim: text = '+5'
324.2762 	DATA 	Sampled Response: 1, Outcome Shown: +5
324.2765 	DATA 	Keypress: 2
324.3970 	DATA 	Keypress: 2
324.4003 	EXP 	unnamed TextStim: text = '-3'
324.9002 	DATA 	Sampled Response: 2, Outcome Shown: -3
324.9005 	DATA 	Keypress: 2
324.9419 	DATA 	Keypress: 2
324.9481 	EXP 	unnamed TextStim: text = '+25'
325.4473 	DATA 	Sampled Response: 2, Outcome Shown: +25
325.4475 	DATA 	Keypress: 2
325.5811 	DATA 	Keypress: 2
325.5904 	EXP 	unnamed TextStim: text = '-3'
326.0903 	DATA 	Sampled Response: 2, Outcome Shown: -3
326.0904 	DATA 	** broke sampling loop (<.5s left in trial) **
326.0913 	DATA 	samplingCount: 22
326.0913 	DATA 	Think Onset
326.0926 	EXP 	unnamed Rect: lineColor = 'white (named)'
326.0926 	EXP 	unnamed Rect: lineColor = 'white (named)'
329.0975 	DATA 	Decide Onset
329.7318 	DATA 	Keypress: 1
329.7319 	DATA 	Decision Button Press: ['1']
329.7319 	DATA 	Decision Response: 1
329.7334 	EXP 	unnamed Rect: lineColor = 'red (named)'
330.2407 	DATA 	ITI Onset
330.2417 	EXP 	unnamed Rect: lineColor = 'white (named)'
330.2417 	EXP 	unnamed Rect: lineColor = 'white (named)'
330.2417 	EXP 	unnamed TextStim: text = '+5'
330.2417 	EXP 	unnamed TextStim: text = '-3'
333.1624 	DATA 	Trial End Time - totalITI: 2.91884922344
333.1626 	EXP 	New trial (rep=0, index=13): {'P1_1': '0.8', 'P1_2': '1', 'SafeOption': '2', 'P2_2': '0', 'O2_2': '0', 'O2_1': '0', 'ProbNumber': 'SD4', 'O1_2': '-3', 'O1_1': '-4', 'EV2': '-3', 'EV1': '-3.2', 'ProbType': 'SD', 'P2_1': '0.2'}
333.1628 	DATA 	Trial Onset - ProblemType: SD, ProblemNumber: SD4, leftRight: 0, samplingDur: 15, assignedITI: 1.3248
333.1628 	DATA 	Sampling Onset
333.9338 	DATA 	Keypress: 1
333.9398 	EXP 	unnamed TextStim: text = '-4'
334.4395 	DATA 	Sampled Response: 1, Outcome Shown: -4
334.4397 	DATA 	Keypress: 1
334.4613 	DATA 	Keypress: 1
334.4665 	EXP 	unnamed TextStim: text = '0'
334.9665 	DATA 	Sampled Response: 1, Outcome Shown: 0
334.9667 	DATA 	Keypress: 1
334.9668 	DATA 	Keypress: 1
335.4287 	DATA 	Keypress: 1
335.4367 	EXP 	unnamed TextStim: text = '-4'
335.9365 	DATA 	Sampled Response: 1, Outcome Shown: -4
335.9367 	DATA 	Keypress: 1
336.0050 	DATA 	Keypress: 1
336.0084 	EXP 	unnamed TextStim: text = '-4'
336.5085 	DATA 	Sampled Response: 1, Outcome Shown: -4
336.5087 	DATA 	Keypress: 1
336.6070 	DATA 	Keypress: 2
336.6106 	EXP 	unnamed TextStim: text = '-3'
337.1105 	DATA 	Sampled Response: 2, Outcome Shown: -3
337.1108 	DATA 	Keypress: 2
337.1156 	DATA 	Keypress: 2
337.1181 	EXP 	unnamed TextStim: text = '-3'
337.6175 	DATA 	Sampled Response: 2, Outcome Shown: -3
337.6178 	DATA 	Keypress: 2
337.7164 	DATA 	Keypress: 2
337.7223 	EXP 	unnamed TextStim: text = '-3'
338.2216 	DATA 	Sampled Response: 2, Outcome Shown: -3
338.2218 	DATA 	Keypress: 1
338.4075 	DATA 	Keypress: 1
338.4109 	EXP 	unnamed TextStim: text = '-4'
338.9106 	DATA 	Sampled Response: 1, Outcome Shown: -4
338.9108 	DATA 	Keypress: 1
338.9890 	DATA 	Keypress: 2
338.9923 	EXP 	unnamed TextStim: text = '-3'
339.4916 	DATA 	Sampled Response: 2, Outcome Shown: -3
339.4918 	DATA 	Keypress: 2
339.6276 	DATA 	Keypress: 2
339.6336 	EXP 	unnamed TextStim: text = '-3'
340.1336 	DATA 	Sampled Response: 2, Outcome Shown: -3
340.1338 	DATA 	Keypress: 2
340.2222 	DATA 	Keypress: 2
340.2257 	EXP 	unnamed TextStim: text = '-3'
340.7256 	DATA 	Sampled Response: 2, Outcome Shown: -3
340.7258 	DATA 	Keypress: 2
340.7560 	DATA 	Keypress: 2
340.7626 	EXP 	unnamed TextStim: text = '-3'
341.2626 	DATA 	Sampled Response: 2, Outcome Shown: -3
341.2628 	DATA 	Keypress: 2
341.5568 	DATA 	Keypress: 1
341.5602 	EXP 	unnamed TextStim: text = '-4'
342.0596 	DATA 	Sampled Response: 1, Outcome Shown: -4
342.0598 	DATA 	Keypress: 1
342.1886 	DATA 	Keypress: 1
342.1919 	EXP 	unnamed TextStim: text = '-4'
342.6916 	DATA 	Sampled Response: 1, Outcome Shown: -4
342.6918 	DATA 	Keypress: 1
342.7734 	DATA 	Keypress: 1
342.7786 	EXP 	unnamed TextStim: text = '0'
343.2786 	DATA 	Sampled Response: 1, Outcome Shown: 0
343.2788 	DATA 	Keypress: 1
343.3240 	DATA 	Keypress: 1
343.3295 	EXP 	unnamed TextStim: text = '-4'
343.8287 	DATA 	Sampled Response: 1, Outcome Shown: -4
343.8289 	DATA 	Keypress: 1
344.1556 	DATA 	Keypress: 2
344.1589 	EXP 	unnamed TextStim: text = '-3'
344.6587 	DATA 	Sampled Response: 2, Outcome Shown: -3
344.6589 	DATA 	Keypress: 2
344.7895 	DATA 	Keypress: 2
344.7929 	EXP 	unnamed TextStim: text = '-3'
345.2927 	DATA 	Sampled Response: 2, Outcome Shown: -3
345.2929 	DATA 	Keypress: 2
345.5394 	DATA 	Keypress: 2
345.5454 	EXP 	unnamed TextStim: text = '-3'
346.0447 	DATA 	Sampled Response: 2, Outcome Shown: -3
346.0449 	DATA 	Keypress: 2
346.6758 	DATA 	Keypress: 1
346.6791 	EXP 	unnamed TextStim: text = '-4'
347.1787 	DATA 	Sampled Response: 1, Outcome Shown: -4
347.1790 	DATA 	Keypress: 1
347.1791 	DATA 	Keypress: 1
347.6060 	DATA 	Keypress: 2
347.6093 	EXP 	unnamed TextStim: text = '-3'
348.1087 	DATA 	Sampled Response: 2, Outcome Shown: -3
348.1090 	DATA 	Keypress: 2
348.1091 	DATA 	** broke sampling loop (<.5s left in trial) **
348.1100 	DATA 	samplingCount: 21
348.1100 	DATA 	Think Onset
348.1112 	EXP 	unnamed Rect: lineColor = 'white (named)'
348.1112 	EXP 	unnamed Rect: lineColor = 'white (named)'
348.2919 	DATA 	Keypress: 2
351.1160 	DATA 	Decide Onset
351.5149 	DATA 	Keypress: 1
351.5150 	DATA 	Decision Button Press: ['1']
351.5150 	DATA 	Decision Response: 1
351.5164 	EXP 	unnamed Rect: lineColor = 'red (named)'
352.0234 	DATA 	ITI Onset
352.0244 	EXP 	unnamed Rect: lineColor = 'white (named)'
352.0244 	EXP 	unnamed Rect: lineColor = 'white (named)'
352.0244 	EXP 	unnamed TextStim: text = '-4'
352.0244 	EXP 	unnamed TextStim: text = '-3'
354.7048 	DATA 	Trial End Time - totalITI: 2.67925247781
354.7052 	EXP 	New trial (rep=0, index=14): {'P1_1': '0.1', 'P1_2': '1', 'SafeOption': '2', 'P2_2': '0', 'O2_2': '0', 'O2_1': '0', 'ProbNumber': 'SD1', 'O1_2': '-3', 'O1_1': '-32', 'EV2': '-3', 'EV1': '-3.2', 'ProbType': 'SD', 'P2_1': '0.9'}
354.7053 	DATA 	Trial Onset - ProblemType: SD, ProblemNumber: SD1, leftRight: 0, samplingDur: 17, assignedITI: 1.0587
354.7053 	DATA 	Sampling Onset
355.6223 	DATA 	Keypress: 2
355.6257 	EXP 	unnamed TextStim: text = '-3'
356.1249 	DATA 	Sampled Response: 2, Outcome Shown: -3
356.1252 	DATA 	Keypress: 2
356.1253 	DATA 	Keypress: 2
356.4113 	DATA 	Keypress: 2
356.4147 	EXP 	unnamed TextStim: text = '-3'
356.9139 	DATA 	Sampled Response: 2, Outcome Shown: -3
356.9141 	DATA 	Keypress: 2
356.9393 	DATA 	Keypress: 2
356.9425 	EXP 	unnamed TextStim: text = '-3'
357.4419 	DATA 	Sampled Response: 2, Outcome Shown: -3
357.4421 	DATA 	Keypress: 2
357.5644 	DATA 	Keypress: 2
357.5702 	EXP 	unnamed TextStim: text = '-3'
358.0699 	DATA 	Sampled Response: 2, Outcome Shown: -3
358.0702 	DATA 	Keypress: 2
358.0750 	DATA 	Keypress: 2
358.0769 	EXP 	unnamed TextStim: text = '-3'
358.5770 	DATA 	Sampled Response: 2, Outcome Shown: -3
358.5772 	DATA 	Keypress: 2
358.6670 	DATA 	Keypress: 2
358.6757 	EXP 	unnamed TextStim: text = '-3'
359.1750 	DATA 	Sampled Response: 2, Outcome Shown: -3
359.1752 	DATA 	Keypress: 2
359.1754 	DATA 	Keypress: 2
359.4052 	DATA 	Keypress: 2
359.4085 	EXP 	unnamed TextStim: text = '-3'
359.9080 	DATA 	Sampled Response: 2, Outcome Shown: -3
359.9082 	DATA 	Keypress: 2
359.9896 	DATA 	Keypress: 2
359.9930 	EXP 	unnamed TextStim: text = '-3'
360.4930 	DATA 	Sampled Response: 2, Outcome Shown: -3
360.4932 	DATA 	Keypress: 2
360.5317 	DATA 	Keypress: 2
360.5374 	EXP 	unnamed TextStim: text = '-3'
361.0370 	DATA 	Sampled Response: 2, Outcome Shown: -3
361.0372 	DATA 	Keypress: 2
361.1076 	DATA 	Keypress: 2
361.1111 	EXP 	unnamed TextStim: text = '-3'
361.6110 	DATA 	Sampled Response: 2, Outcome Shown: -3
361.6112 	DATA 	Keypress: 2
361.6113 	DATA 	Keypress: 2
361.9392 	DATA 	Keypress: 2
361.9452 	EXP 	unnamed TextStim: text = '-3'
362.4451 	DATA 	Sampled Response: 2, Outcome Shown: -3
362.4453 	DATA 	Keypress: 2
362.5313 	DATA 	Keypress: 2
362.5372 	EXP 	unnamed TextStim: text = '-3'
363.0371 	DATA 	Sampled Response: 2, Outcome Shown: -3
363.0373 	DATA 	Keypress: 2
363.0994 	DATA 	Keypress: 2
363.1053 	EXP 	unnamed TextStim: text = '-3'
363.6051 	DATA 	Sampled Response: 2, Outcome Shown: -3
363.6053 	DATA 	Keypress: 2
363.6605 	DATA 	Keypress: 2
363.6636 	EXP 	unnamed TextStim: text = '-3'
364.1631 	DATA 	Sampled Response: 2, Outcome Shown: -3
364.1633 	DATA 	Keypress: 2
364.2752 	DATA 	Keypress: 1
364.2838 	EXP 	unnamed TextStim: text = '0'
364.7831 	DATA 	Sampled Response: 1, Outcome Shown: 0
364.7833 	DATA 	Keypress: 1
364.7835 	DATA 	Keypress: 1
365.0504 	DATA 	Keypress: 1
365.0562 	EXP 	unnamed TextStim: text = '0'
365.5561 	DATA 	Sampled Response: 1, Outcome Shown: 0
365.5563 	DATA 	Keypress: 1
365.5793 	DATA 	Keypress: 1
365.5881 	EXP 	unnamed TextStim: text = '0'
366.0881 	DATA 	Sampled Response: 1, Outcome Shown: 0
366.0884 	DATA 	Keypress: 1
366.2831 	DATA 	Keypress: 1
366.2891 	EXP 	unnamed TextStim: text = '0'
366.7891 	DATA 	Sampled Response: 1, Outcome Shown: 0
366.7893 	DATA 	Keypress: 1
367.1066 	DATA 	Keypress: 2
367.1125 	EXP 	unnamed TextStim: text = '-3'
367.6122 	DATA 	Sampled Response: 2, Outcome Shown: -3
367.6124 	DATA 	Keypress: 2
367.8906 	DATA 	Keypress: 1
367.8967 	EXP 	unnamed TextStim: text = '0'
368.3962 	DATA 	Sampled Response: 1, Outcome Shown: 0
368.3964 	DATA 	Keypress: 1
368.3965 	DATA 	Keypress: 1
368.5883 	DATA 	Keypress: 1
368.5916 	EXP 	unnamed TextStim: text = '0'
369.0912 	DATA 	Sampled Response: 1, Outcome Shown: 0
369.0914 	DATA 	Keypress: 1
369.2114 	DATA 	Keypress: 1
369.2149 	EXP 	unnamed TextStim: text = '0'
369.7142 	DATA 	Sampled Response: 1, Outcome Shown: 0
369.7144 	DATA 	Keypress: 1
369.7146 	DATA 	Keypress: 1
370.0041 	DATA 	Keypress: 2
370.0074 	EXP 	unnamed TextStim: text = '-3'
370.5072 	DATA 	Sampled Response: 2, Outcome Shown: -3
370.5074 	DATA 	Keypress: 2
370.6105 	DATA 	Keypress: 2
370.6138 	EXP 	unnamed TextStim: text = '-3'
371.1132 	DATA 	Sampled Response: 2, Outcome Shown: -3
371.1135 	DATA 	Keypress: 2
371.2088 	DATA 	** broke sampling loop (<.5s left in trial) **
371.2098 	DATA 	samplingCount: 24
371.2098 	DATA 	Think Onset
371.2124 	EXP 	unnamed Rect: lineColor = 'white (named)'
371.2124 	EXP 	unnamed Rect: lineColor = 'white (named)'
371.3468 	DATA 	Keypress: 1
373.9871 	DATA 	Keypress: 1
374.2194 	DATA 	Decide Onset
374.6979 	DATA 	Keypress: 1
374.6980 	DATA 	Decision Button Press: ['1']
374.6980 	DATA 	Decision Response: 1
374.6995 	EXP 	unnamed Rect: lineColor = 'red (named)'
375.2062 	DATA 	ITI Onset
375.2072 	EXP 	unnamed Rect: lineColor = 'white (named)'
375.2072 	EXP 	unnamed Rect: lineColor = 'white (named)'
375.2072 	EXP 	unnamed TextStim: text = '0'
375.2072 	EXP 	unnamed TextStim: text = '-3'
377.9867 	DATA 	Trial End Time - totalITI: 2.77623119609
377.9870 	EXP 	New trial (rep=0, index=15): {'P1_1': '0.5', 'P1_2': '0.4', 'SafeOption': '1', 'P2_2': '0.6', 'O2_2': '50', 'O2_1': '30', 'ProbNumber': 'RR8', 'O1_2': '-15', 'O1_1': '14', 'EV2': '24', 'EV1': '22', 'ProbType': 'RR', 'P2_1': '0.5'}
377.9871 	DATA 	Trial Onset - ProblemType: RR, ProblemNumber: RR8, leftRight: 1, samplingDur: 16, assignedITI: 1.7267
377.9871 	DATA 	Sampling Onset
378.6215 	DATA 	Keypress: 1
378.6278 	EXP 	unnamed TextStim: text = '+50'
379.1274 	DATA 	Sampled Response: 2, Outcome Shown: +14
379.1277 	DATA 	Keypress: 1
379.1278 	DATA 	Keypress: 1
379.3146 	DATA 	Keypress: 1
379.3230 	EXP 	unnamed TextStim: text = '+50'
379.8224 	DATA 	Sampled Response: 2, Outcome Shown: +30
379.8226 	DATA 	Keypress: 1
379.8228 	DATA 	Keypress: 1
379.9947 	DATA 	Keypress: 1
380.0009 	EXP 	unnamed TextStim: text = '-15'
380.5004 	DATA 	Sampled Response: 2, Outcome Shown: +14
380.5007 	DATA 	Keypress: 1
380.5227 	DATA 	Keypress: 1
380.5289 	EXP 	unnamed TextStim: text = '+50'
381.0285 	DATA 	Sampled Response: 2, Outcome Shown: +14
381.0287 	DATA 	Keypress: 1
381.0288 	DATA 	Keypress: 1
381.2120 	DATA 	Keypress: 1
381.2183 	EXP 	unnamed TextStim: text = '-15'
381.7175 	DATA 	Sampled Response: 2, Outcome Shown: +30
381.7177 	DATA 	Keypress: 1
381.7178 	DATA 	Keypress: 2
381.9636 	DATA 	Keypress: 2
381.9698 	EXP 	unnamed TextStim: text = '+14'
382.4695 	DATA 	Sampled Response: 1, Outcome Shown: -15
382.4697 	DATA 	Keypress: 2
382.4698 	DATA 	Keypress: 2
382.6990 	DATA 	Keypress: 2
382.7067 	EXP 	unnamed TextStim: text = '+30'
383.2065 	DATA 	Sampled Response: 1, Outcome Shown: -15
383.2067 	DATA 	Keypress: 2
383.2069 	DATA 	Keypress: 2
383.3700 	DATA 	Keypress: 2
383.3761 	EXP 	unnamed TextStim: text = '+14'
383.8755 	DATA 	Sampled Response: 1, Outcome Shown: -15
383.8757 	DATA 	Keypress: 2
383.8903 	DATA 	Keypress: 2
383.8983 	EXP 	unnamed TextStim: text = '+30'
384.3975 	DATA 	Sampled Response: 1, Outcome Shown: -15
384.3977 	DATA 	Keypress: 2
384.4191 	DATA 	Keypress: 2
384.4250 	EXP 	unnamed TextStim: text = '+14'
384.9245 	DATA 	Sampled Response: 1, Outcome Shown: +50
384.9248 	DATA 	Keypress: 2
384.9303 	DATA 	Keypress: 2
384.9381 	EXP 	unnamed TextStim: text = '+30'
385.4375 	DATA 	Sampled Response: 1, Outcome Shown: +50
385.4378 	DATA 	Keypress: 2
385.4979 	DATA 	Keypress: 2
385.5092 	EXP 	unnamed TextStim: text = '+14'
386.0085 	DATA 	Sampled Response: 1, Outcome Shown: -15
386.0088 	DATA 	Keypress: 2
386.0417 	DATA 	Keypress: 2
386.0480 	EXP 	unnamed TextStim: text = '+14'
386.5475 	DATA 	Sampled Response: 1, Outcome Shown: -15
386.5478 	DATA 	Keypress: 2
386.5700 	DATA 	Keypress: 2
386.5734 	EXP 	unnamed TextStim: text = '+14'
387.0726 	DATA 	Sampled Response: 1, Outcome Shown: +50
387.0728 	DATA 	Keypress: 1
387.2988 	DATA 	Keypress: 1
387.3047 	EXP 	unnamed TextStim: text = '-15'
387.8046 	DATA 	Sampled Response: 2, Outcome Shown: +30
387.8048 	DATA 	Keypress: 1
387.8902 	DATA 	Keypress: 1
387.8965 	EXP 	unnamed TextStim: text = '-15'
388.3966 	DATA 	Sampled Response: 2, Outcome Shown: +30
388.3968 	DATA 	Keypress: 1
388.3969 	DATA 	Keypress: 1
388.6658 	DATA 	Keypress: 1
388.6747 	EXP 	unnamed TextStim: text = '-15'
389.1746 	DATA 	Sampled Response: 2, Outcome Shown: +14
389.1748 	DATA 	Keypress: 1
389.3311 	DATA 	Keypress: 1
389.3374 	EXP 	unnamed TextStim: text = '+50'
389.8366 	DATA 	Sampled Response: 2, Outcome Shown: +14
389.8368 	DATA 	Keypress: 1
390.2745 	DATA 	Keypress: 2
390.2823 	EXP 	unnamed TextStim: text = '+30'
390.7816 	DATA 	Sampled Response: 1, Outcome Shown: +50
390.7819 	DATA 	Keypress: 2
390.8907 	DATA 	Keypress: 2
390.8940 	EXP 	unnamed TextStim: text = '+30'
391.3937 	DATA 	Sampled Response: 1, Outcome Shown: +50
391.3940 	DATA 	Keypress: 2
391.5066 	DATA 	Keypress: 2
391.5155 	EXP 	unnamed TextStim: text = '+14'
392.0157 	DATA 	Sampled Response: 1, Outcome Shown: +50
392.0159 	DATA 	Keypress: 2
392.1221 	DATA 	Keypress: 2
392.1282 	EXP 	unnamed TextStim: text = '+14'
392.6277 	DATA 	Sampled Response: 1, Outcome Shown: -15
392.7626 	DATA 	Keypress: 2
392.7686 	EXP 	unnamed TextStim: text = '+14'
393.2687 	DATA 	Sampled Response: 1, Outcome Shown: -15
393.2689 	DATA 	Keypress: 2
393.3878 	DATA 	Keypress: 2
393.3956 	EXP 	unnamed TextStim: text = '+30'
393.8957 	DATA 	Sampled Response: 1, Outcome Shown: +50
393.8959 	DATA 	** broke sampling loop (<.5s left in trial) **
393.8969 	DATA 	samplingCount: 24
393.8970 	DATA 	Think Onset
393.8982 	EXP 	unnamed Rect: lineColor = 'white (named)'
393.8982 	EXP 	unnamed Rect: lineColor = 'white (named)'
393.9218 	DATA 	Keypress: 2
396.9031 	DATA 	Decide Onset
397.2649 	DATA 	Keypress: 2
397.2650 	DATA 	Decision Button Press: ['2']
397.2650 	DATA 	Decision Response: 1
397.2663 	EXP 	unnamed Rect: lineColor = 'red (named)'
397.7747 	DATA 	ITI Onset
397.7757 	EXP 	unnamed Rect: lineColor = 'white (named)'
397.7757 	EXP 	unnamed Rect: lineColor = 'white (named)'
397.7757 	EXP 	unnamed TextStim: text = '+50'
397.7757 	EXP 	unnamed TextStim: text = '+30'
400.1239 	DATA 	Keypress: 1
400.9322 	DATA 	Trial End Time - totalITI: 3.15573104615
400.9324 	EXP 	New trial (rep=0, index=16): {'P1_1': '0.5', 'P1_2': '0.3', 'SafeOption': '1', 'P2_2': '0.7', 'O2_2': '35', 'O2_1': '30', 'ProbNumber': 'RR5', 'O1_2': '-10', 'O1_1': '10', 'EV2': '21.5', 'EV1': '20', 'ProbType': 'RR', 'P2_1': '0.5'}
400.9326 	DATA 	Trial Onset - ProblemType: RR, ProblemNumber: RR5, leftRight: 0, samplingDur: 15, assignedITI: 1.2135
400.9326 	DATA 	Sampling Onset
401.5214 	DATA 	Keypress: 1
401.5275 	EXP 	unnamed TextStim: text = '+10'
402.0269 	DATA 	Sampled Response: 1, Outcome Shown: +10
402.0271 	DATA 	Keypress: 1
402.0730 	DATA 	Keypress: 1
402.0793 	EXP 	unnamed TextStim: text = '+10'
402.5789 	DATA 	Sampled Response: 1, Outcome Shown: +10
402.5792 	DATA 	Keypress: 1
402.5951 	DATA 	Keypress: 1
402.5983 	EXP 	unnamed TextStim: text = '+10'
403.0979 	DATA 	Sampled Response: 1, Outcome Shown: +10
403.0982 	DATA 	Keypress: 1
403.1869 	DATA 	Keypress: 1
403.1948 	EXP 	unnamed TextStim: text = '+30'
403.6949 	DATA 	Sampled Response: 1, Outcome Shown: +30
403.6951 	DATA 	Keypress: 1
403.7214 	DATA 	Keypress: 1
403.7277 	EXP 	unnamed TextStim: text = '+30'
404.2269 	DATA 	Sampled Response: 1, Outcome Shown: +30
404.2272 	DATA 	Keypress: 1
404.2327 	DATA 	Keypress: 1
404.2358 	EXP 	unnamed TextStim: text = '+30'
404.7359 	DATA 	Sampled Response: 1, Outcome Shown: +30
404.7361 	DATA 	Keypress: 1
404.7449 	DATA 	Keypress: 1
404.7512 	EXP 	unnamed TextStim: text = '+10'
405.2509 	DATA 	Sampled Response: 1, Outcome Shown: +10
405.2512 	DATA 	Keypress: 1
405.3529 	DATA 	Keypress: 1
405.3563 	EXP 	unnamed TextStim: text = '+10'
405.8560 	DATA 	Sampled Response: 1, Outcome Shown: +10
406.0371 	DATA 	Keypress: q
406.8182 	DATA 	Keypress: 1
406.8262 	EXP 	unnamed TextStim: text = '+30'
407.3260 	DATA 	Sampled Response: 1, Outcome Shown: +30
407.3262 	DATA 	Keypress: 1
407.3264 	DATA 	Keypress: 1
407.4854 	DATA 	Keypress: 1
407.4915 	EXP 	unnamed TextStim: text = '+10'
407.9910 	DATA 	Sampled Response: 1, Outcome Shown: +10
407.9912 	DATA 	Keypress: 1
407.9914 	DATA 	Keypress: 1
408.1612 	DATA 	Keypress: 1
408.1691 	EXP 	unnamed TextStim: text = '+30'
408.6690 	DATA 	Sampled Response: 1, Outcome Shown: +30
408.6693 	DATA 	Keypress: 1
408.7607 	DATA 	Keypress: 2
408.7669 	EXP 	unnamed TextStim: text = '-10'
409.2660 	DATA 	Sampled Response: 2, Outcome Shown: -10
409.2663 	DATA 	Keypress: 2
409.2889 	DATA 	Keypress: 2
409.2923 	EXP 	unnamed TextStim: text = '-10'
409.7920 	DATA 	Sampled Response: 2, Outcome Shown: -10
409.7922 	DATA 	Keypress: 2
409.7924 	DATA 	Keypress: 2
409.9851 	DATA 	Keypress: 2
409.9884 	EXP 	unnamed TextStim: text = '-10'
410.4880 	DATA 	Sampled Response: 2, Outcome Shown: -10
410.4883 	DATA 	Keypress: 2
410.4884 	DATA 	Keypress: 2
410.6647 	DATA 	Keypress: 2
410.6774 	EXP 	unnamed TextStim: text = '+35'
411.1771 	DATA 	Sampled Response: 2, Outcome Shown: +35
411.1773 	DATA 	Keypress: 2
411.2258 	DATA 	Keypress: 2
411.2292 	EXP 	unnamed TextStim: text = '+35'
411.7291 	DATA 	Sampled Response: 2, Outcome Shown: +35
411.7293 	DATA 	Keypress: 2
411.7295 	DATA 	Keypress: 2
411.9926 	DATA 	Keypress: 2
411.9960 	EXP 	unnamed TextStim: text = '+35'
412.4961 	DATA 	Sampled Response: 2, Outcome Shown: +35
412.4963 	DATA 	Keypress: 1
412.5783 	DATA 	Keypress: 1
412.5842 	EXP 	unnamed TextStim: text = '+30'
413.0842 	DATA 	Sampled Response: 1, Outcome Shown: +30
413.0844 	DATA 	Keypress: 1
413.0845 	DATA 	Keypress: 1
413.2900 	DATA 	Keypress: 1
413.2967 	EXP 	unnamed TextStim: text = '+10'
413.7961 	DATA 	Sampled Response: 1, Outcome Shown: +10
413.7963 	DATA 	Keypress: 1
413.7965 	DATA 	Keypress: 1
414.0489 	DATA 	Keypress: 2
414.0602 	EXP 	unnamed TextStim: text = '-10'
414.5602 	DATA 	Sampled Response: 2, Outcome Shown: -10
414.5604 	DATA 	Keypress: 2
414.5605 	DATA 	Keypress: 2
414.8194 	DATA 	Keypress: 2
414.8274 	EXP 	unnamed TextStim: text = '+35'
415.3272 	DATA 	Sampled Response: 2, Outcome Shown: +35
415.3274 	DATA 	Keypress: 2
415.3849 	DATA 	Keypress: 2
415.3885 	EXP 	unnamed TextStim: text = '+35'
415.8882 	DATA 	Sampled Response: 2, Outcome Shown: +35
415.8884 	DATA 	Keypress: 2
415.8885 	DATA 	Keypress: 2
415.8886 	DATA 	** broke sampling loop (<.5s left in trial) **
415.8895 	DATA 	samplingCount: 22
415.8895 	DATA 	Think Onset
415.8907 	EXP 	unnamed Rect: lineColor = 'white (named)'
415.8907 	EXP 	unnamed Rect: lineColor = 'white (named)'
416.1533 	DATA 	Keypress: 2
418.8961 	DATA 	Decide Onset
419.2800 	DATA 	Keypress: 1
419.2800 	DATA 	Decision Button Press: ['1']
419.2801 	DATA 	Decision Response: 1
419.2815 	EXP 	unnamed Rect: lineColor = 'red (named)'
419.7904 	DATA 	ITI Onset
419.7913 	EXP 	unnamed Rect: lineColor = 'white (named)'
419.7913 	EXP 	unnamed Rect: lineColor = 'white (named)'
419.7913 	EXP 	unnamed TextStim: text = '+10'
419.7913 	EXP 	unnamed TextStim: text = '+35'
422.3680 	DATA 	Trial End Time - totalITI: 2.57326958873
422.3682 	EXP 	New trial (rep=0, index=17): {'P1_1': '0.8', 'P1_2': '1', 'SafeOption': '2', 'P2_2': '0', 'O2_2': '0', 'O2_1': '0', 'ProbNumber': 'SD9', 'O1_2': '13', 'O1_1': '16', 'EV2': '13', 'EV1': '12.8', 'ProbType': 'SD', 'P2_1': '0.2'}
422.3684 	DATA 	Trial Onset - ProblemType: SD, ProblemNumber: SD9, leftRight: 0, samplingDur: 15, assignedITI: 4.653
422.3684 	DATA 	Sampling Onset
423.0725 	DATA 	Keypress: 1
423.0830 	EXP 	unnamed TextStim: text = '+16'
423.5823 	DATA 	Sampled Response: 1, Outcome Shown: +16
423.5826 	DATA 	Keypress: 1
423.5827 	DATA 	Keypress: 1
423.7688 	DATA 	Keypress: 1
423.7720 	EXP 	unnamed TextStim: text = '+16'
424.2714 	DATA 	Sampled Response: 1, Outcome Shown: +16
424.2716 	DATA 	Keypress: 1
424.2718 	DATA 	Keypress: 1
424.4033 	DATA 	Keypress: 1
424.4066 	EXP 	unnamed TextStim: text = '+16'
424.9064 	DATA 	Sampled Response: 1, Outcome Shown: +16
424.9066 	DATA 	Keypress: 1
424.9121 	DATA 	Keypress: 1
424.9178 	EXP 	unnamed TextStim: text = '0'
425.4174 	DATA 	Sampled Response: 1, Outcome Shown: 0
425.4176 	DATA 	Keypress: 1
425.4177 	DATA 	Keypress: 1
425.6182 	DATA 	Keypress: 2
425.6258 	EXP 	unnamed TextStim: text = '+13'
426.1254 	DATA 	Sampled Response: 2, Outcome Shown: +13
426.1256 	DATA 	Keypress: 2
426.1258 	DATA 	Keypress: 2
426.2579 	DATA 	Keypress: 2
426.2613 	EXP 	unnamed TextStim: text = '+13'
426.7614 	DATA 	Sampled Response: 2, Outcome Shown: +13
426.7616 	DATA 	Keypress: 2
426.7618 	DATA 	Keypress: 2
426.9685 	DATA 	Keypress: 2
426.9717 	EXP 	unnamed TextStim: text = '+13'
427.4714 	DATA 	Sampled Response: 2, Outcome Shown: +13
427.4716 	DATA 	Keypress: 2
427.4718 	DATA 	Keypress: 2
427.8528 	DATA 	Keypress: 2
427.8561 	EXP 	unnamed TextStim: text = '+13'
428.3555 	DATA 	Sampled Response: 2, Outcome Shown: +13
428.3557 	DATA 	Keypress: 2
428.3558 	DATA 	Keypress: 2
428.5372 	DATA 	Keypress: 2
428.5405 	EXP 	unnamed TextStim: text = '+13'
429.0405 	DATA 	Sampled Response: 2, Outcome Shown: +13
429.0407 	DATA 	Keypress: 2
429.0408 	DATA 	Keypress: 2
429.3439 	DATA 	Keypress: grave
429.6365 	DATA 	Keypress: grave
430.5047 	DATA 	Keypress: 1
430.5122 	EXP 	unnamed TextStim: text = '+16'
431.0115 	DATA 	Sampled Response: 1, Outcome Shown: +16
431.0117 	DATA 	Keypress: 1
431.0119 	DATA 	Keypress: 1
431.1678 	DATA 	Keypress: 1
431.1752 	EXP 	unnamed TextStim: text = '0'
431.6745 	DATA 	Sampled Response: 1, Outcome Shown: 0
431.6747 	DATA 	Keypress: 1
431.6749 	DATA 	Keypress: 1
431.8244 	DATA 	Keypress: 1
431.8342 	EXP 	unnamed TextStim: text = '+16'
432.3335 	DATA 	Sampled Response: 1, Outcome Shown: +16
432.3338 	DATA 	Keypress: 1
432.3339 	DATA 	Keypress: 1
432.5519 	DATA 	Keypress: 1
432.5553 	EXP 	unnamed TextStim: text = '+16'
433.0546 	DATA 	Sampled Response: 1, Outcome Shown: +16
433.0548 	DATA 	Keypress: 1
433.1383 	DATA 	Keypress: 1
433.1420 	EXP 	unnamed TextStim: text = '+16'
433.6416 	DATA 	Sampled Response: 1, Outcome Shown: +16
433.6418 	DATA 	Keypress: 1
433.6474 	DATA 	Keypress: 1
433.6530 	EXP 	unnamed TextStim: text = '0'
434.1526 	DATA 	Sampled Response: 1, Outcome Shown: 0
434.1528 	DATA 	Keypress: 1
434.1778 	DATA 	Keypress: 2
434.1837 	EXP 	unnamed TextStim: text = '+13'
434.6836 	DATA 	Sampled Response: 2, Outcome Shown: +13
434.6838 	DATA 	Keypress: 2
434.6839 	DATA 	Keypress: 2
434.9757 	DATA 	Keypress: 2
434.9843 	EXP 	unnamed TextStim: text = '+13'
435.4836 	DATA 	Sampled Response: 2, Outcome Shown: +13
435.4838 	DATA 	Keypress: 2
435.5599 	DATA 	Keypress: 2
435.5684 	EXP 	unnamed TextStim: text = '+13'
436.0676 	DATA 	Sampled Response: 2, Outcome Shown: +13
436.0678 	DATA 	Keypress: 2
436.2237 	DATA 	Keypress: 2
436.2272 	EXP 	unnamed TextStim: text = '+13'
436.7266 	DATA 	Sampled Response: 2, Outcome Shown: +13
436.7269 	DATA 	Keypress: 2
436.8684 	DATA 	** broke sampling loop (<.5s left in trial) **
436.8695 	DATA 	samplingCount: 19
436.8695 	DATA 	Think Onset
436.8719 	EXP 	unnamed Rect: lineColor = 'white (named)'
436.8719 	EXP 	unnamed Rect: lineColor = 'white (named)'
436.9041 	DATA 	Keypress: 2
437.2007 	DATA 	Keypress: 2
439.8749 	DATA 	Decide Onset
440.3030 	DATA 	Keypress: 2
440.3031 	DATA 	Decision Button Press: ['2']
440.3032 	DATA 	Decision Response: 2
440.3046 	EXP 	unnamed Rect: lineColor = 'red (named)'
440.8124 	DATA 	ITI Onset
440.8135 	EXP 	unnamed Rect: lineColor = 'white (named)'
440.8135 	EXP 	unnamed Rect: lineColor = 'white (named)'
440.8135 	EXP 	unnamed TextStim: text = '0'
440.8135 	EXP 	unnamed TextStim: text = '+13'
447.2384 	DATA 	Trial End Time - totalITI: 6.42446393621
447.3844 	INFO 	saved wide-format data to logs/DE202/DE202_ebdm_run_1.csv
447.3844 	DATA 	*****END RUN 1*****
447.4477 	EXP 	window1: mouseVisible = True
